<?xml version="1.0" encoding="UTF-8"?>
<testsuite xmlns:xsi="http://www.w3.org/2001/XMLSchema-instance" xsi:noNamespaceSchemaLocation="https://maven.apache.org/surefire/maven-failsafe-plugin/xsd/failsafe-test-report-3.0.xsd" version="3.0" name="starter.cucumberTestSuite" time="142.917" tests="7" errors="0" skipped="0" failures="0">
  <properties>
    <property name="java.specification.version" value="15"/>
    <property name="webdriver.chrome.driver" value="C:\Users\ASUS\.cache\selenium\chromedriver\win32\100.0.4896.60\chromedriver.exe"/>
    <property name="sun.cpu.isalist" value="amd64"/>
    <property name="sun.jnu.encoding" value="Cp1252"/>
    <property name="java.class.path" value="D:\PERKULIAHAN\Semester 6,Hebatt glad!\Dot-TechnicalTest\target\test-classes;C:\Users\ASUS\.m2\repository\net\serenity-bdd\serenity-core\3.2.1\serenity-core-3.2.1.jar;C:\Users\ASUS\.m2\repository\net\serenity-bdd\serenity-model\3.2.1\serenity-model-3.2.1.jar;C:\Users\ASUS\.m2\repository\org\apache\commons\commons-text\1.9\commons-text-1.9.jar;C:\Users\ASUS\.m2\repository\commons-net\commons-net\3.8.0\commons-net-3.8.0.jar;C:\Users\ASUS\.m2\repository\com\google\guava\guava\31.1-jre\guava-31.1-jre.jar;C:\Users\ASUS\.m2\repository\com\google\guava\failureaccess\1.0.1\failureaccess-1.0.1.jar;C:\Users\ASUS\.m2\repository\com\google\guava\listenablefuture\9999.0-empty-to-avoid-conflict-with-guava\listenablefuture-9999.0-empty-to-avoid-conflict-with-guava.jar;C:\Users\ASUS\.m2\repository\com\google\code\findbugs\jsr305\3.0.2\jsr305-3.0.2.jar;C:\Users\ASUS\.m2\repository\org\checkerframework\checker-qual\3.12.0\checker-qual-3.12.0.jar;C:\Users\ASUS\.m2\repository\com\google\errorprone\error_prone_annotations\2.11.0\error_prone_annotations-2.11.0.jar;C:\Users\ASUS\.m2\repository\com\google\j2objc\j2objc-annotations\1.3\j2objc-annotations-1.3.jar;C:\Users\ASUS\.m2\repository\com\google\inject\guice\5.1.0\guice-5.1.0.jar;C:\Users\ASUS\.m2\repository\javax\inject\javax.inject\1\javax.inject-1.jar;C:\Users\ASUS\.m2\repository\aopalliance\aopalliance\1.0\aopalliance-1.0.jar;C:\Users\ASUS\.m2\repository\org\jsoup\jsoup\1.14.3\jsoup-1.14.3.jar;C:\Users\ASUS\.m2\repository\com\thoughtworks\xstream\xstream\1.4.19\xstream-1.4.19.jar;C:\Users\ASUS\.m2\repository\io\github\x-stream\mxparser\1.2.2\mxparser-1.2.2.jar;C:\Users\ASUS\.m2\repository\xmlpull\xmlpull\1.1.3.1\xmlpull-1.1.3.1.jar;C:\Users\ASUS\.m2\repository\io\cucumber\cucumber-java\7.2.3\cucumber-java-7.2.3.jar;C:\Users\ASUS\.m2\repository\com\typesafe\config\1.4.2\config-1.4.2.jar;C:\Users\ASUS\.m2\repository\org\imgscalr\imgscalr-lib\4.2\imgscalr-lib-4.2.jar;C:\Users\ASUS\.m2\repository\org\awaitility\awaitility\4.2.0\awaitility-4.2.0.jar;C:\Users\ASUS\.m2\repository\org\freemarker\freemarker\2.3.31\freemarker-2.3.31.jar;C:\Users\ASUS\.m2\repository\io\github\classgraph\classgraph\4.8.138\classgraph-4.8.138.jar;C:\Users\ASUS\.m2\repository\net\sourceforge\jexcelapi\jxl\2.6.12\jxl-2.6.12.jar;C:\Users\ASUS\.m2\repository\net\bytebuddy\byte-buddy\1.12.8\byte-buddy-1.12.8.jar;C:\Users\ASUS\.m2\repository\net\bytebuddy\byte-buddy-agent\1.12.8\byte-buddy-agent-1.12.8.jar;C:\Users\ASUS\.m2\repository\org\objenesis\objenesis\3.1\objenesis-3.1.jar;C:\Users\ASUS\.m2\repository\net\serenity-bdd\serenity-reports\3.2.1\serenity-reports-3.2.1.jar;C:\Users\ASUS\.m2\repository\net\serenity-bdd\serenity-stats\3.2.1\serenity-stats-3.2.1.jar;C:\Users\ASUS\.m2\repository\net\serenity-bdd\serenity-reports-configuration\3.2.1\serenity-reports-configuration-3.2.1.jar;C:\Users\ASUS\.m2\repository\com\vladsch\flexmark\flexmark-all\0.34.30\flexmark-all-0.34.30.jar;C:\Users\ASUS\.m2\repository\com\vladsch\flexmark\flexmark\0.34.30\flexmark-0.34.30.jar;C:\Users\ASUS\.m2\repository\com\vladsch\flexmark\flexmark-ext-abbreviation\0.34.30\flexmark-ext-abbreviation-0.34.30.jar;C:\Users\ASUS\.m2\repository\com\vladsch\flexmark\flexmark-ext-admonition\0.34.30\flexmark-ext-admonition-0.34.30.jar;C:\Users\ASUS\.m2\repository\com\vladsch\flexmark\flexmark-ext-anchorlink\0.34.30\flexmark-ext-anchorlink-0.34.30.jar;C:\Users\ASUS\.m2\repository\com\vladsch\flexmark\flexmark-ext-aside\0.34.30\flexmark-ext-aside-0.34.30.jar;C:\Users\ASUS\.m2\repository\com\vladsch\flexmark\flexmark-ext-attributes\0.34.30\flexmark-ext-attributes-0.34.30.jar;C:\Users\ASUS\.m2\repository\com\vladsch\flexmark\flexmark-ext-autolink\0.34.30\flexmark-ext-autolink-0.34.30.jar;C:\Users\ASUS\.m2\repository\org\nibor\autolink\autolink\0.6.0\autolink-0.6.0.jar;C:\Users\ASUS\.m2\repository\com\vladsch\flexmark\flexmark-ext-definition\0.34.30\flexmark-ext-definition-0.34.30.jar;C:\Users\ASUS\.m2\repository\com\vladsch\flexmark\flexmark-ext-emoji\0.34.30\flexmark-ext-emoji-0.34.30.jar;C:\Users\ASUS\.m2\repository\com\vladsch\flexmark\flexmark-ext-enumerated-reference\0.34.30\flexmark-ext-enumerated-reference-0.34.30.jar;C:\Users\ASUS\.m2\repository\com\vladsch\flexmark\flexmark-ext-escaped-character\0.34.30\flexmark-ext-escaped-character-0.34.30.jar;C:\Users\ASUS\.m2\repository\com\vladsch\flexmark\flexmark-ext-footnotes\0.34.30\flexmark-ext-footnotes-0.34.30.jar;C:\Users\ASUS\.m2\repository\com\vladsch\flexmark\flexmark-ext-gfm-issues\0.34.30\flexmark-ext-gfm-issues-0.34.30.jar;C:\Users\ASUS\.m2\repository\com\vladsch\flexmark\flexmark-ext-gfm-strikethrough\0.34.30\flexmark-ext-gfm-strikethrough-0.34.30.jar;C:\Users\ASUS\.m2\repository\com\vladsch\flexmark\flexmark-ext-gfm-tables\0.34.30\flexmark-ext-gfm-tables-0.34.30.jar;C:\Users\ASUS\.m2\repository\com\vladsch\flexmark\flexmark-ext-gfm-tasklist\0.34.30\flexmark-ext-gfm-tasklist-0.34.30.jar;C:\Users\ASUS\.m2\repository\com\vladsch\flexmark\flexmark-ext-gfm-users\0.34.30\flexmark-ext-gfm-users-0.34.30.jar;C:\Users\ASUS\.m2\repository\com\vladsch\flexmark\flexmark-ext-gitlab\0.34.30\flexmark-ext-gitlab-0.34.30.jar;C:\Users\ASUS\.m2\repository\com\vladsch\flexmark\flexmark-ext-jekyll-front-matter\0.34.30\flexmark-ext-jekyll-front-matter-0.34.30.jar;C:\Users\ASUS\.m2\repository\com\vladsch\flexmark\flexmark-ext-jekyll-tag\0.34.30\flexmark-ext-jekyll-tag-0.34.30.jar;C:\Users\ASUS\.m2\repository\com\vladsch\flexmark\flexmark-ext-media-tags\0.34.30\flexmark-ext-media-tags-0.34.30.jar;C:\Users\ASUS\.m2\repository\com\vladsch\flexmark\flexmark-test-util\0.34.30\flexmark-test-util-0.34.30.jar;C:\Users\ASUS\.m2\repository\com\vladsch\flexmark\flexmark-ext-ins\0.34.30\flexmark-ext-ins-0.34.30.jar;C:\Users\ASUS\.m2\repository\com\vladsch\flexmark\flexmark-ext-xwiki-macros\0.34.30\flexmark-ext-xwiki-macros-0.34.30.jar;C:\Users\ASUS\.m2\repository\com\vladsch\flexmark\flexmark-ext-superscript\0.34.30\flexmark-ext-superscript-0.34.30.jar;C:\Users\ASUS\.m2\repository\com\vladsch\flexmark\flexmark-ext-tables\0.34.30\flexmark-ext-tables-0.34.30.jar;C:\Users\ASUS\.m2\repository\com\vladsch\flexmark\flexmark-ext-toc\0.34.30\flexmark-ext-toc-0.34.30.jar;C:\Users\ASUS\.m2\repository\com\vladsch\flexmark\flexmark-ext-typographic\0.34.30\flexmark-ext-typographic-0.34.30.jar;C:\Users\ASUS\.m2\repository\com\vladsch\flexmark\flexmark-ext-wikilink\0.34.30\flexmark-ext-wikilink-0.34.30.jar;C:\Users\ASUS\.m2\repository\com\vladsch\flexmark\flexmark-ext-yaml-front-matter\0.34.30\flexmark-ext-yaml-front-matter-0.34.30.jar;C:\Users\ASUS\.m2\repository\com\vladsch\flexmark\flexmark-ext-youtube-embedded\0.34.30\flexmark-ext-youtube-embedded-0.34.30.jar;C:\Users\ASUS\.m2\repository\com\vladsch\flexmark\flexmark-formatter\0.34.30\flexmark-formatter-0.34.30.jar;C:\Users\ASUS\.m2\repository\com\vladsch\flexmark\flexmark-html-parser\0.34.30\flexmark-html-parser-0.34.30.jar;C:\Users\ASUS\.m2\repository\com\vladsch\flexmark\flexmark-jira-converter\0.34.30\flexmark-jira-converter-0.34.30.jar;C:\Users\ASUS\.m2\repository\com\vladsch\flexmark\flexmark-pdf-converter\0.34.30\flexmark-pdf-converter-0.34.30.jar;C:\Users\ASUS\.m2\repository\com\openhtmltopdf\openhtmltopdf-core\0.0.1-RC13\openhtmltopdf-core-0.0.1-RC13.jar;C:\Users\ASUS\.m2\repository\com\openhtmltopdf\openhtmltopdf-pdfbox\0.0.1-RC13\openhtmltopdf-pdfbox-0.0.1-RC13.jar;C:\Users\ASUS\.m2\repository\org\apache\pdfbox\pdfbox\2.0.8\pdfbox-2.0.8.jar;C:\Users\ASUS\.m2\repository\org\apache\pdfbox\fontbox\2.0.8\fontbox-2.0.8.jar;C:\Users\ASUS\.m2\repository\commons-logging\commons-logging\1.2\commons-logging-1.2.jar;C:\Users\ASUS\.m2\repository\org\apache\pdfbox\xmpbox\2.0.8\xmpbox-2.0.8.jar;C:\Users\ASUS\.m2\repository\de\rototor\pdfbox\graphics2d\0.12\graphics2d-0.12.jar;C:\Users\ASUS\.m2\repository\com\openhtmltopdf\openhtmltopdf-rtl-support\0.0.1-RC13\openhtmltopdf-rtl-support-0.0.1-RC13.jar;C:\Users\ASUS\.m2\repository\com\ibm\icu\icu4j\59.1\icu4j-59.1.jar;C:\Users\ASUS\.m2\repository\com\openhtmltopdf\openhtmltopdf-jsoup-dom-converter\0.0.1-RC13\openhtmltopdf-jsoup-dom-converter-0.0.1-RC13.jar;C:\Users\ASUS\.m2\repository\com\vladsch\flexmark\flexmark-profile-pegdown\0.34.30\flexmark-profile-pegdown-0.34.30.jar;C:\Users\ASUS\.m2\repository\com\vladsch\flexmark\flexmark-util\0.34.30\flexmark-util-0.34.30.jar;C:\Users\ASUS\.m2\repository\com\vladsch\flexmark\flexmark-youtrack-converter\0.34.30\flexmark-youtrack-converter-0.34.30.jar;C:\Users\ASUS\.m2\repository\es\nitaur\markdown\txtmark\0.16\txtmark-0.16.jar;C:\Users\ASUS\.m2\repository\net\serenity-bdd\serenity-report-resources\3.2.1\serenity-report-resources-3.2.1.jar;C:\Users\ASUS\.m2\repository\com\google\code\gson\gson\2.9.0\gson-2.9.0.jar;C:\Users\ASUS\.m2\repository\com\fasterxml\jackson\core\jackson-core\2.13.2\jackson-core-2.13.2.jar;C:\Users\ASUS\.m2\repository\com\fasterxml\jackson\core\jackson-databind\2.13.2\jackson-databind-2.13.2.jar;C:\Users\ASUS\.m2\repository\com\fasterxml\jackson\core\jackson-annotations\2.13.2\jackson-annotations-2.13.2.jar;C:\Users\ASUS\.m2\repository\commons-codec\commons-codec\1.15\commons-codec-1.15.jar;C:\Users\ASUS\.m2\repository\commons-io\commons-io\2.11.0\commons-io-2.11.0.jar;C:\Users\ASUS\.m2\repository\org\seleniumhq\selenium\selenium-java\4.1.2\selenium-java-4.1.2.jar;C:\Users\ASUS\.m2\repository\org\seleniumhq\selenium\selenium-devtools-v85\4.1.2\selenium-devtools-v85-4.1.2.jar;C:\Users\ASUS\.m2\repository\org\seleniumhq\selenium\selenium-devtools-v95\4.1.2\selenium-devtools-v95-4.1.2.jar;C:\Users\ASUS\.m2\repository\org\seleniumhq\selenium\selenium-devtools-v96\4.1.2\selenium-devtools-v96-4.1.2.jar;C:\Users\ASUS\.m2\repository\org\seleniumhq\selenium\selenium-devtools-v97\4.1.2\selenium-devtools-v97-4.1.2.jar;C:\Users\ASUS\.m2\repository\org\seleniumhq\selenium\selenium-firefox-xpi-driver\4.1.2\selenium-firefox-xpi-driver-4.1.2.jar;C:\Users\ASUS\.m2\repository\org\seleniumhq\selenium\selenium-opera-driver\4.1.2\selenium-opera-driver-4.1.2.jar;C:\Users\ASUS\.m2\repository\org\seleniumhq\selenium\selenium-remote-driver\4.1.2\selenium-remote-driver-4.1.2.jar;C:\Users\ASUS\.m2\repository\com\beust\jcommander\1.82\jcommander-1.82.jar;C:\Users\ASUS\.m2\repository\io\netty\netty-buffer\4.1.73.Final\netty-buffer-4.1.73.Final.jar;C:\Users\ASUS\.m2\repository\io\netty\netty-codec-http\4.1.73.Final\netty-codec-http-4.1.73.Final.jar;C:\Users\ASUS\.m2\repository\io\netty\netty-codec\4.1.73.Final\netty-codec-4.1.73.Final.jar;C:\Users\ASUS\.m2\repository\io\netty\netty-handler\4.1.73.Final\netty-handler-4.1.73.Final.jar;C:\Users\ASUS\.m2\repository\io\netty\netty-tcnative-classes\2.0.46.Final\netty-tcnative-classes-2.0.46.Final.jar;C:\Users\ASUS\.m2\repository\io\netty\netty-common\4.1.73.Final\netty-common-4.1.73.Final.jar;C:\Users\ASUS\.m2\repository\io\netty\netty-transport-classes-epoll\4.1.73.Final\netty-transport-classes-epoll-4.1.73.Final.jar;C:\Users\ASUS\.m2\repository\io\netty\netty-transport-classes-kqueue\4.1.73.Final\netty-transport-classes-kqueue-4.1.73.Final.jar;C:\Users\ASUS\.m2\repository\io\netty\netty-transport-native-epoll\4.1.73.Final\netty-transport-native-epoll-4.1.73.Final.jar;C:\Users\ASUS\.m2\repository\io\netty\netty-transport-native-kqueue\4.1.73.Final\netty-transport-native-kqueue-4.1.73.Final.jar;C:\Users\ASUS\.m2\repository\io\netty\netty-transport-native-unix-common\4.1.73.Final\netty-transport-native-unix-common-4.1.73.Final.jar;C:\Users\ASUS\.m2\repository\io\netty\netty-transport\4.1.73.Final\netty-transport-4.1.73.Final.jar;C:\Users\ASUS\.m2\repository\io\netty\netty-resolver\4.1.73.Final\netty-resolver-4.1.73.Final.jar;C:\Users\ASUS\.m2\repository\io\opentelemetry\opentelemetry-api\1.10.1\opentelemetry-api-1.10.1.jar;C:\Users\ASUS\.m2\repository\io\opentelemetry\opentelemetry-context\1.10.1\opentelemetry-context-1.10.1.jar;C:\Users\ASUS\.m2\repository\io\opentelemetry\opentelemetry-exporter-logging\1.10.1\opentelemetry-exporter-logging-1.10.1.jar;C:\Users\ASUS\.m2\repository\io\opentelemetry\opentelemetry-sdk-metrics\1.10.1-alpha\opentelemetry-sdk-metrics-1.10.1-alpha.jar;C:\Users\ASUS\.m2\repository\io\opentelemetry\opentelemetry-sdk-logs\1.10.1-alpha\opentelemetry-sdk-logs-1.10.1-alpha.jar;C:\Users\ASUS\.m2\repository\io\opentelemetry\opentelemetry-sdk-common\1.10.1\opentelemetry-sdk-common-1.10.1.jar;C:\Users\ASUS\.m2\repository\io\opentelemetry\opentelemetry-sdk-extension-autoconfigure-spi\1.10.1\opentelemetry-sdk-extension-autoconfigure-spi-1.10.1.jar;C:\Users\ASUS\.m2\repository\io\opentelemetry\opentelemetry-sdk-extension-autoconfigure\1.10.1-alpha\opentelemetry-sdk-extension-autoconfigure-1.10.1-alpha.jar;C:\Users\ASUS\.m2\repository\io\opentelemetry\opentelemetry-sdk-trace\1.10.1\opentelemetry-sdk-trace-1.10.1.jar;C:\Users\ASUS\.m2\repository\io\opentelemetry\opentelemetry-sdk\1.10.1\opentelemetry-sdk-1.10.1.jar;C:\Users\ASUS\.m2\repository\io\opentelemetry\opentelemetry-semconv\1.10.1-alpha\opentelemetry-semconv-1.10.1-alpha.jar;C:\Users\ASUS\.m2\repository\io\ous\jtoml\2.0.0\jtoml-2.0.0.jar;C:\Users\ASUS\.m2\repository\org\apache\commons\commons-exec\1.3\commons-exec-1.3.jar;C:\Users\ASUS\.m2\repository\org\asynchttpclient\async-http-client\2.12.3\async-http-client-2.12.3.jar;C:\Users\ASUS\.m2\repository\org\asynchttpclient\async-http-client-netty-utils\2.12.3\async-http-client-netty-utils-2.12.3.jar;C:\Users\ASUS\.m2\repository\io\netty\netty-codec-socks\4.1.60.Final\netty-codec-socks-4.1.60.Final.jar;C:\Users\ASUS\.m2\repository\io\netty\netty-handler-proxy\4.1.60.Final\netty-handler-proxy-4.1.60.Final.jar;C:\Users\ASUS\.m2\repository\io\netty\netty-transport-native-epoll\4.1.60.Final\netty-transport-native-epoll-4.1.60.Final-linux-x86_64.jar;C:\Users\ASUS\.m2\repository\io\netty\netty-transport-native-kqueue\4.1.60.Final\netty-transport-native-kqueue-4.1.60.Final-osx-x86_64.jar;C:\Users\ASUS\.m2\repository\org\reactivestreams\reactive-streams\1.0.3\reactive-streams-1.0.3.jar;C:\Users\ASUS\.m2\repository\com\typesafe\netty\netty-reactive-streams\2.0.4\netty-reactive-streams-2.0.4.jar;C:\Users\ASUS\.m2\repository\org\seleniumhq\selenium\selenium-http\4.1.2\selenium-http-4.1.2.jar;C:\Users\ASUS\.m2\repository\net\jodah\failsafe\2.4.4\failsafe-2.4.4.jar;C:\Users\ASUS\.m2\repository\org\seleniumhq\selenium\selenium-safari-driver\4.1.2\selenium-safari-driver-4.1.2.jar;C:\Users\ASUS\.m2\repository\org\seleniumhq\selenium\selenium-api\4.1.2\selenium-api-4.1.2.jar;C:\Users\ASUS\.m2\repository\org\seleniumhq\selenium\selenium-support\4.1.2\selenium-support-4.1.2.jar;C:\Users\ASUS\.m2\repository\com\google\auto\service\auto-service-annotations\1.0.1\auto-service-annotations-1.0.1.jar;C:\Users\ASUS\.m2\repository\com\google\auto\service\auto-service\1.0.1\auto-service-1.0.1.jar;C:\Users\ASUS\.m2\repository\com\google\auto\auto-common\1.2\auto-common-1.2.jar;C:\Users\ASUS\.m2\repository\org\seleniumhq\selenium\selenium-json\4.1.2\selenium-json-4.1.2.jar;C:\Users\ASUS\.m2\repository\org\seleniumhq\selenium\selenium-chrome-driver\4.1.2\selenium-chrome-driver-4.1.2.jar;C:\Users\ASUS\.m2\repository\org\seleniumhq\selenium\selenium-chromium-driver\4.1.2\selenium-chromium-driver-4.1.2.jar;C:\Users\ASUS\.m2\repository\org\seleniumhq\selenium\selenium-firefox-driver\4.1.2\selenium-firefox-driver-4.1.2.jar;C:\Users\ASUS\.m2\repository\org\seleniumhq\selenium\selenium-edge-driver\4.1.2\selenium-edge-driver-4.1.2.jar;C:\Users\ASUS\.m2\repository\org\seleniumhq\selenium\selenium-ie-driver\4.1.2\selenium-ie-driver-4.1.2.jar;C:\Users\ASUS\.m2\repository\org\projectlombok\lombok\1.18.20\lombok-1.18.20.jar;C:\Users\ASUS\.m2\repository\io\appium\java-client\8.0.0\java-client-8.0.0.jar;C:\Users\ASUS\.m2\repository\commons-validator\commons-validator\1.7\commons-validator-1.7.jar;C:\Users\ASUS\.m2\repository\commons-digester\commons-digester\2.1\commons-digester-2.1.jar;C:\Users\ASUS\.m2\repository\org\aspectj\aspectjweaver\1.9.8\aspectjweaver-1.9.8.jar;C:\Users\ASUS\.m2\repository\org\codehaus\groovy\groovy\3.0.10\groovy-3.0.10.jar;C:\Users\ASUS\.m2\repository\net\sf\opencsv\opencsv\2.0\opencsv-2.0.jar;C:\Users\ASUS\.m2\repository\commons-beanutils\commons-beanutils\1.9.4\commons-beanutils-1.9.4.jar;C:\Users\ASUS\.m2\repository\org\apache\commons\commons-lang3\3.12.0\commons-lang3-3.12.0.jar;C:\Users\ASUS\.m2\repository\commons-collections\commons-collections\3.2.2\commons-collections-3.2.2.jar;C:\Users\ASUS\.m2\repository\org\fluentlenium\fluentlenium-core\0.10.2\fluentlenium-core-0.10.2.jar;C:\Users\ASUS\.m2\repository\io\github\bonigarcia\webdrivermanager\5.1.0\webdrivermanager-5.1.0.jar;C:\Users\ASUS\.m2\repository\com\github\docker-java\docker-java\3.2.13\docker-java-3.2.13.jar;C:\Users\ASUS\.m2\repository\com\github\docker-java\docker-java-core\3.2.13\docker-java-core-3.2.13.jar;C:\Users\ASUS\.m2\repository\com\github\docker-java\docker-java-api\3.2.13\docker-java-api-3.2.13.jar;C:\Users\ASUS\.m2\repository\org\apache\commons\commons-compress\1.21\commons-compress-1.21.jar;C:\Users\ASUS\.m2\repository\org\bouncycastle\bcpkix-jdk15on\1.64\bcpkix-jdk15on-1.64.jar;C:\Users\ASUS\.m2\repository\org\bouncycastle\bcprov-jdk15on\1.64\bcprov-jdk15on-1.64.jar;C:\Users\ASUS\.m2\repository\org\slf4j\jcl-over-slf4j\1.7.30\jcl-over-slf4j-1.7.30.jar;C:\Users\ASUS\.m2\repository\com\github\docker-java\docker-java-transport-httpclient5\3.2.13\docker-java-transport-httpclient5-3.2.13.jar;C:\Users\ASUS\.m2\repository\com\github\docker-java\docker-java-transport\3.2.13\docker-java-transport-3.2.13.jar;C:\Users\ASUS\.m2\repository\org\apache\httpcomponents\client5\httpclient5\5.0.3\httpclient5-5.0.3.jar;C:\Users\ASUS\.m2\repository\org\apache\httpcomponents\core5\httpcore5\5.0.2\httpcore5-5.0.2.jar;C:\Users\ASUS\.m2\repository\net\java\dev\jna\jna\5.8.0\jna-5.8.0.jar;C:\Users\ASUS\.m2\repository\org\brotli\dec\0.1.2\dec-0.1.2.jar;C:\Users\ASUS\.m2\repository\com\jhlabs\filters\2.0.235\filters-2.0.235.jar;C:\Users\ASUS\.m2\repository\com\paulhammant\ngwebdriver\1.1.6\ngwebdriver-1.1.6.jar;C:\Users\ASUS\.m2\repository\joda-time\joda-time\2.8.2\joda-time-2.8.2.jar;C:\Users\ASUS\.m2\repository\org\hamcrest\hamcrest\2.2\hamcrest-2.2.jar;C:\Users\ASUS\.m2\repository\com\google\jimfs\jimfs\1.2\jimfs-1.2.jar;C:\Users\ASUS\.m2\repository\org\mockito\mockito-core\3.3.3\mockito-core-3.3.3.jar;C:\Users\ASUS\.m2\repository\javax\xml\bind\jaxb-api\2.3.1\jaxb-api-2.3.1.jar;C:\Users\ASUS\.m2\repository\javax\activation\javax.activation-api\1.2.0\javax.activation-api-1.2.0.jar;C:\Users\ASUS\.m2\repository\com\sun\xml\bind\jaxb-core\2.3.0.1\jaxb-core-2.3.0.1.jar;C:\Users\ASUS\.m2\repository\com\sun\xml\bind\jaxb-impl\2.3.3\jaxb-impl-2.3.3.jar;C:\Users\ASUS\.m2\repository\jakarta\xml\bind\jakarta.xml.bind-api\2.3.3\jakarta.xml.bind-api-2.3.3.jar;C:\Users\ASUS\.m2\repository\com\sun\activation\jakarta.activation\1.2.2\jakarta.activation-1.2.2.jar;C:\Users\ASUS\.m2\repository\javax\activation\activation\1.1.1\activation-1.1.1.jar;C:\Users\ASUS\.m2\repository\net\serenity-bdd\serenity-cucumber\3.2.1\serenity-cucumber-3.2.1.jar;C:\Users\ASUS\.m2\repository\io\cucumber\cucumber-core\7.2.3\cucumber-core-7.2.3.jar;C:\Users\ASUS\.m2\repository\io\cucumber\cucumber-gherkin\7.2.3\cucumber-gherkin-7.2.3.jar;C:\Users\ASUS\.m2\repository\io\cucumber\cucumber-gherkin-messages\7.2.3\cucumber-gherkin-messages-7.2.3.jar;C:\Users\ASUS\.m2\repository\io\cucumber\messages\17.1.1\messages-17.1.1.jar;C:\Users\ASUS\.m2\repository\io\cucumber\tag-expressions\4.1.0\tag-expressions-4.1.0.jar;C:\Users\ASUS\.m2\repository\io\cucumber\cucumber-expressions\15.0.1\cucumber-expressions-15.0.1.jar;C:\Users\ASUS\.m2\repository\io\cucumber\datatable\7.2.3\datatable-7.2.3.jar;C:\Users\ASUS\.m2\repository\io\cucumber\cucumber-plugin\7.2.3\cucumber-plugin-7.2.3.jar;C:\Users\ASUS\.m2\repository\io\cucumber\docstring\7.2.3\docstring-7.2.3.jar;C:\Users\ASUS\.m2\repository\io\cucumber\html-formatter\17.0.0\html-formatter-17.0.0.jar;C:\Users\ASUS\.m2\repository\io\cucumber\ci-environment\8.1.0\ci-environment-8.1.0.jar;C:\Users\ASUS\.m2\repository\io\cucumber\cucumber-junit\7.2.3\cucumber-junit-7.2.3.jar;C:\Users\ASUS\.m2\repository\org\apache\commons\commons-csv\1.5\commons-csv-1.5.jar;C:\Users\ASUS\.m2\repository\net\serenity-bdd\serenity-screenplay\3.2.1\serenity-screenplay-3.2.1.jar;C:\Users\ASUS\.m2\repository\net\serenity-bdd\serenity-screenplay-webdriver\3.2.1\serenity-screenplay-webdriver-3.2.1.jar;C:\Users\ASUS\.m2\repository\net\serenity-bdd\serenity-ensure\3.2.1\serenity-ensure-3.2.1.jar;C:\Users\ASUS\.m2\repository\net\serenity-bdd\serenity-junit\3.2.1\serenity-junit-3.2.1.jar;C:\Users\ASUS\.m2\repository\org\jetbrains\kotlin\kotlin-stdlib\1.6.0\kotlin-stdlib-1.6.0.jar;C:\Users\ASUS\.m2\repository\org\jetbrains\annotations\13.0\annotations-13.0.jar;C:\Users\ASUS\.m2\repository\org\jetbrains\kotlin\kotlin-stdlib-common\1.6.0\kotlin-stdlib-common-1.6.0.jar;C:\Users\ASUS\.m2\repository\org\junit\platform\junit-platform-launcher\1.8.1\junit-platform-launcher-1.8.1.jar;C:\Users\ASUS\.m2\repository\org\junit\platform\junit-platform-engine\1.8.1\junit-platform-engine-1.8.1.jar;C:\Users\ASUS\.m2\repository\org\opentest4j\opentest4j\1.2.0\opentest4j-1.2.0.jar;C:\Users\ASUS\.m2\repository\org\junit\platform\junit-platform-commons\1.8.1\junit-platform-commons-1.8.1.jar;C:\Users\ASUS\.m2\repository\org\apiguardian\apiguardian-api\1.1.2\apiguardian-api-1.1.2.jar;C:\Users\ASUS\.m2\repository\org\junit\jupiter\junit-jupiter-engine\5.8.2\junit-jupiter-engine-5.8.2.jar;C:\Users\ASUS\.m2\repository\org\junit\jupiter\junit-jupiter-api\5.8.2\junit-jupiter-api-5.8.2.jar;C:\Users\ASUS\.m2\repository\org\junit\vintage\junit-vintage-engine\5.8.2\junit-vintage-engine-5.8.2.jar;C:\Users\ASUS\.m2\repository\junit\junit\4.13.2\junit-4.13.2.jar;C:\Users\ASUS\.m2\repository\org\hamcrest\hamcrest-core\1.3\hamcrest-core-1.3.jar;C:\Users\ASUS\.m2\repository\ch\qos\logback\logback-classic\1.2.10\logback-classic-1.2.10.jar;C:\Users\ASUS\.m2\repository\ch\qos\logback\logback-core\1.2.10\logback-core-1.2.10.jar;C:\Users\ASUS\.m2\repository\org\slf4j\slf4j-api\1.7.32\slf4j-api-1.7.32.jar;C:\Users\ASUS\.m2\repository\org\assertj\assertj-core\3.6.2\assertj-core-3.6.2.jar;"/>
    <property name="java.vm.vendor" value="Oracle Corporation"/>
    <property name="sun.arch.data.model" value="64"/>
    <property name="user.variant" value=""/>
    <property name="java.vendor.url" value="https://java.oracle.com/"/>
    <property name="user.timezone" value="Asia/Jakarta"/>
    <property name="log4j2.formatMsgNoLookups" value="true"/>
    <property name="os.name" value="Windows 10"/>
    <property name="java.vm.specification.version" value="15"/>
    <property name="sun.java.launcher" value="SUN_STANDARD"/>
    <property name="user.country" value="ID"/>
    <property name="sun.boot.library.path" value="C:\Program Files\Java\jdk-15.0.2\bin"/>
    <property name="sun.java.command" value="org.apache.maven.surefire.booter.ForkedBooter C:\Users\ASUS\AppData\Local\Temp\surefire9973082546001327366 2022-04-26T11-57-08_606-jvmRun1 surefire7438975562878559487tmp surefire_016730661049538450105tmp"/>
    <property name="jdk.debug" value="release"/>
    <property name="surefire.test.class.path" value="D:\PERKULIAHAN\Semester 6,Hebatt glad!\Dot-TechnicalTest\target\test-classes;C:\Users\ASUS\.m2\repository\net\serenity-bdd\serenity-core\3.2.1\serenity-core-3.2.1.jar;C:\Users\ASUS\.m2\repository\net\serenity-bdd\serenity-model\3.2.1\serenity-model-3.2.1.jar;C:\Users\ASUS\.m2\repository\org\apache\commons\commons-text\1.9\commons-text-1.9.jar;C:\Users\ASUS\.m2\repository\commons-net\commons-net\3.8.0\commons-net-3.8.0.jar;C:\Users\ASUS\.m2\repository\com\google\guava\guava\31.1-jre\guava-31.1-jre.jar;C:\Users\ASUS\.m2\repository\com\google\guava\failureaccess\1.0.1\failureaccess-1.0.1.jar;C:\Users\ASUS\.m2\repository\com\google\guava\listenablefuture\9999.0-empty-to-avoid-conflict-with-guava\listenablefuture-9999.0-empty-to-avoid-conflict-with-guava.jar;C:\Users\ASUS\.m2\repository\com\google\code\findbugs\jsr305\3.0.2\jsr305-3.0.2.jar;C:\Users\ASUS\.m2\repository\org\checkerframework\checker-qual\3.12.0\checker-qual-3.12.0.jar;C:\Users\ASUS\.m2\repository\com\google\errorprone\error_prone_annotations\2.11.0\error_prone_annotations-2.11.0.jar;C:\Users\ASUS\.m2\repository\com\google\j2objc\j2objc-annotations\1.3\j2objc-annotations-1.3.jar;C:\Users\ASUS\.m2\repository\com\google\inject\guice\5.1.0\guice-5.1.0.jar;C:\Users\ASUS\.m2\repository\javax\inject\javax.inject\1\javax.inject-1.jar;C:\Users\ASUS\.m2\repository\aopalliance\aopalliance\1.0\aopalliance-1.0.jar;C:\Users\ASUS\.m2\repository\org\jsoup\jsoup\1.14.3\jsoup-1.14.3.jar;C:\Users\ASUS\.m2\repository\com\thoughtworks\xstream\xstream\1.4.19\xstream-1.4.19.jar;C:\Users\ASUS\.m2\repository\io\github\x-stream\mxparser\1.2.2\mxparser-1.2.2.jar;C:\Users\ASUS\.m2\repository\xmlpull\xmlpull\1.1.3.1\xmlpull-1.1.3.1.jar;C:\Users\ASUS\.m2\repository\io\cucumber\cucumber-java\7.2.3\cucumber-java-7.2.3.jar;C:\Users\ASUS\.m2\repository\com\typesafe\config\1.4.2\config-1.4.2.jar;C:\Users\ASUS\.m2\repository\org\imgscalr\imgscalr-lib\4.2\imgscalr-lib-4.2.jar;C:\Users\ASUS\.m2\repository\org\awaitility\awaitility\4.2.0\awaitility-4.2.0.jar;C:\Users\ASUS\.m2\repository\org\freemarker\freemarker\2.3.31\freemarker-2.3.31.jar;C:\Users\ASUS\.m2\repository\io\github\classgraph\classgraph\4.8.138\classgraph-4.8.138.jar;C:\Users\ASUS\.m2\repository\net\sourceforge\jexcelapi\jxl\2.6.12\jxl-2.6.12.jar;C:\Users\ASUS\.m2\repository\net\bytebuddy\byte-buddy\1.12.8\byte-buddy-1.12.8.jar;C:\Users\ASUS\.m2\repository\net\bytebuddy\byte-buddy-agent\1.12.8\byte-buddy-agent-1.12.8.jar;C:\Users\ASUS\.m2\repository\org\objenesis\objenesis\3.1\objenesis-3.1.jar;C:\Users\ASUS\.m2\repository\net\serenity-bdd\serenity-reports\3.2.1\serenity-reports-3.2.1.jar;C:\Users\ASUS\.m2\repository\net\serenity-bdd\serenity-stats\3.2.1\serenity-stats-3.2.1.jar;C:\Users\ASUS\.m2\repository\net\serenity-bdd\serenity-reports-configuration\3.2.1\serenity-reports-configuration-3.2.1.jar;C:\Users\ASUS\.m2\repository\com\vladsch\flexmark\flexmark-all\0.34.30\flexmark-all-0.34.30.jar;C:\Users\ASUS\.m2\repository\com\vladsch\flexmark\flexmark\0.34.30\flexmark-0.34.30.jar;C:\Users\ASUS\.m2\repository\com\vladsch\flexmark\flexmark-ext-abbreviation\0.34.30\flexmark-ext-abbreviation-0.34.30.jar;C:\Users\ASUS\.m2\repository\com\vladsch\flexmark\flexmark-ext-admonition\0.34.30\flexmark-ext-admonition-0.34.30.jar;C:\Users\ASUS\.m2\repository\com\vladsch\flexmark\flexmark-ext-anchorlink\0.34.30\flexmark-ext-anchorlink-0.34.30.jar;C:\Users\ASUS\.m2\repository\com\vladsch\flexmark\flexmark-ext-aside\0.34.30\flexmark-ext-aside-0.34.30.jar;C:\Users\ASUS\.m2\repository\com\vladsch\flexmark\flexmark-ext-attributes\0.34.30\flexmark-ext-attributes-0.34.30.jar;C:\Users\ASUS\.m2\repository\com\vladsch\flexmark\flexmark-ext-autolink\0.34.30\flexmark-ext-autolink-0.34.30.jar;C:\Users\ASUS\.m2\repository\org\nibor\autolink\autolink\0.6.0\autolink-0.6.0.jar;C:\Users\ASUS\.m2\repository\com\vladsch\flexmark\flexmark-ext-definition\0.34.30\flexmark-ext-definition-0.34.30.jar;C:\Users\ASUS\.m2\repository\com\vladsch\flexmark\flexmark-ext-emoji\0.34.30\flexmark-ext-emoji-0.34.30.jar;C:\Users\ASUS\.m2\repository\com\vladsch\flexmark\flexmark-ext-enumerated-reference\0.34.30\flexmark-ext-enumerated-reference-0.34.30.jar;C:\Users\ASUS\.m2\repository\com\vladsch\flexmark\flexmark-ext-escaped-character\0.34.30\flexmark-ext-escaped-character-0.34.30.jar;C:\Users\ASUS\.m2\repository\com\vladsch\flexmark\flexmark-ext-footnotes\0.34.30\flexmark-ext-footnotes-0.34.30.jar;C:\Users\ASUS\.m2\repository\com\vladsch\flexmark\flexmark-ext-gfm-issues\0.34.30\flexmark-ext-gfm-issues-0.34.30.jar;C:\Users\ASUS\.m2\repository\com\vladsch\flexmark\flexmark-ext-gfm-strikethrough\0.34.30\flexmark-ext-gfm-strikethrough-0.34.30.jar;C:\Users\ASUS\.m2\repository\com\vladsch\flexmark\flexmark-ext-gfm-tables\0.34.30\flexmark-ext-gfm-tables-0.34.30.jar;C:\Users\ASUS\.m2\repository\com\vladsch\flexmark\flexmark-ext-gfm-tasklist\0.34.30\flexmark-ext-gfm-tasklist-0.34.30.jar;C:\Users\ASUS\.m2\repository\com\vladsch\flexmark\flexmark-ext-gfm-users\0.34.30\flexmark-ext-gfm-users-0.34.30.jar;C:\Users\ASUS\.m2\repository\com\vladsch\flexmark\flexmark-ext-gitlab\0.34.30\flexmark-ext-gitlab-0.34.30.jar;C:\Users\ASUS\.m2\repository\com\vladsch\flexmark\flexmark-ext-jekyll-front-matter\0.34.30\flexmark-ext-jekyll-front-matter-0.34.30.jar;C:\Users\ASUS\.m2\repository\com\vladsch\flexmark\flexmark-ext-jekyll-tag\0.34.30\flexmark-ext-jekyll-tag-0.34.30.jar;C:\Users\ASUS\.m2\repository\com\vladsch\flexmark\flexmark-ext-media-tags\0.34.30\flexmark-ext-media-tags-0.34.30.jar;C:\Users\ASUS\.m2\repository\com\vladsch\flexmark\flexmark-test-util\0.34.30\flexmark-test-util-0.34.30.jar;C:\Users\ASUS\.m2\repository\com\vladsch\flexmark\flexmark-ext-ins\0.34.30\flexmark-ext-ins-0.34.30.jar;C:\Users\ASUS\.m2\repository\com\vladsch\flexmark\flexmark-ext-xwiki-macros\0.34.30\flexmark-ext-xwiki-macros-0.34.30.jar;C:\Users\ASUS\.m2\repository\com\vladsch\flexmark\flexmark-ext-superscript\0.34.30\flexmark-ext-superscript-0.34.30.jar;C:\Users\ASUS\.m2\repository\com\vladsch\flexmark\flexmark-ext-tables\0.34.30\flexmark-ext-tables-0.34.30.jar;C:\Users\ASUS\.m2\repository\com\vladsch\flexmark\flexmark-ext-toc\0.34.30\flexmark-ext-toc-0.34.30.jar;C:\Users\ASUS\.m2\repository\com\vladsch\flexmark\flexmark-ext-typographic\0.34.30\flexmark-ext-typographic-0.34.30.jar;C:\Users\ASUS\.m2\repository\com\vladsch\flexmark\flexmark-ext-wikilink\0.34.30\flexmark-ext-wikilink-0.34.30.jar;C:\Users\ASUS\.m2\repository\com\vladsch\flexmark\flexmark-ext-yaml-front-matter\0.34.30\flexmark-ext-yaml-front-matter-0.34.30.jar;C:\Users\ASUS\.m2\repository\com\vladsch\flexmark\flexmark-ext-youtube-embedded\0.34.30\flexmark-ext-youtube-embedded-0.34.30.jar;C:\Users\ASUS\.m2\repository\com\vladsch\flexmark\flexmark-formatter\0.34.30\flexmark-formatter-0.34.30.jar;C:\Users\ASUS\.m2\repository\com\vladsch\flexmark\flexmark-html-parser\0.34.30\flexmark-html-parser-0.34.30.jar;C:\Users\ASUS\.m2\repository\com\vladsch\flexmark\flexmark-jira-converter\0.34.30\flexmark-jira-converter-0.34.30.jar;C:\Users\ASUS\.m2\repository\com\vladsch\flexmark\flexmark-pdf-converter\0.34.30\flexmark-pdf-converter-0.34.30.jar;C:\Users\ASUS\.m2\repository\com\openhtmltopdf\openhtmltopdf-core\0.0.1-RC13\openhtmltopdf-core-0.0.1-RC13.jar;C:\Users\ASUS\.m2\repository\com\openhtmltopdf\openhtmltopdf-pdfbox\0.0.1-RC13\openhtmltopdf-pdfbox-0.0.1-RC13.jar;C:\Users\ASUS\.m2\repository\org\apache\pdfbox\pdfbox\2.0.8\pdfbox-2.0.8.jar;C:\Users\ASUS\.m2\repository\org\apache\pdfbox\fontbox\2.0.8\fontbox-2.0.8.jar;C:\Users\ASUS\.m2\repository\commons-logging\commons-logging\1.2\commons-logging-1.2.jar;C:\Users\ASUS\.m2\repository\org\apache\pdfbox\xmpbox\2.0.8\xmpbox-2.0.8.jar;C:\Users\ASUS\.m2\repository\de\rototor\pdfbox\graphics2d\0.12\graphics2d-0.12.jar;C:\Users\ASUS\.m2\repository\com\openhtmltopdf\openhtmltopdf-rtl-support\0.0.1-RC13\openhtmltopdf-rtl-support-0.0.1-RC13.jar;C:\Users\ASUS\.m2\repository\com\ibm\icu\icu4j\59.1\icu4j-59.1.jar;C:\Users\ASUS\.m2\repository\com\openhtmltopdf\openhtmltopdf-jsoup-dom-converter\0.0.1-RC13\openhtmltopdf-jsoup-dom-converter-0.0.1-RC13.jar;C:\Users\ASUS\.m2\repository\com\vladsch\flexmark\flexmark-profile-pegdown\0.34.30\flexmark-profile-pegdown-0.34.30.jar;C:\Users\ASUS\.m2\repository\com\vladsch\flexmark\flexmark-util\0.34.30\flexmark-util-0.34.30.jar;C:\Users\ASUS\.m2\repository\com\vladsch\flexmark\flexmark-youtrack-converter\0.34.30\flexmark-youtrack-converter-0.34.30.jar;C:\Users\ASUS\.m2\repository\es\nitaur\markdown\txtmark\0.16\txtmark-0.16.jar;C:\Users\ASUS\.m2\repository\net\serenity-bdd\serenity-report-resources\3.2.1\serenity-report-resources-3.2.1.jar;C:\Users\ASUS\.m2\repository\com\google\code\gson\gson\2.9.0\gson-2.9.0.jar;C:\Users\ASUS\.m2\repository\com\fasterxml\jackson\core\jackson-core\2.13.2\jackson-core-2.13.2.jar;C:\Users\ASUS\.m2\repository\com\fasterxml\jackson\core\jackson-databind\2.13.2\jackson-databind-2.13.2.jar;C:\Users\ASUS\.m2\repository\com\fasterxml\jackson\core\jackson-annotations\2.13.2\jackson-annotations-2.13.2.jar;C:\Users\ASUS\.m2\repository\commons-codec\commons-codec\1.15\commons-codec-1.15.jar;C:\Users\ASUS\.m2\repository\commons-io\commons-io\2.11.0\commons-io-2.11.0.jar;C:\Users\ASUS\.m2\repository\org\seleniumhq\selenium\selenium-java\4.1.2\selenium-java-4.1.2.jar;C:\Users\ASUS\.m2\repository\org\seleniumhq\selenium\selenium-devtools-v85\4.1.2\selenium-devtools-v85-4.1.2.jar;C:\Users\ASUS\.m2\repository\org\seleniumhq\selenium\selenium-devtools-v95\4.1.2\selenium-devtools-v95-4.1.2.jar;C:\Users\ASUS\.m2\repository\org\seleniumhq\selenium\selenium-devtools-v96\4.1.2\selenium-devtools-v96-4.1.2.jar;C:\Users\ASUS\.m2\repository\org\seleniumhq\selenium\selenium-devtools-v97\4.1.2\selenium-devtools-v97-4.1.2.jar;C:\Users\ASUS\.m2\repository\org\seleniumhq\selenium\selenium-firefox-xpi-driver\4.1.2\selenium-firefox-xpi-driver-4.1.2.jar;C:\Users\ASUS\.m2\repository\org\seleniumhq\selenium\selenium-opera-driver\4.1.2\selenium-opera-driver-4.1.2.jar;C:\Users\ASUS\.m2\repository\org\seleniumhq\selenium\selenium-remote-driver\4.1.2\selenium-remote-driver-4.1.2.jar;C:\Users\ASUS\.m2\repository\com\beust\jcommander\1.82\jcommander-1.82.jar;C:\Users\ASUS\.m2\repository\io\netty\netty-buffer\4.1.73.Final\netty-buffer-4.1.73.Final.jar;C:\Users\ASUS\.m2\repository\io\netty\netty-codec-http\4.1.73.Final\netty-codec-http-4.1.73.Final.jar;C:\Users\ASUS\.m2\repository\io\netty\netty-codec\4.1.73.Final\netty-codec-4.1.73.Final.jar;C:\Users\ASUS\.m2\repository\io\netty\netty-handler\4.1.73.Final\netty-handler-4.1.73.Final.jar;C:\Users\ASUS\.m2\repository\io\netty\netty-tcnative-classes\2.0.46.Final\netty-tcnative-classes-2.0.46.Final.jar;C:\Users\ASUS\.m2\repository\io\netty\netty-common\4.1.73.Final\netty-common-4.1.73.Final.jar;C:\Users\ASUS\.m2\repository\io\netty\netty-transport-classes-epoll\4.1.73.Final\netty-transport-classes-epoll-4.1.73.Final.jar;C:\Users\ASUS\.m2\repository\io\netty\netty-transport-classes-kqueue\4.1.73.Final\netty-transport-classes-kqueue-4.1.73.Final.jar;C:\Users\ASUS\.m2\repository\io\netty\netty-transport-native-epoll\4.1.73.Final\netty-transport-native-epoll-4.1.73.Final.jar;C:\Users\ASUS\.m2\repository\io\netty\netty-transport-native-kqueue\4.1.73.Final\netty-transport-native-kqueue-4.1.73.Final.jar;C:\Users\ASUS\.m2\repository\io\netty\netty-transport-native-unix-common\4.1.73.Final\netty-transport-native-unix-common-4.1.73.Final.jar;C:\Users\ASUS\.m2\repository\io\netty\netty-transport\4.1.73.Final\netty-transport-4.1.73.Final.jar;C:\Users\ASUS\.m2\repository\io\netty\netty-resolver\4.1.73.Final\netty-resolver-4.1.73.Final.jar;C:\Users\ASUS\.m2\repository\io\opentelemetry\opentelemetry-api\1.10.1\opentelemetry-api-1.10.1.jar;C:\Users\ASUS\.m2\repository\io\opentelemetry\opentelemetry-context\1.10.1\opentelemetry-context-1.10.1.jar;C:\Users\ASUS\.m2\repository\io\opentelemetry\opentelemetry-exporter-logging\1.10.1\opentelemetry-exporter-logging-1.10.1.jar;C:\Users\ASUS\.m2\repository\io\opentelemetry\opentelemetry-sdk-metrics\1.10.1-alpha\opentelemetry-sdk-metrics-1.10.1-alpha.jar;C:\Users\ASUS\.m2\repository\io\opentelemetry\opentelemetry-sdk-logs\1.10.1-alpha\opentelemetry-sdk-logs-1.10.1-alpha.jar;C:\Users\ASUS\.m2\repository\io\opentelemetry\opentelemetry-sdk-common\1.10.1\opentelemetry-sdk-common-1.10.1.jar;C:\Users\ASUS\.m2\repository\io\opentelemetry\opentelemetry-sdk-extension-autoconfigure-spi\1.10.1\opentelemetry-sdk-extension-autoconfigure-spi-1.10.1.jar;C:\Users\ASUS\.m2\repository\io\opentelemetry\opentelemetry-sdk-extension-autoconfigure\1.10.1-alpha\opentelemetry-sdk-extension-autoconfigure-1.10.1-alpha.jar;C:\Users\ASUS\.m2\repository\io\opentelemetry\opentelemetry-sdk-trace\1.10.1\opentelemetry-sdk-trace-1.10.1.jar;C:\Users\ASUS\.m2\repository\io\opentelemetry\opentelemetry-sdk\1.10.1\opentelemetry-sdk-1.10.1.jar;C:\Users\ASUS\.m2\repository\io\opentelemetry\opentelemetry-semconv\1.10.1-alpha\opentelemetry-semconv-1.10.1-alpha.jar;C:\Users\ASUS\.m2\repository\io\ous\jtoml\2.0.0\jtoml-2.0.0.jar;C:\Users\ASUS\.m2\repository\org\apache\commons\commons-exec\1.3\commons-exec-1.3.jar;C:\Users\ASUS\.m2\repository\org\asynchttpclient\async-http-client\2.12.3\async-http-client-2.12.3.jar;C:\Users\ASUS\.m2\repository\org\asynchttpclient\async-http-client-netty-utils\2.12.3\async-http-client-netty-utils-2.12.3.jar;C:\Users\ASUS\.m2\repository\io\netty\netty-codec-socks\4.1.60.Final\netty-codec-socks-4.1.60.Final.jar;C:\Users\ASUS\.m2\repository\io\netty\netty-handler-proxy\4.1.60.Final\netty-handler-proxy-4.1.60.Final.jar;C:\Users\ASUS\.m2\repository\io\netty\netty-transport-native-epoll\4.1.60.Final\netty-transport-native-epoll-4.1.60.Final-linux-x86_64.jar;C:\Users\ASUS\.m2\repository\io\netty\netty-transport-native-kqueue\4.1.60.Final\netty-transport-native-kqueue-4.1.60.Final-osx-x86_64.jar;C:\Users\ASUS\.m2\repository\org\reactivestreams\reactive-streams\1.0.3\reactive-streams-1.0.3.jar;C:\Users\ASUS\.m2\repository\com\typesafe\netty\netty-reactive-streams\2.0.4\netty-reactive-streams-2.0.4.jar;C:\Users\ASUS\.m2\repository\org\seleniumhq\selenium\selenium-http\4.1.2\selenium-http-4.1.2.jar;C:\Users\ASUS\.m2\repository\net\jodah\failsafe\2.4.4\failsafe-2.4.4.jar;C:\Users\ASUS\.m2\repository\org\seleniumhq\selenium\selenium-safari-driver\4.1.2\selenium-safari-driver-4.1.2.jar;C:\Users\ASUS\.m2\repository\org\seleniumhq\selenium\selenium-api\4.1.2\selenium-api-4.1.2.jar;C:\Users\ASUS\.m2\repository\org\seleniumhq\selenium\selenium-support\4.1.2\selenium-support-4.1.2.jar;C:\Users\ASUS\.m2\repository\com\google\auto\service\auto-service-annotations\1.0.1\auto-service-annotations-1.0.1.jar;C:\Users\ASUS\.m2\repository\com\google\auto\service\auto-service\1.0.1\auto-service-1.0.1.jar;C:\Users\ASUS\.m2\repository\com\google\auto\auto-common\1.2\auto-common-1.2.jar;C:\Users\ASUS\.m2\repository\org\seleniumhq\selenium\selenium-json\4.1.2\selenium-json-4.1.2.jar;C:\Users\ASUS\.m2\repository\org\seleniumhq\selenium\selenium-chrome-driver\4.1.2\selenium-chrome-driver-4.1.2.jar;C:\Users\ASUS\.m2\repository\org\seleniumhq\selenium\selenium-chromium-driver\4.1.2\selenium-chromium-driver-4.1.2.jar;C:\Users\ASUS\.m2\repository\org\seleniumhq\selenium\selenium-firefox-driver\4.1.2\selenium-firefox-driver-4.1.2.jar;C:\Users\ASUS\.m2\repository\org\seleniumhq\selenium\selenium-edge-driver\4.1.2\selenium-edge-driver-4.1.2.jar;C:\Users\ASUS\.m2\repository\org\seleniumhq\selenium\selenium-ie-driver\4.1.2\selenium-ie-driver-4.1.2.jar;C:\Users\ASUS\.m2\repository\org\projectlombok\lombok\1.18.20\lombok-1.18.20.jar;C:\Users\ASUS\.m2\repository\io\appium\java-client\8.0.0\java-client-8.0.0.jar;C:\Users\ASUS\.m2\repository\commons-validator\commons-validator\1.7\commons-validator-1.7.jar;C:\Users\ASUS\.m2\repository\commons-digester\commons-digester\2.1\commons-digester-2.1.jar;C:\Users\ASUS\.m2\repository\org\aspectj\aspectjweaver\1.9.8\aspectjweaver-1.9.8.jar;C:\Users\ASUS\.m2\repository\org\codehaus\groovy\groovy\3.0.10\groovy-3.0.10.jar;C:\Users\ASUS\.m2\repository\net\sf\opencsv\opencsv\2.0\opencsv-2.0.jar;C:\Users\ASUS\.m2\repository\commons-beanutils\commons-beanutils\1.9.4\commons-beanutils-1.9.4.jar;C:\Users\ASUS\.m2\repository\org\apache\commons\commons-lang3\3.12.0\commons-lang3-3.12.0.jar;C:\Users\ASUS\.m2\repository\commons-collections\commons-collections\3.2.2\commons-collections-3.2.2.jar;C:\Users\ASUS\.m2\repository\org\fluentlenium\fluentlenium-core\0.10.2\fluentlenium-core-0.10.2.jar;C:\Users\ASUS\.m2\repository\io\github\bonigarcia\webdrivermanager\5.1.0\webdrivermanager-5.1.0.jar;C:\Users\ASUS\.m2\repository\com\github\docker-java\docker-java\3.2.13\docker-java-3.2.13.jar;C:\Users\ASUS\.m2\repository\com\github\docker-java\docker-java-core\3.2.13\docker-java-core-3.2.13.jar;C:\Users\ASUS\.m2\repository\com\github\docker-java\docker-java-api\3.2.13\docker-java-api-3.2.13.jar;C:\Users\ASUS\.m2\repository\org\apache\commons\commons-compress\1.21\commons-compress-1.21.jar;C:\Users\ASUS\.m2\repository\org\bouncycastle\bcpkix-jdk15on\1.64\bcpkix-jdk15on-1.64.jar;C:\Users\ASUS\.m2\repository\org\bouncycastle\bcprov-jdk15on\1.64\bcprov-jdk15on-1.64.jar;C:\Users\ASUS\.m2\repository\org\slf4j\jcl-over-slf4j\1.7.30\jcl-over-slf4j-1.7.30.jar;C:\Users\ASUS\.m2\repository\com\github\docker-java\docker-java-transport-httpclient5\3.2.13\docker-java-transport-httpclient5-3.2.13.jar;C:\Users\ASUS\.m2\repository\com\github\docker-java\docker-java-transport\3.2.13\docker-java-transport-3.2.13.jar;C:\Users\ASUS\.m2\repository\org\apache\httpcomponents\client5\httpclient5\5.0.3\httpclient5-5.0.3.jar;C:\Users\ASUS\.m2\repository\org\apache\httpcomponents\core5\httpcore5\5.0.2\httpcore5-5.0.2.jar;C:\Users\ASUS\.m2\repository\net\java\dev\jna\jna\5.8.0\jna-5.8.0.jar;C:\Users\ASUS\.m2\repository\org\brotli\dec\0.1.2\dec-0.1.2.jar;C:\Users\ASUS\.m2\repository\com\jhlabs\filters\2.0.235\filters-2.0.235.jar;C:\Users\ASUS\.m2\repository\com\paulhammant\ngwebdriver\1.1.6\ngwebdriver-1.1.6.jar;C:\Users\ASUS\.m2\repository\joda-time\joda-time\2.8.2\joda-time-2.8.2.jar;C:\Users\ASUS\.m2\repository\org\hamcrest\hamcrest\2.2\hamcrest-2.2.jar;C:\Users\ASUS\.m2\repository\com\google\jimfs\jimfs\1.2\jimfs-1.2.jar;C:\Users\ASUS\.m2\repository\org\mockito\mockito-core\3.3.3\mockito-core-3.3.3.jar;C:\Users\ASUS\.m2\repository\javax\xml\bind\jaxb-api\2.3.1\jaxb-api-2.3.1.jar;C:\Users\ASUS\.m2\repository\javax\activation\javax.activation-api\1.2.0\javax.activation-api-1.2.0.jar;C:\Users\ASUS\.m2\repository\com\sun\xml\bind\jaxb-core\2.3.0.1\jaxb-core-2.3.0.1.jar;C:\Users\ASUS\.m2\repository\com\sun\xml\bind\jaxb-impl\2.3.3\jaxb-impl-2.3.3.jar;C:\Users\ASUS\.m2\repository\jakarta\xml\bind\jakarta.xml.bind-api\2.3.3\jakarta.xml.bind-api-2.3.3.jar;C:\Users\ASUS\.m2\repository\com\sun\activation\jakarta.activation\1.2.2\jakarta.activation-1.2.2.jar;C:\Users\ASUS\.m2\repository\javax\activation\activation\1.1.1\activation-1.1.1.jar;C:\Users\ASUS\.m2\repository\net\serenity-bdd\serenity-cucumber\3.2.1\serenity-cucumber-3.2.1.jar;C:\Users\ASUS\.m2\repository\io\cucumber\cucumber-core\7.2.3\cucumber-core-7.2.3.jar;C:\Users\ASUS\.m2\repository\io\cucumber\cucumber-gherkin\7.2.3\cucumber-gherkin-7.2.3.jar;C:\Users\ASUS\.m2\repository\io\cucumber\cucumber-gherkin-messages\7.2.3\cucumber-gherkin-messages-7.2.3.jar;C:\Users\ASUS\.m2\repository\io\cucumber\messages\17.1.1\messages-17.1.1.jar;C:\Users\ASUS\.m2\repository\io\cucumber\tag-expressions\4.1.0\tag-expressions-4.1.0.jar;C:\Users\ASUS\.m2\repository\io\cucumber\cucumber-expressions\15.0.1\cucumber-expressions-15.0.1.jar;C:\Users\ASUS\.m2\repository\io\cucumber\datatable\7.2.3\datatable-7.2.3.jar;C:\Users\ASUS\.m2\repository\io\cucumber\cucumber-plugin\7.2.3\cucumber-plugin-7.2.3.jar;C:\Users\ASUS\.m2\repository\io\cucumber\docstring\7.2.3\docstring-7.2.3.jar;C:\Users\ASUS\.m2\repository\io\cucumber\html-formatter\17.0.0\html-formatter-17.0.0.jar;C:\Users\ASUS\.m2\repository\io\cucumber\ci-environment\8.1.0\ci-environment-8.1.0.jar;C:\Users\ASUS\.m2\repository\io\cucumber\cucumber-junit\7.2.3\cucumber-junit-7.2.3.jar;C:\Users\ASUS\.m2\repository\org\apache\commons\commons-csv\1.5\commons-csv-1.5.jar;C:\Users\ASUS\.m2\repository\net\serenity-bdd\serenity-screenplay\3.2.1\serenity-screenplay-3.2.1.jar;C:\Users\ASUS\.m2\repository\net\serenity-bdd\serenity-screenplay-webdriver\3.2.1\serenity-screenplay-webdriver-3.2.1.jar;C:\Users\ASUS\.m2\repository\net\serenity-bdd\serenity-ensure\3.2.1\serenity-ensure-3.2.1.jar;C:\Users\ASUS\.m2\repository\net\serenity-bdd\serenity-junit\3.2.1\serenity-junit-3.2.1.jar;C:\Users\ASUS\.m2\repository\org\jetbrains\kotlin\kotlin-stdlib\1.6.0\kotlin-stdlib-1.6.0.jar;C:\Users\ASUS\.m2\repository\org\jetbrains\annotations\13.0\annotations-13.0.jar;C:\Users\ASUS\.m2\repository\org\jetbrains\kotlin\kotlin-stdlib-common\1.6.0\kotlin-stdlib-common-1.6.0.jar;C:\Users\ASUS\.m2\repository\org\junit\platform\junit-platform-launcher\1.8.1\junit-platform-launcher-1.8.1.jar;C:\Users\ASUS\.m2\repository\org\junit\platform\junit-platform-engine\1.8.1\junit-platform-engine-1.8.1.jar;C:\Users\ASUS\.m2\repository\org\opentest4j\opentest4j\1.2.0\opentest4j-1.2.0.jar;C:\Users\ASUS\.m2\repository\org\junit\platform\junit-platform-commons\1.8.1\junit-platform-commons-1.8.1.jar;C:\Users\ASUS\.m2\repository\org\apiguardian\apiguardian-api\1.1.2\apiguardian-api-1.1.2.jar;C:\Users\ASUS\.m2\repository\org\junit\jupiter\junit-jupiter-engine\5.8.2\junit-jupiter-engine-5.8.2.jar;C:\Users\ASUS\.m2\repository\org\junit\jupiter\junit-jupiter-api\5.8.2\junit-jupiter-api-5.8.2.jar;C:\Users\ASUS\.m2\repository\org\junit\vintage\junit-vintage-engine\5.8.2\junit-vintage-engine-5.8.2.jar;C:\Users\ASUS\.m2\repository\junit\junit\4.13.2\junit-4.13.2.jar;C:\Users\ASUS\.m2\repository\org\hamcrest\hamcrest-core\1.3\hamcrest-core-1.3.jar;C:\Users\ASUS\.m2\repository\ch\qos\logback\logback-classic\1.2.10\logback-classic-1.2.10.jar;C:\Users\ASUS\.m2\repository\ch\qos\logback\logback-core\1.2.10\logback-core-1.2.10.jar;C:\Users\ASUS\.m2\repository\org\slf4j\slf4j-api\1.7.32\slf4j-api-1.7.32.jar;C:\Users\ASUS\.m2\repository\org\assertj\assertj-core\3.6.2\assertj-core-3.6.2.jar;"/>
    <property name="sun.cpu.endian" value="little"/>
    <property name="user.home" value="C:\Users\ASUS"/>
    <property name="user.language" value="en"/>
    <property name="java.specification.vendor" value="Oracle Corporation"/>
    <property name="jdk.module.path" value="D:\PERKULIAHAN\Semester 6,Hebatt glad!\Dot-TechnicalTest\target\Dot-TechnicalTest-1.0-SNAPSHOT.jar"/>
    <property name="java.version.date" value="2021-01-19"/>
    <property name="java.home" value="C:\Program Files\Java\jdk-15.0.2"/>
    <property name="file.separator" value="\"/>
    <property name="basedir" value="D:\PERKULIAHAN\Semester 6,Hebatt glad!\Dot-TechnicalTest"/>
    <property name="java.vm.compressedOopsMode" value="Zero based"/>
    <property name="line.separator" value="&#10;"/>
    <property name="java.vm.specification.vendor" value="Oracle Corporation"/>
    <property name="java.specification.name" value="Java Platform API Specification"/>
    <property name="surefire.real.class.path" value="C:\Users\ASUS\.m2\repository\org\apache\maven\surefire\surefire-booter\3.0.0-M5\surefire-booter-3.0.0-M5.jar;C:\Users\ASUS\.m2\repository\org\apache\maven\surefire\surefire-api\3.0.0-M5\surefire-api-3.0.0-M5.jar;C:\Users\ASUS\.m2\repository\org\apache\maven\surefire\surefire-logger-api\3.0.0-M5\surefire-logger-api-3.0.0-M5.jar;C:\Users\ASUS\.m2\repository\org\apache\maven\surefire\surefire-shared-utils\3.0.0-M4\surefire-shared-utils-3.0.0-M4.jar;C:\Users\ASUS\.m2\repository\org\apache\maven\surefire\surefire-extensions-spi\3.0.0-M5\surefire-extensions-spi-3.0.0-M5.jar;D:\PERKULIAHAN\Semester 6,Hebatt glad!\Dot-TechnicalTest\target\test-classes;C:\Users\ASUS\.m2\repository\net\serenity-bdd\serenity-core\3.2.1\serenity-core-3.2.1.jar;C:\Users\ASUS\.m2\repository\net\serenity-bdd\serenity-model\3.2.1\serenity-model-3.2.1.jar;C:\Users\ASUS\.m2\repository\org\apache\commons\commons-text\1.9\commons-text-1.9.jar;C:\Users\ASUS\.m2\repository\commons-net\commons-net\3.8.0\commons-net-3.8.0.jar;C:\Users\ASUS\.m2\repository\com\google\guava\guava\31.1-jre\guava-31.1-jre.jar;C:\Users\ASUS\.m2\repository\com\google\guava\failureaccess\1.0.1\failureaccess-1.0.1.jar;C:\Users\ASUS\.m2\repository\com\google\guava\listenablefuture\9999.0-empty-to-avoid-conflict-with-guava\listenablefuture-9999.0-empty-to-avoid-conflict-with-guava.jar;C:\Users\ASUS\.m2\repository\com\google\code\findbugs\jsr305\3.0.2\jsr305-3.0.2.jar;C:\Users\ASUS\.m2\repository\org\checkerframework\checker-qual\3.12.0\checker-qual-3.12.0.jar;C:\Users\ASUS\.m2\repository\com\google\errorprone\error_prone_annotations\2.11.0\error_prone_annotations-2.11.0.jar;C:\Users\ASUS\.m2\repository\com\google\j2objc\j2objc-annotations\1.3\j2objc-annotations-1.3.jar;C:\Users\ASUS\.m2\repository\com\google\inject\guice\5.1.0\guice-5.1.0.jar;C:\Users\ASUS\.m2\repository\javax\inject\javax.inject\1\javax.inject-1.jar;C:\Users\ASUS\.m2\repository\aopalliance\aopalliance\1.0\aopalliance-1.0.jar;C:\Users\ASUS\.m2\repository\org\jsoup\jsoup\1.14.3\jsoup-1.14.3.jar;C:\Users\ASUS\.m2\repository\com\thoughtworks\xstream\xstream\1.4.19\xstream-1.4.19.jar;C:\Users\ASUS\.m2\repository\io\github\x-stream\mxparser\1.2.2\mxparser-1.2.2.jar;C:\Users\ASUS\.m2\repository\xmlpull\xmlpull\1.1.3.1\xmlpull-1.1.3.1.jar;C:\Users\ASUS\.m2\repository\io\cucumber\cucumber-java\7.2.3\cucumber-java-7.2.3.jar;C:\Users\ASUS\.m2\repository\com\typesafe\config\1.4.2\config-1.4.2.jar;C:\Users\ASUS\.m2\repository\org\imgscalr\imgscalr-lib\4.2\imgscalr-lib-4.2.jar;C:\Users\ASUS\.m2\repository\org\awaitility\awaitility\4.2.0\awaitility-4.2.0.jar;C:\Users\ASUS\.m2\repository\org\freemarker\freemarker\2.3.31\freemarker-2.3.31.jar;C:\Users\ASUS\.m2\repository\io\github\classgraph\classgraph\4.8.138\classgraph-4.8.138.jar;C:\Users\ASUS\.m2\repository\net\sourceforge\jexcelapi\jxl\2.6.12\jxl-2.6.12.jar;C:\Users\ASUS\.m2\repository\net\bytebuddy\byte-buddy\1.12.8\byte-buddy-1.12.8.jar;C:\Users\ASUS\.m2\repository\net\bytebuddy\byte-buddy-agent\1.12.8\byte-buddy-agent-1.12.8.jar;C:\Users\ASUS\.m2\repository\org\objenesis\objenesis\3.1\objenesis-3.1.jar;C:\Users\ASUS\.m2\repository\net\serenity-bdd\serenity-reports\3.2.1\serenity-reports-3.2.1.jar;C:\Users\ASUS\.m2\repository\net\serenity-bdd\serenity-stats\3.2.1\serenity-stats-3.2.1.jar;C:\Users\ASUS\.m2\repository\net\serenity-bdd\serenity-reports-configuration\3.2.1\serenity-reports-configuration-3.2.1.jar;C:\Users\ASUS\.m2\repository\com\vladsch\flexmark\flexmark-all\0.34.30\flexmark-all-0.34.30.jar;C:\Users\ASUS\.m2\repository\com\vladsch\flexmark\flexmark\0.34.30\flexmark-0.34.30.jar;C:\Users\ASUS\.m2\repository\com\vladsch\flexmark\flexmark-ext-abbreviation\0.34.30\flexmark-ext-abbreviation-0.34.30.jar;C:\Users\ASUS\.m2\repository\com\vladsch\flexmark\flexmark-ext-admonition\0.34.30\flexmark-ext-admonition-0.34.30.jar;C:\Users\ASUS\.m2\repository\com\vladsch\flexmark\flexmark-ext-anchorlink\0.34.30\flexmark-ext-anchorlink-0.34.30.jar;C:\Users\ASUS\.m2\repository\com\vladsch\flexmark\flexmark-ext-aside\0.34.30\flexmark-ext-aside-0.34.30.jar;C:\Users\ASUS\.m2\repository\com\vladsch\flexmark\flexmark-ext-attributes\0.34.30\flexmark-ext-attributes-0.34.30.jar;C:\Users\ASUS\.m2\repository\com\vladsch\flexmark\flexmark-ext-autolink\0.34.30\flexmark-ext-autolink-0.34.30.jar;C:\Users\ASUS\.m2\repository\org\nibor\autolink\autolink\0.6.0\autolink-0.6.0.jar;C:\Users\ASUS\.m2\repository\com\vladsch\flexmark\flexmark-ext-definition\0.34.30\flexmark-ext-definition-0.34.30.jar;C:\Users\ASUS\.m2\repository\com\vladsch\flexmark\flexmark-ext-emoji\0.34.30\flexmark-ext-emoji-0.34.30.jar;C:\Users\ASUS\.m2\repository\com\vladsch\flexmark\flexmark-ext-enumerated-reference\0.34.30\flexmark-ext-enumerated-reference-0.34.30.jar;C:\Users\ASUS\.m2\repository\com\vladsch\flexmark\flexmark-ext-escaped-character\0.34.30\flexmark-ext-escaped-character-0.34.30.jar;C:\Users\ASUS\.m2\repository\com\vladsch\flexmark\flexmark-ext-footnotes\0.34.30\flexmark-ext-footnotes-0.34.30.jar;C:\Users\ASUS\.m2\repository\com\vladsch\flexmark\flexmark-ext-gfm-issues\0.34.30\flexmark-ext-gfm-issues-0.34.30.jar;C:\Users\ASUS\.m2\repository\com\vladsch\flexmark\flexmark-ext-gfm-strikethrough\0.34.30\flexmark-ext-gfm-strikethrough-0.34.30.jar;C:\Users\ASUS\.m2\repository\com\vladsch\flexmark\flexmark-ext-gfm-tables\0.34.30\flexmark-ext-gfm-tables-0.34.30.jar;C:\Users\ASUS\.m2\repository\com\vladsch\flexmark\flexmark-ext-gfm-tasklist\0.34.30\flexmark-ext-gfm-tasklist-0.34.30.jar;C:\Users\ASUS\.m2\repository\com\vladsch\flexmark\flexmark-ext-gfm-users\0.34.30\flexmark-ext-gfm-users-0.34.30.jar;C:\Users\ASUS\.m2\repository\com\vladsch\flexmark\flexmark-ext-gitlab\0.34.30\flexmark-ext-gitlab-0.34.30.jar;C:\Users\ASUS\.m2\repository\com\vladsch\flexmark\flexmark-ext-jekyll-front-matter\0.34.30\flexmark-ext-jekyll-front-matter-0.34.30.jar;C:\Users\ASUS\.m2\repository\com\vladsch\flexmark\flexmark-ext-jekyll-tag\0.34.30\flexmark-ext-jekyll-tag-0.34.30.jar;C:\Users\ASUS\.m2\repository\com\vladsch\flexmark\flexmark-ext-media-tags\0.34.30\flexmark-ext-media-tags-0.34.30.jar;C:\Users\ASUS\.m2\repository\com\vladsch\flexmark\flexmark-test-util\0.34.30\flexmark-test-util-0.34.30.jar;C:\Users\ASUS\.m2\repository\com\vladsch\flexmark\flexmark-ext-ins\0.34.30\flexmark-ext-ins-0.34.30.jar;C:\Users\ASUS\.m2\repository\com\vladsch\flexmark\flexmark-ext-xwiki-macros\0.34.30\flexmark-ext-xwiki-macros-0.34.30.jar;C:\Users\ASUS\.m2\repository\com\vladsch\flexmark\flexmark-ext-superscript\0.34.30\flexmark-ext-superscript-0.34.30.jar;C:\Users\ASUS\.m2\repository\com\vladsch\flexmark\flexmark-ext-tables\0.34.30\flexmark-ext-tables-0.34.30.jar;C:\Users\ASUS\.m2\repository\com\vladsch\flexmark\flexmark-ext-toc\0.34.30\flexmark-ext-toc-0.34.30.jar;C:\Users\ASUS\.m2\repository\com\vladsch\flexmark\flexmark-ext-typographic\0.34.30\flexmark-ext-typographic-0.34.30.jar;C:\Users\ASUS\.m2\repository\com\vladsch\flexmark\flexmark-ext-wikilink\0.34.30\flexmark-ext-wikilink-0.34.30.jar;C:\Users\ASUS\.m2\repository\com\vladsch\flexmark\flexmark-ext-yaml-front-matter\0.34.30\flexmark-ext-yaml-front-matter-0.34.30.jar;C:\Users\ASUS\.m2\repository\com\vladsch\flexmark\flexmark-ext-youtube-embedded\0.34.30\flexmark-ext-youtube-embedded-0.34.30.jar;C:\Users\ASUS\.m2\repository\com\vladsch\flexmark\flexmark-formatter\0.34.30\flexmark-formatter-0.34.30.jar;C:\Users\ASUS\.m2\repository\com\vladsch\flexmark\flexmark-html-parser\0.34.30\flexmark-html-parser-0.34.30.jar;C:\Users\ASUS\.m2\repository\com\vladsch\flexmark\flexmark-jira-converter\0.34.30\flexmark-jira-converter-0.34.30.jar;C:\Users\ASUS\.m2\repository\com\vladsch\flexmark\flexmark-pdf-converter\0.34.30\flexmark-pdf-converter-0.34.30.jar;C:\Users\ASUS\.m2\repository\com\openhtmltopdf\openhtmltopdf-core\0.0.1-RC13\openhtmltopdf-core-0.0.1-RC13.jar;C:\Users\ASUS\.m2\repository\com\openhtmltopdf\openhtmltopdf-pdfbox\0.0.1-RC13\openhtmltopdf-pdfbox-0.0.1-RC13.jar;C:\Users\ASUS\.m2\repository\org\apache\pdfbox\pdfbox\2.0.8\pdfbox-2.0.8.jar;C:\Users\ASUS\.m2\repository\org\apache\pdfbox\fontbox\2.0.8\fontbox-2.0.8.jar;C:\Users\ASUS\.m2\repository\commons-logging\commons-logging\1.2\commons-logging-1.2.jar;C:\Users\ASUS\.m2\repository\org\apache\pdfbox\xmpbox\2.0.8\xmpbox-2.0.8.jar;C:\Users\ASUS\.m2\repository\de\rototor\pdfbox\graphics2d\0.12\graphics2d-0.12.jar;C:\Users\ASUS\.m2\repository\com\openhtmltopdf\openhtmltopdf-rtl-support\0.0.1-RC13\openhtmltopdf-rtl-support-0.0.1-RC13.jar;C:\Users\ASUS\.m2\repository\com\ibm\icu\icu4j\59.1\icu4j-59.1.jar;C:\Users\ASUS\.m2\repository\com\openhtmltopdf\openhtmltopdf-jsoup-dom-converter\0.0.1-RC13\openhtmltopdf-jsoup-dom-converter-0.0.1-RC13.jar;C:\Users\ASUS\.m2\repository\com\vladsch\flexmark\flexmark-profile-pegdown\0.34.30\flexmark-profile-pegdown-0.34.30.jar;C:\Users\ASUS\.m2\repository\com\vladsch\flexmark\flexmark-util\0.34.30\flexmark-util-0.34.30.jar;C:\Users\ASUS\.m2\repository\com\vladsch\flexmark\flexmark-youtrack-converter\0.34.30\flexmark-youtrack-converter-0.34.30.jar;C:\Users\ASUS\.m2\repository\es\nitaur\markdown\txtmark\0.16\txtmark-0.16.jar;C:\Users\ASUS\.m2\repository\net\serenity-bdd\serenity-report-resources\3.2.1\serenity-report-resources-3.2.1.jar;C:\Users\ASUS\.m2\repository\com\google\code\gson\gson\2.9.0\gson-2.9.0.jar;C:\Users\ASUS\.m2\repository\com\fasterxml\jackson\core\jackson-core\2.13.2\jackson-core-2.13.2.jar;C:\Users\ASUS\.m2\repository\com\fasterxml\jackson\core\jackson-databind\2.13.2\jackson-databind-2.13.2.jar;C:\Users\ASUS\.m2\repository\com\fasterxml\jackson\core\jackson-annotations\2.13.2\jackson-annotations-2.13.2.jar;C:\Users\ASUS\.m2\repository\commons-codec\commons-codec\1.15\commons-codec-1.15.jar;C:\Users\ASUS\.m2\repository\commons-io\commons-io\2.11.0\commons-io-2.11.0.jar;C:\Users\ASUS\.m2\repository\org\seleniumhq\selenium\selenium-java\4.1.2\selenium-java-4.1.2.jar;C:\Users\ASUS\.m2\repository\org\seleniumhq\selenium\selenium-devtools-v85\4.1.2\selenium-devtools-v85-4.1.2.jar;C:\Users\ASUS\.m2\repository\org\seleniumhq\selenium\selenium-devtools-v95\4.1.2\selenium-devtools-v95-4.1.2.jar;C:\Users\ASUS\.m2\repository\org\seleniumhq\selenium\selenium-devtools-v96\4.1.2\selenium-devtools-v96-4.1.2.jar;C:\Users\ASUS\.m2\repository\org\seleniumhq\selenium\selenium-devtools-v97\4.1.2\selenium-devtools-v97-4.1.2.jar;C:\Users\ASUS\.m2\repository\org\seleniumhq\selenium\selenium-firefox-xpi-driver\4.1.2\selenium-firefox-xpi-driver-4.1.2.jar;C:\Users\ASUS\.m2\repository\org\seleniumhq\selenium\selenium-opera-driver\4.1.2\selenium-opera-driver-4.1.2.jar;C:\Users\ASUS\.m2\repository\org\seleniumhq\selenium\selenium-remote-driver\4.1.2\selenium-remote-driver-4.1.2.jar;C:\Users\ASUS\.m2\repository\com\beust\jcommander\1.82\jcommander-1.82.jar;C:\Users\ASUS\.m2\repository\io\netty\netty-buffer\4.1.73.Final\netty-buffer-4.1.73.Final.jar;C:\Users\ASUS\.m2\repository\io\netty\netty-codec-http\4.1.73.Final\netty-codec-http-4.1.73.Final.jar;C:\Users\ASUS\.m2\repository\io\netty\netty-codec\4.1.73.Final\netty-codec-4.1.73.Final.jar;C:\Users\ASUS\.m2\repository\io\netty\netty-handler\4.1.73.Final\netty-handler-4.1.73.Final.jar;C:\Users\ASUS\.m2\repository\io\netty\netty-tcnative-classes\2.0.46.Final\netty-tcnative-classes-2.0.46.Final.jar;C:\Users\ASUS\.m2\repository\io\netty\netty-common\4.1.73.Final\netty-common-4.1.73.Final.jar;C:\Users\ASUS\.m2\repository\io\netty\netty-transport-classes-epoll\4.1.73.Final\netty-transport-classes-epoll-4.1.73.Final.jar;C:\Users\ASUS\.m2\repository\io\netty\netty-transport-classes-kqueue\4.1.73.Final\netty-transport-classes-kqueue-4.1.73.Final.jar;C:\Users\ASUS\.m2\repository\io\netty\netty-transport-native-epoll\4.1.73.Final\netty-transport-native-epoll-4.1.73.Final.jar;C:\Users\ASUS\.m2\repository\io\netty\netty-transport-native-kqueue\4.1.73.Final\netty-transport-native-kqueue-4.1.73.Final.jar;C:\Users\ASUS\.m2\repository\io\netty\netty-transport-native-unix-common\4.1.73.Final\netty-transport-native-unix-common-4.1.73.Final.jar;C:\Users\ASUS\.m2\repository\io\netty\netty-transport\4.1.73.Final\netty-transport-4.1.73.Final.jar;C:\Users\ASUS\.m2\repository\io\netty\netty-resolver\4.1.73.Final\netty-resolver-4.1.73.Final.jar;C:\Users\ASUS\.m2\repository\io\opentelemetry\opentelemetry-api\1.10.1\opentelemetry-api-1.10.1.jar;C:\Users\ASUS\.m2\repository\io\opentelemetry\opentelemetry-context\1.10.1\opentelemetry-context-1.10.1.jar;C:\Users\ASUS\.m2\repository\io\opentelemetry\opentelemetry-exporter-logging\1.10.1\opentelemetry-exporter-logging-1.10.1.jar;C:\Users\ASUS\.m2\repository\io\opentelemetry\opentelemetry-sdk-metrics\1.10.1-alpha\opentelemetry-sdk-metrics-1.10.1-alpha.jar;C:\Users\ASUS\.m2\repository\io\opentelemetry\opentelemetry-sdk-logs\1.10.1-alpha\opentelemetry-sdk-logs-1.10.1-alpha.jar;C:\Users\ASUS\.m2\repository\io\opentelemetry\opentelemetry-sdk-common\1.10.1\opentelemetry-sdk-common-1.10.1.jar;C:\Users\ASUS\.m2\repository\io\opentelemetry\opentelemetry-sdk-extension-autoconfigure-spi\1.10.1\opentelemetry-sdk-extension-autoconfigure-spi-1.10.1.jar;C:\Users\ASUS\.m2\repository\io\opentelemetry\opentelemetry-sdk-extension-autoconfigure\1.10.1-alpha\opentelemetry-sdk-extension-autoconfigure-1.10.1-alpha.jar;C:\Users\ASUS\.m2\repository\io\opentelemetry\opentelemetry-sdk-trace\1.10.1\opentelemetry-sdk-trace-1.10.1.jar;C:\Users\ASUS\.m2\repository\io\opentelemetry\opentelemetry-sdk\1.10.1\opentelemetry-sdk-1.10.1.jar;C:\Users\ASUS\.m2\repository\io\opentelemetry\opentelemetry-semconv\1.10.1-alpha\opentelemetry-semconv-1.10.1-alpha.jar;C:\Users\ASUS\.m2\repository\io\ous\jtoml\2.0.0\jtoml-2.0.0.jar;C:\Users\ASUS\.m2\repository\org\apache\commons\commons-exec\1.3\commons-exec-1.3.jar;C:\Users\ASUS\.m2\repository\org\asynchttpclient\async-http-client\2.12.3\async-http-client-2.12.3.jar;C:\Users\ASUS\.m2\repository\org\asynchttpclient\async-http-client-netty-utils\2.12.3\async-http-client-netty-utils-2.12.3.jar;C:\Users\ASUS\.m2\repository\io\netty\netty-codec-socks\4.1.60.Final\netty-codec-socks-4.1.60.Final.jar;C:\Users\ASUS\.m2\repository\io\netty\netty-handler-proxy\4.1.60.Final\netty-handler-proxy-4.1.60.Final.jar;C:\Users\ASUS\.m2\repository\io\netty\netty-transport-native-epoll\4.1.60.Final\netty-transport-native-epoll-4.1.60.Final-linux-x86_64.jar;C:\Users\ASUS\.m2\repository\io\netty\netty-transport-native-kqueue\4.1.60.Final\netty-transport-native-kqueue-4.1.60.Final-osx-x86_64.jar;C:\Users\ASUS\.m2\repository\org\reactivestreams\reactive-streams\1.0.3\reactive-streams-1.0.3.jar;C:\Users\ASUS\.m2\repository\com\typesafe\netty\netty-reactive-streams\2.0.4\netty-reactive-streams-2.0.4.jar;C:\Users\ASUS\.m2\repository\org\seleniumhq\selenium\selenium-http\4.1.2\selenium-http-4.1.2.jar;C:\Users\ASUS\.m2\repository\net\jodah\failsafe\2.4.4\failsafe-2.4.4.jar;C:\Users\ASUS\.m2\repository\org\seleniumhq\selenium\selenium-safari-driver\4.1.2\selenium-safari-driver-4.1.2.jar;C:\Users\ASUS\.m2\repository\org\seleniumhq\selenium\selenium-api\4.1.2\selenium-api-4.1.2.jar;C:\Users\ASUS\.m2\repository\org\seleniumhq\selenium\selenium-support\4.1.2\selenium-support-4.1.2.jar;C:\Users\ASUS\.m2\repository\com\google\auto\service\auto-service-annotations\1.0.1\auto-service-annotations-1.0.1.jar;C:\Users\ASUS\.m2\repository\com\google\auto\service\auto-service\1.0.1\auto-service-1.0.1.jar;C:\Users\ASUS\.m2\repository\com\google\auto\auto-common\1.2\auto-common-1.2.jar;C:\Users\ASUS\.m2\repository\org\seleniumhq\selenium\selenium-json\4.1.2\selenium-json-4.1.2.jar;C:\Users\ASUS\.m2\repository\org\seleniumhq\selenium\selenium-chrome-driver\4.1.2\selenium-chrome-driver-4.1.2.jar;C:\Users\ASUS\.m2\repository\org\seleniumhq\selenium\selenium-chromium-driver\4.1.2\selenium-chromium-driver-4.1.2.jar;C:\Users\ASUS\.m2\repository\org\seleniumhq\selenium\selenium-firefox-driver\4.1.2\selenium-firefox-driver-4.1.2.jar;C:\Users\ASUS\.m2\repository\org\seleniumhq\selenium\selenium-edge-driver\4.1.2\selenium-edge-driver-4.1.2.jar;C:\Users\ASUS\.m2\repository\org\seleniumhq\selenium\selenium-ie-driver\4.1.2\selenium-ie-driver-4.1.2.jar;C:\Users\ASUS\.m2\repository\org\projectlombok\lombok\1.18.20\lombok-1.18.20.jar;C:\Users\ASUS\.m2\repository\io\appium\java-client\8.0.0\java-client-8.0.0.jar;C:\Users\ASUS\.m2\repository\commons-validator\commons-validator\1.7\commons-validator-1.7.jar;C:\Users\ASUS\.m2\repository\commons-digester\commons-digester\2.1\commons-digester-2.1.jar;C:\Users\ASUS\.m2\repository\org\aspectj\aspectjweaver\1.9.8\aspectjweaver-1.9.8.jar;C:\Users\ASUS\.m2\repository\org\codehaus\groovy\groovy\3.0.10\groovy-3.0.10.jar;C:\Users\ASUS\.m2\repository\net\sf\opencsv\opencsv\2.0\opencsv-2.0.jar;C:\Users\ASUS\.m2\repository\commons-beanutils\commons-beanutils\1.9.4\commons-beanutils-1.9.4.jar;C:\Users\ASUS\.m2\repository\org\apache\commons\commons-lang3\3.12.0\commons-lang3-3.12.0.jar;C:\Users\ASUS\.m2\repository\commons-collections\commons-collections\3.2.2\commons-collections-3.2.2.jar;C:\Users\ASUS\.m2\repository\org\fluentlenium\fluentlenium-core\0.10.2\fluentlenium-core-0.10.2.jar;C:\Users\ASUS\.m2\repository\io\github\bonigarcia\webdrivermanager\5.1.0\webdrivermanager-5.1.0.jar;C:\Users\ASUS\.m2\repository\com\github\docker-java\docker-java\3.2.13\docker-java-3.2.13.jar;C:\Users\ASUS\.m2\repository\com\github\docker-java\docker-java-core\3.2.13\docker-java-core-3.2.13.jar;C:\Users\ASUS\.m2\repository\com\github\docker-java\docker-java-api\3.2.13\docker-java-api-3.2.13.jar;C:\Users\ASUS\.m2\repository\org\apache\commons\commons-compress\1.21\commons-compress-1.21.jar;C:\Users\ASUS\.m2\repository\org\bouncycastle\bcpkix-jdk15on\1.64\bcpkix-jdk15on-1.64.jar;C:\Users\ASUS\.m2\repository\org\bouncycastle\bcprov-jdk15on\1.64\bcprov-jdk15on-1.64.jar;C:\Users\ASUS\.m2\repository\org\slf4j\jcl-over-slf4j\1.7.30\jcl-over-slf4j-1.7.30.jar;C:\Users\ASUS\.m2\repository\com\github\docker-java\docker-java-transport-httpclient5\3.2.13\docker-java-transport-httpclient5-3.2.13.jar;C:\Users\ASUS\.m2\repository\com\github\docker-java\docker-java-transport\3.2.13\docker-java-transport-3.2.13.jar;C:\Users\ASUS\.m2\repository\org\apache\httpcomponents\client5\httpclient5\5.0.3\httpclient5-5.0.3.jar;C:\Users\ASUS\.m2\repository\org\apache\httpcomponents\core5\httpcore5\5.0.2\httpcore5-5.0.2.jar;C:\Users\ASUS\.m2\repository\net\java\dev\jna\jna\5.8.0\jna-5.8.0.jar;C:\Users\ASUS\.m2\repository\org\brotli\dec\0.1.2\dec-0.1.2.jar;C:\Users\ASUS\.m2\repository\com\jhlabs\filters\2.0.235\filters-2.0.235.jar;C:\Users\ASUS\.m2\repository\com\paulhammant\ngwebdriver\1.1.6\ngwebdriver-1.1.6.jar;C:\Users\ASUS\.m2\repository\joda-time\joda-time\2.8.2\joda-time-2.8.2.jar;C:\Users\ASUS\.m2\repository\org\hamcrest\hamcrest\2.2\hamcrest-2.2.jar;C:\Users\ASUS\.m2\repository\com\google\jimfs\jimfs\1.2\jimfs-1.2.jar;C:\Users\ASUS\.m2\repository\org\mockito\mockito-core\3.3.3\mockito-core-3.3.3.jar;C:\Users\ASUS\.m2\repository\javax\xml\bind\jaxb-api\2.3.1\jaxb-api-2.3.1.jar;C:\Users\ASUS\.m2\repository\javax\activation\javax.activation-api\1.2.0\javax.activation-api-1.2.0.jar;C:\Users\ASUS\.m2\repository\com\sun\xml\bind\jaxb-core\2.3.0.1\jaxb-core-2.3.0.1.jar;C:\Users\ASUS\.m2\repository\com\sun\xml\bind\jaxb-impl\2.3.3\jaxb-impl-2.3.3.jar;C:\Users\ASUS\.m2\repository\jakarta\xml\bind\jakarta.xml.bind-api\2.3.3\jakarta.xml.bind-api-2.3.3.jar;C:\Users\ASUS\.m2\repository\com\sun\activation\jakarta.activation\1.2.2\jakarta.activation-1.2.2.jar;C:\Users\ASUS\.m2\repository\javax\activation\activation\1.1.1\activation-1.1.1.jar;C:\Users\ASUS\.m2\repository\net\serenity-bdd\serenity-cucumber\3.2.1\serenity-cucumber-3.2.1.jar;C:\Users\ASUS\.m2\repository\io\cucumber\cucumber-core\7.2.3\cucumber-core-7.2.3.jar;C:\Users\ASUS\.m2\repository\io\cucumber\cucumber-gherkin\7.2.3\cucumber-gherkin-7.2.3.jar;C:\Users\ASUS\.m2\repository\io\cucumber\cucumber-gherkin-messages\7.2.3\cucumber-gherkin-messages-7.2.3.jar;C:\Users\ASUS\.m2\repository\io\cucumber\messages\17.1.1\messages-17.1.1.jar;C:\Users\ASUS\.m2\repository\io\cucumber\tag-expressions\4.1.0\tag-expressions-4.1.0.jar;C:\Users\ASUS\.m2\repository\io\cucumber\cucumber-expressions\15.0.1\cucumber-expressions-15.0.1.jar;C:\Users\ASUS\.m2\repository\io\cucumber\datatable\7.2.3\datatable-7.2.3.jar;C:\Users\ASUS\.m2\repository\io\cucumber\cucumber-plugin\7.2.3\cucumber-plugin-7.2.3.jar;C:\Users\ASUS\.m2\repository\io\cucumber\docstring\7.2.3\docstring-7.2.3.jar;C:\Users\ASUS\.m2\repository\io\cucumber\html-formatter\17.0.0\html-formatter-17.0.0.jar;C:\Users\ASUS\.m2\repository\io\cucumber\ci-environment\8.1.0\ci-environment-8.1.0.jar;C:\Users\ASUS\.m2\repository\io\cucumber\cucumber-junit\7.2.3\cucumber-junit-7.2.3.jar;C:\Users\ASUS\.m2\repository\org\apache\commons\commons-csv\1.5\commons-csv-1.5.jar;C:\Users\ASUS\.m2\repository\net\serenity-bdd\serenity-screenplay\3.2.1\serenity-screenplay-3.2.1.jar;C:\Users\ASUS\.m2\repository\net\serenity-bdd\serenity-screenplay-webdriver\3.2.1\serenity-screenplay-webdriver-3.2.1.jar;C:\Users\ASUS\.m2\repository\net\serenity-bdd\serenity-ensure\3.2.1\serenity-ensure-3.2.1.jar;C:\Users\ASUS\.m2\repository\net\serenity-bdd\serenity-junit\3.2.1\serenity-junit-3.2.1.jar;C:\Users\ASUS\.m2\repository\org\jetbrains\kotlin\kotlin-stdlib\1.6.0\kotlin-stdlib-1.6.0.jar;C:\Users\ASUS\.m2\repository\org\jetbrains\annotations\13.0\annotations-13.0.jar;C:\Users\ASUS\.m2\repository\org\jetbrains\kotlin\kotlin-stdlib-common\1.6.0\kotlin-stdlib-common-1.6.0.jar;C:\Users\ASUS\.m2\repository\org\junit\platform\junit-platform-launcher\1.8.1\junit-platform-launcher-1.8.1.jar;C:\Users\ASUS\.m2\repository\org\junit\platform\junit-platform-engine\1.8.1\junit-platform-engine-1.8.1.jar;C:\Users\ASUS\.m2\repository\org\opentest4j\opentest4j\1.2.0\opentest4j-1.2.0.jar;C:\Users\ASUS\.m2\repository\org\junit\platform\junit-platform-commons\1.8.1\junit-platform-commons-1.8.1.jar;C:\Users\ASUS\.m2\repository\org\apiguardian\apiguardian-api\1.1.2\apiguardian-api-1.1.2.jar;C:\Users\ASUS\.m2\repository\org\junit\jupiter\junit-jupiter-engine\5.8.2\junit-jupiter-engine-5.8.2.jar;C:\Users\ASUS\.m2\repository\org\junit\jupiter\junit-jupiter-api\5.8.2\junit-jupiter-api-5.8.2.jar;C:\Users\ASUS\.m2\repository\org\junit\vintage\junit-vintage-engine\5.8.2\junit-vintage-engine-5.8.2.jar;C:\Users\ASUS\.m2\repository\junit\junit\4.13.2\junit-4.13.2.jar;C:\Users\ASUS\.m2\repository\org\hamcrest\hamcrest-core\1.3\hamcrest-core-1.3.jar;C:\Users\ASUS\.m2\repository\ch\qos\logback\logback-classic\1.2.10\logback-classic-1.2.10.jar;C:\Users\ASUS\.m2\repository\ch\qos\logback\logback-core\1.2.10\logback-core-1.2.10.jar;C:\Users\ASUS\.m2\repository\org\slf4j\slf4j-api\1.7.32\slf4j-api-1.7.32.jar;C:\Users\ASUS\.m2\repository\org\assertj\assertj-core\3.6.2\assertj-core-3.6.2.jar;C:\Users\ASUS\.m2\repository\org\apache\maven\surefire\surefire-junit-platform\3.0.0-M5\surefire-junit-platform-3.0.0-M5.jar;C:\Users\ASUS\.m2\repository\org\apache\maven\surefire\common-java5\3.0.0-M5\common-java5-3.0.0-M5.jar"/>
    <property name="user.script" value=""/>
    <property name="java.protocol.handler.pkgs" value="com.google.common"/>
    <property name="sun.management.compiler" value="HotSpot 64-Bit Tiered Compilers"/>
    <property name="java.runtime.version" value="15.0.2+7-27"/>
    <property name="user.name" value="ASUS"/>
    <property name="path.separator" value=";"/>
    <property name="os.version" value="10.0"/>
    <property name="java.runtime.name" value="Java(TM) SE Runtime Environment"/>
    <property name="file.encoding" value="Cp1252"/>
    <property name="webdriver.base.url" value=""/>
    <property name="java.vm.name" value="Java HotSpot(TM) 64-Bit Server VM"/>
    <property name="localRepository" value="C:\Users\ASUS\.m2\repository"/>
    <property name="java.vendor.url.bug" value="https://bugreport.java.com/bugreport/"/>
    <property name="java.io.tmpdir" value="C:\Users\ASUS\AppData\Local\Temp\"/>
    <property name="java.version" value="15.0.2"/>
    <property name="user.dir" value="D:\PERKULIAHAN\Semester 6,Hebatt glad!\Dot-TechnicalTest"/>
    <property name="os.arch" value="amd64"/>
    <property name="java.vm.specification.name" value="Java Virtual Machine Specification"/>
    <property name="sun.os.patch.level" value=""/>
    <property name="java.library.path" value="C:\Program Files\Java\jdk-15.0.2\bin;C:\WINDOWS\Sun\Java\bin;C:\WINDOWS\system32;C:\WINDOWS;C:\Program Files\Java\jdk-15.0.2\bin;C:\Program Files\Common Files\Oracle\Java\javapath;C:\WINDOWS;C:\WINDOWS\system32;C:\WINDOWS\System32\Wbem;C:\WINDOWS\System32\WindowsPowerShell\v1.0\;C:\WINDOWS\System32\OpenSSH\;C:\Program Files\Intel\WiFi\bin\;C:\Program Files\Common Files\Intel\WirelessCommon\;C:\MinGw\bin;C:\Program Files\Microsoft SQL Server\Client SDK\ODBC\170\Tools\Binn\;C:\Program Files (x86)\Microsoft SQL Server\150\Tools\Binn\;C:\Program Files\Microsoft SQL Server\150\Tools\Binn\;C:\Program Files\Microsoft SQL Server\150\DTS\Binn\;C:\Program Files (x86)\dotnet\;C:\MinGW\bin;C:\Program Files\apache-maven-3.8.1\bin;C:\Program Files\chromedriver_win32;C:\Program Files\dotnet\;C:\Program Files\Git\cmd;C:\Users\ASUS\AppData\Local\Microsoft\WindowsApps;C:\Users\ASUS\AppData\Local\Programs\Microsoft VS Code\bin;C:\Users\ASUS\.dotnet\tools;C:\Program Files\erl-24.1\bin;C:\Program Files\RabbitMQ Server;C:\Program Files (x86)\Sophos\Sophos SSL VPN Client\bin;C:\Program Files\JetBrains\IntelliJ IDEA 2021.3.2\bin;;."/>
    <property name="java.vm.info" value="mixed mode"/>
    <property name="java.vendor" value="Oracle Corporation"/>
    <property name="java.vm.version" value="15.0.2+7-27"/>
    <property name="sun.io.unicode.encoding" value="UnicodeLittle"/>
    <property name="java.class.version" value="59.0"/>
  </properties>
  <testcase name="Login scenario #1" classname="Login" time="25.549">
    <system-out><![CDATA[11:57:12.803 [main] INFO io.cucumber.core.plugin.SerenityReporter - Running feature from file:///D:/PERKULIAHAN/Semester%206,Hebatt%20glad!/Dot-TechnicalTest/src/test/resources/features/login.feature
11:57:13.021 [main] INFO  - 

-------------------------------------------------------------------------------------
     _______. _______ .______       _______ .__   __.  __  .___________.____    ____ 
    /       ||   ____||   _  \     |   ____||  \ |  | |  | |           |\   \  /   / 
   |   (----`|  |__   |  |_)  |    |  |__   |   \|  | |  | `---|  |----` \   \/   /  
    \   \    |   __|  |      /     |   __|  |  . `  | |  |     |  |       \_    _/   
.----)   |   |  |____ |  |\  \----.|  |____ |  |\   | |  |     |  |         |  |     
|_______/    |_______|| _| `._____||_______||__| \__| |__|     |__|         |__|    
                                                                                     
 News and tutorials at http://www.serenity-bdd.info                                  
 Documentation at https://wakaleo.gitbooks.io/the-serenity-book/content/             
 Join the Serenity Community on Gitter: https://gitter.im/serenity-bdd/serenity-core 
 Serenity BDD Support and Training at http://serenity-bdd.info/#/trainingandsupport  
-------------------------------------------------------------------------------------

11:57:13.021 [main] DEBUG net.thucydides.core.steps.StepEventBus - Test suite started for story net.thucydides.core.model.Story@f388ff28
11:57:13.021 [main] INFO  - Test Suite Started: Login
11:57:13.037 [main] INFO io.cucumber.core.plugin.SerenityReporter - Running feature from file:///D:/PERKULIAHAN/Semester%206,Hebatt%20glad!/Dot-TechnicalTest/src/test/resources/features/login.feature
11:57:13.037 [main] DEBUG net.thucydides.core.steps.StepEventBus - Test suite started for story net.thucydides.core.model.Story@f388ff28
11:57:13.037 [main] INFO  - Test Suite Started: Login

@DDT
Scenario Outline: Login scenario                   &amp#27;[90m# src/test/resources/features/login.feature:26&amp#27;[0m
11:57:13.178 [main] INFO io.cucumber.core.plugin.SerenityReporter - Running feature from file:///D:/PERKULIAHAN/Semester%206,Hebatt%20glad!/Dot-TechnicalTest/src/test/resources/features/login.feature
11:57:13.303 [main] INFO  - 
  _____   ___   ___   _____     ___   _____     _     ___   _____   ___   ___  
 |_   _| | __| / __| |_   _|   / __| |_   _|   /_\   | _ \ |_   _| | __| |   \ 
   | |   | _|  \__ \   | |     \__ \   | |    / _ \  |   /   | |   | _|  | |) |
   |_|   |___| |___/   |_|     |___/   |_|   /_/ \_\ |_|_\   |_|   |___| |___/ 

Login scenario(login;login-scenario)
--------------------------------------------------------------------------------
11:57:14.274 [main] DEBUG net.thucydides.core.steps.StepInterceptor - STARTING STEP: LoginStepDefinitions.iAmOnLoginPage - openUrl
11:57:14.321 [main] INFO net.serenitybdd.core.webdriver.driverproviders.ChromeDriverProvider - Using automatically driver download
11:57:15.201 [main] DEBUG io.github.bonigarcia.wdm.cache.ResolutionCache - Resolution chrome=100 in cache (valid until 12:53:50 26/04/2022 WIB)
11:57:15.216 [main] DEBUG io.github.bonigarcia.wdm.cache.ResolutionCache - Resolution chrome100=100.0.4896.60 in cache (valid until 19:36:13 26/04/2022 WIB)
11:57:15.216 [main] INFO io.github.bonigarcia.wdm.WebDriverManager - Using chromedriver 100.0.4896.60 (resolved driver for Chrome 100)
11:57:15.248 [main] DEBUG io.github.bonigarcia.wdm.WebDriverManager - Driver chromedriver 100.0.4896.60 found in cache
11:57:15.248 [main] INFO io.github.bonigarcia.wdm.WebDriverManager - Exporting webdriver.chrome.driver as C:\Users\ASUS\.cache\selenium\chromedriver\win32\100.0.4896.60\chromedriver.exe
11:57:15.983 [main] DEBUG net.thucydides.core.reflection.ClassFinder - Could not load class .starter.cucumberTestSuite
11:57:15.983 [main] DEBUG net.thucydides.core.reflection.ClassFinder - Could not load class .starter.pages.HomePage
11:57:15.983 [main] DEBUG net.thucydides.core.reflection.ClassFinder - Could not load class .starter.pages.LoginPage
11:57:15.983 [main] DEBUG net.thucydides.core.reflection.ClassFinder - Could not load class .starter.stepdefinitions.LoginStepDefinitions
11:57:15.983 [main] DEBUG net.thucydides.core.reflection.ClassFinder - Could not load class META-INF.versions.9.com.sun.istack.logging.StackHelper
11:57:15.983 [main] DEBUG net.thucydides.core.reflection.ClassFinder - Could not load class META-INF.versions.9.com.sun.xml.bind.v2.runtime.reflect.opt.AccessorInjector
11:57:15.983 [main] DEBUG net.thucydides.core.reflection.ClassFinder - Could not load class META-INF.versions.9.com.sun.xml.bind.v2.runtime.reflect.opt.Injector
11:57:15.983 [main] DEBUG net.thucydides.core.reflection.ClassFinder - Could not load class META-INF.versions.9.com.sun.xml.bind.v2.runtime.reflect.opt.OptimizedAccessorFactory
11:57:15.983 [main] DEBUG net.thucydides.core.reflection.ClassFinder - Could not load class META-INF.versions.9.com.sun.xml.bind.v2.runtime.reflect.opt.OptimizedTransducedAccessorFactory
11:57:15.983 [main] DEBUG net.thucydides.core.reflection.ClassFinder - Could not load class META-INF.versions.9.io.opentelemetry.sdk.internal.CurrentJavaVersionSpecific
11:57:15.999 [main] DEBUG net.thucydides.core.reflection.ClassFinder - Could not load class META-INF.versions.9.io.opentelemetry.sdk.internal.Java9VersionSpecific
11:57:15.999 [main] DEBUG net.thucydides.core.reflection.ClassFinder - Could not load class META-INF.versions.9.javax.xml.bind.ModuleUtil
11:57:15.999 [main] DEBUG net.thucydides.core.reflection.ClassFinder - Could not load class META-INF.versions.9.module-info
11:57:15.999 [main] DEBUG net.thucydides.core.reflection.ClassFinder - Could not load class META-INF.versions.9.org.junit.platform.commons.util.ModuleUtils
11:57:16.389 [main] DEBUG net.thucydides.core.reflection.ClassFinder - Could not load class com.google.gson.internal.
11:57:16.619 [main] DEBUG net.thucydides.core.reflection.ClassFinder - Could not load class com.sun.xml.bind.v2.runtime.output.FastInfosetStreamWriterOutput
11:57:17.105 [main] DEBUG net.thucydides.core.reflection.ClassFinder - Could not load class module-info
11:57:20.072 [main] DEBUG io.netty.util.internal.logging.InternalLoggerFactory - Using SLF4J as the default logging framework
11:57:20.088 [main] DEBUG io.netty.util.ResourceLeakDetector - -Dio.netty.leakDetection.level: simple
11:57:20.088 [main] DEBUG io.netty.util.ResourceLeakDetector - -Dio.netty.leakDetection.targetRecords: 4
11:57:20.088 [main] DEBUG io.netty.util.ResourceLeakDetectorFactory - Loaded default ResourceLeakDetector: io.netty.util.ResourceLeakDetector@50df710a
11:57:20.103 [main] DEBUG io.netty.util.internal.PlatformDependent0 - -Dio.netty.noUnsafe: false
11:57:20.103 [main] DEBUG io.netty.util.internal.PlatformDependent0 - Java version: 15
11:57:20.103 [main] DEBUG io.netty.util.internal.PlatformDependent0 - sun.misc.Unsafe.theUnsafe: available
11:57:20.103 [main] DEBUG io.netty.util.internal.PlatformDependent0 - sun.misc.Unsafe.copyMemory: available
11:57:20.103 [main] DEBUG io.netty.util.internal.PlatformDependent0 - java.nio.Buffer.address: available
11:57:20.103 [main] DEBUG io.netty.util.internal.PlatformDependent0 - direct buffer constructor: unavailable: Reflective setAccessible(true) disabled
11:57:20.103 [main] DEBUG io.netty.util.internal.PlatformDependent0 - java.nio.Bits.unaligned: available, true
11:57:20.103 [main] DEBUG io.netty.util.internal.PlatformDependent0 - jdk.internal.misc.Unsafe.allocateUninitializedArray(int): unavailable: class io.netty.util.internal.PlatformDependent0$6 cannot access class jdk.internal.misc.Unsafe (in module java.base) because module java.base does not export jdk.internal.misc to unnamed module @6c4f9535
11:57:20.119 [main] DEBUG io.netty.util.internal.PlatformDependent0 - java.nio.DirectByteBuffer.<init>(long, int): unavailable
11:57:20.119 [main] DEBUG io.netty.util.internal.PlatformDependent - sun.misc.Unsafe: available
11:57:20.119 [main] DEBUG io.netty.util.internal.PlatformDependent - maxDirectMemory: 2671771648 bytes (maybe)
11:57:20.119 [main] DEBUG io.netty.util.internal.PlatformDependent - -Dio.netty.tmpdir: C:\Users\ASUS\AppData\Local\Temp (java.io.tmpdir)
11:57:20.119 [main] DEBUG io.netty.util.internal.PlatformDependent - -Dio.netty.bitMode: 64 (sun.arch.data.model)
11:57:20.119 [main] DEBUG io.netty.util.internal.PlatformDependent - Platform: Windows
11:57:20.119 [main] DEBUG io.netty.util.internal.PlatformDependent - -Dio.netty.maxDirectMemory: -1 bytes
11:57:20.119 [main] DEBUG io.netty.util.internal.PlatformDependent - -Dio.netty.uninitializedArrayAllocationThreshold: -1
11:57:20.119 [main] DEBUG io.netty.util.internal.CleanerJava9 - java.nio.ByteBuffer.cleaner(): available
11:57:20.119 [main] DEBUG io.netty.util.internal.PlatformDependent - -Dio.netty.noPreferDirect: false
11:57:20.134 [main] DEBUG io.netty.util.internal.PlatformDependent - org.jctools-core.MpscChunkedArrayQueue: available
11:57:20.150 [main] DEBUG io.netty.util.internal.InternalThreadLocalMap - -Dio.netty.threadLocalMap.stringBuilder.initialSize: 1024
11:57:20.150 [main] DEBUG io.netty.util.internal.InternalThreadLocalMap - -Dio.netty.threadLocalMap.stringBuilder.maxSize: 4096
11:57:20.213 [main] DEBUG io.netty.handler.ssl.JdkSslContext - Default protocols (JDK): [TLSv1.3, TLSv1.2, TLSv1.1, TLSv1] 
11:57:20.213 [main] DEBUG io.netty.handler.ssl.JdkSslContext - Default cipher suites (JDK): [TLS_ECDHE_ECDSA_WITH_AES_256_GCM_SHA384, TLS_ECDHE_ECDSA_WITH_AES_128_GCM_SHA256, TLS_ECDHE_RSA_WITH_AES_128_GCM_SHA256, TLS_ECDHE_RSA_WITH_AES_256_GCM_SHA384, TLS_ECDHE_RSA_WITH_AES_128_CBC_SHA, TLS_ECDHE_RSA_WITH_AES_256_CBC_SHA, TLS_RSA_WITH_AES_128_GCM_SHA256, TLS_RSA_WITH_AES_128_CBC_SHA, TLS_RSA_WITH_AES_256_CBC_SHA, TLS_AES_128_GCM_SHA256, TLS_AES_256_GCM_SHA384]
11:57:20.244 [main] DEBUG io.netty.channel.MultithreadEventLoopGroup - -Dio.netty.eventLoopThreads: 16
11:57:20.259 [main] DEBUG io.netty.channel.nio.NioEventLoop - -Dio.netty.noKeySetOptimization: false
11:57:20.259 [main] DEBUG io.netty.channel.nio.NioEventLoop - -Dio.netty.selectorAutoRebuildThreshold: 512
11:57:20.322 [main] DEBUG io.netty.buffer.PooledByteBufAllocator - -Dio.netty.allocator.numHeapArenas: 16
11:57:20.322 [main] DEBUG io.netty.buffer.PooledByteBufAllocator - -Dio.netty.allocator.numDirectArenas: 16
11:57:20.322 [main] DEBUG io.netty.buffer.PooledByteBufAllocator - -Dio.netty.allocator.pageSize: 8192
11:57:20.322 [main] DEBUG io.netty.buffer.PooledByteBufAllocator - -Dio.netty.allocator.maxOrder: 11
11:57:20.322 [main] DEBUG io.netty.buffer.PooledByteBufAllocator - -Dio.netty.allocator.chunkSize: 16777216
11:57:20.322 [main] DEBUG io.netty.buffer.PooledByteBufAllocator - -Dio.netty.allocator.smallCacheSize: 256
11:57:20.322 [main] DEBUG io.netty.buffer.PooledByteBufAllocator - -Dio.netty.allocator.normalCacheSize: 64
11:57:20.322 [main] DEBUG io.netty.buffer.PooledByteBufAllocator - -Dio.netty.allocator.maxCachedBufferCapacity: 32768
11:57:20.322 [main] DEBUG io.netty.buffer.PooledByteBufAllocator - -Dio.netty.allocator.cacheTrimInterval: 8192
11:57:20.322 [main] DEBUG io.netty.buffer.PooledByteBufAllocator - -Dio.netty.allocator.cacheTrimIntervalMillis: 0
11:57:20.322 [main] DEBUG io.netty.buffer.PooledByteBufAllocator - -Dio.netty.allocator.useCacheForAllThreads: true
11:57:20.322 [main] DEBUG io.netty.buffer.PooledByteBufAllocator - -Dio.netty.allocator.maxCachedByteBuffersPerChunk: 1023
11:57:20.322 [main] DEBUG io.netty.buffer.ByteBufUtil - -Dio.netty.allocator.type: pooled
11:57:20.322 [main] DEBUG io.netty.buffer.ByteBufUtil - -Dio.netty.threadLocalDirectBufferSize: 0
11:57:20.322 [main] DEBUG io.netty.buffer.ByteBufUtil - -Dio.netty.maxThreadLocalCharBufferSize: 16384
11:57:20.527 [main] DEBUG net.serenitybdd.core.webdriver.driverproviders.ProvideNewDriver - Instantiating driver
11:57:20.527 [main] DEBUG net.serenitybdd.core.webdriver.driverproviders.ProvideNewDriver - Driver capabilities: Capabilities {acceptInsecureCerts: false, base.url: https://www.psegameshop.com/, browserName: chrome, chrome.driver: src/test/resources/webdrive..., driver: chrome, goog:chromeOptions: {args: [], extensions: []}}
11:57:21.238 [Forwarding newSession on session null to remote] DEBUG io.netty.channel.DefaultChannelId - -Dio.netty.processId: 10768 (auto-detected)
11:57:21.240 [Forwarding newSession on session null to remote] DEBUG io.netty.util.NetUtil - -Djava.net.preferIPv4Stack: false
11:57:21.240 [Forwarding newSession on session null to remote] DEBUG io.netty.util.NetUtil - -Djava.net.preferIPv6Addresses: false
11:57:21.241 [Forwarding newSession on session null to remote] DEBUG io.netty.util.NetUtilInitializations - Loopback interface: lo (Software Loopback Interface 1, 127.0.0.1)
11:57:21.241 [Forwarding newSession on session null to remote] DEBUG io.netty.util.NetUtil - Failed to get SOMAXCONN from sysctl and file \proc\sys\net\core\somaxconn. Default: 200
11:57:21.272 [Forwarding newSession on session null to remote] DEBUG io.netty.channel.DefaultChannelId - -Dio.netty.machineId: 04:ea:56:ff:fe:54:1b:1e (auto-detected)
11:57:21.319 [AsyncHttpClient-1-2] DEBUG io.netty.buffer.AbstractByteBuf - -Dio.netty.buffer.checkAccessible: true
11:57:21.319 [AsyncHttpClient-1-2] DEBUG io.netty.buffer.AbstractByteBuf - -Dio.netty.buffer.checkBounds: true
11:57:21.319 [AsyncHttpClient-1-2] DEBUG io.netty.util.ResourceLeakDetectorFactory - Loaded default ResourceLeakDetector: io.netty.util.ResourceLeakDetector@7c4ff110
11:57:21.319 [AsyncHttpClient-1-2] DEBUG org.asynchttpclient.netty.channel.NettyConnectListener - Using new Channel '[id: 0x29dadf8d, L:/127.0.0.1:49951 - R:localhost/127.0.0.1:62517]' for 'POST' to '/session'
11:57:21.341 [AsyncHttpClient-1-2] DEBUG io.netty.util.Recycler - -Dio.netty.recycler.maxCapacityPerThread: 4096
11:57:21.341 [AsyncHttpClient-1-2] DEBUG io.netty.util.Recycler - -Dio.netty.recycler.ratio: 8
11:57:21.341 [AsyncHttpClient-1-2] DEBUG io.netty.util.Recycler - -Dio.netty.recycler.chunkSize: 32
11:57:21.341 [AsyncHttpClient-1-2] DEBUG io.netty.util.Recycler - -Dio.netty.recycler.blocking: false
11:57:22.073 [AsyncHttpClient-1-2] DEBUG io.netty.handler.codec.compression.Brotli - brotli4j not in the classpath; Brotli support will be unavailable.
11:57:22.073 [AsyncHttpClient-1-2] DEBUG org.asynchttpclient.netty.handler.HttpHandler - 

Request DefaultHttpRequest(decodeResult: success, version: HTTP/1.1)
POST /session HTTP/1.1
User-Agent: selenium/4.1.2 (java windows)
Content-Length: 614
Content-Type: application/json; charset=utf-8
host: localhost:62517
accept: */*

Response DefaultHttpResponse(decodeResult: success, version: HTTP/1.1)
HTTP/1.1 200 OK
Content-Type: application/json; charset=utf-8
cache-control: no-cache
content-length: 789

11:57:22.080 [AsyncHttpClient-1-2] DEBUG org.asynchttpclient.netty.channel.ChannelManager - Adding key: http://localhost:62517 for channel [id: 0x29dadf8d, L:/127.0.0.1:49951 - R:localhost/127.0.0.1:62517]
11:57:22.140 [AsyncHttpClient-1-3] DEBUG org.asynchttpclient.netty.channel.NettyConnectListener - Using new Channel '[id: 0xc1bd5f53, L:/127.0.0.1:49959 - R:localhost/127.0.0.1:49952]' for 'GET' to '/json/version'
11:57:22.156 [AsyncHttpClient-1-3] DEBUG org.asynchttpclient.netty.handler.HttpHandler - 

Request DefaultFullHttpRequest(decodeResult: success, version: HTTP/1.1, content: EmptyByteBufBE)
GET /json/version HTTP/1.1
User-Agent: selenium/4.1.2 (java windows)
host: localhost:49952
accept: */*

Response DefaultHttpResponse(decodeResult: success, version: HTTP/1.1)
HTTP/1.1 200 OK
Content-Type: application/json; charset=UTF-8
content-length: 429

11:57:22.156 [AsyncHttpClient-1-3] DEBUG org.asynchttpclient.netty.channel.ChannelManager - Adding key: http://localhost:49952 for channel [id: 0xc1bd5f53, L:/127.0.0.1:49959 - R:localhost/127.0.0.1:49952]
11:57:22.156 [main] DEBUG io.netty.util.internal.ThreadLocalRandom - -Dio.netty.initialSeedUniquifier: 0x0f99f57356011d66
11:57:22.156 [AsyncHttpClient-1-4] DEBUG org.asynchttpclient.netty.channel.NettyConnectListener - Using new Channel '[id: 0x4fafe18d, L:/127.0.0.1:49960 - R:localhost/127.0.0.1:49952]' for 'GET' to '/devtools/browser/51c45095-2f68-454e-ac99-1bd2ffde26c8'
11:57:22.172 [AsyncHttpClient-1-4] DEBUG org.asynchttpclient.netty.handler.WebSocketHandler - 

Request DefaultFullHttpRequest(decodeResult: success, version: HTTP/1.1, content: EmptyByteBufBE)
GET /devtools/browser/51c45095-2f68-454e-ac99-1bd2ffde26c8 HTTP/1.1
upgrade: websocket
connection: upgrade
sec-websocket-key: LnaxDEuXnQrDeYcX2PDLhQ==
sec-websocket-version: 13
origin: http://localhost:49952
host: localhost:49952
accept: */*
user-agent: AHC/2.1

Response DefaultHttpResponse(decodeResult: success, version: HTTP/1.1)
HTTP/1.1 101 WebSocket Protocol Handshake
Upgrade: WebSocket
Connection: Upgrade
Sec-WebSocket-Accept: kldtPx1xcmvINlJbW5oOZzzCywU=

11:57:22.203 [Forwarding maximizeCurrentWindow on session 26a663fffd8912e327179096e132fc4b to remote] DEBUG org.asynchttpclient.netty.request.NettyRequestSender - Using pooled Channel '[id: 0x29dadf8d, L:/127.0.0.1:49951 - R:localhost/127.0.0.1:62517]' for 'POST' to 'http://localhost:62517/session/26a663fffd8912e327179096e132fc4b/window/maximize'
11:57:22.203 [Forwarding maximizeCurrentWindow on session 26a663fffd8912e327179096e132fc4b to remote] DEBUG org.asynchttpclient.netty.request.NettyRequestSender - Using open Channel [id: 0x29dadf8d, L:/127.0.0.1:49951 - R:localhost/127.0.0.1:62517] for POST '/session/26a663fffd8912e327179096e132fc4b/window/maximize'
11:57:22.334 [AsyncHttpClient-1-2] DEBUG org.asynchttpclient.netty.handler.HttpHandler - 

Request DefaultHttpRequest(decodeResult: success, version: HTTP/1.1)
POST /session/26a663fffd8912e327179096e132fc4b/window/maximize HTTP/1.1
User-Agent: selenium/4.1.2 (java windows)
Content-Length: 3
Content-Type: application/json; charset=utf-8
host: localhost:62517
accept: */*

Response DefaultHttpResponse(decodeResult: success, version: HTTP/1.1)
HTTP/1.1 200 OK
Content-Type: application/json; charset=utf-8
cache-control: no-cache
content-length: 51

11:57:22.334 [AsyncHttpClient-1-2] DEBUG org.asynchttpclient.netty.channel.ChannelManager - Adding key: http://localhost:62517 for channel [id: 0x29dadf8d, L:/127.0.0.1:49951 - R:localhost/127.0.0.1:62517]
11:57:22.350 [AsyncHttpClient-1-1] DEBUG org.asynchttpclient.netty.channel.DefaultChannelPool - Entry count for : http://localhost:62517 : 1
11:57:22.350 [AsyncHttpClient-1-1] DEBUG org.asynchttpclient.netty.channel.DefaultChannelPool - Entry count for : http://localhost:49952 : 1
11:57:22.924 [main] DEBUG net.thucydides.core.reflection.ClassFinder - Could not load class .starter.cucumberTestSuite
11:57:22.924 [main] DEBUG net.thucydides.core.reflection.ClassFinder - Could not load class .starter.pages.HomePage
11:57:22.924 [main] DEBUG net.thucydides.core.reflection.ClassFinder - Could not load class .starter.pages.LoginPage
11:57:22.924 [main] DEBUG net.thucydides.core.reflection.ClassFinder - Could not load class .starter.stepdefinitions.LoginStepDefinitions
11:57:22.924 [main] DEBUG net.thucydides.core.reflection.ClassFinder - Could not load class META-INF.versions.9.com.sun.istack.logging.StackHelper
11:57:22.924 [main] DEBUG net.thucydides.core.reflection.ClassFinder - Could not load class META-INF.versions.9.com.sun.xml.bind.v2.runtime.reflect.opt.AccessorInjector
11:57:22.924 [main] DEBUG net.thucydides.core.reflection.ClassFinder - Could not load class META-INF.versions.9.com.sun.xml.bind.v2.runtime.reflect.opt.Injector
11:57:22.924 [main] DEBUG net.thucydides.core.reflection.ClassFinder - Could not load class META-INF.versions.9.com.sun.xml.bind.v2.runtime.reflect.opt.OptimizedAccessorFactory
11:57:22.924 [main] DEBUG net.thucydides.core.reflection.ClassFinder - Could not load class META-INF.versions.9.com.sun.xml.bind.v2.runtime.reflect.opt.OptimizedTransducedAccessorFactory
11:57:22.940 [main] DEBUG net.thucydides.core.reflection.ClassFinder - Could not load class META-INF.versions.9.io.opentelemetry.sdk.internal.CurrentJavaVersionSpecific
11:57:22.940 [main] DEBUG net.thucydides.core.reflection.ClassFinder - Could not load class META-INF.versions.9.io.opentelemetry.sdk.internal.Java9VersionSpecific
11:57:22.940 [main] DEBUG net.thucydides.core.reflection.ClassFinder - Could not load class META-INF.versions.9.javax.xml.bind.ModuleUtil
11:57:22.940 [main] DEBUG net.thucydides.core.reflection.ClassFinder - Could not load class META-INF.versions.9.module-info
11:57:22.940 [main] DEBUG net.thucydides.core.reflection.ClassFinder - Could not load class META-INF.versions.9.org.junit.platform.commons.util.ModuleUtils
11:57:22.940 [main] DEBUG net.thucydides.core.reflection.ClassFinder - Could not load class com.google.gson.internal.
11:57:22.940 [main] DEBUG net.thucydides.core.reflection.ClassFinder - Could not load class com.sun.xml.bind.v2.runtime.output.FastInfosetStreamWriterOutput
11:57:22.940 [main] DEBUG net.thucydides.core.reflection.ClassFinder - Could not load class module-info
11:57:22.956 [Forwarding get on session 26a663fffd8912e327179096e132fc4b to remote] DEBUG org.asynchttpclient.netty.request.NettyRequestSender - Using pooled Channel '[id: 0x29dadf8d, L:/127.0.0.1:49951 - R:localhost/127.0.0.1:62517]' for 'POST' to 'http://localhost:62517/session/26a663fffd8912e327179096e132fc4b/url'
11:57:22.956 [Forwarding get on session 26a663fffd8912e327179096e132fc4b to remote] DEBUG org.asynchttpclient.netty.request.NettyRequestSender - Using open Channel [id: 0x29dadf8d, L:/127.0.0.1:49951 - R:localhost/127.0.0.1:62517] for POST '/session/26a663fffd8912e327179096e132fc4b/url'
11:57:23.440 [AsyncHttpClient-1-1] DEBUG org.asynchttpclient.netty.channel.DefaultChannelPool - Entry count for : http://localhost:49952 : 1
11:57:24.546 [AsyncHttpClient-1-1] DEBUG org.asynchttpclient.netty.channel.DefaultChannelPool - Entry count for : http://localhost:49952 : 1
11:57:25.641 [AsyncHttpClient-1-1] DEBUG org.asynchttpclient.netty.channel.DefaultChannelPool - Entry count for : http://localhost:49952 : 1
11:57:26.740 [AsyncHttpClient-1-1] DEBUG org.asynchttpclient.netty.channel.DefaultChannelPool - Entry count for : http://localhost:49952 : 1
11:57:27.841 [AsyncHttpClient-1-1] DEBUG org.asynchttpclient.netty.channel.DefaultChannelPool - Entry count for : http://localhost:49952 : 1
11:57:28.023 [AsyncHttpClient-1-2] DEBUG org.asynchttpclient.netty.handler.HttpHandler - 

Request DefaultHttpRequest(decodeResult: success, version: HTTP/1.1)
POST /session/26a663fffd8912e327179096e132fc4b/url HTTP/1.1
User-Agent: selenium/4.1.2 (java windows)
Content-Length: 58
Content-Type: application/json; charset=utf-8
host: localhost:62517
accept: */*

Response DefaultHttpResponse(decodeResult: success, version: HTTP/1.1)
HTTP/1.1 200 OK
Content-Type: application/json; charset=utf-8
cache-control: no-cache
content-length: 14

11:57:28.023 [AsyncHttpClient-1-2] DEBUG org.asynchttpclient.netty.channel.ChannelManager - Adding key: http://localhost:62517 for channel [id: 0x29dadf8d, L:/127.0.0.1:49951 - R:localhost/127.0.0.1:62517]
11:57:28.028 [Forwarding setTimeout on session 26a663fffd8912e327179096e132fc4b to remote] DEBUG org.asynchttpclient.netty.request.NettyRequestSender - Using pooled Channel '[id: 0x29dadf8d, L:/127.0.0.1:49951 - R:localhost/127.0.0.1:62517]' for 'POST' to 'http://localhost:62517/session/26a663fffd8912e327179096e132fc4b/timeouts'
11:57:28.028 [Forwarding setTimeout on session 26a663fffd8912e327179096e132fc4b to remote] DEBUG org.asynchttpclient.netty.request.NettyRequestSender - Using open Channel [id: 0x29dadf8d, L:/127.0.0.1:49951 - R:localhost/127.0.0.1:62517] for POST '/session/26a663fffd8912e327179096e132fc4b/timeouts'
11:57:28.030 [AsyncHttpClient-1-2] DEBUG org.asynchttpclient.netty.handler.HttpHandler - 

Request DefaultHttpRequest(decodeResult: success, version: HTTP/1.1)
POST /session/26a663fffd8912e327179096e132fc4b/timeouts HTTP/1.1
User-Agent: selenium/4.1.2 (java windows)
Content-Length: 22
Content-Type: application/json; charset=utf-8
host: localhost:62517
accept: */*

Response DefaultHttpResponse(decodeResult: success, version: HTTP/1.1)
HTTP/1.1 200 OK
Content-Type: application/json; charset=utf-8
cache-control: no-cache
content-length: 14

11:57:28.030 [AsyncHttpClient-1-2] DEBUG org.asynchttpclient.netty.channel.ChannelManager - Adding key: http://localhost:62517 for channel [id: 0x29dadf8d, L:/127.0.0.1:49951 - R:localhost/127.0.0.1:62517]
11:57:28.036 [Forwarding getCurrentUrl on session 26a663fffd8912e327179096e132fc4b to remote] DEBUG org.asynchttpclient.netty.request.NettyRequestSender - Using pooled Channel '[id: 0x29dadf8d, L:/127.0.0.1:49951 - R:localhost/127.0.0.1:62517]' for 'GET' to 'http://localhost:62517/session/26a663fffd8912e327179096e132fc4b/url'
11:57:28.037 [Forwarding getCurrentUrl on session 26a663fffd8912e327179096e132fc4b to remote] DEBUG org.asynchttpclient.netty.request.NettyRequestSender - Using open Channel [id: 0x29dadf8d, L:/127.0.0.1:49951 - R:localhost/127.0.0.1:62517] for GET '/session/26a663fffd8912e327179096e132fc4b/url'
11:57:28.042 [AsyncHttpClient-1-2] DEBUG org.asynchttpclient.netty.handler.HttpHandler - 

Request DefaultFullHttpRequest(decodeResult: success, version: HTTP/1.1, content: EmptyByteBufBE)
GET /session/26a663fffd8912e327179096e132fc4b/url HTTP/1.1
User-Agent: selenium/4.1.2 (java windows)
Cache-Control: no-cache
Content-Type: application/json; charset=utf-8
host: localhost:62517
accept: */*

Response DefaultHttpResponse(decodeResult: success, version: HTTP/1.1)
HTTP/1.1 200 OK
Content-Type: application/json; charset=utf-8
cache-control: no-cache
content-length: 40

11:57:28.042 [AsyncHttpClient-1-2] DEBUG org.asynchttpclient.netty.channel.ChannelManager - Adding key: http://localhost:62517 for channel [id: 0x29dadf8d, L:/127.0.0.1:49951 - R:localhost/127.0.0.1:62517]
11:57:28.065 [main] DEBUG net.serenitybdd.core.photography.Darkroom - Opening darkroom
11:57:28.066 [Darkroom Processing Line] DEBUG net.serenitybdd.core.photography.DarkroomProcessingLine - Darkroom processing line starting up
11:57:28.067 [Forwarding screenshot on session 26a663fffd8912e327179096e132fc4b to remote] DEBUG org.asynchttpclient.netty.request.NettyRequestSender - Using pooled Channel '[id: 0x29dadf8d, L:/127.0.0.1:49951 - R:localhost/127.0.0.1:62517]' for 'GET' to 'http://localhost:62517/session/26a663fffd8912e327179096e132fc4b/screenshot'
11:57:28.067 [Forwarding screenshot on session 26a663fffd8912e327179096e132fc4b to remote] DEBUG org.asynchttpclient.netty.request.NettyRequestSender - Using open Channel [id: 0x29dadf8d, L:/127.0.0.1:49951 - R:localhost/127.0.0.1:62517] for GET '/session/26a663fffd8912e327179096e132fc4b/screenshot'
11:57:28.556 [AsyncHttpClient-1-2] DEBUG org.asynchttpclient.netty.handler.HttpHandler - 

Request DefaultFullHttpRequest(decodeResult: success, version: HTTP/1.1, content: EmptyByteBufBE)
GET /session/26a663fffd8912e327179096e132fc4b/screenshot HTTP/1.1
User-Agent: selenium/4.1.2 (java windows)
Cache-Control: no-cache
Content-Type: application/json; charset=utf-8
host: localhost:62517
accept: */*

Response DefaultHttpResponse(decodeResult: success, version: HTTP/1.1)
HTTP/1.1 200 OK
Content-Type: application/json; charset=utf-8
cache-control: no-cache
content-length: 1333224

11:57:28.556 [AsyncHttpClient-1-2] DEBUG org.asynchttpclient.netty.channel.ChannelManager - Adding key: http://localhost:62517 for channel [id: 0x29dadf8d, L:/127.0.0.1:49951 - R:localhost/127.0.0.1:62517]
11:57:28.752 [main] DEBUG net.serenitybdd.core.photography.Darkroom - Send negative for processing for target\site\serenity\c925c8731599a4bbb4bd4d8c7a4d70d0462713f3f622cbc7dc19f71c53eaa6d8.png
11:57:28.753 [Darkroom Processing Line] DEBUG net.serenitybdd.core.photography.DarkroomProcessingLine - Processing screenshot image in /var/screenshots/screenshot-12038818534147538045
11:57:28.753 [Darkroom Processing Line] DEBUG net.serenitybdd.core.photography.DarkroomProcessingLine - Saving screenshot to target\site\serenity\c925c8731599a4bbb4bd4d8c7a4d70d0462713f3f622cbc7dc19f71c53eaa6d8.png
11:57:28.757 [main] DEBUG net.thucydides.core.steps.StepInterceptor - STEP DONE: openUrl
11:57:28.770 [main] DEBUG net.thucydides.core.steps.StepInterceptor - STARTING STEP: LoginStepDefinitions.iAmOnLoginPage - validateAccountIsApp
11:57:28.776 [Forwarding findElement on session 26a663fffd8912e327179096e132fc4b to remote] DEBUG org.asynchttpclient.netty.request.NettyRequestSender - Using pooled Channel '[id: 0x29dadf8d, L:/127.0.0.1:49951 - R:localhost/127.0.0.1:62517]' for 'POST' to 'http://localhost:62517/session/26a663fffd8912e327179096e132fc4b/element'
11:57:28.776 [Forwarding findElement on session 26a663fffd8912e327179096e132fc4b to remote] DEBUG org.asynchttpclient.netty.request.NettyRequestSender - Using open Channel [id: 0x29dadf8d, L:/127.0.0.1:49951 - R:localhost/127.0.0.1:62517] for POST '/session/26a663fffd8912e327179096e132fc4b/element'
11:57:28.780 [AsyncHttpClient-1-2] DEBUG org.asynchttpclient.netty.handler.HttpHandler - 

Request DefaultHttpRequest(decodeResult: success, version: HTTP/1.1)
POST /session/26a663fffd8912e327179096e132fc4b/element HTTP/1.1
User-Agent: selenium/4.1.2 (java windows)
Content-Length: 46
Content-Type: application/json; charset=utf-8
host: localhost:62517
accept: */*

Response DefaultHttpResponse(decodeResult: success, version: HTTP/1.1)
HTTP/1.1 400 Bad Request
Content-Type: application/json; charset=utf-8
cache-control: no-cache
content-length: 958

11:57:28.781 [AsyncHttpClient-1-2] DEBUG org.asynchttpclient.netty.channel.ChannelManager - Adding key: http://localhost:62517 for channel [id: 0x29dadf8d, L:/127.0.0.1:49951 - R:localhost/127.0.0.1:62517]
11:57:28.796 [Forwarding findElement on session 26a663fffd8912e327179096e132fc4b to remote] DEBUG org.asynchttpclient.netty.request.NettyRequestSender - Using pooled Channel '[id: 0x29dadf8d, L:/127.0.0.1:49951 - R:localhost/127.0.0.1:62517]' for 'POST' to 'http://localhost:62517/session/26a663fffd8912e327179096e132fc4b/element'
11:57:28.796 [Forwarding findElement on session 26a663fffd8912e327179096e132fc4b to remote] DEBUG org.asynchttpclient.netty.request.NettyRequestSender - Using open Channel [id: 0x29dadf8d, L:/127.0.0.1:49951 - R:localhost/127.0.0.1:62517] for POST '/session/26a663fffd8912e327179096e132fc4b/element'
11:57:28.826 [AsyncHttpClient-1-2] DEBUG org.asynchttpclient.netty.handler.HttpHandler - 

Request DefaultHttpRequest(decodeResult: success, version: HTTP/1.1)
POST /session/26a663fffd8912e327179096e132fc4b/element HTTP/1.1
User-Agent: selenium/4.1.2 (java windows)
Content-Length: 56
Content-Type: application/json; charset=utf-8
host: localhost:62517
accept: */*

Response DefaultHttpResponse(decodeResult: success, version: HTTP/1.1)
HTTP/1.1 200 OK
Content-Type: application/json; charset=utf-8
cache-control: no-cache
content-length: 88

11:57:28.826 [AsyncHttpClient-1-2] DEBUG org.asynchttpclient.netty.channel.ChannelManager - Adding key: http://localhost:62517 for channel [id: 0x29dadf8d, L:/127.0.0.1:49951 - R:localhost/127.0.0.1:62517]
11:57:28.842 [Forwarding isElementDisplayed on session 26a663fffd8912e327179096e132fc4b to remote] DEBUG org.asynchttpclient.netty.request.NettyRequestSender - Using pooled Channel '[id: 0x29dadf8d, L:/127.0.0.1:49951 - R:localhost/127.0.0.1:62517]' for 'POST' to 'http://localhost:62517/session/26a663fffd8912e327179096e132fc4b/execute/sync'
11:57:28.842 [Forwarding isElementDisplayed on session 26a663fffd8912e327179096e132fc4b to remote] DEBUG org.asynchttpclient.netty.request.NettyRequestSender - Using open Channel [id: 0x29dadf8d, L:/127.0.0.1:49951 - R:localhost/127.0.0.1:62517] for POST '/session/26a663fffd8912e327179096e132fc4b/execute/sync'
11:57:28.869 [AsyncHttpClient-1-2] DEBUG org.asynchttpclient.netty.handler.HttpHandler - 

Request DefaultHttpRequest(decodeResult: success, version: HTTP/1.1)
POST /session/26a663fffd8912e327179096e132fc4b/execute/sync HTTP/1.1
User-Agent: selenium/4.1.2 (java windows)
Content-Length: 48780
Content-Type: application/json; charset=utf-8
host: localhost:62517
accept: */*

Response DefaultHttpResponse(decodeResult: success, version: HTTP/1.1)
HTTP/1.1 200 OK
Content-Type: application/json; charset=utf-8
cache-control: no-cache
content-length: 14

11:57:28.869 [AsyncHttpClient-1-2] DEBUG org.asynchttpclient.netty.channel.ChannelManager - Adding key: http://localhost:62517 for channel [id: 0x29dadf8d, L:/127.0.0.1:49951 - R:localhost/127.0.0.1:62517]
11:57:28.881 [Forwarding screenshot on session 26a663fffd8912e327179096e132fc4b to remote] DEBUG org.asynchttpclient.netty.request.NettyRequestSender - Using pooled Channel '[id: 0x29dadf8d, L:/127.0.0.1:49951 - R:localhost/127.0.0.1:62517]' for 'GET' to 'http://localhost:62517/session/26a663fffd8912e327179096e132fc4b/screenshot'
11:57:28.882 [Forwarding screenshot on session 26a663fffd8912e327179096e132fc4b to remote] DEBUG org.asynchttpclient.netty.request.NettyRequestSender - Using open Channel [id: 0x29dadf8d, L:/127.0.0.1:49951 - R:localhost/127.0.0.1:62517] for GET '/session/26a663fffd8912e327179096e132fc4b/screenshot'
11:57:28.940 [AsyncHttpClient-1-1] DEBUG org.asynchttpclient.netty.channel.DefaultChannelPool - Entry count for : http://localhost:49952 : 1
11:57:29.388 [AsyncHttpClient-1-2] DEBUG org.asynchttpclient.netty.handler.HttpHandler - 

Request DefaultFullHttpRequest(decodeResult: success, version: HTTP/1.1, content: EmptyByteBufBE)
GET /session/26a663fffd8912e327179096e132fc4b/screenshot HTTP/1.1
User-Agent: selenium/4.1.2 (java windows)
Cache-Control: no-cache
Content-Type: application/json; charset=utf-8
host: localhost:62517
accept: */*

Response DefaultHttpResponse(decodeResult: success, version: HTTP/1.1)
HTTP/1.1 200 OK
Content-Type: application/json; charset=utf-8
cache-control: no-cache
content-length: 1335528

11:57:29.388 [AsyncHttpClient-1-2] DEBUG org.asynchttpclient.netty.channel.ChannelManager - Adding key: http://localhost:62517 for channel [id: 0x29dadf8d, L:/127.0.0.1:49951 - R:localhost/127.0.0.1:62517]
11:57:29.471 [main] DEBUG net.serenitybdd.core.photography.Darkroom - Send negative for processing for target\site\serenity\1761e653b53057c0c8de4959e8e98ab73f4f917ecbf4d22f6db3937c26b12b50.png
11:57:29.471 [main] DEBUG net.thucydides.core.steps.StepInterceptor - STEP DONE: validateAccountIsApp
11:57:29.471 [Darkroom Processing Line] DEBUG net.serenitybdd.core.photography.DarkroomProcessingLine - Processing screenshot image in /var/screenshots/screenshot-16631299345846841338
11:57:29.471 [Darkroom Processing Line] DEBUG net.serenitybdd.core.photography.DarkroomProcessingLine - Saving screenshot to target\site\serenity\1761e653b53057c0c8de4959e8e98ab73f4f917ecbf4d22f6db3937c26b12b50.png
11:57:29.471 [main] DEBUG net.thucydides.core.steps.StepInterceptor - STARTING STEP: LoginStepDefinitions.iAmOnLoginPage - clickIconAccount
11:57:29.487 [Forwarding findElement on session 26a663fffd8912e327179096e132fc4b to remote] DEBUG org.asynchttpclient.netty.request.NettyRequestSender - Using pooled Channel '[id: 0x29dadf8d, L:/127.0.0.1:49951 - R:localhost/127.0.0.1:62517]' for 'POST' to 'http://localhost:62517/session/26a663fffd8912e327179096e132fc4b/element'
11:57:29.487 [Forwarding findElement on session 26a663fffd8912e327179096e132fc4b to remote] DEBUG org.asynchttpclient.netty.request.NettyRequestSender - Using open Channel [id: 0x29dadf8d, L:/127.0.0.1:49951 - R:localhost/127.0.0.1:62517] for POST '/session/26a663fffd8912e327179096e132fc4b/element'
11:57:29.502 [AsyncHttpClient-1-2] DEBUG org.asynchttpclient.netty.handler.HttpHandler - 

Request DefaultHttpRequest(decodeResult: success, version: HTTP/1.1)
POST /session/26a663fffd8912e327179096e132fc4b/element HTTP/1.1
User-Agent: selenium/4.1.2 (java windows)
Content-Length: 56
Content-Type: application/json; charset=utf-8
host: localhost:62517
accept: */*

Response DefaultHttpResponse(decodeResult: success, version: HTTP/1.1)
HTTP/1.1 200 OK
Content-Type: application/json; charset=utf-8
cache-control: no-cache
content-length: 88

11:57:29.502 [AsyncHttpClient-1-2] DEBUG org.asynchttpclient.netty.channel.ChannelManager - Adding key: http://localhost:62517 for channel [id: 0x29dadf8d, L:/127.0.0.1:49951 - R:localhost/127.0.0.1:62517]
11:57:29.502 [Forwarding getElementTagName on session 26a663fffd8912e327179096e132fc4b to remote] DEBUG org.asynchttpclient.netty.request.NettyRequestSender - Using pooled Channel '[id: 0x29dadf8d, L:/127.0.0.1:49951 - R:localhost/127.0.0.1:62517]' for 'GET' to 'http://localhost:62517/session/26a663fffd8912e327179096e132fc4b/element/7fb652f7-21fd-443f-93f9-be1f1bc3e25f/name'
11:57:29.502 [Forwarding getElementTagName on session 26a663fffd8912e327179096e132fc4b to remote] DEBUG org.asynchttpclient.netty.request.NettyRequestSender - Using open Channel [id: 0x29dadf8d, L:/127.0.0.1:49951 - R:localhost/127.0.0.1:62517] for GET '/session/26a663fffd8912e327179096e132fc4b/element/7fb652f7-21fd-443f-93f9-be1f1bc3e25f/name'
11:57:29.502 [AsyncHttpClient-1-2] DEBUG org.asynchttpclient.netty.handler.HttpHandler - 

Request DefaultFullHttpRequest(decodeResult: success, version: HTTP/1.1, content: EmptyByteBufBE)
GET /session/26a663fffd8912e327179096e132fc4b/element/7fb652f7-21fd-443f-93f9-be1f1bc3e25f/name HTTP/1.1
User-Agent: selenium/4.1.2 (java windows)
Cache-Control: no-cache
Content-Type: application/json; charset=utf-8
host: localhost:62517
accept: */*

Response DefaultHttpResponse(decodeResult: success, version: HTTP/1.1)
HTTP/1.1 200 OK
Content-Type: application/json; charset=utf-8
cache-control: no-cache
content-length: 13

11:57:29.502 [AsyncHttpClient-1-2] DEBUG org.asynchttpclient.netty.channel.ChannelManager - Adding key: http://localhost:62517 for channel [id: 0x29dadf8d, L:/127.0.0.1:49951 - R:localhost/127.0.0.1:62517]
11:57:29.502 [Forwarding getElementTagName on session 26a663fffd8912e327179096e132fc4b to remote] DEBUG org.asynchttpclient.netty.request.NettyRequestSender - Using pooled Channel '[id: 0x29dadf8d, L:/127.0.0.1:49951 - R:localhost/127.0.0.1:62517]' for 'GET' to 'http://localhost:62517/session/26a663fffd8912e327179096e132fc4b/element/7fb652f7-21fd-443f-93f9-be1f1bc3e25f/name'
11:57:29.502 [Forwarding getElementTagName on session 26a663fffd8912e327179096e132fc4b to remote] DEBUG org.asynchttpclient.netty.request.NettyRequestSender - Using open Channel [id: 0x29dadf8d, L:/127.0.0.1:49951 - R:localhost/127.0.0.1:62517] for GET '/session/26a663fffd8912e327179096e132fc4b/element/7fb652f7-21fd-443f-93f9-be1f1bc3e25f/name'
11:57:29.518 [AsyncHttpClient-1-2] DEBUG org.asynchttpclient.netty.handler.HttpHandler - 

Request DefaultFullHttpRequest(decodeResult: success, version: HTTP/1.1, content: EmptyByteBufBE)
GET /session/26a663fffd8912e327179096e132fc4b/element/7fb652f7-21fd-443f-93f9-be1f1bc3e25f/name HTTP/1.1
User-Agent: selenium/4.1.2 (java windows)
Cache-Control: no-cache
Content-Type: application/json; charset=utf-8
host: localhost:62517
accept: */*

Response DefaultHttpResponse(decodeResult: success, version: HTTP/1.1)
HTTP/1.1 200 OK
Content-Type: application/json; charset=utf-8
cache-control: no-cache
content-length: 13

11:57:29.518 [AsyncHttpClient-1-2] DEBUG org.asynchttpclient.netty.channel.ChannelManager - Adding key: http://localhost:62517 for channel [id: 0x29dadf8d, L:/127.0.0.1:49951 - R:localhost/127.0.0.1:62517]
11:57:29.518 [Forwarding findElement on session 26a663fffd8912e327179096e132fc4b to remote] DEBUG org.asynchttpclient.netty.request.NettyRequestSender - Using pooled Channel '[id: 0x29dadf8d, L:/127.0.0.1:49951 - R:localhost/127.0.0.1:62517]' for 'POST' to 'http://localhost:62517/session/26a663fffd8912e327179096e132fc4b/element'
11:57:29.518 [Forwarding findElement on session 26a663fffd8912e327179096e132fc4b to remote] DEBUG org.asynchttpclient.netty.request.NettyRequestSender - Using open Channel [id: 0x29dadf8d, L:/127.0.0.1:49951 - R:localhost/127.0.0.1:62517] for POST '/session/26a663fffd8912e327179096e132fc4b/element'
11:57:29.535 [AsyncHttpClient-1-2] DEBUG org.asynchttpclient.netty.handler.HttpHandler - 

Request DefaultHttpRequest(decodeResult: success, version: HTTP/1.1)
POST /session/26a663fffd8912e327179096e132fc4b/element HTTP/1.1
User-Agent: selenium/4.1.2 (java windows)
Content-Length: 56
Content-Type: application/json; charset=utf-8
host: localhost:62517
accept: */*

Response DefaultHttpResponse(decodeResult: success, version: HTTP/1.1)
HTTP/1.1 200 OK
Content-Type: application/json; charset=utf-8
cache-control: no-cache
content-length: 88

11:57:29.536 [AsyncHttpClient-1-2] DEBUG org.asynchttpclient.netty.channel.ChannelManager - Adding key: http://localhost:62517 for channel [id: 0x29dadf8d, L:/127.0.0.1:49951 - R:localhost/127.0.0.1:62517]
11:57:29.540 [Forwarding clickElement on session 26a663fffd8912e327179096e132fc4b to remote] DEBUG org.asynchttpclient.netty.request.NettyRequestSender - Using pooled Channel '[id: 0x29dadf8d, L:/127.0.0.1:49951 - R:localhost/127.0.0.1:62517]' for 'POST' to 'http://localhost:62517/session/26a663fffd8912e327179096e132fc4b/element/7fb652f7-21fd-443f-93f9-be1f1bc3e25f/click'
11:57:29.540 [Forwarding clickElement on session 26a663fffd8912e327179096e132fc4b to remote] DEBUG org.asynchttpclient.netty.request.NettyRequestSender - Using open Channel [id: 0x29dadf8d, L:/127.0.0.1:49951 - R:localhost/127.0.0.1:62517] for POST '/session/26a663fffd8912e327179096e132fc4b/element/7fb652f7-21fd-443f-93f9-be1f1bc3e25f/click'
11:57:29.721 [AsyncHttpClient-1-2] DEBUG org.asynchttpclient.netty.handler.HttpHandler - 

Request DefaultHttpRequest(decodeResult: success, version: HTTP/1.1)
POST /session/26a663fffd8912e327179096e132fc4b/element/7fb652f7-21fd-443f-93f9-be1f1bc3e25f/click HTTP/1.1
User-Agent: selenium/4.1.2 (java windows)
Content-Length: 50
Content-Type: application/json; charset=utf-8
host: localhost:62517
accept: */*

Response DefaultHttpResponse(decodeResult: success, version: HTTP/1.1)
HTTP/1.1 200 OK
Content-Type: application/json; charset=utf-8
cache-control: no-cache
content-length: 14

11:57:29.722 [AsyncHttpClient-1-2] DEBUG org.asynchttpclient.netty.channel.ChannelManager - Adding key: http://localhost:62517 for channel [id: 0x29dadf8d, L:/127.0.0.1:49951 - R:localhost/127.0.0.1:62517]
11:57:29.734 [Forwarding screenshot on session 26a663fffd8912e327179096e132fc4b to remote] DEBUG org.asynchttpclient.netty.request.NettyRequestSender - Using pooled Channel '[id: 0x29dadf8d, L:/127.0.0.1:49951 - R:localhost/127.0.0.1:62517]' for 'GET' to 'http://localhost:62517/session/26a663fffd8912e327179096e132fc4b/screenshot'
11:57:29.734 [Forwarding screenshot on session 26a663fffd8912e327179096e132fc4b to remote] DEBUG org.asynchttpclient.netty.request.NettyRequestSender - Using open Channel [id: 0x29dadf8d, L:/127.0.0.1:49951 - R:localhost/127.0.0.1:62517] for GET '/session/26a663fffd8912e327179096e132fc4b/screenshot'
11:57:30.040 [AsyncHttpClient-1-1] DEBUG org.asynchttpclient.netty.channel.DefaultChannelPool - Entry count for : http://localhost:49952 : 1
11:57:30.411 [AsyncHttpClient-1-2] DEBUG org.asynchttpclient.netty.handler.HttpHandler - 

Request DefaultFullHttpRequest(decodeResult: success, version: HTTP/1.1, content: EmptyByteBufBE)
GET /session/26a663fffd8912e327179096e132fc4b/screenshot HTTP/1.1
User-Agent: selenium/4.1.2 (java windows)
Cache-Control: no-cache
Content-Type: application/json; charset=utf-8
host: localhost:62517
accept: */*

Response DefaultHttpResponse(decodeResult: success, version: HTTP/1.1)
HTTP/1.1 200 OK
Content-Type: application/json; charset=utf-8
cache-control: no-cache
content-length: 1081152

11:57:30.416 [AsyncHttpClient-1-2] DEBUG org.asynchttpclient.netty.channel.ChannelManager - Adding key: http://localhost:62517 for channel [id: 0x29dadf8d, L:/127.0.0.1:49951 - R:localhost/127.0.0.1:62517]
11:57:30.449 [main] DEBUG net.serenitybdd.core.photography.Darkroom - Send negative for processing for target\site\serenity\509e78a3515ebcbf2d392d994fa79aac75764ab9c1a893c6644f56c438dcb840.png
11:57:30.449 [main] DEBUG net.thucydides.core.steps.StepInterceptor - STEP DONE: clickIconAccount
11:57:30.449 [Darkroom Processing Line] DEBUG net.serenitybdd.core.photography.DarkroomProcessingLine - Processing screenshot image in /var/screenshots/screenshot-7179525880076188702
11:57:30.449 [Darkroom Processing Line] DEBUG net.serenitybdd.core.photography.DarkroomProcessingLine - Saving screenshot to target\site\serenity\509e78a3515ebcbf2d392d994fa79aac75764ab9c1a893c6644f56c438dcb840.png
11:57:30.466 [main] DEBUG net.thucydides.core.steps.StepInterceptor - STARTING STEP: LoginStepDefinitions.iAmOnLoginPage - validateLoginFormIsApp
11:57:30.473 [Forwarding findElement on session 26a663fffd8912e327179096e132fc4b to remote] DEBUG org.asynchttpclient.netty.request.NettyRequestSender - Using pooled Channel '[id: 0x29dadf8d, L:/127.0.0.1:49951 - R:localhost/127.0.0.1:62517]' for 'POST' to 'http://localhost:62517/session/26a663fffd8912e327179096e132fc4b/element'
11:57:30.473 [Forwarding findElement on session 26a663fffd8912e327179096e132fc4b to remote] DEBUG org.asynchttpclient.netty.request.NettyRequestSender - Using open Channel [id: 0x29dadf8d, L:/127.0.0.1:49951 - R:localhost/127.0.0.1:62517] for POST '/session/26a663fffd8912e327179096e132fc4b/element'
11:57:30.489 [AsyncHttpClient-1-2] DEBUG org.asynchttpclient.netty.handler.HttpHandler - 

Request DefaultHttpRequest(decodeResult: success, version: HTTP/1.1)
POST /session/26a663fffd8912e327179096e132fc4b/element HTTP/1.1
User-Agent: selenium/4.1.2 (java windows)
Content-Length: 103
Content-Type: application/json; charset=utf-8
host: localhost:62517
accept: */*

Response DefaultHttpResponse(decodeResult: success, version: HTTP/1.1)
HTTP/1.1 200 OK
Content-Type: application/json; charset=utf-8
cache-control: no-cache
content-length: 88

11:57:30.489 [AsyncHttpClient-1-2] DEBUG org.asynchttpclient.netty.channel.ChannelManager - Adding key: http://localhost:62517 for channel [id: 0x29dadf8d, L:/127.0.0.1:49951 - R:localhost/127.0.0.1:62517]
11:57:30.496 [Forwarding isElementDisplayed on session 26a663fffd8912e327179096e132fc4b to remote] DEBUG org.asynchttpclient.netty.request.NettyRequestSender - Using pooled Channel '[id: 0x29dadf8d, L:/127.0.0.1:49951 - R:localhost/127.0.0.1:62517]' for 'POST' to 'http://localhost:62517/session/26a663fffd8912e327179096e132fc4b/execute/sync'
11:57:30.497 [Forwarding isElementDisplayed on session 26a663fffd8912e327179096e132fc4b to remote] DEBUG org.asynchttpclient.netty.request.NettyRequestSender - Using open Channel [id: 0x29dadf8d, L:/127.0.0.1:49951 - R:localhost/127.0.0.1:62517] for POST '/session/26a663fffd8912e327179096e132fc4b/execute/sync'
11:57:30.513 [AsyncHttpClient-1-2] DEBUG org.asynchttpclient.netty.handler.HttpHandler - 

Request DefaultHttpRequest(decodeResult: success, version: HTTP/1.1)
POST /session/26a663fffd8912e327179096e132fc4b/execute/sync HTTP/1.1
User-Agent: selenium/4.1.2 (java windows)
Content-Length: 48780
Content-Type: application/json; charset=utf-8
host: localhost:62517
accept: */*

Response DefaultHttpResponse(decodeResult: success, version: HTTP/1.1)
HTTP/1.1 200 OK
Content-Type: application/json; charset=utf-8
cache-control: no-cache
content-length: 14

11:57:30.513 [AsyncHttpClient-1-2] DEBUG org.asynchttpclient.netty.channel.ChannelManager - Adding key: http://localhost:62517 for channel [id: 0x29dadf8d, L:/127.0.0.1:49951 - R:localhost/127.0.0.1:62517]
11:57:30.519 [Forwarding screenshot on session 26a663fffd8912e327179096e132fc4b to remote] DEBUG org.asynchttpclient.netty.request.NettyRequestSender - Using pooled Channel '[id: 0x29dadf8d, L:/127.0.0.1:49951 - R:localhost/127.0.0.1:62517]' for 'GET' to 'http://localhost:62517/session/26a663fffd8912e327179096e132fc4b/screenshot'
11:57:30.519 [Forwarding screenshot on session 26a663fffd8912e327179096e132fc4b to remote] DEBUG org.asynchttpclient.netty.request.NettyRequestSender - Using open Channel [id: 0x29dadf8d, L:/127.0.0.1:49951 - R:localhost/127.0.0.1:62517] for GET '/session/26a663fffd8912e327179096e132fc4b/screenshot'
11:57:30.852 [AsyncHttpClient-1-2] DEBUG org.asynchttpclient.netty.handler.HttpHandler - 

Request DefaultFullHttpRequest(decodeResult: success, version: HTTP/1.1, content: EmptyByteBufBE)
GET /session/26a663fffd8912e327179096e132fc4b/screenshot HTTP/1.1
User-Agent: selenium/4.1.2 (java windows)
Cache-Control: no-cache
Content-Type: application/json; charset=utf-8
host: localhost:62517
accept: */*

Response DefaultHttpResponse(decodeResult: success, version: HTTP/1.1)
HTTP/1.1 200 OK
Content-Type: application/json; charset=utf-8
cache-control: no-cache
content-length: 506104

11:57:30.855 [AsyncHttpClient-1-2] DEBUG org.asynchttpclient.netty.channel.ChannelManager - Adding key: http://localhost:62517 for channel [id: 0x29dadf8d, L:/127.0.0.1:49951 - R:localhost/127.0.0.1:62517]
11:57:30.872 [main] DEBUG net.serenitybdd.core.photography.Darkroom - Send negative for processing for target\site\serenity\7e60c54c63af6d4513dc5f69bd23488a9973e0ce1bbb10680d63092bb8c8f189.png
11:57:30.873 [main] DEBUG net.thucydides.core.steps.StepInterceptor - STEP DONE: validateLoginFormIsApp
11:57:30.873 [Darkroom Processing Line] DEBUG net.serenitybdd.core.photography.DarkroomProcessingLine - Processing screenshot image in /var/screenshots/screenshot-10876388847600126253
11:57:30.873 [Darkroom Processing Line] DEBUG net.serenitybdd.core.photography.DarkroomProcessingLine - Saving screenshot to target\site\serenity\7e60c54c63af6d4513dc5f69bd23488a9973e0ce1bbb10680d63092bb8c8f189.png
  &amp#27;[32mGiven &amp#27;[0m&amp#27;[32mi am on login page&amp#27;[0m                         &amp#27;[90m# starter.stepdefinitions.LoginStepDefinitions.iAmOnLoginPage()&amp#27;[0m
11:57:30.903 [main] DEBUG net.thucydides.core.steps.StepInterceptor - STARTING STEP: LoginStepDefinitions.iInputUsername - inputUsername
11:57:30.908 [Forwarding findElement on session 26a663fffd8912e327179096e132fc4b to remote] DEBUG org.asynchttpclient.netty.request.NettyRequestSender - Using pooled Channel '[id: 0x29dadf8d, L:/127.0.0.1:49951 - R:localhost/127.0.0.1:62517]' for 'POST' to 'http://localhost:62517/session/26a663fffd8912e327179096e132fc4b/element'
11:57:30.908 [Forwarding findElement on session 26a663fffd8912e327179096e132fc4b to remote] DEBUG org.asynchttpclient.netty.request.NettyRequestSender - Using open Channel [id: 0x29dadf8d, L:/127.0.0.1:49951 - R:localhost/127.0.0.1:62517] for POST '/session/26a663fffd8912e327179096e132fc4b/element'
11:57:30.920 [AsyncHttpClient-1-2] DEBUG org.asynchttpclient.netty.handler.HttpHandler - 

Request DefaultHttpRequest(decodeResult: success, version: HTTP/1.1)
POST /session/26a663fffd8912e327179096e132fc4b/element HTTP/1.1
User-Agent: selenium/4.1.2 (java windows)
Content-Length: 53
Content-Type: application/json; charset=utf-8
host: localhost:62517
accept: */*

Response DefaultHttpResponse(decodeResult: success, version: HTTP/1.1)
HTTP/1.1 200 OK
Content-Type: application/json; charset=utf-8
cache-control: no-cache
content-length: 88

11:57:30.920 [AsyncHttpClient-1-2] DEBUG org.asynchttpclient.netty.channel.ChannelManager - Adding key: http://localhost:62517 for channel [id: 0x29dadf8d, L:/127.0.0.1:49951 - R:localhost/127.0.0.1:62517]
11:57:30.924 [Forwarding clearElement on session 26a663fffd8912e327179096e132fc4b to remote] DEBUG org.asynchttpclient.netty.request.NettyRequestSender - Using pooled Channel '[id: 0x29dadf8d, L:/127.0.0.1:49951 - R:localhost/127.0.0.1:62517]' for 'POST' to 'http://localhost:62517/session/26a663fffd8912e327179096e132fc4b/element/8f59c742-b5c5-43f1-ba48-ccbebd1dd083/clear'
11:57:30.924 [Forwarding clearElement on session 26a663fffd8912e327179096e132fc4b to remote] DEBUG org.asynchttpclient.netty.request.NettyRequestSender - Using open Channel [id: 0x29dadf8d, L:/127.0.0.1:49951 - R:localhost/127.0.0.1:62517] for POST '/session/26a663fffd8912e327179096e132fc4b/element/8f59c742-b5c5-43f1-ba48-ccbebd1dd083/clear'
11:57:30.955 [AsyncHttpClient-1-2] DEBUG org.asynchttpclient.netty.handler.HttpHandler - 

Request DefaultHttpRequest(decodeResult: success, version: HTTP/1.1)
POST /session/26a663fffd8912e327179096e132fc4b/element/8f59c742-b5c5-43f1-ba48-ccbebd1dd083/clear HTTP/1.1
User-Agent: selenium/4.1.2 (java windows)
Content-Length: 50
Content-Type: application/json; charset=utf-8
host: localhost:62517
accept: */*

Response DefaultHttpResponse(decodeResult: success, version: HTTP/1.1)
HTTP/1.1 200 OK
Content-Type: application/json; charset=utf-8
cache-control: no-cache
content-length: 14

11:57:30.955 [AsyncHttpClient-1-2] DEBUG org.asynchttpclient.netty.channel.ChannelManager - Adding key: http://localhost:62517 for channel [id: 0x29dadf8d, L:/127.0.0.1:49951 - R:localhost/127.0.0.1:62517]
11:57:30.960 [Forwarding sendKeysToElement on session 26a663fffd8912e327179096e132fc4b to remote] DEBUG org.asynchttpclient.netty.request.NettyRequestSender - Using pooled Channel '[id: 0x29dadf8d, L:/127.0.0.1:49951 - R:localhost/127.0.0.1:62517]' for 'POST' to 'http://localhost:62517/session/26a663fffd8912e327179096e132fc4b/element/8f59c742-b5c5-43f1-ba48-ccbebd1dd083/value'
11:57:30.960 [Forwarding sendKeysToElement on session 26a663fffd8912e327179096e132fc4b to remote] DEBUG org.asynchttpclient.netty.request.NettyRequestSender - Using open Channel [id: 0x29dadf8d, L:/127.0.0.1:49951 - R:localhost/127.0.0.1:62517] for POST '/session/26a663fffd8912e327179096e132fc4b/element/8f59c742-b5c5-43f1-ba48-ccbebd1dd083/value'
11:57:31.099 [AsyncHttpClient-1-2] DEBUG org.asynchttpclient.netty.handler.HttpHandler - 

Request DefaultHttpRequest(decodeResult: success, version: HTTP/1.1)
POST /session/26a663fffd8912e327179096e132fc4b/element/8f59c742-b5c5-43f1-ba48-ccbebd1dd083/value HTTP/1.1
User-Agent: selenium/4.1.2 (java windows)
Content-Length: 321
Content-Type: application/json; charset=utf-8
host: localhost:62517
accept: */*

Response DefaultHttpResponse(decodeResult: success, version: HTTP/1.1)
HTTP/1.1 200 OK
Content-Type: application/json; charset=utf-8
cache-control: no-cache
content-length: 14

11:57:31.100 [AsyncHttpClient-1-2] DEBUG org.asynchttpclient.netty.channel.ChannelManager - Adding key: http://localhost:62517 for channel [id: 0x29dadf8d, L:/127.0.0.1:49951 - R:localhost/127.0.0.1:62517]
11:57:31.106 [Forwarding screenshot on session 26a663fffd8912e327179096e132fc4b to remote] DEBUG org.asynchttpclient.netty.request.NettyRequestSender - Using pooled Channel '[id: 0x29dadf8d, L:/127.0.0.1:49951 - R:localhost/127.0.0.1:62517]' for 'GET' to 'http://localhost:62517/session/26a663fffd8912e327179096e132fc4b/screenshot'
11:57:31.107 [Forwarding screenshot on session 26a663fffd8912e327179096e132fc4b to remote] DEBUG org.asynchttpclient.netty.request.NettyRequestSender - Using open Channel [id: 0x29dadf8d, L:/127.0.0.1:49951 - R:localhost/127.0.0.1:62517] for GET '/session/26a663fffd8912e327179096e132fc4b/screenshot'
11:57:31.141 [AsyncHttpClient-1-1] DEBUG org.asynchttpclient.netty.channel.DefaultChannelPool - Entry count for : http://localhost:49952 : 1
11:57:31.337 [AsyncHttpClient-1-2] DEBUG org.asynchttpclient.netty.handler.HttpHandler - 

Request DefaultFullHttpRequest(decodeResult: success, version: HTTP/1.1, content: EmptyByteBufBE)
GET /session/26a663fffd8912e327179096e132fc4b/screenshot HTTP/1.1
User-Agent: selenium/4.1.2 (java windows)
Cache-Control: no-cache
Content-Type: application/json; charset=utf-8
host: localhost:62517
accept: */*

Response DefaultHttpResponse(decodeResult: success, version: HTTP/1.1)
HTTP/1.1 200 OK
Content-Type: application/json; charset=utf-8
cache-control: no-cache
content-length: 443912

11:57:31.341 [AsyncHttpClient-1-2] DEBUG org.asynchttpclient.netty.channel.ChannelManager - Adding key: http://localhost:62517 for channel [id: 0x29dadf8d, L:/127.0.0.1:49951 - R:localhost/127.0.0.1:62517]
11:57:31.353 [main] DEBUG net.serenitybdd.core.photography.Darkroom - Send negative for processing for target\site\serenity\19ca15140911eddb8856a6f6ad6ac5cba9ea78a95977c00e45f9d04294c5c85a.png
11:57:31.354 [main] DEBUG net.thucydides.core.steps.StepInterceptor - STEP DONE: inputUsername
  &amp#27;[32mWhen &amp#27;[0m&amp#27;[32mi input &amp#27;[0m&amp#27;[32m&amp#27;[1m"dummyforta2022@gmail.com"&amp#27;[0m&amp#27;[32m username&amp#27;[0m &amp#27;[90m# starter.stepdefinitions.LoginStepDefinitions.iInputUsername(java.lang.String)&amp#27;[0m
11:57:31.354 [Darkroom Processing Line] DEBUG net.serenitybdd.core.photography.DarkroomProcessingLine - Processing screenshot image in /var/screenshots/screenshot-11653150380284744023
11:57:31.354 [Darkroom Processing Line] DEBUG net.serenitybdd.core.photography.DarkroomProcessingLine - Saving screenshot to target\site\serenity\19ca15140911eddb8856a6f6ad6ac5cba9ea78a95977c00e45f9d04294c5c85a.png
11:57:31.373 [main] DEBUG net.thucydides.core.steps.StepInterceptor - STARTING STEP: LoginStepDefinitions.iInputPassword - inputPassword
11:57:31.378 [Forwarding findElement on session 26a663fffd8912e327179096e132fc4b to remote] DEBUG org.asynchttpclient.netty.request.NettyRequestSender - Using pooled Channel '[id: 0x29dadf8d, L:/127.0.0.1:49951 - R:localhost/127.0.0.1:62517]' for 'POST' to 'http://localhost:62517/session/26a663fffd8912e327179096e132fc4b/element'
11:57:31.378 [Forwarding findElement on session 26a663fffd8912e327179096e132fc4b to remote] DEBUG org.asynchttpclient.netty.request.NettyRequestSender - Using open Channel [id: 0x29dadf8d, L:/127.0.0.1:49951 - R:localhost/127.0.0.1:62517] for POST '/session/26a663fffd8912e327179096e132fc4b/element'
11:57:31.394 [AsyncHttpClient-1-2] DEBUG org.asynchttpclient.netty.handler.HttpHandler - 

Request DefaultHttpRequest(decodeResult: success, version: HTTP/1.1)
POST /session/26a663fffd8912e327179096e132fc4b/element HTTP/1.1
User-Agent: selenium/4.1.2 (java windows)
Content-Length: 53
Content-Type: application/json; charset=utf-8
host: localhost:62517
accept: */*

Response DefaultHttpResponse(decodeResult: success, version: HTTP/1.1)
HTTP/1.1 200 OK
Content-Type: application/json; charset=utf-8
cache-control: no-cache
content-length: 88

11:57:31.394 [AsyncHttpClient-1-2] DEBUG org.asynchttpclient.netty.channel.ChannelManager - Adding key: http://localhost:62517 for channel [id: 0x29dadf8d, L:/127.0.0.1:49951 - R:localhost/127.0.0.1:62517]
11:57:31.396 [Forwarding clearElement on session 26a663fffd8912e327179096e132fc4b to remote] DEBUG org.asynchttpclient.netty.request.NettyRequestSender - Using pooled Channel '[id: 0x29dadf8d, L:/127.0.0.1:49951 - R:localhost/127.0.0.1:62517]' for 'POST' to 'http://localhost:62517/session/26a663fffd8912e327179096e132fc4b/element/cddf5a13-fc0b-4c70-9c5f-db1cc41879c6/clear'
11:57:31.396 [Forwarding clearElement on session 26a663fffd8912e327179096e132fc4b to remote] DEBUG org.asynchttpclient.netty.request.NettyRequestSender - Using open Channel [id: 0x29dadf8d, L:/127.0.0.1:49951 - R:localhost/127.0.0.1:62517] for POST '/session/26a663fffd8912e327179096e132fc4b/element/cddf5a13-fc0b-4c70-9c5f-db1cc41879c6/clear'
11:57:31.436 [AsyncHttpClient-1-2] DEBUG org.asynchttpclient.netty.handler.HttpHandler - 

Request DefaultHttpRequest(decodeResult: success, version: HTTP/1.1)
POST /session/26a663fffd8912e327179096e132fc4b/element/cddf5a13-fc0b-4c70-9c5f-db1cc41879c6/clear HTTP/1.1
User-Agent: selenium/4.1.2 (java windows)
Content-Length: 50
Content-Type: application/json; charset=utf-8
host: localhost:62517
accept: */*

Response DefaultHttpResponse(decodeResult: success, version: HTTP/1.1)
HTTP/1.1 200 OK
Content-Type: application/json; charset=utf-8
cache-control: no-cache
content-length: 14

11:57:31.436 [AsyncHttpClient-1-2] DEBUG org.asynchttpclient.netty.channel.ChannelManager - Adding key: http://localhost:62517 for channel [id: 0x29dadf8d, L:/127.0.0.1:49951 - R:localhost/127.0.0.1:62517]
11:57:31.440 [Forwarding sendKeysToElement on session 26a663fffd8912e327179096e132fc4b to remote] DEBUG org.asynchttpclient.netty.request.NettyRequestSender - Using pooled Channel '[id: 0x29dadf8d, L:/127.0.0.1:49951 - R:localhost/127.0.0.1:62517]' for 'POST' to 'http://localhost:62517/session/26a663fffd8912e327179096e132fc4b/element/cddf5a13-fc0b-4c70-9c5f-db1cc41879c6/value'
11:57:31.440 [Forwarding sendKeysToElement on session 26a663fffd8912e327179096e132fc4b to remote] DEBUG org.asynchttpclient.netty.request.NettyRequestSender - Using open Channel [id: 0x29dadf8d, L:/127.0.0.1:49951 - R:localhost/127.0.0.1:62517] for POST '/session/26a663fffd8912e327179096e132fc4b/element/cddf5a13-fc0b-4c70-9c5f-db1cc41879c6/value'
11:57:31.516 [AsyncHttpClient-1-2] DEBUG org.asynchttpclient.netty.handler.HttpHandler - 

Request DefaultHttpRequest(decodeResult: success, version: HTTP/1.1)
POST /session/26a663fffd8912e327179096e132fc4b/element/cddf5a13-fc0b-4c70-9c5f-db1cc41879c6/value HTTP/1.1
User-Agent: selenium/4.1.2 (java windows)
Content-Length: 211
Content-Type: application/json; charset=utf-8
host: localhost:62517
accept: */*

Response DefaultHttpResponse(decodeResult: success, version: HTTP/1.1)
HTTP/1.1 200 OK
Content-Type: application/json; charset=utf-8
cache-control: no-cache
content-length: 14

11:57:31.517 [AsyncHttpClient-1-2] DEBUG org.asynchttpclient.netty.channel.ChannelManager - Adding key: http://localhost:62517 for channel [id: 0x29dadf8d, L:/127.0.0.1:49951 - R:localhost/127.0.0.1:62517]
11:57:31.527 [Forwarding screenshot on session 26a663fffd8912e327179096e132fc4b to remote] DEBUG org.asynchttpclient.netty.request.NettyRequestSender - Using pooled Channel '[id: 0x29dadf8d, L:/127.0.0.1:49951 - R:localhost/127.0.0.1:62517]' for 'GET' to 'http://localhost:62517/session/26a663fffd8912e327179096e132fc4b/screenshot'
11:57:31.527 [Forwarding screenshot on session 26a663fffd8912e327179096e132fc4b to remote] DEBUG org.asynchttpclient.netty.request.NettyRequestSender - Using open Channel [id: 0x29dadf8d, L:/127.0.0.1:49951 - R:localhost/127.0.0.1:62517] for GET '/session/26a663fffd8912e327179096e132fc4b/screenshot'
11:57:31.766 [AsyncHttpClient-1-2] DEBUG org.asynchttpclient.netty.handler.HttpHandler - 

Request DefaultFullHttpRequest(decodeResult: success, version: HTTP/1.1, content: EmptyByteBufBE)
GET /session/26a663fffd8912e327179096e132fc4b/screenshot HTTP/1.1
User-Agent: selenium/4.1.2 (java windows)
Cache-Control: no-cache
Content-Type: application/json; charset=utf-8
host: localhost:62517
accept: */*

Response DefaultHttpResponse(decodeResult: success, version: HTTP/1.1)
HTTP/1.1 200 OK
Content-Type: application/json; charset=utf-8
cache-control: no-cache
content-length: 444644

11:57:31.768 [AsyncHttpClient-1-2] DEBUG org.asynchttpclient.netty.channel.ChannelManager - Adding key: http://localhost:62517 for channel [id: 0x29dadf8d, L:/127.0.0.1:49951 - R:localhost/127.0.0.1:62517]
11:57:31.781 [main] DEBUG net.serenitybdd.core.photography.Darkroom - Send negative for processing for target\site\serenity\4eba4f71ee013eeb7c5835c250abd77754e04a7a5063b6b2b83dbc2c39071ebb.png
11:57:31.781 [main] DEBUG net.thucydides.core.steps.StepInterceptor - STEP DONE: inputPassword
11:57:31.781 [Darkroom Processing Line] DEBUG net.serenitybdd.core.photography.DarkroomProcessingLine - Processing screenshot image in /var/screenshots/screenshot-17350314925248716214
11:57:31.781 [Darkroom Processing Line] DEBUG net.serenitybdd.core.photography.DarkroomProcessingLine - Saving screenshot to target\site\serenity\4eba4f71ee013eeb7c5835c250abd77754e04a7a5063b6b2b83dbc2c39071ebb.png
  &amp#27;[32mAnd &amp#27;[0m&amp#27;[32mi input &amp#27;[0m&amp#27;[32m&amp#27;[1m"realgladz1511"&amp#27;[0m&amp#27;[32m password&amp#27;[0m             &amp#27;[90m# starter.stepdefinitions.LoginStepDefinitions.iInputPassword(java.lang.String)&amp#27;[0m
11:57:31.796 [main] DEBUG net.thucydides.core.steps.StepInterceptor - STARTING STEP: LoginStepDefinitions.clickLoginButton - clickLoginButton
11:57:31.799 [Forwarding findElement on session 26a663fffd8912e327179096e132fc4b to remote] DEBUG org.asynchttpclient.netty.request.NettyRequestSender - Using pooled Channel '[id: 0x29dadf8d, L:/127.0.0.1:49951 - R:localhost/127.0.0.1:62517]' for 'POST' to 'http://localhost:62517/session/26a663fffd8912e327179096e132fc4b/element'
11:57:31.799 [Forwarding findElement on session 26a663fffd8912e327179096e132fc4b to remote] DEBUG org.asynchttpclient.netty.request.NettyRequestSender - Using open Channel [id: 0x29dadf8d, L:/127.0.0.1:49951 - R:localhost/127.0.0.1:62517] for POST '/session/26a663fffd8912e327179096e132fc4b/element'
11:57:31.811 [AsyncHttpClient-1-2] DEBUG org.asynchttpclient.netty.handler.HttpHandler - 

Request DefaultHttpRequest(decodeResult: success, version: HTTP/1.1)
POST /session/26a663fffd8912e327179096e132fc4b/element HTTP/1.1
User-Agent: selenium/4.1.2 (java windows)
Content-Length: 59
Content-Type: application/json; charset=utf-8
host: localhost:62517
accept: */*

Response DefaultHttpResponse(decodeResult: success, version: HTTP/1.1)
HTTP/1.1 200 OK
Content-Type: application/json; charset=utf-8
cache-control: no-cache
content-length: 88

11:57:31.811 [AsyncHttpClient-1-2] DEBUG org.asynchttpclient.netty.channel.ChannelManager - Adding key: http://localhost:62517 for channel [id: 0x29dadf8d, L:/127.0.0.1:49951 - R:localhost/127.0.0.1:62517]
11:57:31.814 [Forwarding getElementTagName on session 26a663fffd8912e327179096e132fc4b to remote] DEBUG org.asynchttpclient.netty.request.NettyRequestSender - Using pooled Channel '[id: 0x29dadf8d, L:/127.0.0.1:49951 - R:localhost/127.0.0.1:62517]' for 'GET' to 'http://localhost:62517/session/26a663fffd8912e327179096e132fc4b/element/210fbd9f-9993-42a6-a3f2-72237f2e057e/name'
11:57:31.814 [Forwarding getElementTagName on session 26a663fffd8912e327179096e132fc4b to remote] DEBUG org.asynchttpclient.netty.request.NettyRequestSender - Using open Channel [id: 0x29dadf8d, L:/127.0.0.1:49951 - R:localhost/127.0.0.1:62517] for GET '/session/26a663fffd8912e327179096e132fc4b/element/210fbd9f-9993-42a6-a3f2-72237f2e057e/name'
11:57:31.819 [AsyncHttpClient-1-2] DEBUG org.asynchttpclient.netty.handler.HttpHandler - 

Request DefaultFullHttpRequest(decodeResult: success, version: HTTP/1.1, content: EmptyByteBufBE)
GET /session/26a663fffd8912e327179096e132fc4b/element/210fbd9f-9993-42a6-a3f2-72237f2e057e/name HTTP/1.1
User-Agent: selenium/4.1.2 (java windows)
Cache-Control: no-cache
Content-Type: application/json; charset=utf-8
host: localhost:62517
accept: */*

Response DefaultHttpResponse(decodeResult: success, version: HTTP/1.1)
HTTP/1.1 200 OK
Content-Type: application/json; charset=utf-8
cache-control: no-cache
content-length: 18

11:57:31.819 [AsyncHttpClient-1-2] DEBUG org.asynchttpclient.netty.channel.ChannelManager - Adding key: http://localhost:62517 for channel [id: 0x29dadf8d, L:/127.0.0.1:49951 - R:localhost/127.0.0.1:62517]
11:57:31.821 [Forwarding getElementTagName on session 26a663fffd8912e327179096e132fc4b to remote] DEBUG org.asynchttpclient.netty.request.NettyRequestSender - Using pooled Channel '[id: 0x29dadf8d, L:/127.0.0.1:49951 - R:localhost/127.0.0.1:62517]' for 'GET' to 'http://localhost:62517/session/26a663fffd8912e327179096e132fc4b/element/210fbd9f-9993-42a6-a3f2-72237f2e057e/name'
11:57:31.821 [Forwarding getElementTagName on session 26a663fffd8912e327179096e132fc4b to remote] DEBUG org.asynchttpclient.netty.request.NettyRequestSender - Using open Channel [id: 0x29dadf8d, L:/127.0.0.1:49951 - R:localhost/127.0.0.1:62517] for GET '/session/26a663fffd8912e327179096e132fc4b/element/210fbd9f-9993-42a6-a3f2-72237f2e057e/name'
11:57:31.824 [AsyncHttpClient-1-2] DEBUG org.asynchttpclient.netty.handler.HttpHandler - 

Request DefaultFullHttpRequest(decodeResult: success, version: HTTP/1.1, content: EmptyByteBufBE)
GET /session/26a663fffd8912e327179096e132fc4b/element/210fbd9f-9993-42a6-a3f2-72237f2e057e/name HTTP/1.1
User-Agent: selenium/4.1.2 (java windows)
Cache-Control: no-cache
Content-Type: application/json; charset=utf-8
host: localhost:62517
accept: */*

Response DefaultHttpResponse(decodeResult: success, version: HTTP/1.1)
HTTP/1.1 200 OK
Content-Type: application/json; charset=utf-8
cache-control: no-cache
content-length: 18

11:57:31.824 [AsyncHttpClient-1-2] DEBUG org.asynchttpclient.netty.channel.ChannelManager - Adding key: http://localhost:62517 for channel [id: 0x29dadf8d, L:/127.0.0.1:49951 - R:localhost/127.0.0.1:62517]
11:57:31.829 [Forwarding isElementEnabled on session 26a663fffd8912e327179096e132fc4b to remote] DEBUG org.asynchttpclient.netty.request.NettyRequestSender - Using pooled Channel '[id: 0x29dadf8d, L:/127.0.0.1:49951 - R:localhost/127.0.0.1:62517]' for 'GET' to 'http://localhost:62517/session/26a663fffd8912e327179096e132fc4b/element/210fbd9f-9993-42a6-a3f2-72237f2e057e/enabled'
11:57:31.829 [Forwarding isElementEnabled on session 26a663fffd8912e327179096e132fc4b to remote] DEBUG org.asynchttpclient.netty.request.NettyRequestSender - Using open Channel [id: 0x29dadf8d, L:/127.0.0.1:49951 - R:localhost/127.0.0.1:62517] for GET '/session/26a663fffd8912e327179096e132fc4b/element/210fbd9f-9993-42a6-a3f2-72237f2e057e/enabled'
11:57:31.838 [AsyncHttpClient-1-2] DEBUG org.asynchttpclient.netty.handler.HttpHandler - 

Request DefaultFullHttpRequest(decodeResult: success, version: HTTP/1.1, content: EmptyByteBufBE)
GET /session/26a663fffd8912e327179096e132fc4b/element/210fbd9f-9993-42a6-a3f2-72237f2e057e/enabled HTTP/1.1
User-Agent: selenium/4.1.2 (java windows)
Cache-Control: no-cache
Content-Type: application/json; charset=utf-8
host: localhost:62517
accept: */*

Response DefaultHttpResponse(decodeResult: success, version: HTTP/1.1)
HTTP/1.1 200 OK
Content-Type: application/json; charset=utf-8
cache-control: no-cache
content-length: 14

11:57:31.839 [AsyncHttpClient-1-2] DEBUG org.asynchttpclient.netty.channel.ChannelManager - Adding key: http://localhost:62517 for channel [id: 0x29dadf8d, L:/127.0.0.1:49951 - R:localhost/127.0.0.1:62517]
11:57:31.841 [Forwarding isElementEnabled on session 26a663fffd8912e327179096e132fc4b to remote] DEBUG org.asynchttpclient.netty.request.NettyRequestSender - Using pooled Channel '[id: 0x29dadf8d, L:/127.0.0.1:49951 - R:localhost/127.0.0.1:62517]' for 'GET' to 'http://localhost:62517/session/26a663fffd8912e327179096e132fc4b/element/210fbd9f-9993-42a6-a3f2-72237f2e057e/enabled'
11:57:31.841 [Forwarding isElementEnabled on session 26a663fffd8912e327179096e132fc4b to remote] DEBUG org.asynchttpclient.netty.request.NettyRequestSender - Using open Channel [id: 0x29dadf8d, L:/127.0.0.1:49951 - R:localhost/127.0.0.1:62517] for GET '/session/26a663fffd8912e327179096e132fc4b/element/210fbd9f-9993-42a6-a3f2-72237f2e057e/enabled'
11:57:31.847 [AsyncHttpClient-1-2] DEBUG org.asynchttpclient.netty.handler.HttpHandler - 

Request DefaultFullHttpRequest(decodeResult: success, version: HTTP/1.1, content: EmptyByteBufBE)
GET /session/26a663fffd8912e327179096e132fc4b/element/210fbd9f-9993-42a6-a3f2-72237f2e057e/enabled HTTP/1.1
User-Agent: selenium/4.1.2 (java windows)
Cache-Control: no-cache
Content-Type: application/json; charset=utf-8
host: localhost:62517
accept: */*

Response DefaultHttpResponse(decodeResult: success, version: HTTP/1.1)
HTTP/1.1 200 OK
Content-Type: application/json; charset=utf-8
cache-control: no-cache
content-length: 14

11:57:31.847 [AsyncHttpClient-1-2] DEBUG org.asynchttpclient.netty.channel.ChannelManager - Adding key: http://localhost:62517 for channel [id: 0x29dadf8d, L:/127.0.0.1:49951 - R:localhost/127.0.0.1:62517]
11:57:31.852 [Forwarding findElement on session 26a663fffd8912e327179096e132fc4b to remote] DEBUG org.asynchttpclient.netty.request.NettyRequestSender - Using pooled Channel '[id: 0x29dadf8d, L:/127.0.0.1:49951 - R:localhost/127.0.0.1:62517]' for 'POST' to 'http://localhost:62517/session/26a663fffd8912e327179096e132fc4b/element'
11:57:31.852 [Forwarding findElement on session 26a663fffd8912e327179096e132fc4b to remote] DEBUG org.asynchttpclient.netty.request.NettyRequestSender - Using open Channel [id: 0x29dadf8d, L:/127.0.0.1:49951 - R:localhost/127.0.0.1:62517] for POST '/session/26a663fffd8912e327179096e132fc4b/element'
11:57:31.860 [AsyncHttpClient-1-2] DEBUG org.asynchttpclient.netty.handler.HttpHandler - 

Request DefaultHttpRequest(decodeResult: success, version: HTTP/1.1)
POST /session/26a663fffd8912e327179096e132fc4b/element HTTP/1.1
User-Agent: selenium/4.1.2 (java windows)
Content-Length: 59
Content-Type: application/json; charset=utf-8
host: localhost:62517
accept: */*

Response DefaultHttpResponse(decodeResult: success, version: HTTP/1.1)
HTTP/1.1 200 OK
Content-Type: application/json; charset=utf-8
cache-control: no-cache
content-length: 88

11:57:31.860 [AsyncHttpClient-1-2] DEBUG org.asynchttpclient.netty.channel.ChannelManager - Adding key: http://localhost:62517 for channel [id: 0x29dadf8d, L:/127.0.0.1:49951 - R:localhost/127.0.0.1:62517]
11:57:31.862 [Forwarding clickElement on session 26a663fffd8912e327179096e132fc4b to remote] DEBUG org.asynchttpclient.netty.request.NettyRequestSender - Using pooled Channel '[id: 0x29dadf8d, L:/127.0.0.1:49951 - R:localhost/127.0.0.1:62517]' for 'POST' to 'http://localhost:62517/session/26a663fffd8912e327179096e132fc4b/element/210fbd9f-9993-42a6-a3f2-72237f2e057e/click'
11:57:31.862 [Forwarding clickElement on session 26a663fffd8912e327179096e132fc4b to remote] DEBUG org.asynchttpclient.netty.request.NettyRequestSender - Using open Channel [id: 0x29dadf8d, L:/127.0.0.1:49951 - R:localhost/127.0.0.1:62517] for POST '/session/26a663fffd8912e327179096e132fc4b/element/210fbd9f-9993-42a6-a3f2-72237f2e057e/click'
11:57:32.241 [AsyncHttpClient-1-1] DEBUG org.asynchttpclient.netty.channel.DefaultChannelPool - Entry count for : http://localhost:49952 : 1
11:57:33.339 [AsyncHttpClient-1-1] DEBUG org.asynchttpclient.netty.channel.DefaultChannelPool - Entry count for : http://localhost:49952 : 1
11:57:34.441 [AsyncHttpClient-1-1] DEBUG org.asynchttpclient.netty.channel.DefaultChannelPool - Entry count for : http://localhost:49952 : 1
11:57:35.541 [AsyncHttpClient-1-1] DEBUG org.asynchttpclient.netty.channel.DefaultChannelPool - Entry count for : http://localhost:49952 : 1
11:57:36.297 [AsyncHttpClient-1-2] DEBUG org.asynchttpclient.netty.handler.HttpHandler - 

Request DefaultHttpRequest(decodeResult: success, version: HTTP/1.1)
POST /session/26a663fffd8912e327179096e132fc4b/element/210fbd9f-9993-42a6-a3f2-72237f2e057e/click HTTP/1.1
User-Agent: selenium/4.1.2 (java windows)
Content-Length: 50
Content-Type: application/json; charset=utf-8
host: localhost:62517
accept: */*

Response DefaultHttpResponse(decodeResult: success, version: HTTP/1.1)
HTTP/1.1 200 OK
Content-Type: application/json; charset=utf-8
cache-control: no-cache
content-length: 14

11:57:36.298 [AsyncHttpClient-1-2] DEBUG org.asynchttpclient.netty.channel.ChannelManager - Adding key: http://localhost:62517 for channel [id: 0x29dadf8d, L:/127.0.0.1:49951 - R:localhost/127.0.0.1:62517]
11:57:36.307 [Forwarding screenshot on session 26a663fffd8912e327179096e132fc4b to remote] DEBUG org.asynchttpclient.netty.request.NettyRequestSender - Using pooled Channel '[id: 0x29dadf8d, L:/127.0.0.1:49951 - R:localhost/127.0.0.1:62517]' for 'GET' to 'http://localhost:62517/session/26a663fffd8912e327179096e132fc4b/screenshot'
11:57:36.307 [Forwarding screenshot on session 26a663fffd8912e327179096e132fc4b to remote] DEBUG org.asynchttpclient.netty.request.NettyRequestSender - Using open Channel [id: 0x29dadf8d, L:/127.0.0.1:49951 - R:localhost/127.0.0.1:62517] for GET '/session/26a663fffd8912e327179096e132fc4b/screenshot'
11:57:36.640 [AsyncHttpClient-1-1] DEBUG org.asynchttpclient.netty.channel.DefaultChannelPool - Entry count for : http://localhost:49952 : 1
11:57:36.788 [AsyncHttpClient-1-2] DEBUG org.asynchttpclient.netty.handler.HttpHandler - 

Request DefaultFullHttpRequest(decodeResult: success, version: HTTP/1.1, content: EmptyByteBufBE)
GET /session/26a663fffd8912e327179096e132fc4b/screenshot HTTP/1.1
User-Agent: selenium/4.1.2 (java windows)
Cache-Control: no-cache
Content-Type: application/json; charset=utf-8
host: localhost:62517
accept: */*

Response DefaultHttpResponse(decodeResult: success, version: HTTP/1.1)
HTTP/1.1 200 OK
Content-Type: application/json; charset=utf-8
cache-control: no-cache
content-length: 1333108

11:57:36.788 [AsyncHttpClient-1-2] DEBUG org.asynchttpclient.netty.channel.ChannelManager - Adding key: http://localhost:62517 for channel [id: 0x29dadf8d, L:/127.0.0.1:49951 - R:localhost/127.0.0.1:62517]
11:57:36.839 [main] DEBUG net.serenitybdd.core.photography.Darkroom - Send negative for processing for target\site\serenity\59fa09801a8bb3314539a5c0435be15ff0ddd41cda6e536ebe96ef86ce981cc6.png
11:57:36.840 [main] DEBUG net.thucydides.core.steps.StepInterceptor - STEP DONE: clickLoginButton
  &amp#27;[32mAnd &amp#27;[0m&amp#27;[32mclick login button&amp#27;[0m                           &amp#27;[90m# starter.stepdefinitions.LoginStepDefinitions.clickLoginButton()&amp#27;[0m
11:57:36.840 [Darkroom Processing Line] DEBUG net.serenitybdd.core.photography.DarkroomProcessingLine - Processing screenshot image in /var/screenshots/screenshot-8763251119810165096
11:57:36.840 [Darkroom Processing Line] DEBUG net.serenitybdd.core.photography.DarkroomProcessingLine - Saving screenshot to target\site\serenity\59fa09801a8bb3314539a5c0435be15ff0ddd41cda6e536ebe96ef86ce981cc6.png
11:57:36.851 [main] DEBUG net.thucydides.core.steps.StepInterceptor - STARTING STEP: LoginStepDefinitions.iGetThe - scrollToTextHomePage
11:57:36.851 [Forwarding findElement on session 26a663fffd8912e327179096e132fc4b to remote] DEBUG org.asynchttpclient.netty.request.NettyRequestSender - Using pooled Channel '[id: 0x29dadf8d, L:/127.0.0.1:49951 - R:localhost/127.0.0.1:62517]' for 'POST' to 'http://localhost:62517/session/26a663fffd8912e327179096e132fc4b/element'
11:57:36.851 [Forwarding findElement on session 26a663fffd8912e327179096e132fc4b to remote] DEBUG org.asynchttpclient.netty.request.NettyRequestSender - Using open Channel [id: 0x29dadf8d, L:/127.0.0.1:49951 - R:localhost/127.0.0.1:62517] for POST '/session/26a663fffd8912e327179096e132fc4b/element'
11:57:36.898 [AsyncHttpClient-1-2] DEBUG org.asynchttpclient.netty.handler.HttpHandler - 

Request DefaultHttpRequest(decodeResult: success, version: HTTP/1.1)
POST /session/26a663fffd8912e327179096e132fc4b/element HTTP/1.1
User-Agent: selenium/4.1.2 (java windows)
Content-Length: 49
Content-Type: application/json; charset=utf-8
host: localhost:62517
accept: */*

Response DefaultHttpResponse(decodeResult: success, version: HTTP/1.1)
HTTP/1.1 200 OK
Content-Type: application/json; charset=utf-8
cache-control: no-cache
content-length: 88

11:57:36.898 [AsyncHttpClient-1-2] DEBUG org.asynchttpclient.netty.channel.ChannelManager - Adding key: http://localhost:62517 for channel [id: 0x29dadf8d, L:/127.0.0.1:49951 - R:localhost/127.0.0.1:62517]
11:57:36.907 [Forwarding actions on session 26a663fffd8912e327179096e132fc4b to remote] DEBUG org.asynchttpclient.netty.request.NettyRequestSender - Using pooled Channel '[id: 0x29dadf8d, L:/127.0.0.1:49951 - R:localhost/127.0.0.1:62517]' for 'POST' to 'http://localhost:62517/session/26a663fffd8912e327179096e132fc4b/actions'
11:57:36.907 [Forwarding actions on session 26a663fffd8912e327179096e132fc4b to remote] DEBUG org.asynchttpclient.netty.request.NettyRequestSender - Using open Channel [id: 0x29dadf8d, L:/127.0.0.1:49951 - R:localhost/127.0.0.1:62517] for POST '/session/26a663fffd8912e327179096e132fc4b/actions'
11:57:37.118 [AsyncHttpClient-1-2] DEBUG org.asynchttpclient.netty.handler.HttpHandler - 

Request DefaultHttpRequest(decodeResult: success, version: HTTP/1.1)
POST /session/26a663fffd8912e327179096e132fc4b/actions HTTP/1.1
User-Agent: selenium/4.1.2 (java windows)
Content-Length: 480
Content-Type: application/json; charset=utf-8
host: localhost:62517
accept: */*

Response DefaultHttpResponse(decodeResult: success, version: HTTP/1.1)
HTTP/1.1 200 OK
Content-Type: application/json; charset=utf-8
cache-control: no-cache
content-length: 14

11:57:37.119 [AsyncHttpClient-1-2] DEBUG org.asynchttpclient.netty.channel.ChannelManager - Adding key: http://localhost:62517 for channel [id: 0x29dadf8d, L:/127.0.0.1:49951 - R:localhost/127.0.0.1:62517]
11:57:37.127 [Forwarding screenshot on session 26a663fffd8912e327179096e132fc4b to remote] DEBUG org.asynchttpclient.netty.request.NettyRequestSender - Using pooled Channel '[id: 0x29dadf8d, L:/127.0.0.1:49951 - R:localhost/127.0.0.1:62517]' for 'GET' to 'http://localhost:62517/session/26a663fffd8912e327179096e132fc4b/screenshot'
11:57:37.127 [Forwarding screenshot on session 26a663fffd8912e327179096e132fc4b to remote] DEBUG org.asynchttpclient.netty.request.NettyRequestSender - Using open Channel [id: 0x29dadf8d, L:/127.0.0.1:49951 - R:localhost/127.0.0.1:62517] for GET '/session/26a663fffd8912e327179096e132fc4b/screenshot'
11:57:37.603 [AsyncHttpClient-1-2] DEBUG org.asynchttpclient.netty.handler.HttpHandler - 

Request DefaultFullHttpRequest(decodeResult: success, version: HTTP/1.1, content: EmptyByteBufBE)
GET /session/26a663fffd8912e327179096e132fc4b/screenshot HTTP/1.1
User-Agent: selenium/4.1.2 (java windows)
Cache-Control: no-cache
Content-Type: application/json; charset=utf-8
host: localhost:62517
accept: */*

Response DefaultHttpResponse(decodeResult: success, version: HTTP/1.1)
HTTP/1.1 200 OK
Content-Type: application/json; charset=utf-8
cache-control: no-cache
content-length: 1336644

11:57:37.611 [AsyncHttpClient-1-2] DEBUG org.asynchttpclient.netty.channel.ChannelManager - Adding key: http://localhost:62517 for channel [id: 0x29dadf8d, L:/127.0.0.1:49951 - R:localhost/127.0.0.1:62517]
11:57:37.641 [main] DEBUG net.serenitybdd.core.photography.Darkroom - Send negative for processing for target\site\serenity\9616fb841025cf40badbd7bb30c05179f140598e159f8f7be61338f7a9666ae5.png
11:57:37.641 [main] DEBUG net.thucydides.core.steps.StepInterceptor - STEP DONE: scrollToTextHomePage
11:57:37.641 [Darkroom Processing Line] DEBUG net.serenitybdd.core.photography.DarkroomProcessingLine - Processing screenshot image in /var/screenshots/screenshot-1361710884749309864
11:57:37.641 [Darkroom Processing Line] DEBUG net.serenitybdd.core.photography.DarkroomProcessingLine - Saving screenshot to target\site\serenity\9616fb841025cf40badbd7bb30c05179f140598e159f8f7be61338f7a9666ae5.png
11:57:37.641 [main] DEBUG net.thucydides.core.steps.StepInterceptor - STARTING STEP: LoginStepDefinitions.iGetThe - textHomeIsApp
11:57:37.662 [Forwarding findElement on session 26a663fffd8912e327179096e132fc4b to remote] DEBUG org.asynchttpclient.netty.request.NettyRequestSender - Using pooled Channel '[id: 0x29dadf8d, L:/127.0.0.1:49951 - R:localhost/127.0.0.1:62517]' for 'POST' to 'http://localhost:62517/session/26a663fffd8912e327179096e132fc4b/element'
11:57:37.662 [Forwarding findElement on session 26a663fffd8912e327179096e132fc4b to remote] DEBUG org.asynchttpclient.netty.request.NettyRequestSender - Using open Channel [id: 0x29dadf8d, L:/127.0.0.1:49951 - R:localhost/127.0.0.1:62517] for POST '/session/26a663fffd8912e327179096e132fc4b/element'
11:57:37.670 [AsyncHttpClient-1-2] DEBUG org.asynchttpclient.netty.handler.HttpHandler - 

Request DefaultHttpRequest(decodeResult: success, version: HTTP/1.1)
POST /session/26a663fffd8912e327179096e132fc4b/element HTTP/1.1
User-Agent: selenium/4.1.2 (java windows)
Content-Length: 49
Content-Type: application/json; charset=utf-8
host: localhost:62517
accept: */*

Response DefaultHttpResponse(decodeResult: success, version: HTTP/1.1)
HTTP/1.1 200 OK
Content-Type: application/json; charset=utf-8
cache-control: no-cache
content-length: 88

11:57:37.671 [AsyncHttpClient-1-2] DEBUG org.asynchttpclient.netty.channel.ChannelManager - Adding key: http://localhost:62517 for channel [id: 0x29dadf8d, L:/127.0.0.1:49951 - R:localhost/127.0.0.1:62517]
11:57:37.673 [Forwarding getElementText on session 26a663fffd8912e327179096e132fc4b to remote] DEBUG org.asynchttpclient.netty.request.NettyRequestSender - Using pooled Channel '[id: 0x29dadf8d, L:/127.0.0.1:49951 - R:localhost/127.0.0.1:62517]' for 'GET' to 'http://localhost:62517/session/26a663fffd8912e327179096e132fc4b/element/dee063f2-51a4-4136-a44f-4c9f71f2696a/text'
11:57:37.673 [Forwarding getElementText on session 26a663fffd8912e327179096e132fc4b to remote] DEBUG org.asynchttpclient.netty.request.NettyRequestSender - Using open Channel [id: 0x29dadf8d, L:/127.0.0.1:49951 - R:localhost/127.0.0.1:62517] for GET '/session/26a663fffd8912e327179096e132fc4b/element/dee063f2-51a4-4136-a44f-4c9f71f2696a/text'
11:57:37.685 [AsyncHttpClient-1-2] DEBUG org.asynchttpclient.netty.handler.HttpHandler - 

Request DefaultFullHttpRequest(decodeResult: success, version: HTTP/1.1, content: EmptyByteBufBE)
GET /session/26a663fffd8912e327179096e132fc4b/element/dee063f2-51a4-4136-a44f-4c9f71f2696a/text HTTP/1.1
User-Agent: selenium/4.1.2 (java windows)
Cache-Control: no-cache
Content-Type: application/json; charset=utf-8
host: localhost:62517
accept: */*

Response DefaultHttpResponse(decodeResult: success, version: HTTP/1.1)
HTTP/1.1 200 OK
Content-Type: application/json; charset=utf-8
cache-control: no-cache
content-length: 44

11:57:37.686 [AsyncHttpClient-1-2] DEBUG org.asynchttpclient.netty.channel.ChannelManager - Adding key: http://localhost:62517 for channel [id: 0x29dadf8d, L:/127.0.0.1:49951 - R:localhost/127.0.0.1:62517]
11:57:37.688 [main] DEBUG net.thucydides.core.steps.StepInterceptor - STEP DONE: textHomeIsApp
  &amp#27;[32mThen &amp#27;[0m&amp#27;[32mi get the &amp#27;[0m&amp#27;[32m&amp#27;[1m"home page"&amp#27;[0m                       &amp#27;[90m# starter.stepdefinitions.LoginStepDefinitions.iGetThe(java.lang.String)&amp#27;[0m
11:57:37.741 [AsyncHttpClient-1-1] DEBUG org.asynchttpclient.netty.channel.DefaultChannelPool - Entry count for : http://localhost:62517 : 1
11:57:37.741 [AsyncHttpClient-1-1] DEBUG org.asynchttpclient.netty.channel.DefaultChannelPool - Entry count for : http://localhost:49952 : 1
11:57:37.788 [Driver Command Executor] DEBUG org.asynchttpclient.netty.request.NettyRequestSender - Using pooled Channel '[id: 0x29dadf8d, L:/127.0.0.1:49951 - R:localhost/127.0.0.1:62517]' for 'DELETE' to 'http://localhost:62517/session/26a663fffd8912e327179096e132fc4b'
11:57:37.788 [Driver Command Executor] DEBUG org.asynchttpclient.netty.request.NettyRequestSender - Using open Channel [id: 0x29dadf8d, L:/127.0.0.1:49951 - R:localhost/127.0.0.1:62517] for DELETE '/session/26a663fffd8912e327179096e132fc4b'
11:57:37.792 [AsyncHttpClient-1-4] DEBUG org.asynchttpclient.netty.handler.WebSocketHandler - Channel Closed: [id: 0x4fafe18d, L:/127.0.0.1:49960 ! R:localhost/127.0.0.1:49952] with attribute NettyResponseFuture{currentRetry=5,
	isDone=1,
	isCancelled=0,
	asyncHandler=org.asynchttpclient.ws.WebSocketUpgradeHandler@3b2221bc,
	nettyRequest=org.asynchttpclient.netty.request.NettyRequest@319bd8bc,
	future=java.util.concurrent.CompletableFuture@223b690c[Completed normally],
	uri=ws://localhost:49952/devtools/browser/51c45095-2f68-454e-ac99-1bd2ffde26c8,
	keepAlive=true,
	redirectCount=0,
	timeoutsHolder=null,
	inAuth=0,
	touch=1650949042187}
11:57:37.792 [AsyncHttpClient-1-4] DEBUG org.asynchttpclient.netty.channel.ChannelManager - Closing Channel [id: 0x4fafe18d, L:/127.0.0.1:49960 ! R:localhost/127.0.0.1:49952] 
11:57:37.826 [AsyncHttpClient-1-3] DEBUG org.asynchttpclient.netty.handler.HttpHandler - Unexpected I/O exception on channel [id: 0xc1bd5f53, L:/127.0.0.1:49959 - R:localhost/127.0.0.1:49952]
java.net.SocketException: Connection reset
	at java.base/sun.nio.ch.SocketChannelImpl.throwConnectionReset(SocketChannelImpl.java:367)
	at java.base/sun.nio.ch.SocketChannelImpl.read(SocketChannelImpl.java:398)
	at io.netty.buffer.PooledByteBuf.setBytes(PooledByteBuf.java:258)
	at io.netty.buffer.AbstractByteBuf.writeBytes(AbstractByteBuf.java:1132)
	at io.netty.channel.socket.nio.NioSocketChannel.doReadBytes(NioSocketChannel.java:350)
	at io.netty.channel.nio.AbstractNioByteChannel$NioByteUnsafe.read(AbstractNioByteChannel.java:151)
	at io.netty.channel.nio.NioEventLoop.processSelectedKey(NioEventLoop.java:722)
	at io.netty.channel.nio.NioEventLoop.processSelectedKeysOptimized(NioEventLoop.java:658)
	at io.netty.channel.nio.NioEventLoop.processSelectedKeys(NioEventLoop.java:584)
	at io.netty.channel.nio.NioEventLoop.run(NioEventLoop.java:496)
	at io.netty.util.concurrent.SingleThreadEventExecutor$4.run(SingleThreadEventExecutor.java:986)
	at io.netty.util.internal.ThreadExecutorMap$2.run(ThreadExecutorMap.java:74)
	at io.netty.util.concurrent.FastThreadLocalRunnable.run(FastThreadLocalRunnable.java:30)
	at java.base/java.lang.Thread.run(Thread.java:832)
11:57:37.826 [AsyncHttpClient-1-3] DEBUG org.asynchttpclient.netty.channel.ChannelManager - Closing Channel [id: 0xc1bd5f53, L:/127.0.0.1:49959 - R:localhost/127.0.0.1:49952] 
11:57:37.828 [AsyncHttpClient-1-3] DEBUG org.asynchttpclient.netty.handler.HttpHandler - Channel Closed: [id: 0xc1bd5f53, L:/127.0.0.1:49959 ! R:localhost/127.0.0.1:49952] with attribute DISCARD
11:57:37.845 [AsyncHttpClient-1-2] DEBUG org.asynchttpclient.netty.handler.HttpHandler - 

Request DefaultFullHttpRequest(decodeResult: success, version: HTTP/1.1, content: EmptyByteBufBE)
DELETE /session/26a663fffd8912e327179096e132fc4b HTTP/1.1
User-Agent: selenium/4.1.2 (java windows)
Content-Type: application/json; charset=utf-8
host: localhost:62517
accept: */*

Response DefaultHttpResponse(decodeResult: success, version: HTTP/1.1)
HTTP/1.1 200 OK
Content-Type: application/json; charset=utf-8
cache-control: no-cache
content-length: 14

11:57:37.846 [AsyncHttpClient-1-2] DEBUG org.asynchttpclient.netty.channel.ChannelManager - Adding key: http://localhost:62517 for channel [id: 0x29dadf8d, L:/127.0.0.1:49951 - R:localhost/127.0.0.1:62517]
11:57:38.077 [AsyncHttpClient-1-2] DEBUG org.asynchttpclient.netty.handler.HttpHandler - Channel Closed: [id: 0x29dadf8d, L:/127.0.0.1:49951 ! R:localhost/127.0.0.1:62517] with attribute DISCARD
11:57:38.602 [main] INFO  - 
  _____   ___   ___   _____     ___     _     ___   ___   ___   ___  
 |_   _| | __| / __| |_   _|   | _ \   /_\   / __| / __| | __| |   \ 
   | |   | _|  \__ \   | |     |  _/  / _ \  \__ \ \__ \ | _|  | |) |
   |_|   |___| |___/   |_|     |_|   /_/ \_\ |___/ |___/ |___| |___/ 

Login scenario
----------------------------------------------------------------------
]]></system-out>
    <system-err><![CDATA[Starting ChromeDriver 100.0.4896.60 (6a5d10861ce8de5fce22564658033b43cb7de047-refs/branch-heads/4896@{#875}) on port 62517
Only local connections are allowed.
Please see https://chromedriver.chromium.org/security-considerations for suggestions on keeping ChromeDriver safe.
ChromeDriver was started successfully.
Apr 26, 2022 11:57:22 AM org.openqa.selenium.remote.ProtocolHandshake createSession
INFO: Detected dialect: W3C
Apr 26, 2022 11:57:22 AM org.openqa.selenium.devtools.CdpVersionFinder findNearestMatch
WARNING: Unable to find an exact match for CDP version 100, so returning the closest version found: 97
Apr 26, 2022 11:57:22 AM org.openqa.selenium.devtools.CdpVersionFinder findNearestMatch
INFO: Found CDP implementation for version 100 of 97
]]></system-err>
  </testcase>
  <testcase name="Login scenario #2" classname="Login" time="17.424">
    <system-out><![CDATA[
@DDT
Scenario Outline: Login scenario                   &amp#27;[90m# src/test/resources/features/login.feature:27&amp#27;[0m
11:57:38.618 [main] INFO io.cucumber.core.plugin.SerenityReporter - Running feature from file:///D:/PERKULIAHAN/Semester%206,Hebatt%20glad!/Dot-TechnicalTest/src/test/resources/features/login.feature
11:57:38.634 [main] DEBUG net.thucydides.core.steps.StepInterceptor - STARTING STEP: LoginStepDefinitions.iAmOnLoginPage - openUrl
11:57:38.649 [main] INFO net.serenitybdd.core.webdriver.driverproviders.ChromeDriverProvider - Using automatically driver download
11:57:38.790 [main] DEBUG io.github.bonigarcia.wdm.cache.ResolutionCache - Resolution chrome=100 in cache (valid until 12:53:50 26/04/2022 WIB)
11:57:38.807 [main] DEBUG io.github.bonigarcia.wdm.cache.ResolutionCache - Resolution chrome100=100.0.4896.60 in cache (valid until 19:36:13 26/04/2022 WIB)
11:57:38.807 [main] INFO io.github.bonigarcia.wdm.WebDriverManager - Using chromedriver 100.0.4896.60 (resolved driver for Chrome 100)
11:57:38.822 [main] DEBUG io.github.bonigarcia.wdm.WebDriverManager - Driver chromedriver 100.0.4896.60 found in cache
11:57:38.822 [main] INFO io.github.bonigarcia.wdm.WebDriverManager - Exporting webdriver.chrome.driver as C:\Users\ASUS\.cache\selenium\chromedriver\win32\100.0.4896.60\chromedriver.exe
11:57:38.841 [AsyncHttpClient-1-1] DEBUG org.asynchttpclient.netty.channel.DefaultChannelPool - Entry count for : http://localhost:62517 : 1
11:57:38.841 [AsyncHttpClient-1-1] DEBUG org.asynchttpclient.netty.channel.DefaultChannelPool - Entry count for : http://localhost:49952 : 1
11:57:38.841 [AsyncHttpClient-1-1] DEBUG org.asynchttpclient.netty.channel.DefaultChannelPool - Adding Candidate expired Channel [id: 0x29dadf8d, L:/127.0.0.1:49951 ! R:localhost/127.0.0.1:62517] isIdleTimeoutExpired=false isRemotelyClosed=true isTtlExpired=false
11:57:38.841 [AsyncHttpClient-1-1] DEBUG org.asynchttpclient.netty.channel.DefaultChannelPool - Closing Idle Channel [id: 0x29dadf8d, L:/127.0.0.1:49951 ! R:localhost/127.0.0.1:62517]
11:57:38.841 [AsyncHttpClient-1-1] DEBUG org.asynchttpclient.netty.channel.DefaultChannelPool - Adding Candidate expired Channel [id: 0xc1bd5f53, L:/127.0.0.1:49959 ! R:localhost/127.0.0.1:49952] isIdleTimeoutExpired=false isRemotelyClosed=true isTtlExpired=false
11:57:38.841 [AsyncHttpClient-1-1] DEBUG org.asynchttpclient.netty.channel.DefaultChannelPool - Closing Idle Channel [id: 0xc1bd5f53, L:/127.0.0.1:49959 ! R:localhost/127.0.0.1:49952]
11:57:38.841 [AsyncHttpClient-1-1] DEBUG org.asynchttpclient.netty.channel.DefaultChannelPool - Closed 2 connections out of 2 in 0 ms
11:57:38.987 [main] DEBUG net.serenitybdd.core.webdriver.driverproviders.ProvideNewDriver - Instantiating driver
11:57:38.987 [main] DEBUG net.serenitybdd.core.webdriver.driverproviders.ProvideNewDriver - Driver capabilities: Capabilities {acceptInsecureCerts: false, base.url: https://www.psegameshop.com/, browserName: chrome, chrome.driver: src/test/resources/webdrive..., driver: chrome, goog:chromeOptions: {args: [], extensions: []}}
11:57:39.541 [AsyncHttpClient-1-5] DEBUG org.asynchttpclient.netty.channel.NettyConnectListener - Using new Channel '[id: 0x98b55f48, L:/127.0.0.1:50011 - R:localhost/127.0.0.1:56146]' for 'POST' to '/session'
11:57:40.234 [AsyncHttpClient-1-5] DEBUG org.asynchttpclient.netty.handler.HttpHandler - 

Request DefaultHttpRequest(decodeResult: success, version: HTTP/1.1)
POST /session HTTP/1.1
User-Agent: selenium/4.1.2 (java windows)
Content-Length: 614
Content-Type: application/json; charset=utf-8
host: localhost:56146
accept: */*

Response DefaultHttpResponse(decodeResult: success, version: HTTP/1.1)
HTTP/1.1 200 OK
Content-Type: application/json; charset=utf-8
cache-control: no-cache
content-length: 790

11:57:40.234 [AsyncHttpClient-1-5] DEBUG org.asynchttpclient.netty.channel.ChannelManager - Adding key: http://localhost:56146 for channel [id: 0x98b55f48, L:/127.0.0.1:50011 - R:localhost/127.0.0.1:56146]
11:57:40.244 [AsyncHttpClient-1-6] DEBUG org.asynchttpclient.netty.channel.NettyConnectListener - Using new Channel '[id: 0x978b481d, L:/127.0.0.1:50018 - R:localhost/127.0.0.1:50012]' for 'GET' to '/json/version'
11:57:40.251 [AsyncHttpClient-1-6] DEBUG org.asynchttpclient.netty.handler.HttpHandler - 

Request DefaultFullHttpRequest(decodeResult: success, version: HTTP/1.1, content: EmptyByteBufBE)
GET /json/version HTTP/1.1
User-Agent: selenium/4.1.2 (java windows)
host: localhost:50012
accept: */*

Response DefaultHttpResponse(decodeResult: success, version: HTTP/1.1)
HTTP/1.1 200 OK
Content-Type: application/json; charset=UTF-8
content-length: 429

11:57:40.251 [AsyncHttpClient-1-6] DEBUG org.asynchttpclient.netty.channel.ChannelManager - Adding key: http://localhost:50012 for channel [id: 0x978b481d, L:/127.0.0.1:50018 - R:localhost/127.0.0.1:50012]
11:57:40.254 [AsyncHttpClient-1-7] DEBUG org.asynchttpclient.netty.channel.NettyConnectListener - Using new Channel '[id: 0xed72e00b, L:/127.0.0.1:50019 - R:localhost/127.0.0.1:50012]' for 'GET' to '/devtools/browser/f29bd2c4-4e4d-4a7a-a0e1-be4e78e3f2e8'
11:57:40.262 [AsyncHttpClient-1-7] DEBUG org.asynchttpclient.netty.handler.WebSocketHandler - 

Request DefaultFullHttpRequest(decodeResult: success, version: HTTP/1.1, content: EmptyByteBufBE)
GET /devtools/browser/f29bd2c4-4e4d-4a7a-a0e1-be4e78e3f2e8 HTTP/1.1
upgrade: websocket
connection: upgrade
sec-websocket-key: ysQn0i0PoB1+0b4UxkrAfQ==
sec-websocket-version: 13
origin: http://localhost:50012
host: localhost:50012
accept: */*
user-agent: AHC/2.1

Response DefaultHttpResponse(decodeResult: success, version: HTTP/1.1)
HTTP/1.1 101 WebSocket Protocol Handshake
Upgrade: WebSocket
Connection: Upgrade
Sec-WebSocket-Accept: o/uoh771Km1ztpUNTYAjn1dlAvE=

11:57:40.269 [Forwarding maximizeCurrentWindow on session 64919c22300ca764145590eb8fc4ff71 to remote] DEBUG org.asynchttpclient.netty.request.NettyRequestSender - Using pooled Channel '[id: 0x98b55f48, L:/127.0.0.1:50011 - R:localhost/127.0.0.1:56146]' for 'POST' to 'http://localhost:56146/session/64919c22300ca764145590eb8fc4ff71/window/maximize'
11:57:40.269 [Forwarding maximizeCurrentWindow on session 64919c22300ca764145590eb8fc4ff71 to remote] DEBUG org.asynchttpclient.netty.request.NettyRequestSender - Using open Channel [id: 0x98b55f48, L:/127.0.0.1:50011 - R:localhost/127.0.0.1:56146] for POST '/session/64919c22300ca764145590eb8fc4ff71/window/maximize'
11:57:40.387 [AsyncHttpClient-1-5] DEBUG org.asynchttpclient.netty.handler.HttpHandler - 

Request DefaultHttpRequest(decodeResult: success, version: HTTP/1.1)
POST /session/64919c22300ca764145590eb8fc4ff71/window/maximize HTTP/1.1
User-Agent: selenium/4.1.2 (java windows)
Content-Length: 3
Content-Type: application/json; charset=utf-8
host: localhost:56146
accept: */*

Response DefaultHttpResponse(decodeResult: success, version: HTTP/1.1)
HTTP/1.1 200 OK
Content-Type: application/json; charset=utf-8
cache-control: no-cache
content-length: 51

11:57:40.387 [AsyncHttpClient-1-5] DEBUG org.asynchttpclient.netty.channel.ChannelManager - Adding key: http://localhost:56146 for channel [id: 0x98b55f48, L:/127.0.0.1:50011 - R:localhost/127.0.0.1:56146]
11:57:40.387 [Forwarding get on session 64919c22300ca764145590eb8fc4ff71 to remote] DEBUG org.asynchttpclient.netty.request.NettyRequestSender - Using pooled Channel '[id: 0x98b55f48, L:/127.0.0.1:50011 - R:localhost/127.0.0.1:56146]' for 'POST' to 'http://localhost:56146/session/64919c22300ca764145590eb8fc4ff71/url'
11:57:40.387 [Forwarding get on session 64919c22300ca764145590eb8fc4ff71 to remote] DEBUG org.asynchttpclient.netty.request.NettyRequestSender - Using open Channel [id: 0x98b55f48, L:/127.0.0.1:50011 - R:localhost/127.0.0.1:56146] for POST '/session/64919c22300ca764145590eb8fc4ff71/url'
11:57:41.045 [AsyncHttpClient-1-1] DEBUG org.asynchttpclient.netty.channel.DefaultChannelPool - Entry count for : http://localhost:50012 : 1
11:57:42.140 [AsyncHttpClient-1-1] DEBUG org.asynchttpclient.netty.channel.DefaultChannelPool - Entry count for : http://localhost:50012 : 1
11:57:43.248 [AsyncHttpClient-1-1] DEBUG org.asynchttpclient.netty.channel.DefaultChannelPool - Entry count for : http://localhost:50012 : 1
11:57:44.347 [AsyncHttpClient-1-1] DEBUG org.asynchttpclient.netty.channel.DefaultChannelPool - Entry count for : http://localhost:50012 : 1
11:57:44.858 [AsyncHttpClient-1-5] DEBUG org.asynchttpclient.netty.handler.HttpHandler - 

Request DefaultHttpRequest(decodeResult: success, version: HTTP/1.1)
POST /session/64919c22300ca764145590eb8fc4ff71/url HTTP/1.1
User-Agent: selenium/4.1.2 (java windows)
Content-Length: 58
Content-Type: application/json; charset=utf-8
host: localhost:56146
accept: */*

Response DefaultHttpResponse(decodeResult: success, version: HTTP/1.1)
HTTP/1.1 200 OK
Content-Type: application/json; charset=utf-8
cache-control: no-cache
content-length: 14

11:57:44.859 [AsyncHttpClient-1-5] DEBUG org.asynchttpclient.netty.channel.ChannelManager - Adding key: http://localhost:56146 for channel [id: 0x98b55f48, L:/127.0.0.1:50011 - R:localhost/127.0.0.1:56146]
11:57:44.861 [Forwarding setTimeout on session 64919c22300ca764145590eb8fc4ff71 to remote] DEBUG org.asynchttpclient.netty.request.NettyRequestSender - Using pooled Channel '[id: 0x98b55f48, L:/127.0.0.1:50011 - R:localhost/127.0.0.1:56146]' for 'POST' to 'http://localhost:56146/session/64919c22300ca764145590eb8fc4ff71/timeouts'
11:57:44.861 [Forwarding setTimeout on session 64919c22300ca764145590eb8fc4ff71 to remote] DEBUG org.asynchttpclient.netty.request.NettyRequestSender - Using open Channel [id: 0x98b55f48, L:/127.0.0.1:50011 - R:localhost/127.0.0.1:56146] for POST '/session/64919c22300ca764145590eb8fc4ff71/timeouts'
11:57:44.863 [AsyncHttpClient-1-5] DEBUG org.asynchttpclient.netty.handler.HttpHandler - 

Request DefaultHttpRequest(decodeResult: success, version: HTTP/1.1)
POST /session/64919c22300ca764145590eb8fc4ff71/timeouts HTTP/1.1
User-Agent: selenium/4.1.2 (java windows)
Content-Length: 22
Content-Type: application/json; charset=utf-8
host: localhost:56146
accept: */*

Response DefaultHttpResponse(decodeResult: success, version: HTTP/1.1)
HTTP/1.1 200 OK
Content-Type: application/json; charset=utf-8
cache-control: no-cache
content-length: 14

11:57:44.863 [AsyncHttpClient-1-5] DEBUG org.asynchttpclient.netty.channel.ChannelManager - Adding key: http://localhost:56146 for channel [id: 0x98b55f48, L:/127.0.0.1:50011 - R:localhost/127.0.0.1:56146]
11:57:44.867 [Forwarding getCurrentUrl on session 64919c22300ca764145590eb8fc4ff71 to remote] DEBUG org.asynchttpclient.netty.request.NettyRequestSender - Using pooled Channel '[id: 0x98b55f48, L:/127.0.0.1:50011 - R:localhost/127.0.0.1:56146]' for 'GET' to 'http://localhost:56146/session/64919c22300ca764145590eb8fc4ff71/url'
11:57:44.867 [Forwarding getCurrentUrl on session 64919c22300ca764145590eb8fc4ff71 to remote] DEBUG org.asynchttpclient.netty.request.NettyRequestSender - Using open Channel [id: 0x98b55f48, L:/127.0.0.1:50011 - R:localhost/127.0.0.1:56146] for GET '/session/64919c22300ca764145590eb8fc4ff71/url'
11:57:44.873 [AsyncHttpClient-1-5] DEBUG org.asynchttpclient.netty.handler.HttpHandler - 

Request DefaultFullHttpRequest(decodeResult: success, version: HTTP/1.1, content: EmptyByteBufBE)
GET /session/64919c22300ca764145590eb8fc4ff71/url HTTP/1.1
User-Agent: selenium/4.1.2 (java windows)
Cache-Control: no-cache
Content-Type: application/json; charset=utf-8
host: localhost:56146
accept: */*

Response DefaultHttpResponse(decodeResult: success, version: HTTP/1.1)
HTTP/1.1 200 OK
Content-Type: application/json; charset=utf-8
cache-control: no-cache
content-length: 40

11:57:44.874 [AsyncHttpClient-1-5] DEBUG org.asynchttpclient.netty.channel.ChannelManager - Adding key: http://localhost:56146 for channel [id: 0x98b55f48, L:/127.0.0.1:50011 - R:localhost/127.0.0.1:56146]
11:57:44.884 [Forwarding screenshot on session 64919c22300ca764145590eb8fc4ff71 to remote] DEBUG org.asynchttpclient.netty.request.NettyRequestSender - Using pooled Channel '[id: 0x98b55f48, L:/127.0.0.1:50011 - R:localhost/127.0.0.1:56146]' for 'GET' to 'http://localhost:56146/session/64919c22300ca764145590eb8fc4ff71/screenshot'
11:57:44.884 [Forwarding screenshot on session 64919c22300ca764145590eb8fc4ff71 to remote] DEBUG org.asynchttpclient.netty.request.NettyRequestSender - Using open Channel [id: 0x98b55f48, L:/127.0.0.1:50011 - R:localhost/127.0.0.1:56146] for GET '/session/64919c22300ca764145590eb8fc4ff71/screenshot'
11:57:45.440 [AsyncHttpClient-1-1] DEBUG org.asynchttpclient.netty.channel.DefaultChannelPool - Entry count for : http://localhost:50012 : 1
11:57:45.487 [AsyncHttpClient-1-5] DEBUG org.asynchttpclient.netty.handler.HttpHandler - 

Request DefaultFullHttpRequest(decodeResult: success, version: HTTP/1.1, content: EmptyByteBufBE)
GET /session/64919c22300ca764145590eb8fc4ff71/screenshot HTTP/1.1
User-Agent: selenium/4.1.2 (java windows)
Cache-Control: no-cache
Content-Type: application/json; charset=utf-8
host: localhost:56146
accept: */*

Response DefaultHttpResponse(decodeResult: success, version: HTTP/1.1)
HTTP/1.1 200 OK
Content-Type: application/json; charset=utf-8
cache-control: no-cache
content-length: 1333828

11:57:45.487 [AsyncHttpClient-1-5] DEBUG org.asynchttpclient.netty.channel.ChannelManager - Adding key: http://localhost:56146 for channel [id: 0x98b55f48, L:/127.0.0.1:50011 - R:localhost/127.0.0.1:56146]
11:57:45.518 [main] DEBUG net.serenitybdd.core.photography.Darkroom - Send negative for processing for target\site\serenity\e7d2a244ac1791a4424b5b0de2976117998f0168d570f08435ec3a57e76b065d.png
11:57:45.518 [main] DEBUG net.thucydides.core.steps.StepInterceptor - STEP DONE: openUrl
11:57:45.518 [Darkroom Processing Line] DEBUG net.serenitybdd.core.photography.DarkroomProcessingLine - Processing screenshot image in /var/screenshots/screenshot-13866148110166976332
11:57:45.518 [Darkroom Processing Line] DEBUG net.serenitybdd.core.photography.DarkroomProcessingLine - Saving screenshot to target\site\serenity\e7d2a244ac1791a4424b5b0de2976117998f0168d570f08435ec3a57e76b065d.png
11:57:45.534 [main] DEBUG net.thucydides.core.steps.StepInterceptor - STARTING STEP: LoginStepDefinitions.iAmOnLoginPage - validateAccountIsApp
11:57:45.534 [Forwarding findElement on session 64919c22300ca764145590eb8fc4ff71 to remote] DEBUG org.asynchttpclient.netty.request.NettyRequestSender - Using pooled Channel '[id: 0x98b55f48, L:/127.0.0.1:50011 - R:localhost/127.0.0.1:56146]' for 'POST' to 'http://localhost:56146/session/64919c22300ca764145590eb8fc4ff71/element'
11:57:45.534 [Forwarding findElement on session 64919c22300ca764145590eb8fc4ff71 to remote] DEBUG org.asynchttpclient.netty.request.NettyRequestSender - Using open Channel [id: 0x98b55f48, L:/127.0.0.1:50011 - R:localhost/127.0.0.1:56146] for POST '/session/64919c22300ca764145590eb8fc4ff71/element'
11:57:45.534 [AsyncHttpClient-1-5] DEBUG org.asynchttpclient.netty.handler.HttpHandler - 

Request DefaultHttpRequest(decodeResult: success, version: HTTP/1.1)
POST /session/64919c22300ca764145590eb8fc4ff71/element HTTP/1.1
User-Agent: selenium/4.1.2 (java windows)
Content-Length: 46
Content-Type: application/json; charset=utf-8
host: localhost:56146
accept: */*

Response DefaultHttpResponse(decodeResult: success, version: HTTP/1.1)
HTTP/1.1 400 Bad Request
Content-Type: application/json; charset=utf-8
cache-control: no-cache
content-length: 958

11:57:45.534 [AsyncHttpClient-1-5] DEBUG org.asynchttpclient.netty.channel.ChannelManager - Adding key: http://localhost:56146 for channel [id: 0x98b55f48, L:/127.0.0.1:50011 - R:localhost/127.0.0.1:56146]
11:57:45.534 [Forwarding findElement on session 64919c22300ca764145590eb8fc4ff71 to remote] DEBUG org.asynchttpclient.netty.request.NettyRequestSender - Using pooled Channel '[id: 0x98b55f48, L:/127.0.0.1:50011 - R:localhost/127.0.0.1:56146]' for 'POST' to 'http://localhost:56146/session/64919c22300ca764145590eb8fc4ff71/element'
11:57:45.534 [Forwarding findElement on session 64919c22300ca764145590eb8fc4ff71 to remote] DEBUG org.asynchttpclient.netty.request.NettyRequestSender - Using open Channel [id: 0x98b55f48, L:/127.0.0.1:50011 - R:localhost/127.0.0.1:56146] for POST '/session/64919c22300ca764145590eb8fc4ff71/element'
11:57:45.549 [AsyncHttpClient-1-5] DEBUG org.asynchttpclient.netty.handler.HttpHandler - 

Request DefaultHttpRequest(decodeResult: success, version: HTTP/1.1)
POST /session/64919c22300ca764145590eb8fc4ff71/element HTTP/1.1
User-Agent: selenium/4.1.2 (java windows)
Content-Length: 56
Content-Type: application/json; charset=utf-8
host: localhost:56146
accept: */*

Response DefaultHttpResponse(decodeResult: success, version: HTTP/1.1)
HTTP/1.1 200 OK
Content-Type: application/json; charset=utf-8
cache-control: no-cache
content-length: 88

11:57:45.549 [AsyncHttpClient-1-5] DEBUG org.asynchttpclient.netty.channel.ChannelManager - Adding key: http://localhost:56146 for channel [id: 0x98b55f48, L:/127.0.0.1:50011 - R:localhost/127.0.0.1:56146]
11:57:45.549 [Forwarding isElementDisplayed on session 64919c22300ca764145590eb8fc4ff71 to remote] DEBUG org.asynchttpclient.netty.request.NettyRequestSender - Using pooled Channel '[id: 0x98b55f48, L:/127.0.0.1:50011 - R:localhost/127.0.0.1:56146]' for 'POST' to 'http://localhost:56146/session/64919c22300ca764145590eb8fc4ff71/execute/sync'
11:57:45.549 [Forwarding isElementDisplayed on session 64919c22300ca764145590eb8fc4ff71 to remote] DEBUG org.asynchttpclient.netty.request.NettyRequestSender - Using open Channel [id: 0x98b55f48, L:/127.0.0.1:50011 - R:localhost/127.0.0.1:56146] for POST '/session/64919c22300ca764145590eb8fc4ff71/execute/sync'
11:57:45.565 [AsyncHttpClient-1-5] DEBUG org.asynchttpclient.netty.handler.HttpHandler - 

Request DefaultHttpRequest(decodeResult: success, version: HTTP/1.1)
POST /session/64919c22300ca764145590eb8fc4ff71/execute/sync HTTP/1.1
User-Agent: selenium/4.1.2 (java windows)
Content-Length: 48780
Content-Type: application/json; charset=utf-8
host: localhost:56146
accept: */*

Response DefaultHttpResponse(decodeResult: success, version: HTTP/1.1)
HTTP/1.1 200 OK
Content-Type: application/json; charset=utf-8
cache-control: no-cache
content-length: 14

11:57:45.565 [AsyncHttpClient-1-5] DEBUG org.asynchttpclient.netty.channel.ChannelManager - Adding key: http://localhost:56146 for channel [id: 0x98b55f48, L:/127.0.0.1:50011 - R:localhost/127.0.0.1:56146]
11:57:45.581 [main] DEBUG net.thucydides.core.steps.StepInterceptor - STEP DONE: validateAccountIsApp
11:57:45.581 [Forwarding screenshot on session 64919c22300ca764145590eb8fc4ff71 to remote] DEBUG org.asynchttpclient.netty.request.NettyRequestSender - Using pooled Channel '[id: 0x98b55f48, L:/127.0.0.1:50011 - R:localhost/127.0.0.1:56146]' for 'GET' to 'http://localhost:56146/session/64919c22300ca764145590eb8fc4ff71/screenshot'
11:57:45.581 [Forwarding screenshot on session 64919c22300ca764145590eb8fc4ff71 to remote] DEBUG org.asynchttpclient.netty.request.NettyRequestSender - Using open Channel [id: 0x98b55f48, L:/127.0.0.1:50011 - R:localhost/127.0.0.1:56146] for GET '/session/64919c22300ca764145590eb8fc4ff71/screenshot'
11:57:46.025 [AsyncHttpClient-1-5] DEBUG org.asynchttpclient.netty.handler.HttpHandler - 

Request DefaultFullHttpRequest(decodeResult: success, version: HTTP/1.1, content: EmptyByteBufBE)
GET /session/64919c22300ca764145590eb8fc4ff71/screenshot HTTP/1.1
User-Agent: selenium/4.1.2 (java windows)
Cache-Control: no-cache
Content-Type: application/json; charset=utf-8
host: localhost:56146
accept: */*

Response DefaultHttpResponse(decodeResult: success, version: HTTP/1.1)
HTTP/1.1 200 OK
Content-Type: application/json; charset=utf-8
cache-control: no-cache
content-length: 1333828

11:57:46.025 [AsyncHttpClient-1-5] DEBUG org.asynchttpclient.netty.channel.ChannelManager - Adding key: http://localhost:56146 for channel [id: 0x98b55f48, L:/127.0.0.1:50011 - R:localhost/127.0.0.1:56146]
11:57:46.056 [main] DEBUG net.serenitybdd.core.photography.Darkroom - Send negative for processing for target\site\serenity\c892c8ca808d9d9b94891a40056d5a2eac63be830dad9e7c379588e85d813b39.png
11:57:46.056 [Darkroom Processing Line] DEBUG net.serenitybdd.core.photography.DarkroomProcessingLine - Processing screenshot image in /var/screenshots/screenshot-3877440045006786743
11:57:46.056 [main] DEBUG net.thucydides.core.steps.StepInterceptor - STARTING STEP: LoginStepDefinitions.iAmOnLoginPage - clickIconAccount
11:57:46.056 [Darkroom Processing Line] DEBUG net.serenitybdd.core.photography.DarkroomProcessingLine - Saving screenshot to target\site\serenity\c892c8ca808d9d9b94891a40056d5a2eac63be830dad9e7c379588e85d813b39.png
11:57:46.056 [Forwarding findElement on session 64919c22300ca764145590eb8fc4ff71 to remote] DEBUG org.asynchttpclient.netty.request.NettyRequestSender - Using pooled Channel '[id: 0x98b55f48, L:/127.0.0.1:50011 - R:localhost/127.0.0.1:56146]' for 'POST' to 'http://localhost:56146/session/64919c22300ca764145590eb8fc4ff71/element'
11:57:46.056 [Forwarding findElement on session 64919c22300ca764145590eb8fc4ff71 to remote] DEBUG org.asynchttpclient.netty.request.NettyRequestSender - Using open Channel [id: 0x98b55f48, L:/127.0.0.1:50011 - R:localhost/127.0.0.1:56146] for POST '/session/64919c22300ca764145590eb8fc4ff71/element'
11:57:46.072 [AsyncHttpClient-1-5] DEBUG org.asynchttpclient.netty.handler.HttpHandler - 

Request DefaultHttpRequest(decodeResult: success, version: HTTP/1.1)
POST /session/64919c22300ca764145590eb8fc4ff71/element HTTP/1.1
User-Agent: selenium/4.1.2 (java windows)
Content-Length: 56
Content-Type: application/json; charset=utf-8
host: localhost:56146
accept: */*

Response DefaultHttpResponse(decodeResult: success, version: HTTP/1.1)
HTTP/1.1 200 OK
Content-Type: application/json; charset=utf-8
cache-control: no-cache
content-length: 88

11:57:46.072 [AsyncHttpClient-1-5] DEBUG org.asynchttpclient.netty.channel.ChannelManager - Adding key: http://localhost:56146 for channel [id: 0x98b55f48, L:/127.0.0.1:50011 - R:localhost/127.0.0.1:56146]
11:57:46.072 [Forwarding getElementTagName on session 64919c22300ca764145590eb8fc4ff71 to remote] DEBUG org.asynchttpclient.netty.request.NettyRequestSender - Using pooled Channel '[id: 0x98b55f48, L:/127.0.0.1:50011 - R:localhost/127.0.0.1:56146]' for 'GET' to 'http://localhost:56146/session/64919c22300ca764145590eb8fc4ff71/element/577476a5-fb6f-41b9-bda7-06e3ca0b300f/name'
11:57:46.072 [Forwarding getElementTagName on session 64919c22300ca764145590eb8fc4ff71 to remote] DEBUG org.asynchttpclient.netty.request.NettyRequestSender - Using open Channel [id: 0x98b55f48, L:/127.0.0.1:50011 - R:localhost/127.0.0.1:56146] for GET '/session/64919c22300ca764145590eb8fc4ff71/element/577476a5-fb6f-41b9-bda7-06e3ca0b300f/name'
11:57:46.072 [AsyncHttpClient-1-5] DEBUG org.asynchttpclient.netty.handler.HttpHandler - 

Request DefaultFullHttpRequest(decodeResult: success, version: HTTP/1.1, content: EmptyByteBufBE)
GET /session/64919c22300ca764145590eb8fc4ff71/element/577476a5-fb6f-41b9-bda7-06e3ca0b300f/name HTTP/1.1
User-Agent: selenium/4.1.2 (java windows)
Cache-Control: no-cache
Content-Type: application/json; charset=utf-8
host: localhost:56146
accept: */*

Response DefaultHttpResponse(decodeResult: success, version: HTTP/1.1)
HTTP/1.1 200 OK
Content-Type: application/json; charset=utf-8
cache-control: no-cache
content-length: 13

11:57:46.072 [AsyncHttpClient-1-5] DEBUG org.asynchttpclient.netty.channel.ChannelManager - Adding key: http://localhost:56146 for channel [id: 0x98b55f48, L:/127.0.0.1:50011 - R:localhost/127.0.0.1:56146]
11:57:46.087 [Forwarding getElementTagName on session 64919c22300ca764145590eb8fc4ff71 to remote] DEBUG org.asynchttpclient.netty.request.NettyRequestSender - Using pooled Channel '[id: 0x98b55f48, L:/127.0.0.1:50011 - R:localhost/127.0.0.1:56146]' for 'GET' to 'http://localhost:56146/session/64919c22300ca764145590eb8fc4ff71/element/577476a5-fb6f-41b9-bda7-06e3ca0b300f/name'
11:57:46.087 [Forwarding getElementTagName on session 64919c22300ca764145590eb8fc4ff71 to remote] DEBUG org.asynchttpclient.netty.request.NettyRequestSender - Using open Channel [id: 0x98b55f48, L:/127.0.0.1:50011 - R:localhost/127.0.0.1:56146] for GET '/session/64919c22300ca764145590eb8fc4ff71/element/577476a5-fb6f-41b9-bda7-06e3ca0b300f/name'
11:57:46.087 [AsyncHttpClient-1-5] DEBUG org.asynchttpclient.netty.handler.HttpHandler - 

Request DefaultFullHttpRequest(decodeResult: success, version: HTTP/1.1, content: EmptyByteBufBE)
GET /session/64919c22300ca764145590eb8fc4ff71/element/577476a5-fb6f-41b9-bda7-06e3ca0b300f/name HTTP/1.1
User-Agent: selenium/4.1.2 (java windows)
Cache-Control: no-cache
Content-Type: application/json; charset=utf-8
host: localhost:56146
accept: */*

Response DefaultHttpResponse(decodeResult: success, version: HTTP/1.1)
HTTP/1.1 200 OK
Content-Type: application/json; charset=utf-8
cache-control: no-cache
content-length: 13

11:57:46.087 [AsyncHttpClient-1-5] DEBUG org.asynchttpclient.netty.channel.ChannelManager - Adding key: http://localhost:56146 for channel [id: 0x98b55f48, L:/127.0.0.1:50011 - R:localhost/127.0.0.1:56146]
11:57:46.087 [Forwarding findElement on session 64919c22300ca764145590eb8fc4ff71 to remote] DEBUG org.asynchttpclient.netty.request.NettyRequestSender - Using pooled Channel '[id: 0x98b55f48, L:/127.0.0.1:50011 - R:localhost/127.0.0.1:56146]' for 'POST' to 'http://localhost:56146/session/64919c22300ca764145590eb8fc4ff71/element'
11:57:46.087 [Forwarding findElement on session 64919c22300ca764145590eb8fc4ff71 to remote] DEBUG org.asynchttpclient.netty.request.NettyRequestSender - Using open Channel [id: 0x98b55f48, L:/127.0.0.1:50011 - R:localhost/127.0.0.1:56146] for POST '/session/64919c22300ca764145590eb8fc4ff71/element'
11:57:46.087 [AsyncHttpClient-1-5] DEBUG org.asynchttpclient.netty.handler.HttpHandler - 

Request DefaultHttpRequest(decodeResult: success, version: HTTP/1.1)
POST /session/64919c22300ca764145590eb8fc4ff71/element HTTP/1.1
User-Agent: selenium/4.1.2 (java windows)
Content-Length: 56
Content-Type: application/json; charset=utf-8
host: localhost:56146
accept: */*

Response DefaultHttpResponse(decodeResult: success, version: HTTP/1.1)
HTTP/1.1 200 OK
Content-Type: application/json; charset=utf-8
cache-control: no-cache
content-length: 88

11:57:46.087 [AsyncHttpClient-1-5] DEBUG org.asynchttpclient.netty.channel.ChannelManager - Adding key: http://localhost:56146 for channel [id: 0x98b55f48, L:/127.0.0.1:50011 - R:localhost/127.0.0.1:56146]
11:57:46.103 [Forwarding clickElement on session 64919c22300ca764145590eb8fc4ff71 to remote] DEBUG org.asynchttpclient.netty.request.NettyRequestSender - Using pooled Channel '[id: 0x98b55f48, L:/127.0.0.1:50011 - R:localhost/127.0.0.1:56146]' for 'POST' to 'http://localhost:56146/session/64919c22300ca764145590eb8fc4ff71/element/577476a5-fb6f-41b9-bda7-06e3ca0b300f/click'
11:57:46.103 [Forwarding clickElement on session 64919c22300ca764145590eb8fc4ff71 to remote] DEBUG org.asynchttpclient.netty.request.NettyRequestSender - Using open Channel [id: 0x98b55f48, L:/127.0.0.1:50011 - R:localhost/127.0.0.1:56146] for POST '/session/64919c22300ca764145590eb8fc4ff71/element/577476a5-fb6f-41b9-bda7-06e3ca0b300f/click'
11:57:46.192 [AsyncHttpClient-1-5] DEBUG org.asynchttpclient.netty.handler.HttpHandler - 

Request DefaultHttpRequest(decodeResult: success, version: HTTP/1.1)
POST /session/64919c22300ca764145590eb8fc4ff71/element/577476a5-fb6f-41b9-bda7-06e3ca0b300f/click HTTP/1.1
User-Agent: selenium/4.1.2 (java windows)
Content-Length: 50
Content-Type: application/json; charset=utf-8
host: localhost:56146
accept: */*

Response DefaultHttpResponse(decodeResult: success, version: HTTP/1.1)
HTTP/1.1 200 OK
Content-Type: application/json; charset=utf-8
cache-control: no-cache
content-length: 14

11:57:46.192 [AsyncHttpClient-1-5] DEBUG org.asynchttpclient.netty.channel.ChannelManager - Adding key: http://localhost:56146 for channel [id: 0x98b55f48, L:/127.0.0.1:50011 - R:localhost/127.0.0.1:56146]
11:57:46.200 [Forwarding screenshot on session 64919c22300ca764145590eb8fc4ff71 to remote] DEBUG org.asynchttpclient.netty.request.NettyRequestSender - Using pooled Channel '[id: 0x98b55f48, L:/127.0.0.1:50011 - R:localhost/127.0.0.1:56146]' for 'GET' to 'http://localhost:56146/session/64919c22300ca764145590eb8fc4ff71/screenshot'
11:57:46.200 [Forwarding screenshot on session 64919c22300ca764145590eb8fc4ff71 to remote] DEBUG org.asynchttpclient.netty.request.NettyRequestSender - Using open Channel [id: 0x98b55f48, L:/127.0.0.1:50011 - R:localhost/127.0.0.1:56146] for GET '/session/64919c22300ca764145590eb8fc4ff71/screenshot'
11:57:46.545 [AsyncHttpClient-1-1] DEBUG org.asynchttpclient.netty.channel.DefaultChannelPool - Entry count for : http://localhost:50012 : 1
11:57:47.251 [AsyncHttpClient-1-5] DEBUG org.asynchttpclient.netty.handler.HttpHandler - 

Request DefaultFullHttpRequest(decodeResult: success, version: HTTP/1.1, content: EmptyByteBufBE)
GET /session/64919c22300ca764145590eb8fc4ff71/screenshot HTTP/1.1
User-Agent: selenium/4.1.2 (java windows)
Cache-Control: no-cache
Content-Type: application/json; charset=utf-8
host: localhost:56146
accept: */*

Response DefaultHttpResponse(decodeResult: success, version: HTTP/1.1)
HTTP/1.1 200 OK
Content-Type: application/json; charset=utf-8
cache-control: no-cache
content-length: 1333736

11:57:47.259 [AsyncHttpClient-1-5] DEBUG org.asynchttpclient.netty.channel.ChannelManager - Adding key: http://localhost:56146 for channel [id: 0x98b55f48, L:/127.0.0.1:50011 - R:localhost/127.0.0.1:56146]
11:57:47.348 [main] DEBUG net.serenitybdd.core.photography.Darkroom - Send negative for processing for target\site\serenity\ab9069fb73b598339b8f27cff0b258ef87a57e44e984b0a2d27eb3404886b9b0.png
11:57:47.349 [Darkroom Processing Line] DEBUG net.serenitybdd.core.photography.DarkroomProcessingLine - Processing screenshot image in /var/screenshots/screenshot-16120249879493721383
11:57:47.349 [Darkroom Processing Line] DEBUG net.serenitybdd.core.photography.DarkroomProcessingLine - Saving screenshot to target\site\serenity\ab9069fb73b598339b8f27cff0b258ef87a57e44e984b0a2d27eb3404886b9b0.png
11:57:47.349 [main] DEBUG net.thucydides.core.steps.StepInterceptor - STEP DONE: clickIconAccount
11:57:47.372 [main] DEBUG net.thucydides.core.steps.StepInterceptor - STARTING STEP: LoginStepDefinitions.iAmOnLoginPage - validateLoginFormIsApp
11:57:47.379 [Forwarding findElement on session 64919c22300ca764145590eb8fc4ff71 to remote] DEBUG org.asynchttpclient.netty.request.NettyRequestSender - Using pooled Channel '[id: 0x98b55f48, L:/127.0.0.1:50011 - R:localhost/127.0.0.1:56146]' for 'POST' to 'http://localhost:56146/session/64919c22300ca764145590eb8fc4ff71/element'
11:57:47.379 [Forwarding findElement on session 64919c22300ca764145590eb8fc4ff71 to remote] DEBUG org.asynchttpclient.netty.request.NettyRequestSender - Using open Channel [id: 0x98b55f48, L:/127.0.0.1:50011 - R:localhost/127.0.0.1:56146] for POST '/session/64919c22300ca764145590eb8fc4ff71/element'
11:57:47.525 [AsyncHttpClient-1-5] DEBUG org.asynchttpclient.netty.handler.HttpHandler - 

Request DefaultHttpRequest(decodeResult: success, version: HTTP/1.1)
POST /session/64919c22300ca764145590eb8fc4ff71/element HTTP/1.1
User-Agent: selenium/4.1.2 (java windows)
Content-Length: 103
Content-Type: application/json; charset=utf-8
host: localhost:56146
accept: */*

Response DefaultHttpResponse(decodeResult: success, version: HTTP/1.1)
HTTP/1.1 200 OK
Content-Type: application/json; charset=utf-8
cache-control: no-cache
content-length: 88

11:57:47.525 [AsyncHttpClient-1-5] DEBUG org.asynchttpclient.netty.channel.ChannelManager - Adding key: http://localhost:56146 for channel [id: 0x98b55f48, L:/127.0.0.1:50011 - R:localhost/127.0.0.1:56146]
11:57:47.537 [Forwarding isElementDisplayed on session 64919c22300ca764145590eb8fc4ff71 to remote] DEBUG org.asynchttpclient.netty.request.NettyRequestSender - Using pooled Channel '[id: 0x98b55f48, L:/127.0.0.1:50011 - R:localhost/127.0.0.1:56146]' for 'POST' to 'http://localhost:56146/session/64919c22300ca764145590eb8fc4ff71/execute/sync'
11:57:47.537 [Forwarding isElementDisplayed on session 64919c22300ca764145590eb8fc4ff71 to remote] DEBUG org.asynchttpclient.netty.request.NettyRequestSender - Using open Channel [id: 0x98b55f48, L:/127.0.0.1:50011 - R:localhost/127.0.0.1:56146] for POST '/session/64919c22300ca764145590eb8fc4ff71/execute/sync'
11:57:47.641 [AsyncHttpClient-1-1] DEBUG org.asynchttpclient.netty.channel.DefaultChannelPool - Entry count for : http://localhost:50012 : 1
11:57:47.721 [AsyncHttpClient-1-5] DEBUG org.asynchttpclient.netty.handler.HttpHandler - 

Request DefaultHttpRequest(decodeResult: success, version: HTTP/1.1)
POST /session/64919c22300ca764145590eb8fc4ff71/execute/sync HTTP/1.1
User-Agent: selenium/4.1.2 (java windows)
Content-Length: 48780
Content-Type: application/json; charset=utf-8
host: localhost:56146
accept: */*

Response DefaultHttpResponse(decodeResult: success, version: HTTP/1.1)
HTTP/1.1 200 OK
Content-Type: application/json; charset=utf-8
cache-control: no-cache
content-length: 14

11:57:47.721 [AsyncHttpClient-1-5] DEBUG org.asynchttpclient.netty.channel.ChannelManager - Adding key: http://localhost:56146 for channel [id: 0x98b55f48, L:/127.0.0.1:50011 - R:localhost/127.0.0.1:56146]
11:57:47.740 [Forwarding screenshot on session 64919c22300ca764145590eb8fc4ff71 to remote] DEBUG org.asynchttpclient.netty.request.NettyRequestSender - Using pooled Channel '[id: 0x98b55f48, L:/127.0.0.1:50011 - R:localhost/127.0.0.1:56146]' for 'GET' to 'http://localhost:56146/session/64919c22300ca764145590eb8fc4ff71/screenshot'
11:57:47.740 [Forwarding screenshot on session 64919c22300ca764145590eb8fc4ff71 to remote] DEBUG org.asynchttpclient.netty.request.NettyRequestSender - Using open Channel [id: 0x98b55f48, L:/127.0.0.1:50011 - R:localhost/127.0.0.1:56146] for GET '/session/64919c22300ca764145590eb8fc4ff71/screenshot'
11:57:48.515 [AsyncHttpClient-1-5] DEBUG org.asynchttpclient.netty.handler.HttpHandler - 

Request DefaultFullHttpRequest(decodeResult: success, version: HTTP/1.1, content: EmptyByteBufBE)
GET /session/64919c22300ca764145590eb8fc4ff71/screenshot HTTP/1.1
User-Agent: selenium/4.1.2 (java windows)
Cache-Control: no-cache
Content-Type: application/json; charset=utf-8
host: localhost:56146
accept: */*

Response DefaultHttpResponse(decodeResult: success, version: HTTP/1.1)
HTTP/1.1 200 OK
Content-Type: application/json; charset=utf-8
cache-control: no-cache
content-length: 509164

11:57:48.518 [AsyncHttpClient-1-5] DEBUG org.asynchttpclient.netty.channel.ChannelManager - Adding key: http://localhost:56146 for channel [id: 0x98b55f48, L:/127.0.0.1:50011 - R:localhost/127.0.0.1:56146]
11:57:48.533 [main] DEBUG net.serenitybdd.core.photography.Darkroom - Send negative for processing for target\site\serenity\a5e18a36ae3d5b4b773c1457c284e30d0f4a497c6518b0de6ac4f5f37ba5a9c5.png
11:57:48.534 [main] DEBUG net.thucydides.core.steps.StepInterceptor - STEP DONE: validateLoginFormIsApp
11:57:48.534 [Darkroom Processing Line] DEBUG net.serenitybdd.core.photography.DarkroomProcessingLine - Processing screenshot image in /var/screenshots/screenshot-11893827704862205138
11:57:48.534 [Darkroom Processing Line] DEBUG net.serenitybdd.core.photography.DarkroomProcessingLine - Saving screenshot to target\site\serenity\a5e18a36ae3d5b4b773c1457c284e30d0f4a497c6518b0de6ac4f5f37ba5a9c5.png
  &amp#27;[32mGiven &amp#27;[0m&amp#27;[32mi am on login page&amp#27;[0m                         &amp#27;[90m# starter.stepdefinitions.LoginStepDefinitions.iAmOnLoginPage()&amp#27;[0m
11:57:48.556 [main] DEBUG net.thucydides.core.steps.StepInterceptor - STARTING STEP: LoginStepDefinitions.iInputUsername - inputUsername
11:57:48.561 [Forwarding findElement on session 64919c22300ca764145590eb8fc4ff71 to remote] DEBUG org.asynchttpclient.netty.request.NettyRequestSender - Using pooled Channel '[id: 0x98b55f48, L:/127.0.0.1:50011 - R:localhost/127.0.0.1:56146]' for 'POST' to 'http://localhost:56146/session/64919c22300ca764145590eb8fc4ff71/element'
11:57:48.561 [Forwarding findElement on session 64919c22300ca764145590eb8fc4ff71 to remote] DEBUG org.asynchttpclient.netty.request.NettyRequestSender - Using open Channel [id: 0x98b55f48, L:/127.0.0.1:50011 - R:localhost/127.0.0.1:56146] for POST '/session/64919c22300ca764145590eb8fc4ff71/element'
11:57:48.576 [AsyncHttpClient-1-5] DEBUG org.asynchttpclient.netty.handler.HttpHandler - 

Request DefaultHttpRequest(decodeResult: success, version: HTTP/1.1)
POST /session/64919c22300ca764145590eb8fc4ff71/element HTTP/1.1
User-Agent: selenium/4.1.2 (java windows)
Content-Length: 53
Content-Type: application/json; charset=utf-8
host: localhost:56146
accept: */*

Response DefaultHttpResponse(decodeResult: success, version: HTTP/1.1)
HTTP/1.1 200 OK
Content-Type: application/json; charset=utf-8
cache-control: no-cache
content-length: 88

11:57:48.576 [AsyncHttpClient-1-5] DEBUG org.asynchttpclient.netty.channel.ChannelManager - Adding key: http://localhost:56146 for channel [id: 0x98b55f48, L:/127.0.0.1:50011 - R:localhost/127.0.0.1:56146]
11:57:48.579 [Forwarding clearElement on session 64919c22300ca764145590eb8fc4ff71 to remote] DEBUG org.asynchttpclient.netty.request.NettyRequestSender - Using pooled Channel '[id: 0x98b55f48, L:/127.0.0.1:50011 - R:localhost/127.0.0.1:56146]' for 'POST' to 'http://localhost:56146/session/64919c22300ca764145590eb8fc4ff71/element/19195cfe-b4b4-4cc6-99b9-5cf47b8b933f/clear'
11:57:48.579 [Forwarding clearElement on session 64919c22300ca764145590eb8fc4ff71 to remote] DEBUG org.asynchttpclient.netty.request.NettyRequestSender - Using open Channel [id: 0x98b55f48, L:/127.0.0.1:50011 - R:localhost/127.0.0.1:56146] for POST '/session/64919c22300ca764145590eb8fc4ff71/element/19195cfe-b4b4-4cc6-99b9-5cf47b8b933f/clear'
11:57:48.621 [AsyncHttpClient-1-5] DEBUG org.asynchttpclient.netty.handler.HttpHandler - 

Request DefaultHttpRequest(decodeResult: success, version: HTTP/1.1)
POST /session/64919c22300ca764145590eb8fc4ff71/element/19195cfe-b4b4-4cc6-99b9-5cf47b8b933f/clear HTTP/1.1
User-Agent: selenium/4.1.2 (java windows)
Content-Length: 50
Content-Type: application/json; charset=utf-8
host: localhost:56146
accept: */*

Response DefaultHttpResponse(decodeResult: success, version: HTTP/1.1)
HTTP/1.1 200 OK
Content-Type: application/json; charset=utf-8
cache-control: no-cache
content-length: 14

11:57:48.621 [AsyncHttpClient-1-5] DEBUG org.asynchttpclient.netty.channel.ChannelManager - Adding key: http://localhost:56146 for channel [id: 0x98b55f48, L:/127.0.0.1:50011 - R:localhost/127.0.0.1:56146]
11:57:48.626 [Forwarding sendKeysToElement on session 64919c22300ca764145590eb8fc4ff71 to remote] DEBUG org.asynchttpclient.netty.request.NettyRequestSender - Using pooled Channel '[id: 0x98b55f48, L:/127.0.0.1:50011 - R:localhost/127.0.0.1:56146]' for 'POST' to 'http://localhost:56146/session/64919c22300ca764145590eb8fc4ff71/element/19195cfe-b4b4-4cc6-99b9-5cf47b8b933f/value'
11:57:48.626 [Forwarding sendKeysToElement on session 64919c22300ca764145590eb8fc4ff71 to remote] DEBUG org.asynchttpclient.netty.request.NettyRequestSender - Using open Channel [id: 0x98b55f48, L:/127.0.0.1:50011 - R:localhost/127.0.0.1:56146] for POST '/session/64919c22300ca764145590eb8fc4ff71/element/19195cfe-b4b4-4cc6-99b9-5cf47b8b933f/value'
11:57:48.742 [AsyncHttpClient-1-1] DEBUG org.asynchttpclient.netty.channel.DefaultChannelPool - Entry count for : http://localhost:50012 : 1
11:57:48.877 [AsyncHttpClient-1-5] DEBUG org.asynchttpclient.netty.handler.HttpHandler - 

Request DefaultHttpRequest(decodeResult: success, version: HTTP/1.1)
POST /session/64919c22300ca764145590eb8fc4ff71/element/19195cfe-b4b4-4cc6-99b9-5cf47b8b933f/value HTTP/1.1
User-Agent: selenium/4.1.2 (java windows)
Content-Length: 321
Content-Type: application/json; charset=utf-8
host: localhost:56146
accept: */*

Response DefaultHttpResponse(decodeResult: success, version: HTTP/1.1)
HTTP/1.1 200 OK
Content-Type: application/json; charset=utf-8
cache-control: no-cache
content-length: 14

11:57:48.877 [AsyncHttpClient-1-5] DEBUG org.asynchttpclient.netty.channel.ChannelManager - Adding key: http://localhost:56146 for channel [id: 0x98b55f48, L:/127.0.0.1:50011 - R:localhost/127.0.0.1:56146]
11:57:48.886 [Forwarding screenshot on session 64919c22300ca764145590eb8fc4ff71 to remote] DEBUG org.asynchttpclient.netty.request.NettyRequestSender - Using pooled Channel '[id: 0x98b55f48, L:/127.0.0.1:50011 - R:localhost/127.0.0.1:56146]' for 'GET' to 'http://localhost:56146/session/64919c22300ca764145590eb8fc4ff71/screenshot'
11:57:48.886 [Forwarding screenshot on session 64919c22300ca764145590eb8fc4ff71 to remote] DEBUG org.asynchttpclient.netty.request.NettyRequestSender - Using open Channel [id: 0x98b55f48, L:/127.0.0.1:50011 - R:localhost/127.0.0.1:56146] for GET '/session/64919c22300ca764145590eb8fc4ff71/screenshot'
11:57:49.437 [AsyncHttpClient-1-5] DEBUG org.asynchttpclient.netty.handler.HttpHandler - 

Request DefaultFullHttpRequest(decodeResult: success, version: HTTP/1.1, content: EmptyByteBufBE)
GET /session/64919c22300ca764145590eb8fc4ff71/screenshot HTTP/1.1
User-Agent: selenium/4.1.2 (java windows)
Cache-Control: no-cache
Content-Type: application/json; charset=utf-8
host: localhost:56146
accept: */*

Response DefaultHttpResponse(decodeResult: success, version: HTTP/1.1)
HTTP/1.1 200 OK
Content-Type: application/json; charset=utf-8
cache-control: no-cache
content-length: 518776

11:57:49.440 [AsyncHttpClient-1-5] DEBUG org.asynchttpclient.netty.channel.ChannelManager - Adding key: http://localhost:56146 for channel [id: 0x98b55f48, L:/127.0.0.1:50011 - R:localhost/127.0.0.1:56146]
11:57:49.452 [main] DEBUG net.serenitybdd.core.photography.Darkroom - Send negative for processing for target\site\serenity\78bdb7cfca3c5980a2b8dab457304589eb617d5d77c71a89287528928f8a7d47.png
11:57:49.452 [main] DEBUG net.thucydides.core.steps.StepInterceptor - STEP DONE: inputUsername
  &amp#27;[32mWhen &amp#27;[0m&amp#27;[32mi input &amp#27;[0m&amp#27;[32m&amp#27;[1m"dummyforta2022@gmail.com"&amp#27;[0m&amp#27;[32m username&amp#27;[0m &amp#27;[90m# starter.stepdefinitions.LoginStepDefinitions.iInputUsername(java.lang.String)&amp#27;[0m
11:57:49.452 [Darkroom Processing Line] DEBUG net.serenitybdd.core.photography.DarkroomProcessingLine - Processing screenshot image in /var/screenshots/screenshot-14457076020345070565
11:57:49.452 [Darkroom Processing Line] DEBUG net.serenitybdd.core.photography.DarkroomProcessingLine - Saving screenshot to target\site\serenity\78bdb7cfca3c5980a2b8dab457304589eb617d5d77c71a89287528928f8a7d47.png
11:57:49.469 [main] DEBUG net.thucydides.core.steps.StepInterceptor - STARTING STEP: LoginStepDefinitions.iInputPassword - inputPassword
11:57:49.473 [Forwarding findElement on session 64919c22300ca764145590eb8fc4ff71 to remote] DEBUG org.asynchttpclient.netty.request.NettyRequestSender - Using pooled Channel '[id: 0x98b55f48, L:/127.0.0.1:50011 - R:localhost/127.0.0.1:56146]' for 'POST' to 'http://localhost:56146/session/64919c22300ca764145590eb8fc4ff71/element'
11:57:49.473 [Forwarding findElement on session 64919c22300ca764145590eb8fc4ff71 to remote] DEBUG org.asynchttpclient.netty.request.NettyRequestSender - Using open Channel [id: 0x98b55f48, L:/127.0.0.1:50011 - R:localhost/127.0.0.1:56146] for POST '/session/64919c22300ca764145590eb8fc4ff71/element'
11:57:49.487 [AsyncHttpClient-1-5] DEBUG org.asynchttpclient.netty.handler.HttpHandler - 

Request DefaultHttpRequest(decodeResult: success, version: HTTP/1.1)
POST /session/64919c22300ca764145590eb8fc4ff71/element HTTP/1.1
User-Agent: selenium/4.1.2 (java windows)
Content-Length: 53
Content-Type: application/json; charset=utf-8
host: localhost:56146
accept: */*

Response DefaultHttpResponse(decodeResult: success, version: HTTP/1.1)
HTTP/1.1 200 OK
Content-Type: application/json; charset=utf-8
cache-control: no-cache
content-length: 88

11:57:49.488 [AsyncHttpClient-1-5] DEBUG org.asynchttpclient.netty.channel.ChannelManager - Adding key: http://localhost:56146 for channel [id: 0x98b55f48, L:/127.0.0.1:50011 - R:localhost/127.0.0.1:56146]
11:57:49.490 [Forwarding clearElement on session 64919c22300ca764145590eb8fc4ff71 to remote] DEBUG org.asynchttpclient.netty.request.NettyRequestSender - Using pooled Channel '[id: 0x98b55f48, L:/127.0.0.1:50011 - R:localhost/127.0.0.1:56146]' for 'POST' to 'http://localhost:56146/session/64919c22300ca764145590eb8fc4ff71/element/d0df2ca2-8f73-41f2-87da-e677eb470f8a/clear'
11:57:49.490 [Forwarding clearElement on session 64919c22300ca764145590eb8fc4ff71 to remote] DEBUG org.asynchttpclient.netty.request.NettyRequestSender - Using open Channel [id: 0x98b55f48, L:/127.0.0.1:50011 - R:localhost/127.0.0.1:56146] for POST '/session/64919c22300ca764145590eb8fc4ff71/element/d0df2ca2-8f73-41f2-87da-e677eb470f8a/clear'
11:57:49.521 [AsyncHttpClient-1-5] DEBUG org.asynchttpclient.netty.handler.HttpHandler - 

Request DefaultHttpRequest(decodeResult: success, version: HTTP/1.1)
POST /session/64919c22300ca764145590eb8fc4ff71/element/d0df2ca2-8f73-41f2-87da-e677eb470f8a/clear HTTP/1.1
User-Agent: selenium/4.1.2 (java windows)
Content-Length: 50
Content-Type: application/json; charset=utf-8
host: localhost:56146
accept: */*

Response DefaultHttpResponse(decodeResult: success, version: HTTP/1.1)
HTTP/1.1 200 OK
Content-Type: application/json; charset=utf-8
cache-control: no-cache
content-length: 14

11:57:49.522 [AsyncHttpClient-1-5] DEBUG org.asynchttpclient.netty.channel.ChannelManager - Adding key: http://localhost:56146 for channel [id: 0x98b55f48, L:/127.0.0.1:50011 - R:localhost/127.0.0.1:56146]
11:57:49.524 [Forwarding sendKeysToElement on session 64919c22300ca764145590eb8fc4ff71 to remote] DEBUG org.asynchttpclient.netty.request.NettyRequestSender - Using pooled Channel '[id: 0x98b55f48, L:/127.0.0.1:50011 - R:localhost/127.0.0.1:56146]' for 'POST' to 'http://localhost:56146/session/64919c22300ca764145590eb8fc4ff71/element/d0df2ca2-8f73-41f2-87da-e677eb470f8a/value'
11:57:49.524 [Forwarding sendKeysToElement on session 64919c22300ca764145590eb8fc4ff71 to remote] DEBUG org.asynchttpclient.netty.request.NettyRequestSender - Using open Channel [id: 0x98b55f48, L:/127.0.0.1:50011 - R:localhost/127.0.0.1:56146] for POST '/session/64919c22300ca764145590eb8fc4ff71/element/d0df2ca2-8f73-41f2-87da-e677eb470f8a/value'
11:57:49.562 [AsyncHttpClient-1-5] DEBUG org.asynchttpclient.netty.handler.HttpHandler - 

Request DefaultHttpRequest(decodeResult: success, version: HTTP/1.1)
POST /session/64919c22300ca764145590eb8fc4ff71/element/d0df2ca2-8f73-41f2-87da-e677eb470f8a/value HTTP/1.1
User-Agent: selenium/4.1.2 (java windows)
Content-Length: 82
Content-Type: application/json; charset=utf-8
host: localhost:56146
accept: */*

Response DefaultHttpResponse(decodeResult: success, version: HTTP/1.1)
HTTP/1.1 200 OK
Content-Type: application/json; charset=utf-8
cache-control: no-cache
content-length: 14

11:57:49.563 [AsyncHttpClient-1-5] DEBUG org.asynchttpclient.netty.channel.ChannelManager - Adding key: http://localhost:56146 for channel [id: 0x98b55f48, L:/127.0.0.1:50011 - R:localhost/127.0.0.1:56146]
11:57:49.570 [Forwarding screenshot on session 64919c22300ca764145590eb8fc4ff71 to remote] DEBUG org.asynchttpclient.netty.request.NettyRequestSender - Using pooled Channel '[id: 0x98b55f48, L:/127.0.0.1:50011 - R:localhost/127.0.0.1:56146]' for 'GET' to 'http://localhost:56146/session/64919c22300ca764145590eb8fc4ff71/screenshot'
11:57:49.570 [Forwarding screenshot on session 64919c22300ca764145590eb8fc4ff71 to remote] DEBUG org.asynchttpclient.netty.request.NettyRequestSender - Using open Channel [id: 0x98b55f48, L:/127.0.0.1:50011 - R:localhost/127.0.0.1:56146] for GET '/session/64919c22300ca764145590eb8fc4ff71/screenshot'
11:57:49.818 [AsyncHttpClient-1-5] DEBUG org.asynchttpclient.netty.handler.HttpHandler - 

Request DefaultFullHttpRequest(decodeResult: success, version: HTTP/1.1, content: EmptyByteBufBE)
GET /session/64919c22300ca764145590eb8fc4ff71/screenshot HTTP/1.1
User-Agent: selenium/4.1.2 (java windows)
Cache-Control: no-cache
Content-Type: application/json; charset=utf-8
host: localhost:56146
accept: */*

Response DefaultHttpResponse(decodeResult: success, version: HTTP/1.1)
HTTP/1.1 200 OK
Content-Type: application/json; charset=utf-8
cache-control: no-cache
content-length: 442160

11:57:49.818 [AsyncHttpClient-1-5] DEBUG org.asynchttpclient.netty.channel.ChannelManager - Adding key: http://localhost:56146 for channel [id: 0x98b55f48, L:/127.0.0.1:50011 - R:localhost/127.0.0.1:56146]
11:57:49.831 [main] DEBUG net.serenitybdd.core.photography.Darkroom - Send negative for processing for target\site\serenity\4af591ed9c4d69b90a097ed7680ea2c94e0cd0cc6e90e1446d5b5697ece7687a.png
11:57:49.831 [main] DEBUG net.thucydides.core.steps.StepInterceptor - STEP DONE: inputPassword
  &amp#27;[32mAnd &amp#27;[0m&amp#27;[32mi input &amp#27;[0m&amp#27;[32m&amp#27;[1m""&amp#27;[0m&amp#27;[32m password&amp#27;[0m                          &amp#27;[90m# starter.stepdefinitions.LoginStepDefinitions.iInputPassword(java.lang.String)&amp#27;[0m
11:57:49.831 [Darkroom Processing Line] DEBUG net.serenitybdd.core.photography.DarkroomProcessingLine - Processing screenshot image in /var/screenshots/screenshot-1453918518326951390
11:57:49.831 [Darkroom Processing Line] DEBUG net.serenitybdd.core.photography.DarkroomProcessingLine - Saving screenshot to target\site\serenity\4af591ed9c4d69b90a097ed7680ea2c94e0cd0cc6e90e1446d5b5697ece7687a.png
11:57:49.840 [AsyncHttpClient-1-1] DEBUG org.asynchttpclient.netty.channel.DefaultChannelPool - Entry count for : http://localhost:56146 : 1
11:57:49.840 [AsyncHttpClient-1-1] DEBUG org.asynchttpclient.netty.channel.DefaultChannelPool - Entry count for : http://localhost:50012 : 1
11:57:49.845 [main] DEBUG net.thucydides.core.steps.StepInterceptor - STARTING STEP: LoginStepDefinitions.clickLoginButton - clickLoginButton
11:57:49.848 [Forwarding findElement on session 64919c22300ca764145590eb8fc4ff71 to remote] DEBUG org.asynchttpclient.netty.request.NettyRequestSender - Using pooled Channel '[id: 0x98b55f48, L:/127.0.0.1:50011 - R:localhost/127.0.0.1:56146]' for 'POST' to 'http://localhost:56146/session/64919c22300ca764145590eb8fc4ff71/element'
11:57:49.848 [Forwarding findElement on session 64919c22300ca764145590eb8fc4ff71 to remote] DEBUG org.asynchttpclient.netty.request.NettyRequestSender - Using open Channel [id: 0x98b55f48, L:/127.0.0.1:50011 - R:localhost/127.0.0.1:56146] for POST '/session/64919c22300ca764145590eb8fc4ff71/element'
11:57:49.858 [AsyncHttpClient-1-5] DEBUG org.asynchttpclient.netty.handler.HttpHandler - 

Request DefaultHttpRequest(decodeResult: success, version: HTTP/1.1)
POST /session/64919c22300ca764145590eb8fc4ff71/element HTTP/1.1
User-Agent: selenium/4.1.2 (java windows)
Content-Length: 59
Content-Type: application/json; charset=utf-8
host: localhost:56146
accept: */*

Response DefaultHttpResponse(decodeResult: success, version: HTTP/1.1)
HTTP/1.1 200 OK
Content-Type: application/json; charset=utf-8
cache-control: no-cache
content-length: 88

11:57:49.858 [AsyncHttpClient-1-5] DEBUG org.asynchttpclient.netty.channel.ChannelManager - Adding key: http://localhost:56146 for channel [id: 0x98b55f48, L:/127.0.0.1:50011 - R:localhost/127.0.0.1:56146]
11:57:49.861 [Forwarding getElementTagName on session 64919c22300ca764145590eb8fc4ff71 to remote] DEBUG org.asynchttpclient.netty.request.NettyRequestSender - Using pooled Channel '[id: 0x98b55f48, L:/127.0.0.1:50011 - R:localhost/127.0.0.1:56146]' for 'GET' to 'http://localhost:56146/session/64919c22300ca764145590eb8fc4ff71/element/392217a1-47e0-486d-be1d-2a6a9259206f/name'
11:57:49.861 [Forwarding getElementTagName on session 64919c22300ca764145590eb8fc4ff71 to remote] DEBUG org.asynchttpclient.netty.request.NettyRequestSender - Using open Channel [id: 0x98b55f48, L:/127.0.0.1:50011 - R:localhost/127.0.0.1:56146] for GET '/session/64919c22300ca764145590eb8fc4ff71/element/392217a1-47e0-486d-be1d-2a6a9259206f/name'
11:57:49.864 [AsyncHttpClient-1-5] DEBUG org.asynchttpclient.netty.handler.HttpHandler - 

Request DefaultFullHttpRequest(decodeResult: success, version: HTTP/1.1, content: EmptyByteBufBE)
GET /session/64919c22300ca764145590eb8fc4ff71/element/392217a1-47e0-486d-be1d-2a6a9259206f/name HTTP/1.1
User-Agent: selenium/4.1.2 (java windows)
Cache-Control: no-cache
Content-Type: application/json; charset=utf-8
host: localhost:56146
accept: */*

Response DefaultHttpResponse(decodeResult: success, version: HTTP/1.1)
HTTP/1.1 200 OK
Content-Type: application/json; charset=utf-8
cache-control: no-cache
content-length: 18

11:57:49.864 [AsyncHttpClient-1-5] DEBUG org.asynchttpclient.netty.channel.ChannelManager - Adding key: http://localhost:56146 for channel [id: 0x98b55f48, L:/127.0.0.1:50011 - R:localhost/127.0.0.1:56146]
11:57:49.867 [Forwarding getElementTagName on session 64919c22300ca764145590eb8fc4ff71 to remote] DEBUG org.asynchttpclient.netty.request.NettyRequestSender - Using pooled Channel '[id: 0x98b55f48, L:/127.0.0.1:50011 - R:localhost/127.0.0.1:56146]' for 'GET' to 'http://localhost:56146/session/64919c22300ca764145590eb8fc4ff71/element/392217a1-47e0-486d-be1d-2a6a9259206f/name'
11:57:49.867 [Forwarding getElementTagName on session 64919c22300ca764145590eb8fc4ff71 to remote] DEBUG org.asynchttpclient.netty.request.NettyRequestSender - Using open Channel [id: 0x98b55f48, L:/127.0.0.1:50011 - R:localhost/127.0.0.1:56146] for GET '/session/64919c22300ca764145590eb8fc4ff71/element/392217a1-47e0-486d-be1d-2a6a9259206f/name'
11:57:49.869 [AsyncHttpClient-1-5] DEBUG org.asynchttpclient.netty.handler.HttpHandler - 

Request DefaultFullHttpRequest(decodeResult: success, version: HTTP/1.1, content: EmptyByteBufBE)
GET /session/64919c22300ca764145590eb8fc4ff71/element/392217a1-47e0-486d-be1d-2a6a9259206f/name HTTP/1.1
User-Agent: selenium/4.1.2 (java windows)
Cache-Control: no-cache
Content-Type: application/json; charset=utf-8
host: localhost:56146
accept: */*

Response DefaultHttpResponse(decodeResult: success, version: HTTP/1.1)
HTTP/1.1 200 OK
Content-Type: application/json; charset=utf-8
cache-control: no-cache
content-length: 18

11:57:49.869 [AsyncHttpClient-1-5] DEBUG org.asynchttpclient.netty.channel.ChannelManager - Adding key: http://localhost:56146 for channel [id: 0x98b55f48, L:/127.0.0.1:50011 - R:localhost/127.0.0.1:56146]
11:57:49.872 [Forwarding isElementEnabled on session 64919c22300ca764145590eb8fc4ff71 to remote] DEBUG org.asynchttpclient.netty.request.NettyRequestSender - Using pooled Channel '[id: 0x98b55f48, L:/127.0.0.1:50011 - R:localhost/127.0.0.1:56146]' for 'GET' to 'http://localhost:56146/session/64919c22300ca764145590eb8fc4ff71/element/392217a1-47e0-486d-be1d-2a6a9259206f/enabled'
11:57:49.872 [Forwarding isElementEnabled on session 64919c22300ca764145590eb8fc4ff71 to remote] DEBUG org.asynchttpclient.netty.request.NettyRequestSender - Using open Channel [id: 0x98b55f48, L:/127.0.0.1:50011 - R:localhost/127.0.0.1:56146] for GET '/session/64919c22300ca764145590eb8fc4ff71/element/392217a1-47e0-486d-be1d-2a6a9259206f/enabled'
11:57:49.882 [AsyncHttpClient-1-5] DEBUG org.asynchttpclient.netty.handler.HttpHandler - 

Request DefaultFullHttpRequest(decodeResult: success, version: HTTP/1.1, content: EmptyByteBufBE)
GET /session/64919c22300ca764145590eb8fc4ff71/element/392217a1-47e0-486d-be1d-2a6a9259206f/enabled HTTP/1.1
User-Agent: selenium/4.1.2 (java windows)
Cache-Control: no-cache
Content-Type: application/json; charset=utf-8
host: localhost:56146
accept: */*

Response DefaultHttpResponse(decodeResult: success, version: HTTP/1.1)
HTTP/1.1 200 OK
Content-Type: application/json; charset=utf-8
cache-control: no-cache
content-length: 14

11:57:49.882 [AsyncHttpClient-1-5] DEBUG org.asynchttpclient.netty.channel.ChannelManager - Adding key: http://localhost:56146 for channel [id: 0x98b55f48, L:/127.0.0.1:50011 - R:localhost/127.0.0.1:56146]
11:57:49.884 [Forwarding isElementEnabled on session 64919c22300ca764145590eb8fc4ff71 to remote] DEBUG org.asynchttpclient.netty.request.NettyRequestSender - Using pooled Channel '[id: 0x98b55f48, L:/127.0.0.1:50011 - R:localhost/127.0.0.1:56146]' for 'GET' to 'http://localhost:56146/session/64919c22300ca764145590eb8fc4ff71/element/392217a1-47e0-486d-be1d-2a6a9259206f/enabled'
11:57:49.884 [Forwarding isElementEnabled on session 64919c22300ca764145590eb8fc4ff71 to remote] DEBUG org.asynchttpclient.netty.request.NettyRequestSender - Using open Channel [id: 0x98b55f48, L:/127.0.0.1:50011 - R:localhost/127.0.0.1:56146] for GET '/session/64919c22300ca764145590eb8fc4ff71/element/392217a1-47e0-486d-be1d-2a6a9259206f/enabled'
11:57:49.889 [AsyncHttpClient-1-5] DEBUG org.asynchttpclient.netty.handler.HttpHandler - 

Request DefaultFullHttpRequest(decodeResult: success, version: HTTP/1.1, content: EmptyByteBufBE)
GET /session/64919c22300ca764145590eb8fc4ff71/element/392217a1-47e0-486d-be1d-2a6a9259206f/enabled HTTP/1.1
User-Agent: selenium/4.1.2 (java windows)
Cache-Control: no-cache
Content-Type: application/json; charset=utf-8
host: localhost:56146
accept: */*

Response DefaultHttpResponse(decodeResult: success, version: HTTP/1.1)
HTTP/1.1 200 OK
Content-Type: application/json; charset=utf-8
cache-control: no-cache
content-length: 14

11:57:49.889 [AsyncHttpClient-1-5] DEBUG org.asynchttpclient.netty.channel.ChannelManager - Adding key: http://localhost:56146 for channel [id: 0x98b55f48, L:/127.0.0.1:50011 - R:localhost/127.0.0.1:56146]
11:57:49.889 [Forwarding findElement on session 64919c22300ca764145590eb8fc4ff71 to remote] DEBUG org.asynchttpclient.netty.request.NettyRequestSender - Using pooled Channel '[id: 0x98b55f48, L:/127.0.0.1:50011 - R:localhost/127.0.0.1:56146]' for 'POST' to 'http://localhost:56146/session/64919c22300ca764145590eb8fc4ff71/element'
11:57:49.889 [Forwarding findElement on session 64919c22300ca764145590eb8fc4ff71 to remote] DEBUG org.asynchttpclient.netty.request.NettyRequestSender - Using open Channel [id: 0x98b55f48, L:/127.0.0.1:50011 - R:localhost/127.0.0.1:56146] for POST '/session/64919c22300ca764145590eb8fc4ff71/element'
11:57:49.901 [AsyncHttpClient-1-5] DEBUG org.asynchttpclient.netty.handler.HttpHandler - 

Request DefaultHttpRequest(decodeResult: success, version: HTTP/1.1)
POST /session/64919c22300ca764145590eb8fc4ff71/element HTTP/1.1
User-Agent: selenium/4.1.2 (java windows)
Content-Length: 59
Content-Type: application/json; charset=utf-8
host: localhost:56146
accept: */*

Response DefaultHttpResponse(decodeResult: success, version: HTTP/1.1)
HTTP/1.1 200 OK
Content-Type: application/json; charset=utf-8
cache-control: no-cache
content-length: 88

11:57:49.901 [AsyncHttpClient-1-5] DEBUG org.asynchttpclient.netty.channel.ChannelManager - Adding key: http://localhost:56146 for channel [id: 0x98b55f48, L:/127.0.0.1:50011 - R:localhost/127.0.0.1:56146]
11:57:49.903 [Forwarding clickElement on session 64919c22300ca764145590eb8fc4ff71 to remote] DEBUG org.asynchttpclient.netty.request.NettyRequestSender - Using pooled Channel '[id: 0x98b55f48, L:/127.0.0.1:50011 - R:localhost/127.0.0.1:56146]' for 'POST' to 'http://localhost:56146/session/64919c22300ca764145590eb8fc4ff71/element/392217a1-47e0-486d-be1d-2a6a9259206f/click'
11:57:49.903 [Forwarding clickElement on session 64919c22300ca764145590eb8fc4ff71 to remote] DEBUG org.asynchttpclient.netty.request.NettyRequestSender - Using open Channel [id: 0x98b55f48, L:/127.0.0.1:50011 - R:localhost/127.0.0.1:56146] for POST '/session/64919c22300ca764145590eb8fc4ff71/element/392217a1-47e0-486d-be1d-2a6a9259206f/click'
11:57:50.941 [AsyncHttpClient-1-1] DEBUG org.asynchttpclient.netty.channel.DefaultChannelPool - Entry count for : http://localhost:50012 : 1
11:57:52.047 [AsyncHttpClient-1-1] DEBUG org.asynchttpclient.netty.channel.DefaultChannelPool - Entry count for : http://localhost:50012 : 1
11:57:53.143 [AsyncHttpClient-1-1] DEBUG org.asynchttpclient.netty.channel.DefaultChannelPool - Entry count for : http://localhost:50012 : 1
11:57:54.132 [AsyncHttpClient-1-5] DEBUG org.asynchttpclient.netty.handler.HttpHandler - 

Request DefaultHttpRequest(decodeResult: success, version: HTTP/1.1)
POST /session/64919c22300ca764145590eb8fc4ff71/element/392217a1-47e0-486d-be1d-2a6a9259206f/click HTTP/1.1
User-Agent: selenium/4.1.2 (java windows)
Content-Length: 50
Content-Type: application/json; charset=utf-8
host: localhost:56146
accept: */*

Response DefaultHttpResponse(decodeResult: success, version: HTTP/1.1)
HTTP/1.1 200 OK
Content-Type: application/json; charset=utf-8
cache-control: no-cache
content-length: 14

11:57:54.132 [AsyncHttpClient-1-5] DEBUG org.asynchttpclient.netty.channel.ChannelManager - Adding key: http://localhost:56146 for channel [id: 0x98b55f48, L:/127.0.0.1:50011 - R:localhost/127.0.0.1:56146]
11:57:54.140 [Forwarding screenshot on session 64919c22300ca764145590eb8fc4ff71 to remote] DEBUG org.asynchttpclient.netty.request.NettyRequestSender - Using pooled Channel '[id: 0x98b55f48, L:/127.0.0.1:50011 - R:localhost/127.0.0.1:56146]' for 'GET' to 'http://localhost:56146/session/64919c22300ca764145590eb8fc4ff71/screenshot'
11:57:54.141 [Forwarding screenshot on session 64919c22300ca764145590eb8fc4ff71 to remote] DEBUG org.asynchttpclient.netty.request.NettyRequestSender - Using open Channel [id: 0x98b55f48, L:/127.0.0.1:50011 - R:localhost/127.0.0.1:56146] for GET '/session/64919c22300ca764145590eb8fc4ff71/screenshot'
11:57:54.241 [AsyncHttpClient-1-1] DEBUG org.asynchttpclient.netty.channel.DefaultChannelPool - Entry count for : http://localhost:50012 : 1
11:57:54.627 [AsyncHttpClient-1-5] DEBUG org.asynchttpclient.netty.handler.HttpHandler - 

Request DefaultFullHttpRequest(decodeResult: success, version: HTTP/1.1, content: EmptyByteBufBE)
GET /session/64919c22300ca764145590eb8fc4ff71/screenshot HTTP/1.1
User-Agent: selenium/4.1.2 (java windows)
Cache-Control: no-cache
Content-Type: application/json; charset=utf-8
host: localhost:56146
accept: */*

Response DefaultHttpResponse(decodeResult: success, version: HTTP/1.1)
HTTP/1.1 200 OK
Content-Type: application/json; charset=utf-8
cache-control: no-cache
content-length: 1330296

11:57:54.627 [AsyncHttpClient-1-5] DEBUG org.asynchttpclient.netty.channel.ChannelManager - Adding key: http://localhost:56146 for channel [id: 0x98b55f48, L:/127.0.0.1:50011 - R:localhost/127.0.0.1:56146]
11:57:54.657 [main] DEBUG net.serenitybdd.core.photography.Darkroom - Send negative for processing for target\site\serenity\c65a8326086cf8a922bb6c5443e00ede2b1e1dc72aef6d412113d6cdd746efe4.png
11:57:54.657 [main] DEBUG net.thucydides.core.steps.StepInterceptor - STEP DONE: clickLoginButton
  &amp#27;[32mAnd &amp#27;[0m&amp#27;[32mclick login button&amp#27;[0m                           &amp#27;[90m# starter.stepdefinitions.LoginStepDefinitions.clickLoginButton()&amp#27;[0m
11:57:54.657 [Darkroom Processing Line] DEBUG net.serenitybdd.core.photography.DarkroomProcessingLine - Processing screenshot image in /var/screenshots/screenshot-6054777374539810324
11:57:54.657 [Darkroom Processing Line] DEBUG net.serenitybdd.core.photography.DarkroomProcessingLine - Saving screenshot to target\site\serenity\c65a8326086cf8a922bb6c5443e00ede2b1e1dc72aef6d412113d6cdd746efe4.png
11:57:54.675 [main] DEBUG net.thucydides.core.steps.StepInterceptor - STARTING STEP: LoginStepDefinitions.iGetThe - validateLoginFormIsApp
11:57:54.685 [Forwarding findElement on session 64919c22300ca764145590eb8fc4ff71 to remote] DEBUG org.asynchttpclient.netty.request.NettyRequestSender - Using pooled Channel '[id: 0x98b55f48, L:/127.0.0.1:50011 - R:localhost/127.0.0.1:56146]' for 'POST' to 'http://localhost:56146/session/64919c22300ca764145590eb8fc4ff71/element'
11:57:54.685 [Forwarding findElement on session 64919c22300ca764145590eb8fc4ff71 to remote] DEBUG org.asynchttpclient.netty.request.NettyRequestSender - Using open Channel [id: 0x98b55f48, L:/127.0.0.1:50011 - R:localhost/127.0.0.1:56146] for POST '/session/64919c22300ca764145590eb8fc4ff71/element'
11:57:54.685 [AsyncHttpClient-1-5] DEBUG org.asynchttpclient.netty.handler.HttpHandler - 

Request DefaultHttpRequest(decodeResult: success, version: HTTP/1.1)
POST /session/64919c22300ca764145590eb8fc4ff71/element HTTP/1.1
User-Agent: selenium/4.1.2 (java windows)
Content-Length: 103
Content-Type: application/json; charset=utf-8
host: localhost:56146
accept: */*

Response DefaultHttpResponse(decodeResult: success, version: HTTP/1.1)
HTTP/1.1 200 OK
Content-Type: application/json; charset=utf-8
cache-control: no-cache
content-length: 88

11:57:54.685 [AsyncHttpClient-1-5] DEBUG org.asynchttpclient.netty.channel.ChannelManager - Adding key: http://localhost:56146 for channel [id: 0x98b55f48, L:/127.0.0.1:50011 - R:localhost/127.0.0.1:56146]
11:57:54.701 [Forwarding isElementDisplayed on session 64919c22300ca764145590eb8fc4ff71 to remote] DEBUG org.asynchttpclient.netty.request.NettyRequestSender - Using pooled Channel '[id: 0x98b55f48, L:/127.0.0.1:50011 - R:localhost/127.0.0.1:56146]' for 'POST' to 'http://localhost:56146/session/64919c22300ca764145590eb8fc4ff71/execute/sync'
11:57:54.701 [Forwarding isElementDisplayed on session 64919c22300ca764145590eb8fc4ff71 to remote] DEBUG org.asynchttpclient.netty.request.NettyRequestSender - Using open Channel [id: 0x98b55f48, L:/127.0.0.1:50011 - R:localhost/127.0.0.1:56146] for POST '/session/64919c22300ca764145590eb8fc4ff71/execute/sync'
11:57:54.701 [AsyncHttpClient-1-5] DEBUG org.asynchttpclient.netty.handler.HttpHandler - 

Request DefaultHttpRequest(decodeResult: success, version: HTTP/1.1)
POST /session/64919c22300ca764145590eb8fc4ff71/execute/sync HTTP/1.1
User-Agent: selenium/4.1.2 (java windows)
Content-Length: 48780
Content-Type: application/json; charset=utf-8
host: localhost:56146
accept: */*

Response DefaultHttpResponse(decodeResult: success, version: HTTP/1.1)
HTTP/1.1 200 OK
Content-Type: application/json; charset=utf-8
cache-control: no-cache
content-length: 15

11:57:54.701 [AsyncHttpClient-1-5] DEBUG org.asynchttpclient.netty.channel.ChannelManager - Adding key: http://localhost:56146 for channel [id: 0x98b55f48, L:/127.0.0.1:50011 - R:localhost/127.0.0.1:56146]
11:57:54.716 [Forwarding screenshot on session 64919c22300ca764145590eb8fc4ff71 to remote] DEBUG org.asynchttpclient.netty.request.NettyRequestSender - Using pooled Channel '[id: 0x98b55f48, L:/127.0.0.1:50011 - R:localhost/127.0.0.1:56146]' for 'GET' to 'http://localhost:56146/session/64919c22300ca764145590eb8fc4ff71/screenshot'
11:57:54.716 [Forwarding screenshot on session 64919c22300ca764145590eb8fc4ff71 to remote] DEBUG org.asynchttpclient.netty.request.NettyRequestSender - Using open Channel [id: 0x98b55f48, L:/127.0.0.1:50011 - R:localhost/127.0.0.1:56146] for GET '/session/64919c22300ca764145590eb8fc4ff71/screenshot'
11:57:55.188 [AsyncHttpClient-1-5] DEBUG org.asynchttpclient.netty.handler.HttpHandler - 

Request DefaultFullHttpRequest(decodeResult: success, version: HTTP/1.1, content: EmptyByteBufBE)
GET /session/64919c22300ca764145590eb8fc4ff71/screenshot HTTP/1.1
User-Agent: selenium/4.1.2 (java windows)
Cache-Control: no-cache
Content-Type: application/json; charset=utf-8
host: localhost:56146
accept: */*

Response DefaultHttpResponse(decodeResult: success, version: HTTP/1.1)
HTTP/1.1 200 OK
Content-Type: application/json; charset=utf-8
cache-control: no-cache
content-length: 1330296

11:57:55.204 [AsyncHttpClient-1-5] DEBUG org.asynchttpclient.netty.channel.ChannelManager - Adding key: http://localhost:56146 for channel [id: 0x98b55f48, L:/127.0.0.1:50011 - R:localhost/127.0.0.1:56146]
11:57:55.219 [main] DEBUG net.serenitybdd.core.photography.Darkroom - Send negative for processing for target\site\serenity\c65a8326086cf8a922bb6c5443e00ede2b1e1dc72aef6d412113d6cdd746efe4.png
11:57:55.219 [main] DEBUG net.thucydides.core.steps.StepInterceptor - STEP DONE: validateLoginFormIsApp
11:57:55.235 [main] DEBUG net.thucydides.core.steps.StepInterceptor - STARTING STEP: LoginStepDefinitions.iGetThe - errorMessageAlert
11:57:55.235 [main] DEBUG net.thucydides.core.steps.StepInterceptor - STEP DONE: errorMessageAlert
  &amp#27;[32mThen &amp#27;[0m&amp#27;[32mi get the &amp#27;[0m&amp#27;[32m&amp#27;[1m"Login Page"&amp#27;[0m                      &amp#27;[90m# starter.stepdefinitions.LoginStepDefinitions.iGetThe(java.lang.String)&amp#27;[0m
11:57:55.251 [AsyncHttpClient-1-7] DEBUG org.asynchttpclient.netty.handler.WebSocketHandler - Channel Closed: [id: 0xed72e00b, L:/127.0.0.1:50019 ! R:localhost/127.0.0.1:50012] with attribute NettyResponseFuture{currentRetry=5,
	isDone=1,
	isCancelled=0,
	asyncHandler=org.asynchttpclient.ws.WebSocketUpgradeHandler@5606cb2f,
	nettyRequest=org.asynchttpclient.netty.request.NettyRequest@13045f8b,
	future=java.util.concurrent.CompletableFuture@3a51e9ec[Completed normally],
	uri=ws://localhost:50012/devtools/browser/f29bd2c4-4e4d-4a7a-a0e1-be4e78e3f2e8,
	keepAlive=true,
	redirectCount=0,
	timeoutsHolder=null,
	inAuth=0,
	touch=1650949060262}
11:57:55.251 [AsyncHttpClient-1-7] DEBUG org.asynchttpclient.netty.channel.ChannelManager - Closing Channel [id: 0xed72e00b, L:/127.0.0.1:50019 ! R:localhost/127.0.0.1:50012] 
11:57:55.251 [Driver Command Executor] DEBUG org.asynchttpclient.netty.request.NettyRequestSender - Using pooled Channel '[id: 0x98b55f48, L:/127.0.0.1:50011 - R:localhost/127.0.0.1:56146]' for 'DELETE' to 'http://localhost:56146/session/64919c22300ca764145590eb8fc4ff71'
11:57:55.251 [Driver Command Executor] DEBUG org.asynchttpclient.netty.request.NettyRequestSender - Using open Channel [id: 0x98b55f48, L:/127.0.0.1:50011 - R:localhost/127.0.0.1:56146] for DELETE '/session/64919c22300ca764145590eb8fc4ff71'
11:57:55.285 [AsyncHttpClient-1-6] DEBUG org.asynchttpclient.netty.handler.HttpHandler - Unexpected I/O exception on channel [id: 0x978b481d, L:/127.0.0.1:50018 - R:localhost/127.0.0.1:50012]
java.net.SocketException: Connection reset
	at java.base/sun.nio.ch.SocketChannelImpl.throwConnectionReset(SocketChannelImpl.java:367)
	at java.base/sun.nio.ch.SocketChannelImpl.read(SocketChannelImpl.java:398)
	at io.netty.buffer.PooledByteBuf.setBytes(PooledByteBuf.java:258)
	at io.netty.buffer.AbstractByteBuf.writeBytes(AbstractByteBuf.java:1132)
	at io.netty.channel.socket.nio.NioSocketChannel.doReadBytes(NioSocketChannel.java:350)
	at io.netty.channel.nio.AbstractNioByteChannel$NioByteUnsafe.read(AbstractNioByteChannel.java:151)
	at io.netty.channel.nio.NioEventLoop.processSelectedKey(NioEventLoop.java:722)
	at io.netty.channel.nio.NioEventLoop.processSelectedKeysOptimized(NioEventLoop.java:658)
	at io.netty.channel.nio.NioEventLoop.processSelectedKeys(NioEventLoop.java:584)
	at io.netty.channel.nio.NioEventLoop.run(NioEventLoop.java:496)
	at io.netty.util.concurrent.SingleThreadEventExecutor$4.run(SingleThreadEventExecutor.java:986)
	at io.netty.util.internal.ThreadExecutorMap$2.run(ThreadExecutorMap.java:74)
	at io.netty.util.concurrent.FastThreadLocalRunnable.run(FastThreadLocalRunnable.java:30)
	at java.base/java.lang.Thread.run(Thread.java:832)
11:57:55.286 [AsyncHttpClient-1-6] DEBUG org.asynchttpclient.netty.channel.ChannelManager - Closing Channel [id: 0x978b481d, L:/127.0.0.1:50018 - R:localhost/127.0.0.1:50012] 
11:57:55.286 [AsyncHttpClient-1-6] DEBUG org.asynchttpclient.netty.handler.HttpHandler - Channel Closed: [id: 0x978b481d, L:/127.0.0.1:50018 ! R:localhost/127.0.0.1:50012] with attribute DISCARD
11:57:55.307 [AsyncHttpClient-1-5] DEBUG org.asynchttpclient.netty.handler.HttpHandler - 

Request DefaultFullHttpRequest(decodeResult: success, version: HTTP/1.1, content: EmptyByteBufBE)
DELETE /session/64919c22300ca764145590eb8fc4ff71 HTTP/1.1
User-Agent: selenium/4.1.2 (java windows)
Content-Type: application/json; charset=utf-8
host: localhost:56146
accept: */*

Response DefaultHttpResponse(decodeResult: success, version: HTTP/1.1)
HTTP/1.1 200 OK
Content-Type: application/json; charset=utf-8
cache-control: no-cache
content-length: 14

11:57:55.307 [AsyncHttpClient-1-5] DEBUG org.asynchttpclient.netty.channel.ChannelManager - Adding key: http://localhost:56146 for channel [id: 0x98b55f48, L:/127.0.0.1:50011 - R:localhost/127.0.0.1:56146]
11:57:55.341 [AsyncHttpClient-1-1] DEBUG org.asynchttpclient.netty.channel.DefaultChannelPool - Entry count for : http://localhost:56146 : 1
11:57:55.341 [AsyncHttpClient-1-1] DEBUG org.asynchttpclient.netty.channel.DefaultChannelPool - Entry count for : http://localhost:50012 : 1
11:57:55.341 [AsyncHttpClient-1-1] DEBUG org.asynchttpclient.netty.channel.DefaultChannelPool - Adding Candidate expired Channel [id: 0x978b481d, L:/127.0.0.1:50018 ! R:localhost/127.0.0.1:50012] isIdleTimeoutExpired=false isRemotelyClosed=true isTtlExpired=false
11:57:55.341 [AsyncHttpClient-1-1] DEBUG org.asynchttpclient.netty.channel.DefaultChannelPool - Closing Idle Channel [id: 0x978b481d, L:/127.0.0.1:50018 ! R:localhost/127.0.0.1:50012]
11:57:55.341 [AsyncHttpClient-1-1] DEBUG org.asynchttpclient.netty.channel.DefaultChannelPool - Closed 1 connections out of 2 in 0 ms
11:57:55.498 [AsyncHttpClient-1-5] DEBUG org.asynchttpclient.netty.handler.HttpHandler - Channel Closed: [id: 0x98b55f48, L:/127.0.0.1:50011 ! R:localhost/127.0.0.1:56146] with attribute DISCARD
11:57:56.026 [main] INFO  - 
  _____   ___   ___   _____     ___     _     ___   ___   ___   ___  
 |_   _| | __| / __| |_   _|   | _ \   /_\   / __| / __| | __| |   \ 
   | |   | _|  \__ \   | |     |  _/  / _ \  \__ \ \__ \ | _|  | |) |
   |_|   |___| |___/   |_|     |_|   /_/ \_\ |___/ |___/ |___| |___/ 

Login scenario
----------------------------------------------------------------------
]]></system-out>
    <system-err><![CDATA[Starting ChromeDriver 100.0.4896.60 (6a5d10861ce8de5fce22564658033b43cb7de047-refs/branch-heads/4896@{#875}) on port 56146
Only local connections are allowed.
Please see https://chromedriver.chromium.org/security-considerations for suggestions on keeping ChromeDriver safe.
ChromeDriver was started successfully.
Apr 26, 2022 11:57:40 AM org.openqa.selenium.remote.ProtocolHandshake createSession
INFO: Detected dialect: W3C
Apr 26, 2022 11:57:40 AM org.openqa.selenium.devtools.CdpVersionFinder findNearestMatch
WARNING: Unable to find an exact match for CDP version 100, so returning the closest version found: 97
Apr 26, 2022 11:57:40 AM org.openqa.selenium.devtools.CdpVersionFinder findNearestMatch
INFO: Found CDP implementation for version 100 of 97
]]></system-err>
  </testcase>
  <testcase name="Login scenario #3" classname="Login" time="15.264">
    <system-out><![CDATA[
@DDT
Scenario Outline: Login scenario       &amp#27;[90m# src/test/resources/features/login.feature:28&amp#27;[0m
11:57:56.026 [main] INFO io.cucumber.core.plugin.SerenityReporter - Running feature from file:///D:/PERKULIAHAN/Semester%206,Hebatt%20glad!/Dot-TechnicalTest/src/test/resources/features/login.feature
11:57:56.057 [main] DEBUG net.thucydides.core.steps.StepInterceptor - STARTING STEP: LoginStepDefinitions.iAmOnLoginPage - openUrl
11:57:56.057 [main] INFO net.serenitybdd.core.webdriver.driverproviders.ChromeDriverProvider - Using automatically driver download
11:57:56.172 [main] DEBUG io.github.bonigarcia.wdm.cache.ResolutionCache - Resolution chrome=100 in cache (valid until 12:53:50 26/04/2022 WIB)
11:57:56.187 [main] DEBUG io.github.bonigarcia.wdm.cache.ResolutionCache - Resolution chrome100=100.0.4896.60 in cache (valid until 19:36:13 26/04/2022 WIB)
11:57:56.187 [main] INFO io.github.bonigarcia.wdm.WebDriverManager - Using chromedriver 100.0.4896.60 (resolved driver for Chrome 100)
11:57:56.203 [main] DEBUG io.github.bonigarcia.wdm.WebDriverManager - Driver chromedriver 100.0.4896.60 found in cache
11:57:56.203 [main] INFO io.github.bonigarcia.wdm.WebDriverManager - Exporting webdriver.chrome.driver as C:\Users\ASUS\.cache\selenium\chromedriver\win32\100.0.4896.60\chromedriver.exe
11:57:56.328 [main] DEBUG net.serenitybdd.core.webdriver.driverproviders.ProvideNewDriver - Instantiating driver
11:57:56.328 [main] DEBUG net.serenitybdd.core.webdriver.driverproviders.ProvideNewDriver - Driver capabilities: Capabilities {acceptInsecureCerts: false, base.url: https://www.psegameshop.com/, browserName: chrome, chrome.driver: src/test/resources/webdrive..., driver: chrome, goog:chromeOptions: {args: [], extensions: []}}
11:57:56.442 [AsyncHttpClient-1-1] DEBUG org.asynchttpclient.netty.channel.DefaultChannelPool - Entry count for : http://localhost:56146 : 1
11:57:56.442 [AsyncHttpClient-1-1] DEBUG org.asynchttpclient.netty.channel.DefaultChannelPool - Adding Candidate expired Channel [id: 0x98b55f48, L:/127.0.0.1:50011 ! R:localhost/127.0.0.1:56146] isIdleTimeoutExpired=false isRemotelyClosed=true isTtlExpired=false
11:57:56.442 [AsyncHttpClient-1-1] DEBUG org.asynchttpclient.netty.channel.DefaultChannelPool - Closing Idle Channel [id: 0x98b55f48, L:/127.0.0.1:50011 ! R:localhost/127.0.0.1:56146]
11:57:56.442 [AsyncHttpClient-1-1] DEBUG org.asynchttpclient.netty.channel.DefaultChannelPool - Closed 1 connections out of 1 in 0 ms
11:57:56.873 [AsyncHttpClient-1-8] DEBUG org.asynchttpclient.netty.channel.NettyConnectListener - Using new Channel '[id: 0xd135dcba, L:/127.0.0.1:50069 - R:localhost/127.0.0.1:50031]' for 'POST' to '/session'
11:57:57.470 [AsyncHttpClient-1-8] DEBUG org.asynchttpclient.netty.handler.HttpHandler - 

Request DefaultHttpRequest(decodeResult: success, version: HTTP/1.1)
POST /session HTTP/1.1
User-Agent: selenium/4.1.2 (java windows)
Content-Length: 614
Content-Type: application/json; charset=utf-8
host: localhost:50031
accept: */*

Response DefaultHttpResponse(decodeResult: success, version: HTTP/1.1)
HTTP/1.1 200 OK
Content-Type: application/json; charset=utf-8
cache-control: no-cache
content-length: 789

11:57:57.470 [AsyncHttpClient-1-8] DEBUG org.asynchttpclient.netty.channel.ChannelManager - Adding key: http://localhost:50031 for channel [id: 0xd135dcba, L:/127.0.0.1:50069 - R:localhost/127.0.0.1:50031]
11:57:57.485 [AsyncHttpClient-1-9] DEBUG org.asynchttpclient.netty.channel.NettyConnectListener - Using new Channel '[id: 0xdbd6f4fe, L:/127.0.0.1:50077 - R:localhost/127.0.0.1:50070]' for 'GET' to '/json/version'
11:57:57.493 [AsyncHttpClient-1-9] DEBUG org.asynchttpclient.netty.handler.HttpHandler - 

Request DefaultFullHttpRequest(decodeResult: success, version: HTTP/1.1, content: EmptyByteBufBE)
GET /json/version HTTP/1.1
User-Agent: selenium/4.1.2 (java windows)
host: localhost:50070
accept: */*

Response DefaultHttpResponse(decodeResult: success, version: HTTP/1.1)
HTTP/1.1 200 OK
Content-Type: application/json; charset=UTF-8
content-length: 429

11:57:57.493 [AsyncHttpClient-1-9] DEBUG org.asynchttpclient.netty.channel.ChannelManager - Adding key: http://localhost:50070 for channel [id: 0xdbd6f4fe, L:/127.0.0.1:50077 - R:localhost/127.0.0.1:50070]
11:57:57.497 [AsyncHttpClient-1-10] DEBUG org.asynchttpclient.netty.channel.NettyConnectListener - Using new Channel '[id: 0xe6088f20, L:/127.0.0.1:50078 - R:localhost/127.0.0.1:50070]' for 'GET' to '/devtools/browser/5ce10d50-6400-4e5f-b336-a1381aa2f89a'
11:57:57.506 [AsyncHttpClient-1-10] DEBUG org.asynchttpclient.netty.handler.WebSocketHandler - 

Request DefaultFullHttpRequest(decodeResult: success, version: HTTP/1.1, content: EmptyByteBufBE)
GET /devtools/browser/5ce10d50-6400-4e5f-b336-a1381aa2f89a HTTP/1.1
upgrade: websocket
connection: upgrade
sec-websocket-key: KT4nll5vaxMvuj9nixCfNQ==
sec-websocket-version: 13
origin: http://localhost:50070
host: localhost:50070
accept: */*
user-agent: AHC/2.1

Response DefaultHttpResponse(decodeResult: success, version: HTTP/1.1)
HTTP/1.1 101 WebSocket Protocol Handshake
Upgrade: WebSocket
Connection: Upgrade
Sec-WebSocket-Accept: iB9RuqySosTsNbxSOvg0EeMpon8=

11:57:57.512 [Forwarding maximizeCurrentWindow on session b3f401f71ed02413c7720ff509a2b54f to remote] DEBUG org.asynchttpclient.netty.request.NettyRequestSender - Using pooled Channel '[id: 0xd135dcba, L:/127.0.0.1:50069 - R:localhost/127.0.0.1:50031]' for 'POST' to 'http://localhost:50031/session/b3f401f71ed02413c7720ff509a2b54f/window/maximize'
11:57:57.512 [Forwarding maximizeCurrentWindow on session b3f401f71ed02413c7720ff509a2b54f to remote] DEBUG org.asynchttpclient.netty.request.NettyRequestSender - Using open Channel [id: 0xd135dcba, L:/127.0.0.1:50069 - R:localhost/127.0.0.1:50031] for POST '/session/b3f401f71ed02413c7720ff509a2b54f/window/maximize'
11:57:57.548 [AsyncHttpClient-1-1] DEBUG org.asynchttpclient.netty.channel.DefaultChannelPool - Entry count for : http://localhost:50070 : 1
11:57:57.634 [AsyncHttpClient-1-8] DEBUG org.asynchttpclient.netty.handler.HttpHandler - 

Request DefaultHttpRequest(decodeResult: success, version: HTTP/1.1)
POST /session/b3f401f71ed02413c7720ff509a2b54f/window/maximize HTTP/1.1
User-Agent: selenium/4.1.2 (java windows)
Content-Length: 3
Content-Type: application/json; charset=utf-8
host: localhost:50031
accept: */*

Response DefaultHttpResponse(decodeResult: success, version: HTTP/1.1)
HTTP/1.1 200 OK
Content-Type: application/json; charset=utf-8
cache-control: no-cache
content-length: 51

11:57:57.634 [AsyncHttpClient-1-8] DEBUG org.asynchttpclient.netty.channel.ChannelManager - Adding key: http://localhost:50031 for channel [id: 0xd135dcba, L:/127.0.0.1:50069 - R:localhost/127.0.0.1:50031]
11:57:57.634 [Forwarding get on session b3f401f71ed02413c7720ff509a2b54f to remote] DEBUG org.asynchttpclient.netty.request.NettyRequestSender - Using pooled Channel '[id: 0xd135dcba, L:/127.0.0.1:50069 - R:localhost/127.0.0.1:50031]' for 'POST' to 'http://localhost:50031/session/b3f401f71ed02413c7720ff509a2b54f/url'
11:57:57.634 [Forwarding get on session b3f401f71ed02413c7720ff509a2b54f to remote] DEBUG org.asynchttpclient.netty.request.NettyRequestSender - Using open Channel [id: 0xd135dcba, L:/127.0.0.1:50069 - R:localhost/127.0.0.1:50031] for POST '/session/b3f401f71ed02413c7720ff509a2b54f/url'
11:57:58.640 [AsyncHttpClient-1-1] DEBUG org.asynchttpclient.netty.channel.DefaultChannelPool - Entry count for : http://localhost:50070 : 1
11:57:59.742 [AsyncHttpClient-1-1] DEBUG org.asynchttpclient.netty.channel.DefaultChannelPool - Entry count for : http://localhost:50070 : 1
11:58:00.842 [AsyncHttpClient-1-1] DEBUG org.asynchttpclient.netty.channel.DefaultChannelPool - Entry count for : http://localhost:50070 : 1
11:58:01.950 [AsyncHttpClient-1-1] DEBUG org.asynchttpclient.netty.channel.DefaultChannelPool - Entry count for : http://localhost:50070 : 1
11:58:02.293 [AsyncHttpClient-1-8] DEBUG org.asynchttpclient.netty.handler.HttpHandler - 

Request DefaultHttpRequest(decodeResult: success, version: HTTP/1.1)
POST /session/b3f401f71ed02413c7720ff509a2b54f/url HTTP/1.1
User-Agent: selenium/4.1.2 (java windows)
Content-Length: 58
Content-Type: application/json; charset=utf-8
host: localhost:50031
accept: */*

Response DefaultHttpResponse(decodeResult: success, version: HTTP/1.1)
HTTP/1.1 200 OK
Content-Type: application/json; charset=utf-8
cache-control: no-cache
content-length: 14

11:58:02.293 [AsyncHttpClient-1-8] DEBUG org.asynchttpclient.netty.channel.ChannelManager - Adding key: http://localhost:50031 for channel [id: 0xd135dcba, L:/127.0.0.1:50069 - R:localhost/127.0.0.1:50031]
11:58:02.297 [Forwarding setTimeout on session b3f401f71ed02413c7720ff509a2b54f to remote] DEBUG org.asynchttpclient.netty.request.NettyRequestSender - Using pooled Channel '[id: 0xd135dcba, L:/127.0.0.1:50069 - R:localhost/127.0.0.1:50031]' for 'POST' to 'http://localhost:50031/session/b3f401f71ed02413c7720ff509a2b54f/timeouts'
11:58:02.298 [Forwarding setTimeout on session b3f401f71ed02413c7720ff509a2b54f to remote] DEBUG org.asynchttpclient.netty.request.NettyRequestSender - Using open Channel [id: 0xd135dcba, L:/127.0.0.1:50069 - R:localhost/127.0.0.1:50031] for POST '/session/b3f401f71ed02413c7720ff509a2b54f/timeouts'
11:58:02.300 [AsyncHttpClient-1-8] DEBUG org.asynchttpclient.netty.handler.HttpHandler - 

Request DefaultHttpRequest(decodeResult: success, version: HTTP/1.1)
POST /session/b3f401f71ed02413c7720ff509a2b54f/timeouts HTTP/1.1
User-Agent: selenium/4.1.2 (java windows)
Content-Length: 22
Content-Type: application/json; charset=utf-8
host: localhost:50031
accept: */*

Response DefaultHttpResponse(decodeResult: success, version: HTTP/1.1)
HTTP/1.1 200 OK
Content-Type: application/json; charset=utf-8
cache-control: no-cache
content-length: 14

11:58:02.300 [AsyncHttpClient-1-8] DEBUG org.asynchttpclient.netty.channel.ChannelManager - Adding key: http://localhost:50031 for channel [id: 0xd135dcba, L:/127.0.0.1:50069 - R:localhost/127.0.0.1:50031]
11:58:02.306 [Forwarding getCurrentUrl on session b3f401f71ed02413c7720ff509a2b54f to remote] DEBUG org.asynchttpclient.netty.request.NettyRequestSender - Using pooled Channel '[id: 0xd135dcba, L:/127.0.0.1:50069 - R:localhost/127.0.0.1:50031]' for 'GET' to 'http://localhost:50031/session/b3f401f71ed02413c7720ff509a2b54f/url'
11:58:02.307 [Forwarding getCurrentUrl on session b3f401f71ed02413c7720ff509a2b54f to remote] DEBUG org.asynchttpclient.netty.request.NettyRequestSender - Using open Channel [id: 0xd135dcba, L:/127.0.0.1:50069 - R:localhost/127.0.0.1:50031] for GET '/session/b3f401f71ed02413c7720ff509a2b54f/url'
11:58:02.313 [AsyncHttpClient-1-8] DEBUG org.asynchttpclient.netty.handler.HttpHandler - 

Request DefaultFullHttpRequest(decodeResult: success, version: HTTP/1.1, content: EmptyByteBufBE)
GET /session/b3f401f71ed02413c7720ff509a2b54f/url HTTP/1.1
User-Agent: selenium/4.1.2 (java windows)
Cache-Control: no-cache
Content-Type: application/json; charset=utf-8
host: localhost:50031
accept: */*

Response DefaultHttpResponse(decodeResult: success, version: HTTP/1.1)
HTTP/1.1 200 OK
Content-Type: application/json; charset=utf-8
cache-control: no-cache
content-length: 40

11:58:02.313 [AsyncHttpClient-1-8] DEBUG org.asynchttpclient.netty.channel.ChannelManager - Adding key: http://localhost:50031 for channel [id: 0xd135dcba, L:/127.0.0.1:50069 - R:localhost/127.0.0.1:50031]
11:58:02.322 [Forwarding screenshot on session b3f401f71ed02413c7720ff509a2b54f to remote] DEBUG org.asynchttpclient.netty.request.NettyRequestSender - Using pooled Channel '[id: 0xd135dcba, L:/127.0.0.1:50069 - R:localhost/127.0.0.1:50031]' for 'GET' to 'http://localhost:50031/session/b3f401f71ed02413c7720ff509a2b54f/screenshot'
11:58:02.322 [Forwarding screenshot on session b3f401f71ed02413c7720ff509a2b54f to remote] DEBUG org.asynchttpclient.netty.request.NettyRequestSender - Using open Channel [id: 0xd135dcba, L:/127.0.0.1:50069 - R:localhost/127.0.0.1:50031] for GET '/session/b3f401f71ed02413c7720ff509a2b54f/screenshot'
11:58:02.871 [AsyncHttpClient-1-8] DEBUG org.asynchttpclient.netty.handler.HttpHandler - 

Request DefaultFullHttpRequest(decodeResult: success, version: HTTP/1.1, content: EmptyByteBufBE)
GET /session/b3f401f71ed02413c7720ff509a2b54f/screenshot HTTP/1.1
User-Agent: selenium/4.1.2 (java windows)
Cache-Control: no-cache
Content-Type: application/json; charset=utf-8
host: localhost:50031
accept: */*

Response DefaultHttpResponse(decodeResult: success, version: HTTP/1.1)
HTTP/1.1 200 OK
Content-Type: application/json; charset=utf-8
cache-control: no-cache
content-length: 1350664

11:58:02.871 [AsyncHttpClient-1-8] DEBUG org.asynchttpclient.netty.channel.ChannelManager - Adding key: http://localhost:50031 for channel [id: 0xd135dcba, L:/127.0.0.1:50069 - R:localhost/127.0.0.1:50031]
11:58:02.903 [main] DEBUG net.serenitybdd.core.photography.Darkroom - Send negative for processing for target\site\serenity\6d58b36a46f90ef286be1b7d2b3f91347ecf9861d5b6478a04dc3021d0b14834.png
11:58:02.903 [main] DEBUG net.thucydides.core.steps.StepInterceptor - STEP DONE: openUrl
11:58:02.903 [Darkroom Processing Line] DEBUG net.serenitybdd.core.photography.DarkroomProcessingLine - Processing screenshot image in /var/screenshots/screenshot-2587226532542817164
11:58:02.903 [Darkroom Processing Line] DEBUG net.serenitybdd.core.photography.DarkroomProcessingLine - Saving screenshot to target\site\serenity\6d58b36a46f90ef286be1b7d2b3f91347ecf9861d5b6478a04dc3021d0b14834.png
11:58:02.918 [main] DEBUG net.thucydides.core.steps.StepInterceptor - STARTING STEP: LoginStepDefinitions.iAmOnLoginPage - validateAccountIsApp
11:58:02.918 [Forwarding findElement on session b3f401f71ed02413c7720ff509a2b54f to remote] DEBUG org.asynchttpclient.netty.request.NettyRequestSender - Using pooled Channel '[id: 0xd135dcba, L:/127.0.0.1:50069 - R:localhost/127.0.0.1:50031]' for 'POST' to 'http://localhost:50031/session/b3f401f71ed02413c7720ff509a2b54f/element'
11:58:02.918 [Forwarding findElement on session b3f401f71ed02413c7720ff509a2b54f to remote] DEBUG org.asynchttpclient.netty.request.NettyRequestSender - Using open Channel [id: 0xd135dcba, L:/127.0.0.1:50069 - R:localhost/127.0.0.1:50031] for POST '/session/b3f401f71ed02413c7720ff509a2b54f/element'
11:58:02.918 [AsyncHttpClient-1-8] DEBUG org.asynchttpclient.netty.handler.HttpHandler - 

Request DefaultHttpRequest(decodeResult: success, version: HTTP/1.1)
POST /session/b3f401f71ed02413c7720ff509a2b54f/element HTTP/1.1
User-Agent: selenium/4.1.2 (java windows)
Content-Length: 46
Content-Type: application/json; charset=utf-8
host: localhost:50031
accept: */*

Response DefaultHttpResponse(decodeResult: success, version: HTTP/1.1)
HTTP/1.1 400 Bad Request
Content-Type: application/json; charset=utf-8
cache-control: no-cache
content-length: 958

11:58:02.918 [AsyncHttpClient-1-8] DEBUG org.asynchttpclient.netty.channel.ChannelManager - Adding key: http://localhost:50031 for channel [id: 0xd135dcba, L:/127.0.0.1:50069 - R:localhost/127.0.0.1:50031]
11:58:02.934 [Forwarding findElement on session b3f401f71ed02413c7720ff509a2b54f to remote] DEBUG org.asynchttpclient.netty.request.NettyRequestSender - Using pooled Channel '[id: 0xd135dcba, L:/127.0.0.1:50069 - R:localhost/127.0.0.1:50031]' for 'POST' to 'http://localhost:50031/session/b3f401f71ed02413c7720ff509a2b54f/element'
11:58:02.934 [Forwarding findElement on session b3f401f71ed02413c7720ff509a2b54f to remote] DEBUG org.asynchttpclient.netty.request.NettyRequestSender - Using open Channel [id: 0xd135dcba, L:/127.0.0.1:50069 - R:localhost/127.0.0.1:50031] for POST '/session/b3f401f71ed02413c7720ff509a2b54f/element'
11:58:02.944 [AsyncHttpClient-1-8] DEBUG org.asynchttpclient.netty.handler.HttpHandler - 

Request DefaultHttpRequest(decodeResult: success, version: HTTP/1.1)
POST /session/b3f401f71ed02413c7720ff509a2b54f/element HTTP/1.1
User-Agent: selenium/4.1.2 (java windows)
Content-Length: 56
Content-Type: application/json; charset=utf-8
host: localhost:50031
accept: */*

Response DefaultHttpResponse(decodeResult: success, version: HTTP/1.1)
HTTP/1.1 200 OK
Content-Type: application/json; charset=utf-8
cache-control: no-cache
content-length: 88

11:58:02.945 [AsyncHttpClient-1-8] DEBUG org.asynchttpclient.netty.channel.ChannelManager - Adding key: http://localhost:50031 for channel [id: 0xd135dcba, L:/127.0.0.1:50069 - R:localhost/127.0.0.1:50031]
11:58:02.949 [Forwarding isElementDisplayed on session b3f401f71ed02413c7720ff509a2b54f to remote] DEBUG org.asynchttpclient.netty.request.NettyRequestSender - Using pooled Channel '[id: 0xd135dcba, L:/127.0.0.1:50069 - R:localhost/127.0.0.1:50031]' for 'POST' to 'http://localhost:50031/session/b3f401f71ed02413c7720ff509a2b54f/execute/sync'
11:58:02.949 [Forwarding isElementDisplayed on session b3f401f71ed02413c7720ff509a2b54f to remote] DEBUG org.asynchttpclient.netty.request.NettyRequestSender - Using open Channel [id: 0xd135dcba, L:/127.0.0.1:50069 - R:localhost/127.0.0.1:50031] for POST '/session/b3f401f71ed02413c7720ff509a2b54f/execute/sync'
11:58:02.965 [AsyncHttpClient-1-8] DEBUG org.asynchttpclient.netty.handler.HttpHandler - 

Request DefaultHttpRequest(decodeResult: success, version: HTTP/1.1)
POST /session/b3f401f71ed02413c7720ff509a2b54f/execute/sync HTTP/1.1
User-Agent: selenium/4.1.2 (java windows)
Content-Length: 48780
Content-Type: application/json; charset=utf-8
host: localhost:50031
accept: */*

Response DefaultHttpResponse(decodeResult: success, version: HTTP/1.1)
HTTP/1.1 200 OK
Content-Type: application/json; charset=utf-8
cache-control: no-cache
content-length: 14

11:58:02.965 [AsyncHttpClient-1-8] DEBUG org.asynchttpclient.netty.channel.ChannelManager - Adding key: http://localhost:50031 for channel [id: 0xd135dcba, L:/127.0.0.1:50069 - R:localhost/127.0.0.1:50031]
11:58:02.972 [Forwarding screenshot on session b3f401f71ed02413c7720ff509a2b54f to remote] DEBUG org.asynchttpclient.netty.request.NettyRequestSender - Using pooled Channel '[id: 0xd135dcba, L:/127.0.0.1:50069 - R:localhost/127.0.0.1:50031]' for 'GET' to 'http://localhost:50031/session/b3f401f71ed02413c7720ff509a2b54f/screenshot'
11:58:02.972 [Forwarding screenshot on session b3f401f71ed02413c7720ff509a2b54f to remote] DEBUG org.asynchttpclient.netty.request.NettyRequestSender - Using open Channel [id: 0xd135dcba, L:/127.0.0.1:50069 - R:localhost/127.0.0.1:50031] for GET '/session/b3f401f71ed02413c7720ff509a2b54f/screenshot'
11:58:03.045 [AsyncHttpClient-1-1] DEBUG org.asynchttpclient.netty.channel.DefaultChannelPool - Entry count for : http://localhost:50070 : 1
11:58:03.419 [AsyncHttpClient-1-8] DEBUG org.asynchttpclient.netty.handler.HttpHandler - 

Request DefaultFullHttpRequest(decodeResult: success, version: HTTP/1.1, content: EmptyByteBufBE)
GET /session/b3f401f71ed02413c7720ff509a2b54f/screenshot HTTP/1.1
User-Agent: selenium/4.1.2 (java windows)
Cache-Control: no-cache
Content-Type: application/json; charset=utf-8
host: localhost:50031
accept: */*

Response DefaultHttpResponse(decodeResult: success, version: HTTP/1.1)
HTTP/1.1 200 OK
Content-Type: application/json; charset=utf-8
cache-control: no-cache
content-length: 1350672

11:58:03.419 [AsyncHttpClient-1-8] DEBUG org.asynchttpclient.netty.channel.ChannelManager - Adding key: http://localhost:50031 for channel [id: 0xd135dcba, L:/127.0.0.1:50069 - R:localhost/127.0.0.1:50031]
11:58:03.450 [main] DEBUG net.serenitybdd.core.photography.Darkroom - Send negative for processing for target\site\serenity\d7ab485946bfa860cfdd8e332f542b56d9249d4ba37bd833c15d1c7c00fb09e0.png
11:58:03.450 [main] DEBUG net.thucydides.core.steps.StepInterceptor - STEP DONE: validateAccountIsApp
11:58:03.450 [Darkroom Processing Line] DEBUG net.serenitybdd.core.photography.DarkroomProcessingLine - Processing screenshot image in /var/screenshots/screenshot-7434135362848970806
11:58:03.450 [Darkroom Processing Line] DEBUG net.serenitybdd.core.photography.DarkroomProcessingLine - Saving screenshot to target\site\serenity\d7ab485946bfa860cfdd8e332f542b56d9249d4ba37bd833c15d1c7c00fb09e0.png
11:58:03.450 [main] DEBUG net.thucydides.core.steps.StepInterceptor - STARTING STEP: LoginStepDefinitions.iAmOnLoginPage - clickIconAccount
11:58:03.450 [Forwarding findElement on session b3f401f71ed02413c7720ff509a2b54f to remote] DEBUG org.asynchttpclient.netty.request.NettyRequestSender - Using pooled Channel '[id: 0xd135dcba, L:/127.0.0.1:50069 - R:localhost/127.0.0.1:50031]' for 'POST' to 'http://localhost:50031/session/b3f401f71ed02413c7720ff509a2b54f/element'
11:58:03.450 [Forwarding findElement on session b3f401f71ed02413c7720ff509a2b54f to remote] DEBUG org.asynchttpclient.netty.request.NettyRequestSender - Using open Channel [id: 0xd135dcba, L:/127.0.0.1:50069 - R:localhost/127.0.0.1:50031] for POST '/session/b3f401f71ed02413c7720ff509a2b54f/element'
11:58:03.465 [AsyncHttpClient-1-8] DEBUG org.asynchttpclient.netty.handler.HttpHandler - 

Request DefaultHttpRequest(decodeResult: success, version: HTTP/1.1)
POST /session/b3f401f71ed02413c7720ff509a2b54f/element HTTP/1.1
User-Agent: selenium/4.1.2 (java windows)
Content-Length: 56
Content-Type: application/json; charset=utf-8
host: localhost:50031
accept: */*

Response DefaultHttpResponse(decodeResult: success, version: HTTP/1.1)
HTTP/1.1 200 OK
Content-Type: application/json; charset=utf-8
cache-control: no-cache
content-length: 88

11:58:03.465 [AsyncHttpClient-1-8] DEBUG org.asynchttpclient.netty.channel.ChannelManager - Adding key: http://localhost:50031 for channel [id: 0xd135dcba, L:/127.0.0.1:50069 - R:localhost/127.0.0.1:50031]
11:58:03.465 [Forwarding getElementTagName on session b3f401f71ed02413c7720ff509a2b54f to remote] DEBUG org.asynchttpclient.netty.request.NettyRequestSender - Using pooled Channel '[id: 0xd135dcba, L:/127.0.0.1:50069 - R:localhost/127.0.0.1:50031]' for 'GET' to 'http://localhost:50031/session/b3f401f71ed02413c7720ff509a2b54f/element/995668c2-a099-497d-b1fd-4efe46762ab2/name'
11:58:03.465 [Forwarding getElementTagName on session b3f401f71ed02413c7720ff509a2b54f to remote] DEBUG org.asynchttpclient.netty.request.NettyRequestSender - Using open Channel [id: 0xd135dcba, L:/127.0.0.1:50069 - R:localhost/127.0.0.1:50031] for GET '/session/b3f401f71ed02413c7720ff509a2b54f/element/995668c2-a099-497d-b1fd-4efe46762ab2/name'
11:58:03.465 [AsyncHttpClient-1-8] DEBUG org.asynchttpclient.netty.handler.HttpHandler - 

Request DefaultFullHttpRequest(decodeResult: success, version: HTTP/1.1, content: EmptyByteBufBE)
GET /session/b3f401f71ed02413c7720ff509a2b54f/element/995668c2-a099-497d-b1fd-4efe46762ab2/name HTTP/1.1
User-Agent: selenium/4.1.2 (java windows)
Cache-Control: no-cache
Content-Type: application/json; charset=utf-8
host: localhost:50031
accept: */*

Response DefaultHttpResponse(decodeResult: success, version: HTTP/1.1)
HTTP/1.1 200 OK
Content-Type: application/json; charset=utf-8
cache-control: no-cache
content-length: 13

11:58:03.465 [AsyncHttpClient-1-8] DEBUG org.asynchttpclient.netty.channel.ChannelManager - Adding key: http://localhost:50031 for channel [id: 0xd135dcba, L:/127.0.0.1:50069 - R:localhost/127.0.0.1:50031]
11:58:03.465 [Forwarding getElementTagName on session b3f401f71ed02413c7720ff509a2b54f to remote] DEBUG org.asynchttpclient.netty.request.NettyRequestSender - Using pooled Channel '[id: 0xd135dcba, L:/127.0.0.1:50069 - R:localhost/127.0.0.1:50031]' for 'GET' to 'http://localhost:50031/session/b3f401f71ed02413c7720ff509a2b54f/element/995668c2-a099-497d-b1fd-4efe46762ab2/name'
11:58:03.465 [Forwarding getElementTagName on session b3f401f71ed02413c7720ff509a2b54f to remote] DEBUG org.asynchttpclient.netty.request.NettyRequestSender - Using open Channel [id: 0xd135dcba, L:/127.0.0.1:50069 - R:localhost/127.0.0.1:50031] for GET '/session/b3f401f71ed02413c7720ff509a2b54f/element/995668c2-a099-497d-b1fd-4efe46762ab2/name'
11:58:03.481 [AsyncHttpClient-1-8] DEBUG org.asynchttpclient.netty.handler.HttpHandler - 

Request DefaultFullHttpRequest(decodeResult: success, version: HTTP/1.1, content: EmptyByteBufBE)
GET /session/b3f401f71ed02413c7720ff509a2b54f/element/995668c2-a099-497d-b1fd-4efe46762ab2/name HTTP/1.1
User-Agent: selenium/4.1.2 (java windows)
Cache-Control: no-cache
Content-Type: application/json; charset=utf-8
host: localhost:50031
accept: */*

Response DefaultHttpResponse(decodeResult: success, version: HTTP/1.1)
HTTP/1.1 200 OK
Content-Type: application/json; charset=utf-8
cache-control: no-cache
content-length: 13

11:58:03.481 [AsyncHttpClient-1-8] DEBUG org.asynchttpclient.netty.channel.ChannelManager - Adding key: http://localhost:50031 for channel [id: 0xd135dcba, L:/127.0.0.1:50069 - R:localhost/127.0.0.1:50031]
11:58:03.481 [Forwarding findElement on session b3f401f71ed02413c7720ff509a2b54f to remote] DEBUG org.asynchttpclient.netty.request.NettyRequestSender - Using pooled Channel '[id: 0xd135dcba, L:/127.0.0.1:50069 - R:localhost/127.0.0.1:50031]' for 'POST' to 'http://localhost:50031/session/b3f401f71ed02413c7720ff509a2b54f/element'
11:58:03.481 [Forwarding findElement on session b3f401f71ed02413c7720ff509a2b54f to remote] DEBUG org.asynchttpclient.netty.request.NettyRequestSender - Using open Channel [id: 0xd135dcba, L:/127.0.0.1:50069 - R:localhost/127.0.0.1:50031] for POST '/session/b3f401f71ed02413c7720ff509a2b54f/element'
11:58:03.486 [AsyncHttpClient-1-8] DEBUG org.asynchttpclient.netty.handler.HttpHandler - 

Request DefaultHttpRequest(decodeResult: success, version: HTTP/1.1)
POST /session/b3f401f71ed02413c7720ff509a2b54f/element HTTP/1.1
User-Agent: selenium/4.1.2 (java windows)
Content-Length: 56
Content-Type: application/json; charset=utf-8
host: localhost:50031
accept: */*

Response DefaultHttpResponse(decodeResult: success, version: HTTP/1.1)
HTTP/1.1 200 OK
Content-Type: application/json; charset=utf-8
cache-control: no-cache
content-length: 88

11:58:03.486 [AsyncHttpClient-1-8] DEBUG org.asynchttpclient.netty.channel.ChannelManager - Adding key: http://localhost:50031 for channel [id: 0xd135dcba, L:/127.0.0.1:50069 - R:localhost/127.0.0.1:50031]
11:58:03.486 [Forwarding clickElement on session b3f401f71ed02413c7720ff509a2b54f to remote] DEBUG org.asynchttpclient.netty.request.NettyRequestSender - Using pooled Channel '[id: 0xd135dcba, L:/127.0.0.1:50069 - R:localhost/127.0.0.1:50031]' for 'POST' to 'http://localhost:50031/session/b3f401f71ed02413c7720ff509a2b54f/element/995668c2-a099-497d-b1fd-4efe46762ab2/click'
11:58:03.486 [Forwarding clickElement on session b3f401f71ed02413c7720ff509a2b54f to remote] DEBUG org.asynchttpclient.netty.request.NettyRequestSender - Using open Channel [id: 0xd135dcba, L:/127.0.0.1:50069 - R:localhost/127.0.0.1:50031] for POST '/session/b3f401f71ed02413c7720ff509a2b54f/element/995668c2-a099-497d-b1fd-4efe46762ab2/click'
11:58:03.599 [AsyncHttpClient-1-8] DEBUG org.asynchttpclient.netty.handler.HttpHandler - 

Request DefaultHttpRequest(decodeResult: success, version: HTTP/1.1)
POST /session/b3f401f71ed02413c7720ff509a2b54f/element/995668c2-a099-497d-b1fd-4efe46762ab2/click HTTP/1.1
User-Agent: selenium/4.1.2 (java windows)
Content-Length: 50
Content-Type: application/json; charset=utf-8
host: localhost:50031
accept: */*

Response DefaultHttpResponse(decodeResult: success, version: HTTP/1.1)
HTTP/1.1 200 OK
Content-Type: application/json; charset=utf-8
cache-control: no-cache
content-length: 14

11:58:03.600 [AsyncHttpClient-1-8] DEBUG org.asynchttpclient.netty.channel.ChannelManager - Adding key: http://localhost:50031 for channel [id: 0xd135dcba, L:/127.0.0.1:50069 - R:localhost/127.0.0.1:50031]
11:58:03.609 [Forwarding screenshot on session b3f401f71ed02413c7720ff509a2b54f to remote] DEBUG org.asynchttpclient.netty.request.NettyRequestSender - Using pooled Channel '[id: 0xd135dcba, L:/127.0.0.1:50069 - R:localhost/127.0.0.1:50031]' for 'GET' to 'http://localhost:50031/session/b3f401f71ed02413c7720ff509a2b54f/screenshot'
11:58:03.609 [Forwarding screenshot on session b3f401f71ed02413c7720ff509a2b54f to remote] DEBUG org.asynchttpclient.netty.request.NettyRequestSender - Using open Channel [id: 0xd135dcba, L:/127.0.0.1:50069 - R:localhost/127.0.0.1:50031] for GET '/session/b3f401f71ed02413c7720ff509a2b54f/screenshot'
11:58:04.143 [AsyncHttpClient-1-1] DEBUG org.asynchttpclient.netty.channel.DefaultChannelPool - Entry count for : http://localhost:50070 : 1
11:58:04.409 [AsyncHttpClient-1-8] DEBUG org.asynchttpclient.netty.handler.HttpHandler - 

Request DefaultFullHttpRequest(decodeResult: success, version: HTTP/1.1, content: EmptyByteBufBE)
GET /session/b3f401f71ed02413c7720ff509a2b54f/screenshot HTTP/1.1
User-Agent: selenium/4.1.2 (java windows)
Cache-Control: no-cache
Content-Type: application/json; charset=utf-8
host: localhost:50031
accept: */*

Response DefaultHttpResponse(decodeResult: success, version: HTTP/1.1)
HTTP/1.1 200 OK
Content-Type: application/json; charset=utf-8
cache-control: no-cache
content-length: 1350504

11:58:04.414 [AsyncHttpClient-1-8] DEBUG org.asynchttpclient.netty.channel.ChannelManager - Adding key: http://localhost:50031 for channel [id: 0xd135dcba, L:/127.0.0.1:50069 - R:localhost/127.0.0.1:50031]
11:58:04.455 [main] DEBUG net.serenitybdd.core.photography.Darkroom - Send negative for processing for target\site\serenity\22cd1e7f15ad7a0a98532ca38d8c955a1f8e52d48bfa38e83bacd25353639b55.png
11:58:04.456 [main] DEBUG net.thucydides.core.steps.StepInterceptor - STEP DONE: clickIconAccount
11:58:04.460 [Darkroom Processing Line] DEBUG net.serenitybdd.core.photography.DarkroomProcessingLine - Processing screenshot image in /var/screenshots/screenshot-14011049381802932892
11:58:04.460 [Darkroom Processing Line] DEBUG net.serenitybdd.core.photography.DarkroomProcessingLine - Saving screenshot to target\site\serenity\22cd1e7f15ad7a0a98532ca38d8c955a1f8e52d48bfa38e83bacd25353639b55.png
11:58:04.468 [main] DEBUG net.thucydides.core.steps.StepInterceptor - STARTING STEP: LoginStepDefinitions.iAmOnLoginPage - validateLoginFormIsApp
11:58:04.475 [Forwarding findElement on session b3f401f71ed02413c7720ff509a2b54f to remote] DEBUG org.asynchttpclient.netty.request.NettyRequestSender - Using pooled Channel '[id: 0xd135dcba, L:/127.0.0.1:50069 - R:localhost/127.0.0.1:50031]' for 'POST' to 'http://localhost:50031/session/b3f401f71ed02413c7720ff509a2b54f/element'
11:58:04.475 [Forwarding findElement on session b3f401f71ed02413c7720ff509a2b54f to remote] DEBUG org.asynchttpclient.netty.request.NettyRequestSender - Using open Channel [id: 0xd135dcba, L:/127.0.0.1:50069 - R:localhost/127.0.0.1:50031] for POST '/session/b3f401f71ed02413c7720ff509a2b54f/element'
11:58:04.524 [AsyncHttpClient-1-8] DEBUG org.asynchttpclient.netty.handler.HttpHandler - 

Request DefaultHttpRequest(decodeResult: success, version: HTTP/1.1)
POST /session/b3f401f71ed02413c7720ff509a2b54f/element HTTP/1.1
User-Agent: selenium/4.1.2 (java windows)
Content-Length: 103
Content-Type: application/json; charset=utf-8
host: localhost:50031
accept: */*

Response DefaultHttpResponse(decodeResult: success, version: HTTP/1.1)
HTTP/1.1 200 OK
Content-Type: application/json; charset=utf-8
cache-control: no-cache
content-length: 88

11:58:04.524 [AsyncHttpClient-1-8] DEBUG org.asynchttpclient.netty.channel.ChannelManager - Adding key: http://localhost:50031 for channel [id: 0xd135dcba, L:/127.0.0.1:50069 - R:localhost/127.0.0.1:50031]
11:58:04.529 [Forwarding isElementDisplayed on session b3f401f71ed02413c7720ff509a2b54f to remote] DEBUG org.asynchttpclient.netty.request.NettyRequestSender - Using pooled Channel '[id: 0xd135dcba, L:/127.0.0.1:50069 - R:localhost/127.0.0.1:50031]' for 'POST' to 'http://localhost:50031/session/b3f401f71ed02413c7720ff509a2b54f/execute/sync'
11:58:04.529 [Forwarding isElementDisplayed on session b3f401f71ed02413c7720ff509a2b54f to remote] DEBUG org.asynchttpclient.netty.request.NettyRequestSender - Using open Channel [id: 0xd135dcba, L:/127.0.0.1:50069 - R:localhost/127.0.0.1:50031] for POST '/session/b3f401f71ed02413c7720ff509a2b54f/execute/sync'
11:58:04.547 [AsyncHttpClient-1-8] DEBUG org.asynchttpclient.netty.handler.HttpHandler - 

Request DefaultHttpRequest(decodeResult: success, version: HTTP/1.1)
POST /session/b3f401f71ed02413c7720ff509a2b54f/execute/sync HTTP/1.1
User-Agent: selenium/4.1.2 (java windows)
Content-Length: 48780
Content-Type: application/json; charset=utf-8
host: localhost:50031
accept: */*

Response DefaultHttpResponse(decodeResult: success, version: HTTP/1.1)
HTTP/1.1 200 OK
Content-Type: application/json; charset=utf-8
cache-control: no-cache
content-length: 14

11:58:04.547 [AsyncHttpClient-1-8] DEBUG org.asynchttpclient.netty.channel.ChannelManager - Adding key: http://localhost:50031 for channel [id: 0xd135dcba, L:/127.0.0.1:50069 - R:localhost/127.0.0.1:50031]
11:58:04.552 [Forwarding screenshot on session b3f401f71ed02413c7720ff509a2b54f to remote] DEBUG org.asynchttpclient.netty.request.NettyRequestSender - Using pooled Channel '[id: 0xd135dcba, L:/127.0.0.1:50069 - R:localhost/127.0.0.1:50031]' for 'GET' to 'http://localhost:50031/session/b3f401f71ed02413c7720ff509a2b54f/screenshot'
11:58:04.552 [Forwarding screenshot on session b3f401f71ed02413c7720ff509a2b54f to remote] DEBUG org.asynchttpclient.netty.request.NettyRequestSender - Using open Channel [id: 0xd135dcba, L:/127.0.0.1:50069 - R:localhost/127.0.0.1:50031] for GET '/session/b3f401f71ed02413c7720ff509a2b54f/screenshot'
11:58:04.972 [AsyncHttpClient-1-8] DEBUG org.asynchttpclient.netty.handler.HttpHandler - 

Request DefaultFullHttpRequest(decodeResult: success, version: HTTP/1.1, content: EmptyByteBufBE)
GET /session/b3f401f71ed02413c7720ff509a2b54f/screenshot HTTP/1.1
User-Agent: selenium/4.1.2 (java windows)
Cache-Control: no-cache
Content-Type: application/json; charset=utf-8
host: localhost:50031
accept: */*

Response DefaultHttpResponse(decodeResult: success, version: HTTP/1.1)
HTTP/1.1 200 OK
Content-Type: application/json; charset=utf-8
cache-control: no-cache
content-length: 507016

11:58:04.974 [AsyncHttpClient-1-8] DEBUG org.asynchttpclient.netty.channel.ChannelManager - Adding key: http://localhost:50031 for channel [id: 0xd135dcba, L:/127.0.0.1:50069 - R:localhost/127.0.0.1:50031]
11:58:04.986 [main] DEBUG net.serenitybdd.core.photography.Darkroom - Send negative for processing for target\site\serenity\6c635a42590d0db64baa9235a711e3009ccc31f2418a7247fe073f3f7ce961a0.png
11:58:04.987 [main] DEBUG net.thucydides.core.steps.StepInterceptor - STEP DONE: validateLoginFormIsApp
11:58:04.987 [Darkroom Processing Line] DEBUG net.serenitybdd.core.photography.DarkroomProcessingLine - Processing screenshot image in /var/screenshots/screenshot-957598173362626120
11:58:04.987 [Darkroom Processing Line] DEBUG net.serenitybdd.core.photography.DarkroomProcessingLine - Saving screenshot to target\site\serenity\6c635a42590d0db64baa9235a711e3009ccc31f2418a7247fe073f3f7ce961a0.png
  &amp#27;[32mGiven &amp#27;[0m&amp#27;[32mi am on login page&amp#27;[0m             &amp#27;[90m# starter.stepdefinitions.LoginStepDefinitions.iAmOnLoginPage()&amp#27;[0m
11:58:05.008 [main] DEBUG net.thucydides.core.steps.StepInterceptor - STARTING STEP: LoginStepDefinitions.iInputUsername - inputUsername
11:58:05.013 [Forwarding findElement on session b3f401f71ed02413c7720ff509a2b54f to remote] DEBUG org.asynchttpclient.netty.request.NettyRequestSender - Using pooled Channel '[id: 0xd135dcba, L:/127.0.0.1:50069 - R:localhost/127.0.0.1:50031]' for 'POST' to 'http://localhost:50031/session/b3f401f71ed02413c7720ff509a2b54f/element'
11:58:05.013 [Forwarding findElement on session b3f401f71ed02413c7720ff509a2b54f to remote] DEBUG org.asynchttpclient.netty.request.NettyRequestSender - Using open Channel [id: 0xd135dcba, L:/127.0.0.1:50069 - R:localhost/127.0.0.1:50031] for POST '/session/b3f401f71ed02413c7720ff509a2b54f/element'
11:58:05.029 [AsyncHttpClient-1-8] DEBUG org.asynchttpclient.netty.handler.HttpHandler - 

Request DefaultHttpRequest(decodeResult: success, version: HTTP/1.1)
POST /session/b3f401f71ed02413c7720ff509a2b54f/element HTTP/1.1
User-Agent: selenium/4.1.2 (java windows)
Content-Length: 53
Content-Type: application/json; charset=utf-8
host: localhost:50031
accept: */*

Response DefaultHttpResponse(decodeResult: success, version: HTTP/1.1)
HTTP/1.1 200 OK
Content-Type: application/json; charset=utf-8
cache-control: no-cache
content-length: 88

11:58:05.029 [AsyncHttpClient-1-8] DEBUG org.asynchttpclient.netty.channel.ChannelManager - Adding key: http://localhost:50031 for channel [id: 0xd135dcba, L:/127.0.0.1:50069 - R:localhost/127.0.0.1:50031]
11:58:05.031 [Forwarding clearElement on session b3f401f71ed02413c7720ff509a2b54f to remote] DEBUG org.asynchttpclient.netty.request.NettyRequestSender - Using pooled Channel '[id: 0xd135dcba, L:/127.0.0.1:50069 - R:localhost/127.0.0.1:50031]' for 'POST' to 'http://localhost:50031/session/b3f401f71ed02413c7720ff509a2b54f/element/db53d976-5d1f-4c2a-805d-259b78c3928a/clear'
11:58:05.031 [Forwarding clearElement on session b3f401f71ed02413c7720ff509a2b54f to remote] DEBUG org.asynchttpclient.netty.request.NettyRequestSender - Using open Channel [id: 0xd135dcba, L:/127.0.0.1:50069 - R:localhost/127.0.0.1:50031] for POST '/session/b3f401f71ed02413c7720ff509a2b54f/element/db53d976-5d1f-4c2a-805d-259b78c3928a/clear'
11:58:05.067 [AsyncHttpClient-1-8] DEBUG org.asynchttpclient.netty.handler.HttpHandler - 

Request DefaultHttpRequest(decodeResult: success, version: HTTP/1.1)
POST /session/b3f401f71ed02413c7720ff509a2b54f/element/db53d976-5d1f-4c2a-805d-259b78c3928a/clear HTTP/1.1
User-Agent: selenium/4.1.2 (java windows)
Content-Length: 50
Content-Type: application/json; charset=utf-8
host: localhost:50031
accept: */*

Response DefaultHttpResponse(decodeResult: success, version: HTTP/1.1)
HTTP/1.1 200 OK
Content-Type: application/json; charset=utf-8
cache-control: no-cache
content-length: 14

11:58:05.067 [AsyncHttpClient-1-8] DEBUG org.asynchttpclient.netty.channel.ChannelManager - Adding key: http://localhost:50031 for channel [id: 0xd135dcba, L:/127.0.0.1:50069 - R:localhost/127.0.0.1:50031]
11:58:05.070 [Forwarding sendKeysToElement on session b3f401f71ed02413c7720ff509a2b54f to remote] DEBUG org.asynchttpclient.netty.request.NettyRequestSender - Using pooled Channel '[id: 0xd135dcba, L:/127.0.0.1:50069 - R:localhost/127.0.0.1:50031]' for 'POST' to 'http://localhost:50031/session/b3f401f71ed02413c7720ff509a2b54f/element/db53d976-5d1f-4c2a-805d-259b78c3928a/value'
11:58:05.070 [Forwarding sendKeysToElement on session b3f401f71ed02413c7720ff509a2b54f to remote] DEBUG org.asynchttpclient.netty.request.NettyRequestSender - Using open Channel [id: 0xd135dcba, L:/127.0.0.1:50069 - R:localhost/127.0.0.1:50031] for POST '/session/b3f401f71ed02413c7720ff509a2b54f/element/db53d976-5d1f-4c2a-805d-259b78c3928a/value'
11:58:05.118 [AsyncHttpClient-1-8] DEBUG org.asynchttpclient.netty.handler.HttpHandler - 

Request DefaultHttpRequest(decodeResult: success, version: HTTP/1.1)
POST /session/b3f401f71ed02413c7720ff509a2b54f/element/db53d976-5d1f-4c2a-805d-259b78c3928a/value HTTP/1.1
User-Agent: selenium/4.1.2 (java windows)
Content-Length: 82
Content-Type: application/json; charset=utf-8
host: localhost:50031
accept: */*

Response DefaultHttpResponse(decodeResult: success, version: HTTP/1.1)
HTTP/1.1 200 OK
Content-Type: application/json; charset=utf-8
cache-control: no-cache
content-length: 14

11:58:05.118 [AsyncHttpClient-1-8] DEBUG org.asynchttpclient.netty.channel.ChannelManager - Adding key: http://localhost:50031 for channel [id: 0xd135dcba, L:/127.0.0.1:50069 - R:localhost/127.0.0.1:50031]
11:58:05.125 [Forwarding screenshot on session b3f401f71ed02413c7720ff509a2b54f to remote] DEBUG org.asynchttpclient.netty.request.NettyRequestSender - Using pooled Channel '[id: 0xd135dcba, L:/127.0.0.1:50069 - R:localhost/127.0.0.1:50031]' for 'GET' to 'http://localhost:50031/session/b3f401f71ed02413c7720ff509a2b54f/screenshot'
11:58:05.126 [Forwarding screenshot on session b3f401f71ed02413c7720ff509a2b54f to remote] DEBUG org.asynchttpclient.netty.request.NettyRequestSender - Using open Channel [id: 0xd135dcba, L:/127.0.0.1:50069 - R:localhost/127.0.0.1:50031] for GET '/session/b3f401f71ed02413c7720ff509a2b54f/screenshot'
11:58:05.248 [AsyncHttpClient-1-1] DEBUG org.asynchttpclient.netty.channel.DefaultChannelPool - Entry count for : http://localhost:50070 : 1
11:58:05.441 [AsyncHttpClient-1-8] DEBUG org.asynchttpclient.netty.handler.HttpHandler - 

Request DefaultFullHttpRequest(decodeResult: success, version: HTTP/1.1, content: EmptyByteBufBE)
GET /session/b3f401f71ed02413c7720ff509a2b54f/screenshot HTTP/1.1
User-Agent: selenium/4.1.2 (java windows)
Cache-Control: no-cache
Content-Type: application/json; charset=utf-8
host: localhost:50031
accept: */*

Response DefaultHttpResponse(decodeResult: success, version: HTTP/1.1)
HTTP/1.1 200 OK
Content-Type: application/json; charset=utf-8
cache-control: no-cache
content-length: 507832

11:58:05.443 [AsyncHttpClient-1-8] DEBUG org.asynchttpclient.netty.channel.ChannelManager - Adding key: http://localhost:50031 for channel [id: 0xd135dcba, L:/127.0.0.1:50069 - R:localhost/127.0.0.1:50031]
11:58:05.453 [main] DEBUG net.serenitybdd.core.photography.Darkroom - Send negative for processing for target\site\serenity\d56f179e0e12c8c11f3b9855bdc265141ff8b5316785fd02a39d9901aed7542b.png
11:58:05.454 [main] DEBUG net.thucydides.core.steps.StepInterceptor - STEP DONE: inputUsername
  &amp#27;[32mWhen &amp#27;[0m&amp#27;[32mi input &amp#27;[0m&amp#27;[32m&amp#27;[1m""&amp#27;[0m&amp#27;[32m username&amp#27;[0m             &amp#27;[90m# starter.stepdefinitions.LoginStepDefinitions.iInputUsername(java.lang.String)&amp#27;[0m
11:58:05.454 [Darkroom Processing Line] DEBUG net.serenitybdd.core.photography.DarkroomProcessingLine - Processing screenshot image in /var/screenshots/screenshot-3839860090278263624
11:58:05.454 [Darkroom Processing Line] DEBUG net.serenitybdd.core.photography.DarkroomProcessingLine - Saving screenshot to target\site\serenity\d56f179e0e12c8c11f3b9855bdc265141ff8b5316785fd02a39d9901aed7542b.png
11:58:05.470 [main] DEBUG net.thucydides.core.steps.StepInterceptor - STARTING STEP: LoginStepDefinitions.iInputPassword - inputPassword
11:58:05.473 [Forwarding findElement on session b3f401f71ed02413c7720ff509a2b54f to remote] DEBUG org.asynchttpclient.netty.request.NettyRequestSender - Using pooled Channel '[id: 0xd135dcba, L:/127.0.0.1:50069 - R:localhost/127.0.0.1:50031]' for 'POST' to 'http://localhost:50031/session/b3f401f71ed02413c7720ff509a2b54f/element'
11:58:05.473 [Forwarding findElement on session b3f401f71ed02413c7720ff509a2b54f to remote] DEBUG org.asynchttpclient.netty.request.NettyRequestSender - Using open Channel [id: 0xd135dcba, L:/127.0.0.1:50069 - R:localhost/127.0.0.1:50031] for POST '/session/b3f401f71ed02413c7720ff509a2b54f/element'
11:58:05.485 [AsyncHttpClient-1-8] DEBUG org.asynchttpclient.netty.handler.HttpHandler - 

Request DefaultHttpRequest(decodeResult: success, version: HTTP/1.1)
POST /session/b3f401f71ed02413c7720ff509a2b54f/element HTTP/1.1
User-Agent: selenium/4.1.2 (java windows)
Content-Length: 53
Content-Type: application/json; charset=utf-8
host: localhost:50031
accept: */*

Response DefaultHttpResponse(decodeResult: success, version: HTTP/1.1)
HTTP/1.1 200 OK
Content-Type: application/json; charset=utf-8
cache-control: no-cache
content-length: 88

11:58:05.485 [AsyncHttpClient-1-8] DEBUG org.asynchttpclient.netty.channel.ChannelManager - Adding key: http://localhost:50031 for channel [id: 0xd135dcba, L:/127.0.0.1:50069 - R:localhost/127.0.0.1:50031]
11:58:05.488 [Forwarding clearElement on session b3f401f71ed02413c7720ff509a2b54f to remote] DEBUG org.asynchttpclient.netty.request.NettyRequestSender - Using pooled Channel '[id: 0xd135dcba, L:/127.0.0.1:50069 - R:localhost/127.0.0.1:50031]' for 'POST' to 'http://localhost:50031/session/b3f401f71ed02413c7720ff509a2b54f/element/818981d8-0dc9-4c34-a54b-58a87b9b7350/clear'
11:58:05.488 [Forwarding clearElement on session b3f401f71ed02413c7720ff509a2b54f to remote] DEBUG org.asynchttpclient.netty.request.NettyRequestSender - Using open Channel [id: 0xd135dcba, L:/127.0.0.1:50069 - R:localhost/127.0.0.1:50031] for POST '/session/b3f401f71ed02413c7720ff509a2b54f/element/818981d8-0dc9-4c34-a54b-58a87b9b7350/clear'
11:58:05.527 [AsyncHttpClient-1-8] DEBUG org.asynchttpclient.netty.handler.HttpHandler - 

Request DefaultHttpRequest(decodeResult: success, version: HTTP/1.1)
POST /session/b3f401f71ed02413c7720ff509a2b54f/element/818981d8-0dc9-4c34-a54b-58a87b9b7350/clear HTTP/1.1
User-Agent: selenium/4.1.2 (java windows)
Content-Length: 50
Content-Type: application/json; charset=utf-8
host: localhost:50031
accept: */*

Response DefaultHttpResponse(decodeResult: success, version: HTTP/1.1)
HTTP/1.1 200 OK
Content-Type: application/json; charset=utf-8
cache-control: no-cache
content-length: 14

11:58:05.527 [AsyncHttpClient-1-8] DEBUG org.asynchttpclient.netty.channel.ChannelManager - Adding key: http://localhost:50031 for channel [id: 0xd135dcba, L:/127.0.0.1:50069 - R:localhost/127.0.0.1:50031]
11:58:05.530 [Forwarding sendKeysToElement on session b3f401f71ed02413c7720ff509a2b54f to remote] DEBUG org.asynchttpclient.netty.request.NettyRequestSender - Using pooled Channel '[id: 0xd135dcba, L:/127.0.0.1:50069 - R:localhost/127.0.0.1:50031]' for 'POST' to 'http://localhost:50031/session/b3f401f71ed02413c7720ff509a2b54f/element/818981d8-0dc9-4c34-a54b-58a87b9b7350/value'
11:58:05.530 [Forwarding sendKeysToElement on session b3f401f71ed02413c7720ff509a2b54f to remote] DEBUG org.asynchttpclient.netty.request.NettyRequestSender - Using open Channel [id: 0xd135dcba, L:/127.0.0.1:50069 - R:localhost/127.0.0.1:50031] for POST '/session/b3f401f71ed02413c7720ff509a2b54f/element/818981d8-0dc9-4c34-a54b-58a87b9b7350/value'
11:58:05.607 [AsyncHttpClient-1-8] DEBUG org.asynchttpclient.netty.handler.HttpHandler - 

Request DefaultHttpRequest(decodeResult: success, version: HTTP/1.1)
POST /session/b3f401f71ed02413c7720ff509a2b54f/element/818981d8-0dc9-4c34-a54b-58a87b9b7350/value HTTP/1.1
User-Agent: selenium/4.1.2 (java windows)
Content-Length: 211
Content-Type: application/json; charset=utf-8
host: localhost:50031
accept: */*

Response DefaultHttpResponse(decodeResult: success, version: HTTP/1.1)
HTTP/1.1 200 OK
Content-Type: application/json; charset=utf-8
cache-control: no-cache
content-length: 14

11:58:05.607 [AsyncHttpClient-1-8] DEBUG org.asynchttpclient.netty.channel.ChannelManager - Adding key: http://localhost:50031 for channel [id: 0xd135dcba, L:/127.0.0.1:50069 - R:localhost/127.0.0.1:50031]
11:58:05.613 [Forwarding screenshot on session b3f401f71ed02413c7720ff509a2b54f to remote] DEBUG org.asynchttpclient.netty.request.NettyRequestSender - Using pooled Channel '[id: 0xd135dcba, L:/127.0.0.1:50069 - R:localhost/127.0.0.1:50031]' for 'GET' to 'http://localhost:50031/session/b3f401f71ed02413c7720ff509a2b54f/screenshot'
11:58:05.613 [Forwarding screenshot on session b3f401f71ed02413c7720ff509a2b54f to remote] DEBUG org.asynchttpclient.netty.request.NettyRequestSender - Using open Channel [id: 0xd135dcba, L:/127.0.0.1:50069 - R:localhost/127.0.0.1:50031] for GET '/session/b3f401f71ed02413c7720ff509a2b54f/screenshot'
11:58:05.878 [AsyncHttpClient-1-8] DEBUG org.asynchttpclient.netty.handler.HttpHandler - 

Request DefaultFullHttpRequest(decodeResult: success, version: HTTP/1.1, content: EmptyByteBufBE)
GET /session/b3f401f71ed02413c7720ff509a2b54f/screenshot HTTP/1.1
User-Agent: selenium/4.1.2 (java windows)
Cache-Control: no-cache
Content-Type: application/json; charset=utf-8
host: localhost:50031
accept: */*

Response DefaultHttpResponse(decodeResult: success, version: HTTP/1.1)
HTTP/1.1 200 OK
Content-Type: application/json; charset=utf-8
cache-control: no-cache
content-length: 508856

11:58:05.879 [AsyncHttpClient-1-8] DEBUG org.asynchttpclient.netty.channel.ChannelManager - Adding key: http://localhost:50031 for channel [id: 0xd135dcba, L:/127.0.0.1:50069 - R:localhost/127.0.0.1:50031]
11:58:05.888 [main] DEBUG net.serenitybdd.core.photography.Darkroom - Send negative for processing for target\site\serenity\8b646bec18249c88a4d636bd47c42a9a2e9c20dfff3177f4e6dc08b47db0cae5.png
11:58:05.889 [main] DEBUG net.thucydides.core.steps.StepInterceptor - STEP DONE: inputPassword
11:58:05.889 [Darkroom Processing Line] DEBUG net.serenitybdd.core.photography.DarkroomProcessingLine - Processing screenshot image in /var/screenshots/screenshot-9043310230620385044
  &amp#27;[32mAnd &amp#27;[0m&amp#27;[32mi input &amp#27;[0m&amp#27;[32m&amp#27;[1m"realgladz1511"&amp#27;[0m&amp#27;[32m password&amp#27;[0m &amp#27;[90m# starter.stepdefinitions.LoginStepDefinitions.iInputPassword(java.lang.String)&amp#27;[0m
11:58:05.889 [Darkroom Processing Line] DEBUG net.serenitybdd.core.photography.DarkroomProcessingLine - Saving screenshot to target\site\serenity\8b646bec18249c88a4d636bd47c42a9a2e9c20dfff3177f4e6dc08b47db0cae5.png
11:58:05.901 [main] DEBUG net.thucydides.core.steps.StepInterceptor - STARTING STEP: LoginStepDefinitions.clickLoginButton - clickLoginButton
11:58:05.904 [Forwarding findElement on session b3f401f71ed02413c7720ff509a2b54f to remote] DEBUG org.asynchttpclient.netty.request.NettyRequestSender - Using pooled Channel '[id: 0xd135dcba, L:/127.0.0.1:50069 - R:localhost/127.0.0.1:50031]' for 'POST' to 'http://localhost:50031/session/b3f401f71ed02413c7720ff509a2b54f/element'
11:58:05.904 [Forwarding findElement on session b3f401f71ed02413c7720ff509a2b54f to remote] DEBUG org.asynchttpclient.netty.request.NettyRequestSender - Using open Channel [id: 0xd135dcba, L:/127.0.0.1:50069 - R:localhost/127.0.0.1:50031] for POST '/session/b3f401f71ed02413c7720ff509a2b54f/element'
11:58:05.915 [AsyncHttpClient-1-8] DEBUG org.asynchttpclient.netty.handler.HttpHandler - 

Request DefaultHttpRequest(decodeResult: success, version: HTTP/1.1)
POST /session/b3f401f71ed02413c7720ff509a2b54f/element HTTP/1.1
User-Agent: selenium/4.1.2 (java windows)
Content-Length: 59
Content-Type: application/json; charset=utf-8
host: localhost:50031
accept: */*

Response DefaultHttpResponse(decodeResult: success, version: HTTP/1.1)
HTTP/1.1 200 OK
Content-Type: application/json; charset=utf-8
cache-control: no-cache
content-length: 88

11:58:05.915 [AsyncHttpClient-1-8] DEBUG org.asynchttpclient.netty.channel.ChannelManager - Adding key: http://localhost:50031 for channel [id: 0xd135dcba, L:/127.0.0.1:50069 - R:localhost/127.0.0.1:50031]
11:58:05.917 [Forwarding getElementTagName on session b3f401f71ed02413c7720ff509a2b54f to remote] DEBUG org.asynchttpclient.netty.request.NettyRequestSender - Using pooled Channel '[id: 0xd135dcba, L:/127.0.0.1:50069 - R:localhost/127.0.0.1:50031]' for 'GET' to 'http://localhost:50031/session/b3f401f71ed02413c7720ff509a2b54f/element/316d8447-663b-4050-842f-682ad1edac71/name'
11:58:05.917 [Forwarding getElementTagName on session b3f401f71ed02413c7720ff509a2b54f to remote] DEBUG org.asynchttpclient.netty.request.NettyRequestSender - Using open Channel [id: 0xd135dcba, L:/127.0.0.1:50069 - R:localhost/127.0.0.1:50031] for GET '/session/b3f401f71ed02413c7720ff509a2b54f/element/316d8447-663b-4050-842f-682ad1edac71/name'
11:58:05.922 [AsyncHttpClient-1-8] DEBUG org.asynchttpclient.netty.handler.HttpHandler - 

Request DefaultFullHttpRequest(decodeResult: success, version: HTTP/1.1, content: EmptyByteBufBE)
GET /session/b3f401f71ed02413c7720ff509a2b54f/element/316d8447-663b-4050-842f-682ad1edac71/name HTTP/1.1
User-Agent: selenium/4.1.2 (java windows)
Cache-Control: no-cache
Content-Type: application/json; charset=utf-8
host: localhost:50031
accept: */*

Response DefaultHttpResponse(decodeResult: success, version: HTTP/1.1)
HTTP/1.1 200 OK
Content-Type: application/json; charset=utf-8
cache-control: no-cache
content-length: 18

11:58:05.922 [AsyncHttpClient-1-8] DEBUG org.asynchttpclient.netty.channel.ChannelManager - Adding key: http://localhost:50031 for channel [id: 0xd135dcba, L:/127.0.0.1:50069 - R:localhost/127.0.0.1:50031]
11:58:05.924 [Forwarding getElementTagName on session b3f401f71ed02413c7720ff509a2b54f to remote] DEBUG org.asynchttpclient.netty.request.NettyRequestSender - Using pooled Channel '[id: 0xd135dcba, L:/127.0.0.1:50069 - R:localhost/127.0.0.1:50031]' for 'GET' to 'http://localhost:50031/session/b3f401f71ed02413c7720ff509a2b54f/element/316d8447-663b-4050-842f-682ad1edac71/name'
11:58:05.924 [Forwarding getElementTagName on session b3f401f71ed02413c7720ff509a2b54f to remote] DEBUG org.asynchttpclient.netty.request.NettyRequestSender - Using open Channel [id: 0xd135dcba, L:/127.0.0.1:50069 - R:localhost/127.0.0.1:50031] for GET '/session/b3f401f71ed02413c7720ff509a2b54f/element/316d8447-663b-4050-842f-682ad1edac71/name'
11:58:05.927 [AsyncHttpClient-1-8] DEBUG org.asynchttpclient.netty.handler.HttpHandler - 

Request DefaultFullHttpRequest(decodeResult: success, version: HTTP/1.1, content: EmptyByteBufBE)
GET /session/b3f401f71ed02413c7720ff509a2b54f/element/316d8447-663b-4050-842f-682ad1edac71/name HTTP/1.1
User-Agent: selenium/4.1.2 (java windows)
Cache-Control: no-cache
Content-Type: application/json; charset=utf-8
host: localhost:50031
accept: */*

Response DefaultHttpResponse(decodeResult: success, version: HTTP/1.1)
HTTP/1.1 200 OK
Content-Type: application/json; charset=utf-8
cache-control: no-cache
content-length: 18

11:58:05.927 [AsyncHttpClient-1-8] DEBUG org.asynchttpclient.netty.channel.ChannelManager - Adding key: http://localhost:50031 for channel [id: 0xd135dcba, L:/127.0.0.1:50069 - R:localhost/127.0.0.1:50031]
11:58:05.930 [Forwarding isElementEnabled on session b3f401f71ed02413c7720ff509a2b54f to remote] DEBUG org.asynchttpclient.netty.request.NettyRequestSender - Using pooled Channel '[id: 0xd135dcba, L:/127.0.0.1:50069 - R:localhost/127.0.0.1:50031]' for 'GET' to 'http://localhost:50031/session/b3f401f71ed02413c7720ff509a2b54f/element/316d8447-663b-4050-842f-682ad1edac71/enabled'
11:58:05.930 [Forwarding isElementEnabled on session b3f401f71ed02413c7720ff509a2b54f to remote] DEBUG org.asynchttpclient.netty.request.NettyRequestSender - Using open Channel [id: 0xd135dcba, L:/127.0.0.1:50069 - R:localhost/127.0.0.1:50031] for GET '/session/b3f401f71ed02413c7720ff509a2b54f/element/316d8447-663b-4050-842f-682ad1edac71/enabled'
11:58:05.939 [AsyncHttpClient-1-8] DEBUG org.asynchttpclient.netty.handler.HttpHandler - 

Request DefaultFullHttpRequest(decodeResult: success, version: HTTP/1.1, content: EmptyByteBufBE)
GET /session/b3f401f71ed02413c7720ff509a2b54f/element/316d8447-663b-4050-842f-682ad1edac71/enabled HTTP/1.1
User-Agent: selenium/4.1.2 (java windows)
Cache-Control: no-cache
Content-Type: application/json; charset=utf-8
host: localhost:50031
accept: */*

Response DefaultHttpResponse(decodeResult: success, version: HTTP/1.1)
HTTP/1.1 200 OK
Content-Type: application/json; charset=utf-8
cache-control: no-cache
content-length: 14

11:58:05.939 [AsyncHttpClient-1-8] DEBUG org.asynchttpclient.netty.channel.ChannelManager - Adding key: http://localhost:50031 for channel [id: 0xd135dcba, L:/127.0.0.1:50069 - R:localhost/127.0.0.1:50031]
11:58:05.940 [Forwarding isElementEnabled on session b3f401f71ed02413c7720ff509a2b54f to remote] DEBUG org.asynchttpclient.netty.request.NettyRequestSender - Using pooled Channel '[id: 0xd135dcba, L:/127.0.0.1:50069 - R:localhost/127.0.0.1:50031]' for 'GET' to 'http://localhost:50031/session/b3f401f71ed02413c7720ff509a2b54f/element/316d8447-663b-4050-842f-682ad1edac71/enabled'
11:58:05.940 [Forwarding isElementEnabled on session b3f401f71ed02413c7720ff509a2b54f to remote] DEBUG org.asynchttpclient.netty.request.NettyRequestSender - Using open Channel [id: 0xd135dcba, L:/127.0.0.1:50069 - R:localhost/127.0.0.1:50031] for GET '/session/b3f401f71ed02413c7720ff509a2b54f/element/316d8447-663b-4050-842f-682ad1edac71/enabled'
11:58:05.946 [AsyncHttpClient-1-8] DEBUG org.asynchttpclient.netty.handler.HttpHandler - 

Request DefaultFullHttpRequest(decodeResult: success, version: HTTP/1.1, content: EmptyByteBufBE)
GET /session/b3f401f71ed02413c7720ff509a2b54f/element/316d8447-663b-4050-842f-682ad1edac71/enabled HTTP/1.1
User-Agent: selenium/4.1.2 (java windows)
Cache-Control: no-cache
Content-Type: application/json; charset=utf-8
host: localhost:50031
accept: */*

Response DefaultHttpResponse(decodeResult: success, version: HTTP/1.1)
HTTP/1.1 200 OK
Content-Type: application/json; charset=utf-8
cache-control: no-cache
content-length: 14

11:58:05.946 [AsyncHttpClient-1-8] DEBUG org.asynchttpclient.netty.channel.ChannelManager - Adding key: http://localhost:50031 for channel [id: 0xd135dcba, L:/127.0.0.1:50069 - R:localhost/127.0.0.1:50031]
11:58:05.948 [Forwarding findElement on session b3f401f71ed02413c7720ff509a2b54f to remote] DEBUG org.asynchttpclient.netty.request.NettyRequestSender - Using pooled Channel '[id: 0xd135dcba, L:/127.0.0.1:50069 - R:localhost/127.0.0.1:50031]' for 'POST' to 'http://localhost:50031/session/b3f401f71ed02413c7720ff509a2b54f/element'
11:58:05.948 [Forwarding findElement on session b3f401f71ed02413c7720ff509a2b54f to remote] DEBUG org.asynchttpclient.netty.request.NettyRequestSender - Using open Channel [id: 0xd135dcba, L:/127.0.0.1:50069 - R:localhost/127.0.0.1:50031] for POST '/session/b3f401f71ed02413c7720ff509a2b54f/element'
11:58:05.954 [AsyncHttpClient-1-8] DEBUG org.asynchttpclient.netty.handler.HttpHandler - 

Request DefaultHttpRequest(decodeResult: success, version: HTTP/1.1)
POST /session/b3f401f71ed02413c7720ff509a2b54f/element HTTP/1.1
User-Agent: selenium/4.1.2 (java windows)
Content-Length: 59
Content-Type: application/json; charset=utf-8
host: localhost:50031
accept: */*

Response DefaultHttpResponse(decodeResult: success, version: HTTP/1.1)
HTTP/1.1 200 OK
Content-Type: application/json; charset=utf-8
cache-control: no-cache
content-length: 88

11:58:05.955 [AsyncHttpClient-1-8] DEBUG org.asynchttpclient.netty.channel.ChannelManager - Adding key: http://localhost:50031 for channel [id: 0xd135dcba, L:/127.0.0.1:50069 - R:localhost/127.0.0.1:50031]
11:58:05.956 [Forwarding clickElement on session b3f401f71ed02413c7720ff509a2b54f to remote] DEBUG org.asynchttpclient.netty.request.NettyRequestSender - Using pooled Channel '[id: 0xd135dcba, L:/127.0.0.1:50069 - R:localhost/127.0.0.1:50031]' for 'POST' to 'http://localhost:50031/session/b3f401f71ed02413c7720ff509a2b54f/element/316d8447-663b-4050-842f-682ad1edac71/click'
11:58:05.957 [Forwarding clickElement on session b3f401f71ed02413c7720ff509a2b54f to remote] DEBUG org.asynchttpclient.netty.request.NettyRequestSender - Using open Channel [id: 0xd135dcba, L:/127.0.0.1:50069 - R:localhost/127.0.0.1:50031] for POST '/session/b3f401f71ed02413c7720ff509a2b54f/element/316d8447-663b-4050-842f-682ad1edac71/click'
11:58:06.340 [AsyncHttpClient-1-1] DEBUG org.asynchttpclient.netty.channel.DefaultChannelPool - Entry count for : http://localhost:50070 : 1
11:58:07.442 [AsyncHttpClient-1-1] DEBUG org.asynchttpclient.netty.channel.DefaultChannelPool - Entry count for : http://localhost:50070 : 1
11:58:08.544 [AsyncHttpClient-1-1] DEBUG org.asynchttpclient.netty.channel.DefaultChannelPool - Entry count for : http://localhost:50070 : 1
11:58:09.323 [AsyncHttpClient-1-8] DEBUG org.asynchttpclient.netty.handler.HttpHandler - 

Request DefaultHttpRequest(decodeResult: success, version: HTTP/1.1)
POST /session/b3f401f71ed02413c7720ff509a2b54f/element/316d8447-663b-4050-842f-682ad1edac71/click HTTP/1.1
User-Agent: selenium/4.1.2 (java windows)
Content-Length: 50
Content-Type: application/json; charset=utf-8
host: localhost:50031
accept: */*

Response DefaultHttpResponse(decodeResult: success, version: HTTP/1.1)
HTTP/1.1 200 OK
Content-Type: application/json; charset=utf-8
cache-control: no-cache
content-length: 14

11:58:09.324 [AsyncHttpClient-1-8] DEBUG org.asynchttpclient.netty.channel.ChannelManager - Adding key: http://localhost:50031 for channel [id: 0xd135dcba, L:/127.0.0.1:50069 - R:localhost/127.0.0.1:50031]
11:58:09.330 [Forwarding screenshot on session b3f401f71ed02413c7720ff509a2b54f to remote] DEBUG org.asynchttpclient.netty.request.NettyRequestSender - Using pooled Channel '[id: 0xd135dcba, L:/127.0.0.1:50069 - R:localhost/127.0.0.1:50031]' for 'GET' to 'http://localhost:50031/session/b3f401f71ed02413c7720ff509a2b54f/screenshot'
11:58:09.330 [Forwarding screenshot on session b3f401f71ed02413c7720ff509a2b54f to remote] DEBUG org.asynchttpclient.netty.request.NettyRequestSender - Using open Channel [id: 0xd135dcba, L:/127.0.0.1:50069 - R:localhost/127.0.0.1:50031] for GET '/session/b3f401f71ed02413c7720ff509a2b54f/screenshot'
11:58:09.658 [AsyncHttpClient-1-1] DEBUG org.asynchttpclient.netty.channel.DefaultChannelPool - Entry count for : http://localhost:50070 : 1
11:58:09.819 [AsyncHttpClient-1-8] DEBUG org.asynchttpclient.netty.handler.HttpHandler - 

Request DefaultFullHttpRequest(decodeResult: success, version: HTTP/1.1, content: EmptyByteBufBE)
GET /session/b3f401f71ed02413c7720ff509a2b54f/screenshot HTTP/1.1
User-Agent: selenium/4.1.2 (java windows)
Cache-Control: no-cache
Content-Type: application/json; charset=utf-8
host: localhost:50031
accept: */*

Response DefaultHttpResponse(decodeResult: success, version: HTTP/1.1)
HTTP/1.1 200 OK
Content-Type: application/json; charset=utf-8
cache-control: no-cache
content-length: 1345624

11:58:09.822 [AsyncHttpClient-1-8] DEBUG org.asynchttpclient.netty.channel.ChannelManager - Adding key: http://localhost:50031 for channel [id: 0xd135dcba, L:/127.0.0.1:50069 - R:localhost/127.0.0.1:50031]
11:58:09.860 [main] DEBUG net.serenitybdd.core.photography.Darkroom - Send negative for processing for target\site\serenity\2dedb8afd7fcc57adbd09be723f4f7dcf93415fe5619fc6cdc9c2c2a06aa9770.png
11:58:09.860 [main] DEBUG net.thucydides.core.steps.StepInterceptor - STEP DONE: clickLoginButton
  &amp#27;[32mAnd &amp#27;[0m&amp#27;[32mclick login button&amp#27;[0m               &amp#27;[90m# starter.stepdefinitions.LoginStepDefinitions.clickLoginButton()&amp#27;[0m
11:58:09.860 [Darkroom Processing Line] DEBUG net.serenitybdd.core.photography.DarkroomProcessingLine - Processing screenshot image in /var/screenshots/screenshot-6586104989453902155
11:58:09.860 [Darkroom Processing Line] DEBUG net.serenitybdd.core.photography.DarkroomProcessingLine - Saving screenshot to target\site\serenity\2dedb8afd7fcc57adbd09be723f4f7dcf93415fe5619fc6cdc9c2c2a06aa9770.png
11:58:09.881 [main] DEBUG net.thucydides.core.steps.StepInterceptor - STARTING STEP: LoginStepDefinitions.iGetThe - validateLoginFormIsApp
11:58:09.883 [Forwarding findElement on session b3f401f71ed02413c7720ff509a2b54f to remote] DEBUG org.asynchttpclient.netty.request.NettyRequestSender - Using pooled Channel '[id: 0xd135dcba, L:/127.0.0.1:50069 - R:localhost/127.0.0.1:50031]' for 'POST' to 'http://localhost:50031/session/b3f401f71ed02413c7720ff509a2b54f/element'
11:58:09.883 [Forwarding findElement on session b3f401f71ed02413c7720ff509a2b54f to remote] DEBUG org.asynchttpclient.netty.request.NettyRequestSender - Using open Channel [id: 0xd135dcba, L:/127.0.0.1:50069 - R:localhost/127.0.0.1:50031] for POST '/session/b3f401f71ed02413c7720ff509a2b54f/element'
11:58:09.893 [AsyncHttpClient-1-8] DEBUG org.asynchttpclient.netty.handler.HttpHandler - 

Request DefaultHttpRequest(decodeResult: success, version: HTTP/1.1)
POST /session/b3f401f71ed02413c7720ff509a2b54f/element HTTP/1.1
User-Agent: selenium/4.1.2 (java windows)
Content-Length: 103
Content-Type: application/json; charset=utf-8
host: localhost:50031
accept: */*

Response DefaultHttpResponse(decodeResult: success, version: HTTP/1.1)
HTTP/1.1 200 OK
Content-Type: application/json; charset=utf-8
cache-control: no-cache
content-length: 88

11:58:09.893 [AsyncHttpClient-1-8] DEBUG org.asynchttpclient.netty.channel.ChannelManager - Adding key: http://localhost:50031 for channel [id: 0xd135dcba, L:/127.0.0.1:50069 - R:localhost/127.0.0.1:50031]
11:58:09.898 [Forwarding isElementDisplayed on session b3f401f71ed02413c7720ff509a2b54f to remote] DEBUG org.asynchttpclient.netty.request.NettyRequestSender - Using pooled Channel '[id: 0xd135dcba, L:/127.0.0.1:50069 - R:localhost/127.0.0.1:50031]' for 'POST' to 'http://localhost:50031/session/b3f401f71ed02413c7720ff509a2b54f/execute/sync'
11:58:09.898 [Forwarding isElementDisplayed on session b3f401f71ed02413c7720ff509a2b54f to remote] DEBUG org.asynchttpclient.netty.request.NettyRequestSender - Using open Channel [id: 0xd135dcba, L:/127.0.0.1:50069 - R:localhost/127.0.0.1:50031] for POST '/session/b3f401f71ed02413c7720ff509a2b54f/execute/sync'
11:58:09.911 [AsyncHttpClient-1-8] DEBUG org.asynchttpclient.netty.handler.HttpHandler - 

Request DefaultHttpRequest(decodeResult: success, version: HTTP/1.1)
POST /session/b3f401f71ed02413c7720ff509a2b54f/execute/sync HTTP/1.1
User-Agent: selenium/4.1.2 (java windows)
Content-Length: 48780
Content-Type: application/json; charset=utf-8
host: localhost:50031
accept: */*

Response DefaultHttpResponse(decodeResult: success, version: HTTP/1.1)
HTTP/1.1 200 OK
Content-Type: application/json; charset=utf-8
cache-control: no-cache
content-length: 15

11:58:09.911 [AsyncHttpClient-1-8] DEBUG org.asynchttpclient.netty.channel.ChannelManager - Adding key: http://localhost:50031 for channel [id: 0xd135dcba, L:/127.0.0.1:50069 - R:localhost/127.0.0.1:50031]
11:58:09.916 [Forwarding screenshot on session b3f401f71ed02413c7720ff509a2b54f to remote] DEBUG org.asynchttpclient.netty.request.NettyRequestSender - Using pooled Channel '[id: 0xd135dcba, L:/127.0.0.1:50069 - R:localhost/127.0.0.1:50031]' for 'GET' to 'http://localhost:50031/session/b3f401f71ed02413c7720ff509a2b54f/screenshot'
11:58:09.916 [Forwarding screenshot on session b3f401f71ed02413c7720ff509a2b54f to remote] DEBUG org.asynchttpclient.netty.request.NettyRequestSender - Using open Channel [id: 0xd135dcba, L:/127.0.0.1:50069 - R:localhost/127.0.0.1:50031] for GET '/session/b3f401f71ed02413c7720ff509a2b54f/screenshot'
11:58:10.427 [AsyncHttpClient-1-8] DEBUG org.asynchttpclient.netty.handler.HttpHandler - 

Request DefaultFullHttpRequest(decodeResult: success, version: HTTP/1.1, content: EmptyByteBufBE)
GET /session/b3f401f71ed02413c7720ff509a2b54f/screenshot HTTP/1.1
User-Agent: selenium/4.1.2 (java windows)
Cache-Control: no-cache
Content-Type: application/json; charset=utf-8
host: localhost:50031
accept: */*

Response DefaultHttpResponse(decodeResult: success, version: HTTP/1.1)
HTTP/1.1 200 OK
Content-Type: application/json; charset=utf-8
cache-control: no-cache
content-length: 1345624

11:58:10.427 [AsyncHttpClient-1-8] DEBUG org.asynchttpclient.netty.channel.ChannelManager - Adding key: http://localhost:50031 for channel [id: 0xd135dcba, L:/127.0.0.1:50069 - R:localhost/127.0.0.1:50031]
11:58:10.458 [main] DEBUG net.serenitybdd.core.photography.Darkroom - Send negative for processing for target\site\serenity\2dedb8afd7fcc57adbd09be723f4f7dcf93415fe5619fc6cdc9c2c2a06aa9770.png
11:58:10.458 [main] DEBUG net.thucydides.core.steps.StepInterceptor - STEP DONE: validateLoginFormIsApp
11:58:10.458 [main] DEBUG net.thucydides.core.steps.StepInterceptor - STARTING STEP: LoginStepDefinitions.iGetThe - errorMessageAlert
11:58:10.458 [main] DEBUG net.thucydides.core.steps.StepInterceptor - STEP DONE: errorMessageAlert
  &amp#27;[32mThen &amp#27;[0m&amp#27;[32mi get the &amp#27;[0m&amp#27;[32m&amp#27;[1m"Login Page"&amp#27;[0m          &amp#27;[90m# starter.stepdefinitions.LoginStepDefinitions.iGetThe(java.lang.String)&amp#27;[0m
11:58:10.480 [AsyncHttpClient-1-10] DEBUG org.asynchttpclient.netty.handler.WebSocketHandler - Channel Closed: [id: 0xe6088f20, L:/127.0.0.1:50078 ! R:localhost/127.0.0.1:50070] with attribute NettyResponseFuture{currentRetry=5,
	isDone=1,
	isCancelled=0,
	asyncHandler=org.asynchttpclient.ws.WebSocketUpgradeHandler@27a63923,
	nettyRequest=org.asynchttpclient.netty.request.NettyRequest@62a4a3b3,
	future=java.util.concurrent.CompletableFuture@3db7b97e[Completed normally],
	uri=ws://localhost:50070/devtools/browser/5ce10d50-6400-4e5f-b336-a1381aa2f89a,
	keepAlive=true,
	redirectCount=0,
	timeoutsHolder=null,
	inAuth=0,
	touch=1650949077507}
11:58:10.480 [AsyncHttpClient-1-10] DEBUG org.asynchttpclient.netty.channel.ChannelManager - Closing Channel [id: 0xe6088f20, L:/127.0.0.1:50078 ! R:localhost/127.0.0.1:50070] 
11:58:10.480 [Driver Command Executor] DEBUG org.asynchttpclient.netty.request.NettyRequestSender - Using pooled Channel '[id: 0xd135dcba, L:/127.0.0.1:50069 - R:localhost/127.0.0.1:50031]' for 'DELETE' to 'http://localhost:50031/session/b3f401f71ed02413c7720ff509a2b54f'
11:58:10.480 [Driver Command Executor] DEBUG org.asynchttpclient.netty.request.NettyRequestSender - Using open Channel [id: 0xd135dcba, L:/127.0.0.1:50069 - R:localhost/127.0.0.1:50031] for DELETE '/session/b3f401f71ed02413c7720ff509a2b54f'
11:58:10.518 [AsyncHttpClient-1-9] DEBUG org.asynchttpclient.netty.handler.HttpHandler - Unexpected I/O exception on channel [id: 0xdbd6f4fe, L:/127.0.0.1:50077 - R:localhost/127.0.0.1:50070]
java.net.SocketException: Connection reset
	at java.base/sun.nio.ch.SocketChannelImpl.throwConnectionReset(SocketChannelImpl.java:367)
	at java.base/sun.nio.ch.SocketChannelImpl.read(SocketChannelImpl.java:398)
	at io.netty.buffer.PooledByteBuf.setBytes(PooledByteBuf.java:258)
	at io.netty.buffer.AbstractByteBuf.writeBytes(AbstractByteBuf.java:1132)
	at io.netty.channel.socket.nio.NioSocketChannel.doReadBytes(NioSocketChannel.java:350)
	at io.netty.channel.nio.AbstractNioByteChannel$NioByteUnsafe.read(AbstractNioByteChannel.java:151)
	at io.netty.channel.nio.NioEventLoop.processSelectedKey(NioEventLoop.java:722)
	at io.netty.channel.nio.NioEventLoop.processSelectedKeysOptimized(NioEventLoop.java:658)
	at io.netty.channel.nio.NioEventLoop.processSelectedKeys(NioEventLoop.java:584)
	at io.netty.channel.nio.NioEventLoop.run(NioEventLoop.java:496)
	at io.netty.util.concurrent.SingleThreadEventExecutor$4.run(SingleThreadEventExecutor.java:986)
	at io.netty.util.internal.ThreadExecutorMap$2.run(ThreadExecutorMap.java:74)
	at io.netty.util.concurrent.FastThreadLocalRunnable.run(FastThreadLocalRunnable.java:30)
	at java.base/java.lang.Thread.run(Thread.java:832)
11:58:10.518 [AsyncHttpClient-1-9] DEBUG org.asynchttpclient.netty.channel.ChannelManager - Closing Channel [id: 0xdbd6f4fe, L:/127.0.0.1:50077 - R:localhost/127.0.0.1:50070] 
11:58:10.519 [AsyncHttpClient-1-9] DEBUG org.asynchttpclient.netty.handler.HttpHandler - Channel Closed: [id: 0xdbd6f4fe, L:/127.0.0.1:50077 ! R:localhost/127.0.0.1:50070] with attribute DISCARD
11:58:10.547 [AsyncHttpClient-1-8] DEBUG org.asynchttpclient.netty.handler.HttpHandler - 

Request DefaultFullHttpRequest(decodeResult: success, version: HTTP/1.1, content: EmptyByteBufBE)
DELETE /session/b3f401f71ed02413c7720ff509a2b54f HTTP/1.1
User-Agent: selenium/4.1.2 (java windows)
Content-Type: application/json; charset=utf-8
host: localhost:50031
accept: */*

Response DefaultHttpResponse(decodeResult: success, version: HTTP/1.1)
HTTP/1.1 200 OK
Content-Type: application/json; charset=utf-8
cache-control: no-cache
content-length: 14

11:58:10.548 [AsyncHttpClient-1-8] DEBUG org.asynchttpclient.netty.channel.ChannelManager - Adding key: http://localhost:50031 for channel [id: 0xd135dcba, L:/127.0.0.1:50069 - R:localhost/127.0.0.1:50031]
11:58:10.743 [AsyncHttpClient-1-1] DEBUG org.asynchttpclient.netty.channel.DefaultChannelPool - Entry count for : http://localhost:50070 : 1
11:58:10.743 [AsyncHttpClient-1-1] DEBUG org.asynchttpclient.netty.channel.DefaultChannelPool - Entry count for : http://localhost:50031 : 1
11:58:10.743 [AsyncHttpClient-1-1] DEBUG org.asynchttpclient.netty.channel.DefaultChannelPool - Adding Candidate expired Channel [id: 0xdbd6f4fe, L:/127.0.0.1:50077 ! R:localhost/127.0.0.1:50070] isIdleTimeoutExpired=false isRemotelyClosed=true isTtlExpired=false
11:58:10.743 [AsyncHttpClient-1-1] DEBUG org.asynchttpclient.netty.channel.DefaultChannelPool - Closing Idle Channel [id: 0xdbd6f4fe, L:/127.0.0.1:50077 ! R:localhost/127.0.0.1:50070]
11:58:10.743 [AsyncHttpClient-1-1] DEBUG org.asynchttpclient.netty.channel.DefaultChannelPool - Closed 1 connections out of 2 in 0 ms
11:58:10.762 [AsyncHttpClient-1-8] DEBUG org.asynchttpclient.netty.handler.HttpHandler - Channel Closed: [id: 0xd135dcba, L:/127.0.0.1:50069 ! R:localhost/127.0.0.1:50031] with attribute DISCARD
]]></system-out>
    <system-err><![CDATA[Starting ChromeDriver 100.0.4896.60 (6a5d10861ce8de5fce22564658033b43cb7de047-refs/branch-heads/4896@{#875}) on port 50031
Only local connections are allowed.
Please see https://chromedriver.chromium.org/security-considerations for suggestions on keeping ChromeDriver safe.
ChromeDriver was started successfully.
Apr 26, 2022 11:57:57 AM org.openqa.selenium.remote.ProtocolHandshake createSession
INFO: Detected dialect: W3C
Apr 26, 2022 11:57:57 AM org.openqa.selenium.devtools.CdpVersionFinder findNearestMatch
WARNING: Unable to find an exact match for CDP version 100, so returning the closest version found: 97
Apr 26, 2022 11:57:57 AM org.openqa.selenium.devtools.CdpVersionFinder findNearestMatch
INFO: Found CDP implementation for version 100 of 97
]]></system-err>
  </testcase>
  <testcase name="Login scenario #4" classname="Login" time="15.429">
    <system-out><![CDATA[
@DDT
Scenario Outline: Login scenario &amp#27;[90m# src/test/resources/features/login.feature:29&amp#27;[0m
11:58:11.290 [main] INFO io.cucumber.core.plugin.SerenityReporter - Running feature from file:///D:/PERKULIAHAN/Semester%206,Hebatt%20glad!/Dot-TechnicalTest/src/test/resources/features/login.feature
11:58:11.306 [main] DEBUG net.thucydides.core.steps.StepInterceptor - STARTING STEP: LoginStepDefinitions.iAmOnLoginPage - openUrl
11:58:11.306 [main] INFO net.serenitybdd.core.webdriver.driverproviders.ChromeDriverProvider - Using automatically driver download
11:58:11.419 [main] DEBUG io.github.bonigarcia.wdm.cache.ResolutionCache - Resolution chrome=100 in cache (valid until 12:53:50 26/04/2022 WIB)
11:58:11.439 [main] DEBUG io.github.bonigarcia.wdm.cache.ResolutionCache - Resolution chrome100=100.0.4896.60 in cache (valid until 19:36:13 26/04/2022 WIB)
11:58:11.441 [main] INFO io.github.bonigarcia.wdm.WebDriverManager - Using chromedriver 100.0.4896.60 (resolved driver for Chrome 100)
11:58:11.441 [main] DEBUG io.github.bonigarcia.wdm.WebDriverManager - Driver chromedriver 100.0.4896.60 found in cache
11:58:11.441 [main] INFO io.github.bonigarcia.wdm.WebDriverManager - Exporting webdriver.chrome.driver as C:\Users\ASUS\.cache\selenium\chromedriver\win32\100.0.4896.60\chromedriver.exe
11:58:11.557 [main] DEBUG net.serenitybdd.core.webdriver.driverproviders.ProvideNewDriver - Instantiating driver
11:58:11.557 [main] DEBUG net.serenitybdd.core.webdriver.driverproviders.ProvideNewDriver - Driver capabilities: Capabilities {acceptInsecureCerts: false, base.url: https://www.psegameshop.com/, browserName: chrome, chrome.driver: src/test/resources/webdrive..., driver: chrome, goog:chromeOptions: {args: [], extensions: []}}
11:58:11.841 [AsyncHttpClient-1-1] DEBUG org.asynchttpclient.netty.channel.DefaultChannelPool - Entry count for : http://localhost:50031 : 1
11:58:11.841 [AsyncHttpClient-1-1] DEBUG org.asynchttpclient.netty.channel.DefaultChannelPool - Adding Candidate expired Channel [id: 0xd135dcba, L:/127.0.0.1:50069 ! R:localhost/127.0.0.1:50031] isIdleTimeoutExpired=false isRemotelyClosed=true isTtlExpired=false
11:58:11.841 [AsyncHttpClient-1-1] DEBUG org.asynchttpclient.netty.channel.DefaultChannelPool - Closing Idle Channel [id: 0xd135dcba, L:/127.0.0.1:50069 ! R:localhost/127.0.0.1:50031]
11:58:11.841 [AsyncHttpClient-1-1] DEBUG org.asynchttpclient.netty.channel.DefaultChannelPool - Closed 1 connections out of 1 in 0 ms
11:58:12.076 [AsyncHttpClient-1-11] DEBUG org.asynchttpclient.netty.channel.NettyConnectListener - Using new Channel '[id: 0xdd8d5e62, L:/127.0.0.1:50125 - R:localhost/127.0.0.1:61956]' for 'POST' to '/session'
11:58:13.038 [AsyncHttpClient-1-11] DEBUG org.asynchttpclient.netty.handler.HttpHandler - 

Request DefaultHttpRequest(decodeResult: success, version: HTTP/1.1)
POST /session HTTP/1.1
User-Agent: selenium/4.1.2 (java windows)
Content-Length: 614
Content-Type: application/json; charset=utf-8
host: localhost:61956
accept: */*

Response DefaultHttpResponse(decodeResult: success, version: HTTP/1.1)
HTTP/1.1 200 OK
Content-Type: application/json; charset=utf-8
cache-control: no-cache
content-length: 789

11:58:13.038 [AsyncHttpClient-1-11] DEBUG org.asynchttpclient.netty.channel.ChannelManager - Adding key: http://localhost:61956 for channel [id: 0xdd8d5e62, L:/127.0.0.1:50125 - R:localhost/127.0.0.1:61956]
11:58:13.054 [AsyncHttpClient-1-12] DEBUG org.asynchttpclient.netty.channel.NettyConnectListener - Using new Channel '[id: 0xa833d192, L:/127.0.0.1:50133 - R:localhost/127.0.0.1:50126]' for 'GET' to '/json/version'
11:58:13.069 [AsyncHttpClient-1-12] DEBUG org.asynchttpclient.netty.handler.HttpHandler - 

Request DefaultFullHttpRequest(decodeResult: success, version: HTTP/1.1, content: EmptyByteBufBE)
GET /json/version HTTP/1.1
User-Agent: selenium/4.1.2 (java windows)
host: localhost:50126
accept: */*

Response DefaultHttpResponse(decodeResult: success, version: HTTP/1.1)
HTTP/1.1 200 OK
Content-Type: application/json; charset=UTF-8
content-length: 429

11:58:13.069 [AsyncHttpClient-1-12] DEBUG org.asynchttpclient.netty.channel.ChannelManager - Adding key: http://localhost:50126 for channel [id: 0xa833d192, L:/127.0.0.1:50133 - R:localhost/127.0.0.1:50126]
11:58:13.069 [AsyncHttpClient-1-13] DEBUG org.asynchttpclient.netty.channel.NettyConnectListener - Using new Channel '[id: 0xe8be730c, L:/127.0.0.1:50134 - R:localhost/127.0.0.1:50126]' for 'GET' to '/devtools/browser/003d18ce-e845-412a-b515-58016466dc45'
11:58:13.085 [AsyncHttpClient-1-13] DEBUG org.asynchttpclient.netty.handler.WebSocketHandler - 

Request DefaultFullHttpRequest(decodeResult: success, version: HTTP/1.1, content: EmptyByteBufBE)
GET /devtools/browser/003d18ce-e845-412a-b515-58016466dc45 HTTP/1.1
upgrade: websocket
connection: upgrade
sec-websocket-key: nJAW+7tUIvaEVJPiNQ/dyg==
sec-websocket-version: 13
origin: http://localhost:50126
host: localhost:50126
accept: */*
user-agent: AHC/2.1

Response DefaultHttpResponse(decodeResult: success, version: HTTP/1.1)
HTTP/1.1 101 WebSocket Protocol Handshake
Upgrade: WebSocket
Connection: Upgrade
Sec-WebSocket-Accept: 1zAvyK3U5erueyh+oWZnf78CKq4=

11:58:13.085 [Forwarding maximizeCurrentWindow on session 1f3f0785555bb878aae3121e97bfbb66 to remote] DEBUG org.asynchttpclient.netty.request.NettyRequestSender - Using pooled Channel '[id: 0xdd8d5e62, L:/127.0.0.1:50125 - R:localhost/127.0.0.1:61956]' for 'POST' to 'http://localhost:61956/session/1f3f0785555bb878aae3121e97bfbb66/window/maximize'
11:58:13.085 [Forwarding maximizeCurrentWindow on session 1f3f0785555bb878aae3121e97bfbb66 to remote] DEBUG org.asynchttpclient.netty.request.NettyRequestSender - Using open Channel [id: 0xdd8d5e62, L:/127.0.0.1:50125 - R:localhost/127.0.0.1:61956] for POST '/session/1f3f0785555bb878aae3121e97bfbb66/window/maximize'
11:58:13.218 [AsyncHttpClient-1-11] DEBUG org.asynchttpclient.netty.handler.HttpHandler - 

Request DefaultHttpRequest(decodeResult: success, version: HTTP/1.1)
POST /session/1f3f0785555bb878aae3121e97bfbb66/window/maximize HTTP/1.1
User-Agent: selenium/4.1.2 (java windows)
Content-Length: 3
Content-Type: application/json; charset=utf-8
host: localhost:61956
accept: */*

Response DefaultHttpResponse(decodeResult: success, version: HTTP/1.1)
HTTP/1.1 200 OK
Content-Type: application/json; charset=utf-8
cache-control: no-cache
content-length: 51

11:58:13.218 [AsyncHttpClient-1-11] DEBUG org.asynchttpclient.netty.channel.ChannelManager - Adding key: http://localhost:61956 for channel [id: 0xdd8d5e62, L:/127.0.0.1:50125 - R:localhost/127.0.0.1:61956]
11:58:13.218 [Forwarding get on session 1f3f0785555bb878aae3121e97bfbb66 to remote] DEBUG org.asynchttpclient.netty.request.NettyRequestSender - Using pooled Channel '[id: 0xdd8d5e62, L:/127.0.0.1:50125 - R:localhost/127.0.0.1:61956]' for 'POST' to 'http://localhost:61956/session/1f3f0785555bb878aae3121e97bfbb66/url'
11:58:13.218 [Forwarding get on session 1f3f0785555bb878aae3121e97bfbb66 to remote] DEBUG org.asynchttpclient.netty.request.NettyRequestSender - Using open Channel [id: 0xdd8d5e62, L:/127.0.0.1:50125 - R:localhost/127.0.0.1:61956] for POST '/session/1f3f0785555bb878aae3121e97bfbb66/url'
11:58:14.043 [AsyncHttpClient-1-1] DEBUG org.asynchttpclient.netty.channel.DefaultChannelPool - Entry count for : http://localhost:50126 : 1
11:58:15.146 [AsyncHttpClient-1-1] DEBUG org.asynchttpclient.netty.channel.DefaultChannelPool - Entry count for : http://localhost:50126 : 1
11:58:16.244 [AsyncHttpClient-1-1] DEBUG org.asynchttpclient.netty.channel.DefaultChannelPool - Entry count for : http://localhost:50126 : 1
11:58:17.269 [AsyncHttpClient-1-11] DEBUG org.asynchttpclient.netty.handler.HttpHandler - 

Request DefaultHttpRequest(decodeResult: success, version: HTTP/1.1)
POST /session/1f3f0785555bb878aae3121e97bfbb66/url HTTP/1.1
User-Agent: selenium/4.1.2 (java windows)
Content-Length: 58
Content-Type: application/json; charset=utf-8
host: localhost:61956
accept: */*

Response DefaultHttpResponse(decodeResult: success, version: HTTP/1.1)
HTTP/1.1 200 OK
Content-Type: application/json; charset=utf-8
cache-control: no-cache
content-length: 14

11:58:17.269 [AsyncHttpClient-1-11] DEBUG org.asynchttpclient.netty.channel.ChannelManager - Adding key: http://localhost:61956 for channel [id: 0xdd8d5e62, L:/127.0.0.1:50125 - R:localhost/127.0.0.1:61956]
11:58:17.269 [Forwarding setTimeout on session 1f3f0785555bb878aae3121e97bfbb66 to remote] DEBUG org.asynchttpclient.netty.request.NettyRequestSender - Using pooled Channel '[id: 0xdd8d5e62, L:/127.0.0.1:50125 - R:localhost/127.0.0.1:61956]' for 'POST' to 'http://localhost:61956/session/1f3f0785555bb878aae3121e97bfbb66/timeouts'
11:58:17.269 [Forwarding setTimeout on session 1f3f0785555bb878aae3121e97bfbb66 to remote] DEBUG org.asynchttpclient.netty.request.NettyRequestSender - Using open Channel [id: 0xdd8d5e62, L:/127.0.0.1:50125 - R:localhost/127.0.0.1:61956] for POST '/session/1f3f0785555bb878aae3121e97bfbb66/timeouts'
11:58:17.272 [AsyncHttpClient-1-11] DEBUG org.asynchttpclient.netty.handler.HttpHandler - 

Request DefaultHttpRequest(decodeResult: success, version: HTTP/1.1)
POST /session/1f3f0785555bb878aae3121e97bfbb66/timeouts HTTP/1.1
User-Agent: selenium/4.1.2 (java windows)
Content-Length: 22
Content-Type: application/json; charset=utf-8
host: localhost:61956
accept: */*

Response DefaultHttpResponse(decodeResult: success, version: HTTP/1.1)
HTTP/1.1 200 OK
Content-Type: application/json; charset=utf-8
cache-control: no-cache
content-length: 14

11:58:17.272 [AsyncHttpClient-1-11] DEBUG org.asynchttpclient.netty.channel.ChannelManager - Adding key: http://localhost:61956 for channel [id: 0xdd8d5e62, L:/127.0.0.1:50125 - R:localhost/127.0.0.1:61956]
11:58:17.275 [Forwarding getCurrentUrl on session 1f3f0785555bb878aae3121e97bfbb66 to remote] DEBUG org.asynchttpclient.netty.request.NettyRequestSender - Using pooled Channel '[id: 0xdd8d5e62, L:/127.0.0.1:50125 - R:localhost/127.0.0.1:61956]' for 'GET' to 'http://localhost:61956/session/1f3f0785555bb878aae3121e97bfbb66/url'
11:58:17.275 [Forwarding getCurrentUrl on session 1f3f0785555bb878aae3121e97bfbb66 to remote] DEBUG org.asynchttpclient.netty.request.NettyRequestSender - Using open Channel [id: 0xdd8d5e62, L:/127.0.0.1:50125 - R:localhost/127.0.0.1:61956] for GET '/session/1f3f0785555bb878aae3121e97bfbb66/url'
11:58:17.280 [AsyncHttpClient-1-11] DEBUG org.asynchttpclient.netty.handler.HttpHandler - 

Request DefaultFullHttpRequest(decodeResult: success, version: HTTP/1.1, content: EmptyByteBufBE)
GET /session/1f3f0785555bb878aae3121e97bfbb66/url HTTP/1.1
User-Agent: selenium/4.1.2 (java windows)
Cache-Control: no-cache
Content-Type: application/json; charset=utf-8
host: localhost:61956
accept: */*

Response DefaultHttpResponse(decodeResult: success, version: HTTP/1.1)
HTTP/1.1 200 OK
Content-Type: application/json; charset=utf-8
cache-control: no-cache
content-length: 40

11:58:17.280 [AsyncHttpClient-1-11] DEBUG org.asynchttpclient.netty.channel.ChannelManager - Adding key: http://localhost:61956 for channel [id: 0xdd8d5e62, L:/127.0.0.1:50125 - R:localhost/127.0.0.1:61956]
11:58:17.286 [Forwarding screenshot on session 1f3f0785555bb878aae3121e97bfbb66 to remote] DEBUG org.asynchttpclient.netty.request.NettyRequestSender - Using pooled Channel '[id: 0xdd8d5e62, L:/127.0.0.1:50125 - R:localhost/127.0.0.1:61956]' for 'GET' to 'http://localhost:61956/session/1f3f0785555bb878aae3121e97bfbb66/screenshot'
11:58:17.286 [Forwarding screenshot on session 1f3f0785555bb878aae3121e97bfbb66 to remote] DEBUG org.asynchttpclient.netty.request.NettyRequestSender - Using open Channel [id: 0xdd8d5e62, L:/127.0.0.1:50125 - R:localhost/127.0.0.1:61956] for GET '/session/1f3f0785555bb878aae3121e97bfbb66/screenshot'
11:58:17.342 [AsyncHttpClient-1-1] DEBUG org.asynchttpclient.netty.channel.DefaultChannelPool - Entry count for : http://localhost:50126 : 1
11:58:17.920 [AsyncHttpClient-1-11] DEBUG org.asynchttpclient.netty.handler.HttpHandler - 

Request DefaultFullHttpRequest(decodeResult: success, version: HTTP/1.1, content: EmptyByteBufBE)
GET /session/1f3f0785555bb878aae3121e97bfbb66/screenshot HTTP/1.1
User-Agent: selenium/4.1.2 (java windows)
Cache-Control: no-cache
Content-Type: application/json; charset=utf-8
host: localhost:61956
accept: */*

Response DefaultHttpResponse(decodeResult: success, version: HTTP/1.1)
HTTP/1.1 200 OK
Content-Type: application/json; charset=utf-8
cache-control: no-cache
content-length: 1350668

11:58:17.936 [AsyncHttpClient-1-11] DEBUG org.asynchttpclient.netty.channel.ChannelManager - Adding key: http://localhost:61956 for channel [id: 0xdd8d5e62, L:/127.0.0.1:50125 - R:localhost/127.0.0.1:61956]
11:58:17.971 [main] DEBUG net.serenitybdd.core.photography.Darkroom - Send negative for processing for target\site\serenity\aa9ec3d62edd6580202ee246d95fa90e45fbc02a08868d33f4992c2e73c5b435.png
11:58:17.972 [main] DEBUG net.thucydides.core.steps.StepInterceptor - STEP DONE: openUrl
11:58:17.972 [Darkroom Processing Line] DEBUG net.serenitybdd.core.photography.DarkroomProcessingLine - Processing screenshot image in /var/screenshots/screenshot-9018807680493828643
11:58:17.972 [Darkroom Processing Line] DEBUG net.serenitybdd.core.photography.DarkroomProcessingLine - Saving screenshot to target\site\serenity\aa9ec3d62edd6580202ee246d95fa90e45fbc02a08868d33f4992c2e73c5b435.png
11:58:17.972 [main] DEBUG net.thucydides.core.steps.StepInterceptor - STARTING STEP: LoginStepDefinitions.iAmOnLoginPage - validateAccountIsApp
11:58:17.972 [Forwarding findElement on session 1f3f0785555bb878aae3121e97bfbb66 to remote] DEBUG org.asynchttpclient.netty.request.NettyRequestSender - Using pooled Channel '[id: 0xdd8d5e62, L:/127.0.0.1:50125 - R:localhost/127.0.0.1:61956]' for 'POST' to 'http://localhost:61956/session/1f3f0785555bb878aae3121e97bfbb66/element'
11:58:17.972 [Forwarding findElement on session 1f3f0785555bb878aae3121e97bfbb66 to remote] DEBUG org.asynchttpclient.netty.request.NettyRequestSender - Using open Channel [id: 0xdd8d5e62, L:/127.0.0.1:50125 - R:localhost/127.0.0.1:61956] for POST '/session/1f3f0785555bb878aae3121e97bfbb66/element'
11:58:17.972 [AsyncHttpClient-1-11] DEBUG org.asynchttpclient.netty.handler.HttpHandler - 

Request DefaultHttpRequest(decodeResult: success, version: HTTP/1.1)
POST /session/1f3f0785555bb878aae3121e97bfbb66/element HTTP/1.1
User-Agent: selenium/4.1.2 (java windows)
Content-Length: 46
Content-Type: application/json; charset=utf-8
host: localhost:61956
accept: */*

Response DefaultHttpResponse(decodeResult: success, version: HTTP/1.1)
HTTP/1.1 400 Bad Request
Content-Type: application/json; charset=utf-8
cache-control: no-cache
content-length: 958

11:58:17.972 [AsyncHttpClient-1-11] DEBUG org.asynchttpclient.netty.channel.ChannelManager - Adding key: http://localhost:61956 for channel [id: 0xdd8d5e62, L:/127.0.0.1:50125 - R:localhost/127.0.0.1:61956]
11:58:17.972 [Forwarding findElement on session 1f3f0785555bb878aae3121e97bfbb66 to remote] DEBUG org.asynchttpclient.netty.request.NettyRequestSender - Using pooled Channel '[id: 0xdd8d5e62, L:/127.0.0.1:50125 - R:localhost/127.0.0.1:61956]' for 'POST' to 'http://localhost:61956/session/1f3f0785555bb878aae3121e97bfbb66/element'
11:58:17.972 [Forwarding findElement on session 1f3f0785555bb878aae3121e97bfbb66 to remote] DEBUG org.asynchttpclient.netty.request.NettyRequestSender - Using open Channel [id: 0xdd8d5e62, L:/127.0.0.1:50125 - R:localhost/127.0.0.1:61956] for POST '/session/1f3f0785555bb878aae3121e97bfbb66/element'
11:58:17.988 [AsyncHttpClient-1-11] DEBUG org.asynchttpclient.netty.handler.HttpHandler - 

Request DefaultHttpRequest(decodeResult: success, version: HTTP/1.1)
POST /session/1f3f0785555bb878aae3121e97bfbb66/element HTTP/1.1
User-Agent: selenium/4.1.2 (java windows)
Content-Length: 56
Content-Type: application/json; charset=utf-8
host: localhost:61956
accept: */*

Response DefaultHttpResponse(decodeResult: success, version: HTTP/1.1)
HTTP/1.1 200 OK
Content-Type: application/json; charset=utf-8
cache-control: no-cache
content-length: 88

11:58:17.988 [AsyncHttpClient-1-11] DEBUG org.asynchttpclient.netty.channel.ChannelManager - Adding key: http://localhost:61956 for channel [id: 0xdd8d5e62, L:/127.0.0.1:50125 - R:localhost/127.0.0.1:61956]
11:58:17.988 [Forwarding isElementDisplayed on session 1f3f0785555bb878aae3121e97bfbb66 to remote] DEBUG org.asynchttpclient.netty.request.NettyRequestSender - Using pooled Channel '[id: 0xdd8d5e62, L:/127.0.0.1:50125 - R:localhost/127.0.0.1:61956]' for 'POST' to 'http://localhost:61956/session/1f3f0785555bb878aae3121e97bfbb66/execute/sync'
11:58:17.988 [Forwarding isElementDisplayed on session 1f3f0785555bb878aae3121e97bfbb66 to remote] DEBUG org.asynchttpclient.netty.request.NettyRequestSender - Using open Channel [id: 0xdd8d5e62, L:/127.0.0.1:50125 - R:localhost/127.0.0.1:61956] for POST '/session/1f3f0785555bb878aae3121e97bfbb66/execute/sync'
11:58:18.003 [AsyncHttpClient-1-11] DEBUG org.asynchttpclient.netty.handler.HttpHandler - 

Request DefaultHttpRequest(decodeResult: success, version: HTTP/1.1)
POST /session/1f3f0785555bb878aae3121e97bfbb66/execute/sync HTTP/1.1
User-Agent: selenium/4.1.2 (java windows)
Content-Length: 48780
Content-Type: application/json; charset=utf-8
host: localhost:61956
accept: */*

Response DefaultHttpResponse(decodeResult: success, version: HTTP/1.1)
HTTP/1.1 200 OK
Content-Type: application/json; charset=utf-8
cache-control: no-cache
content-length: 14

11:58:18.003 [AsyncHttpClient-1-11] DEBUG org.asynchttpclient.netty.channel.ChannelManager - Adding key: http://localhost:61956 for channel [id: 0xdd8d5e62, L:/127.0.0.1:50125 - R:localhost/127.0.0.1:61956]
11:58:18.019 [main] DEBUG net.thucydides.core.steps.StepInterceptor - STEP DONE: validateAccountIsApp
11:58:18.019 [main] DEBUG net.thucydides.core.steps.StepInterceptor - STARTING STEP: LoginStepDefinitions.iAmOnLoginPage - clickIconAccount
11:58:18.019 [Forwarding findElement on session 1f3f0785555bb878aae3121e97bfbb66 to remote] DEBUG org.asynchttpclient.netty.request.NettyRequestSender - Using pooled Channel '[id: 0xdd8d5e62, L:/127.0.0.1:50125 - R:localhost/127.0.0.1:61956]' for 'POST' to 'http://localhost:61956/session/1f3f0785555bb878aae3121e97bfbb66/element'
11:58:18.019 [Forwarding findElement on session 1f3f0785555bb878aae3121e97bfbb66 to remote] DEBUG org.asynchttpclient.netty.request.NettyRequestSender - Using open Channel [id: 0xdd8d5e62, L:/127.0.0.1:50125 - R:localhost/127.0.0.1:61956] for POST '/session/1f3f0785555bb878aae3121e97bfbb66/element'
11:58:18.037 [AsyncHttpClient-1-11] DEBUG org.asynchttpclient.netty.handler.HttpHandler - 

Request DefaultHttpRequest(decodeResult: success, version: HTTP/1.1)
POST /session/1f3f0785555bb878aae3121e97bfbb66/element HTTP/1.1
User-Agent: selenium/4.1.2 (java windows)
Content-Length: 56
Content-Type: application/json; charset=utf-8
host: localhost:61956
accept: */*

Response DefaultHttpResponse(decodeResult: success, version: HTTP/1.1)
HTTP/1.1 200 OK
Content-Type: application/json; charset=utf-8
cache-control: no-cache
content-length: 88

11:58:18.037 [AsyncHttpClient-1-11] DEBUG org.asynchttpclient.netty.channel.ChannelManager - Adding key: http://localhost:61956 for channel [id: 0xdd8d5e62, L:/127.0.0.1:50125 - R:localhost/127.0.0.1:61956]
11:58:18.039 [Forwarding getElementTagName on session 1f3f0785555bb878aae3121e97bfbb66 to remote] DEBUG org.asynchttpclient.netty.request.NettyRequestSender - Using pooled Channel '[id: 0xdd8d5e62, L:/127.0.0.1:50125 - R:localhost/127.0.0.1:61956]' for 'GET' to 'http://localhost:61956/session/1f3f0785555bb878aae3121e97bfbb66/element/804d8b7a-1f4b-4861-ba74-912dc6de8e80/name'
11:58:18.039 [Forwarding getElementTagName on session 1f3f0785555bb878aae3121e97bfbb66 to remote] DEBUG org.asynchttpclient.netty.request.NettyRequestSender - Using open Channel [id: 0xdd8d5e62, L:/127.0.0.1:50125 - R:localhost/127.0.0.1:61956] for GET '/session/1f3f0785555bb878aae3121e97bfbb66/element/804d8b7a-1f4b-4861-ba74-912dc6de8e80/name'
11:58:18.041 [AsyncHttpClient-1-11] DEBUG org.asynchttpclient.netty.handler.HttpHandler - 

Request DefaultFullHttpRequest(decodeResult: success, version: HTTP/1.1, content: EmptyByteBufBE)
GET /session/1f3f0785555bb878aae3121e97bfbb66/element/804d8b7a-1f4b-4861-ba74-912dc6de8e80/name HTTP/1.1
User-Agent: selenium/4.1.2 (java windows)
Cache-Control: no-cache
Content-Type: application/json; charset=utf-8
host: localhost:61956
accept: */*

Response DefaultHttpResponse(decodeResult: success, version: HTTP/1.1)
HTTP/1.1 200 OK
Content-Type: application/json; charset=utf-8
cache-control: no-cache
content-length: 13

11:58:18.041 [AsyncHttpClient-1-11] DEBUG org.asynchttpclient.netty.channel.ChannelManager - Adding key: http://localhost:61956 for channel [id: 0xdd8d5e62, L:/127.0.0.1:50125 - R:localhost/127.0.0.1:61956]
11:58:18.041 [Forwarding getElementTagName on session 1f3f0785555bb878aae3121e97bfbb66 to remote] DEBUG org.asynchttpclient.netty.request.NettyRequestSender - Using pooled Channel '[id: 0xdd8d5e62, L:/127.0.0.1:50125 - R:localhost/127.0.0.1:61956]' for 'GET' to 'http://localhost:61956/session/1f3f0785555bb878aae3121e97bfbb66/element/804d8b7a-1f4b-4861-ba74-912dc6de8e80/name'
11:58:18.041 [Forwarding getElementTagName on session 1f3f0785555bb878aae3121e97bfbb66 to remote] DEBUG org.asynchttpclient.netty.request.NettyRequestSender - Using open Channel [id: 0xdd8d5e62, L:/127.0.0.1:50125 - R:localhost/127.0.0.1:61956] for GET '/session/1f3f0785555bb878aae3121e97bfbb66/element/804d8b7a-1f4b-4861-ba74-912dc6de8e80/name'
11:58:18.041 [AsyncHttpClient-1-11] DEBUG org.asynchttpclient.netty.handler.HttpHandler - 

Request DefaultFullHttpRequest(decodeResult: success, version: HTTP/1.1, content: EmptyByteBufBE)
GET /session/1f3f0785555bb878aae3121e97bfbb66/element/804d8b7a-1f4b-4861-ba74-912dc6de8e80/name HTTP/1.1
User-Agent: selenium/4.1.2 (java windows)
Cache-Control: no-cache
Content-Type: application/json; charset=utf-8
host: localhost:61956
accept: */*

Response DefaultHttpResponse(decodeResult: success, version: HTTP/1.1)
HTTP/1.1 200 OK
Content-Type: application/json; charset=utf-8
cache-control: no-cache
content-length: 13

11:58:18.041 [AsyncHttpClient-1-11] DEBUG org.asynchttpclient.netty.channel.ChannelManager - Adding key: http://localhost:61956 for channel [id: 0xdd8d5e62, L:/127.0.0.1:50125 - R:localhost/127.0.0.1:61956]
11:58:18.041 [Forwarding findElement on session 1f3f0785555bb878aae3121e97bfbb66 to remote] DEBUG org.asynchttpclient.netty.request.NettyRequestSender - Using pooled Channel '[id: 0xdd8d5e62, L:/127.0.0.1:50125 - R:localhost/127.0.0.1:61956]' for 'POST' to 'http://localhost:61956/session/1f3f0785555bb878aae3121e97bfbb66/element'
11:58:18.041 [Forwarding findElement on session 1f3f0785555bb878aae3121e97bfbb66 to remote] DEBUG org.asynchttpclient.netty.request.NettyRequestSender - Using open Channel [id: 0xdd8d5e62, L:/127.0.0.1:50125 - R:localhost/127.0.0.1:61956] for POST '/session/1f3f0785555bb878aae3121e97bfbb66/element'
11:58:18.058 [AsyncHttpClient-1-11] DEBUG org.asynchttpclient.netty.handler.HttpHandler - 

Request DefaultHttpRequest(decodeResult: success, version: HTTP/1.1)
POST /session/1f3f0785555bb878aae3121e97bfbb66/element HTTP/1.1
User-Agent: selenium/4.1.2 (java windows)
Content-Length: 56
Content-Type: application/json; charset=utf-8
host: localhost:61956
accept: */*

Response DefaultHttpResponse(decodeResult: success, version: HTTP/1.1)
HTTP/1.1 200 OK
Content-Type: application/json; charset=utf-8
cache-control: no-cache
content-length: 88

11:58:18.058 [AsyncHttpClient-1-11] DEBUG org.asynchttpclient.netty.channel.ChannelManager - Adding key: http://localhost:61956 for channel [id: 0xdd8d5e62, L:/127.0.0.1:50125 - R:localhost/127.0.0.1:61956]
11:58:18.060 [Forwarding clickElement on session 1f3f0785555bb878aae3121e97bfbb66 to remote] DEBUG org.asynchttpclient.netty.request.NettyRequestSender - Using pooled Channel '[id: 0xdd8d5e62, L:/127.0.0.1:50125 - R:localhost/127.0.0.1:61956]' for 'POST' to 'http://localhost:61956/session/1f3f0785555bb878aae3121e97bfbb66/element/804d8b7a-1f4b-4861-ba74-912dc6de8e80/click'
11:58:18.060 [Forwarding clickElement on session 1f3f0785555bb878aae3121e97bfbb66 to remote] DEBUG org.asynchttpclient.netty.request.NettyRequestSender - Using open Channel [id: 0xdd8d5e62, L:/127.0.0.1:50125 - R:localhost/127.0.0.1:61956] for POST '/session/1f3f0785555bb878aae3121e97bfbb66/element/804d8b7a-1f4b-4861-ba74-912dc6de8e80/click'
11:58:18.161 [AsyncHttpClient-1-11] DEBUG org.asynchttpclient.netty.handler.HttpHandler - 

Request DefaultHttpRequest(decodeResult: success, version: HTTP/1.1)
POST /session/1f3f0785555bb878aae3121e97bfbb66/element/804d8b7a-1f4b-4861-ba74-912dc6de8e80/click HTTP/1.1
User-Agent: selenium/4.1.2 (java windows)
Content-Length: 50
Content-Type: application/json; charset=utf-8
host: localhost:61956
accept: */*

Response DefaultHttpResponse(decodeResult: success, version: HTTP/1.1)
HTTP/1.1 200 OK
Content-Type: application/json; charset=utf-8
cache-control: no-cache
content-length: 14

11:58:18.162 [AsyncHttpClient-1-11] DEBUG org.asynchttpclient.netty.channel.ChannelManager - Adding key: http://localhost:61956 for channel [id: 0xdd8d5e62, L:/127.0.0.1:50125 - R:localhost/127.0.0.1:61956]
11:58:18.170 [Forwarding screenshot on session 1f3f0785555bb878aae3121e97bfbb66 to remote] DEBUG org.asynchttpclient.netty.request.NettyRequestSender - Using pooled Channel '[id: 0xdd8d5e62, L:/127.0.0.1:50125 - R:localhost/127.0.0.1:61956]' for 'GET' to 'http://localhost:61956/session/1f3f0785555bb878aae3121e97bfbb66/screenshot'
11:58:18.170 [Forwarding screenshot on session 1f3f0785555bb878aae3121e97bfbb66 to remote] DEBUG org.asynchttpclient.netty.request.NettyRequestSender - Using open Channel [id: 0xdd8d5e62, L:/127.0.0.1:50125 - R:localhost/127.0.0.1:61956] for GET '/session/1f3f0785555bb878aae3121e97bfbb66/screenshot'
11:58:18.440 [AsyncHttpClient-1-1] DEBUG org.asynchttpclient.netty.channel.DefaultChannelPool - Entry count for : http://localhost:50126 : 1
11:58:18.984 [AsyncHttpClient-1-11] DEBUG org.asynchttpclient.netty.handler.HttpHandler - 

Request DefaultFullHttpRequest(decodeResult: success, version: HTTP/1.1, content: EmptyByteBufBE)
GET /session/1f3f0785555bb878aae3121e97bfbb66/screenshot HTTP/1.1
User-Agent: selenium/4.1.2 (java windows)
Cache-Control: no-cache
Content-Type: application/json; charset=utf-8
host: localhost:61956
accept: */*

Response DefaultHttpResponse(decodeResult: success, version: HTTP/1.1)
HTTP/1.1 200 OK
Content-Type: application/json; charset=utf-8
cache-control: no-cache
content-length: 1350608

11:58:18.989 [AsyncHttpClient-1-11] DEBUG org.asynchttpclient.netty.channel.ChannelManager - Adding key: http://localhost:61956 for channel [id: 0xdd8d5e62, L:/127.0.0.1:50125 - R:localhost/127.0.0.1:61956]
11:58:19.042 [main] DEBUG net.serenitybdd.core.photography.Darkroom - Send negative for processing for target\site\serenity\50f5845b5b5f182cfc59e2541cdd482977fe28e9e5753b2a67db9b35b7a94a64.png
11:58:19.043 [main] DEBUG net.thucydides.core.steps.StepInterceptor - STEP DONE: clickIconAccount
11:58:19.043 [Darkroom Processing Line] DEBUG net.serenitybdd.core.photography.DarkroomProcessingLine - Processing screenshot image in /var/screenshots/screenshot-4435665464135164878
11:58:19.043 [Darkroom Processing Line] DEBUG net.serenitybdd.core.photography.DarkroomProcessingLine - Saving screenshot to target\site\serenity\50f5845b5b5f182cfc59e2541cdd482977fe28e9e5753b2a67db9b35b7a94a64.png
11:58:19.051 [main] DEBUG net.thucydides.core.steps.StepInterceptor - STARTING STEP: LoginStepDefinitions.iAmOnLoginPage - validateLoginFormIsApp
11:58:19.054 [Forwarding findElement on session 1f3f0785555bb878aae3121e97bfbb66 to remote] DEBUG org.asynchttpclient.netty.request.NettyRequestSender - Using pooled Channel '[id: 0xdd8d5e62, L:/127.0.0.1:50125 - R:localhost/127.0.0.1:61956]' for 'POST' to 'http://localhost:61956/session/1f3f0785555bb878aae3121e97bfbb66/element'
11:58:19.054 [Forwarding findElement on session 1f3f0785555bb878aae3121e97bfbb66 to remote] DEBUG org.asynchttpclient.netty.request.NettyRequestSender - Using open Channel [id: 0xdd8d5e62, L:/127.0.0.1:50125 - R:localhost/127.0.0.1:61956] for POST '/session/1f3f0785555bb878aae3121e97bfbb66/element'
11:58:19.074 [AsyncHttpClient-1-11] DEBUG org.asynchttpclient.netty.handler.HttpHandler - 

Request DefaultHttpRequest(decodeResult: success, version: HTTP/1.1)
POST /session/1f3f0785555bb878aae3121e97bfbb66/element HTTP/1.1
User-Agent: selenium/4.1.2 (java windows)
Content-Length: 103
Content-Type: application/json; charset=utf-8
host: localhost:61956
accept: */*

Response DefaultHttpResponse(decodeResult: success, version: HTTP/1.1)
HTTP/1.1 200 OK
Content-Type: application/json; charset=utf-8
cache-control: no-cache
content-length: 88

11:58:19.074 [AsyncHttpClient-1-11] DEBUG org.asynchttpclient.netty.channel.ChannelManager - Adding key: http://localhost:61956 for channel [id: 0xdd8d5e62, L:/127.0.0.1:50125 - R:localhost/127.0.0.1:61956]
11:58:19.079 [Forwarding isElementDisplayed on session 1f3f0785555bb878aae3121e97bfbb66 to remote] DEBUG org.asynchttpclient.netty.request.NettyRequestSender - Using pooled Channel '[id: 0xdd8d5e62, L:/127.0.0.1:50125 - R:localhost/127.0.0.1:61956]' for 'POST' to 'http://localhost:61956/session/1f3f0785555bb878aae3121e97bfbb66/execute/sync'
11:58:19.079 [Forwarding isElementDisplayed on session 1f3f0785555bb878aae3121e97bfbb66 to remote] DEBUG org.asynchttpclient.netty.request.NettyRequestSender - Using open Channel [id: 0xdd8d5e62, L:/127.0.0.1:50125 - R:localhost/127.0.0.1:61956] for POST '/session/1f3f0785555bb878aae3121e97bfbb66/execute/sync'
11:58:19.104 [AsyncHttpClient-1-11] DEBUG org.asynchttpclient.netty.handler.HttpHandler - 

Request DefaultHttpRequest(decodeResult: success, version: HTTP/1.1)
POST /session/1f3f0785555bb878aae3121e97bfbb66/execute/sync HTTP/1.1
User-Agent: selenium/4.1.2 (java windows)
Content-Length: 48780
Content-Type: application/json; charset=utf-8
host: localhost:61956
accept: */*

Response DefaultHttpResponse(decodeResult: success, version: HTTP/1.1)
HTTP/1.1 200 OK
Content-Type: application/json; charset=utf-8
cache-control: no-cache
content-length: 14

11:58:19.104 [AsyncHttpClient-1-11] DEBUG org.asynchttpclient.netty.channel.ChannelManager - Adding key: http://localhost:61956 for channel [id: 0xdd8d5e62, L:/127.0.0.1:50125 - R:localhost/127.0.0.1:61956]
11:58:19.112 [Forwarding screenshot on session 1f3f0785555bb878aae3121e97bfbb66 to remote] DEBUG org.asynchttpclient.netty.request.NettyRequestSender - Using pooled Channel '[id: 0xdd8d5e62, L:/127.0.0.1:50125 - R:localhost/127.0.0.1:61956]' for 'GET' to 'http://localhost:61956/session/1f3f0785555bb878aae3121e97bfbb66/screenshot'
11:58:19.112 [Forwarding screenshot on session 1f3f0785555bb878aae3121e97bfbb66 to remote] DEBUG org.asynchttpclient.netty.request.NettyRequestSender - Using open Channel [id: 0xdd8d5e62, L:/127.0.0.1:50125 - R:localhost/127.0.0.1:61956] for GET '/session/1f3f0785555bb878aae3121e97bfbb66/screenshot'
11:58:19.542 [AsyncHttpClient-1-1] DEBUG org.asynchttpclient.netty.channel.DefaultChannelPool - Entry count for : http://localhost:50126 : 1
11:58:19.568 [AsyncHttpClient-1-11] DEBUG org.asynchttpclient.netty.handler.HttpHandler - 

Request DefaultFullHttpRequest(decodeResult: success, version: HTTP/1.1, content: EmptyByteBufBE)
GET /session/1f3f0785555bb878aae3121e97bfbb66/screenshot HTTP/1.1
User-Agent: selenium/4.1.2 (java windows)
Cache-Control: no-cache
Content-Type: application/json; charset=utf-8
host: localhost:61956
accept: */*

Response DefaultHttpResponse(decodeResult: success, version: HTTP/1.1)
HTTP/1.1 200 OK
Content-Type: application/json; charset=utf-8
cache-control: no-cache
content-length: 503540

11:58:19.570 [AsyncHttpClient-1-11] DEBUG org.asynchttpclient.netty.channel.ChannelManager - Adding key: http://localhost:61956 for channel [id: 0xdd8d5e62, L:/127.0.0.1:50125 - R:localhost/127.0.0.1:61956]
11:58:19.582 [main] DEBUG net.serenitybdd.core.photography.Darkroom - Send negative for processing for target\site\serenity\f50dad4ad00d8a0964ea97b6544e7e6187e10d2febd7460647b21a12e62a8e05.png
11:58:19.583 [main] DEBUG net.thucydides.core.steps.StepInterceptor - STEP DONE: validateLoginFormIsApp
  &amp#27;[32mGiven &amp#27;[0m&amp#27;[32mi am on login page&amp#27;[0m       &amp#27;[90m# starter.stepdefinitions.LoginStepDefinitions.iAmOnLoginPage()&amp#27;[0m
11:58:19.583 [Darkroom Processing Line] DEBUG net.serenitybdd.core.photography.DarkroomProcessingLine - Processing screenshot image in /var/screenshots/screenshot-1898209042983312762
11:58:19.583 [Darkroom Processing Line] DEBUG net.serenitybdd.core.photography.DarkroomProcessingLine - Saving screenshot to target\site\serenity\f50dad4ad00d8a0964ea97b6544e7e6187e10d2febd7460647b21a12e62a8e05.png
11:58:19.607 [main] DEBUG net.thucydides.core.steps.StepInterceptor - STARTING STEP: LoginStepDefinitions.iInputUsername - inputUsername
11:58:19.615 [Forwarding findElement on session 1f3f0785555bb878aae3121e97bfbb66 to remote] DEBUG org.asynchttpclient.netty.request.NettyRequestSender - Using pooled Channel '[id: 0xdd8d5e62, L:/127.0.0.1:50125 - R:localhost/127.0.0.1:61956]' for 'POST' to 'http://localhost:61956/session/1f3f0785555bb878aae3121e97bfbb66/element'
11:58:19.615 [Forwarding findElement on session 1f3f0785555bb878aae3121e97bfbb66 to remote] DEBUG org.asynchttpclient.netty.request.NettyRequestSender - Using open Channel [id: 0xdd8d5e62, L:/127.0.0.1:50125 - R:localhost/127.0.0.1:61956] for POST '/session/1f3f0785555bb878aae3121e97bfbb66/element'
11:58:19.629 [AsyncHttpClient-1-11] DEBUG org.asynchttpclient.netty.handler.HttpHandler - 

Request DefaultHttpRequest(decodeResult: success, version: HTTP/1.1)
POST /session/1f3f0785555bb878aae3121e97bfbb66/element HTTP/1.1
User-Agent: selenium/4.1.2 (java windows)
Content-Length: 53
Content-Type: application/json; charset=utf-8
host: localhost:61956
accept: */*

Response DefaultHttpResponse(decodeResult: success, version: HTTP/1.1)
HTTP/1.1 200 OK
Content-Type: application/json; charset=utf-8
cache-control: no-cache
content-length: 88

11:58:19.630 [AsyncHttpClient-1-11] DEBUG org.asynchttpclient.netty.channel.ChannelManager - Adding key: http://localhost:61956 for channel [id: 0xdd8d5e62, L:/127.0.0.1:50125 - R:localhost/127.0.0.1:61956]
11:58:19.632 [Forwarding clearElement on session 1f3f0785555bb878aae3121e97bfbb66 to remote] DEBUG org.asynchttpclient.netty.request.NettyRequestSender - Using pooled Channel '[id: 0xdd8d5e62, L:/127.0.0.1:50125 - R:localhost/127.0.0.1:61956]' for 'POST' to 'http://localhost:61956/session/1f3f0785555bb878aae3121e97bfbb66/element/30ec16e0-f5e6-4d53-93a5-3b1d01d3bb04/clear'
11:58:19.632 [Forwarding clearElement on session 1f3f0785555bb878aae3121e97bfbb66 to remote] DEBUG org.asynchttpclient.netty.request.NettyRequestSender - Using open Channel [id: 0xdd8d5e62, L:/127.0.0.1:50125 - R:localhost/127.0.0.1:61956] for POST '/session/1f3f0785555bb878aae3121e97bfbb66/element/30ec16e0-f5e6-4d53-93a5-3b1d01d3bb04/clear'
11:58:19.695 [AsyncHttpClient-1-11] DEBUG org.asynchttpclient.netty.handler.HttpHandler - 

Request DefaultHttpRequest(decodeResult: success, version: HTTP/1.1)
POST /session/1f3f0785555bb878aae3121e97bfbb66/element/30ec16e0-f5e6-4d53-93a5-3b1d01d3bb04/clear HTTP/1.1
User-Agent: selenium/4.1.2 (java windows)
Content-Length: 50
Content-Type: application/json; charset=utf-8
host: localhost:61956
accept: */*

Response DefaultHttpResponse(decodeResult: success, version: HTTP/1.1)
HTTP/1.1 200 OK
Content-Type: application/json; charset=utf-8
cache-control: no-cache
content-length: 14

11:58:19.696 [AsyncHttpClient-1-11] DEBUG org.asynchttpclient.netty.channel.ChannelManager - Adding key: http://localhost:61956 for channel [id: 0xdd8d5e62, L:/127.0.0.1:50125 - R:localhost/127.0.0.1:61956]
11:58:19.698 [Forwarding sendKeysToElement on session 1f3f0785555bb878aae3121e97bfbb66 to remote] DEBUG org.asynchttpclient.netty.request.NettyRequestSender - Using pooled Channel '[id: 0xdd8d5e62, L:/127.0.0.1:50125 - R:localhost/127.0.0.1:61956]' for 'POST' to 'http://localhost:61956/session/1f3f0785555bb878aae3121e97bfbb66/element/30ec16e0-f5e6-4d53-93a5-3b1d01d3bb04/value'
11:58:19.698 [Forwarding sendKeysToElement on session 1f3f0785555bb878aae3121e97bfbb66 to remote] DEBUG org.asynchttpclient.netty.request.NettyRequestSender - Using open Channel [id: 0xdd8d5e62, L:/127.0.0.1:50125 - R:localhost/127.0.0.1:61956] for POST '/session/1f3f0785555bb878aae3121e97bfbb66/element/30ec16e0-f5e6-4d53-93a5-3b1d01d3bb04/value'
11:58:19.745 [AsyncHttpClient-1-11] DEBUG org.asynchttpclient.netty.handler.HttpHandler - 

Request DefaultHttpRequest(decodeResult: success, version: HTTP/1.1)
POST /session/1f3f0785555bb878aae3121e97bfbb66/element/30ec16e0-f5e6-4d53-93a5-3b1d01d3bb04/value HTTP/1.1
User-Agent: selenium/4.1.2 (java windows)
Content-Length: 82
Content-Type: application/json; charset=utf-8
host: localhost:61956
accept: */*

Response DefaultHttpResponse(decodeResult: success, version: HTTP/1.1)
HTTP/1.1 200 OK
Content-Type: application/json; charset=utf-8
cache-control: no-cache
content-length: 14

11:58:19.745 [AsyncHttpClient-1-11] DEBUG org.asynchttpclient.netty.channel.ChannelManager - Adding key: http://localhost:61956 for channel [id: 0xdd8d5e62, L:/127.0.0.1:50125 - R:localhost/127.0.0.1:61956]
11:58:19.752 [Forwarding screenshot on session 1f3f0785555bb878aae3121e97bfbb66 to remote] DEBUG org.asynchttpclient.netty.request.NettyRequestSender - Using pooled Channel '[id: 0xdd8d5e62, L:/127.0.0.1:50125 - R:localhost/127.0.0.1:61956]' for 'GET' to 'http://localhost:61956/session/1f3f0785555bb878aae3121e97bfbb66/screenshot'
11:58:19.752 [Forwarding screenshot on session 1f3f0785555bb878aae3121e97bfbb66 to remote] DEBUG org.asynchttpclient.netty.request.NettyRequestSender - Using open Channel [id: 0xdd8d5e62, L:/127.0.0.1:50125 - R:localhost/127.0.0.1:61956] for GET '/session/1f3f0785555bb878aae3121e97bfbb66/screenshot'
11:58:20.087 [AsyncHttpClient-1-11] DEBUG org.asynchttpclient.netty.handler.HttpHandler - 

Request DefaultFullHttpRequest(decodeResult: success, version: HTTP/1.1, content: EmptyByteBufBE)
GET /session/1f3f0785555bb878aae3121e97bfbb66/screenshot HTTP/1.1
User-Agent: selenium/4.1.2 (java windows)
Cache-Control: no-cache
Content-Type: application/json; charset=utf-8
host: localhost:61956
accept: */*

Response DefaultHttpResponse(decodeResult: success, version: HTTP/1.1)
HTTP/1.1 200 OK
Content-Type: application/json; charset=utf-8
cache-control: no-cache
content-length: 507832

11:58:20.087 [AsyncHttpClient-1-11] DEBUG org.asynchttpclient.netty.channel.ChannelManager - Adding key: http://localhost:61956 for channel [id: 0xdd8d5e62, L:/127.0.0.1:50125 - R:localhost/127.0.0.1:61956]
11:58:20.103 [main] DEBUG net.serenitybdd.core.photography.Darkroom - Send negative for processing for target\site\serenity\d56f179e0e12c8c11f3b9855bdc265141ff8b5316785fd02a39d9901aed7542b.png
11:58:20.103 [main] DEBUG net.thucydides.core.steps.StepInterceptor - STEP DONE: inputUsername
  &amp#27;[32mWhen &amp#27;[0m&amp#27;[32mi input &amp#27;[0m&amp#27;[32m&amp#27;[1m""&amp#27;[0m&amp#27;[32m username&amp#27;[0m       &amp#27;[90m# starter.stepdefinitions.LoginStepDefinitions.iInputUsername(java.lang.String)&amp#27;[0m
11:58:20.119 [main] DEBUG net.thucydides.core.steps.StepInterceptor - STARTING STEP: LoginStepDefinitions.iInputPassword - inputPassword
11:58:20.119 [Forwarding findElement on session 1f3f0785555bb878aae3121e97bfbb66 to remote] DEBUG org.asynchttpclient.netty.request.NettyRequestSender - Using pooled Channel '[id: 0xdd8d5e62, L:/127.0.0.1:50125 - R:localhost/127.0.0.1:61956]' for 'POST' to 'http://localhost:61956/session/1f3f0785555bb878aae3121e97bfbb66/element'
11:58:20.119 [Forwarding findElement on session 1f3f0785555bb878aae3121e97bfbb66 to remote] DEBUG org.asynchttpclient.netty.request.NettyRequestSender - Using open Channel [id: 0xdd8d5e62, L:/127.0.0.1:50125 - R:localhost/127.0.0.1:61956] for POST '/session/1f3f0785555bb878aae3121e97bfbb66/element'
11:58:20.141 [AsyncHttpClient-1-11] DEBUG org.asynchttpclient.netty.handler.HttpHandler - 

Request DefaultHttpRequest(decodeResult: success, version: HTTP/1.1)
POST /session/1f3f0785555bb878aae3121e97bfbb66/element HTTP/1.1
User-Agent: selenium/4.1.2 (java windows)
Content-Length: 53
Content-Type: application/json; charset=utf-8
host: localhost:61956
accept: */*

Response DefaultHttpResponse(decodeResult: success, version: HTTP/1.1)
HTTP/1.1 200 OK
Content-Type: application/json; charset=utf-8
cache-control: no-cache
content-length: 88

11:58:20.141 [AsyncHttpClient-1-11] DEBUG org.asynchttpclient.netty.channel.ChannelManager - Adding key: http://localhost:61956 for channel [id: 0xdd8d5e62, L:/127.0.0.1:50125 - R:localhost/127.0.0.1:61956]
11:58:20.141 [Forwarding clearElement on session 1f3f0785555bb878aae3121e97bfbb66 to remote] DEBUG org.asynchttpclient.netty.request.NettyRequestSender - Using pooled Channel '[id: 0xdd8d5e62, L:/127.0.0.1:50125 - R:localhost/127.0.0.1:61956]' for 'POST' to 'http://localhost:61956/session/1f3f0785555bb878aae3121e97bfbb66/element/e7385ae0-1881-4c4f-a2b1-b886404a67c0/clear'
11:58:20.141 [Forwarding clearElement on session 1f3f0785555bb878aae3121e97bfbb66 to remote] DEBUG org.asynchttpclient.netty.request.NettyRequestSender - Using open Channel [id: 0xdd8d5e62, L:/127.0.0.1:50125 - R:localhost/127.0.0.1:61956] for POST '/session/1f3f0785555bb878aae3121e97bfbb66/element/e7385ae0-1881-4c4f-a2b1-b886404a67c0/clear'
11:58:20.175 [AsyncHttpClient-1-11] DEBUG org.asynchttpclient.netty.handler.HttpHandler - 

Request DefaultHttpRequest(decodeResult: success, version: HTTP/1.1)
POST /session/1f3f0785555bb878aae3121e97bfbb66/element/e7385ae0-1881-4c4f-a2b1-b886404a67c0/clear HTTP/1.1
User-Agent: selenium/4.1.2 (java windows)
Content-Length: 50
Content-Type: application/json; charset=utf-8
host: localhost:61956
accept: */*

Response DefaultHttpResponse(decodeResult: success, version: HTTP/1.1)
HTTP/1.1 200 OK
Content-Type: application/json; charset=utf-8
cache-control: no-cache
content-length: 14

11:58:20.175 [AsyncHttpClient-1-11] DEBUG org.asynchttpclient.netty.channel.ChannelManager - Adding key: http://localhost:61956 for channel [id: 0xdd8d5e62, L:/127.0.0.1:50125 - R:localhost/127.0.0.1:61956]
11:58:20.175 [Forwarding sendKeysToElement on session 1f3f0785555bb878aae3121e97bfbb66 to remote] DEBUG org.asynchttpclient.netty.request.NettyRequestSender - Using pooled Channel '[id: 0xdd8d5e62, L:/127.0.0.1:50125 - R:localhost/127.0.0.1:61956]' for 'POST' to 'http://localhost:61956/session/1f3f0785555bb878aae3121e97bfbb66/element/e7385ae0-1881-4c4f-a2b1-b886404a67c0/value'
11:58:20.175 [Forwarding sendKeysToElement on session 1f3f0785555bb878aae3121e97bfbb66 to remote] DEBUG org.asynchttpclient.netty.request.NettyRequestSender - Using open Channel [id: 0xdd8d5e62, L:/127.0.0.1:50125 - R:localhost/127.0.0.1:61956] for POST '/session/1f3f0785555bb878aae3121e97bfbb66/element/e7385ae0-1881-4c4f-a2b1-b886404a67c0/value'
11:58:20.219 [AsyncHttpClient-1-11] DEBUG org.asynchttpclient.netty.handler.HttpHandler - 

Request DefaultHttpRequest(decodeResult: success, version: HTTP/1.1)
POST /session/1f3f0785555bb878aae3121e97bfbb66/element/e7385ae0-1881-4c4f-a2b1-b886404a67c0/value HTTP/1.1
User-Agent: selenium/4.1.2 (java windows)
Content-Length: 82
Content-Type: application/json; charset=utf-8
host: localhost:61956
accept: */*

Response DefaultHttpResponse(decodeResult: success, version: HTTP/1.1)
HTTP/1.1 200 OK
Content-Type: application/json; charset=utf-8
cache-control: no-cache
content-length: 14

11:58:20.219 [AsyncHttpClient-1-11] DEBUG org.asynchttpclient.netty.channel.ChannelManager - Adding key: http://localhost:61956 for channel [id: 0xdd8d5e62, L:/127.0.0.1:50125 - R:localhost/127.0.0.1:61956]
11:58:20.227 [Forwarding screenshot on session 1f3f0785555bb878aae3121e97bfbb66 to remote] DEBUG org.asynchttpclient.netty.request.NettyRequestSender - Using pooled Channel '[id: 0xdd8d5e62, L:/127.0.0.1:50125 - R:localhost/127.0.0.1:61956]' for 'GET' to 'http://localhost:61956/session/1f3f0785555bb878aae3121e97bfbb66/screenshot'
11:58:20.227 [Forwarding screenshot on session 1f3f0785555bb878aae3121e97bfbb66 to remote] DEBUG org.asynchttpclient.netty.request.NettyRequestSender - Using open Channel [id: 0xdd8d5e62, L:/127.0.0.1:50125 - R:localhost/127.0.0.1:61956] for GET '/session/1f3f0785555bb878aae3121e97bfbb66/screenshot'
11:58:20.488 [AsyncHttpClient-1-11] DEBUG org.asynchttpclient.netty.handler.HttpHandler - 

Request DefaultFullHttpRequest(decodeResult: success, version: HTTP/1.1, content: EmptyByteBufBE)
GET /session/1f3f0785555bb878aae3121e97bfbb66/screenshot HTTP/1.1
User-Agent: selenium/4.1.2 (java windows)
Cache-Control: no-cache
Content-Type: application/json; charset=utf-8
host: localhost:61956
accept: */*

Response DefaultHttpResponse(decodeResult: success, version: HTTP/1.1)
HTTP/1.1 200 OK
Content-Type: application/json; charset=utf-8
cache-control: no-cache
content-length: 507764

11:58:20.488 [AsyncHttpClient-1-11] DEBUG org.asynchttpclient.netty.channel.ChannelManager - Adding key: http://localhost:61956 for channel [id: 0xdd8d5e62, L:/127.0.0.1:50125 - R:localhost/127.0.0.1:61956]
11:58:20.488 [main] DEBUG net.serenitybdd.core.photography.Darkroom - Send negative for processing for target\site\serenity\e1a322cf3f887217385db708954ea61822d52fb7dcf7e6b73b46558ed375743b.png
11:58:20.488 [main] DEBUG net.thucydides.core.steps.StepInterceptor - STEP DONE: inputPassword
  &amp#27;[32mAnd &amp#27;[0m&amp#27;[32mi input &amp#27;[0m&amp#27;[32m&amp#27;[1m""&amp#27;[0m&amp#27;[32m password&amp#27;[0m        &amp#27;[90m# starter.stepdefinitions.LoginStepDefinitions.iInputPassword(java.lang.String)&amp#27;[0m
11:58:20.488 [Darkroom Processing Line] DEBUG net.serenitybdd.core.photography.DarkroomProcessingLine - Processing screenshot image in /var/screenshots/screenshot-8892054358752763384
11:58:20.488 [Darkroom Processing Line] DEBUG net.serenitybdd.core.photography.DarkroomProcessingLine - Saving screenshot to target\site\serenity\e1a322cf3f887217385db708954ea61822d52fb7dcf7e6b73b46558ed375743b.png
11:58:20.504 [main] DEBUG net.thucydides.core.steps.StepInterceptor - STARTING STEP: LoginStepDefinitions.clickLoginButton - clickLoginButton
11:58:20.504 [Forwarding findElement on session 1f3f0785555bb878aae3121e97bfbb66 to remote] DEBUG org.asynchttpclient.netty.request.NettyRequestSender - Using pooled Channel '[id: 0xdd8d5e62, L:/127.0.0.1:50125 - R:localhost/127.0.0.1:61956]' for 'POST' to 'http://localhost:61956/session/1f3f0785555bb878aae3121e97bfbb66/element'
11:58:20.504 [Forwarding findElement on session 1f3f0785555bb878aae3121e97bfbb66 to remote] DEBUG org.asynchttpclient.netty.request.NettyRequestSender - Using open Channel [id: 0xdd8d5e62, L:/127.0.0.1:50125 - R:localhost/127.0.0.1:61956] for POST '/session/1f3f0785555bb878aae3121e97bfbb66/element'
11:58:20.519 [AsyncHttpClient-1-11] DEBUG org.asynchttpclient.netty.handler.HttpHandler - 

Request DefaultHttpRequest(decodeResult: success, version: HTTP/1.1)
POST /session/1f3f0785555bb878aae3121e97bfbb66/element HTTP/1.1
User-Agent: selenium/4.1.2 (java windows)
Content-Length: 59
Content-Type: application/json; charset=utf-8
host: localhost:61956
accept: */*

Response DefaultHttpResponse(decodeResult: success, version: HTTP/1.1)
HTTP/1.1 200 OK
Content-Type: application/json; charset=utf-8
cache-control: no-cache
content-length: 88

11:58:20.519 [AsyncHttpClient-1-11] DEBUG org.asynchttpclient.netty.channel.ChannelManager - Adding key: http://localhost:61956 for channel [id: 0xdd8d5e62, L:/127.0.0.1:50125 - R:localhost/127.0.0.1:61956]
11:58:20.519 [Forwarding getElementTagName on session 1f3f0785555bb878aae3121e97bfbb66 to remote] DEBUG org.asynchttpclient.netty.request.NettyRequestSender - Using pooled Channel '[id: 0xdd8d5e62, L:/127.0.0.1:50125 - R:localhost/127.0.0.1:61956]' for 'GET' to 'http://localhost:61956/session/1f3f0785555bb878aae3121e97bfbb66/element/d42e6016-66b5-4b16-8459-c3d4f820dd24/name'
11:58:20.519 [Forwarding getElementTagName on session 1f3f0785555bb878aae3121e97bfbb66 to remote] DEBUG org.asynchttpclient.netty.request.NettyRequestSender - Using open Channel [id: 0xdd8d5e62, L:/127.0.0.1:50125 - R:localhost/127.0.0.1:61956] for GET '/session/1f3f0785555bb878aae3121e97bfbb66/element/d42e6016-66b5-4b16-8459-c3d4f820dd24/name'
11:58:20.529 [AsyncHttpClient-1-11] DEBUG org.asynchttpclient.netty.handler.HttpHandler - 

Request DefaultFullHttpRequest(decodeResult: success, version: HTTP/1.1, content: EmptyByteBufBE)
GET /session/1f3f0785555bb878aae3121e97bfbb66/element/d42e6016-66b5-4b16-8459-c3d4f820dd24/name HTTP/1.1
User-Agent: selenium/4.1.2 (java windows)
Cache-Control: no-cache
Content-Type: application/json; charset=utf-8
host: localhost:61956
accept: */*

Response DefaultHttpResponse(decodeResult: success, version: HTTP/1.1)
HTTP/1.1 200 OK
Content-Type: application/json; charset=utf-8
cache-control: no-cache
content-length: 18

11:58:20.529 [AsyncHttpClient-1-11] DEBUG org.asynchttpclient.netty.channel.ChannelManager - Adding key: http://localhost:61956 for channel [id: 0xdd8d5e62, L:/127.0.0.1:50125 - R:localhost/127.0.0.1:61956]
11:58:20.529 [Forwarding getElementTagName on session 1f3f0785555bb878aae3121e97bfbb66 to remote] DEBUG org.asynchttpclient.netty.request.NettyRequestSender - Using pooled Channel '[id: 0xdd8d5e62, L:/127.0.0.1:50125 - R:localhost/127.0.0.1:61956]' for 'GET' to 'http://localhost:61956/session/1f3f0785555bb878aae3121e97bfbb66/element/d42e6016-66b5-4b16-8459-c3d4f820dd24/name'
11:58:20.529 [Forwarding getElementTagName on session 1f3f0785555bb878aae3121e97bfbb66 to remote] DEBUG org.asynchttpclient.netty.request.NettyRequestSender - Using open Channel [id: 0xdd8d5e62, L:/127.0.0.1:50125 - R:localhost/127.0.0.1:61956] for GET '/session/1f3f0785555bb878aae3121e97bfbb66/element/d42e6016-66b5-4b16-8459-c3d4f820dd24/name'
11:58:20.538 [AsyncHttpClient-1-11] DEBUG org.asynchttpclient.netty.handler.HttpHandler - 

Request DefaultFullHttpRequest(decodeResult: success, version: HTTP/1.1, content: EmptyByteBufBE)
GET /session/1f3f0785555bb878aae3121e97bfbb66/element/d42e6016-66b5-4b16-8459-c3d4f820dd24/name HTTP/1.1
User-Agent: selenium/4.1.2 (java windows)
Cache-Control: no-cache
Content-Type: application/json; charset=utf-8
host: localhost:61956
accept: */*

Response DefaultHttpResponse(decodeResult: success, version: HTTP/1.1)
HTTP/1.1 200 OK
Content-Type: application/json; charset=utf-8
cache-control: no-cache
content-length: 18

11:58:20.538 [AsyncHttpClient-1-11] DEBUG org.asynchttpclient.netty.channel.ChannelManager - Adding key: http://localhost:61956 for channel [id: 0xdd8d5e62, L:/127.0.0.1:50125 - R:localhost/127.0.0.1:61956]
11:58:20.540 [Forwarding isElementEnabled on session 1f3f0785555bb878aae3121e97bfbb66 to remote] DEBUG org.asynchttpclient.netty.request.NettyRequestSender - Using pooled Channel '[id: 0xdd8d5e62, L:/127.0.0.1:50125 - R:localhost/127.0.0.1:61956]' for 'GET' to 'http://localhost:61956/session/1f3f0785555bb878aae3121e97bfbb66/element/d42e6016-66b5-4b16-8459-c3d4f820dd24/enabled'
11:58:20.540 [Forwarding isElementEnabled on session 1f3f0785555bb878aae3121e97bfbb66 to remote] DEBUG org.asynchttpclient.netty.request.NettyRequestSender - Using open Channel [id: 0xdd8d5e62, L:/127.0.0.1:50125 - R:localhost/127.0.0.1:61956] for GET '/session/1f3f0785555bb878aae3121e97bfbb66/element/d42e6016-66b5-4b16-8459-c3d4f820dd24/enabled'
11:58:20.541 [AsyncHttpClient-1-11] DEBUG org.asynchttpclient.netty.handler.HttpHandler - 

Request DefaultFullHttpRequest(decodeResult: success, version: HTTP/1.1, content: EmptyByteBufBE)
GET /session/1f3f0785555bb878aae3121e97bfbb66/element/d42e6016-66b5-4b16-8459-c3d4f820dd24/enabled HTTP/1.1
User-Agent: selenium/4.1.2 (java windows)
Cache-Control: no-cache
Content-Type: application/json; charset=utf-8
host: localhost:61956
accept: */*

Response DefaultHttpResponse(decodeResult: success, version: HTTP/1.1)
HTTP/1.1 200 OK
Content-Type: application/json; charset=utf-8
cache-control: no-cache
content-length: 14

11:58:20.541 [AsyncHttpClient-1-11] DEBUG org.asynchttpclient.netty.channel.ChannelManager - Adding key: http://localhost:61956 for channel [id: 0xdd8d5e62, L:/127.0.0.1:50125 - R:localhost/127.0.0.1:61956]
11:58:20.541 [Forwarding isElementEnabled on session 1f3f0785555bb878aae3121e97bfbb66 to remote] DEBUG org.asynchttpclient.netty.request.NettyRequestSender - Using pooled Channel '[id: 0xdd8d5e62, L:/127.0.0.1:50125 - R:localhost/127.0.0.1:61956]' for 'GET' to 'http://localhost:61956/session/1f3f0785555bb878aae3121e97bfbb66/element/d42e6016-66b5-4b16-8459-c3d4f820dd24/enabled'
11:58:20.541 [Forwarding isElementEnabled on session 1f3f0785555bb878aae3121e97bfbb66 to remote] DEBUG org.asynchttpclient.netty.request.NettyRequestSender - Using open Channel [id: 0xdd8d5e62, L:/127.0.0.1:50125 - R:localhost/127.0.0.1:61956] for GET '/session/1f3f0785555bb878aae3121e97bfbb66/element/d42e6016-66b5-4b16-8459-c3d4f820dd24/enabled'
11:58:20.541 [AsyncHttpClient-1-11] DEBUG org.asynchttpclient.netty.handler.HttpHandler - 

Request DefaultFullHttpRequest(decodeResult: success, version: HTTP/1.1, content: EmptyByteBufBE)
GET /session/1f3f0785555bb878aae3121e97bfbb66/element/d42e6016-66b5-4b16-8459-c3d4f820dd24/enabled HTTP/1.1
User-Agent: selenium/4.1.2 (java windows)
Cache-Control: no-cache
Content-Type: application/json; charset=utf-8
host: localhost:61956
accept: */*

Response DefaultHttpResponse(decodeResult: success, version: HTTP/1.1)
HTTP/1.1 200 OK
Content-Type: application/json; charset=utf-8
cache-control: no-cache
content-length: 14

11:58:20.541 [AsyncHttpClient-1-11] DEBUG org.asynchttpclient.netty.channel.ChannelManager - Adding key: http://localhost:61956 for channel [id: 0xdd8d5e62, L:/127.0.0.1:50125 - R:localhost/127.0.0.1:61956]
11:58:20.557 [Forwarding findElement on session 1f3f0785555bb878aae3121e97bfbb66 to remote] DEBUG org.asynchttpclient.netty.request.NettyRequestSender - Using pooled Channel '[id: 0xdd8d5e62, L:/127.0.0.1:50125 - R:localhost/127.0.0.1:61956]' for 'POST' to 'http://localhost:61956/session/1f3f0785555bb878aae3121e97bfbb66/element'
11:58:20.557 [Forwarding findElement on session 1f3f0785555bb878aae3121e97bfbb66 to remote] DEBUG org.asynchttpclient.netty.request.NettyRequestSender - Using open Channel [id: 0xdd8d5e62, L:/127.0.0.1:50125 - R:localhost/127.0.0.1:61956] for POST '/session/1f3f0785555bb878aae3121e97bfbb66/element'
11:58:20.557 [AsyncHttpClient-1-11] DEBUG org.asynchttpclient.netty.handler.HttpHandler - 

Request DefaultHttpRequest(decodeResult: success, version: HTTP/1.1)
POST /session/1f3f0785555bb878aae3121e97bfbb66/element HTTP/1.1
User-Agent: selenium/4.1.2 (java windows)
Content-Length: 59
Content-Type: application/json; charset=utf-8
host: localhost:61956
accept: */*

Response DefaultHttpResponse(decodeResult: success, version: HTTP/1.1)
HTTP/1.1 200 OK
Content-Type: application/json; charset=utf-8
cache-control: no-cache
content-length: 88

11:58:20.557 [AsyncHttpClient-1-11] DEBUG org.asynchttpclient.netty.channel.ChannelManager - Adding key: http://localhost:61956 for channel [id: 0xdd8d5e62, L:/127.0.0.1:50125 - R:localhost/127.0.0.1:61956]
11:58:20.557 [Forwarding clickElement on session 1f3f0785555bb878aae3121e97bfbb66 to remote] DEBUG org.asynchttpclient.netty.request.NettyRequestSender - Using pooled Channel '[id: 0xdd8d5e62, L:/127.0.0.1:50125 - R:localhost/127.0.0.1:61956]' for 'POST' to 'http://localhost:61956/session/1f3f0785555bb878aae3121e97bfbb66/element/d42e6016-66b5-4b16-8459-c3d4f820dd24/click'
11:58:20.557 [Forwarding clickElement on session 1f3f0785555bb878aae3121e97bfbb66 to remote] DEBUG org.asynchttpclient.netty.request.NettyRequestSender - Using open Channel [id: 0xdd8d5e62, L:/127.0.0.1:50125 - R:localhost/127.0.0.1:61956] for POST '/session/1f3f0785555bb878aae3121e97bfbb66/element/d42e6016-66b5-4b16-8459-c3d4f820dd24/click'
11:58:20.643 [AsyncHttpClient-1-1] DEBUG org.asynchttpclient.netty.channel.DefaultChannelPool - Entry count for : http://localhost:50126 : 1
11:58:21.741 [AsyncHttpClient-1-1] DEBUG org.asynchttpclient.netty.channel.DefaultChannelPool - Entry count for : http://localhost:50126 : 1
11:58:22.842 [AsyncHttpClient-1-1] DEBUG org.asynchttpclient.netty.channel.DefaultChannelPool - Entry count for : http://localhost:50126 : 1
11:58:23.947 [AsyncHttpClient-1-1] DEBUG org.asynchttpclient.netty.channel.DefaultChannelPool - Entry count for : http://localhost:50126 : 1
11:58:24.677 [AsyncHttpClient-1-11] DEBUG org.asynchttpclient.netty.handler.HttpHandler - 

Request DefaultHttpRequest(decodeResult: success, version: HTTP/1.1)
POST /session/1f3f0785555bb878aae3121e97bfbb66/element/d42e6016-66b5-4b16-8459-c3d4f820dd24/click HTTP/1.1
User-Agent: selenium/4.1.2 (java windows)
Content-Length: 50
Content-Type: application/json; charset=utf-8
host: localhost:61956
accept: */*

Response DefaultHttpResponse(decodeResult: success, version: HTTP/1.1)
HTTP/1.1 200 OK
Content-Type: application/json; charset=utf-8
cache-control: no-cache
content-length: 14

11:58:24.677 [AsyncHttpClient-1-11] DEBUG org.asynchttpclient.netty.channel.ChannelManager - Adding key: http://localhost:61956 for channel [id: 0xdd8d5e62, L:/127.0.0.1:50125 - R:localhost/127.0.0.1:61956]
11:58:24.684 [Forwarding screenshot on session 1f3f0785555bb878aae3121e97bfbb66 to remote] DEBUG org.asynchttpclient.netty.request.NettyRequestSender - Using pooled Channel '[id: 0xdd8d5e62, L:/127.0.0.1:50125 - R:localhost/127.0.0.1:61956]' for 'GET' to 'http://localhost:61956/session/1f3f0785555bb878aae3121e97bfbb66/screenshot'
11:58:24.684 [Forwarding screenshot on session 1f3f0785555bb878aae3121e97bfbb66 to remote] DEBUG org.asynchttpclient.netty.request.NettyRequestSender - Using open Channel [id: 0xdd8d5e62, L:/127.0.0.1:50125 - R:localhost/127.0.0.1:61956] for GET '/session/1f3f0785555bb878aae3121e97bfbb66/screenshot'
11:58:25.046 [AsyncHttpClient-1-1] DEBUG org.asynchttpclient.netty.channel.DefaultChannelPool - Entry count for : http://localhost:50126 : 1
11:58:25.233 [AsyncHttpClient-1-11] DEBUG org.asynchttpclient.netty.handler.HttpHandler - 

Request DefaultFullHttpRequest(decodeResult: success, version: HTTP/1.1, content: EmptyByteBufBE)
GET /session/1f3f0785555bb878aae3121e97bfbb66/screenshot HTTP/1.1
User-Agent: selenium/4.1.2 (java windows)
Cache-Control: no-cache
Content-Type: application/json; charset=utf-8
host: localhost:61956
accept: */*

Response DefaultHttpResponse(decodeResult: success, version: HTTP/1.1)
HTTP/1.1 200 OK
Content-Type: application/json; charset=utf-8
cache-control: no-cache
content-length: 1345624

11:58:25.236 [AsyncHttpClient-1-11] DEBUG org.asynchttpclient.netty.channel.ChannelManager - Adding key: http://localhost:61956 for channel [id: 0xdd8d5e62, L:/127.0.0.1:50125 - R:localhost/127.0.0.1:61956]
11:58:25.271 [main] DEBUG net.serenitybdd.core.photography.Darkroom - Send negative for processing for target\site\serenity\2dedb8afd7fcc57adbd09be723f4f7dcf93415fe5619fc6cdc9c2c2a06aa9770.png
11:58:25.272 [main] DEBUG net.thucydides.core.steps.StepInterceptor - STEP DONE: clickLoginButton
  &amp#27;[32mAnd &amp#27;[0m&amp#27;[32mclick login button&amp#27;[0m         &amp#27;[90m# starter.stepdefinitions.LoginStepDefinitions.clickLoginButton()&amp#27;[0m
11:58:25.289 [main] DEBUG net.thucydides.core.steps.StepInterceptor - STARTING STEP: LoginStepDefinitions.iGetThe - validateLoginFormIsApp
11:58:25.292 [Forwarding findElement on session 1f3f0785555bb878aae3121e97bfbb66 to remote] DEBUG org.asynchttpclient.netty.request.NettyRequestSender - Using pooled Channel '[id: 0xdd8d5e62, L:/127.0.0.1:50125 - R:localhost/127.0.0.1:61956]' for 'POST' to 'http://localhost:61956/session/1f3f0785555bb878aae3121e97bfbb66/element'
11:58:25.292 [Forwarding findElement on session 1f3f0785555bb878aae3121e97bfbb66 to remote] DEBUG org.asynchttpclient.netty.request.NettyRequestSender - Using open Channel [id: 0xdd8d5e62, L:/127.0.0.1:50125 - R:localhost/127.0.0.1:61956] for POST '/session/1f3f0785555bb878aae3121e97bfbb66/element'
11:58:25.383 [AsyncHttpClient-1-11] DEBUG org.asynchttpclient.netty.handler.HttpHandler - 

Request DefaultHttpRequest(decodeResult: success, version: HTTP/1.1)
POST /session/1f3f0785555bb878aae3121e97bfbb66/element HTTP/1.1
User-Agent: selenium/4.1.2 (java windows)
Content-Length: 103
Content-Type: application/json; charset=utf-8
host: localhost:61956
accept: */*

Response DefaultHttpResponse(decodeResult: success, version: HTTP/1.1)
HTTP/1.1 200 OK
Content-Type: application/json; charset=utf-8
cache-control: no-cache
content-length: 88

11:58:25.383 [AsyncHttpClient-1-11] DEBUG org.asynchttpclient.netty.channel.ChannelManager - Adding key: http://localhost:61956 for channel [id: 0xdd8d5e62, L:/127.0.0.1:50125 - R:localhost/127.0.0.1:61956]
11:58:25.387 [Forwarding isElementDisplayed on session 1f3f0785555bb878aae3121e97bfbb66 to remote] DEBUG org.asynchttpclient.netty.request.NettyRequestSender - Using pooled Channel '[id: 0xdd8d5e62, L:/127.0.0.1:50125 - R:localhost/127.0.0.1:61956]' for 'POST' to 'http://localhost:61956/session/1f3f0785555bb878aae3121e97bfbb66/execute/sync'
11:58:25.387 [Forwarding isElementDisplayed on session 1f3f0785555bb878aae3121e97bfbb66 to remote] DEBUG org.asynchttpclient.netty.request.NettyRequestSender - Using open Channel [id: 0xdd8d5e62, L:/127.0.0.1:50125 - R:localhost/127.0.0.1:61956] for POST '/session/1f3f0785555bb878aae3121e97bfbb66/execute/sync'
11:58:25.398 [AsyncHttpClient-1-11] DEBUG org.asynchttpclient.netty.handler.HttpHandler - 

Request DefaultHttpRequest(decodeResult: success, version: HTTP/1.1)
POST /session/1f3f0785555bb878aae3121e97bfbb66/execute/sync HTTP/1.1
User-Agent: selenium/4.1.2 (java windows)
Content-Length: 48780
Content-Type: application/json; charset=utf-8
host: localhost:61956
accept: */*

Response DefaultHttpResponse(decodeResult: success, version: HTTP/1.1)
HTTP/1.1 200 OK
Content-Type: application/json; charset=utf-8
cache-control: no-cache
content-length: 15

11:58:25.399 [AsyncHttpClient-1-11] DEBUG org.asynchttpclient.netty.channel.ChannelManager - Adding key: http://localhost:61956 for channel [id: 0xdd8d5e62, L:/127.0.0.1:50125 - R:localhost/127.0.0.1:61956]
11:58:25.403 [Forwarding screenshot on session 1f3f0785555bb878aae3121e97bfbb66 to remote] DEBUG org.asynchttpclient.netty.request.NettyRequestSender - Using pooled Channel '[id: 0xdd8d5e62, L:/127.0.0.1:50125 - R:localhost/127.0.0.1:61956]' for 'GET' to 'http://localhost:61956/session/1f3f0785555bb878aae3121e97bfbb66/screenshot'
11:58:25.403 [Forwarding screenshot on session 1f3f0785555bb878aae3121e97bfbb66 to remote] DEBUG org.asynchttpclient.netty.request.NettyRequestSender - Using open Channel [id: 0xdd8d5e62, L:/127.0.0.1:50125 - R:localhost/127.0.0.1:61956] for GET '/session/1f3f0785555bb878aae3121e97bfbb66/screenshot'
11:58:25.916 [AsyncHttpClient-1-11] DEBUG org.asynchttpclient.netty.handler.HttpHandler - 

Request DefaultFullHttpRequest(decodeResult: success, version: HTTP/1.1, content: EmptyByteBufBE)
GET /session/1f3f0785555bb878aae3121e97bfbb66/screenshot HTTP/1.1
User-Agent: selenium/4.1.2 (java windows)
Cache-Control: no-cache
Content-Type: application/json; charset=utf-8
host: localhost:61956
accept: */*

Response DefaultHttpResponse(decodeResult: success, version: HTTP/1.1)
HTTP/1.1 200 OK
Content-Type: application/json; charset=utf-8
cache-control: no-cache
content-length: 1325532

11:58:25.919 [AsyncHttpClient-1-11] DEBUG org.asynchttpclient.netty.channel.ChannelManager - Adding key: http://localhost:61956 for channel [id: 0xdd8d5e62, L:/127.0.0.1:50125 - R:localhost/127.0.0.1:61956]
11:58:25.945 [main] DEBUG net.serenitybdd.core.photography.Darkroom - Send negative for processing for target\site\serenity\65794b3ff6db9665cc38ba6bbfe311bd18965a8912bd3a704e7af0c6966eb60e.png
11:58:25.945 [main] DEBUG net.thucydides.core.steps.StepInterceptor - STEP DONE: validateLoginFormIsApp
11:58:25.945 [Darkroom Processing Line] DEBUG net.serenitybdd.core.photography.DarkroomProcessingLine - Processing screenshot image in /var/screenshots/screenshot-9736770355236460033
11:58:25.945 [Darkroom Processing Line] DEBUG net.serenitybdd.core.photography.DarkroomProcessingLine - Saving screenshot to target\site\serenity\65794b3ff6db9665cc38ba6bbfe311bd18965a8912bd3a704e7af0c6966eb60e.png
11:58:25.954 [main] DEBUG net.thucydides.core.steps.StepInterceptor - STARTING STEP: LoginStepDefinitions.iGetThe - errorMessageAlert
11:58:25.958 [main] DEBUG net.thucydides.core.steps.StepInterceptor - STEP DONE: errorMessageAlert
  &amp#27;[32mThen &amp#27;[0m&amp#27;[32mi get the &amp#27;[0m&amp#27;[32m&amp#27;[1m"Login Page"&amp#27;[0m    &amp#27;[90m# starter.stepdefinitions.LoginStepDefinitions.iGetThe(java.lang.String)&amp#27;[0m
11:58:25.969 [AsyncHttpClient-1-13] DEBUG org.asynchttpclient.netty.handler.WebSocketHandler - Channel Closed: [id: 0xe8be730c, L:/127.0.0.1:50134 ! R:localhost/127.0.0.1:50126] with attribute NettyResponseFuture{currentRetry=5,
	isDone=1,
	isCancelled=0,
	asyncHandler=org.asynchttpclient.ws.WebSocketUpgradeHandler@7879c22c,
	nettyRequest=org.asynchttpclient.netty.request.NettyRequest@3d7b4347,
	future=java.util.concurrent.CompletableFuture@424fc6fd[Completed normally],
	uri=ws://localhost:50126/devtools/browser/003d18ce-e845-412a-b515-58016466dc45,
	keepAlive=true,
	redirectCount=0,
	timeoutsHolder=null,
	inAuth=0,
	touch=1650949093085}
11:58:25.969 [AsyncHttpClient-1-13] DEBUG org.asynchttpclient.netty.channel.ChannelManager - Closing Channel [id: 0xe8be730c, L:/127.0.0.1:50134 ! R:localhost/127.0.0.1:50126] 
11:58:25.970 [Driver Command Executor] DEBUG org.asynchttpclient.netty.request.NettyRequestSender - Using pooled Channel '[id: 0xdd8d5e62, L:/127.0.0.1:50125 - R:localhost/127.0.0.1:61956]' for 'DELETE' to 'http://localhost:61956/session/1f3f0785555bb878aae3121e97bfbb66'
11:58:25.970 [Driver Command Executor] DEBUG org.asynchttpclient.netty.request.NettyRequestSender - Using open Channel [id: 0xdd8d5e62, L:/127.0.0.1:50125 - R:localhost/127.0.0.1:61956] for DELETE '/session/1f3f0785555bb878aae3121e97bfbb66'
11:58:25.999 [AsyncHttpClient-1-12] DEBUG org.asynchttpclient.netty.handler.HttpHandler - Unexpected I/O exception on channel [id: 0xa833d192, L:/127.0.0.1:50133 - R:localhost/127.0.0.1:50126]
java.net.SocketException: Connection reset
	at java.base/sun.nio.ch.SocketChannelImpl.throwConnectionReset(SocketChannelImpl.java:367)
	at java.base/sun.nio.ch.SocketChannelImpl.read(SocketChannelImpl.java:398)
	at io.netty.buffer.PooledByteBuf.setBytes(PooledByteBuf.java:258)
	at io.netty.buffer.AbstractByteBuf.writeBytes(AbstractByteBuf.java:1132)
	at io.netty.channel.socket.nio.NioSocketChannel.doReadBytes(NioSocketChannel.java:350)
	at io.netty.channel.nio.AbstractNioByteChannel$NioByteUnsafe.read(AbstractNioByteChannel.java:151)
	at io.netty.channel.nio.NioEventLoop.processSelectedKey(NioEventLoop.java:722)
	at io.netty.channel.nio.NioEventLoop.processSelectedKeysOptimized(NioEventLoop.java:658)
	at io.netty.channel.nio.NioEventLoop.processSelectedKeys(NioEventLoop.java:584)
	at io.netty.channel.nio.NioEventLoop.run(NioEventLoop.java:496)
	at io.netty.util.concurrent.SingleThreadEventExecutor$4.run(SingleThreadEventExecutor.java:986)
	at io.netty.util.internal.ThreadExecutorMap$2.run(ThreadExecutorMap.java:74)
	at io.netty.util.concurrent.FastThreadLocalRunnable.run(FastThreadLocalRunnable.java:30)
	at java.base/java.lang.Thread.run(Thread.java:832)
11:58:25.999 [AsyncHttpClient-1-12] DEBUG org.asynchttpclient.netty.channel.ChannelManager - Closing Channel [id: 0xa833d192, L:/127.0.0.1:50133 - R:localhost/127.0.0.1:50126] 
11:58:26.000 [AsyncHttpClient-1-12] DEBUG org.asynchttpclient.netty.handler.HttpHandler - Channel Closed: [id: 0xa833d192, L:/127.0.0.1:50133 ! R:localhost/127.0.0.1:50126] with attribute DISCARD
11:58:26.018 [AsyncHttpClient-1-11] DEBUG org.asynchttpclient.netty.handler.HttpHandler - 

Request DefaultFullHttpRequest(decodeResult: success, version: HTTP/1.1, content: EmptyByteBufBE)
DELETE /session/1f3f0785555bb878aae3121e97bfbb66 HTTP/1.1
User-Agent: selenium/4.1.2 (java windows)
Content-Type: application/json; charset=utf-8
host: localhost:61956
accept: */*

Response DefaultHttpResponse(decodeResult: success, version: HTTP/1.1)
HTTP/1.1 200 OK
Content-Type: application/json; charset=utf-8
cache-control: no-cache
content-length: 14

11:58:26.018 [AsyncHttpClient-1-11] DEBUG org.asynchttpclient.netty.channel.ChannelManager - Adding key: http://localhost:61956 for channel [id: 0xdd8d5e62, L:/127.0.0.1:50125 - R:localhost/127.0.0.1:61956]
11:58:26.146 [AsyncHttpClient-1-1] DEBUG org.asynchttpclient.netty.channel.DefaultChannelPool - Entry count for : http://localhost:50126 : 1
11:58:26.146 [AsyncHttpClient-1-1] DEBUG org.asynchttpclient.netty.channel.DefaultChannelPool - Entry count for : http://localhost:61956 : 1
11:58:26.146 [AsyncHttpClient-1-1] DEBUG org.asynchttpclient.netty.channel.DefaultChannelPool - Adding Candidate expired Channel [id: 0xa833d192, L:/127.0.0.1:50133 ! R:localhost/127.0.0.1:50126] isIdleTimeoutExpired=false isRemotelyClosed=true isTtlExpired=false
11:58:26.146 [AsyncHttpClient-1-1] DEBUG org.asynchttpclient.netty.channel.DefaultChannelPool - Closing Idle Channel [id: 0xa833d192, L:/127.0.0.1:50133 ! R:localhost/127.0.0.1:50126]
11:58:26.146 [AsyncHttpClient-1-1] DEBUG org.asynchttpclient.netty.channel.DefaultChannelPool - Closed 1 connections out of 2 in 0 ms
11:58:26.192 [AsyncHttpClient-1-11] DEBUG org.asynchttpclient.netty.handler.HttpHandler - Channel Closed: [id: 0xdd8d5e62, L:/127.0.0.1:50125 ! R:localhost/127.0.0.1:61956] with attribute DISCARD
]]></system-out>
    <system-err><![CDATA[Starting ChromeDriver 100.0.4896.60 (6a5d10861ce8de5fce22564658033b43cb7de047-refs/branch-heads/4896@{#875}) on port 61956
Only local connections are allowed.
Please see https://chromedriver.chromium.org/security-considerations for suggestions on keeping ChromeDriver safe.
ChromeDriver was started successfully.
Apr 26, 2022 11:58:13 AM org.openqa.selenium.remote.ProtocolHandshake createSession
INFO: Detected dialect: W3C
Apr 26, 2022 11:58:13 AM org.openqa.selenium.devtools.CdpVersionFinder findNearestMatch
WARNING: Unable to find an exact match for CDP version 100, so returning the closest version found: 97
Apr 26, 2022 11:58:13 AM org.openqa.selenium.devtools.CdpVersionFinder findNearestMatch
INFO: Found CDP implementation for version 100 of 97
]]></system-err>
  </testcase>
  <testcase name="Login scenario #5" classname="Login" time="17.622">
    <system-out><![CDATA[
@DDT
Scenario Outline: Login scenario                   &amp#27;[90m# src/test/resources/features/login.feature:30&amp#27;[0m
11:58:26.719 [main] INFO io.cucumber.core.plugin.SerenityReporter - Running feature from file:///D:/PERKULIAHAN/Semester%206,Hebatt%20glad!/Dot-TechnicalTest/src/test/resources/features/login.feature
11:58:26.750 [main] DEBUG net.thucydides.core.steps.StepInterceptor - STARTING STEP: LoginStepDefinitions.iAmOnLoginPage - openUrl
11:58:26.750 [main] INFO net.serenitybdd.core.webdriver.driverproviders.ChromeDriverProvider - Using automatically driver download
11:58:26.854 [main] DEBUG io.github.bonigarcia.wdm.cache.ResolutionCache - Resolution chrome=100 in cache (valid until 12:53:50 26/04/2022 WIB)
11:58:26.870 [main] DEBUG io.github.bonigarcia.wdm.cache.ResolutionCache - Resolution chrome100=100.0.4896.60 in cache (valid until 19:36:13 26/04/2022 WIB)
11:58:26.870 [main] INFO io.github.bonigarcia.wdm.WebDriverManager - Using chromedriver 100.0.4896.60 (resolved driver for Chrome 100)
11:58:26.870 [main] DEBUG io.github.bonigarcia.wdm.WebDriverManager - Driver chromedriver 100.0.4896.60 found in cache
11:58:26.870 [main] INFO io.github.bonigarcia.wdm.WebDriverManager - Exporting webdriver.chrome.driver as C:\Users\ASUS\.cache\selenium\chromedriver\win32\100.0.4896.60\chromedriver.exe
11:58:26.995 [main] DEBUG net.serenitybdd.core.webdriver.driverproviders.ProvideNewDriver - Instantiating driver
11:58:26.995 [main] DEBUG net.serenitybdd.core.webdriver.driverproviders.ProvideNewDriver - Driver capabilities: Capabilities {acceptInsecureCerts: false, base.url: https://www.psegameshop.com/, browserName: chrome, chrome.driver: src/test/resources/webdrive..., driver: chrome, goog:chromeOptions: {args: [], extensions: []}}
11:58:27.250 [AsyncHttpClient-1-1] DEBUG org.asynchttpclient.netty.channel.DefaultChannelPool - Entry count for : http://localhost:61956 : 1
11:58:27.250 [AsyncHttpClient-1-1] DEBUG org.asynchttpclient.netty.channel.DefaultChannelPool - Adding Candidate expired Channel [id: 0xdd8d5e62, L:/127.0.0.1:50125 ! R:localhost/127.0.0.1:61956] isIdleTimeoutExpired=false isRemotelyClosed=true isTtlExpired=false
11:58:27.250 [AsyncHttpClient-1-1] DEBUG org.asynchttpclient.netty.channel.DefaultChannelPool - Closing Idle Channel [id: 0xdd8d5e62, L:/127.0.0.1:50125 ! R:localhost/127.0.0.1:61956]
11:58:27.250 [AsyncHttpClient-1-1] DEBUG org.asynchttpclient.netty.channel.DefaultChannelPool - Closed 1 connections out of 1 in 0 ms
11:58:27.534 [AsyncHttpClient-1-14] DEBUG org.asynchttpclient.netty.channel.NettyConnectListener - Using new Channel '[id: 0x1e55d1c4, L:/127.0.0.1:50197 - R:localhost/127.0.0.1:56722]' for 'POST' to '/session'
11:58:28.517 [AsyncHttpClient-1-14] DEBUG org.asynchttpclient.netty.handler.HttpHandler - 

Request DefaultHttpRequest(decodeResult: success, version: HTTP/1.1)
POST /session HTTP/1.1
User-Agent: selenium/4.1.2 (java windows)
Content-Length: 614
Content-Type: application/json; charset=utf-8
host: localhost:56722
accept: */*

Response DefaultHttpResponse(decodeResult: success, version: HTTP/1.1)
HTTP/1.1 200 OK
Content-Type: application/json; charset=utf-8
cache-control: no-cache
content-length: 790

11:58:28.518 [AsyncHttpClient-1-14] DEBUG org.asynchttpclient.netty.channel.ChannelManager - Adding key: http://localhost:56722 for channel [id: 0x1e55d1c4, L:/127.0.0.1:50197 - R:localhost/127.0.0.1:56722]
11:58:28.524 [AsyncHttpClient-1-15] DEBUG org.asynchttpclient.netty.channel.NettyConnectListener - Using new Channel '[id: 0x37335c96, L:/127.0.0.1:50205 - R:localhost/127.0.0.1:50198]' for 'GET' to '/json/version'
11:58:28.530 [AsyncHttpClient-1-15] DEBUG org.asynchttpclient.netty.handler.HttpHandler - 

Request DefaultFullHttpRequest(decodeResult: success, version: HTTP/1.1, content: EmptyByteBufBE)
GET /json/version HTTP/1.1
User-Agent: selenium/4.1.2 (java windows)
host: localhost:50198
accept: */*

Response DefaultHttpResponse(decodeResult: success, version: HTTP/1.1)
HTTP/1.1 200 OK
Content-Type: application/json; charset=UTF-8
content-length: 429

11:58:28.530 [AsyncHttpClient-1-15] DEBUG org.asynchttpclient.netty.channel.ChannelManager - Adding key: http://localhost:50198 for channel [id: 0x37335c96, L:/127.0.0.1:50205 - R:localhost/127.0.0.1:50198]
11:58:28.532 [AsyncHttpClient-1-16] DEBUG org.asynchttpclient.netty.channel.NettyConnectListener - Using new Channel '[id: 0x4bf09d1a, L:/127.0.0.1:50206 - R:localhost/127.0.0.1:50198]' for 'GET' to '/devtools/browser/87936a2d-2c56-41a1-8ad1-e4c287fcd7e9'
11:58:28.538 [AsyncHttpClient-1-16] DEBUG org.asynchttpclient.netty.handler.WebSocketHandler - 

Request DefaultFullHttpRequest(decodeResult: success, version: HTTP/1.1, content: EmptyByteBufBE)
GET /devtools/browser/87936a2d-2c56-41a1-8ad1-e4c287fcd7e9 HTTP/1.1
upgrade: websocket
connection: upgrade
sec-websocket-key: zb51xC4rcETz6RWAO4zQvQ==
sec-websocket-version: 13
origin: http://localhost:50198
host: localhost:50198
accept: */*
user-agent: AHC/2.1

Response DefaultHttpResponse(decodeResult: success, version: HTTP/1.1)
HTTP/1.1 101 WebSocket Protocol Handshake
Upgrade: WebSocket
Connection: Upgrade
Sec-WebSocket-Accept: 3aXGK6mz1pQ5E0U1wki+nrGDdmY=

11:58:28.538 [Forwarding maximizeCurrentWindow on session dfc2edc8dd1108333c90d85ca45c0453 to remote] DEBUG org.asynchttpclient.netty.request.NettyRequestSender - Using pooled Channel '[id: 0x1e55d1c4, L:/127.0.0.1:50197 - R:localhost/127.0.0.1:56722]' for 'POST' to 'http://localhost:56722/session/dfc2edc8dd1108333c90d85ca45c0453/window/maximize'
11:58:28.538 [Forwarding maximizeCurrentWindow on session dfc2edc8dd1108333c90d85ca45c0453 to remote] DEBUG org.asynchttpclient.netty.request.NettyRequestSender - Using open Channel [id: 0x1e55d1c4, L:/127.0.0.1:50197 - R:localhost/127.0.0.1:56722] for POST '/session/dfc2edc8dd1108333c90d85ca45c0453/window/maximize'
11:58:28.668 [AsyncHttpClient-1-14] DEBUG org.asynchttpclient.netty.handler.HttpHandler - 

Request DefaultHttpRequest(decodeResult: success, version: HTTP/1.1)
POST /session/dfc2edc8dd1108333c90d85ca45c0453/window/maximize HTTP/1.1
User-Agent: selenium/4.1.2 (java windows)
Content-Length: 3
Content-Type: application/json; charset=utf-8
host: localhost:56722
accept: */*

Response DefaultHttpResponse(decodeResult: success, version: HTTP/1.1)
HTTP/1.1 200 OK
Content-Type: application/json; charset=utf-8
cache-control: no-cache
content-length: 51

11:58:28.668 [AsyncHttpClient-1-14] DEBUG org.asynchttpclient.netty.channel.ChannelManager - Adding key: http://localhost:56722 for channel [id: 0x1e55d1c4, L:/127.0.0.1:50197 - R:localhost/127.0.0.1:56722]
11:58:28.668 [Forwarding get on session dfc2edc8dd1108333c90d85ca45c0453 to remote] DEBUG org.asynchttpclient.netty.request.NettyRequestSender - Using pooled Channel '[id: 0x1e55d1c4, L:/127.0.0.1:50197 - R:localhost/127.0.0.1:56722]' for 'POST' to 'http://localhost:56722/session/dfc2edc8dd1108333c90d85ca45c0453/url'
11:58:28.668 [Forwarding get on session dfc2edc8dd1108333c90d85ca45c0453 to remote] DEBUG org.asynchttpclient.netty.request.NettyRequestSender - Using open Channel [id: 0x1e55d1c4, L:/127.0.0.1:50197 - R:localhost/127.0.0.1:56722] for POST '/session/dfc2edc8dd1108333c90d85ca45c0453/url'
11:58:29.447 [AsyncHttpClient-1-1] DEBUG org.asynchttpclient.netty.channel.DefaultChannelPool - Entry count for : http://localhost:50198 : 1
11:58:30.540 [AsyncHttpClient-1-1] DEBUG org.asynchttpclient.netty.channel.DefaultChannelPool - Entry count for : http://localhost:50198 : 1
11:58:31.641 [AsyncHttpClient-1-1] DEBUG org.asynchttpclient.netty.channel.DefaultChannelPool - Entry count for : http://localhost:50198 : 1
11:58:32.740 [AsyncHttpClient-1-1] DEBUG org.asynchttpclient.netty.channel.DefaultChannelPool - Entry count for : http://localhost:50198 : 1
11:58:33.487 [AsyncHttpClient-1-14] DEBUG org.asynchttpclient.netty.handler.HttpHandler - 

Request DefaultHttpRequest(decodeResult: success, version: HTTP/1.1)
POST /session/dfc2edc8dd1108333c90d85ca45c0453/url HTTP/1.1
User-Agent: selenium/4.1.2 (java windows)
Content-Length: 58
Content-Type: application/json; charset=utf-8
host: localhost:56722
accept: */*

Response DefaultHttpResponse(decodeResult: success, version: HTTP/1.1)
HTTP/1.1 200 OK
Content-Type: application/json; charset=utf-8
cache-control: no-cache
content-length: 14

11:58:33.487 [AsyncHttpClient-1-14] DEBUG org.asynchttpclient.netty.channel.ChannelManager - Adding key: http://localhost:56722 for channel [id: 0x1e55d1c4, L:/127.0.0.1:50197 - R:localhost/127.0.0.1:56722]
11:58:33.490 [Forwarding setTimeout on session dfc2edc8dd1108333c90d85ca45c0453 to remote] DEBUG org.asynchttpclient.netty.request.NettyRequestSender - Using pooled Channel '[id: 0x1e55d1c4, L:/127.0.0.1:50197 - R:localhost/127.0.0.1:56722]' for 'POST' to 'http://localhost:56722/session/dfc2edc8dd1108333c90d85ca45c0453/timeouts'
11:58:33.490 [Forwarding setTimeout on session dfc2edc8dd1108333c90d85ca45c0453 to remote] DEBUG org.asynchttpclient.netty.request.NettyRequestSender - Using open Channel [id: 0x1e55d1c4, L:/127.0.0.1:50197 - R:localhost/127.0.0.1:56722] for POST '/session/dfc2edc8dd1108333c90d85ca45c0453/timeouts'
11:58:33.490 [AsyncHttpClient-1-14] DEBUG org.asynchttpclient.netty.handler.HttpHandler - 

Request DefaultHttpRequest(decodeResult: success, version: HTTP/1.1)
POST /session/dfc2edc8dd1108333c90d85ca45c0453/timeouts HTTP/1.1
User-Agent: selenium/4.1.2 (java windows)
Content-Length: 22
Content-Type: application/json; charset=utf-8
host: localhost:56722
accept: */*

Response DefaultHttpResponse(decodeResult: success, version: HTTP/1.1)
HTTP/1.1 200 OK
Content-Type: application/json; charset=utf-8
cache-control: no-cache
content-length: 14

11:58:33.490 [AsyncHttpClient-1-14] DEBUG org.asynchttpclient.netty.channel.ChannelManager - Adding key: http://localhost:56722 for channel [id: 0x1e55d1c4, L:/127.0.0.1:50197 - R:localhost/127.0.0.1:56722]
11:58:33.495 [Forwarding getCurrentUrl on session dfc2edc8dd1108333c90d85ca45c0453 to remote] DEBUG org.asynchttpclient.netty.request.NettyRequestSender - Using pooled Channel '[id: 0x1e55d1c4, L:/127.0.0.1:50197 - R:localhost/127.0.0.1:56722]' for 'GET' to 'http://localhost:56722/session/dfc2edc8dd1108333c90d85ca45c0453/url'
11:58:33.495 [Forwarding getCurrentUrl on session dfc2edc8dd1108333c90d85ca45c0453 to remote] DEBUG org.asynchttpclient.netty.request.NettyRequestSender - Using open Channel [id: 0x1e55d1c4, L:/127.0.0.1:50197 - R:localhost/127.0.0.1:56722] for GET '/session/dfc2edc8dd1108333c90d85ca45c0453/url'
11:58:33.498 [AsyncHttpClient-1-14] DEBUG org.asynchttpclient.netty.handler.HttpHandler - 

Request DefaultFullHttpRequest(decodeResult: success, version: HTTP/1.1, content: EmptyByteBufBE)
GET /session/dfc2edc8dd1108333c90d85ca45c0453/url HTTP/1.1
User-Agent: selenium/4.1.2 (java windows)
Cache-Control: no-cache
Content-Type: application/json; charset=utf-8
host: localhost:56722
accept: */*

Response DefaultHttpResponse(decodeResult: success, version: HTTP/1.1)
HTTP/1.1 200 OK
Content-Type: application/json; charset=utf-8
cache-control: no-cache
content-length: 40

11:58:33.498 [AsyncHttpClient-1-14] DEBUG org.asynchttpclient.netty.channel.ChannelManager - Adding key: http://localhost:56722 for channel [id: 0x1e55d1c4, L:/127.0.0.1:50197 - R:localhost/127.0.0.1:56722]
11:58:33.506 [Forwarding screenshot on session dfc2edc8dd1108333c90d85ca45c0453 to remote] DEBUG org.asynchttpclient.netty.request.NettyRequestSender - Using pooled Channel '[id: 0x1e55d1c4, L:/127.0.0.1:50197 - R:localhost/127.0.0.1:56722]' for 'GET' to 'http://localhost:56722/session/dfc2edc8dd1108333c90d85ca45c0453/screenshot'
11:58:33.506 [Forwarding screenshot on session dfc2edc8dd1108333c90d85ca45c0453 to remote] DEBUG org.asynchttpclient.netty.request.NettyRequestSender - Using open Channel [id: 0x1e55d1c4, L:/127.0.0.1:50197 - R:localhost/127.0.0.1:56722] for GET '/session/dfc2edc8dd1108333c90d85ca45c0453/screenshot'
11:58:33.840 [AsyncHttpClient-1-1] DEBUG org.asynchttpclient.netty.channel.DefaultChannelPool - Entry count for : http://localhost:50198 : 1
11:58:34.122 [AsyncHttpClient-1-14] DEBUG org.asynchttpclient.netty.handler.HttpHandler - 

Request DefaultFullHttpRequest(decodeResult: success, version: HTTP/1.1, content: EmptyByteBufBE)
GET /session/dfc2edc8dd1108333c90d85ca45c0453/screenshot HTTP/1.1
User-Agent: selenium/4.1.2 (java windows)
Cache-Control: no-cache
Content-Type: application/json; charset=utf-8
host: localhost:56722
accept: */*

Response DefaultHttpResponse(decodeResult: success, version: HTTP/1.1)
HTTP/1.1 200 OK
Content-Type: application/json; charset=utf-8
cache-control: no-cache
content-length: 1333104

11:58:34.144 [AsyncHttpClient-1-14] DEBUG org.asynchttpclient.netty.channel.ChannelManager - Adding key: http://localhost:56722 for channel [id: 0x1e55d1c4, L:/127.0.0.1:50197 - R:localhost/127.0.0.1:56722]
11:58:34.181 [main] DEBUG net.serenitybdd.core.photography.Darkroom - Send negative for processing for target\site\serenity\b18e5fa274db3f6f76155d10f1bdbe7918b53b17ea2f0ae669cd3c0a490ae72c.png
11:58:34.181 [main] DEBUG net.thucydides.core.steps.StepInterceptor - STEP DONE: openUrl
11:58:34.182 [Darkroom Processing Line] DEBUG net.serenitybdd.core.photography.DarkroomProcessingLine - Processing screenshot image in /var/screenshots/screenshot-4862955962389584690
11:58:34.182 [Darkroom Processing Line] DEBUG net.serenitybdd.core.photography.DarkroomProcessingLine - Saving screenshot to target\site\serenity\b18e5fa274db3f6f76155d10f1bdbe7918b53b17ea2f0ae669cd3c0a490ae72c.png
11:58:34.188 [main] DEBUG net.thucydides.core.steps.StepInterceptor - STARTING STEP: LoginStepDefinitions.iAmOnLoginPage - validateAccountIsApp
11:58:34.189 [Forwarding findElement on session dfc2edc8dd1108333c90d85ca45c0453 to remote] DEBUG org.asynchttpclient.netty.request.NettyRequestSender - Using pooled Channel '[id: 0x1e55d1c4, L:/127.0.0.1:50197 - R:localhost/127.0.0.1:56722]' for 'POST' to 'http://localhost:56722/session/dfc2edc8dd1108333c90d85ca45c0453/element'
11:58:34.189 [Forwarding findElement on session dfc2edc8dd1108333c90d85ca45c0453 to remote] DEBUG org.asynchttpclient.netty.request.NettyRequestSender - Using open Channel [id: 0x1e55d1c4, L:/127.0.0.1:50197 - R:localhost/127.0.0.1:56722] for POST '/session/dfc2edc8dd1108333c90d85ca45c0453/element'
11:58:34.191 [AsyncHttpClient-1-14] DEBUG org.asynchttpclient.netty.handler.HttpHandler - 

Request DefaultHttpRequest(decodeResult: success, version: HTTP/1.1)
POST /session/dfc2edc8dd1108333c90d85ca45c0453/element HTTP/1.1
User-Agent: selenium/4.1.2 (java windows)
Content-Length: 46
Content-Type: application/json; charset=utf-8
host: localhost:56722
accept: */*

Response DefaultHttpResponse(decodeResult: success, version: HTTP/1.1)
HTTP/1.1 400 Bad Request
Content-Type: application/json; charset=utf-8
cache-control: no-cache
content-length: 958

11:58:34.191 [AsyncHttpClient-1-14] DEBUG org.asynchttpclient.netty.channel.ChannelManager - Adding key: http://localhost:56722 for channel [id: 0x1e55d1c4, L:/127.0.0.1:50197 - R:localhost/127.0.0.1:56722]
11:58:34.196 [Forwarding findElement on session dfc2edc8dd1108333c90d85ca45c0453 to remote] DEBUG org.asynchttpclient.netty.request.NettyRequestSender - Using pooled Channel '[id: 0x1e55d1c4, L:/127.0.0.1:50197 - R:localhost/127.0.0.1:56722]' for 'POST' to 'http://localhost:56722/session/dfc2edc8dd1108333c90d85ca45c0453/element'
11:58:34.196 [Forwarding findElement on session dfc2edc8dd1108333c90d85ca45c0453 to remote] DEBUG org.asynchttpclient.netty.request.NettyRequestSender - Using open Channel [id: 0x1e55d1c4, L:/127.0.0.1:50197 - R:localhost/127.0.0.1:56722] for POST '/session/dfc2edc8dd1108333c90d85ca45c0453/element'
11:58:34.207 [AsyncHttpClient-1-14] DEBUG org.asynchttpclient.netty.handler.HttpHandler - 

Request DefaultHttpRequest(decodeResult: success, version: HTTP/1.1)
POST /session/dfc2edc8dd1108333c90d85ca45c0453/element HTTP/1.1
User-Agent: selenium/4.1.2 (java windows)
Content-Length: 56
Content-Type: application/json; charset=utf-8
host: localhost:56722
accept: */*

Response DefaultHttpResponse(decodeResult: success, version: HTTP/1.1)
HTTP/1.1 200 OK
Content-Type: application/json; charset=utf-8
cache-control: no-cache
content-length: 88

11:58:34.208 [AsyncHttpClient-1-14] DEBUG org.asynchttpclient.netty.channel.ChannelManager - Adding key: http://localhost:56722 for channel [id: 0x1e55d1c4, L:/127.0.0.1:50197 - R:localhost/127.0.0.1:56722]
11:58:34.211 [Forwarding isElementDisplayed on session dfc2edc8dd1108333c90d85ca45c0453 to remote] DEBUG org.asynchttpclient.netty.request.NettyRequestSender - Using pooled Channel '[id: 0x1e55d1c4, L:/127.0.0.1:50197 - R:localhost/127.0.0.1:56722]' for 'POST' to 'http://localhost:56722/session/dfc2edc8dd1108333c90d85ca45c0453/execute/sync'
11:58:34.211 [Forwarding isElementDisplayed on session dfc2edc8dd1108333c90d85ca45c0453 to remote] DEBUG org.asynchttpclient.netty.request.NettyRequestSender - Using open Channel [id: 0x1e55d1c4, L:/127.0.0.1:50197 - R:localhost/127.0.0.1:56722] for POST '/session/dfc2edc8dd1108333c90d85ca45c0453/execute/sync'
11:58:34.227 [AsyncHttpClient-1-14] DEBUG org.asynchttpclient.netty.handler.HttpHandler - 

Request DefaultHttpRequest(decodeResult: success, version: HTTP/1.1)
POST /session/dfc2edc8dd1108333c90d85ca45c0453/execute/sync HTTP/1.1
User-Agent: selenium/4.1.2 (java windows)
Content-Length: 48780
Content-Type: application/json; charset=utf-8
host: localhost:56722
accept: */*

Response DefaultHttpResponse(decodeResult: success, version: HTTP/1.1)
HTTP/1.1 200 OK
Content-Type: application/json; charset=utf-8
cache-control: no-cache
content-length: 14

11:58:34.228 [AsyncHttpClient-1-14] DEBUG org.asynchttpclient.netty.channel.ChannelManager - Adding key: http://localhost:56722 for channel [id: 0x1e55d1c4, L:/127.0.0.1:50197 - R:localhost/127.0.0.1:56722]
11:58:34.234 [Forwarding screenshot on session dfc2edc8dd1108333c90d85ca45c0453 to remote] DEBUG org.asynchttpclient.netty.request.NettyRequestSender - Using pooled Channel '[id: 0x1e55d1c4, L:/127.0.0.1:50197 - R:localhost/127.0.0.1:56722]' for 'GET' to 'http://localhost:56722/session/dfc2edc8dd1108333c90d85ca45c0453/screenshot'
11:58:34.234 [Forwarding screenshot on session dfc2edc8dd1108333c90d85ca45c0453 to remote] DEBUG org.asynchttpclient.netty.request.NettyRequestSender - Using open Channel [id: 0x1e55d1c4, L:/127.0.0.1:50197 - R:localhost/127.0.0.1:56722] for GET '/session/dfc2edc8dd1108333c90d85ca45c0453/screenshot'
11:58:34.723 [AsyncHttpClient-1-14] DEBUG org.asynchttpclient.netty.handler.HttpHandler - 

Request DefaultFullHttpRequest(decodeResult: success, version: HTTP/1.1, content: EmptyByteBufBE)
GET /session/dfc2edc8dd1108333c90d85ca45c0453/screenshot HTTP/1.1
User-Agent: selenium/4.1.2 (java windows)
Cache-Control: no-cache
Content-Type: application/json; charset=utf-8
host: localhost:56722
accept: */*

Response DefaultHttpResponse(decodeResult: success, version: HTTP/1.1)
HTTP/1.1 200 OK
Content-Type: application/json; charset=utf-8
cache-control: no-cache
content-length: 1333112

11:58:34.728 [AsyncHttpClient-1-14] DEBUG org.asynchttpclient.netty.channel.ChannelManager - Adding key: http://localhost:56722 for channel [id: 0x1e55d1c4, L:/127.0.0.1:50197 - R:localhost/127.0.0.1:56722]
11:58:34.766 [main] DEBUG net.serenitybdd.core.photography.Darkroom - Send negative for processing for target\site\serenity\e082a2a4361d7feabfa6d27209c5e3bb1aaf19c3e0967141694ed10516665bc9.png
11:58:34.766 [main] DEBUG net.thucydides.core.steps.StepInterceptor - STEP DONE: validateAccountIsApp
11:58:34.767 [Darkroom Processing Line] DEBUG net.serenitybdd.core.photography.DarkroomProcessingLine - Processing screenshot image in /var/screenshots/screenshot-11368362889163703653
11:58:34.767 [Darkroom Processing Line] DEBUG net.serenitybdd.core.photography.DarkroomProcessingLine - Saving screenshot to target\site\serenity\e082a2a4361d7feabfa6d27209c5e3bb1aaf19c3e0967141694ed10516665bc9.png
11:58:34.774 [main] DEBUG net.thucydides.core.steps.StepInterceptor - STARTING STEP: LoginStepDefinitions.iAmOnLoginPage - clickIconAccount
11:58:34.776 [Forwarding findElement on session dfc2edc8dd1108333c90d85ca45c0453 to remote] DEBUG org.asynchttpclient.netty.request.NettyRequestSender - Using pooled Channel '[id: 0x1e55d1c4, L:/127.0.0.1:50197 - R:localhost/127.0.0.1:56722]' for 'POST' to 'http://localhost:56722/session/dfc2edc8dd1108333c90d85ca45c0453/element'
11:58:34.776 [Forwarding findElement on session dfc2edc8dd1108333c90d85ca45c0453 to remote] DEBUG org.asynchttpclient.netty.request.NettyRequestSender - Using open Channel [id: 0x1e55d1c4, L:/127.0.0.1:50197 - R:localhost/127.0.0.1:56722] for POST '/session/dfc2edc8dd1108333c90d85ca45c0453/element'
11:58:34.783 [AsyncHttpClient-1-14] DEBUG org.asynchttpclient.netty.handler.HttpHandler - 

Request DefaultHttpRequest(decodeResult: success, version: HTTP/1.1)
POST /session/dfc2edc8dd1108333c90d85ca45c0453/element HTTP/1.1
User-Agent: selenium/4.1.2 (java windows)
Content-Length: 56
Content-Type: application/json; charset=utf-8
host: localhost:56722
accept: */*

Response DefaultHttpResponse(decodeResult: success, version: HTTP/1.1)
HTTP/1.1 200 OK
Content-Type: application/json; charset=utf-8
cache-control: no-cache
content-length: 88

11:58:34.783 [AsyncHttpClient-1-14] DEBUG org.asynchttpclient.netty.channel.ChannelManager - Adding key: http://localhost:56722 for channel [id: 0x1e55d1c4, L:/127.0.0.1:50197 - R:localhost/127.0.0.1:56722]
11:58:34.786 [Forwarding getElementTagName on session dfc2edc8dd1108333c90d85ca45c0453 to remote] DEBUG org.asynchttpclient.netty.request.NettyRequestSender - Using pooled Channel '[id: 0x1e55d1c4, L:/127.0.0.1:50197 - R:localhost/127.0.0.1:56722]' for 'GET' to 'http://localhost:56722/session/dfc2edc8dd1108333c90d85ca45c0453/element/775bf09e-2d49-40ae-917b-86cc6180f26f/name'
11:58:34.786 [Forwarding getElementTagName on session dfc2edc8dd1108333c90d85ca45c0453 to remote] DEBUG org.asynchttpclient.netty.request.NettyRequestSender - Using open Channel [id: 0x1e55d1c4, L:/127.0.0.1:50197 - R:localhost/127.0.0.1:56722] for GET '/session/dfc2edc8dd1108333c90d85ca45c0453/element/775bf09e-2d49-40ae-917b-86cc6180f26f/name'
11:58:34.791 [AsyncHttpClient-1-14] DEBUG org.asynchttpclient.netty.handler.HttpHandler - 

Request DefaultFullHttpRequest(decodeResult: success, version: HTTP/1.1, content: EmptyByteBufBE)
GET /session/dfc2edc8dd1108333c90d85ca45c0453/element/775bf09e-2d49-40ae-917b-86cc6180f26f/name HTTP/1.1
User-Agent: selenium/4.1.2 (java windows)
Cache-Control: no-cache
Content-Type: application/json; charset=utf-8
host: localhost:56722
accept: */*

Response DefaultHttpResponse(decodeResult: success, version: HTTP/1.1)
HTTP/1.1 200 OK
Content-Type: application/json; charset=utf-8
cache-control: no-cache
content-length: 13

11:58:34.791 [AsyncHttpClient-1-14] DEBUG org.asynchttpclient.netty.channel.ChannelManager - Adding key: http://localhost:56722 for channel [id: 0x1e55d1c4, L:/127.0.0.1:50197 - R:localhost/127.0.0.1:56722]
11:58:34.791 [Forwarding getElementTagName on session dfc2edc8dd1108333c90d85ca45c0453 to remote] DEBUG org.asynchttpclient.netty.request.NettyRequestSender - Using pooled Channel '[id: 0x1e55d1c4, L:/127.0.0.1:50197 - R:localhost/127.0.0.1:56722]' for 'GET' to 'http://localhost:56722/session/dfc2edc8dd1108333c90d85ca45c0453/element/775bf09e-2d49-40ae-917b-86cc6180f26f/name'
11:58:34.791 [Forwarding getElementTagName on session dfc2edc8dd1108333c90d85ca45c0453 to remote] DEBUG org.asynchttpclient.netty.request.NettyRequestSender - Using open Channel [id: 0x1e55d1c4, L:/127.0.0.1:50197 - R:localhost/127.0.0.1:56722] for GET '/session/dfc2edc8dd1108333c90d85ca45c0453/element/775bf09e-2d49-40ae-917b-86cc6180f26f/name'
11:58:34.795 [AsyncHttpClient-1-14] DEBUG org.asynchttpclient.netty.handler.HttpHandler - 

Request DefaultFullHttpRequest(decodeResult: success, version: HTTP/1.1, content: EmptyByteBufBE)
GET /session/dfc2edc8dd1108333c90d85ca45c0453/element/775bf09e-2d49-40ae-917b-86cc6180f26f/name HTTP/1.1
User-Agent: selenium/4.1.2 (java windows)
Cache-Control: no-cache
Content-Type: application/json; charset=utf-8
host: localhost:56722
accept: */*

Response DefaultHttpResponse(decodeResult: success, version: HTTP/1.1)
HTTP/1.1 200 OK
Content-Type: application/json; charset=utf-8
cache-control: no-cache
content-length: 13

11:58:34.795 [AsyncHttpClient-1-14] DEBUG org.asynchttpclient.netty.channel.ChannelManager - Adding key: http://localhost:56722 for channel [id: 0x1e55d1c4, L:/127.0.0.1:50197 - R:localhost/127.0.0.1:56722]
11:58:34.798 [Forwarding findElement on session dfc2edc8dd1108333c90d85ca45c0453 to remote] DEBUG org.asynchttpclient.netty.request.NettyRequestSender - Using pooled Channel '[id: 0x1e55d1c4, L:/127.0.0.1:50197 - R:localhost/127.0.0.1:56722]' for 'POST' to 'http://localhost:56722/session/dfc2edc8dd1108333c90d85ca45c0453/element'
11:58:34.798 [Forwarding findElement on session dfc2edc8dd1108333c90d85ca45c0453 to remote] DEBUG org.asynchttpclient.netty.request.NettyRequestSender - Using open Channel [id: 0x1e55d1c4, L:/127.0.0.1:50197 - R:localhost/127.0.0.1:56722] for POST '/session/dfc2edc8dd1108333c90d85ca45c0453/element'
11:58:34.805 [AsyncHttpClient-1-14] DEBUG org.asynchttpclient.netty.handler.HttpHandler - 

Request DefaultHttpRequest(decodeResult: success, version: HTTP/1.1)
POST /session/dfc2edc8dd1108333c90d85ca45c0453/element HTTP/1.1
User-Agent: selenium/4.1.2 (java windows)
Content-Length: 56
Content-Type: application/json; charset=utf-8
host: localhost:56722
accept: */*

Response DefaultHttpResponse(decodeResult: success, version: HTTP/1.1)
HTTP/1.1 200 OK
Content-Type: application/json; charset=utf-8
cache-control: no-cache
content-length: 88

11:58:34.805 [AsyncHttpClient-1-14] DEBUG org.asynchttpclient.netty.channel.ChannelManager - Adding key: http://localhost:56722 for channel [id: 0x1e55d1c4, L:/127.0.0.1:50197 - R:localhost/127.0.0.1:56722]
11:58:34.807 [Forwarding clickElement on session dfc2edc8dd1108333c90d85ca45c0453 to remote] DEBUG org.asynchttpclient.netty.request.NettyRequestSender - Using pooled Channel '[id: 0x1e55d1c4, L:/127.0.0.1:50197 - R:localhost/127.0.0.1:56722]' for 'POST' to 'http://localhost:56722/session/dfc2edc8dd1108333c90d85ca45c0453/element/775bf09e-2d49-40ae-917b-86cc6180f26f/click'
11:58:34.807 [Forwarding clickElement on session dfc2edc8dd1108333c90d85ca45c0453 to remote] DEBUG org.asynchttpclient.netty.request.NettyRequestSender - Using open Channel [id: 0x1e55d1c4, L:/127.0.0.1:50197 - R:localhost/127.0.0.1:56722] for POST '/session/dfc2edc8dd1108333c90d85ca45c0453/element/775bf09e-2d49-40ae-917b-86cc6180f26f/click'
11:58:34.915 [AsyncHttpClient-1-14] DEBUG org.asynchttpclient.netty.handler.HttpHandler - 

Request DefaultHttpRequest(decodeResult: success, version: HTTP/1.1)
POST /session/dfc2edc8dd1108333c90d85ca45c0453/element/775bf09e-2d49-40ae-917b-86cc6180f26f/click HTTP/1.1
User-Agent: selenium/4.1.2 (java windows)
Content-Length: 50
Content-Type: application/json; charset=utf-8
host: localhost:56722
accept: */*

Response DefaultHttpResponse(decodeResult: success, version: HTTP/1.1)
HTTP/1.1 200 OK
Content-Type: application/json; charset=utf-8
cache-control: no-cache
content-length: 14

11:58:34.915 [AsyncHttpClient-1-14] DEBUG org.asynchttpclient.netty.channel.ChannelManager - Adding key: http://localhost:56722 for channel [id: 0x1e55d1c4, L:/127.0.0.1:50197 - R:localhost/127.0.0.1:56722]
11:58:34.923 [Forwarding screenshot on session dfc2edc8dd1108333c90d85ca45c0453 to remote] DEBUG org.asynchttpclient.netty.request.NettyRequestSender - Using pooled Channel '[id: 0x1e55d1c4, L:/127.0.0.1:50197 - R:localhost/127.0.0.1:56722]' for 'GET' to 'http://localhost:56722/session/dfc2edc8dd1108333c90d85ca45c0453/screenshot'
11:58:34.923 [Forwarding screenshot on session dfc2edc8dd1108333c90d85ca45c0453 to remote] DEBUG org.asynchttpclient.netty.request.NettyRequestSender - Using open Channel [id: 0x1e55d1c4, L:/127.0.0.1:50197 - R:localhost/127.0.0.1:56722] for GET '/session/dfc2edc8dd1108333c90d85ca45c0453/screenshot'
11:58:34.940 [AsyncHttpClient-1-1] DEBUG org.asynchttpclient.netty.channel.DefaultChannelPool - Entry count for : http://localhost:50198 : 1
11:58:35.708 [AsyncHttpClient-1-14] DEBUG org.asynchttpclient.netty.handler.HttpHandler - 

Request DefaultFullHttpRequest(decodeResult: success, version: HTTP/1.1, content: EmptyByteBufBE)
GET /session/dfc2edc8dd1108333c90d85ca45c0453/screenshot HTTP/1.1
User-Agent: selenium/4.1.2 (java windows)
Cache-Control: no-cache
Content-Type: application/json; charset=utf-8
host: localhost:56722
accept: */*

Response DefaultHttpResponse(decodeResult: success, version: HTTP/1.1)
HTTP/1.1 200 OK
Content-Type: application/json; charset=utf-8
cache-control: no-cache
content-length: 1333072

11:58:35.713 [AsyncHttpClient-1-14] DEBUG org.asynchttpclient.netty.channel.ChannelManager - Adding key: http://localhost:56722 for channel [id: 0x1e55d1c4, L:/127.0.0.1:50197 - R:localhost/127.0.0.1:56722]
11:58:35.747 [main] DEBUG net.serenitybdd.core.photography.Darkroom - Send negative for processing for target\site\serenity\ac1f6ed3308d2ea4a8631840393dc69ab3f48812d71370bfea8d7938f7b23b63.png
11:58:35.747 [main] DEBUG net.thucydides.core.steps.StepInterceptor - STEP DONE: clickIconAccount
11:58:35.747 [Darkroom Processing Line] DEBUG net.serenitybdd.core.photography.DarkroomProcessingLine - Processing screenshot image in /var/screenshots/screenshot-9677499828259267077
11:58:35.747 [Darkroom Processing Line] DEBUG net.serenitybdd.core.photography.DarkroomProcessingLine - Saving screenshot to target\site\serenity\ac1f6ed3308d2ea4a8631840393dc69ab3f48812d71370bfea8d7938f7b23b63.png
11:58:35.765 [main] DEBUG net.thucydides.core.steps.StepInterceptor - STARTING STEP: LoginStepDefinitions.iAmOnLoginPage - validateLoginFormIsApp
11:58:35.768 [Forwarding findElement on session dfc2edc8dd1108333c90d85ca45c0453 to remote] DEBUG org.asynchttpclient.netty.request.NettyRequestSender - Using pooled Channel '[id: 0x1e55d1c4, L:/127.0.0.1:50197 - R:localhost/127.0.0.1:56722]' for 'POST' to 'http://localhost:56722/session/dfc2edc8dd1108333c90d85ca45c0453/element'
11:58:35.769 [Forwarding findElement on session dfc2edc8dd1108333c90d85ca45c0453 to remote] DEBUG org.asynchttpclient.netty.request.NettyRequestSender - Using open Channel [id: 0x1e55d1c4, L:/127.0.0.1:50197 - R:localhost/127.0.0.1:56722] for POST '/session/dfc2edc8dd1108333c90d85ca45c0453/element'
11:58:35.804 [AsyncHttpClient-1-14] DEBUG org.asynchttpclient.netty.handler.HttpHandler - 

Request DefaultHttpRequest(decodeResult: success, version: HTTP/1.1)
POST /session/dfc2edc8dd1108333c90d85ca45c0453/element HTTP/1.1
User-Agent: selenium/4.1.2 (java windows)
Content-Length: 103
Content-Type: application/json; charset=utf-8
host: localhost:56722
accept: */*

Response DefaultHttpResponse(decodeResult: success, version: HTTP/1.1)
HTTP/1.1 200 OK
Content-Type: application/json; charset=utf-8
cache-control: no-cache
content-length: 88

11:58:35.805 [AsyncHttpClient-1-14] DEBUG org.asynchttpclient.netty.channel.ChannelManager - Adding key: http://localhost:56722 for channel [id: 0x1e55d1c4, L:/127.0.0.1:50197 - R:localhost/127.0.0.1:56722]
11:58:35.811 [Forwarding isElementDisplayed on session dfc2edc8dd1108333c90d85ca45c0453 to remote] DEBUG org.asynchttpclient.netty.request.NettyRequestSender - Using pooled Channel '[id: 0x1e55d1c4, L:/127.0.0.1:50197 - R:localhost/127.0.0.1:56722]' for 'POST' to 'http://localhost:56722/session/dfc2edc8dd1108333c90d85ca45c0453/execute/sync'
11:58:35.811 [Forwarding isElementDisplayed on session dfc2edc8dd1108333c90d85ca45c0453 to remote] DEBUG org.asynchttpclient.netty.request.NettyRequestSender - Using open Channel [id: 0x1e55d1c4, L:/127.0.0.1:50197 - R:localhost/127.0.0.1:56722] for POST '/session/dfc2edc8dd1108333c90d85ca45c0453/execute/sync'
11:58:35.840 [AsyncHttpClient-1-14] DEBUG org.asynchttpclient.netty.handler.HttpHandler - 

Request DefaultHttpRequest(decodeResult: success, version: HTTP/1.1)
POST /session/dfc2edc8dd1108333c90d85ca45c0453/execute/sync HTTP/1.1
User-Agent: selenium/4.1.2 (java windows)
Content-Length: 48780
Content-Type: application/json; charset=utf-8
host: localhost:56722
accept: */*

Response DefaultHttpResponse(decodeResult: success, version: HTTP/1.1)
HTTP/1.1 200 OK
Content-Type: application/json; charset=utf-8
cache-control: no-cache
content-length: 14

11:58:35.840 [AsyncHttpClient-1-14] DEBUG org.asynchttpclient.netty.channel.ChannelManager - Adding key: http://localhost:56722 for channel [id: 0x1e55d1c4, L:/127.0.0.1:50197 - R:localhost/127.0.0.1:56722]
11:58:35.848 [Forwarding screenshot on session dfc2edc8dd1108333c90d85ca45c0453 to remote] DEBUG org.asynchttpclient.netty.request.NettyRequestSender - Using pooled Channel '[id: 0x1e55d1c4, L:/127.0.0.1:50197 - R:localhost/127.0.0.1:56722]' for 'GET' to 'http://localhost:56722/session/dfc2edc8dd1108333c90d85ca45c0453/screenshot'
11:58:35.849 [Forwarding screenshot on session dfc2edc8dd1108333c90d85ca45c0453 to remote] DEBUG org.asynchttpclient.netty.request.NettyRequestSender - Using open Channel [id: 0x1e55d1c4, L:/127.0.0.1:50197 - R:localhost/127.0.0.1:56722] for GET '/session/dfc2edc8dd1108333c90d85ca45c0453/screenshot'
11:58:36.041 [AsyncHttpClient-1-1] DEBUG org.asynchttpclient.netty.channel.DefaultChannelPool - Entry count for : http://localhost:50198 : 1
11:58:36.449 [AsyncHttpClient-1-14] DEBUG org.asynchttpclient.netty.handler.HttpHandler - 

Request DefaultFullHttpRequest(decodeResult: success, version: HTTP/1.1, content: EmptyByteBufBE)
GET /session/dfc2edc8dd1108333c90d85ca45c0453/screenshot HTTP/1.1
User-Agent: selenium/4.1.2 (java windows)
Cache-Control: no-cache
Content-Type: application/json; charset=utf-8
host: localhost:56722
accept: */*

Response DefaultHttpResponse(decodeResult: success, version: HTTP/1.1)
HTTP/1.1 200 OK
Content-Type: application/json; charset=utf-8
cache-control: no-cache
content-length: 502592

11:58:36.451 [AsyncHttpClient-1-14] DEBUG org.asynchttpclient.netty.channel.ChannelManager - Adding key: http://localhost:56722 for channel [id: 0x1e55d1c4, L:/127.0.0.1:50197 - R:localhost/127.0.0.1:56722]
11:58:36.464 [main] DEBUG net.serenitybdd.core.photography.Darkroom - Send negative for processing for target\site\serenity\0cca3334d80dbde22bb2674c2e13038a0554ffcfb7cab555f6c5ee5130628fc0.png
11:58:36.465 [main] DEBUG net.thucydides.core.steps.StepInterceptor - STEP DONE: validateLoginFormIsApp
  &amp#27;[32mGiven &amp#27;[0m&amp#27;[32mi am on login page&amp#27;[0m                         &amp#27;[90m# starter.stepdefinitions.LoginStepDefinitions.iAmOnLoginPage()&amp#27;[0m
11:58:36.465 [Darkroom Processing Line] DEBUG net.serenitybdd.core.photography.DarkroomProcessingLine - Processing screenshot image in /var/screenshots/screenshot-7369584170425306801
11:58:36.465 [Darkroom Processing Line] DEBUG net.serenitybdd.core.photography.DarkroomProcessingLine - Saving screenshot to target\site\serenity\0cca3334d80dbde22bb2674c2e13038a0554ffcfb7cab555f6c5ee5130628fc0.png
11:58:36.499 [main] DEBUG net.thucydides.core.steps.StepInterceptor - STARTING STEP: LoginStepDefinitions.iInputUsername - inputUsername
11:58:36.506 [Forwarding findElement on session dfc2edc8dd1108333c90d85ca45c0453 to remote] DEBUG org.asynchttpclient.netty.request.NettyRequestSender - Using pooled Channel '[id: 0x1e55d1c4, L:/127.0.0.1:50197 - R:localhost/127.0.0.1:56722]' for 'POST' to 'http://localhost:56722/session/dfc2edc8dd1108333c90d85ca45c0453/element'
11:58:36.506 [Forwarding findElement on session dfc2edc8dd1108333c90d85ca45c0453 to remote] DEBUG org.asynchttpclient.netty.request.NettyRequestSender - Using open Channel [id: 0x1e55d1c4, L:/127.0.0.1:50197 - R:localhost/127.0.0.1:56722] for POST '/session/dfc2edc8dd1108333c90d85ca45c0453/element'
11:58:36.543 [AsyncHttpClient-1-14] DEBUG org.asynchttpclient.netty.handler.HttpHandler - 

Request DefaultHttpRequest(decodeResult: success, version: HTTP/1.1)
POST /session/dfc2edc8dd1108333c90d85ca45c0453/element HTTP/1.1
User-Agent: selenium/4.1.2 (java windows)
Content-Length: 53
Content-Type: application/json; charset=utf-8
host: localhost:56722
accept: */*

Response DefaultHttpResponse(decodeResult: success, version: HTTP/1.1)
HTTP/1.1 200 OK
Content-Type: application/json; charset=utf-8
cache-control: no-cache
content-length: 88

11:58:36.544 [AsyncHttpClient-1-14] DEBUG org.asynchttpclient.netty.channel.ChannelManager - Adding key: http://localhost:56722 for channel [id: 0x1e55d1c4, L:/127.0.0.1:50197 - R:localhost/127.0.0.1:56722]
11:58:36.546 [Forwarding clearElement on session dfc2edc8dd1108333c90d85ca45c0453 to remote] DEBUG org.asynchttpclient.netty.request.NettyRequestSender - Using pooled Channel '[id: 0x1e55d1c4, L:/127.0.0.1:50197 - R:localhost/127.0.0.1:56722]' for 'POST' to 'http://localhost:56722/session/dfc2edc8dd1108333c90d85ca45c0453/element/07aa38c9-3a01-4738-88dc-c082bf2f809b/clear'
11:58:36.546 [Forwarding clearElement on session dfc2edc8dd1108333c90d85ca45c0453 to remote] DEBUG org.asynchttpclient.netty.request.NettyRequestSender - Using open Channel [id: 0x1e55d1c4, L:/127.0.0.1:50197 - R:localhost/127.0.0.1:56722] for POST '/session/dfc2edc8dd1108333c90d85ca45c0453/element/07aa38c9-3a01-4738-88dc-c082bf2f809b/clear'
11:58:36.591 [AsyncHttpClient-1-14] DEBUG org.asynchttpclient.netty.handler.HttpHandler - 

Request DefaultHttpRequest(decodeResult: success, version: HTTP/1.1)
POST /session/dfc2edc8dd1108333c90d85ca45c0453/element/07aa38c9-3a01-4738-88dc-c082bf2f809b/clear HTTP/1.1
User-Agent: selenium/4.1.2 (java windows)
Content-Length: 50
Content-Type: application/json; charset=utf-8
host: localhost:56722
accept: */*

Response DefaultHttpResponse(decodeResult: success, version: HTTP/1.1)
HTTP/1.1 200 OK
Content-Type: application/json; charset=utf-8
cache-control: no-cache
content-length: 14

11:58:36.591 [AsyncHttpClient-1-14] DEBUG org.asynchttpclient.netty.channel.ChannelManager - Adding key: http://localhost:56722 for channel [id: 0x1e55d1c4, L:/127.0.0.1:50197 - R:localhost/127.0.0.1:56722]
11:58:36.594 [Forwarding sendKeysToElement on session dfc2edc8dd1108333c90d85ca45c0453 to remote] DEBUG org.asynchttpclient.netty.request.NettyRequestSender - Using pooled Channel '[id: 0x1e55d1c4, L:/127.0.0.1:50197 - R:localhost/127.0.0.1:56722]' for 'POST' to 'http://localhost:56722/session/dfc2edc8dd1108333c90d85ca45c0453/element/07aa38c9-3a01-4738-88dc-c082bf2f809b/value'
11:58:36.594 [Forwarding sendKeysToElement on session dfc2edc8dd1108333c90d85ca45c0453 to remote] DEBUG org.asynchttpclient.netty.request.NettyRequestSender - Using open Channel [id: 0x1e55d1c4, L:/127.0.0.1:50197 - R:localhost/127.0.0.1:56722] for POST '/session/dfc2edc8dd1108333c90d85ca45c0453/element/07aa38c9-3a01-4738-88dc-c082bf2f809b/value'
11:58:36.821 [AsyncHttpClient-1-14] DEBUG org.asynchttpclient.netty.handler.HttpHandler - 

Request DefaultHttpRequest(decodeResult: success, version: HTTP/1.1)
POST /session/dfc2edc8dd1108333c90d85ca45c0453/element/07aa38c9-3a01-4738-88dc-c082bf2f809b/value HTTP/1.1
User-Agent: selenium/4.1.2 (java windows)
Content-Length: 321
Content-Type: application/json; charset=utf-8
host: localhost:56722
accept: */*

Response DefaultHttpResponse(decodeResult: success, version: HTTP/1.1)
HTTP/1.1 200 OK
Content-Type: application/json; charset=utf-8
cache-control: no-cache
content-length: 14

11:58:36.821 [AsyncHttpClient-1-14] DEBUG org.asynchttpclient.netty.channel.ChannelManager - Adding key: http://localhost:56722 for channel [id: 0x1e55d1c4, L:/127.0.0.1:50197 - R:localhost/127.0.0.1:56722]
11:58:36.832 [Forwarding screenshot on session dfc2edc8dd1108333c90d85ca45c0453 to remote] DEBUG org.asynchttpclient.netty.request.NettyRequestSender - Using pooled Channel '[id: 0x1e55d1c4, L:/127.0.0.1:50197 - R:localhost/127.0.0.1:56722]' for 'GET' to 'http://localhost:56722/session/dfc2edc8dd1108333c90d85ca45c0453/screenshot'
11:58:36.832 [Forwarding screenshot on session dfc2edc8dd1108333c90d85ca45c0453 to remote] DEBUG org.asynchttpclient.netty.request.NettyRequestSender - Using open Channel [id: 0x1e55d1c4, L:/127.0.0.1:50197 - R:localhost/127.0.0.1:56722] for GET '/session/dfc2edc8dd1108333c90d85ca45c0453/screenshot'
11:58:37.097 [AsyncHttpClient-1-14] DEBUG org.asynchttpclient.netty.handler.HttpHandler - 

Request DefaultFullHttpRequest(decodeResult: success, version: HTTP/1.1, content: EmptyByteBufBE)
GET /session/dfc2edc8dd1108333c90d85ca45c0453/screenshot HTTP/1.1
User-Agent: selenium/4.1.2 (java windows)
Cache-Control: no-cache
Content-Type: application/json; charset=utf-8
host: localhost:56722
accept: */*

Response DefaultHttpResponse(decodeResult: success, version: HTTP/1.1)
HTTP/1.1 200 OK
Content-Type: application/json; charset=utf-8
cache-control: no-cache
content-length: 516828

11:58:37.097 [AsyncHttpClient-1-14] DEBUG org.asynchttpclient.netty.channel.ChannelManager - Adding key: http://localhost:56722 for channel [id: 0x1e55d1c4, L:/127.0.0.1:50197 - R:localhost/127.0.0.1:56722]
11:58:37.110 [main] DEBUG net.serenitybdd.core.photography.Darkroom - Send negative for processing for target\site\serenity\717920784d6414bdc9f27901508973e1046ebc134f98cdbd0009918931dde2a1.png
11:58:37.110 [main] DEBUG net.thucydides.core.steps.StepInterceptor - STEP DONE: inputUsername
  &amp#27;[32mWhen &amp#27;[0m&amp#27;[32mi input &amp#27;[0m&amp#27;[32m&amp#27;[1m"dummyforta2022@gmail.com"&amp#27;[0m&amp#27;[32m username&amp#27;[0m &amp#27;[90m# starter.stepdefinitions.LoginStepDefinitions.iInputUsername(java.lang.String)&amp#27;[0m
11:58:37.110 [Darkroom Processing Line] DEBUG net.serenitybdd.core.photography.DarkroomProcessingLine - Processing screenshot image in /var/screenshots/screenshot-18430418627552283018
11:58:37.110 [Darkroom Processing Line] DEBUG net.serenitybdd.core.photography.DarkroomProcessingLine - Saving screenshot to target\site\serenity\717920784d6414bdc9f27901508973e1046ebc134f98cdbd0009918931dde2a1.png
11:58:37.125 [main] DEBUG net.thucydides.core.steps.StepInterceptor - STARTING STEP: LoginStepDefinitions.iInputPassword - inputPassword
11:58:37.127 [Forwarding findElement on session dfc2edc8dd1108333c90d85ca45c0453 to remote] DEBUG org.asynchttpclient.netty.request.NettyRequestSender - Using pooled Channel '[id: 0x1e55d1c4, L:/127.0.0.1:50197 - R:localhost/127.0.0.1:56722]' for 'POST' to 'http://localhost:56722/session/dfc2edc8dd1108333c90d85ca45c0453/element'
11:58:37.127 [Forwarding findElement on session dfc2edc8dd1108333c90d85ca45c0453 to remote] DEBUG org.asynchttpclient.netty.request.NettyRequestSender - Using open Channel [id: 0x1e55d1c4, L:/127.0.0.1:50197 - R:localhost/127.0.0.1:56722] for POST '/session/dfc2edc8dd1108333c90d85ca45c0453/element'
11:58:37.140 [AsyncHttpClient-1-1] DEBUG org.asynchttpclient.netty.channel.DefaultChannelPool - Entry count for : http://localhost:50198 : 1
11:58:37.140 [AsyncHttpClient-1-14] DEBUG org.asynchttpclient.netty.handler.HttpHandler - 

Request DefaultHttpRequest(decodeResult: success, version: HTTP/1.1)
POST /session/dfc2edc8dd1108333c90d85ca45c0453/element HTTP/1.1
User-Agent: selenium/4.1.2 (java windows)
Content-Length: 53
Content-Type: application/json; charset=utf-8
host: localhost:56722
accept: */*

Response DefaultHttpResponse(decodeResult: success, version: HTTP/1.1)
HTTP/1.1 200 OK
Content-Type: application/json; charset=utf-8
cache-control: no-cache
content-length: 88

11:58:37.140 [AsyncHttpClient-1-14] DEBUG org.asynchttpclient.netty.channel.ChannelManager - Adding key: http://localhost:56722 for channel [id: 0x1e55d1c4, L:/127.0.0.1:50197 - R:localhost/127.0.0.1:56722]
11:58:37.142 [Forwarding clearElement on session dfc2edc8dd1108333c90d85ca45c0453 to remote] DEBUG org.asynchttpclient.netty.request.NettyRequestSender - Using pooled Channel '[id: 0x1e55d1c4, L:/127.0.0.1:50197 - R:localhost/127.0.0.1:56722]' for 'POST' to 'http://localhost:56722/session/dfc2edc8dd1108333c90d85ca45c0453/element/f9cf7617-b8ba-45a0-8da6-4591b6508f93/clear'
11:58:37.142 [Forwarding clearElement on session dfc2edc8dd1108333c90d85ca45c0453 to remote] DEBUG org.asynchttpclient.netty.request.NettyRequestSender - Using open Channel [id: 0x1e55d1c4, L:/127.0.0.1:50197 - R:localhost/127.0.0.1:56722] for POST '/session/dfc2edc8dd1108333c90d85ca45c0453/element/f9cf7617-b8ba-45a0-8da6-4591b6508f93/clear'
11:58:37.178 [AsyncHttpClient-1-14] DEBUG org.asynchttpclient.netty.handler.HttpHandler - 

Request DefaultHttpRequest(decodeResult: success, version: HTTP/1.1)
POST /session/dfc2edc8dd1108333c90d85ca45c0453/element/f9cf7617-b8ba-45a0-8da6-4591b6508f93/clear HTTP/1.1
User-Agent: selenium/4.1.2 (java windows)
Content-Length: 50
Content-Type: application/json; charset=utf-8
host: localhost:56722
accept: */*

Response DefaultHttpResponse(decodeResult: success, version: HTTP/1.1)
HTTP/1.1 200 OK
Content-Type: application/json; charset=utf-8
cache-control: no-cache
content-length: 14

11:58:37.178 [AsyncHttpClient-1-14] DEBUG org.asynchttpclient.netty.channel.ChannelManager - Adding key: http://localhost:56722 for channel [id: 0x1e55d1c4, L:/127.0.0.1:50197 - R:localhost/127.0.0.1:56722]
11:58:37.181 [Forwarding sendKeysToElement on session dfc2edc8dd1108333c90d85ca45c0453 to remote] DEBUG org.asynchttpclient.netty.request.NettyRequestSender - Using pooled Channel '[id: 0x1e55d1c4, L:/127.0.0.1:50197 - R:localhost/127.0.0.1:56722]' for 'POST' to 'http://localhost:56722/session/dfc2edc8dd1108333c90d85ca45c0453/element/f9cf7617-b8ba-45a0-8da6-4591b6508f93/value'
11:58:37.181 [Forwarding sendKeysToElement on session dfc2edc8dd1108333c90d85ca45c0453 to remote] DEBUG org.asynchttpclient.netty.request.NettyRequestSender - Using open Channel [id: 0x1e55d1c4, L:/127.0.0.1:50197 - R:localhost/127.0.0.1:56722] for POST '/session/dfc2edc8dd1108333c90d85ca45c0453/element/f9cf7617-b8ba-45a0-8da6-4591b6508f93/value'
11:58:37.328 [AsyncHttpClient-1-14] DEBUG org.asynchttpclient.netty.handler.HttpHandler - 

Request DefaultHttpRequest(decodeResult: success, version: HTTP/1.1)
POST /session/dfc2edc8dd1108333c90d85ca45c0453/element/f9cf7617-b8ba-45a0-8da6-4591b6508f93/value HTTP/1.1
User-Agent: selenium/4.1.2 (java windows)
Content-Length: 181
Content-Type: application/json; charset=utf-8
host: localhost:56722
accept: */*

Response DefaultHttpResponse(decodeResult: success, version: HTTP/1.1)
HTTP/1.1 200 OK
Content-Type: application/json; charset=utf-8
cache-control: no-cache
content-length: 14

11:58:37.328 [AsyncHttpClient-1-14] DEBUG org.asynchttpclient.netty.channel.ChannelManager - Adding key: http://localhost:56722 for channel [id: 0x1e55d1c4, L:/127.0.0.1:50197 - R:localhost/127.0.0.1:56722]
11:58:37.335 [Forwarding screenshot on session dfc2edc8dd1108333c90d85ca45c0453 to remote] DEBUG org.asynchttpclient.netty.request.NettyRequestSender - Using pooled Channel '[id: 0x1e55d1c4, L:/127.0.0.1:50197 - R:localhost/127.0.0.1:56722]' for 'GET' to 'http://localhost:56722/session/dfc2edc8dd1108333c90d85ca45c0453/screenshot'
11:58:37.335 [Forwarding screenshot on session dfc2edc8dd1108333c90d85ca45c0453 to remote] DEBUG org.asynchttpclient.netty.request.NettyRequestSender - Using open Channel [id: 0x1e55d1c4, L:/127.0.0.1:50197 - R:localhost/127.0.0.1:56722] for GET '/session/dfc2edc8dd1108333c90d85ca45c0453/screenshot'
11:58:37.577 [AsyncHttpClient-1-14] DEBUG org.asynchttpclient.netty.handler.HttpHandler - 

Request DefaultFullHttpRequest(decodeResult: success, version: HTTP/1.1, content: EmptyByteBufBE)
GET /session/dfc2edc8dd1108333c90d85ca45c0453/screenshot HTTP/1.1
User-Agent: selenium/4.1.2 (java windows)
Cache-Control: no-cache
Content-Type: application/json; charset=utf-8
host: localhost:56722
accept: */*

Response DefaultHttpResponse(decodeResult: success, version: HTTP/1.1)
HTTP/1.1 200 OK
Content-Type: application/json; charset=utf-8
cache-control: no-cache
content-length: 517600

11:58:37.577 [AsyncHttpClient-1-14] DEBUG org.asynchttpclient.netty.channel.ChannelManager - Adding key: http://localhost:56722 for channel [id: 0x1e55d1c4, L:/127.0.0.1:50197 - R:localhost/127.0.0.1:56722]
11:58:37.589 [main] DEBUG net.serenitybdd.core.photography.Darkroom - Send negative for processing for target\site\serenity\849d41518a8f225ffdc9c2572514d5764433c386c304d0f389527d08371c386f.png
11:58:37.589 [main] DEBUG net.thucydides.core.steps.StepInterceptor - STEP DONE: inputPassword
  &amp#27;[32mAnd &amp#27;[0m&amp#27;[32mi input &amp#27;[0m&amp#27;[32m&amp#27;[1m"gladz1511#"&amp#27;[0m&amp#27;[32m password&amp#27;[0m                &amp#27;[90m# starter.stepdefinitions.LoginStepDefinitions.iInputPassword(java.lang.String)&amp#27;[0m
11:58:37.589 [Darkroom Processing Line] DEBUG net.serenitybdd.core.photography.DarkroomProcessingLine - Processing screenshot image in /var/screenshots/screenshot-16158514916671878390
11:58:37.591 [Darkroom Processing Line] DEBUG net.serenitybdd.core.photography.DarkroomProcessingLine - Saving screenshot to target\site\serenity\849d41518a8f225ffdc9c2572514d5764433c386c304d0f389527d08371c386f.png
11:58:37.601 [main] DEBUG net.thucydides.core.steps.StepInterceptor - STARTING STEP: LoginStepDefinitions.clickLoginButton - clickLoginButton
11:58:37.604 [Forwarding findElement on session dfc2edc8dd1108333c90d85ca45c0453 to remote] DEBUG org.asynchttpclient.netty.request.NettyRequestSender - Using pooled Channel '[id: 0x1e55d1c4, L:/127.0.0.1:50197 - R:localhost/127.0.0.1:56722]' for 'POST' to 'http://localhost:56722/session/dfc2edc8dd1108333c90d85ca45c0453/element'
11:58:37.604 [Forwarding findElement on session dfc2edc8dd1108333c90d85ca45c0453 to remote] DEBUG org.asynchttpclient.netty.request.NettyRequestSender - Using open Channel [id: 0x1e55d1c4, L:/127.0.0.1:50197 - R:localhost/127.0.0.1:56722] for POST '/session/dfc2edc8dd1108333c90d85ca45c0453/element'
11:58:37.616 [AsyncHttpClient-1-14] DEBUG org.asynchttpclient.netty.handler.HttpHandler - 

Request DefaultHttpRequest(decodeResult: success, version: HTTP/1.1)
POST /session/dfc2edc8dd1108333c90d85ca45c0453/element HTTP/1.1
User-Agent: selenium/4.1.2 (java windows)
Content-Length: 59
Content-Type: application/json; charset=utf-8
host: localhost:56722
accept: */*

Response DefaultHttpResponse(decodeResult: success, version: HTTP/1.1)
HTTP/1.1 200 OK
Content-Type: application/json; charset=utf-8
cache-control: no-cache
content-length: 88

11:58:37.616 [AsyncHttpClient-1-14] DEBUG org.asynchttpclient.netty.channel.ChannelManager - Adding key: http://localhost:56722 for channel [id: 0x1e55d1c4, L:/127.0.0.1:50197 - R:localhost/127.0.0.1:56722]
11:58:37.619 [Forwarding getElementTagName on session dfc2edc8dd1108333c90d85ca45c0453 to remote] DEBUG org.asynchttpclient.netty.request.NettyRequestSender - Using pooled Channel '[id: 0x1e55d1c4, L:/127.0.0.1:50197 - R:localhost/127.0.0.1:56722]' for 'GET' to 'http://localhost:56722/session/dfc2edc8dd1108333c90d85ca45c0453/element/ad5bb493-5616-4b3a-bf6f-82aea3599ce7/name'
11:58:37.619 [Forwarding getElementTagName on session dfc2edc8dd1108333c90d85ca45c0453 to remote] DEBUG org.asynchttpclient.netty.request.NettyRequestSender - Using open Channel [id: 0x1e55d1c4, L:/127.0.0.1:50197 - R:localhost/127.0.0.1:56722] for GET '/session/dfc2edc8dd1108333c90d85ca45c0453/element/ad5bb493-5616-4b3a-bf6f-82aea3599ce7/name'
11:58:37.624 [AsyncHttpClient-1-14] DEBUG org.asynchttpclient.netty.handler.HttpHandler - 

Request DefaultFullHttpRequest(decodeResult: success, version: HTTP/1.1, content: EmptyByteBufBE)
GET /session/dfc2edc8dd1108333c90d85ca45c0453/element/ad5bb493-5616-4b3a-bf6f-82aea3599ce7/name HTTP/1.1
User-Agent: selenium/4.1.2 (java windows)
Cache-Control: no-cache
Content-Type: application/json; charset=utf-8
host: localhost:56722
accept: */*

Response DefaultHttpResponse(decodeResult: success, version: HTTP/1.1)
HTTP/1.1 200 OK
Content-Type: application/json; charset=utf-8
cache-control: no-cache
content-length: 18

11:58:37.624 [AsyncHttpClient-1-14] DEBUG org.asynchttpclient.netty.channel.ChannelManager - Adding key: http://localhost:56722 for channel [id: 0x1e55d1c4, L:/127.0.0.1:50197 - R:localhost/127.0.0.1:56722]
11:58:37.626 [Forwarding getElementTagName on session dfc2edc8dd1108333c90d85ca45c0453 to remote] DEBUG org.asynchttpclient.netty.request.NettyRequestSender - Using pooled Channel '[id: 0x1e55d1c4, L:/127.0.0.1:50197 - R:localhost/127.0.0.1:56722]' for 'GET' to 'http://localhost:56722/session/dfc2edc8dd1108333c90d85ca45c0453/element/ad5bb493-5616-4b3a-bf6f-82aea3599ce7/name'
11:58:37.626 [Forwarding getElementTagName on session dfc2edc8dd1108333c90d85ca45c0453 to remote] DEBUG org.asynchttpclient.netty.request.NettyRequestSender - Using open Channel [id: 0x1e55d1c4, L:/127.0.0.1:50197 - R:localhost/127.0.0.1:56722] for GET '/session/dfc2edc8dd1108333c90d85ca45c0453/element/ad5bb493-5616-4b3a-bf6f-82aea3599ce7/name'
11:58:37.629 [AsyncHttpClient-1-14] DEBUG org.asynchttpclient.netty.handler.HttpHandler - 

Request DefaultFullHttpRequest(decodeResult: success, version: HTTP/1.1, content: EmptyByteBufBE)
GET /session/dfc2edc8dd1108333c90d85ca45c0453/element/ad5bb493-5616-4b3a-bf6f-82aea3599ce7/name HTTP/1.1
User-Agent: selenium/4.1.2 (java windows)
Cache-Control: no-cache
Content-Type: application/json; charset=utf-8
host: localhost:56722
accept: */*

Response DefaultHttpResponse(decodeResult: success, version: HTTP/1.1)
HTTP/1.1 200 OK
Content-Type: application/json; charset=utf-8
cache-control: no-cache
content-length: 18

11:58:37.629 [AsyncHttpClient-1-14] DEBUG org.asynchttpclient.netty.channel.ChannelManager - Adding key: http://localhost:56722 for channel [id: 0x1e55d1c4, L:/127.0.0.1:50197 - R:localhost/127.0.0.1:56722]
11:58:37.632 [Forwarding isElementEnabled on session dfc2edc8dd1108333c90d85ca45c0453 to remote] DEBUG org.asynchttpclient.netty.request.NettyRequestSender - Using pooled Channel '[id: 0x1e55d1c4, L:/127.0.0.1:50197 - R:localhost/127.0.0.1:56722]' for 'GET' to 'http://localhost:56722/session/dfc2edc8dd1108333c90d85ca45c0453/element/ad5bb493-5616-4b3a-bf6f-82aea3599ce7/enabled'
11:58:37.632 [Forwarding isElementEnabled on session dfc2edc8dd1108333c90d85ca45c0453 to remote] DEBUG org.asynchttpclient.netty.request.NettyRequestSender - Using open Channel [id: 0x1e55d1c4, L:/127.0.0.1:50197 - R:localhost/127.0.0.1:56722] for GET '/session/dfc2edc8dd1108333c90d85ca45c0453/element/ad5bb493-5616-4b3a-bf6f-82aea3599ce7/enabled'
11:58:37.639 [AsyncHttpClient-1-14] DEBUG org.asynchttpclient.netty.handler.HttpHandler - 

Request DefaultFullHttpRequest(decodeResult: success, version: HTTP/1.1, content: EmptyByteBufBE)
GET /session/dfc2edc8dd1108333c90d85ca45c0453/element/ad5bb493-5616-4b3a-bf6f-82aea3599ce7/enabled HTTP/1.1
User-Agent: selenium/4.1.2 (java windows)
Cache-Control: no-cache
Content-Type: application/json; charset=utf-8
host: localhost:56722
accept: */*

Response DefaultHttpResponse(decodeResult: success, version: HTTP/1.1)
HTTP/1.1 200 OK
Content-Type: application/json; charset=utf-8
cache-control: no-cache
content-length: 14

11:58:37.639 [AsyncHttpClient-1-14] DEBUG org.asynchttpclient.netty.channel.ChannelManager - Adding key: http://localhost:56722 for channel [id: 0x1e55d1c4, L:/127.0.0.1:50197 - R:localhost/127.0.0.1:56722]
11:58:37.642 [Forwarding isElementEnabled on session dfc2edc8dd1108333c90d85ca45c0453 to remote] DEBUG org.asynchttpclient.netty.request.NettyRequestSender - Using pooled Channel '[id: 0x1e55d1c4, L:/127.0.0.1:50197 - R:localhost/127.0.0.1:56722]' for 'GET' to 'http://localhost:56722/session/dfc2edc8dd1108333c90d85ca45c0453/element/ad5bb493-5616-4b3a-bf6f-82aea3599ce7/enabled'
11:58:37.642 [Forwarding isElementEnabled on session dfc2edc8dd1108333c90d85ca45c0453 to remote] DEBUG org.asynchttpclient.netty.request.NettyRequestSender - Using open Channel [id: 0x1e55d1c4, L:/127.0.0.1:50197 - R:localhost/127.0.0.1:56722] for GET '/session/dfc2edc8dd1108333c90d85ca45c0453/element/ad5bb493-5616-4b3a-bf6f-82aea3599ce7/enabled'
11:58:37.647 [AsyncHttpClient-1-14] DEBUG org.asynchttpclient.netty.handler.HttpHandler - 

Request DefaultFullHttpRequest(decodeResult: success, version: HTTP/1.1, content: EmptyByteBufBE)
GET /session/dfc2edc8dd1108333c90d85ca45c0453/element/ad5bb493-5616-4b3a-bf6f-82aea3599ce7/enabled HTTP/1.1
User-Agent: selenium/4.1.2 (java windows)
Cache-Control: no-cache
Content-Type: application/json; charset=utf-8
host: localhost:56722
accept: */*

Response DefaultHttpResponse(decodeResult: success, version: HTTP/1.1)
HTTP/1.1 200 OK
Content-Type: application/json; charset=utf-8
cache-control: no-cache
content-length: 14

11:58:37.648 [AsyncHttpClient-1-14] DEBUG org.asynchttpclient.netty.channel.ChannelManager - Adding key: http://localhost:56722 for channel [id: 0x1e55d1c4, L:/127.0.0.1:50197 - R:localhost/127.0.0.1:56722]
11:58:37.650 [Forwarding findElement on session dfc2edc8dd1108333c90d85ca45c0453 to remote] DEBUG org.asynchttpclient.netty.request.NettyRequestSender - Using pooled Channel '[id: 0x1e55d1c4, L:/127.0.0.1:50197 - R:localhost/127.0.0.1:56722]' for 'POST' to 'http://localhost:56722/session/dfc2edc8dd1108333c90d85ca45c0453/element'
11:58:37.650 [Forwarding findElement on session dfc2edc8dd1108333c90d85ca45c0453 to remote] DEBUG org.asynchttpclient.netty.request.NettyRequestSender - Using open Channel [id: 0x1e55d1c4, L:/127.0.0.1:50197 - R:localhost/127.0.0.1:56722] for POST '/session/dfc2edc8dd1108333c90d85ca45c0453/element'
11:58:37.655 [AsyncHttpClient-1-14] DEBUG org.asynchttpclient.netty.handler.HttpHandler - 

Request DefaultHttpRequest(decodeResult: success, version: HTTP/1.1)
POST /session/dfc2edc8dd1108333c90d85ca45c0453/element HTTP/1.1
User-Agent: selenium/4.1.2 (java windows)
Content-Length: 59
Content-Type: application/json; charset=utf-8
host: localhost:56722
accept: */*

Response DefaultHttpResponse(decodeResult: success, version: HTTP/1.1)
HTTP/1.1 200 OK
Content-Type: application/json; charset=utf-8
cache-control: no-cache
content-length: 88

11:58:37.655 [AsyncHttpClient-1-14] DEBUG org.asynchttpclient.netty.channel.ChannelManager - Adding key: http://localhost:56722 for channel [id: 0x1e55d1c4, L:/127.0.0.1:50197 - R:localhost/127.0.0.1:56722]
11:58:37.658 [Forwarding clickElement on session dfc2edc8dd1108333c90d85ca45c0453 to remote] DEBUG org.asynchttpclient.netty.request.NettyRequestSender - Using pooled Channel '[id: 0x1e55d1c4, L:/127.0.0.1:50197 - R:localhost/127.0.0.1:56722]' for 'POST' to 'http://localhost:56722/session/dfc2edc8dd1108333c90d85ca45c0453/element/ad5bb493-5616-4b3a-bf6f-82aea3599ce7/click'
11:58:37.658 [Forwarding clickElement on session dfc2edc8dd1108333c90d85ca45c0453 to remote] DEBUG org.asynchttpclient.netty.request.NettyRequestSender - Using open Channel [id: 0x1e55d1c4, L:/127.0.0.1:50197 - R:localhost/127.0.0.1:56722] for POST '/session/dfc2edc8dd1108333c90d85ca45c0453/element/ad5bb493-5616-4b3a-bf6f-82aea3599ce7/click'
11:58:38.241 [AsyncHttpClient-1-1] DEBUG org.asynchttpclient.netty.channel.DefaultChannelPool - Entry count for : http://localhost:50198 : 1
11:58:39.344 [AsyncHttpClient-1-1] DEBUG org.asynchttpclient.netty.channel.DefaultChannelPool - Entry count for : http://localhost:50198 : 1
11:58:40.442 [AsyncHttpClient-1-1] DEBUG org.asynchttpclient.netty.channel.DefaultChannelPool - Entry count for : http://localhost:50198 : 1
11:58:41.541 [AsyncHttpClient-1-1] DEBUG org.asynchttpclient.netty.channel.DefaultChannelPool - Entry count for : http://localhost:50198 : 1
11:58:41.844 [AsyncHttpClient-1-14] DEBUG org.asynchttpclient.netty.handler.HttpHandler - 

Request DefaultHttpRequest(decodeResult: success, version: HTTP/1.1)
POST /session/dfc2edc8dd1108333c90d85ca45c0453/element/ad5bb493-5616-4b3a-bf6f-82aea3599ce7/click HTTP/1.1
User-Agent: selenium/4.1.2 (java windows)
Content-Length: 50
Content-Type: application/json; charset=utf-8
host: localhost:56722
accept: */*

Response DefaultHttpResponse(decodeResult: success, version: HTTP/1.1)
HTTP/1.1 200 OK
Content-Type: application/json; charset=utf-8
cache-control: no-cache
content-length: 14

11:58:41.844 [AsyncHttpClient-1-14] DEBUG org.asynchttpclient.netty.channel.ChannelManager - Adding key: http://localhost:56722 for channel [id: 0x1e55d1c4, L:/127.0.0.1:50197 - R:localhost/127.0.0.1:56722]
11:58:41.850 [Forwarding screenshot on session dfc2edc8dd1108333c90d85ca45c0453 to remote] DEBUG org.asynchttpclient.netty.request.NettyRequestSender - Using pooled Channel '[id: 0x1e55d1c4, L:/127.0.0.1:50197 - R:localhost/127.0.0.1:56722]' for 'GET' to 'http://localhost:56722/session/dfc2edc8dd1108333c90d85ca45c0453/screenshot'
11:58:41.851 [Forwarding screenshot on session dfc2edc8dd1108333c90d85ca45c0453 to remote] DEBUG org.asynchttpclient.netty.request.NettyRequestSender - Using open Channel [id: 0x1e55d1c4, L:/127.0.0.1:50197 - R:localhost/127.0.0.1:56722] for GET '/session/dfc2edc8dd1108333c90d85ca45c0453/screenshot'
11:58:42.398 [AsyncHttpClient-1-14] DEBUG org.asynchttpclient.netty.handler.HttpHandler - 

Request DefaultFullHttpRequest(decodeResult: success, version: HTTP/1.1, content: EmptyByteBufBE)
GET /session/dfc2edc8dd1108333c90d85ca45c0453/screenshot HTTP/1.1
User-Agent: selenium/4.1.2 (java windows)
Cache-Control: no-cache
Content-Type: application/json; charset=utf-8
host: localhost:56722
accept: */*

Response DefaultHttpResponse(decodeResult: success, version: HTTP/1.1)
HTTP/1.1 200 OK
Content-Type: application/json; charset=utf-8
cache-control: no-cache
content-length: 1344428

11:58:42.401 [AsyncHttpClient-1-14] DEBUG org.asynchttpclient.netty.channel.ChannelManager - Adding key: http://localhost:56722 for channel [id: 0x1e55d1c4, L:/127.0.0.1:50197 - R:localhost/127.0.0.1:56722]
11:58:42.443 [main] DEBUG net.serenitybdd.core.photography.Darkroom - Send negative for processing for target\site\serenity\7970aaebde82cedd12e69c76237ab8308e09f79d3f8d253969a1e7e4046ed1df.png
11:58:42.443 [main] DEBUG net.thucydides.core.steps.StepInterceptor - STEP DONE: clickLoginButton
  &amp#27;[32mAnd &amp#27;[0m&amp#27;[32mclick login button&amp#27;[0m                           &amp#27;[90m# starter.stepdefinitions.LoginStepDefinitions.clickLoginButton()&amp#27;[0m
11:58:42.443 [Darkroom Processing Line] DEBUG net.serenitybdd.core.photography.DarkroomProcessingLine - Processing screenshot image in /var/screenshots/screenshot-12290225913935812184
11:58:42.444 [Darkroom Processing Line] DEBUG net.serenitybdd.core.photography.DarkroomProcessingLine - Saving screenshot to target\site\serenity\7970aaebde82cedd12e69c76237ab8308e09f79d3f8d253969a1e7e4046ed1df.png
11:58:42.462 [main] DEBUG net.thucydides.core.steps.StepInterceptor - STARTING STEP: LoginStepDefinitions.iGetThe - validateLoginFormIsApp
11:58:42.464 [Forwarding findElement on session dfc2edc8dd1108333c90d85ca45c0453 to remote] DEBUG org.asynchttpclient.netty.request.NettyRequestSender - Using pooled Channel '[id: 0x1e55d1c4, L:/127.0.0.1:50197 - R:localhost/127.0.0.1:56722]' for 'POST' to 'http://localhost:56722/session/dfc2edc8dd1108333c90d85ca45c0453/element'
11:58:42.464 [Forwarding findElement on session dfc2edc8dd1108333c90d85ca45c0453 to remote] DEBUG org.asynchttpclient.netty.request.NettyRequestSender - Using open Channel [id: 0x1e55d1c4, L:/127.0.0.1:50197 - R:localhost/127.0.0.1:56722] for POST '/session/dfc2edc8dd1108333c90d85ca45c0453/element'
11:58:42.522 [AsyncHttpClient-1-14] DEBUG org.asynchttpclient.netty.handler.HttpHandler - 

Request DefaultHttpRequest(decodeResult: success, version: HTTP/1.1)
POST /session/dfc2edc8dd1108333c90d85ca45c0453/element HTTP/1.1
User-Agent: selenium/4.1.2 (java windows)
Content-Length: 103
Content-Type: application/json; charset=utf-8
host: localhost:56722
accept: */*

Response DefaultHttpResponse(decodeResult: success, version: HTTP/1.1)
HTTP/1.1 200 OK
Content-Type: application/json; charset=utf-8
cache-control: no-cache
content-length: 88

11:58:42.522 [AsyncHttpClient-1-14] DEBUG org.asynchttpclient.netty.channel.ChannelManager - Adding key: http://localhost:56722 for channel [id: 0x1e55d1c4, L:/127.0.0.1:50197 - R:localhost/127.0.0.1:56722]
11:58:42.526 [Forwarding isElementDisplayed on session dfc2edc8dd1108333c90d85ca45c0453 to remote] DEBUG org.asynchttpclient.netty.request.NettyRequestSender - Using pooled Channel '[id: 0x1e55d1c4, L:/127.0.0.1:50197 - R:localhost/127.0.0.1:56722]' for 'POST' to 'http://localhost:56722/session/dfc2edc8dd1108333c90d85ca45c0453/execute/sync'
11:58:42.526 [Forwarding isElementDisplayed on session dfc2edc8dd1108333c90d85ca45c0453 to remote] DEBUG org.asynchttpclient.netty.request.NettyRequestSender - Using open Channel [id: 0x1e55d1c4, L:/127.0.0.1:50197 - R:localhost/127.0.0.1:56722] for POST '/session/dfc2edc8dd1108333c90d85ca45c0453/execute/sync'
11:58:42.537 [AsyncHttpClient-1-14] DEBUG org.asynchttpclient.netty.handler.HttpHandler - 

Request DefaultHttpRequest(decodeResult: success, version: HTTP/1.1)
POST /session/dfc2edc8dd1108333c90d85ca45c0453/execute/sync HTTP/1.1
User-Agent: selenium/4.1.2 (java windows)
Content-Length: 48780
Content-Type: application/json; charset=utf-8
host: localhost:56722
accept: */*

Response DefaultHttpResponse(decodeResult: success, version: HTTP/1.1)
HTTP/1.1 200 OK
Content-Type: application/json; charset=utf-8
cache-control: no-cache
content-length: 15

11:58:42.537 [AsyncHttpClient-1-14] DEBUG org.asynchttpclient.netty.channel.ChannelManager - Adding key: http://localhost:56722 for channel [id: 0x1e55d1c4, L:/127.0.0.1:50197 - R:localhost/127.0.0.1:56722]
11:58:42.543 [Forwarding screenshot on session dfc2edc8dd1108333c90d85ca45c0453 to remote] DEBUG org.asynchttpclient.netty.request.NettyRequestSender - Using pooled Channel '[id: 0x1e55d1c4, L:/127.0.0.1:50197 - R:localhost/127.0.0.1:56722]' for 'GET' to 'http://localhost:56722/session/dfc2edc8dd1108333c90d85ca45c0453/screenshot'
11:58:42.543 [Forwarding screenshot on session dfc2edc8dd1108333c90d85ca45c0453 to remote] DEBUG org.asynchttpclient.netty.request.NettyRequestSender - Using open Channel [id: 0x1e55d1c4, L:/127.0.0.1:50197 - R:localhost/127.0.0.1:56722] for GET '/session/dfc2edc8dd1108333c90d85ca45c0453/screenshot'
11:58:42.641 [AsyncHttpClient-1-1] DEBUG org.asynchttpclient.netty.channel.DefaultChannelPool - Entry count for : http://localhost:50198 : 1
11:58:43.038 [AsyncHttpClient-1-14] DEBUG org.asynchttpclient.netty.handler.HttpHandler - 

Request DefaultFullHttpRequest(decodeResult: success, version: HTTP/1.1, content: EmptyByteBufBE)
GET /session/dfc2edc8dd1108333c90d85ca45c0453/screenshot HTTP/1.1
User-Agent: selenium/4.1.2 (java windows)
Cache-Control: no-cache
Content-Type: application/json; charset=utf-8
host: localhost:56722
accept: */*

Response DefaultHttpResponse(decodeResult: success, version: HTTP/1.1)
HTTP/1.1 200 OK
Content-Type: application/json; charset=utf-8
cache-control: no-cache
content-length: 1324492

11:58:43.040 [AsyncHttpClient-1-14] DEBUG org.asynchttpclient.netty.channel.ChannelManager - Adding key: http://localhost:56722 for channel [id: 0x1e55d1c4, L:/127.0.0.1:50197 - R:localhost/127.0.0.1:56722]
11:58:43.075 [main] DEBUG net.serenitybdd.core.photography.Darkroom - Send negative for processing for target\site\serenity\2b39f194d52930e73fd0777c38223e57a993ca9a687b69cb298d3693ec7ceba9.png
11:58:43.075 [main] DEBUG net.thucydides.core.steps.StepInterceptor - STEP DONE: validateLoginFormIsApp
11:58:43.076 [Darkroom Processing Line] DEBUG net.serenitybdd.core.photography.DarkroomProcessingLine - Processing screenshot image in /var/screenshots/screenshot-5107469139830712019
11:58:43.076 [Darkroom Processing Line] DEBUG net.serenitybdd.core.photography.DarkroomProcessingLine - Saving screenshot to target\site\serenity\2b39f194d52930e73fd0777c38223e57a993ca9a687b69cb298d3693ec7ceba9.png
11:58:43.082 [main] DEBUG net.thucydides.core.steps.StepInterceptor - STARTING STEP: LoginStepDefinitions.iGetThe - errorMessageAlert
11:58:43.085 [main] DEBUG net.thucydides.core.steps.StepInterceptor - STEP DONE: errorMessageAlert
  &amp#27;[32mThen &amp#27;[0m&amp#27;[32mi get the &amp#27;[0m&amp#27;[32m&amp#27;[1m"Login Page"&amp#27;[0m                      &amp#27;[90m# starter.stepdefinitions.LoginStepDefinitions.iGetThe(java.lang.String)&amp#27;[0m
11:58:43.095 [AsyncHttpClient-1-16] DEBUG org.asynchttpclient.netty.handler.WebSocketHandler - Channel Closed: [id: 0x4bf09d1a, L:/127.0.0.1:50206 ! R:localhost/127.0.0.1:50198] with attribute NettyResponseFuture{currentRetry=5,
	isDone=1,
	isCancelled=0,
	asyncHandler=org.asynchttpclient.ws.WebSocketUpgradeHandler@6a6f1d32,
	nettyRequest=org.asynchttpclient.netty.request.NettyRequest@2f6d8e1b,
	future=java.util.concurrent.CompletableFuture@7493d8d2[Completed normally],
	uri=ws://localhost:50198/devtools/browser/87936a2d-2c56-41a1-8ad1-e4c287fcd7e9,
	keepAlive=true,
	redirectCount=0,
	timeoutsHolder=null,
	inAuth=0,
	touch=1650949108538}
11:58:43.095 [AsyncHttpClient-1-16] DEBUG org.asynchttpclient.netty.channel.ChannelManager - Closing Channel [id: 0x4bf09d1a, L:/127.0.0.1:50206 ! R:localhost/127.0.0.1:50198] 
11:58:43.095 [Driver Command Executor] DEBUG org.asynchttpclient.netty.request.NettyRequestSender - Using pooled Channel '[id: 0x1e55d1c4, L:/127.0.0.1:50197 - R:localhost/127.0.0.1:56722]' for 'DELETE' to 'http://localhost:56722/session/dfc2edc8dd1108333c90d85ca45c0453'
11:58:43.095 [Driver Command Executor] DEBUG org.asynchttpclient.netty.request.NettyRequestSender - Using open Channel [id: 0x1e55d1c4, L:/127.0.0.1:50197 - R:localhost/127.0.0.1:56722] for DELETE '/session/dfc2edc8dd1108333c90d85ca45c0453'
11:58:43.117 [AsyncHttpClient-1-15] DEBUG org.asynchttpclient.netty.handler.HttpHandler - Unexpected I/O exception on channel [id: 0x37335c96, L:/127.0.0.1:50205 - R:localhost/127.0.0.1:50198]
java.net.SocketException: Connection reset
	at java.base/sun.nio.ch.SocketChannelImpl.throwConnectionReset(SocketChannelImpl.java:367)
	at java.base/sun.nio.ch.SocketChannelImpl.read(SocketChannelImpl.java:398)
	at io.netty.buffer.PooledByteBuf.setBytes(PooledByteBuf.java:258)
	at io.netty.buffer.AbstractByteBuf.writeBytes(AbstractByteBuf.java:1132)
	at io.netty.channel.socket.nio.NioSocketChannel.doReadBytes(NioSocketChannel.java:350)
	at io.netty.channel.nio.AbstractNioByteChannel$NioByteUnsafe.read(AbstractNioByteChannel.java:151)
	at io.netty.channel.nio.NioEventLoop.processSelectedKey(NioEventLoop.java:722)
	at io.netty.channel.nio.NioEventLoop.processSelectedKeysOptimized(NioEventLoop.java:658)
	at io.netty.channel.nio.NioEventLoop.processSelectedKeys(NioEventLoop.java:584)
	at io.netty.channel.nio.NioEventLoop.run(NioEventLoop.java:496)
	at io.netty.util.concurrent.SingleThreadEventExecutor$4.run(SingleThreadEventExecutor.java:986)
	at io.netty.util.internal.ThreadExecutorMap$2.run(ThreadExecutorMap.java:74)
	at io.netty.util.concurrent.FastThreadLocalRunnable.run(FastThreadLocalRunnable.java:30)
	at java.base/java.lang.Thread.run(Thread.java:832)
11:58:43.117 [AsyncHttpClient-1-15] DEBUG org.asynchttpclient.netty.channel.ChannelManager - Closing Channel [id: 0x37335c96, L:/127.0.0.1:50205 - R:localhost/127.0.0.1:50198] 
11:58:43.117 [AsyncHttpClient-1-15] DEBUG org.asynchttpclient.netty.handler.HttpHandler - Channel Closed: [id: 0x37335c96, L:/127.0.0.1:50205 ! R:localhost/127.0.0.1:50198] with attribute DISCARD
11:58:43.140 [AsyncHttpClient-1-14] DEBUG org.asynchttpclient.netty.handler.HttpHandler - 

Request DefaultFullHttpRequest(decodeResult: success, version: HTTP/1.1, content: EmptyByteBufBE)
DELETE /session/dfc2edc8dd1108333c90d85ca45c0453 HTTP/1.1
User-Agent: selenium/4.1.2 (java windows)
Content-Type: application/json; charset=utf-8
host: localhost:56722
accept: */*

Response DefaultHttpResponse(decodeResult: success, version: HTTP/1.1)
HTTP/1.1 200 OK
Content-Type: application/json; charset=utf-8
cache-control: no-cache
content-length: 14

11:58:43.140 [AsyncHttpClient-1-14] DEBUG org.asynchttpclient.netty.channel.ChannelManager - Adding key: http://localhost:56722 for channel [id: 0x1e55d1c4, L:/127.0.0.1:50197 - R:localhost/127.0.0.1:56722]
11:58:43.752 [AsyncHttpClient-1-1] DEBUG org.asynchttpclient.netty.channel.DefaultChannelPool - Entry count for : http://localhost:50198 : 1
11:58:43.752 [AsyncHttpClient-1-1] DEBUG org.asynchttpclient.netty.channel.DefaultChannelPool - Entry count for : http://localhost:56722 : 1
11:58:43.752 [AsyncHttpClient-1-1] DEBUG org.asynchttpclient.netty.channel.DefaultChannelPool - Adding Candidate expired Channel [id: 0x37335c96, L:/127.0.0.1:50205 ! R:localhost/127.0.0.1:50198] isIdleTimeoutExpired=false isRemotelyClosed=true isTtlExpired=false
11:58:43.752 [AsyncHttpClient-1-1] DEBUG org.asynchttpclient.netty.channel.DefaultChannelPool - Closing Idle Channel [id: 0x37335c96, L:/127.0.0.1:50205 ! R:localhost/127.0.0.1:50198]
11:58:43.752 [AsyncHttpClient-1-1] DEBUG org.asynchttpclient.netty.channel.DefaultChannelPool - Closed 1 connections out of 2 in 0 ms
11:58:43.821 [AsyncHttpClient-1-14] DEBUG org.asynchttpclient.netty.handler.HttpHandler - Channel Closed: [id: 0x1e55d1c4, L:/127.0.0.1:50197 ! R:localhost/127.0.0.1:56722] with attribute DISCARD
]]></system-out>
    <system-err><![CDATA[Starting ChromeDriver 100.0.4896.60 (6a5d10861ce8de5fce22564658033b43cb7de047-refs/branch-heads/4896@{#875}) on port 56722
Only local connections are allowed.
Please see https://chromedriver.chromium.org/security-considerations for suggestions on keeping ChromeDriver safe.
ChromeDriver was started successfully.
Apr 26, 2022 11:58:28 AM org.openqa.selenium.remote.ProtocolHandshake createSession
INFO: Detected dialect: W3C
Apr 26, 2022 11:58:28 AM org.openqa.selenium.devtools.CdpVersionFinder findNearestMatch
WARNING: Unable to find an exact match for CDP version 100, so returning the closest version found: 97
Apr 26, 2022 11:58:28 AM org.openqa.selenium.devtools.CdpVersionFinder findNearestMatch
INFO: Found CDP implementation for version 100 of 97
]]></system-err>
  </testcase>
  <testcase name="Login scenario #6" classname="Login" time="16.731">
    <system-out><![CDATA[
@DDT
Scenario Outline: Login scenario                &amp#27;[90m# src/test/resources/features/login.feature:31&amp#27;[0m
11:58:44.341 [main] INFO io.cucumber.core.plugin.SerenityReporter - Running feature from file:///D:/PERKULIAHAN/Semester%206,Hebatt%20glad!/Dot-TechnicalTest/src/test/resources/features/login.feature
11:58:44.356 [main] DEBUG net.thucydides.core.steps.StepInterceptor - STARTING STEP: LoginStepDefinitions.iAmOnLoginPage - openUrl
11:58:44.356 [main] INFO net.serenitybdd.core.webdriver.driverproviders.ChromeDriverProvider - Using automatically driver download
11:58:44.484 [main] DEBUG io.github.bonigarcia.wdm.cache.ResolutionCache - Resolution chrome=100 in cache (valid until 12:53:50 26/04/2022 WIB)
11:58:44.484 [main] DEBUG io.github.bonigarcia.wdm.cache.ResolutionCache - Resolution chrome100=100.0.4896.60 in cache (valid until 19:36:13 26/04/2022 WIB)
11:58:44.484 [main] INFO io.github.bonigarcia.wdm.WebDriverManager - Using chromedriver 100.0.4896.60 (resolved driver for Chrome 100)
11:58:44.507 [main] DEBUG io.github.bonigarcia.wdm.WebDriverManager - Driver chromedriver 100.0.4896.60 found in cache
11:58:44.507 [main] INFO io.github.bonigarcia.wdm.WebDriverManager - Exporting webdriver.chrome.driver as C:\Users\ASUS\.cache\selenium\chromedriver\win32\100.0.4896.60\chromedriver.exe
11:58:44.628 [main] DEBUG net.serenitybdd.core.webdriver.driverproviders.ProvideNewDriver - Instantiating driver
11:58:44.628 [main] DEBUG net.serenitybdd.core.webdriver.driverproviders.ProvideNewDriver - Driver capabilities: Capabilities {acceptInsecureCerts: false, base.url: https://www.psegameshop.com/, browserName: chrome, chrome.driver: src/test/resources/webdrive..., driver: chrome, goog:chromeOptions: {args: [], extensions: []}}
11:58:44.840 [AsyncHttpClient-1-1] DEBUG org.asynchttpclient.netty.channel.DefaultChannelPool - Entry count for : http://localhost:56722 : 1
11:58:44.840 [AsyncHttpClient-1-1] DEBUG org.asynchttpclient.netty.channel.DefaultChannelPool - Adding Candidate expired Channel [id: 0x1e55d1c4, L:/127.0.0.1:50197 ! R:localhost/127.0.0.1:56722] isIdleTimeoutExpired=false isRemotelyClosed=true isTtlExpired=false
11:58:44.840 [AsyncHttpClient-1-1] DEBUG org.asynchttpclient.netty.channel.DefaultChannelPool - Closing Idle Channel [id: 0x1e55d1c4, L:/127.0.0.1:50197 ! R:localhost/127.0.0.1:56722]
11:58:44.840 [AsyncHttpClient-1-1] DEBUG org.asynchttpclient.netty.channel.DefaultChannelPool - Closed 1 connections out of 1 in 0 ms
11:58:45.157 [AsyncHttpClient-1-17] DEBUG org.asynchttpclient.netty.channel.NettyConnectListener - Using new Channel '[id: 0x73875795, L:/127.0.0.1:50258 - R:localhost/127.0.0.1:63829]' for 'POST' to '/session'
11:58:46.525 [AsyncHttpClient-1-17] DEBUG org.asynchttpclient.netty.handler.HttpHandler - 

Request DefaultHttpRequest(decodeResult: success, version: HTTP/1.1)
POST /session HTTP/1.1
User-Agent: selenium/4.1.2 (java windows)
Content-Length: 614
Content-Type: application/json; charset=utf-8
host: localhost:63829
accept: */*

Response DefaultHttpResponse(decodeResult: success, version: HTTP/1.1)
HTTP/1.1 200 OK
Content-Type: application/json; charset=utf-8
cache-control: no-cache
content-length: 788

11:58:46.534 [AsyncHttpClient-1-17] DEBUG org.asynchttpclient.netty.channel.ChannelManager - Adding key: http://localhost:63829 for channel [id: 0x73875795, L:/127.0.0.1:50258 - R:localhost/127.0.0.1:63829]
11:58:46.546 [AsyncHttpClient-1-2] DEBUG org.asynchttpclient.netty.channel.NettyConnectListener - Using new Channel '[id: 0xb57992d6, L:/127.0.0.1:50267 - R:localhost/127.0.0.1:50259]' for 'GET' to '/json/version'
11:58:46.546 [AsyncHttpClient-1-2] DEBUG org.asynchttpclient.netty.handler.HttpHandler - 

Request DefaultFullHttpRequest(decodeResult: success, version: HTTP/1.1, content: EmptyByteBufBE)
GET /json/version HTTP/1.1
User-Agent: selenium/4.1.2 (java windows)
host: localhost:50259
accept: */*

Response DefaultHttpResponse(decodeResult: success, version: HTTP/1.1)
HTTP/1.1 200 OK
Content-Type: application/json; charset=UTF-8
content-length: 429

11:58:46.546 [AsyncHttpClient-1-2] DEBUG org.asynchttpclient.netty.channel.ChannelManager - Adding key: http://localhost:50259 for channel [id: 0xb57992d6, L:/127.0.0.1:50267 - R:localhost/127.0.0.1:50259]
11:58:46.546 [AsyncHttpClient-1-3] DEBUG org.asynchttpclient.netty.channel.NettyConnectListener - Using new Channel '[id: 0x5b75b65e, L:/127.0.0.1:50268 - R:localhost/127.0.0.1:50259]' for 'GET' to '/devtools/browser/38c68308-b7bb-45a1-a21d-8c0f38f88995'
11:58:46.546 [AsyncHttpClient-1-3] DEBUG org.asynchttpclient.netty.handler.WebSocketHandler - 

Request DefaultFullHttpRequest(decodeResult: success, version: HTTP/1.1, content: EmptyByteBufBE)
GET /devtools/browser/38c68308-b7bb-45a1-a21d-8c0f38f88995 HTTP/1.1
upgrade: websocket
connection: upgrade
sec-websocket-key: oKE1HanAsCwHUzTNrKf/Rg==
sec-websocket-version: 13
origin: http://localhost:50259
host: localhost:50259
accept: */*
user-agent: AHC/2.1

Response DefaultHttpResponse(decodeResult: success, version: HTTP/1.1)
HTTP/1.1 101 WebSocket Protocol Handshake
Upgrade: WebSocket
Connection: Upgrade
Sec-WebSocket-Accept: i0zhE3gapszgsJyTRvSqEJEgSMY=

11:58:46.564 [Forwarding maximizeCurrentWindow on session 8309ffa76479d29a514eabd1acba0755 to remote] DEBUG org.asynchttpclient.netty.request.NettyRequestSender - Using pooled Channel '[id: 0x73875795, L:/127.0.0.1:50258 - R:localhost/127.0.0.1:63829]' for 'POST' to 'http://localhost:63829/session/8309ffa76479d29a514eabd1acba0755/window/maximize'
11:58:46.564 [Forwarding maximizeCurrentWindow on session 8309ffa76479d29a514eabd1acba0755 to remote] DEBUG org.asynchttpclient.netty.request.NettyRequestSender - Using open Channel [id: 0x73875795, L:/127.0.0.1:50258 - R:localhost/127.0.0.1:63829] for POST '/session/8309ffa76479d29a514eabd1acba0755/window/maximize'
11:58:46.702 [AsyncHttpClient-1-17] DEBUG org.asynchttpclient.netty.handler.HttpHandler - 

Request DefaultHttpRequest(decodeResult: success, version: HTTP/1.1)
POST /session/8309ffa76479d29a514eabd1acba0755/window/maximize HTTP/1.1
User-Agent: selenium/4.1.2 (java windows)
Content-Length: 3
Content-Type: application/json; charset=utf-8
host: localhost:63829
accept: */*

Response DefaultHttpResponse(decodeResult: success, version: HTTP/1.1)
HTTP/1.1 200 OK
Content-Type: application/json; charset=utf-8
cache-control: no-cache
content-length: 51

11:58:46.702 [AsyncHttpClient-1-17] DEBUG org.asynchttpclient.netty.channel.ChannelManager - Adding key: http://localhost:63829 for channel [id: 0x73875795, L:/127.0.0.1:50258 - R:localhost/127.0.0.1:63829]
11:58:46.702 [Forwarding get on session 8309ffa76479d29a514eabd1acba0755 to remote] DEBUG org.asynchttpclient.netty.request.NettyRequestSender - Using pooled Channel '[id: 0x73875795, L:/127.0.0.1:50258 - R:localhost/127.0.0.1:63829]' for 'POST' to 'http://localhost:63829/session/8309ffa76479d29a514eabd1acba0755/url'
11:58:46.702 [Forwarding get on session 8309ffa76479d29a514eabd1acba0755 to remote] DEBUG org.asynchttpclient.netty.request.NettyRequestSender - Using open Channel [id: 0x73875795, L:/127.0.0.1:50258 - R:localhost/127.0.0.1:63829] for POST '/session/8309ffa76479d29a514eabd1acba0755/url'
11:58:47.041 [AsyncHttpClient-1-1] DEBUG org.asynchttpclient.netty.channel.DefaultChannelPool - Entry count for : http://localhost:50259 : 1
11:58:48.145 [AsyncHttpClient-1-1] DEBUG org.asynchttpclient.netty.channel.DefaultChannelPool - Entry count for : http://localhost:50259 : 1
11:58:49.244 [AsyncHttpClient-1-1] DEBUG org.asynchttpclient.netty.channel.DefaultChannelPool - Entry count for : http://localhost:50259 : 1
11:58:50.341 [AsyncHttpClient-1-1] DEBUG org.asynchttpclient.netty.channel.DefaultChannelPool - Entry count for : http://localhost:50259 : 1
11:58:51.091 [AsyncHttpClient-1-17] DEBUG org.asynchttpclient.netty.handler.HttpHandler - 

Request DefaultHttpRequest(decodeResult: success, version: HTTP/1.1)
POST /session/8309ffa76479d29a514eabd1acba0755/url HTTP/1.1
User-Agent: selenium/4.1.2 (java windows)
Content-Length: 58
Content-Type: application/json; charset=utf-8
host: localhost:63829
accept: */*

Response DefaultHttpResponse(decodeResult: success, version: HTTP/1.1)
HTTP/1.1 200 OK
Content-Type: application/json; charset=utf-8
cache-control: no-cache
content-length: 14

11:58:51.091 [AsyncHttpClient-1-17] DEBUG org.asynchttpclient.netty.channel.ChannelManager - Adding key: http://localhost:63829 for channel [id: 0x73875795, L:/127.0.0.1:50258 - R:localhost/127.0.0.1:63829]
11:58:51.093 [Forwarding setTimeout on session 8309ffa76479d29a514eabd1acba0755 to remote] DEBUG org.asynchttpclient.netty.request.NettyRequestSender - Using pooled Channel '[id: 0x73875795, L:/127.0.0.1:50258 - R:localhost/127.0.0.1:63829]' for 'POST' to 'http://localhost:63829/session/8309ffa76479d29a514eabd1acba0755/timeouts'
11:58:51.093 [Forwarding setTimeout on session 8309ffa76479d29a514eabd1acba0755 to remote] DEBUG org.asynchttpclient.netty.request.NettyRequestSender - Using open Channel [id: 0x73875795, L:/127.0.0.1:50258 - R:localhost/127.0.0.1:63829] for POST '/session/8309ffa76479d29a514eabd1acba0755/timeouts'
11:58:51.095 [AsyncHttpClient-1-17] DEBUG org.asynchttpclient.netty.handler.HttpHandler - 

Request DefaultHttpRequest(decodeResult: success, version: HTTP/1.1)
POST /session/8309ffa76479d29a514eabd1acba0755/timeouts HTTP/1.1
User-Agent: selenium/4.1.2 (java windows)
Content-Length: 22
Content-Type: application/json; charset=utf-8
host: localhost:63829
accept: */*

Response DefaultHttpResponse(decodeResult: success, version: HTTP/1.1)
HTTP/1.1 200 OK
Content-Type: application/json; charset=utf-8
cache-control: no-cache
content-length: 14

11:58:51.095 [AsyncHttpClient-1-17] DEBUG org.asynchttpclient.netty.channel.ChannelManager - Adding key: http://localhost:63829 for channel [id: 0x73875795, L:/127.0.0.1:50258 - R:localhost/127.0.0.1:63829]
11:58:51.098 [Forwarding getCurrentUrl on session 8309ffa76479d29a514eabd1acba0755 to remote] DEBUG org.asynchttpclient.netty.request.NettyRequestSender - Using pooled Channel '[id: 0x73875795, L:/127.0.0.1:50258 - R:localhost/127.0.0.1:63829]' for 'GET' to 'http://localhost:63829/session/8309ffa76479d29a514eabd1acba0755/url'
11:58:51.099 [Forwarding getCurrentUrl on session 8309ffa76479d29a514eabd1acba0755 to remote] DEBUG org.asynchttpclient.netty.request.NettyRequestSender - Using open Channel [id: 0x73875795, L:/127.0.0.1:50258 - R:localhost/127.0.0.1:63829] for GET '/session/8309ffa76479d29a514eabd1acba0755/url'
11:58:51.105 [AsyncHttpClient-1-17] DEBUG org.asynchttpclient.netty.handler.HttpHandler - 

Request DefaultFullHttpRequest(decodeResult: success, version: HTTP/1.1, content: EmptyByteBufBE)
GET /session/8309ffa76479d29a514eabd1acba0755/url HTTP/1.1
User-Agent: selenium/4.1.2 (java windows)
Cache-Control: no-cache
Content-Type: application/json; charset=utf-8
host: localhost:63829
accept: */*

Response DefaultHttpResponse(decodeResult: success, version: HTTP/1.1)
HTTP/1.1 200 OK
Content-Type: application/json; charset=utf-8
cache-control: no-cache
content-length: 40

11:58:51.105 [AsyncHttpClient-1-17] DEBUG org.asynchttpclient.netty.channel.ChannelManager - Adding key: http://localhost:63829 for channel [id: 0x73875795, L:/127.0.0.1:50258 - R:localhost/127.0.0.1:63829]
11:58:51.105 [Forwarding screenshot on session 8309ffa76479d29a514eabd1acba0755 to remote] DEBUG org.asynchttpclient.netty.request.NettyRequestSender - Using pooled Channel '[id: 0x73875795, L:/127.0.0.1:50258 - R:localhost/127.0.0.1:63829]' for 'GET' to 'http://localhost:63829/session/8309ffa76479d29a514eabd1acba0755/screenshot'
11:58:51.105 [Forwarding screenshot on session 8309ffa76479d29a514eabd1acba0755 to remote] DEBUG org.asynchttpclient.netty.request.NettyRequestSender - Using open Channel [id: 0x73875795, L:/127.0.0.1:50258 - R:localhost/127.0.0.1:63829] for GET '/session/8309ffa76479d29a514eabd1acba0755/screenshot'
11:58:51.442 [AsyncHttpClient-1-1] DEBUG org.asynchttpclient.netty.channel.DefaultChannelPool - Entry count for : http://localhost:50259 : 1
11:58:51.719 [AsyncHttpClient-1-17] DEBUG org.asynchttpclient.netty.handler.HttpHandler - 

Request DefaultFullHttpRequest(decodeResult: success, version: HTTP/1.1, content: EmptyByteBufBE)
GET /session/8309ffa76479d29a514eabd1acba0755/screenshot HTTP/1.1
User-Agent: selenium/4.1.2 (java windows)
Cache-Control: no-cache
Content-Type: application/json; charset=utf-8
host: localhost:63829
accept: */*

Response DefaultHttpResponse(decodeResult: success, version: HTTP/1.1)
HTTP/1.1 200 OK
Content-Type: application/json; charset=utf-8
cache-control: no-cache
content-length: 1333812

11:58:51.719 [AsyncHttpClient-1-17] DEBUG org.asynchttpclient.netty.channel.ChannelManager - Adding key: http://localhost:63829 for channel [id: 0x73875795, L:/127.0.0.1:50258 - R:localhost/127.0.0.1:63829]
11:58:51.771 [main] DEBUG net.serenitybdd.core.photography.Darkroom - Send negative for processing for target\site\serenity\bdd6b4bbb63edac621e858dbddc1c489388f0c9629cb781a26c17e7b1aca6f03.png
11:58:51.771 [main] DEBUG net.thucydides.core.steps.StepInterceptor - STEP DONE: openUrl
11:58:51.771 [Darkroom Processing Line] DEBUG net.serenitybdd.core.photography.DarkroomProcessingLine - Processing screenshot image in /var/screenshots/screenshot-6320412279283852092
11:58:51.771 [Darkroom Processing Line] DEBUG net.serenitybdd.core.photography.DarkroomProcessingLine - Saving screenshot to target\site\serenity\bdd6b4bbb63edac621e858dbddc1c489388f0c9629cb781a26c17e7b1aca6f03.png
11:58:51.771 [main] DEBUG net.thucydides.core.steps.StepInterceptor - STARTING STEP: LoginStepDefinitions.iAmOnLoginPage - validateAccountIsApp
11:58:51.771 [Forwarding findElement on session 8309ffa76479d29a514eabd1acba0755 to remote] DEBUG org.asynchttpclient.netty.request.NettyRequestSender - Using pooled Channel '[id: 0x73875795, L:/127.0.0.1:50258 - R:localhost/127.0.0.1:63829]' for 'POST' to 'http://localhost:63829/session/8309ffa76479d29a514eabd1acba0755/element'
11:58:51.771 [Forwarding findElement on session 8309ffa76479d29a514eabd1acba0755 to remote] DEBUG org.asynchttpclient.netty.request.NettyRequestSender - Using open Channel [id: 0x73875795, L:/127.0.0.1:50258 - R:localhost/127.0.0.1:63829] for POST '/session/8309ffa76479d29a514eabd1acba0755/element'
11:58:51.771 [AsyncHttpClient-1-17] DEBUG org.asynchttpclient.netty.handler.HttpHandler - 

Request DefaultHttpRequest(decodeResult: success, version: HTTP/1.1)
POST /session/8309ffa76479d29a514eabd1acba0755/element HTTP/1.1
User-Agent: selenium/4.1.2 (java windows)
Content-Length: 46
Content-Type: application/json; charset=utf-8
host: localhost:63829
accept: */*

Response DefaultHttpResponse(decodeResult: success, version: HTTP/1.1)
HTTP/1.1 400 Bad Request
Content-Type: application/json; charset=utf-8
cache-control: no-cache
content-length: 958

11:58:51.771 [AsyncHttpClient-1-17] DEBUG org.asynchttpclient.netty.channel.ChannelManager - Adding key: http://localhost:63829 for channel [id: 0x73875795, L:/127.0.0.1:50258 - R:localhost/127.0.0.1:63829]
11:58:51.771 [Forwarding findElement on session 8309ffa76479d29a514eabd1acba0755 to remote] DEBUG org.asynchttpclient.netty.request.NettyRequestSender - Using pooled Channel '[id: 0x73875795, L:/127.0.0.1:50258 - R:localhost/127.0.0.1:63829]' for 'POST' to 'http://localhost:63829/session/8309ffa76479d29a514eabd1acba0755/element'
11:58:51.771 [Forwarding findElement on session 8309ffa76479d29a514eabd1acba0755 to remote] DEBUG org.asynchttpclient.netty.request.NettyRequestSender - Using open Channel [id: 0x73875795, L:/127.0.0.1:50258 - R:localhost/127.0.0.1:63829] for POST '/session/8309ffa76479d29a514eabd1acba0755/element'
11:58:51.784 [AsyncHttpClient-1-17] DEBUG org.asynchttpclient.netty.handler.HttpHandler - 

Request DefaultHttpRequest(decodeResult: success, version: HTTP/1.1)
POST /session/8309ffa76479d29a514eabd1acba0755/element HTTP/1.1
User-Agent: selenium/4.1.2 (java windows)
Content-Length: 56
Content-Type: application/json; charset=utf-8
host: localhost:63829
accept: */*

Response DefaultHttpResponse(decodeResult: success, version: HTTP/1.1)
HTTP/1.1 200 OK
Content-Type: application/json; charset=utf-8
cache-control: no-cache
content-length: 88

11:58:51.784 [AsyncHttpClient-1-17] DEBUG org.asynchttpclient.netty.channel.ChannelManager - Adding key: http://localhost:63829 for channel [id: 0x73875795, L:/127.0.0.1:50258 - R:localhost/127.0.0.1:63829]
11:58:51.784 [Forwarding isElementDisplayed on session 8309ffa76479d29a514eabd1acba0755 to remote] DEBUG org.asynchttpclient.netty.request.NettyRequestSender - Using pooled Channel '[id: 0x73875795, L:/127.0.0.1:50258 - R:localhost/127.0.0.1:63829]' for 'POST' to 'http://localhost:63829/session/8309ffa76479d29a514eabd1acba0755/execute/sync'
11:58:51.784 [Forwarding isElementDisplayed on session 8309ffa76479d29a514eabd1acba0755 to remote] DEBUG org.asynchttpclient.netty.request.NettyRequestSender - Using open Channel [id: 0x73875795, L:/127.0.0.1:50258 - R:localhost/127.0.0.1:63829] for POST '/session/8309ffa76479d29a514eabd1acba0755/execute/sync'
11:58:51.800 [AsyncHttpClient-1-17] DEBUG org.asynchttpclient.netty.handler.HttpHandler - 

Request DefaultHttpRequest(decodeResult: success, version: HTTP/1.1)
POST /session/8309ffa76479d29a514eabd1acba0755/execute/sync HTTP/1.1
User-Agent: selenium/4.1.2 (java windows)
Content-Length: 48780
Content-Type: application/json; charset=utf-8
host: localhost:63829
accept: */*

Response DefaultHttpResponse(decodeResult: success, version: HTTP/1.1)
HTTP/1.1 200 OK
Content-Type: application/json; charset=utf-8
cache-control: no-cache
content-length: 14

11:58:51.800 [AsyncHttpClient-1-17] DEBUG org.asynchttpclient.netty.channel.ChannelManager - Adding key: http://localhost:63829 for channel [id: 0x73875795, L:/127.0.0.1:50258 - R:localhost/127.0.0.1:63829]
11:58:51.819 [main] DEBUG net.thucydides.core.steps.StepInterceptor - STEP DONE: validateAccountIsApp
11:58:51.819 [main] DEBUG net.thucydides.core.steps.StepInterceptor - STARTING STEP: LoginStepDefinitions.iAmOnLoginPage - clickIconAccount
11:58:51.819 [Forwarding findElement on session 8309ffa76479d29a514eabd1acba0755 to remote] DEBUG org.asynchttpclient.netty.request.NettyRequestSender - Using pooled Channel '[id: 0x73875795, L:/127.0.0.1:50258 - R:localhost/127.0.0.1:63829]' for 'POST' to 'http://localhost:63829/session/8309ffa76479d29a514eabd1acba0755/element'
11:58:51.819 [Forwarding findElement on session 8309ffa76479d29a514eabd1acba0755 to remote] DEBUG org.asynchttpclient.netty.request.NettyRequestSender - Using open Channel [id: 0x73875795, L:/127.0.0.1:50258 - R:localhost/127.0.0.1:63829] for POST '/session/8309ffa76479d29a514eabd1acba0755/element'
11:58:51.819 [AsyncHttpClient-1-17] DEBUG org.asynchttpclient.netty.handler.HttpHandler - 

Request DefaultHttpRequest(decodeResult: success, version: HTTP/1.1)
POST /session/8309ffa76479d29a514eabd1acba0755/element HTTP/1.1
User-Agent: selenium/4.1.2 (java windows)
Content-Length: 56
Content-Type: application/json; charset=utf-8
host: localhost:63829
accept: */*

Response DefaultHttpResponse(decodeResult: success, version: HTTP/1.1)
HTTP/1.1 200 OK
Content-Type: application/json; charset=utf-8
cache-control: no-cache
content-length: 88

11:58:51.819 [AsyncHttpClient-1-17] DEBUG org.asynchttpclient.netty.channel.ChannelManager - Adding key: http://localhost:63829 for channel [id: 0x73875795, L:/127.0.0.1:50258 - R:localhost/127.0.0.1:63829]
11:58:51.835 [Forwarding getElementTagName on session 8309ffa76479d29a514eabd1acba0755 to remote] DEBUG org.asynchttpclient.netty.request.NettyRequestSender - Using pooled Channel '[id: 0x73875795, L:/127.0.0.1:50258 - R:localhost/127.0.0.1:63829]' for 'GET' to 'http://localhost:63829/session/8309ffa76479d29a514eabd1acba0755/element/d0b6df70-3319-4c6c-a79b-f44ba9bae7b5/name'
11:58:51.835 [Forwarding getElementTagName on session 8309ffa76479d29a514eabd1acba0755 to remote] DEBUG org.asynchttpclient.netty.request.NettyRequestSender - Using open Channel [id: 0x73875795, L:/127.0.0.1:50258 - R:localhost/127.0.0.1:63829] for GET '/session/8309ffa76479d29a514eabd1acba0755/element/d0b6df70-3319-4c6c-a79b-f44ba9bae7b5/name'
11:58:51.836 [AsyncHttpClient-1-17] DEBUG org.asynchttpclient.netty.handler.HttpHandler - 

Request DefaultFullHttpRequest(decodeResult: success, version: HTTP/1.1, content: EmptyByteBufBE)
GET /session/8309ffa76479d29a514eabd1acba0755/element/d0b6df70-3319-4c6c-a79b-f44ba9bae7b5/name HTTP/1.1
User-Agent: selenium/4.1.2 (java windows)
Cache-Control: no-cache
Content-Type: application/json; charset=utf-8
host: localhost:63829
accept: */*

Response DefaultHttpResponse(decodeResult: success, version: HTTP/1.1)
HTTP/1.1 200 OK
Content-Type: application/json; charset=utf-8
cache-control: no-cache
content-length: 13

11:58:51.836 [AsyncHttpClient-1-17] DEBUG org.asynchttpclient.netty.channel.ChannelManager - Adding key: http://localhost:63829 for channel [id: 0x73875795, L:/127.0.0.1:50258 - R:localhost/127.0.0.1:63829]
11:58:51.836 [Forwarding getElementTagName on session 8309ffa76479d29a514eabd1acba0755 to remote] DEBUG org.asynchttpclient.netty.request.NettyRequestSender - Using pooled Channel '[id: 0x73875795, L:/127.0.0.1:50258 - R:localhost/127.0.0.1:63829]' for 'GET' to 'http://localhost:63829/session/8309ffa76479d29a514eabd1acba0755/element/d0b6df70-3319-4c6c-a79b-f44ba9bae7b5/name'
11:58:51.836 [Forwarding getElementTagName on session 8309ffa76479d29a514eabd1acba0755 to remote] DEBUG org.asynchttpclient.netty.request.NettyRequestSender - Using open Channel [id: 0x73875795, L:/127.0.0.1:50258 - R:localhost/127.0.0.1:63829] for GET '/session/8309ffa76479d29a514eabd1acba0755/element/d0b6df70-3319-4c6c-a79b-f44ba9bae7b5/name'
11:58:51.836 [AsyncHttpClient-1-17] DEBUG org.asynchttpclient.netty.handler.HttpHandler - 

Request DefaultFullHttpRequest(decodeResult: success, version: HTTP/1.1, content: EmptyByteBufBE)
GET /session/8309ffa76479d29a514eabd1acba0755/element/d0b6df70-3319-4c6c-a79b-f44ba9bae7b5/name HTTP/1.1
User-Agent: selenium/4.1.2 (java windows)
Cache-Control: no-cache
Content-Type: application/json; charset=utf-8
host: localhost:63829
accept: */*

Response DefaultHttpResponse(decodeResult: success, version: HTTP/1.1)
HTTP/1.1 200 OK
Content-Type: application/json; charset=utf-8
cache-control: no-cache
content-length: 13

11:58:51.836 [AsyncHttpClient-1-17] DEBUG org.asynchttpclient.netty.channel.ChannelManager - Adding key: http://localhost:63829 for channel [id: 0x73875795, L:/127.0.0.1:50258 - R:localhost/127.0.0.1:63829]
11:58:51.836 [Forwarding findElement on session 8309ffa76479d29a514eabd1acba0755 to remote] DEBUG org.asynchttpclient.netty.request.NettyRequestSender - Using pooled Channel '[id: 0x73875795, L:/127.0.0.1:50258 - R:localhost/127.0.0.1:63829]' for 'POST' to 'http://localhost:63829/session/8309ffa76479d29a514eabd1acba0755/element'
11:58:51.836 [Forwarding findElement on session 8309ffa76479d29a514eabd1acba0755 to remote] DEBUG org.asynchttpclient.netty.request.NettyRequestSender - Using open Channel [id: 0x73875795, L:/127.0.0.1:50258 - R:localhost/127.0.0.1:63829] for POST '/session/8309ffa76479d29a514eabd1acba0755/element'
11:58:51.852 [AsyncHttpClient-1-17] DEBUG org.asynchttpclient.netty.handler.HttpHandler - 

Request DefaultHttpRequest(decodeResult: success, version: HTTP/1.1)
POST /session/8309ffa76479d29a514eabd1acba0755/element HTTP/1.1
User-Agent: selenium/4.1.2 (java windows)
Content-Length: 56
Content-Type: application/json; charset=utf-8
host: localhost:63829
accept: */*

Response DefaultHttpResponse(decodeResult: success, version: HTTP/1.1)
HTTP/1.1 200 OK
Content-Type: application/json; charset=utf-8
cache-control: no-cache
content-length: 88

11:58:51.852 [AsyncHttpClient-1-17] DEBUG org.asynchttpclient.netty.channel.ChannelManager - Adding key: http://localhost:63829 for channel [id: 0x73875795, L:/127.0.0.1:50258 - R:localhost/127.0.0.1:63829]
11:58:51.852 [Forwarding clickElement on session 8309ffa76479d29a514eabd1acba0755 to remote] DEBUG org.asynchttpclient.netty.request.NettyRequestSender - Using pooled Channel '[id: 0x73875795, L:/127.0.0.1:50258 - R:localhost/127.0.0.1:63829]' for 'POST' to 'http://localhost:63829/session/8309ffa76479d29a514eabd1acba0755/element/d0b6df70-3319-4c6c-a79b-f44ba9bae7b5/click'
11:58:51.852 [Forwarding clickElement on session 8309ffa76479d29a514eabd1acba0755 to remote] DEBUG org.asynchttpclient.netty.request.NettyRequestSender - Using open Channel [id: 0x73875795, L:/127.0.0.1:50258 - R:localhost/127.0.0.1:63829] for POST '/session/8309ffa76479d29a514eabd1acba0755/element/d0b6df70-3319-4c6c-a79b-f44ba9bae7b5/click'
11:58:51.960 [AsyncHttpClient-1-17] DEBUG org.asynchttpclient.netty.handler.HttpHandler - 

Request DefaultHttpRequest(decodeResult: success, version: HTTP/1.1)
POST /session/8309ffa76479d29a514eabd1acba0755/element/d0b6df70-3319-4c6c-a79b-f44ba9bae7b5/click HTTP/1.1
User-Agent: selenium/4.1.2 (java windows)
Content-Length: 50
Content-Type: application/json; charset=utf-8
host: localhost:63829
accept: */*

Response DefaultHttpResponse(decodeResult: success, version: HTTP/1.1)
HTTP/1.1 200 OK
Content-Type: application/json; charset=utf-8
cache-control: no-cache
content-length: 14

11:58:51.961 [AsyncHttpClient-1-17] DEBUG org.asynchttpclient.netty.channel.ChannelManager - Adding key: http://localhost:63829 for channel [id: 0x73875795, L:/127.0.0.1:50258 - R:localhost/127.0.0.1:63829]
11:58:51.969 [Forwarding screenshot on session 8309ffa76479d29a514eabd1acba0755 to remote] DEBUG org.asynchttpclient.netty.request.NettyRequestSender - Using pooled Channel '[id: 0x73875795, L:/127.0.0.1:50258 - R:localhost/127.0.0.1:63829]' for 'GET' to 'http://localhost:63829/session/8309ffa76479d29a514eabd1acba0755/screenshot'
11:58:51.969 [Forwarding screenshot on session 8309ffa76479d29a514eabd1acba0755 to remote] DEBUG org.asynchttpclient.netty.request.NettyRequestSender - Using open Channel [id: 0x73875795, L:/127.0.0.1:50258 - R:localhost/127.0.0.1:63829] for GET '/session/8309ffa76479d29a514eabd1acba0755/screenshot'
11:58:52.541 [AsyncHttpClient-1-1] DEBUG org.asynchttpclient.netty.channel.DefaultChannelPool - Entry count for : http://localhost:50259 : 1
11:58:52.757 [AsyncHttpClient-1-17] DEBUG org.asynchttpclient.netty.handler.HttpHandler - 

Request DefaultFullHttpRequest(decodeResult: success, version: HTTP/1.1, content: EmptyByteBufBE)
GET /session/8309ffa76479d29a514eabd1acba0755/screenshot HTTP/1.1
User-Agent: selenium/4.1.2 (java windows)
Cache-Control: no-cache
Content-Type: application/json; charset=utf-8
host: localhost:63829
accept: */*

Response DefaultHttpResponse(decodeResult: success, version: HTTP/1.1)
HTTP/1.1 200 OK
Content-Type: application/json; charset=utf-8
cache-control: no-cache
content-length: 1333764

11:58:52.760 [AsyncHttpClient-1-17] DEBUG org.asynchttpclient.netty.channel.ChannelManager - Adding key: http://localhost:63829 for channel [id: 0x73875795, L:/127.0.0.1:50258 - R:localhost/127.0.0.1:63829]
11:58:52.800 [main] DEBUG net.serenitybdd.core.photography.Darkroom - Send negative for processing for target\site\serenity\8ebfccc2adf870e704f9b717a91c2ad0ba06df6816b2766fa52f2699959cca85.png
11:58:52.801 [main] DEBUG net.thucydides.core.steps.StepInterceptor - STEP DONE: clickIconAccount
11:58:52.801 [Darkroom Processing Line] DEBUG net.serenitybdd.core.photography.DarkroomProcessingLine - Processing screenshot image in /var/screenshots/screenshot-4601258480630672915
11:58:52.801 [Darkroom Processing Line] DEBUG net.serenitybdd.core.photography.DarkroomProcessingLine - Saving screenshot to target\site\serenity\8ebfccc2adf870e704f9b717a91c2ad0ba06df6816b2766fa52f2699959cca85.png
11:58:52.808 [main] DEBUG net.thucydides.core.steps.StepInterceptor - STARTING STEP: LoginStepDefinitions.iAmOnLoginPage - validateLoginFormIsApp
11:58:52.812 [Forwarding findElement on session 8309ffa76479d29a514eabd1acba0755 to remote] DEBUG org.asynchttpclient.netty.request.NettyRequestSender - Using pooled Channel '[id: 0x73875795, L:/127.0.0.1:50258 - R:localhost/127.0.0.1:63829]' for 'POST' to 'http://localhost:63829/session/8309ffa76479d29a514eabd1acba0755/element'
11:58:52.812 [Forwarding findElement on session 8309ffa76479d29a514eabd1acba0755 to remote] DEBUG org.asynchttpclient.netty.request.NettyRequestSender - Using open Channel [id: 0x73875795, L:/127.0.0.1:50258 - R:localhost/127.0.0.1:63829] for POST '/session/8309ffa76479d29a514eabd1acba0755/element'
11:58:52.917 [AsyncHttpClient-1-17] DEBUG org.asynchttpclient.netty.handler.HttpHandler - 

Request DefaultHttpRequest(decodeResult: success, version: HTTP/1.1)
POST /session/8309ffa76479d29a514eabd1acba0755/element HTTP/1.1
User-Agent: selenium/4.1.2 (java windows)
Content-Length: 103
Content-Type: application/json; charset=utf-8
host: localhost:63829
accept: */*

Response DefaultHttpResponse(decodeResult: success, version: HTTP/1.1)
HTTP/1.1 200 OK
Content-Type: application/json; charset=utf-8
cache-control: no-cache
content-length: 88

11:58:52.917 [AsyncHttpClient-1-17] DEBUG org.asynchttpclient.netty.channel.ChannelManager - Adding key: http://localhost:63829 for channel [id: 0x73875795, L:/127.0.0.1:50258 - R:localhost/127.0.0.1:63829]
11:58:52.921 [Forwarding isElementDisplayed on session 8309ffa76479d29a514eabd1acba0755 to remote] DEBUG org.asynchttpclient.netty.request.NettyRequestSender - Using pooled Channel '[id: 0x73875795, L:/127.0.0.1:50258 - R:localhost/127.0.0.1:63829]' for 'POST' to 'http://localhost:63829/session/8309ffa76479d29a514eabd1acba0755/execute/sync'
11:58:52.921 [Forwarding isElementDisplayed on session 8309ffa76479d29a514eabd1acba0755 to remote] DEBUG org.asynchttpclient.netty.request.NettyRequestSender - Using open Channel [id: 0x73875795, L:/127.0.0.1:50258 - R:localhost/127.0.0.1:63829] for POST '/session/8309ffa76479d29a514eabd1acba0755/execute/sync'
11:58:52.940 [AsyncHttpClient-1-17] DEBUG org.asynchttpclient.netty.handler.HttpHandler - 

Request DefaultHttpRequest(decodeResult: success, version: HTTP/1.1)
POST /session/8309ffa76479d29a514eabd1acba0755/execute/sync HTTP/1.1
User-Agent: selenium/4.1.2 (java windows)
Content-Length: 48780
Content-Type: application/json; charset=utf-8
host: localhost:63829
accept: */*

Response DefaultHttpResponse(decodeResult: success, version: HTTP/1.1)
HTTP/1.1 200 OK
Content-Type: application/json; charset=utf-8
cache-control: no-cache
content-length: 14

11:58:52.940 [AsyncHttpClient-1-17] DEBUG org.asynchttpclient.netty.channel.ChannelManager - Adding key: http://localhost:63829 for channel [id: 0x73875795, L:/127.0.0.1:50258 - R:localhost/127.0.0.1:63829]
11:58:52.946 [Forwarding screenshot on session 8309ffa76479d29a514eabd1acba0755 to remote] DEBUG org.asynchttpclient.netty.request.NettyRequestSender - Using pooled Channel '[id: 0x73875795, L:/127.0.0.1:50258 - R:localhost/127.0.0.1:63829]' for 'GET' to 'http://localhost:63829/session/8309ffa76479d29a514eabd1acba0755/screenshot'
11:58:52.947 [Forwarding screenshot on session 8309ffa76479d29a514eabd1acba0755 to remote] DEBUG org.asynchttpclient.netty.request.NettyRequestSender - Using open Channel [id: 0x73875795, L:/127.0.0.1:50258 - R:localhost/127.0.0.1:63829] for GET '/session/8309ffa76479d29a514eabd1acba0755/screenshot'
11:58:53.323 [AsyncHttpClient-1-17] DEBUG org.asynchttpclient.netty.handler.HttpHandler - 

Request DefaultFullHttpRequest(decodeResult: success, version: HTTP/1.1, content: EmptyByteBufBE)
GET /session/8309ffa76479d29a514eabd1acba0755/screenshot HTTP/1.1
User-Agent: selenium/4.1.2 (java windows)
Cache-Control: no-cache
Content-Type: application/json; charset=utf-8
host: localhost:63829
accept: */*

Response DefaultHttpResponse(decodeResult: success, version: HTTP/1.1)
HTTP/1.1 200 OK
Content-Type: application/json; charset=utf-8
cache-control: no-cache
content-length: 509216

11:58:53.323 [AsyncHttpClient-1-17] DEBUG org.asynchttpclient.netty.channel.ChannelManager - Adding key: http://localhost:63829 for channel [id: 0x73875795, L:/127.0.0.1:50258 - R:localhost/127.0.0.1:63829]
11:58:53.330 [main] DEBUG net.serenitybdd.core.photography.Darkroom - Send negative for processing for target\site\serenity\a200ef5052f2b4a1867258cbfe25b7fcc1e93a3524ca11565af41ee7839c936a.png
11:58:53.330 [main] DEBUG net.thucydides.core.steps.StepInterceptor - STEP DONE: validateLoginFormIsApp
  &amp#27;[32mGiven &amp#27;[0m&amp#27;[32mi am on login page&amp#27;[0m                      &amp#27;[90m# starter.stepdefinitions.LoginStepDefinitions.iAmOnLoginPage()&amp#27;[0m
11:58:53.330 [Darkroom Processing Line] DEBUG net.serenitybdd.core.photography.DarkroomProcessingLine - Processing screenshot image in /var/screenshots/screenshot-8970617215177836088
11:58:53.330 [Darkroom Processing Line] DEBUG net.serenitybdd.core.photography.DarkroomProcessingLine - Saving screenshot to target\site\serenity\a200ef5052f2b4a1867258cbfe25b7fcc1e93a3524ca11565af41ee7839c936a.png
11:58:53.345 [main] DEBUG net.thucydides.core.steps.StepInterceptor - STARTING STEP: LoginStepDefinitions.iInputUsername - inputUsername
11:58:53.361 [Forwarding findElement on session 8309ffa76479d29a514eabd1acba0755 to remote] DEBUG org.asynchttpclient.netty.request.NettyRequestSender - Using pooled Channel '[id: 0x73875795, L:/127.0.0.1:50258 - R:localhost/127.0.0.1:63829]' for 'POST' to 'http://localhost:63829/session/8309ffa76479d29a514eabd1acba0755/element'
11:58:53.361 [Forwarding findElement on session 8309ffa76479d29a514eabd1acba0755 to remote] DEBUG org.asynchttpclient.netty.request.NettyRequestSender - Using open Channel [id: 0x73875795, L:/127.0.0.1:50258 - R:localhost/127.0.0.1:63829] for POST '/session/8309ffa76479d29a514eabd1acba0755/element'
11:58:53.361 [AsyncHttpClient-1-17] DEBUG org.asynchttpclient.netty.handler.HttpHandler - 

Request DefaultHttpRequest(decodeResult: success, version: HTTP/1.1)
POST /session/8309ffa76479d29a514eabd1acba0755/element HTTP/1.1
User-Agent: selenium/4.1.2 (java windows)
Content-Length: 53
Content-Type: application/json; charset=utf-8
host: localhost:63829
accept: */*

Response DefaultHttpResponse(decodeResult: success, version: HTTP/1.1)
HTTP/1.1 200 OK
Content-Type: application/json; charset=utf-8
cache-control: no-cache
content-length: 88

11:58:53.361 [AsyncHttpClient-1-17] DEBUG org.asynchttpclient.netty.channel.ChannelManager - Adding key: http://localhost:63829 for channel [id: 0x73875795, L:/127.0.0.1:50258 - R:localhost/127.0.0.1:63829]
11:58:53.361 [Forwarding clearElement on session 8309ffa76479d29a514eabd1acba0755 to remote] DEBUG org.asynchttpclient.netty.request.NettyRequestSender - Using pooled Channel '[id: 0x73875795, L:/127.0.0.1:50258 - R:localhost/127.0.0.1:63829]' for 'POST' to 'http://localhost:63829/session/8309ffa76479d29a514eabd1acba0755/element/fc20fca7-5a29-47a9-add0-2097ce1d456f/clear'
11:58:53.361 [Forwarding clearElement on session 8309ffa76479d29a514eabd1acba0755 to remote] DEBUG org.asynchttpclient.netty.request.NettyRequestSender - Using open Channel [id: 0x73875795, L:/127.0.0.1:50258 - R:localhost/127.0.0.1:63829] for POST '/session/8309ffa76479d29a514eabd1acba0755/element/fc20fca7-5a29-47a9-add0-2097ce1d456f/clear'
11:58:53.407 [AsyncHttpClient-1-17] DEBUG org.asynchttpclient.netty.handler.HttpHandler - 

Request DefaultHttpRequest(decodeResult: success, version: HTTP/1.1)
POST /session/8309ffa76479d29a514eabd1acba0755/element/fc20fca7-5a29-47a9-add0-2097ce1d456f/clear HTTP/1.1
User-Agent: selenium/4.1.2 (java windows)
Content-Length: 50
Content-Type: application/json; charset=utf-8
host: localhost:63829
accept: */*

Response DefaultHttpResponse(decodeResult: success, version: HTTP/1.1)
HTTP/1.1 200 OK
Content-Type: application/json; charset=utf-8
cache-control: no-cache
content-length: 14

11:58:53.407 [AsyncHttpClient-1-17] DEBUG org.asynchttpclient.netty.channel.ChannelManager - Adding key: http://localhost:63829 for channel [id: 0x73875795, L:/127.0.0.1:50258 - R:localhost/127.0.0.1:63829]
11:58:53.407 [Forwarding sendKeysToElement on session 8309ffa76479d29a514eabd1acba0755 to remote] DEBUG org.asynchttpclient.netty.request.NettyRequestSender - Using pooled Channel '[id: 0x73875795, L:/127.0.0.1:50258 - R:localhost/127.0.0.1:63829]' for 'POST' to 'http://localhost:63829/session/8309ffa76479d29a514eabd1acba0755/element/fc20fca7-5a29-47a9-add0-2097ce1d456f/value'
11:58:53.407 [Forwarding sendKeysToElement on session 8309ffa76479d29a514eabd1acba0755 to remote] DEBUG org.asynchttpclient.netty.request.NettyRequestSender - Using open Channel [id: 0x73875795, L:/127.0.0.1:50258 - R:localhost/127.0.0.1:63829] for POST '/session/8309ffa76479d29a514eabd1acba0755/element/fc20fca7-5a29-47a9-add0-2097ce1d456f/value'
11:58:53.594 [AsyncHttpClient-1-17] DEBUG org.asynchttpclient.netty.handler.HttpHandler - 

Request DefaultHttpRequest(decodeResult: success, version: HTTP/1.1)
POST /session/8309ffa76479d29a514eabd1acba0755/element/fc20fca7-5a29-47a9-add0-2097ce1d456f/value HTTP/1.1
User-Agent: selenium/4.1.2 (java windows)
Content-Length: 291
Content-Type: application/json; charset=utf-8
host: localhost:63829
accept: */*

Response DefaultHttpResponse(decodeResult: success, version: HTTP/1.1)
HTTP/1.1 200 OK
Content-Type: application/json; charset=utf-8
cache-control: no-cache
content-length: 14

11:58:53.594 [AsyncHttpClient-1-17] DEBUG org.asynchttpclient.netty.channel.ChannelManager - Adding key: http://localhost:63829 for channel [id: 0x73875795, L:/127.0.0.1:50258 - R:localhost/127.0.0.1:63829]
11:58:53.602 [Forwarding screenshot on session 8309ffa76479d29a514eabd1acba0755 to remote] DEBUG org.asynchttpclient.netty.request.NettyRequestSender - Using pooled Channel '[id: 0x73875795, L:/127.0.0.1:50258 - R:localhost/127.0.0.1:63829]' for 'GET' to 'http://localhost:63829/session/8309ffa76479d29a514eabd1acba0755/screenshot'
11:58:53.602 [Forwarding screenshot on session 8309ffa76479d29a514eabd1acba0755 to remote] DEBUG org.asynchttpclient.netty.request.NettyRequestSender - Using open Channel [id: 0x73875795, L:/127.0.0.1:50258 - R:localhost/127.0.0.1:63829] for GET '/session/8309ffa76479d29a514eabd1acba0755/screenshot'
11:58:53.642 [AsyncHttpClient-1-1] DEBUG org.asynchttpclient.netty.channel.DefaultChannelPool - Entry count for : http://localhost:50259 : 1
11:58:53.885 [AsyncHttpClient-1-17] DEBUG org.asynchttpclient.netty.handler.HttpHandler - 

Request DefaultFullHttpRequest(decodeResult: success, version: HTTP/1.1, content: EmptyByteBufBE)
GET /session/8309ffa76479d29a514eabd1acba0755/screenshot HTTP/1.1
User-Agent: selenium/4.1.2 (java windows)
Cache-Control: no-cache
Content-Type: application/json; charset=utf-8
host: localhost:63829
accept: */*

Response DefaultHttpResponse(decodeResult: success, version: HTTP/1.1)
HTTP/1.1 200 OK
Content-Type: application/json; charset=utf-8
cache-control: no-cache
content-length: 520016

11:58:53.885 [AsyncHttpClient-1-17] DEBUG org.asynchttpclient.netty.channel.ChannelManager - Adding key: http://localhost:63829 for channel [id: 0x73875795, L:/127.0.0.1:50258 - R:localhost/127.0.0.1:63829]
11:58:53.901 [main] DEBUG net.serenitybdd.core.photography.Darkroom - Send negative for processing for target\site\serenity\7a5e576fc0b214579285a5902515ea48067760a7c15058d5212f6e1a2fa91a59.png
11:58:53.901 [main] DEBUG net.thucydides.core.steps.StepInterceptor - STEP DONE: inputUsername
  &amp#27;[32mWhen &amp#27;[0m&amp#27;[32mi input &amp#27;[0m&amp#27;[32m&amp#27;[1m"dummyforta2@gmail.com"&amp#27;[0m&amp#27;[32m username&amp#27;[0m &amp#27;[90m# starter.stepdefinitions.LoginStepDefinitions.iInputUsername(java.lang.String)&amp#27;[0m
11:58:53.901 [Darkroom Processing Line] DEBUG net.serenitybdd.core.photography.DarkroomProcessingLine - Processing screenshot image in /var/screenshots/screenshot-14076782890192106119
11:58:53.901 [Darkroom Processing Line] DEBUG net.serenitybdd.core.photography.DarkroomProcessingLine - Saving screenshot to target\site\serenity\7a5e576fc0b214579285a5902515ea48067760a7c15058d5212f6e1a2fa91a59.png
11:58:53.916 [main] DEBUG net.thucydides.core.steps.StepInterceptor - STARTING STEP: LoginStepDefinitions.iInputPassword - inputPassword
11:58:53.916 [Forwarding findElement on session 8309ffa76479d29a514eabd1acba0755 to remote] DEBUG org.asynchttpclient.netty.request.NettyRequestSender - Using pooled Channel '[id: 0x73875795, L:/127.0.0.1:50258 - R:localhost/127.0.0.1:63829]' for 'POST' to 'http://localhost:63829/session/8309ffa76479d29a514eabd1acba0755/element'
11:58:53.916 [Forwarding findElement on session 8309ffa76479d29a514eabd1acba0755 to remote] DEBUG org.asynchttpclient.netty.request.NettyRequestSender - Using open Channel [id: 0x73875795, L:/127.0.0.1:50258 - R:localhost/127.0.0.1:63829] for POST '/session/8309ffa76479d29a514eabd1acba0755/element'
11:58:53.932 [AsyncHttpClient-1-17] DEBUG org.asynchttpclient.netty.handler.HttpHandler - 

Request DefaultHttpRequest(decodeResult: success, version: HTTP/1.1)
POST /session/8309ffa76479d29a514eabd1acba0755/element HTTP/1.1
User-Agent: selenium/4.1.2 (java windows)
Content-Length: 53
Content-Type: application/json; charset=utf-8
host: localhost:63829
accept: */*

Response DefaultHttpResponse(decodeResult: success, version: HTTP/1.1)
HTTP/1.1 200 OK
Content-Type: application/json; charset=utf-8
cache-control: no-cache
content-length: 88

11:58:53.932 [AsyncHttpClient-1-17] DEBUG org.asynchttpclient.netty.channel.ChannelManager - Adding key: http://localhost:63829 for channel [id: 0x73875795, L:/127.0.0.1:50258 - R:localhost/127.0.0.1:63829]
11:58:53.932 [Forwarding clearElement on session 8309ffa76479d29a514eabd1acba0755 to remote] DEBUG org.asynchttpclient.netty.request.NettyRequestSender - Using pooled Channel '[id: 0x73875795, L:/127.0.0.1:50258 - R:localhost/127.0.0.1:63829]' for 'POST' to 'http://localhost:63829/session/8309ffa76479d29a514eabd1acba0755/element/8c4bd09f-216b-4297-b090-f177c904cf91/clear'
11:58:53.932 [Forwarding clearElement on session 8309ffa76479d29a514eabd1acba0755 to remote] DEBUG org.asynchttpclient.netty.request.NettyRequestSender - Using open Channel [id: 0x73875795, L:/127.0.0.1:50258 - R:localhost/127.0.0.1:63829] for POST '/session/8309ffa76479d29a514eabd1acba0755/element/8c4bd09f-216b-4297-b090-f177c904cf91/clear'
11:58:53.979 [AsyncHttpClient-1-17] DEBUG org.asynchttpclient.netty.handler.HttpHandler - 

Request DefaultHttpRequest(decodeResult: success, version: HTTP/1.1)
POST /session/8309ffa76479d29a514eabd1acba0755/element/8c4bd09f-216b-4297-b090-f177c904cf91/clear HTTP/1.1
User-Agent: selenium/4.1.2 (java windows)
Content-Length: 50
Content-Type: application/json; charset=utf-8
host: localhost:63829
accept: */*

Response DefaultHttpResponse(decodeResult: success, version: HTTP/1.1)
HTTP/1.1 200 OK
Content-Type: application/json; charset=utf-8
cache-control: no-cache
content-length: 14

11:58:53.979 [AsyncHttpClient-1-17] DEBUG org.asynchttpclient.netty.channel.ChannelManager - Adding key: http://localhost:63829 for channel [id: 0x73875795, L:/127.0.0.1:50258 - R:localhost/127.0.0.1:63829]
11:58:53.979 [Forwarding sendKeysToElement on session 8309ffa76479d29a514eabd1acba0755 to remote] DEBUG org.asynchttpclient.netty.request.NettyRequestSender - Using pooled Channel '[id: 0x73875795, L:/127.0.0.1:50258 - R:localhost/127.0.0.1:63829]' for 'POST' to 'http://localhost:63829/session/8309ffa76479d29a514eabd1acba0755/element/8c4bd09f-216b-4297-b090-f177c904cf91/value'
11:58:53.979 [Forwarding sendKeysToElement on session 8309ffa76479d29a514eabd1acba0755 to remote] DEBUG org.asynchttpclient.netty.request.NettyRequestSender - Using open Channel [id: 0x73875795, L:/127.0.0.1:50258 - R:localhost/127.0.0.1:63829] for POST '/session/8309ffa76479d29a514eabd1acba0755/element/8c4bd09f-216b-4297-b090-f177c904cf91/value'
11:58:54.052 [AsyncHttpClient-1-17] DEBUG org.asynchttpclient.netty.handler.HttpHandler - 

Request DefaultHttpRequest(decodeResult: success, version: HTTP/1.1)
POST /session/8309ffa76479d29a514eabd1acba0755/element/8c4bd09f-216b-4297-b090-f177c904cf91/value HTTP/1.1
User-Agent: selenium/4.1.2 (java windows)
Content-Length: 211
Content-Type: application/json; charset=utf-8
host: localhost:63829
accept: */*

Response DefaultHttpResponse(decodeResult: success, version: HTTP/1.1)
HTTP/1.1 200 OK
Content-Type: application/json; charset=utf-8
cache-control: no-cache
content-length: 14

11:58:54.052 [AsyncHttpClient-1-17] DEBUG org.asynchttpclient.netty.channel.ChannelManager - Adding key: http://localhost:63829 for channel [id: 0x73875795, L:/127.0.0.1:50258 - R:localhost/127.0.0.1:63829]
11:58:54.057 [Forwarding screenshot on session 8309ffa76479d29a514eabd1acba0755 to remote] DEBUG org.asynchttpclient.netty.request.NettyRequestSender - Using pooled Channel '[id: 0x73875795, L:/127.0.0.1:50258 - R:localhost/127.0.0.1:63829]' for 'GET' to 'http://localhost:63829/session/8309ffa76479d29a514eabd1acba0755/screenshot'
11:58:54.057 [Forwarding screenshot on session 8309ffa76479d29a514eabd1acba0755 to remote] DEBUG org.asynchttpclient.netty.request.NettyRequestSender - Using open Channel [id: 0x73875795, L:/127.0.0.1:50258 - R:localhost/127.0.0.1:63829] for GET '/session/8309ffa76479d29a514eabd1acba0755/screenshot'
11:58:54.319 [AsyncHttpClient-1-17] DEBUG org.asynchttpclient.netty.handler.HttpHandler - 

Request DefaultFullHttpRequest(decodeResult: success, version: HTTP/1.1, content: EmptyByteBufBE)
GET /session/8309ffa76479d29a514eabd1acba0755/screenshot HTTP/1.1
User-Agent: selenium/4.1.2 (java windows)
Cache-Control: no-cache
Content-Type: application/json; charset=utf-8
host: localhost:63829
accept: */*

Response DefaultHttpResponse(decodeResult: success, version: HTTP/1.1)
HTTP/1.1 200 OK
Content-Type: application/json; charset=utf-8
cache-control: no-cache
content-length: 521012

11:58:54.319 [AsyncHttpClient-1-17] DEBUG org.asynchttpclient.netty.channel.ChannelManager - Adding key: http://localhost:63829 for channel [id: 0x73875795, L:/127.0.0.1:50258 - R:localhost/127.0.0.1:63829]
11:58:54.335 [main] DEBUG net.serenitybdd.core.photography.Darkroom - Send negative for processing for target\site\serenity\8fcdbdaa65d2f0ea604bed17bdf7dc32e5635c0446d186a7bb147aebb50441e6.png
11:58:54.335 [main] DEBUG net.thucydides.core.steps.StepInterceptor - STEP DONE: inputPassword
  &amp#27;[32mAnd &amp#27;[0m&amp#27;[32mi input &amp#27;[0m&amp#27;[32m&amp#27;[1m"realgladz1511"&amp#27;[0m&amp#27;[32m password&amp#27;[0m          &amp#27;[90m# starter.stepdefinitions.LoginStepDefinitions.iInputPassword(java.lang.String)&amp#27;[0m
11:58:54.335 [Darkroom Processing Line] DEBUG net.serenitybdd.core.photography.DarkroomProcessingLine - Processing screenshot image in /var/screenshots/screenshot-10456127397602511866
11:58:54.335 [Darkroom Processing Line] DEBUG net.serenitybdd.core.photography.DarkroomProcessingLine - Saving screenshot to target\site\serenity\8fcdbdaa65d2f0ea604bed17bdf7dc32e5635c0446d186a7bb147aebb50441e6.png
11:58:54.341 [main] DEBUG net.thucydides.core.steps.StepInterceptor - STARTING STEP: LoginStepDefinitions.clickLoginButton - clickLoginButton
11:58:54.341 [Forwarding findElement on session 8309ffa76479d29a514eabd1acba0755 to remote] DEBUG org.asynchttpclient.netty.request.NettyRequestSender - Using pooled Channel '[id: 0x73875795, L:/127.0.0.1:50258 - R:localhost/127.0.0.1:63829]' for 'POST' to 'http://localhost:63829/session/8309ffa76479d29a514eabd1acba0755/element'
11:58:54.341 [Forwarding findElement on session 8309ffa76479d29a514eabd1acba0755 to remote] DEBUG org.asynchttpclient.netty.request.NettyRequestSender - Using open Channel [id: 0x73875795, L:/127.0.0.1:50258 - R:localhost/127.0.0.1:63829] for POST '/session/8309ffa76479d29a514eabd1acba0755/element'
11:58:54.454 [AsyncHttpClient-1-17] DEBUG org.asynchttpclient.netty.handler.HttpHandler - 

Request DefaultHttpRequest(decodeResult: success, version: HTTP/1.1)
POST /session/8309ffa76479d29a514eabd1acba0755/element HTTP/1.1
User-Agent: selenium/4.1.2 (java windows)
Content-Length: 59
Content-Type: application/json; charset=utf-8
host: localhost:63829
accept: */*

Response DefaultHttpResponse(decodeResult: success, version: HTTP/1.1)
HTTP/1.1 200 OK
Content-Type: application/json; charset=utf-8
cache-control: no-cache
content-length: 88

11:58:54.454 [AsyncHttpClient-1-17] DEBUG org.asynchttpclient.netty.channel.ChannelManager - Adding key: http://localhost:63829 for channel [id: 0x73875795, L:/127.0.0.1:50258 - R:localhost/127.0.0.1:63829]
11:58:54.456 [Forwarding getElementTagName on session 8309ffa76479d29a514eabd1acba0755 to remote] DEBUG org.asynchttpclient.netty.request.NettyRequestSender - Using pooled Channel '[id: 0x73875795, L:/127.0.0.1:50258 - R:localhost/127.0.0.1:63829]' for 'GET' to 'http://localhost:63829/session/8309ffa76479d29a514eabd1acba0755/element/8e67c265-a84b-4f94-827e-a5d37adf1e36/name'
11:58:54.456 [Forwarding getElementTagName on session 8309ffa76479d29a514eabd1acba0755 to remote] DEBUG org.asynchttpclient.netty.request.NettyRequestSender - Using open Channel [id: 0x73875795, L:/127.0.0.1:50258 - R:localhost/127.0.0.1:63829] for GET '/session/8309ffa76479d29a514eabd1acba0755/element/8e67c265-a84b-4f94-827e-a5d37adf1e36/name'
11:58:54.457 [AsyncHttpClient-1-17] DEBUG org.asynchttpclient.netty.handler.HttpHandler - 

Request DefaultFullHttpRequest(decodeResult: success, version: HTTP/1.1, content: EmptyByteBufBE)
GET /session/8309ffa76479d29a514eabd1acba0755/element/8e67c265-a84b-4f94-827e-a5d37adf1e36/name HTTP/1.1
User-Agent: selenium/4.1.2 (java windows)
Cache-Control: no-cache
Content-Type: application/json; charset=utf-8
host: localhost:63829
accept: */*

Response DefaultHttpResponse(decodeResult: success, version: HTTP/1.1)
HTTP/1.1 200 OK
Content-Type: application/json; charset=utf-8
cache-control: no-cache
content-length: 18

11:58:54.457 [AsyncHttpClient-1-17] DEBUG org.asynchttpclient.netty.channel.ChannelManager - Adding key: http://localhost:63829 for channel [id: 0x73875795, L:/127.0.0.1:50258 - R:localhost/127.0.0.1:63829]
11:58:54.457 [Forwarding getElementTagName on session 8309ffa76479d29a514eabd1acba0755 to remote] DEBUG org.asynchttpclient.netty.request.NettyRequestSender - Using pooled Channel '[id: 0x73875795, L:/127.0.0.1:50258 - R:localhost/127.0.0.1:63829]' for 'GET' to 'http://localhost:63829/session/8309ffa76479d29a514eabd1acba0755/element/8e67c265-a84b-4f94-827e-a5d37adf1e36/name'
11:58:54.457 [Forwarding getElementTagName on session 8309ffa76479d29a514eabd1acba0755 to remote] DEBUG org.asynchttpclient.netty.request.NettyRequestSender - Using open Channel [id: 0x73875795, L:/127.0.0.1:50258 - R:localhost/127.0.0.1:63829] for GET '/session/8309ffa76479d29a514eabd1acba0755/element/8e67c265-a84b-4f94-827e-a5d37adf1e36/name'
11:58:54.457 [AsyncHttpClient-1-17] DEBUG org.asynchttpclient.netty.handler.HttpHandler - 

Request DefaultFullHttpRequest(decodeResult: success, version: HTTP/1.1, content: EmptyByteBufBE)
GET /session/8309ffa76479d29a514eabd1acba0755/element/8e67c265-a84b-4f94-827e-a5d37adf1e36/name HTTP/1.1
User-Agent: selenium/4.1.2 (java windows)
Cache-Control: no-cache
Content-Type: application/json; charset=utf-8
host: localhost:63829
accept: */*

Response DefaultHttpResponse(decodeResult: success, version: HTTP/1.1)
HTTP/1.1 200 OK
Content-Type: application/json; charset=utf-8
cache-control: no-cache
content-length: 18

11:58:54.457 [AsyncHttpClient-1-17] DEBUG org.asynchttpclient.netty.channel.ChannelManager - Adding key: http://localhost:63829 for channel [id: 0x73875795, L:/127.0.0.1:50258 - R:localhost/127.0.0.1:63829]
11:58:54.457 [Forwarding isElementEnabled on session 8309ffa76479d29a514eabd1acba0755 to remote] DEBUG org.asynchttpclient.netty.request.NettyRequestSender - Using pooled Channel '[id: 0x73875795, L:/127.0.0.1:50258 - R:localhost/127.0.0.1:63829]' for 'GET' to 'http://localhost:63829/session/8309ffa76479d29a514eabd1acba0755/element/8e67c265-a84b-4f94-827e-a5d37adf1e36/enabled'
11:58:54.457 [Forwarding isElementEnabled on session 8309ffa76479d29a514eabd1acba0755 to remote] DEBUG org.asynchttpclient.netty.request.NettyRequestSender - Using open Channel [id: 0x73875795, L:/127.0.0.1:50258 - R:localhost/127.0.0.1:63829] for GET '/session/8309ffa76479d29a514eabd1acba0755/element/8e67c265-a84b-4f94-827e-a5d37adf1e36/enabled'
11:58:54.472 [AsyncHttpClient-1-17] DEBUG org.asynchttpclient.netty.handler.HttpHandler - 

Request DefaultFullHttpRequest(decodeResult: success, version: HTTP/1.1, content: EmptyByteBufBE)
GET /session/8309ffa76479d29a514eabd1acba0755/element/8e67c265-a84b-4f94-827e-a5d37adf1e36/enabled HTTP/1.1
User-Agent: selenium/4.1.2 (java windows)
Cache-Control: no-cache
Content-Type: application/json; charset=utf-8
host: localhost:63829
accept: */*

Response DefaultHttpResponse(decodeResult: success, version: HTTP/1.1)
HTTP/1.1 200 OK
Content-Type: application/json; charset=utf-8
cache-control: no-cache
content-length: 14

11:58:54.472 [AsyncHttpClient-1-17] DEBUG org.asynchttpclient.netty.channel.ChannelManager - Adding key: http://localhost:63829 for channel [id: 0x73875795, L:/127.0.0.1:50258 - R:localhost/127.0.0.1:63829]
11:58:54.472 [Forwarding isElementEnabled on session 8309ffa76479d29a514eabd1acba0755 to remote] DEBUG org.asynchttpclient.netty.request.NettyRequestSender - Using pooled Channel '[id: 0x73875795, L:/127.0.0.1:50258 - R:localhost/127.0.0.1:63829]' for 'GET' to 'http://localhost:63829/session/8309ffa76479d29a514eabd1acba0755/element/8e67c265-a84b-4f94-827e-a5d37adf1e36/enabled'
11:58:54.472 [Forwarding isElementEnabled on session 8309ffa76479d29a514eabd1acba0755 to remote] DEBUG org.asynchttpclient.netty.request.NettyRequestSender - Using open Channel [id: 0x73875795, L:/127.0.0.1:50258 - R:localhost/127.0.0.1:63829] for GET '/session/8309ffa76479d29a514eabd1acba0755/element/8e67c265-a84b-4f94-827e-a5d37adf1e36/enabled'
11:58:54.472 [AsyncHttpClient-1-17] DEBUG org.asynchttpclient.netty.handler.HttpHandler - 

Request DefaultFullHttpRequest(decodeResult: success, version: HTTP/1.1, content: EmptyByteBufBE)
GET /session/8309ffa76479d29a514eabd1acba0755/element/8e67c265-a84b-4f94-827e-a5d37adf1e36/enabled HTTP/1.1
User-Agent: selenium/4.1.2 (java windows)
Cache-Control: no-cache
Content-Type: application/json; charset=utf-8
host: localhost:63829
accept: */*

Response DefaultHttpResponse(decodeResult: success, version: HTTP/1.1)
HTTP/1.1 200 OK
Content-Type: application/json; charset=utf-8
cache-control: no-cache
content-length: 14

11:58:54.472 [AsyncHttpClient-1-17] DEBUG org.asynchttpclient.netty.channel.ChannelManager - Adding key: http://localhost:63829 for channel [id: 0x73875795, L:/127.0.0.1:50258 - R:localhost/127.0.0.1:63829]
11:58:54.472 [Forwarding findElement on session 8309ffa76479d29a514eabd1acba0755 to remote] DEBUG org.asynchttpclient.netty.request.NettyRequestSender - Using pooled Channel '[id: 0x73875795, L:/127.0.0.1:50258 - R:localhost/127.0.0.1:63829]' for 'POST' to 'http://localhost:63829/session/8309ffa76479d29a514eabd1acba0755/element'
11:58:54.472 [Forwarding findElement on session 8309ffa76479d29a514eabd1acba0755 to remote] DEBUG org.asynchttpclient.netty.request.NettyRequestSender - Using open Channel [id: 0x73875795, L:/127.0.0.1:50258 - R:localhost/127.0.0.1:63829] for POST '/session/8309ffa76479d29a514eabd1acba0755/element'
11:58:54.485 [AsyncHttpClient-1-17] DEBUG org.asynchttpclient.netty.handler.HttpHandler - 

Request DefaultHttpRequest(decodeResult: success, version: HTTP/1.1)
POST /session/8309ffa76479d29a514eabd1acba0755/element HTTP/1.1
User-Agent: selenium/4.1.2 (java windows)
Content-Length: 59
Content-Type: application/json; charset=utf-8
host: localhost:63829
accept: */*

Response DefaultHttpResponse(decodeResult: success, version: HTTP/1.1)
HTTP/1.1 200 OK
Content-Type: application/json; charset=utf-8
cache-control: no-cache
content-length: 88

11:58:54.485 [AsyncHttpClient-1-17] DEBUG org.asynchttpclient.netty.channel.ChannelManager - Adding key: http://localhost:63829 for channel [id: 0x73875795, L:/127.0.0.1:50258 - R:localhost/127.0.0.1:63829]
11:58:54.485 [Forwarding clickElement on session 8309ffa76479d29a514eabd1acba0755 to remote] DEBUG org.asynchttpclient.netty.request.NettyRequestSender - Using pooled Channel '[id: 0x73875795, L:/127.0.0.1:50258 - R:localhost/127.0.0.1:63829]' for 'POST' to 'http://localhost:63829/session/8309ffa76479d29a514eabd1acba0755/element/8e67c265-a84b-4f94-827e-a5d37adf1e36/click'
11:58:54.485 [Forwarding clickElement on session 8309ffa76479d29a514eabd1acba0755 to remote] DEBUG org.asynchttpclient.netty.request.NettyRequestSender - Using open Channel [id: 0x73875795, L:/127.0.0.1:50258 - R:localhost/127.0.0.1:63829] for POST '/session/8309ffa76479d29a514eabd1acba0755/element/8e67c265-a84b-4f94-827e-a5d37adf1e36/click'
11:58:54.742 [AsyncHttpClient-1-1] DEBUG org.asynchttpclient.netty.channel.DefaultChannelPool - Entry count for : http://localhost:50259 : 1
11:58:55.841 [AsyncHttpClient-1-1] DEBUG org.asynchttpclient.netty.channel.DefaultChannelPool - Entry count for : http://localhost:50259 : 1
11:58:56.940 [AsyncHttpClient-1-1] DEBUG org.asynchttpclient.netty.channel.DefaultChannelPool - Entry count for : http://localhost:50259 : 1
11:58:58.044 [AsyncHttpClient-1-1] DEBUG org.asynchttpclient.netty.channel.DefaultChannelPool - Entry count for : http://localhost:50259 : 1
11:58:58.979 [AsyncHttpClient-1-17] DEBUG org.asynchttpclient.netty.handler.HttpHandler - 

Request DefaultHttpRequest(decodeResult: success, version: HTTP/1.1)
POST /session/8309ffa76479d29a514eabd1acba0755/element/8e67c265-a84b-4f94-827e-a5d37adf1e36/click HTTP/1.1
User-Agent: selenium/4.1.2 (java windows)
Content-Length: 50
Content-Type: application/json; charset=utf-8
host: localhost:63829
accept: */*

Response DefaultHttpResponse(decodeResult: success, version: HTTP/1.1)
HTTP/1.1 200 OK
Content-Type: application/json; charset=utf-8
cache-control: no-cache
content-length: 14

11:58:58.979 [AsyncHttpClient-1-17] DEBUG org.asynchttpclient.netty.channel.ChannelManager - Adding key: http://localhost:63829 for channel [id: 0x73875795, L:/127.0.0.1:50258 - R:localhost/127.0.0.1:63829]
11:58:58.987 [Forwarding screenshot on session 8309ffa76479d29a514eabd1acba0755 to remote] DEBUG org.asynchttpclient.netty.request.NettyRequestSender - Using pooled Channel '[id: 0x73875795, L:/127.0.0.1:50258 - R:localhost/127.0.0.1:63829]' for 'GET' to 'http://localhost:63829/session/8309ffa76479d29a514eabd1acba0755/screenshot'
11:58:58.987 [Forwarding screenshot on session 8309ffa76479d29a514eabd1acba0755 to remote] DEBUG org.asynchttpclient.netty.request.NettyRequestSender - Using open Channel [id: 0x73875795, L:/127.0.0.1:50258 - R:localhost/127.0.0.1:63829] for GET '/session/8309ffa76479d29a514eabd1acba0755/screenshot'
11:58:59.141 [AsyncHttpClient-1-1] DEBUG org.asynchttpclient.netty.channel.DefaultChannelPool - Entry count for : http://localhost:50259 : 1
11:58:59.558 [AsyncHttpClient-1-17] DEBUG org.asynchttpclient.netty.handler.HttpHandler - 

Request DefaultFullHttpRequest(decodeResult: success, version: HTTP/1.1, content: EmptyByteBufBE)
GET /session/8309ffa76479d29a514eabd1acba0755/screenshot HTTP/1.1
User-Agent: selenium/4.1.2 (java windows)
Cache-Control: no-cache
Content-Type: application/json; charset=utf-8
host: localhost:63829
accept: */*

Response DefaultHttpResponse(decodeResult: success, version: HTTP/1.1)
HTTP/1.1 200 OK
Content-Type: application/json; charset=utf-8
cache-control: no-cache
content-length: 1333824

11:58:59.560 [AsyncHttpClient-1-17] DEBUG org.asynchttpclient.netty.channel.ChannelManager - Adding key: http://localhost:63829 for channel [id: 0x73875795, L:/127.0.0.1:50258 - R:localhost/127.0.0.1:63829]
11:58:59.598 [main] DEBUG net.serenitybdd.core.photography.Darkroom - Send negative for processing for target\site\serenity\e32e73d8f11e234a97fb8bd0a75a52d5c7c6d8ab841b2dead2cc32d60d8c81af.png
11:58:59.598 [main] DEBUG net.thucydides.core.steps.StepInterceptor - STEP DONE: clickLoginButton
  &amp#27;[32mAnd &amp#27;[0m&amp#27;[32mclick login button&amp#27;[0m                        &amp#27;[90m# starter.stepdefinitions.LoginStepDefinitions.clickLoginButton()&amp#27;[0m
11:58:59.599 [Darkroom Processing Line] DEBUG net.serenitybdd.core.photography.DarkroomProcessingLine - Processing screenshot image in /var/screenshots/screenshot-13593810346271359215
11:58:59.599 [Darkroom Processing Line] DEBUG net.serenitybdd.core.photography.DarkroomProcessingLine - Saving screenshot to target\site\serenity\e32e73d8f11e234a97fb8bd0a75a52d5c7c6d8ab841b2dead2cc32d60d8c81af.png
11:58:59.614 [main] DEBUG net.thucydides.core.steps.StepInterceptor - STARTING STEP: LoginStepDefinitions.iGetThe - validateLoginFormIsApp
11:58:59.616 [Forwarding findElement on session 8309ffa76479d29a514eabd1acba0755 to remote] DEBUG org.asynchttpclient.netty.request.NettyRequestSender - Using pooled Channel '[id: 0x73875795, L:/127.0.0.1:50258 - R:localhost/127.0.0.1:63829]' for 'POST' to 'http://localhost:63829/session/8309ffa76479d29a514eabd1acba0755/element'
11:58:59.616 [Forwarding findElement on session 8309ffa76479d29a514eabd1acba0755 to remote] DEBUG org.asynchttpclient.netty.request.NettyRequestSender - Using open Channel [id: 0x73875795, L:/127.0.0.1:50258 - R:localhost/127.0.0.1:63829] for POST '/session/8309ffa76479d29a514eabd1acba0755/element'
11:58:59.627 [AsyncHttpClient-1-17] DEBUG org.asynchttpclient.netty.handler.HttpHandler - 

Request DefaultHttpRequest(decodeResult: success, version: HTTP/1.1)
POST /session/8309ffa76479d29a514eabd1acba0755/element HTTP/1.1
User-Agent: selenium/4.1.2 (java windows)
Content-Length: 103
Content-Type: application/json; charset=utf-8
host: localhost:63829
accept: */*

Response DefaultHttpResponse(decodeResult: success, version: HTTP/1.1)
HTTP/1.1 200 OK
Content-Type: application/json; charset=utf-8
cache-control: no-cache
content-length: 88

11:58:59.627 [AsyncHttpClient-1-17] DEBUG org.asynchttpclient.netty.channel.ChannelManager - Adding key: http://localhost:63829 for channel [id: 0x73875795, L:/127.0.0.1:50258 - R:localhost/127.0.0.1:63829]
11:58:59.632 [Forwarding isElementDisplayed on session 8309ffa76479d29a514eabd1acba0755 to remote] DEBUG org.asynchttpclient.netty.request.NettyRequestSender - Using pooled Channel '[id: 0x73875795, L:/127.0.0.1:50258 - R:localhost/127.0.0.1:63829]' for 'POST' to 'http://localhost:63829/session/8309ffa76479d29a514eabd1acba0755/execute/sync'
11:58:59.632 [Forwarding isElementDisplayed on session 8309ffa76479d29a514eabd1acba0755 to remote] DEBUG org.asynchttpclient.netty.request.NettyRequestSender - Using open Channel [id: 0x73875795, L:/127.0.0.1:50258 - R:localhost/127.0.0.1:63829] for POST '/session/8309ffa76479d29a514eabd1acba0755/execute/sync'
11:58:59.749 [AsyncHttpClient-1-17] DEBUG org.asynchttpclient.netty.handler.HttpHandler - 

Request DefaultHttpRequest(decodeResult: success, version: HTTP/1.1)
POST /session/8309ffa76479d29a514eabd1acba0755/execute/sync HTTP/1.1
User-Agent: selenium/4.1.2 (java windows)
Content-Length: 48780
Content-Type: application/json; charset=utf-8
host: localhost:63829
accept: */*

Response DefaultHttpResponse(decodeResult: success, version: HTTP/1.1)
HTTP/1.1 200 OK
Content-Type: application/json; charset=utf-8
cache-control: no-cache
content-length: 15

11:58:59.749 [AsyncHttpClient-1-17] DEBUG org.asynchttpclient.netty.channel.ChannelManager - Adding key: http://localhost:63829 for channel [id: 0x73875795, L:/127.0.0.1:50258 - R:localhost/127.0.0.1:63829]
11:58:59.754 [Forwarding screenshot on session 8309ffa76479d29a514eabd1acba0755 to remote] DEBUG org.asynchttpclient.netty.request.NettyRequestSender - Using pooled Channel '[id: 0x73875795, L:/127.0.0.1:50258 - R:localhost/127.0.0.1:63829]' for 'GET' to 'http://localhost:63829/session/8309ffa76479d29a514eabd1acba0755/screenshot'
11:58:59.754 [Forwarding screenshot on session 8309ffa76479d29a514eabd1acba0755 to remote] DEBUG org.asynchttpclient.netty.request.NettyRequestSender - Using open Channel [id: 0x73875795, L:/127.0.0.1:50258 - R:localhost/127.0.0.1:63829] for GET '/session/8309ffa76479d29a514eabd1acba0755/screenshot'
11:59:00.241 [AsyncHttpClient-1-1] DEBUG org.asynchttpclient.netty.channel.DefaultChannelPool - Entry count for : http://localhost:50259 : 1
11:59:00.258 [AsyncHttpClient-1-17] DEBUG org.asynchttpclient.netty.handler.HttpHandler - 

Request DefaultFullHttpRequest(decodeResult: success, version: HTTP/1.1, content: EmptyByteBufBE)
GET /session/8309ffa76479d29a514eabd1acba0755/screenshot HTTP/1.1
User-Agent: selenium/4.1.2 (java windows)
Cache-Control: no-cache
Content-Type: application/json; charset=utf-8
host: localhost:63829
accept: */*

Response DefaultHttpResponse(decodeResult: success, version: HTTP/1.1)
HTTP/1.1 200 OK
Content-Type: application/json; charset=utf-8
cache-control: no-cache
content-length: 1311736

11:59:00.261 [AsyncHttpClient-1-17] DEBUG org.asynchttpclient.netty.channel.ChannelManager - Adding key: http://localhost:63829 for channel [id: 0x73875795, L:/127.0.0.1:50258 - R:localhost/127.0.0.1:63829]
11:59:00.298 [main] DEBUG net.serenitybdd.core.photography.Darkroom - Send negative for processing for target\site\serenity\8378a8fafd82f615c440af1c27578c96668e35fb896f9e92e42393fe250e45a1.png
11:59:00.298 [main] DEBUG net.thucydides.core.steps.StepInterceptor - STEP DONE: validateLoginFormIsApp
11:59:00.298 [Darkroom Processing Line] DEBUG net.serenitybdd.core.photography.DarkroomProcessingLine - Processing screenshot image in /var/screenshots/screenshot-8529003798785371265
11:59:00.298 [Darkroom Processing Line] DEBUG net.serenitybdd.core.photography.DarkroomProcessingLine - Saving screenshot to target\site\serenity\8378a8fafd82f615c440af1c27578c96668e35fb896f9e92e42393fe250e45a1.png
11:59:00.303 [main] DEBUG net.thucydides.core.steps.StepInterceptor - STARTING STEP: LoginStepDefinitions.iGetThe - errorMessageAlert
11:59:00.307 [main] DEBUG net.thucydides.core.steps.StepInterceptor - STEP DONE: errorMessageAlert
  &amp#27;[32mThen &amp#27;[0m&amp#27;[32mi get the &amp#27;[0m&amp#27;[32m&amp#27;[1m"Login Page"&amp#27;[0m                   &amp#27;[90m# starter.stepdefinitions.LoginStepDefinitions.iGetThe(java.lang.String)&amp#27;[0m
11:59:00.317 [AsyncHttpClient-1-3] DEBUG org.asynchttpclient.netty.handler.WebSocketHandler - Channel Closed: [id: 0x5b75b65e, L:/127.0.0.1:50268 ! R:localhost/127.0.0.1:50259] with attribute NettyResponseFuture{currentRetry=5,
	isDone=1,
	isCancelled=0,
	asyncHandler=org.asynchttpclient.ws.WebSocketUpgradeHandler@3d8a1d57,
	nettyRequest=org.asynchttpclient.netty.request.NettyRequest@638cc84d,
	future=java.util.concurrent.CompletableFuture@566d39c1[Completed normally],
	uri=ws://localhost:50259/devtools/browser/38c68308-b7bb-45a1-a21d-8c0f38f88995,
	keepAlive=true,
	redirectCount=0,
	timeoutsHolder=null,
	inAuth=0,
	touch=1650949126546}
11:59:00.317 [AsyncHttpClient-1-3] DEBUG org.asynchttpclient.netty.channel.ChannelManager - Closing Channel [id: 0x5b75b65e, L:/127.0.0.1:50268 ! R:localhost/127.0.0.1:50259] 
11:59:00.317 [Driver Command Executor] DEBUG org.asynchttpclient.netty.request.NettyRequestSender - Using pooled Channel '[id: 0x73875795, L:/127.0.0.1:50258 - R:localhost/127.0.0.1:63829]' for 'DELETE' to 'http://localhost:63829/session/8309ffa76479d29a514eabd1acba0755'
11:59:00.317 [Driver Command Executor] DEBUG org.asynchttpclient.netty.request.NettyRequestSender - Using open Channel [id: 0x73875795, L:/127.0.0.1:50258 - R:localhost/127.0.0.1:63829] for DELETE '/session/8309ffa76479d29a514eabd1acba0755'
11:59:00.351 [AsyncHttpClient-1-2] DEBUG org.asynchttpclient.netty.handler.HttpHandler - Unexpected I/O exception on channel [id: 0xb57992d6, L:/127.0.0.1:50267 - R:localhost/127.0.0.1:50259]
java.net.SocketException: Connection reset
	at java.base/sun.nio.ch.SocketChannelImpl.throwConnectionReset(SocketChannelImpl.java:367)
	at java.base/sun.nio.ch.SocketChannelImpl.read(SocketChannelImpl.java:398)
	at io.netty.buffer.PooledByteBuf.setBytes(PooledByteBuf.java:258)
	at io.netty.buffer.AbstractByteBuf.writeBytes(AbstractByteBuf.java:1132)
	at io.netty.channel.socket.nio.NioSocketChannel.doReadBytes(NioSocketChannel.java:350)
	at io.netty.channel.nio.AbstractNioByteChannel$NioByteUnsafe.read(AbstractNioByteChannel.java:151)
	at io.netty.channel.nio.NioEventLoop.processSelectedKey(NioEventLoop.java:722)
	at io.netty.channel.nio.NioEventLoop.processSelectedKeysOptimized(NioEventLoop.java:658)
	at io.netty.channel.nio.NioEventLoop.processSelectedKeys(NioEventLoop.java:584)
	at io.netty.channel.nio.NioEventLoop.run(NioEventLoop.java:496)
	at io.netty.util.concurrent.SingleThreadEventExecutor$4.run(SingleThreadEventExecutor.java:986)
	at io.netty.util.internal.ThreadExecutorMap$2.run(ThreadExecutorMap.java:74)
	at io.netty.util.concurrent.FastThreadLocalRunnable.run(FastThreadLocalRunnable.java:30)
	at java.base/java.lang.Thread.run(Thread.java:832)
11:59:00.351 [AsyncHttpClient-1-2] DEBUG org.asynchttpclient.netty.channel.ChannelManager - Closing Channel [id: 0xb57992d6, L:/127.0.0.1:50267 - R:localhost/127.0.0.1:50259] 
11:59:00.351 [AsyncHttpClient-1-2] DEBUG org.asynchttpclient.netty.handler.HttpHandler - Channel Closed: [id: 0xb57992d6, L:/127.0.0.1:50267 ! R:localhost/127.0.0.1:50259] with attribute DISCARD
11:59:00.372 [AsyncHttpClient-1-17] DEBUG org.asynchttpclient.netty.handler.HttpHandler - 

Request DefaultFullHttpRequest(decodeResult: success, version: HTTP/1.1, content: EmptyByteBufBE)
DELETE /session/8309ffa76479d29a514eabd1acba0755 HTTP/1.1
User-Agent: selenium/4.1.2 (java windows)
Content-Type: application/json; charset=utf-8
host: localhost:63829
accept: */*

Response DefaultHttpResponse(decodeResult: success, version: HTTP/1.1)
HTTP/1.1 200 OK
Content-Type: application/json; charset=utf-8
cache-control: no-cache
content-length: 14

11:59:00.372 [AsyncHttpClient-1-17] DEBUG org.asynchttpclient.netty.channel.ChannelManager - Adding key: http://localhost:63829 for channel [id: 0x73875795, L:/127.0.0.1:50258 - R:localhost/127.0.0.1:63829]
11:59:00.556 [AsyncHttpClient-1-17] DEBUG org.asynchttpclient.netty.handler.HttpHandler - Channel Closed: [id: 0x73875795, L:/127.0.0.1:50258 ! R:localhost/127.0.0.1:63829] with attribute DISCARD
]]></system-out>
    <system-err><![CDATA[Starting ChromeDriver 100.0.4896.60 (6a5d10861ce8de5fce22564658033b43cb7de047-refs/branch-heads/4896@{#875}) on port 63829
Only local connections are allowed.
Please see https://chromedriver.chromium.org/security-considerations for suggestions on keeping ChromeDriver safe.
ChromeDriver was started successfully.
Apr 26, 2022 11:58:46 AM org.openqa.selenium.remote.ProtocolHandshake createSession
INFO: Detected dialect: W3C
Apr 26, 2022 11:58:46 AM org.openqa.selenium.devtools.CdpVersionFinder findNearestMatch
WARNING: Unable to find an exact match for CDP version 100, so returning the closest version found: 97
Apr 26, 2022 11:58:46 AM org.openqa.selenium.devtools.CdpVersionFinder findNearestMatch
INFO: Found CDP implementation for version 100 of 97
]]></system-err>
  </testcase>
  <testcase name="Login scenario #7" classname="Login" time="16.084">
    <system-out><![CDATA[
@DDT
Scenario Outline: Login scenario                &amp#27;[90m# src/test/resources/features/login.feature:32&amp#27;[0m
11:59:01.072 [main] INFO io.cucumber.core.plugin.SerenityReporter - Running feature from file:///D:/PERKULIAHAN/Semester%206,Hebatt%20glad!/Dot-TechnicalTest/src/test/resources/features/login.feature
11:59:01.088 [main] DEBUG net.thucydides.core.steps.StepInterceptor - STARTING STEP: LoginStepDefinitions.iAmOnLoginPage - openUrl
11:59:01.088 [main] INFO net.serenitybdd.core.webdriver.driverproviders.ChromeDriverProvider - Using automatically driver download
11:59:01.297 [main] DEBUG io.github.bonigarcia.wdm.cache.ResolutionCache - Resolution chrome=100 in cache (valid until 12:53:50 26/04/2022 WIB)
11:59:01.297 [main] DEBUG io.github.bonigarcia.wdm.cache.ResolutionCache - Resolution chrome100=100.0.4896.60 in cache (valid until 19:36:13 26/04/2022 WIB)
11:59:01.297 [main] INFO io.github.bonigarcia.wdm.WebDriverManager - Using chromedriver 100.0.4896.60 (resolved driver for Chrome 100)
11:59:01.313 [main] DEBUG io.github.bonigarcia.wdm.WebDriverManager - Driver chromedriver 100.0.4896.60 found in cache
11:59:01.313 [main] INFO io.github.bonigarcia.wdm.WebDriverManager - Exporting webdriver.chrome.driver as C:\Users\ASUS\.cache\selenium\chromedriver\win32\100.0.4896.60\chromedriver.exe
11:59:01.341 [AsyncHttpClient-1-1] DEBUG org.asynchttpclient.netty.channel.DefaultChannelPool - Entry count for : http://localhost:50259 : 1
11:59:01.341 [AsyncHttpClient-1-1] DEBUG org.asynchttpclient.netty.channel.DefaultChannelPool - Entry count for : http://localhost:63829 : 1
11:59:01.341 [AsyncHttpClient-1-1] DEBUG org.asynchttpclient.netty.channel.DefaultChannelPool - Adding Candidate expired Channel [id: 0xb57992d6, L:/127.0.0.1:50267 ! R:localhost/127.0.0.1:50259] isIdleTimeoutExpired=false isRemotelyClosed=true isTtlExpired=false
11:59:01.341 [AsyncHttpClient-1-1] DEBUG org.asynchttpclient.netty.channel.DefaultChannelPool - Closing Idle Channel [id: 0xb57992d6, L:/127.0.0.1:50267 ! R:localhost/127.0.0.1:50259]
11:59:01.341 [AsyncHttpClient-1-1] DEBUG org.asynchttpclient.netty.channel.DefaultChannelPool - Adding Candidate expired Channel [id: 0x73875795, L:/127.0.0.1:50258 ! R:localhost/127.0.0.1:63829] isIdleTimeoutExpired=false isRemotelyClosed=true isTtlExpired=false
11:59:01.341 [AsyncHttpClient-1-1] DEBUG org.asynchttpclient.netty.channel.DefaultChannelPool - Closing Idle Channel [id: 0x73875795, L:/127.0.0.1:50258 ! R:localhost/127.0.0.1:63829]
11:59:01.341 [AsyncHttpClient-1-1] DEBUG org.asynchttpclient.netty.channel.DefaultChannelPool - Closed 2 connections out of 2 in 0 ms
11:59:01.441 [main] DEBUG net.serenitybdd.core.webdriver.driverproviders.ProvideNewDriver - Instantiating driver
11:59:01.441 [main] DEBUG net.serenitybdd.core.webdriver.driverproviders.ProvideNewDriver - Driver capabilities: Capabilities {acceptInsecureCerts: false, base.url: https://www.psegameshop.com/, browserName: chrome, chrome.driver: src/test/resources/webdrive..., driver: chrome, goog:chromeOptions: {args: [], extensions: []}}
11:59:01.977 [AsyncHttpClient-1-4] DEBUG org.asynchttpclient.netty.channel.NettyConnectListener - Using new Channel '[id: 0x880817d6, L:/127.0.0.1:50317 - R:localhost/127.0.0.1:53549]' for 'POST' to '/session'
11:59:02.855 [AsyncHttpClient-1-4] DEBUG org.asynchttpclient.netty.handler.HttpHandler - 

Request DefaultHttpRequest(decodeResult: success, version: HTTP/1.1)
POST /session HTTP/1.1
User-Agent: selenium/4.1.2 (java windows)
Content-Length: 614
Content-Type: application/json; charset=utf-8
host: localhost:53549
accept: */*

Response DefaultHttpResponse(decodeResult: success, version: HTTP/1.1)
HTTP/1.1 200 OK
Content-Type: application/json; charset=utf-8
cache-control: no-cache
content-length: 790

11:59:02.855 [AsyncHttpClient-1-4] DEBUG org.asynchttpclient.netty.channel.ChannelManager - Adding key: http://localhost:53549 for channel [id: 0x880817d6, L:/127.0.0.1:50317 - R:localhost/127.0.0.1:53549]
11:59:02.871 [AsyncHttpClient-1-5] DEBUG org.asynchttpclient.netty.channel.NettyConnectListener - Using new Channel '[id: 0xcd4d6e07, L:/127.0.0.1:50326 - R:localhost/127.0.0.1:50318]' for 'GET' to '/json/version'
11:59:02.871 [AsyncHttpClient-1-5] DEBUG org.asynchttpclient.netty.handler.HttpHandler - 

Request DefaultFullHttpRequest(decodeResult: success, version: HTTP/1.1, content: EmptyByteBufBE)
GET /json/version HTTP/1.1
User-Agent: selenium/4.1.2 (java windows)
host: localhost:50318
accept: */*

Response DefaultHttpResponse(decodeResult: success, version: HTTP/1.1)
HTTP/1.1 200 OK
Content-Type: application/json; charset=UTF-8
content-length: 429

11:59:02.871 [AsyncHttpClient-1-5] DEBUG org.asynchttpclient.netty.channel.ChannelManager - Adding key: http://localhost:50318 for channel [id: 0xcd4d6e07, L:/127.0.0.1:50326 - R:localhost/127.0.0.1:50318]
11:59:02.871 [AsyncHttpClient-1-6] DEBUG org.asynchttpclient.netty.channel.NettyConnectListener - Using new Channel '[id: 0x47de7daf, L:/127.0.0.1:50327 - R:localhost/127.0.0.1:50318]' for 'GET' to '/devtools/browser/227bad68-956d-4db5-8e2d-4a8318f6c946'
11:59:02.871 [AsyncHttpClient-1-6] DEBUG org.asynchttpclient.netty.handler.WebSocketHandler - 

Request DefaultFullHttpRequest(decodeResult: success, version: HTTP/1.1, content: EmptyByteBufBE)
GET /devtools/browser/227bad68-956d-4db5-8e2d-4a8318f6c946 HTTP/1.1
upgrade: websocket
connection: upgrade
sec-websocket-key: UoJud7g+UN6FSDP/n2cFeA==
sec-websocket-version: 13
origin: http://localhost:50318
host: localhost:50318
accept: */*
user-agent: AHC/2.1

Response DefaultHttpResponse(decodeResult: success, version: HTTP/1.1)
HTTP/1.1 101 WebSocket Protocol Handshake
Upgrade: WebSocket
Connection: Upgrade
Sec-WebSocket-Accept: /OnoCsewzO+EonpVr9QkMJX1Zd8=

11:59:02.886 [Forwarding maximizeCurrentWindow on session bbf5c9726f9112e84a34755731ab6c93 to remote] DEBUG org.asynchttpclient.netty.request.NettyRequestSender - Using pooled Channel '[id: 0x880817d6, L:/127.0.0.1:50317 - R:localhost/127.0.0.1:53549]' for 'POST' to 'http://localhost:53549/session/bbf5c9726f9112e84a34755731ab6c93/window/maximize'
11:59:02.886 [Forwarding maximizeCurrentWindow on session bbf5c9726f9112e84a34755731ab6c93 to remote] DEBUG org.asynchttpclient.netty.request.NettyRequestSender - Using open Channel [id: 0x880817d6, L:/127.0.0.1:50317 - R:localhost/127.0.0.1:53549] for POST '/session/bbf5c9726f9112e84a34755731ab6c93/window/maximize'
11:59:03.020 [AsyncHttpClient-1-4] DEBUG org.asynchttpclient.netty.handler.HttpHandler - 

Request DefaultHttpRequest(decodeResult: success, version: HTTP/1.1)
POST /session/bbf5c9726f9112e84a34755731ab6c93/window/maximize HTTP/1.1
User-Agent: selenium/4.1.2 (java windows)
Content-Length: 3
Content-Type: application/json; charset=utf-8
host: localhost:53549
accept: */*

Response DefaultHttpResponse(decodeResult: success, version: HTTP/1.1)
HTTP/1.1 200 OK
Content-Type: application/json; charset=utf-8
cache-control: no-cache
content-length: 51

11:59:03.020 [AsyncHttpClient-1-4] DEBUG org.asynchttpclient.netty.channel.ChannelManager - Adding key: http://localhost:53549 for channel [id: 0x880817d6, L:/127.0.0.1:50317 - R:localhost/127.0.0.1:53549]
11:59:03.023 [Forwarding get on session bbf5c9726f9112e84a34755731ab6c93 to remote] DEBUG org.asynchttpclient.netty.request.NettyRequestSender - Using pooled Channel '[id: 0x880817d6, L:/127.0.0.1:50317 - R:localhost/127.0.0.1:53549]' for 'POST' to 'http://localhost:53549/session/bbf5c9726f9112e84a34755731ab6c93/url'
11:59:03.023 [Forwarding get on session bbf5c9726f9112e84a34755731ab6c93 to remote] DEBUG org.asynchttpclient.netty.request.NettyRequestSender - Using open Channel [id: 0x880817d6, L:/127.0.0.1:50317 - R:localhost/127.0.0.1:53549] for POST '/session/bbf5c9726f9112e84a34755731ab6c93/url'
11:59:03.542 [AsyncHttpClient-1-1] DEBUG org.asynchttpclient.netty.channel.DefaultChannelPool - Entry count for : http://localhost:50318 : 1
11:59:04.641 [AsyncHttpClient-1-1] DEBUG org.asynchttpclient.netty.channel.DefaultChannelPool - Entry count for : http://localhost:50318 : 1
11:59:05.740 [AsyncHttpClient-1-1] DEBUG org.asynchttpclient.netty.channel.DefaultChannelPool - Entry count for : http://localhost:50318 : 1
11:59:06.842 [AsyncHttpClient-1-1] DEBUG org.asynchttpclient.netty.channel.DefaultChannelPool - Entry count for : http://localhost:50318 : 1
11:59:07.940 [AsyncHttpClient-1-1] DEBUG org.asynchttpclient.netty.channel.DefaultChannelPool - Entry count for : http://localhost:50318 : 1
11:59:08.360 [AsyncHttpClient-1-4] DEBUG org.asynchttpclient.netty.handler.HttpHandler - 

Request DefaultHttpRequest(decodeResult: success, version: HTTP/1.1)
POST /session/bbf5c9726f9112e84a34755731ab6c93/url HTTP/1.1
User-Agent: selenium/4.1.2 (java windows)
Content-Length: 58
Content-Type: application/json; charset=utf-8
host: localhost:53549
accept: */*

Response DefaultHttpResponse(decodeResult: success, version: HTTP/1.1)
HTTP/1.1 200 OK
Content-Type: application/json; charset=utf-8
cache-control: no-cache
content-length: 14

11:59:08.360 [AsyncHttpClient-1-4] DEBUG org.asynchttpclient.netty.channel.ChannelManager - Adding key: http://localhost:53549 for channel [id: 0x880817d6, L:/127.0.0.1:50317 - R:localhost/127.0.0.1:53549]
11:59:08.362 [Forwarding setTimeout on session bbf5c9726f9112e84a34755731ab6c93 to remote] DEBUG org.asynchttpclient.netty.request.NettyRequestSender - Using pooled Channel '[id: 0x880817d6, L:/127.0.0.1:50317 - R:localhost/127.0.0.1:53549]' for 'POST' to 'http://localhost:53549/session/bbf5c9726f9112e84a34755731ab6c93/timeouts'
11:59:08.362 [Forwarding setTimeout on session bbf5c9726f9112e84a34755731ab6c93 to remote] DEBUG org.asynchttpclient.netty.request.NettyRequestSender - Using open Channel [id: 0x880817d6, L:/127.0.0.1:50317 - R:localhost/127.0.0.1:53549] for POST '/session/bbf5c9726f9112e84a34755731ab6c93/timeouts'
11:59:08.363 [AsyncHttpClient-1-4] DEBUG org.asynchttpclient.netty.handler.HttpHandler - 

Request DefaultHttpRequest(decodeResult: success, version: HTTP/1.1)
POST /session/bbf5c9726f9112e84a34755731ab6c93/timeouts HTTP/1.1
User-Agent: selenium/4.1.2 (java windows)
Content-Length: 22
Content-Type: application/json; charset=utf-8
host: localhost:53549
accept: */*

Response DefaultHttpResponse(decodeResult: success, version: HTTP/1.1)
HTTP/1.1 200 OK
Content-Type: application/json; charset=utf-8
cache-control: no-cache
content-length: 14

11:59:08.364 [AsyncHttpClient-1-4] DEBUG org.asynchttpclient.netty.channel.ChannelManager - Adding key: http://localhost:53549 for channel [id: 0x880817d6, L:/127.0.0.1:50317 - R:localhost/127.0.0.1:53549]
11:59:08.367 [Forwarding getCurrentUrl on session bbf5c9726f9112e84a34755731ab6c93 to remote] DEBUG org.asynchttpclient.netty.request.NettyRequestSender - Using pooled Channel '[id: 0x880817d6, L:/127.0.0.1:50317 - R:localhost/127.0.0.1:53549]' for 'GET' to 'http://localhost:53549/session/bbf5c9726f9112e84a34755731ab6c93/url'
11:59:08.367 [Forwarding getCurrentUrl on session bbf5c9726f9112e84a34755731ab6c93 to remote] DEBUG org.asynchttpclient.netty.request.NettyRequestSender - Using open Channel [id: 0x880817d6, L:/127.0.0.1:50317 - R:localhost/127.0.0.1:53549] for GET '/session/bbf5c9726f9112e84a34755731ab6c93/url'
11:59:08.374 [AsyncHttpClient-1-4] DEBUG org.asynchttpclient.netty.handler.HttpHandler - 

Request DefaultFullHttpRequest(decodeResult: success, version: HTTP/1.1, content: EmptyByteBufBE)
GET /session/bbf5c9726f9112e84a34755731ab6c93/url HTTP/1.1
User-Agent: selenium/4.1.2 (java windows)
Cache-Control: no-cache
Content-Type: application/json; charset=utf-8
host: localhost:53549
accept: */*

Response DefaultHttpResponse(decodeResult: success, version: HTTP/1.1)
HTTP/1.1 200 OK
Content-Type: application/json; charset=utf-8
cache-control: no-cache
content-length: 40

11:59:08.374 [AsyncHttpClient-1-4] DEBUG org.asynchttpclient.netty.channel.ChannelManager - Adding key: http://localhost:53549 for channel [id: 0x880817d6, L:/127.0.0.1:50317 - R:localhost/127.0.0.1:53549]
11:59:08.380 [Forwarding screenshot on session bbf5c9726f9112e84a34755731ab6c93 to remote] DEBUG org.asynchttpclient.netty.request.NettyRequestSender - Using pooled Channel '[id: 0x880817d6, L:/127.0.0.1:50317 - R:localhost/127.0.0.1:53549]' for 'GET' to 'http://localhost:53549/session/bbf5c9726f9112e84a34755731ab6c93/screenshot'
11:59:08.380 [Forwarding screenshot on session bbf5c9726f9112e84a34755731ab6c93 to remote] DEBUG org.asynchttpclient.netty.request.NettyRequestSender - Using open Channel [id: 0x880817d6, L:/127.0.0.1:50317 - R:localhost/127.0.0.1:53549] for GET '/session/bbf5c9726f9112e84a34755731ab6c93/screenshot'
11:59:08.871 [AsyncHttpClient-1-4] DEBUG org.asynchttpclient.netty.handler.HttpHandler - 

Request DefaultFullHttpRequest(decodeResult: success, version: HTTP/1.1, content: EmptyByteBufBE)
GET /session/bbf5c9726f9112e84a34755731ab6c93/screenshot HTTP/1.1
User-Agent: selenium/4.1.2 (java windows)
Cache-Control: no-cache
Content-Type: application/json; charset=utf-8
host: localhost:53549
accept: */*

Response DefaultHttpResponse(decodeResult: success, version: HTTP/1.1)
HTTP/1.1 200 OK
Content-Type: application/json; charset=utf-8
cache-control: no-cache
content-length: 1350672

11:59:08.871 [AsyncHttpClient-1-4] DEBUG org.asynchttpclient.netty.channel.ChannelManager - Adding key: http://localhost:53549 for channel [id: 0x880817d6, L:/127.0.0.1:50317 - R:localhost/127.0.0.1:53549]
11:59:08.887 [main] DEBUG net.serenitybdd.core.photography.Darkroom - Send negative for processing for target\site\serenity\d7ab485946bfa860cfdd8e332f542b56d9249d4ba37bd833c15d1c7c00fb09e0.png
11:59:08.887 [main] DEBUG net.thucydides.core.steps.StepInterceptor - STEP DONE: openUrl
11:59:08.902 [main] DEBUG net.thucydides.core.steps.StepInterceptor - STARTING STEP: LoginStepDefinitions.iAmOnLoginPage - validateAccountIsApp
11:59:08.902 [Forwarding findElement on session bbf5c9726f9112e84a34755731ab6c93 to remote] DEBUG org.asynchttpclient.netty.request.NettyRequestSender - Using pooled Channel '[id: 0x880817d6, L:/127.0.0.1:50317 - R:localhost/127.0.0.1:53549]' for 'POST' to 'http://localhost:53549/session/bbf5c9726f9112e84a34755731ab6c93/element'
11:59:08.902 [Forwarding findElement on session bbf5c9726f9112e84a34755731ab6c93 to remote] DEBUG org.asynchttpclient.netty.request.NettyRequestSender - Using open Channel [id: 0x880817d6, L:/127.0.0.1:50317 - R:localhost/127.0.0.1:53549] for POST '/session/bbf5c9726f9112e84a34755731ab6c93/element'
11:59:08.902 [AsyncHttpClient-1-4] DEBUG org.asynchttpclient.netty.handler.HttpHandler - 

Request DefaultHttpRequest(decodeResult: success, version: HTTP/1.1)
POST /session/bbf5c9726f9112e84a34755731ab6c93/element HTTP/1.1
User-Agent: selenium/4.1.2 (java windows)
Content-Length: 46
Content-Type: application/json; charset=utf-8
host: localhost:53549
accept: */*

Response DefaultHttpResponse(decodeResult: success, version: HTTP/1.1)
HTTP/1.1 400 Bad Request
Content-Type: application/json; charset=utf-8
cache-control: no-cache
content-length: 958

11:59:08.902 [AsyncHttpClient-1-4] DEBUG org.asynchttpclient.netty.channel.ChannelManager - Adding key: http://localhost:53549 for channel [id: 0x880817d6, L:/127.0.0.1:50317 - R:localhost/127.0.0.1:53549]
11:59:08.902 [Forwarding findElement on session bbf5c9726f9112e84a34755731ab6c93 to remote] DEBUG org.asynchttpclient.netty.request.NettyRequestSender - Using pooled Channel '[id: 0x880817d6, L:/127.0.0.1:50317 - R:localhost/127.0.0.1:53549]' for 'POST' to 'http://localhost:53549/session/bbf5c9726f9112e84a34755731ab6c93/element'
11:59:08.902 [Forwarding findElement on session bbf5c9726f9112e84a34755731ab6c93 to remote] DEBUG org.asynchttpclient.netty.request.NettyRequestSender - Using open Channel [id: 0x880817d6, L:/127.0.0.1:50317 - R:localhost/127.0.0.1:53549] for POST '/session/bbf5c9726f9112e84a34755731ab6c93/element'
11:59:08.918 [AsyncHttpClient-1-4] DEBUG org.asynchttpclient.netty.handler.HttpHandler - 

Request DefaultHttpRequest(decodeResult: success, version: HTTP/1.1)
POST /session/bbf5c9726f9112e84a34755731ab6c93/element HTTP/1.1
User-Agent: selenium/4.1.2 (java windows)
Content-Length: 56
Content-Type: application/json; charset=utf-8
host: localhost:53549
accept: */*

Response DefaultHttpResponse(decodeResult: success, version: HTTP/1.1)
HTTP/1.1 200 OK
Content-Type: application/json; charset=utf-8
cache-control: no-cache
content-length: 88

11:59:08.918 [AsyncHttpClient-1-4] DEBUG org.asynchttpclient.netty.channel.ChannelManager - Adding key: http://localhost:53549 for channel [id: 0x880817d6, L:/127.0.0.1:50317 - R:localhost/127.0.0.1:53549]
11:59:08.918 [Forwarding isElementDisplayed on session bbf5c9726f9112e84a34755731ab6c93 to remote] DEBUG org.asynchttpclient.netty.request.NettyRequestSender - Using pooled Channel '[id: 0x880817d6, L:/127.0.0.1:50317 - R:localhost/127.0.0.1:53549]' for 'POST' to 'http://localhost:53549/session/bbf5c9726f9112e84a34755731ab6c93/execute/sync'
11:59:08.918 [Forwarding isElementDisplayed on session bbf5c9726f9112e84a34755731ab6c93 to remote] DEBUG org.asynchttpclient.netty.request.NettyRequestSender - Using open Channel [id: 0x880817d6, L:/127.0.0.1:50317 - R:localhost/127.0.0.1:53549] for POST '/session/bbf5c9726f9112e84a34755731ab6c93/execute/sync'
11:59:08.934 [AsyncHttpClient-1-4] DEBUG org.asynchttpclient.netty.handler.HttpHandler - 

Request DefaultHttpRequest(decodeResult: success, version: HTTP/1.1)
POST /session/bbf5c9726f9112e84a34755731ab6c93/execute/sync HTTP/1.1
User-Agent: selenium/4.1.2 (java windows)
Content-Length: 48780
Content-Type: application/json; charset=utf-8
host: localhost:53549
accept: */*

Response DefaultHttpResponse(decodeResult: success, version: HTTP/1.1)
HTTP/1.1 200 OK
Content-Type: application/json; charset=utf-8
cache-control: no-cache
content-length: 14

11:59:08.934 [AsyncHttpClient-1-4] DEBUG org.asynchttpclient.netty.channel.ChannelManager - Adding key: http://localhost:53549 for channel [id: 0x880817d6, L:/127.0.0.1:50317 - R:localhost/127.0.0.1:53549]
11:59:08.934 [main] DEBUG net.thucydides.core.steps.StepInterceptor - STEP DONE: validateAccountIsApp
11:59:08.949 [Forwarding screenshot on session bbf5c9726f9112e84a34755731ab6c93 to remote] DEBUG org.asynchttpclient.netty.request.NettyRequestSender - Using pooled Channel '[id: 0x880817d6, L:/127.0.0.1:50317 - R:localhost/127.0.0.1:53549]' for 'GET' to 'http://localhost:53549/session/bbf5c9726f9112e84a34755731ab6c93/screenshot'
11:59:08.949 [Forwarding screenshot on session bbf5c9726f9112e84a34755731ab6c93 to remote] DEBUG org.asynchttpclient.netty.request.NettyRequestSender - Using open Channel [id: 0x880817d6, L:/127.0.0.1:50317 - R:localhost/127.0.0.1:53549] for GET '/session/bbf5c9726f9112e84a34755731ab6c93/screenshot'
11:59:09.043 [AsyncHttpClient-1-1] DEBUG org.asynchttpclient.netty.channel.DefaultChannelPool - Entry count for : http://localhost:50318 : 1
11:59:09.474 [AsyncHttpClient-1-4] DEBUG org.asynchttpclient.netty.handler.HttpHandler - 

Request DefaultFullHttpRequest(decodeResult: success, version: HTTP/1.1, content: EmptyByteBufBE)
GET /session/bbf5c9726f9112e84a34755731ab6c93/screenshot HTTP/1.1
User-Agent: selenium/4.1.2 (java windows)
Cache-Control: no-cache
Content-Type: application/json; charset=utf-8
host: localhost:53549
accept: */*

Response DefaultHttpResponse(decodeResult: success, version: HTTP/1.1)
HTTP/1.1 200 OK
Content-Type: application/json; charset=utf-8
cache-control: no-cache
content-length: 1350672

11:59:09.477 [AsyncHttpClient-1-4] DEBUG org.asynchttpclient.netty.channel.ChannelManager - Adding key: http://localhost:53549 for channel [id: 0x880817d6, L:/127.0.0.1:50317 - R:localhost/127.0.0.1:53549]
11:59:09.503 [main] DEBUG net.serenitybdd.core.photography.Darkroom - Send negative for processing for target\site\serenity\d7ab485946bfa860cfdd8e332f542b56d9249d4ba37bd833c15d1c7c00fb09e0.png
11:59:09.504 [main] DEBUG net.thucydides.core.steps.StepInterceptor - STARTING STEP: LoginStepDefinitions.iAmOnLoginPage - clickIconAccount
11:59:09.507 [Forwarding findElement on session bbf5c9726f9112e84a34755731ab6c93 to remote] DEBUG org.asynchttpclient.netty.request.NettyRequestSender - Using pooled Channel '[id: 0x880817d6, L:/127.0.0.1:50317 - R:localhost/127.0.0.1:53549]' for 'POST' to 'http://localhost:53549/session/bbf5c9726f9112e84a34755731ab6c93/element'
11:59:09.508 [Forwarding findElement on session bbf5c9726f9112e84a34755731ab6c93 to remote] DEBUG org.asynchttpclient.netty.request.NettyRequestSender - Using open Channel [id: 0x880817d6, L:/127.0.0.1:50317 - R:localhost/127.0.0.1:53549] for POST '/session/bbf5c9726f9112e84a34755731ab6c93/element'
11:59:09.518 [AsyncHttpClient-1-4] DEBUG org.asynchttpclient.netty.handler.HttpHandler - 

Request DefaultHttpRequest(decodeResult: success, version: HTTP/1.1)
POST /session/bbf5c9726f9112e84a34755731ab6c93/element HTTP/1.1
User-Agent: selenium/4.1.2 (java windows)
Content-Length: 56
Content-Type: application/json; charset=utf-8
host: localhost:53549
accept: */*

Response DefaultHttpResponse(decodeResult: success, version: HTTP/1.1)
HTTP/1.1 200 OK
Content-Type: application/json; charset=utf-8
cache-control: no-cache
content-length: 88

11:59:09.519 [AsyncHttpClient-1-4] DEBUG org.asynchttpclient.netty.channel.ChannelManager - Adding key: http://localhost:53549 for channel [id: 0x880817d6, L:/127.0.0.1:50317 - R:localhost/127.0.0.1:53549]
11:59:09.521 [Forwarding getElementTagName on session bbf5c9726f9112e84a34755731ab6c93 to remote] DEBUG org.asynchttpclient.netty.request.NettyRequestSender - Using pooled Channel '[id: 0x880817d6, L:/127.0.0.1:50317 - R:localhost/127.0.0.1:53549]' for 'GET' to 'http://localhost:53549/session/bbf5c9726f9112e84a34755731ab6c93/element/2ee9a2de-d4b8-4576-b584-68ee87ec9acc/name'
11:59:09.521 [Forwarding getElementTagName on session bbf5c9726f9112e84a34755731ab6c93 to remote] DEBUG org.asynchttpclient.netty.request.NettyRequestSender - Using open Channel [id: 0x880817d6, L:/127.0.0.1:50317 - R:localhost/127.0.0.1:53549] for GET '/session/bbf5c9726f9112e84a34755731ab6c93/element/2ee9a2de-d4b8-4576-b584-68ee87ec9acc/name'
11:59:09.526 [AsyncHttpClient-1-4] DEBUG org.asynchttpclient.netty.handler.HttpHandler - 

Request DefaultFullHttpRequest(decodeResult: success, version: HTTP/1.1, content: EmptyByteBufBE)
GET /session/bbf5c9726f9112e84a34755731ab6c93/element/2ee9a2de-d4b8-4576-b584-68ee87ec9acc/name HTTP/1.1
User-Agent: selenium/4.1.2 (java windows)
Cache-Control: no-cache
Content-Type: application/json; charset=utf-8
host: localhost:53549
accept: */*

Response DefaultHttpResponse(decodeResult: success, version: HTTP/1.1)
HTTP/1.1 200 OK
Content-Type: application/json; charset=utf-8
cache-control: no-cache
content-length: 13

11:59:09.526 [AsyncHttpClient-1-4] DEBUG org.asynchttpclient.netty.channel.ChannelManager - Adding key: http://localhost:53549 for channel [id: 0x880817d6, L:/127.0.0.1:50317 - R:localhost/127.0.0.1:53549]
11:59:09.528 [Forwarding getElementTagName on session bbf5c9726f9112e84a34755731ab6c93 to remote] DEBUG org.asynchttpclient.netty.request.NettyRequestSender - Using pooled Channel '[id: 0x880817d6, L:/127.0.0.1:50317 - R:localhost/127.0.0.1:53549]' for 'GET' to 'http://localhost:53549/session/bbf5c9726f9112e84a34755731ab6c93/element/2ee9a2de-d4b8-4576-b584-68ee87ec9acc/name'
11:59:09.528 [Forwarding getElementTagName on session bbf5c9726f9112e84a34755731ab6c93 to remote] DEBUG org.asynchttpclient.netty.request.NettyRequestSender - Using open Channel [id: 0x880817d6, L:/127.0.0.1:50317 - R:localhost/127.0.0.1:53549] for GET '/session/bbf5c9726f9112e84a34755731ab6c93/element/2ee9a2de-d4b8-4576-b584-68ee87ec9acc/name'
11:59:09.531 [AsyncHttpClient-1-4] DEBUG org.asynchttpclient.netty.handler.HttpHandler - 

Request DefaultFullHttpRequest(decodeResult: success, version: HTTP/1.1, content: EmptyByteBufBE)
GET /session/bbf5c9726f9112e84a34755731ab6c93/element/2ee9a2de-d4b8-4576-b584-68ee87ec9acc/name HTTP/1.1
User-Agent: selenium/4.1.2 (java windows)
Cache-Control: no-cache
Content-Type: application/json; charset=utf-8
host: localhost:53549
accept: */*

Response DefaultHttpResponse(decodeResult: success, version: HTTP/1.1)
HTTP/1.1 200 OK
Content-Type: application/json; charset=utf-8
cache-control: no-cache
content-length: 13

11:59:09.531 [AsyncHttpClient-1-4] DEBUG org.asynchttpclient.netty.channel.ChannelManager - Adding key: http://localhost:53549 for channel [id: 0x880817d6, L:/127.0.0.1:50317 - R:localhost/127.0.0.1:53549]
11:59:09.534 [Forwarding findElement on session bbf5c9726f9112e84a34755731ab6c93 to remote] DEBUG org.asynchttpclient.netty.request.NettyRequestSender - Using pooled Channel '[id: 0x880817d6, L:/127.0.0.1:50317 - R:localhost/127.0.0.1:53549]' for 'POST' to 'http://localhost:53549/session/bbf5c9726f9112e84a34755731ab6c93/element'
11:59:09.534 [Forwarding findElement on session bbf5c9726f9112e84a34755731ab6c93 to remote] DEBUG org.asynchttpclient.netty.request.NettyRequestSender - Using open Channel [id: 0x880817d6, L:/127.0.0.1:50317 - R:localhost/127.0.0.1:53549] for POST '/session/bbf5c9726f9112e84a34755731ab6c93/element'
11:59:09.541 [AsyncHttpClient-1-4] DEBUG org.asynchttpclient.netty.handler.HttpHandler - 

Request DefaultHttpRequest(decodeResult: success, version: HTTP/1.1)
POST /session/bbf5c9726f9112e84a34755731ab6c93/element HTTP/1.1
User-Agent: selenium/4.1.2 (java windows)
Content-Length: 56
Content-Type: application/json; charset=utf-8
host: localhost:53549
accept: */*

Response DefaultHttpResponse(decodeResult: success, version: HTTP/1.1)
HTTP/1.1 200 OK
Content-Type: application/json; charset=utf-8
cache-control: no-cache
content-length: 88

11:59:09.541 [AsyncHttpClient-1-4] DEBUG org.asynchttpclient.netty.channel.ChannelManager - Adding key: http://localhost:53549 for channel [id: 0x880817d6, L:/127.0.0.1:50317 - R:localhost/127.0.0.1:53549]
11:59:09.542 [Forwarding clickElement on session bbf5c9726f9112e84a34755731ab6c93 to remote] DEBUG org.asynchttpclient.netty.request.NettyRequestSender - Using pooled Channel '[id: 0x880817d6, L:/127.0.0.1:50317 - R:localhost/127.0.0.1:53549]' for 'POST' to 'http://localhost:53549/session/bbf5c9726f9112e84a34755731ab6c93/element/2ee9a2de-d4b8-4576-b584-68ee87ec9acc/click'
11:59:09.542 [Forwarding clickElement on session bbf5c9726f9112e84a34755731ab6c93 to remote] DEBUG org.asynchttpclient.netty.request.NettyRequestSender - Using open Channel [id: 0x880817d6, L:/127.0.0.1:50317 - R:localhost/127.0.0.1:53549] for POST '/session/bbf5c9726f9112e84a34755731ab6c93/element/2ee9a2de-d4b8-4576-b584-68ee87ec9acc/click'
11:59:09.709 [AsyncHttpClient-1-4] DEBUG org.asynchttpclient.netty.handler.HttpHandler - 

Request DefaultHttpRequest(decodeResult: success, version: HTTP/1.1)
POST /session/bbf5c9726f9112e84a34755731ab6c93/element/2ee9a2de-d4b8-4576-b584-68ee87ec9acc/click HTTP/1.1
User-Agent: selenium/4.1.2 (java windows)
Content-Length: 50
Content-Type: application/json; charset=utf-8
host: localhost:53549
accept: */*

Response DefaultHttpResponse(decodeResult: success, version: HTTP/1.1)
HTTP/1.1 200 OK
Content-Type: application/json; charset=utf-8
cache-control: no-cache
content-length: 14

11:59:09.709 [AsyncHttpClient-1-4] DEBUG org.asynchttpclient.netty.channel.ChannelManager - Adding key: http://localhost:53549 for channel [id: 0x880817d6, L:/127.0.0.1:50317 - R:localhost/127.0.0.1:53549]
11:59:09.720 [Forwarding screenshot on session bbf5c9726f9112e84a34755731ab6c93 to remote] DEBUG org.asynchttpclient.netty.request.NettyRequestSender - Using pooled Channel '[id: 0x880817d6, L:/127.0.0.1:50317 - R:localhost/127.0.0.1:53549]' for 'GET' to 'http://localhost:53549/session/bbf5c9726f9112e84a34755731ab6c93/screenshot'
11:59:09.720 [Forwarding screenshot on session bbf5c9726f9112e84a34755731ab6c93 to remote] DEBUG org.asynchttpclient.netty.request.NettyRequestSender - Using open Channel [id: 0x880817d6, L:/127.0.0.1:50317 - R:localhost/127.0.0.1:53549] for GET '/session/bbf5c9726f9112e84a34755731ab6c93/screenshot'
11:59:10.141 [AsyncHttpClient-1-1] DEBUG org.asynchttpclient.netty.channel.DefaultChannelPool - Entry count for : http://localhost:50318 : 1
11:59:10.444 [AsyncHttpClient-1-4] DEBUG org.asynchttpclient.netty.handler.HttpHandler - 

Request DefaultFullHttpRequest(decodeResult: success, version: HTTP/1.1, content: EmptyByteBufBE)
GET /session/bbf5c9726f9112e84a34755731ab6c93/screenshot HTTP/1.1
User-Agent: selenium/4.1.2 (java windows)
Cache-Control: no-cache
Content-Type: application/json; charset=utf-8
host: localhost:53549
accept: */*

Response DefaultHttpResponse(decodeResult: success, version: HTTP/1.1)
HTTP/1.1 200 OK
Content-Type: application/json; charset=utf-8
cache-control: no-cache
content-length: 1088596

11:59:10.446 [AsyncHttpClient-1-4] DEBUG org.asynchttpclient.netty.channel.ChannelManager - Adding key: http://localhost:53549 for channel [id: 0x880817d6, L:/127.0.0.1:50317 - R:localhost/127.0.0.1:53549]
11:59:10.481 [main] DEBUG net.serenitybdd.core.photography.Darkroom - Send negative for processing for target\site\serenity\6b007e71985daaec6179bd3602bdf31ca9e39206d3c724e484be59366d17b04d.png
11:59:10.482 [main] DEBUG net.thucydides.core.steps.StepInterceptor - STEP DONE: clickIconAccount
11:59:10.482 [Darkroom Processing Line] DEBUG net.serenitybdd.core.photography.DarkroomProcessingLine - Processing screenshot image in /var/screenshots/screenshot-16813152683124186097
11:59:10.482 [Darkroom Processing Line] DEBUG net.serenitybdd.core.photography.DarkroomProcessingLine - Saving screenshot to target\site\serenity\6b007e71985daaec6179bd3602bdf31ca9e39206d3c724e484be59366d17b04d.png
11:59:10.500 [main] DEBUG net.thucydides.core.steps.StepInterceptor - STARTING STEP: LoginStepDefinitions.iAmOnLoginPage - validateLoginFormIsApp
11:59:10.502 [Forwarding findElement on session bbf5c9726f9112e84a34755731ab6c93 to remote] DEBUG org.asynchttpclient.netty.request.NettyRequestSender - Using pooled Channel '[id: 0x880817d6, L:/127.0.0.1:50317 - R:localhost/127.0.0.1:53549]' for 'POST' to 'http://localhost:53549/session/bbf5c9726f9112e84a34755731ab6c93/element'
11:59:10.502 [Forwarding findElement on session bbf5c9726f9112e84a34755731ab6c93 to remote] DEBUG org.asynchttpclient.netty.request.NettyRequestSender - Using open Channel [id: 0x880817d6, L:/127.0.0.1:50317 - R:localhost/127.0.0.1:53549] for POST '/session/bbf5c9726f9112e84a34755731ab6c93/element'
11:59:10.527 [AsyncHttpClient-1-4] DEBUG org.asynchttpclient.netty.handler.HttpHandler - 

Request DefaultHttpRequest(decodeResult: success, version: HTTP/1.1)
POST /session/bbf5c9726f9112e84a34755731ab6c93/element HTTP/1.1
User-Agent: selenium/4.1.2 (java windows)
Content-Length: 103
Content-Type: application/json; charset=utf-8
host: localhost:53549
accept: */*

Response DefaultHttpResponse(decodeResult: success, version: HTTP/1.1)
HTTP/1.1 200 OK
Content-Type: application/json; charset=utf-8
cache-control: no-cache
content-length: 88

11:59:10.527 [AsyncHttpClient-1-4] DEBUG org.asynchttpclient.netty.channel.ChannelManager - Adding key: http://localhost:53549 for channel [id: 0x880817d6, L:/127.0.0.1:50317 - R:localhost/127.0.0.1:53549]
11:59:10.533 [Forwarding isElementDisplayed on session bbf5c9726f9112e84a34755731ab6c93 to remote] DEBUG org.asynchttpclient.netty.request.NettyRequestSender - Using pooled Channel '[id: 0x880817d6, L:/127.0.0.1:50317 - R:localhost/127.0.0.1:53549]' for 'POST' to 'http://localhost:53549/session/bbf5c9726f9112e84a34755731ab6c93/execute/sync'
11:59:10.534 [Forwarding isElementDisplayed on session bbf5c9726f9112e84a34755731ab6c93 to remote] DEBUG org.asynchttpclient.netty.request.NettyRequestSender - Using open Channel [id: 0x880817d6, L:/127.0.0.1:50317 - R:localhost/127.0.0.1:53549] for POST '/session/bbf5c9726f9112e84a34755731ab6c93/execute/sync'
11:59:10.556 [AsyncHttpClient-1-4] DEBUG org.asynchttpclient.netty.handler.HttpHandler - 

Request DefaultHttpRequest(decodeResult: success, version: HTTP/1.1)
POST /session/bbf5c9726f9112e84a34755731ab6c93/execute/sync HTTP/1.1
User-Agent: selenium/4.1.2 (java windows)
Content-Length: 48780
Content-Type: application/json; charset=utf-8
host: localhost:53549
accept: */*

Response DefaultHttpResponse(decodeResult: success, version: HTTP/1.1)
HTTP/1.1 200 OK
Content-Type: application/json; charset=utf-8
cache-control: no-cache
content-length: 14

11:59:10.556 [AsyncHttpClient-1-4] DEBUG org.asynchttpclient.netty.channel.ChannelManager - Adding key: http://localhost:53549 for channel [id: 0x880817d6, L:/127.0.0.1:50317 - R:localhost/127.0.0.1:53549]
11:59:10.562 [Forwarding screenshot on session bbf5c9726f9112e84a34755731ab6c93 to remote] DEBUG org.asynchttpclient.netty.request.NettyRequestSender - Using pooled Channel '[id: 0x880817d6, L:/127.0.0.1:50317 - R:localhost/127.0.0.1:53549]' for 'GET' to 'http://localhost:53549/session/bbf5c9726f9112e84a34755731ab6c93/screenshot'
11:59:10.563 [Forwarding screenshot on session bbf5c9726f9112e84a34755731ab6c93 to remote] DEBUG org.asynchttpclient.netty.request.NettyRequestSender - Using open Channel [id: 0x880817d6, L:/127.0.0.1:50317 - R:localhost/127.0.0.1:53549] for GET '/session/bbf5c9726f9112e84a34755731ab6c93/screenshot'
11:59:10.943 [AsyncHttpClient-1-4] DEBUG org.asynchttpclient.netty.handler.HttpHandler - 

Request DefaultFullHttpRequest(decodeResult: success, version: HTTP/1.1, content: EmptyByteBufBE)
GET /session/bbf5c9726f9112e84a34755731ab6c93/screenshot HTTP/1.1
User-Agent: selenium/4.1.2 (java windows)
Cache-Control: no-cache
Content-Type: application/json; charset=utf-8
host: localhost:53549
accept: */*

Response DefaultHttpResponse(decodeResult: success, version: HTTP/1.1)
HTTP/1.1 200 OK
Content-Type: application/json; charset=utf-8
cache-control: no-cache
content-length: 507016

11:59:10.943 [AsyncHttpClient-1-4] DEBUG org.asynchttpclient.netty.channel.ChannelManager - Adding key: http://localhost:53549 for channel [id: 0x880817d6, L:/127.0.0.1:50317 - R:localhost/127.0.0.1:53549]
11:59:10.958 [main] DEBUG net.serenitybdd.core.photography.Darkroom - Send negative for processing for target\site\serenity\6c635a42590d0db64baa9235a711e3009ccc31f2418a7247fe073f3f7ce961a0.png
11:59:10.958 [main] DEBUG net.thucydides.core.steps.StepInterceptor - STEP DONE: validateLoginFormIsApp
  &amp#27;[32mGiven &amp#27;[0m&amp#27;[32mi am on login page&amp#27;[0m                      &amp#27;[90m# starter.stepdefinitions.LoginStepDefinitions.iAmOnLoginPage()&amp#27;[0m
11:59:10.978 [main] DEBUG net.thucydides.core.steps.StepInterceptor - STARTING STEP: LoginStepDefinitions.iInputUsername - inputUsername
11:59:10.983 [Forwarding findElement on session bbf5c9726f9112e84a34755731ab6c93 to remote] DEBUG org.asynchttpclient.netty.request.NettyRequestSender - Using pooled Channel '[id: 0x880817d6, L:/127.0.0.1:50317 - R:localhost/127.0.0.1:53549]' for 'POST' to 'http://localhost:53549/session/bbf5c9726f9112e84a34755731ab6c93/element'
11:59:10.983 [Forwarding findElement on session bbf5c9726f9112e84a34755731ab6c93 to remote] DEBUG org.asynchttpclient.netty.request.NettyRequestSender - Using open Channel [id: 0x880817d6, L:/127.0.0.1:50317 - R:localhost/127.0.0.1:53549] for POST '/session/bbf5c9726f9112e84a34755731ab6c93/element'
11:59:10.998 [AsyncHttpClient-1-4] DEBUG org.asynchttpclient.netty.handler.HttpHandler - 

Request DefaultHttpRequest(decodeResult: success, version: HTTP/1.1)
POST /session/bbf5c9726f9112e84a34755731ab6c93/element HTTP/1.1
User-Agent: selenium/4.1.2 (java windows)
Content-Length: 53
Content-Type: application/json; charset=utf-8
host: localhost:53549
accept: */*

Response DefaultHttpResponse(decodeResult: success, version: HTTP/1.1)
HTTP/1.1 200 OK
Content-Type: application/json; charset=utf-8
cache-control: no-cache
content-length: 88

11:59:10.998 [AsyncHttpClient-1-4] DEBUG org.asynchttpclient.netty.channel.ChannelManager - Adding key: http://localhost:53549 for channel [id: 0x880817d6, L:/127.0.0.1:50317 - R:localhost/127.0.0.1:53549]
11:59:10.998 [Forwarding clearElement on session bbf5c9726f9112e84a34755731ab6c93 to remote] DEBUG org.asynchttpclient.netty.request.NettyRequestSender - Using pooled Channel '[id: 0x880817d6, L:/127.0.0.1:50317 - R:localhost/127.0.0.1:53549]' for 'POST' to 'http://localhost:53549/session/bbf5c9726f9112e84a34755731ab6c93/element/3a0c4ce5-e8c4-4320-983b-e31214d76f63/clear'
11:59:10.998 [Forwarding clearElement on session bbf5c9726f9112e84a34755731ab6c93 to remote] DEBUG org.asynchttpclient.netty.request.NettyRequestSender - Using open Channel [id: 0x880817d6, L:/127.0.0.1:50317 - R:localhost/127.0.0.1:53549] for POST '/session/bbf5c9726f9112e84a34755731ab6c93/element/3a0c4ce5-e8c4-4320-983b-e31214d76f63/clear'
11:59:11.035 [AsyncHttpClient-1-4] DEBUG org.asynchttpclient.netty.handler.HttpHandler - 

Request DefaultHttpRequest(decodeResult: success, version: HTTP/1.1)
POST /session/bbf5c9726f9112e84a34755731ab6c93/element/3a0c4ce5-e8c4-4320-983b-e31214d76f63/clear HTTP/1.1
User-Agent: selenium/4.1.2 (java windows)
Content-Length: 50
Content-Type: application/json; charset=utf-8
host: localhost:53549
accept: */*

Response DefaultHttpResponse(decodeResult: success, version: HTTP/1.1)
HTTP/1.1 200 OK
Content-Type: application/json; charset=utf-8
cache-control: no-cache
content-length: 14

11:59:11.035 [AsyncHttpClient-1-4] DEBUG org.asynchttpclient.netty.channel.ChannelManager - Adding key: http://localhost:53549 for channel [id: 0x880817d6, L:/127.0.0.1:50317 - R:localhost/127.0.0.1:53549]
11:59:11.038 [Forwarding sendKeysToElement on session bbf5c9726f9112e84a34755731ab6c93 to remote] DEBUG org.asynchttpclient.netty.request.NettyRequestSender - Using pooled Channel '[id: 0x880817d6, L:/127.0.0.1:50317 - R:localhost/127.0.0.1:53549]' for 'POST' to 'http://localhost:53549/session/bbf5c9726f9112e84a34755731ab6c93/element/3a0c4ce5-e8c4-4320-983b-e31214d76f63/value'
11:59:11.038 [Forwarding sendKeysToElement on session bbf5c9726f9112e84a34755731ab6c93 to remote] DEBUG org.asynchttpclient.netty.request.NettyRequestSender - Using open Channel [id: 0x880817d6, L:/127.0.0.1:50317 - R:localhost/127.0.0.1:53549] for POST '/session/bbf5c9726f9112e84a34755731ab6c93/element/3a0c4ce5-e8c4-4320-983b-e31214d76f63/value'
11:59:11.240 [AsyncHttpClient-1-1] DEBUG org.asynchttpclient.netty.channel.DefaultChannelPool - Entry count for : http://localhost:50318 : 1
11:59:11.249 [AsyncHttpClient-1-4] DEBUG org.asynchttpclient.netty.handler.HttpHandler - 

Request DefaultHttpRequest(decodeResult: success, version: HTTP/1.1)
POST /session/bbf5c9726f9112e84a34755731ab6c93/element/3a0c4ce5-e8c4-4320-983b-e31214d76f63/value HTTP/1.1
User-Agent: selenium/4.1.2 (java windows)
Content-Length: 291
Content-Type: application/json; charset=utf-8
host: localhost:53549
accept: */*

Response DefaultHttpResponse(decodeResult: success, version: HTTP/1.1)
HTTP/1.1 200 OK
Content-Type: application/json; charset=utf-8
cache-control: no-cache
content-length: 14

11:59:11.250 [AsyncHttpClient-1-4] DEBUG org.asynchttpclient.netty.channel.ChannelManager - Adding key: http://localhost:53549 for channel [id: 0x880817d6, L:/127.0.0.1:50317 - R:localhost/127.0.0.1:53549]
11:59:11.261 [Forwarding screenshot on session bbf5c9726f9112e84a34755731ab6c93 to remote] DEBUG org.asynchttpclient.netty.request.NettyRequestSender - Using pooled Channel '[id: 0x880817d6, L:/127.0.0.1:50317 - R:localhost/127.0.0.1:53549]' for 'GET' to 'http://localhost:53549/session/bbf5c9726f9112e84a34755731ab6c93/screenshot'
11:59:11.261 [Forwarding screenshot on session bbf5c9726f9112e84a34755731ab6c93 to remote] DEBUG org.asynchttpclient.netty.request.NettyRequestSender - Using open Channel [id: 0x880817d6, L:/127.0.0.1:50317 - R:localhost/127.0.0.1:53549] for GET '/session/bbf5c9726f9112e84a34755731ab6c93/screenshot'
11:59:11.815 [AsyncHttpClient-1-4] DEBUG org.asynchttpclient.netty.handler.HttpHandler - 

Request DefaultFullHttpRequest(decodeResult: success, version: HTTP/1.1, content: EmptyByteBufBE)
GET /session/bbf5c9726f9112e84a34755731ab6c93/screenshot HTTP/1.1
User-Agent: selenium/4.1.2 (java windows)
Cache-Control: no-cache
Content-Type: application/json; charset=utf-8
host: localhost:53549
accept: */*

Response DefaultHttpResponse(decodeResult: success, version: HTTP/1.1)
HTTP/1.1 200 OK
Content-Type: application/json; charset=utf-8
cache-control: no-cache
content-length: 517836

11:59:11.816 [AsyncHttpClient-1-4] DEBUG org.asynchttpclient.netty.channel.ChannelManager - Adding key: http://localhost:53549 for channel [id: 0x880817d6, L:/127.0.0.1:50317 - R:localhost/127.0.0.1:53549]
11:59:11.826 [main] DEBUG net.serenitybdd.core.photography.Darkroom - Send negative for processing for target\site\serenity\4892240fe8999400459e92a4f622249dc4831e9ec3716581fff6d3354586bd3f.png
11:59:11.826 [main] DEBUG net.thucydides.core.steps.StepInterceptor - STEP DONE: inputUsername
  &amp#27;[32mWhen &amp#27;[0m&amp#27;[32mi input &amp#27;[0m&amp#27;[32m&amp#27;[1m"dummyforta2@gmail.com"&amp#27;[0m&amp#27;[32m username&amp#27;[0m &amp#27;[90m# starter.stepdefinitions.LoginStepDefinitions.iInputUsername(java.lang.String)&amp#27;[0m
11:59:11.826 [Darkroom Processing Line] DEBUG net.serenitybdd.core.photography.DarkroomProcessingLine - Processing screenshot image in /var/screenshots/screenshot-9443773177721602183
11:59:11.826 [Darkroom Processing Line] DEBUG net.serenitybdd.core.photography.DarkroomProcessingLine - Saving screenshot to target\site\serenity\4892240fe8999400459e92a4f622249dc4831e9ec3716581fff6d3354586bd3f.png
11:59:11.841 [main] DEBUG net.thucydides.core.steps.StepInterceptor - STARTING STEP: LoginStepDefinitions.iInputPassword - inputPassword
11:59:11.843 [Forwarding findElement on session bbf5c9726f9112e84a34755731ab6c93 to remote] DEBUG org.asynchttpclient.netty.request.NettyRequestSender - Using pooled Channel '[id: 0x880817d6, L:/127.0.0.1:50317 - R:localhost/127.0.0.1:53549]' for 'POST' to 'http://localhost:53549/session/bbf5c9726f9112e84a34755731ab6c93/element'
11:59:11.843 [Forwarding findElement on session bbf5c9726f9112e84a34755731ab6c93 to remote] DEBUG org.asynchttpclient.netty.request.NettyRequestSender - Using open Channel [id: 0x880817d6, L:/127.0.0.1:50317 - R:localhost/127.0.0.1:53549] for POST '/session/bbf5c9726f9112e84a34755731ab6c93/element'
11:59:11.857 [AsyncHttpClient-1-4] DEBUG org.asynchttpclient.netty.handler.HttpHandler - 

Request DefaultHttpRequest(decodeResult: success, version: HTTP/1.1)
POST /session/bbf5c9726f9112e84a34755731ab6c93/element HTTP/1.1
User-Agent: selenium/4.1.2 (java windows)
Content-Length: 53
Content-Type: application/json; charset=utf-8
host: localhost:53549
accept: */*

Response DefaultHttpResponse(decodeResult: success, version: HTTP/1.1)
HTTP/1.1 200 OK
Content-Type: application/json; charset=utf-8
cache-control: no-cache
content-length: 88

11:59:11.857 [AsyncHttpClient-1-4] DEBUG org.asynchttpclient.netty.channel.ChannelManager - Adding key: http://localhost:53549 for channel [id: 0x880817d6, L:/127.0.0.1:50317 - R:localhost/127.0.0.1:53549]
11:59:11.858 [Forwarding clearElement on session bbf5c9726f9112e84a34755731ab6c93 to remote] DEBUG org.asynchttpclient.netty.request.NettyRequestSender - Using pooled Channel '[id: 0x880817d6, L:/127.0.0.1:50317 - R:localhost/127.0.0.1:53549]' for 'POST' to 'http://localhost:53549/session/bbf5c9726f9112e84a34755731ab6c93/element/c1ab0dd4-3e45-4606-9cb7-e6574fbf9181/clear'
11:59:11.859 [Forwarding clearElement on session bbf5c9726f9112e84a34755731ab6c93 to remote] DEBUG org.asynchttpclient.netty.request.NettyRequestSender - Using open Channel [id: 0x880817d6, L:/127.0.0.1:50317 - R:localhost/127.0.0.1:53549] for POST '/session/bbf5c9726f9112e84a34755731ab6c93/element/c1ab0dd4-3e45-4606-9cb7-e6574fbf9181/clear'
11:59:11.888 [AsyncHttpClient-1-4] DEBUG org.asynchttpclient.netty.handler.HttpHandler - 

Request DefaultHttpRequest(decodeResult: success, version: HTTP/1.1)
POST /session/bbf5c9726f9112e84a34755731ab6c93/element/c1ab0dd4-3e45-4606-9cb7-e6574fbf9181/clear HTTP/1.1
User-Agent: selenium/4.1.2 (java windows)
Content-Length: 50
Content-Type: application/json; charset=utf-8
host: localhost:53549
accept: */*

Response DefaultHttpResponse(decodeResult: success, version: HTTP/1.1)
HTTP/1.1 200 OK
Content-Type: application/json; charset=utf-8
cache-control: no-cache
content-length: 14

11:59:11.888 [AsyncHttpClient-1-4] DEBUG org.asynchttpclient.netty.channel.ChannelManager - Adding key: http://localhost:53549 for channel [id: 0x880817d6, L:/127.0.0.1:50317 - R:localhost/127.0.0.1:53549]
11:59:11.890 [Forwarding sendKeysToElement on session bbf5c9726f9112e84a34755731ab6c93 to remote] DEBUG org.asynchttpclient.netty.request.NettyRequestSender - Using pooled Channel '[id: 0x880817d6, L:/127.0.0.1:50317 - R:localhost/127.0.0.1:53549]' for 'POST' to 'http://localhost:53549/session/bbf5c9726f9112e84a34755731ab6c93/element/c1ab0dd4-3e45-4606-9cb7-e6574fbf9181/value'
11:59:11.890 [Forwarding sendKeysToElement on session bbf5c9726f9112e84a34755731ab6c93 to remote] DEBUG org.asynchttpclient.netty.request.NettyRequestSender - Using open Channel [id: 0x880817d6, L:/127.0.0.1:50317 - R:localhost/127.0.0.1:53549] for POST '/session/bbf5c9726f9112e84a34755731ab6c93/element/c1ab0dd4-3e45-4606-9cb7-e6574fbf9181/value'
11:59:11.959 [AsyncHttpClient-1-4] DEBUG org.asynchttpclient.netty.handler.HttpHandler - 

Request DefaultHttpRequest(decodeResult: success, version: HTTP/1.1)
POST /session/bbf5c9726f9112e84a34755731ab6c93/element/c1ab0dd4-3e45-4606-9cb7-e6574fbf9181/value HTTP/1.1
User-Agent: selenium/4.1.2 (java windows)
Content-Length: 201
Content-Type: application/json; charset=utf-8
host: localhost:53549
accept: */*

Response DefaultHttpResponse(decodeResult: success, version: HTTP/1.1)
HTTP/1.1 200 OK
Content-Type: application/json; charset=utf-8
cache-control: no-cache
content-length: 14

11:59:11.959 [AsyncHttpClient-1-4] DEBUG org.asynchttpclient.netty.channel.ChannelManager - Adding key: http://localhost:53549 for channel [id: 0x880817d6, L:/127.0.0.1:50317 - R:localhost/127.0.0.1:53549]
11:59:11.964 [Forwarding screenshot on session bbf5c9726f9112e84a34755731ab6c93 to remote] DEBUG org.asynchttpclient.netty.request.NettyRequestSender - Using pooled Channel '[id: 0x880817d6, L:/127.0.0.1:50317 - R:localhost/127.0.0.1:53549]' for 'GET' to 'http://localhost:53549/session/bbf5c9726f9112e84a34755731ab6c93/screenshot'
11:59:11.964 [Forwarding screenshot on session bbf5c9726f9112e84a34755731ab6c93 to remote] DEBUG org.asynchttpclient.netty.request.NettyRequestSender - Using open Channel [id: 0x880817d6, L:/127.0.0.1:50317 - R:localhost/127.0.0.1:53549] for GET '/session/bbf5c9726f9112e84a34755731ab6c93/screenshot'
11:59:12.204 [AsyncHttpClient-1-4] DEBUG org.asynchttpclient.netty.handler.HttpHandler - 

Request DefaultFullHttpRequest(decodeResult: success, version: HTTP/1.1, content: EmptyByteBufBE)
GET /session/bbf5c9726f9112e84a34755731ab6c93/screenshot HTTP/1.1
User-Agent: selenium/4.1.2 (java windows)
Cache-Control: no-cache
Content-Type: application/json; charset=utf-8
host: localhost:53549
accept: */*

Response DefaultHttpResponse(decodeResult: success, version: HTTP/1.1)
HTTP/1.1 200 OK
Content-Type: application/json; charset=utf-8
cache-control: no-cache
content-length: 445640

11:59:12.204 [AsyncHttpClient-1-4] DEBUG org.asynchttpclient.netty.channel.ChannelManager - Adding key: http://localhost:53549 for channel [id: 0x880817d6, L:/127.0.0.1:50317 - R:localhost/127.0.0.1:53549]
11:59:12.211 [main] DEBUG net.serenitybdd.core.photography.Darkroom - Send negative for processing for target\site\serenity\ecf71f888d8b8e7f7028fc177d1e5bbd9571bbc85bce2ea023e370cf5d78c18a.png
11:59:12.211 [main] DEBUG net.thucydides.core.steps.StepInterceptor - STEP DONE: inputPassword
  &amp#27;[32mAnd &amp#27;[0m&amp#27;[32mi input &amp#27;[0m&amp#27;[32m&amp#27;[1m"realgladz151"&amp#27;[0m&amp#27;[32m password&amp#27;[0m           &amp#27;[90m# starter.stepdefinitions.LoginStepDefinitions.iInputPassword(java.lang.String)&amp#27;[0m
11:59:12.211 [Darkroom Processing Line] DEBUG net.serenitybdd.core.photography.DarkroomProcessingLine - Processing screenshot image in /var/screenshots/screenshot-1315903038358584024
11:59:12.211 [Darkroom Processing Line] DEBUG net.serenitybdd.core.photography.DarkroomProcessingLine - Saving screenshot to target\site\serenity\ecf71f888d8b8e7f7028fc177d1e5bbd9571bbc85bce2ea023e370cf5d78c18a.png
11:59:12.224 [main] DEBUG net.thucydides.core.steps.StepInterceptor - STARTING STEP: LoginStepDefinitions.clickLoginButton - clickLoginButton
11:59:12.226 [Forwarding findElement on session bbf5c9726f9112e84a34755731ab6c93 to remote] DEBUG org.asynchttpclient.netty.request.NettyRequestSender - Using pooled Channel '[id: 0x880817d6, L:/127.0.0.1:50317 - R:localhost/127.0.0.1:53549]' for 'POST' to 'http://localhost:53549/session/bbf5c9726f9112e84a34755731ab6c93/element'
11:59:12.226 [Forwarding findElement on session bbf5c9726f9112e84a34755731ab6c93 to remote] DEBUG org.asynchttpclient.netty.request.NettyRequestSender - Using open Channel [id: 0x880817d6, L:/127.0.0.1:50317 - R:localhost/127.0.0.1:53549] for POST '/session/bbf5c9726f9112e84a34755731ab6c93/element'
11:59:12.237 [AsyncHttpClient-1-4] DEBUG org.asynchttpclient.netty.handler.HttpHandler - 

Request DefaultHttpRequest(decodeResult: success, version: HTTP/1.1)
POST /session/bbf5c9726f9112e84a34755731ab6c93/element HTTP/1.1
User-Agent: selenium/4.1.2 (java windows)
Content-Length: 59
Content-Type: application/json; charset=utf-8
host: localhost:53549
accept: */*

Response DefaultHttpResponse(decodeResult: success, version: HTTP/1.1)
HTTP/1.1 200 OK
Content-Type: application/json; charset=utf-8
cache-control: no-cache
content-length: 88

11:59:12.237 [AsyncHttpClient-1-4] DEBUG org.asynchttpclient.netty.channel.ChannelManager - Adding key: http://localhost:53549 for channel [id: 0x880817d6, L:/127.0.0.1:50317 - R:localhost/127.0.0.1:53549]
11:59:12.238 [Forwarding getElementTagName on session bbf5c9726f9112e84a34755731ab6c93 to remote] DEBUG org.asynchttpclient.netty.request.NettyRequestSender - Using pooled Channel '[id: 0x880817d6, L:/127.0.0.1:50317 - R:localhost/127.0.0.1:53549]' for 'GET' to 'http://localhost:53549/session/bbf5c9726f9112e84a34755731ab6c93/element/feecb93c-844e-4052-87b7-fda9aa89e272/name'
11:59:12.238 [Forwarding getElementTagName on session bbf5c9726f9112e84a34755731ab6c93 to remote] DEBUG org.asynchttpclient.netty.request.NettyRequestSender - Using open Channel [id: 0x880817d6, L:/127.0.0.1:50317 - R:localhost/127.0.0.1:53549] for GET '/session/bbf5c9726f9112e84a34755731ab6c93/element/feecb93c-844e-4052-87b7-fda9aa89e272/name'
11:59:12.242 [AsyncHttpClient-1-4] DEBUG org.asynchttpclient.netty.handler.HttpHandler - 

Request DefaultFullHttpRequest(decodeResult: success, version: HTTP/1.1, content: EmptyByteBufBE)
GET /session/bbf5c9726f9112e84a34755731ab6c93/element/feecb93c-844e-4052-87b7-fda9aa89e272/name HTTP/1.1
User-Agent: selenium/4.1.2 (java windows)
Cache-Control: no-cache
Content-Type: application/json; charset=utf-8
host: localhost:53549
accept: */*

Response DefaultHttpResponse(decodeResult: success, version: HTTP/1.1)
HTTP/1.1 200 OK
Content-Type: application/json; charset=utf-8
cache-control: no-cache
content-length: 18

11:59:12.242 [AsyncHttpClient-1-4] DEBUG org.asynchttpclient.netty.channel.ChannelManager - Adding key: http://localhost:53549 for channel [id: 0x880817d6, L:/127.0.0.1:50317 - R:localhost/127.0.0.1:53549]
11:59:12.242 [Forwarding getElementTagName on session bbf5c9726f9112e84a34755731ab6c93 to remote] DEBUG org.asynchttpclient.netty.request.NettyRequestSender - Using pooled Channel '[id: 0x880817d6, L:/127.0.0.1:50317 - R:localhost/127.0.0.1:53549]' for 'GET' to 'http://localhost:53549/session/bbf5c9726f9112e84a34755731ab6c93/element/feecb93c-844e-4052-87b7-fda9aa89e272/name'
11:59:12.242 [Forwarding getElementTagName on session bbf5c9726f9112e84a34755731ab6c93 to remote] DEBUG org.asynchttpclient.netty.request.NettyRequestSender - Using open Channel [id: 0x880817d6, L:/127.0.0.1:50317 - R:localhost/127.0.0.1:53549] for GET '/session/bbf5c9726f9112e84a34755731ab6c93/element/feecb93c-844e-4052-87b7-fda9aa89e272/name'
11:59:12.247 [AsyncHttpClient-1-4] DEBUG org.asynchttpclient.netty.handler.HttpHandler - 

Request DefaultFullHttpRequest(decodeResult: success, version: HTTP/1.1, content: EmptyByteBufBE)
GET /session/bbf5c9726f9112e84a34755731ab6c93/element/feecb93c-844e-4052-87b7-fda9aa89e272/name HTTP/1.1
User-Agent: selenium/4.1.2 (java windows)
Cache-Control: no-cache
Content-Type: application/json; charset=utf-8
host: localhost:53549
accept: */*

Response DefaultHttpResponse(decodeResult: success, version: HTTP/1.1)
HTTP/1.1 200 OK
Content-Type: application/json; charset=utf-8
cache-control: no-cache
content-length: 18

11:59:12.247 [AsyncHttpClient-1-4] DEBUG org.asynchttpclient.netty.channel.ChannelManager - Adding key: http://localhost:53549 for channel [id: 0x880817d6, L:/127.0.0.1:50317 - R:localhost/127.0.0.1:53549]
11:59:12.247 [Forwarding isElementEnabled on session bbf5c9726f9112e84a34755731ab6c93 to remote] DEBUG org.asynchttpclient.netty.request.NettyRequestSender - Using pooled Channel '[id: 0x880817d6, L:/127.0.0.1:50317 - R:localhost/127.0.0.1:53549]' for 'GET' to 'http://localhost:53549/session/bbf5c9726f9112e84a34755731ab6c93/element/feecb93c-844e-4052-87b7-fda9aa89e272/enabled'
11:59:12.247 [Forwarding isElementEnabled on session bbf5c9726f9112e84a34755731ab6c93 to remote] DEBUG org.asynchttpclient.netty.request.NettyRequestSender - Using open Channel [id: 0x880817d6, L:/127.0.0.1:50317 - R:localhost/127.0.0.1:53549] for GET '/session/bbf5c9726f9112e84a34755731ab6c93/element/feecb93c-844e-4052-87b7-fda9aa89e272/enabled'
11:59:12.257 [AsyncHttpClient-1-4] DEBUG org.asynchttpclient.netty.handler.HttpHandler - 

Request DefaultFullHttpRequest(decodeResult: success, version: HTTP/1.1, content: EmptyByteBufBE)
GET /session/bbf5c9726f9112e84a34755731ab6c93/element/feecb93c-844e-4052-87b7-fda9aa89e272/enabled HTTP/1.1
User-Agent: selenium/4.1.2 (java windows)
Cache-Control: no-cache
Content-Type: application/json; charset=utf-8
host: localhost:53549
accept: */*

Response DefaultHttpResponse(decodeResult: success, version: HTTP/1.1)
HTTP/1.1 200 OK
Content-Type: application/json; charset=utf-8
cache-control: no-cache
content-length: 14

11:59:12.257 [AsyncHttpClient-1-4] DEBUG org.asynchttpclient.netty.channel.ChannelManager - Adding key: http://localhost:53549 for channel [id: 0x880817d6, L:/127.0.0.1:50317 - R:localhost/127.0.0.1:53549]
11:59:12.257 [Forwarding isElementEnabled on session bbf5c9726f9112e84a34755731ab6c93 to remote] DEBUG org.asynchttpclient.netty.request.NettyRequestSender - Using pooled Channel '[id: 0x880817d6, L:/127.0.0.1:50317 - R:localhost/127.0.0.1:53549]' for 'GET' to 'http://localhost:53549/session/bbf5c9726f9112e84a34755731ab6c93/element/feecb93c-844e-4052-87b7-fda9aa89e272/enabled'
11:59:12.257 [Forwarding isElementEnabled on session bbf5c9726f9112e84a34755731ab6c93 to remote] DEBUG org.asynchttpclient.netty.request.NettyRequestSender - Using open Channel [id: 0x880817d6, L:/127.0.0.1:50317 - R:localhost/127.0.0.1:53549] for GET '/session/bbf5c9726f9112e84a34755731ab6c93/element/feecb93c-844e-4052-87b7-fda9aa89e272/enabled'
11:59:12.262 [AsyncHttpClient-1-4] DEBUG org.asynchttpclient.netty.handler.HttpHandler - 

Request DefaultFullHttpRequest(decodeResult: success, version: HTTP/1.1, content: EmptyByteBufBE)
GET /session/bbf5c9726f9112e84a34755731ab6c93/element/feecb93c-844e-4052-87b7-fda9aa89e272/enabled HTTP/1.1
User-Agent: selenium/4.1.2 (java windows)
Cache-Control: no-cache
Content-Type: application/json; charset=utf-8
host: localhost:53549
accept: */*

Response DefaultHttpResponse(decodeResult: success, version: HTTP/1.1)
HTTP/1.1 200 OK
Content-Type: application/json; charset=utf-8
cache-control: no-cache
content-length: 14

11:59:12.262 [AsyncHttpClient-1-4] DEBUG org.asynchttpclient.netty.channel.ChannelManager - Adding key: http://localhost:53549 for channel [id: 0x880817d6, L:/127.0.0.1:50317 - R:localhost/127.0.0.1:53549]
11:59:12.264 [Forwarding findElement on session bbf5c9726f9112e84a34755731ab6c93 to remote] DEBUG org.asynchttpclient.netty.request.NettyRequestSender - Using pooled Channel '[id: 0x880817d6, L:/127.0.0.1:50317 - R:localhost/127.0.0.1:53549]' for 'POST' to 'http://localhost:53549/session/bbf5c9726f9112e84a34755731ab6c93/element'
11:59:12.267 [Forwarding findElement on session bbf5c9726f9112e84a34755731ab6c93 to remote] DEBUG org.asynchttpclient.netty.request.NettyRequestSender - Using open Channel [id: 0x880817d6, L:/127.0.0.1:50317 - R:localhost/127.0.0.1:53549] for POST '/session/bbf5c9726f9112e84a34755731ab6c93/element'
11:59:12.281 [AsyncHttpClient-1-4] DEBUG org.asynchttpclient.netty.handler.HttpHandler - 

Request DefaultHttpRequest(decodeResult: success, version: HTTP/1.1)
POST /session/bbf5c9726f9112e84a34755731ab6c93/element HTTP/1.1
User-Agent: selenium/4.1.2 (java windows)
Content-Length: 59
Content-Type: application/json; charset=utf-8
host: localhost:53549
accept: */*

Response DefaultHttpResponse(decodeResult: success, version: HTTP/1.1)
HTTP/1.1 200 OK
Content-Type: application/json; charset=utf-8
cache-control: no-cache
content-length: 88

11:59:12.282 [AsyncHttpClient-1-4] DEBUG org.asynchttpclient.netty.channel.ChannelManager - Adding key: http://localhost:53549 for channel [id: 0x880817d6, L:/127.0.0.1:50317 - R:localhost/127.0.0.1:53549]
11:59:12.283 [Forwarding clickElement on session bbf5c9726f9112e84a34755731ab6c93 to remote] DEBUG org.asynchttpclient.netty.request.NettyRequestSender - Using pooled Channel '[id: 0x880817d6, L:/127.0.0.1:50317 - R:localhost/127.0.0.1:53549]' for 'POST' to 'http://localhost:53549/session/bbf5c9726f9112e84a34755731ab6c93/element/feecb93c-844e-4052-87b7-fda9aa89e272/click'
11:59:12.283 [Forwarding clickElement on session bbf5c9726f9112e84a34755731ab6c93 to remote] DEBUG org.asynchttpclient.netty.request.NettyRequestSender - Using open Channel [id: 0x880817d6, L:/127.0.0.1:50317 - R:localhost/127.0.0.1:53549] for POST '/session/bbf5c9726f9112e84a34755731ab6c93/element/feecb93c-844e-4052-87b7-fda9aa89e272/click'
11:59:12.341 [AsyncHttpClient-1-1] DEBUG org.asynchttpclient.netty.channel.DefaultChannelPool - Entry count for : http://localhost:50318 : 1
11:59:13.442 [AsyncHttpClient-1-1] DEBUG org.asynchttpclient.netty.channel.DefaultChannelPool - Entry count for : http://localhost:50318 : 1
11:59:14.541 [AsyncHttpClient-1-1] DEBUG org.asynchttpclient.netty.channel.DefaultChannelPool - Entry count for : http://localhost:50318 : 1
11:59:15.212 [AsyncHttpClient-1-4] DEBUG org.asynchttpclient.netty.handler.HttpHandler - 

Request DefaultHttpRequest(decodeResult: success, version: HTTP/1.1)
POST /session/bbf5c9726f9112e84a34755731ab6c93/element/feecb93c-844e-4052-87b7-fda9aa89e272/click HTTP/1.1
User-Agent: selenium/4.1.2 (java windows)
Content-Length: 50
Content-Type: application/json; charset=utf-8
host: localhost:53549
accept: */*

Response DefaultHttpResponse(decodeResult: success, version: HTTP/1.1)
HTTP/1.1 200 OK
Content-Type: application/json; charset=utf-8
cache-control: no-cache
content-length: 14

11:59:15.213 [AsyncHttpClient-1-4] DEBUG org.asynchttpclient.netty.channel.ChannelManager - Adding key: http://localhost:53549 for channel [id: 0x880817d6, L:/127.0.0.1:50317 - R:localhost/127.0.0.1:53549]
11:59:15.220 [Forwarding screenshot on session bbf5c9726f9112e84a34755731ab6c93 to remote] DEBUG org.asynchttpclient.netty.request.NettyRequestSender - Using pooled Channel '[id: 0x880817d6, L:/127.0.0.1:50317 - R:localhost/127.0.0.1:53549]' for 'GET' to 'http://localhost:53549/session/bbf5c9726f9112e84a34755731ab6c93/screenshot'
11:59:15.220 [Forwarding screenshot on session bbf5c9726f9112e84a34755731ab6c93 to remote] DEBUG org.asynchttpclient.netty.request.NettyRequestSender - Using open Channel [id: 0x880817d6, L:/127.0.0.1:50317 - R:localhost/127.0.0.1:53549] for GET '/session/bbf5c9726f9112e84a34755731ab6c93/screenshot'
11:59:15.644 [AsyncHttpClient-1-1] DEBUG org.asynchttpclient.netty.channel.DefaultChannelPool - Entry count for : http://localhost:50318 : 1
11:59:15.771 [AsyncHttpClient-1-4] DEBUG org.asynchttpclient.netty.handler.HttpHandler - 

Request DefaultFullHttpRequest(decodeResult: success, version: HTTP/1.1, content: EmptyByteBufBE)
GET /session/bbf5c9726f9112e84a34755731ab6c93/screenshot HTTP/1.1
User-Agent: selenium/4.1.2 (java windows)
Cache-Control: no-cache
Content-Type: application/json; charset=utf-8
host: localhost:53549
accept: */*

Response DefaultHttpResponse(decodeResult: success, version: HTTP/1.1)
HTTP/1.1 200 OK
Content-Type: application/json; charset=utf-8
cache-control: no-cache
content-length: 1351260

11:59:15.771 [AsyncHttpClient-1-4] DEBUG org.asynchttpclient.netty.channel.ChannelManager - Adding key: http://localhost:53549 for channel [id: 0x880817d6, L:/127.0.0.1:50317 - R:localhost/127.0.0.1:53549]
11:59:15.787 [main] DEBUG net.serenitybdd.core.photography.Darkroom - Send negative for processing for target\site\serenity\2f78a9621a518b93953df5b5f59a5fccd09cef54997f943528ef35ae54eaa99e.png
11:59:15.787 [main] DEBUG net.thucydides.core.steps.StepInterceptor - STEP DONE: clickLoginButton
  &amp#27;[32mAnd &amp#27;[0m&amp#27;[32mclick login button&amp#27;[0m                        &amp#27;[90m# starter.stepdefinitions.LoginStepDefinitions.clickLoginButton()&amp#27;[0m
11:59:15.787 [Darkroom Processing Line] DEBUG net.serenitybdd.core.photography.DarkroomProcessingLine - Processing screenshot image in /var/screenshots/screenshot-11996337896705073329
11:59:15.787 [Darkroom Processing Line] DEBUG net.serenitybdd.core.photography.DarkroomProcessingLine - Saving screenshot to target\site\serenity\2f78a9621a518b93953df5b5f59a5fccd09cef54997f943528ef35ae54eaa99e.png
11:59:15.814 [main] DEBUG net.thucydides.core.steps.StepInterceptor - STARTING STEP: LoginStepDefinitions.iGetThe - validateLoginFormIsApp
11:59:15.814 [Forwarding findElement on session bbf5c9726f9112e84a34755731ab6c93 to remote] DEBUG org.asynchttpclient.netty.request.NettyRequestSender - Using pooled Channel '[id: 0x880817d6, L:/127.0.0.1:50317 - R:localhost/127.0.0.1:53549]' for 'POST' to 'http://localhost:53549/session/bbf5c9726f9112e84a34755731ab6c93/element'
11:59:15.814 [Forwarding findElement on session bbf5c9726f9112e84a34755731ab6c93 to remote] DEBUG org.asynchttpclient.netty.request.NettyRequestSender - Using open Channel [id: 0x880817d6, L:/127.0.0.1:50317 - R:localhost/127.0.0.1:53549] for POST '/session/bbf5c9726f9112e84a34755731ab6c93/element'
11:59:15.826 [AsyncHttpClient-1-4] DEBUG org.asynchttpclient.netty.handler.HttpHandler - 

Request DefaultHttpRequest(decodeResult: success, version: HTTP/1.1)
POST /session/bbf5c9726f9112e84a34755731ab6c93/element HTTP/1.1
User-Agent: selenium/4.1.2 (java windows)
Content-Length: 103
Content-Type: application/json; charset=utf-8
host: localhost:53549
accept: */*

Response DefaultHttpResponse(decodeResult: success, version: HTTP/1.1)
HTTP/1.1 200 OK
Content-Type: application/json; charset=utf-8
cache-control: no-cache
content-length: 88

11:59:15.826 [AsyncHttpClient-1-4] DEBUG org.asynchttpclient.netty.channel.ChannelManager - Adding key: http://localhost:53549 for channel [id: 0x880817d6, L:/127.0.0.1:50317 - R:localhost/127.0.0.1:53549]
11:59:15.826 [Forwarding isElementDisplayed on session bbf5c9726f9112e84a34755731ab6c93 to remote] DEBUG org.asynchttpclient.netty.request.NettyRequestSender - Using pooled Channel '[id: 0x880817d6, L:/127.0.0.1:50317 - R:localhost/127.0.0.1:53549]' for 'POST' to 'http://localhost:53549/session/bbf5c9726f9112e84a34755731ab6c93/execute/sync'
11:59:15.826 [Forwarding isElementDisplayed on session bbf5c9726f9112e84a34755731ab6c93 to remote] DEBUG org.asynchttpclient.netty.request.NettyRequestSender - Using open Channel [id: 0x880817d6, L:/127.0.0.1:50317 - R:localhost/127.0.0.1:53549] for POST '/session/bbf5c9726f9112e84a34755731ab6c93/execute/sync'
11:59:15.842 [AsyncHttpClient-1-4] DEBUG org.asynchttpclient.netty.handler.HttpHandler - 

Request DefaultHttpRequest(decodeResult: success, version: HTTP/1.1)
POST /session/bbf5c9726f9112e84a34755731ab6c93/execute/sync HTTP/1.1
User-Agent: selenium/4.1.2 (java windows)
Content-Length: 48780
Content-Type: application/json; charset=utf-8
host: localhost:53549
accept: */*

Response DefaultHttpResponse(decodeResult: success, version: HTTP/1.1)
HTTP/1.1 200 OK
Content-Type: application/json; charset=utf-8
cache-control: no-cache
content-length: 15

11:59:15.842 [AsyncHttpClient-1-4] DEBUG org.asynchttpclient.netty.channel.ChannelManager - Adding key: http://localhost:53549 for channel [id: 0x880817d6, L:/127.0.0.1:50317 - R:localhost/127.0.0.1:53549]
11:59:15.842 [Forwarding screenshot on session bbf5c9726f9112e84a34755731ab6c93 to remote] DEBUG org.asynchttpclient.netty.request.NettyRequestSender - Using pooled Channel '[id: 0x880817d6, L:/127.0.0.1:50317 - R:localhost/127.0.0.1:53549]' for 'GET' to 'http://localhost:53549/session/bbf5c9726f9112e84a34755731ab6c93/screenshot'
11:59:15.842 [Forwarding screenshot on session bbf5c9726f9112e84a34755731ab6c93 to remote] DEBUG org.asynchttpclient.netty.request.NettyRequestSender - Using open Channel [id: 0x880817d6, L:/127.0.0.1:50317 - R:localhost/127.0.0.1:53549] for GET '/session/bbf5c9726f9112e84a34755731ab6c93/screenshot'
11:59:16.340 [AsyncHttpClient-1-4] DEBUG org.asynchttpclient.netty.handler.HttpHandler - 

Request DefaultFullHttpRequest(decodeResult: success, version: HTTP/1.1, content: EmptyByteBufBE)
GET /session/bbf5c9726f9112e84a34755731ab6c93/screenshot HTTP/1.1
User-Agent: selenium/4.1.2 (java windows)
Cache-Control: no-cache
Content-Type: application/json; charset=utf-8
host: localhost:53549
accept: */*

Response DefaultHttpResponse(decodeResult: success, version: HTTP/1.1)
HTTP/1.1 200 OK
Content-Type: application/json; charset=utf-8
cache-control: no-cache
content-length: 1351260

11:59:16.342 [AsyncHttpClient-1-4] DEBUG org.asynchttpclient.netty.channel.ChannelManager - Adding key: http://localhost:53549 for channel [id: 0x880817d6, L:/127.0.0.1:50317 - R:localhost/127.0.0.1:53549]
11:59:16.372 [main] DEBUG net.serenitybdd.core.photography.Darkroom - Send negative for processing for target\site\serenity\2f78a9621a518b93953df5b5f59a5fccd09cef54997f943528ef35ae54eaa99e.png
11:59:16.373 [main] DEBUG net.thucydides.core.steps.StepInterceptor - STEP DONE: validateLoginFormIsApp
11:59:16.384 [main] DEBUG net.thucydides.core.steps.StepInterceptor - STARTING STEP: LoginStepDefinitions.iGetThe - errorMessageAlert
11:59:16.387 [main] DEBUG net.thucydides.core.steps.StepInterceptor - STEP DONE: errorMessageAlert
  &amp#27;[32mThen &amp#27;[0m&amp#27;[32mi get the &amp#27;[0m&amp#27;[32m&amp#27;[1m"Login Page"&amp#27;[0m                   &amp#27;[90m# starter.stepdefinitions.LoginStepDefinitions.iGetThe(java.lang.String)&amp#27;[0m
11:59:16.398 [AsyncHttpClient-1-6] DEBUG org.asynchttpclient.netty.handler.WebSocketHandler - Channel Closed: [id: 0x47de7daf, L:/127.0.0.1:50327 ! R:localhost/127.0.0.1:50318] with attribute NettyResponseFuture{currentRetry=5,
	isDone=1,
	isCancelled=0,
	asyncHandler=org.asynchttpclient.ws.WebSocketUpgradeHandler@1c97302d,
	nettyRequest=org.asynchttpclient.netty.request.NettyRequest@4ff45a5c,
	future=java.util.concurrent.CompletableFuture@64c9b75d[Completed normally],
	uri=ws://localhost:50318/devtools/browser/227bad68-956d-4db5-8e2d-4a8318f6c946,
	keepAlive=true,
	redirectCount=0,
	timeoutsHolder=null,
	inAuth=0,
	touch=1650949142871}
11:59:16.399 [AsyncHttpClient-1-6] DEBUG org.asynchttpclient.netty.channel.ChannelManager - Closing Channel [id: 0x47de7daf, L:/127.0.0.1:50327 ! R:localhost/127.0.0.1:50318] 
11:59:16.399 [Driver Command Executor] DEBUG org.asynchttpclient.netty.request.NettyRequestSender - Using pooled Channel '[id: 0x880817d6, L:/127.0.0.1:50317 - R:localhost/127.0.0.1:53549]' for 'DELETE' to 'http://localhost:53549/session/bbf5c9726f9112e84a34755731ab6c93'
11:59:16.399 [Driver Command Executor] DEBUG org.asynchttpclient.netty.request.NettyRequestSender - Using open Channel [id: 0x880817d6, L:/127.0.0.1:50317 - R:localhost/127.0.0.1:53549] for DELETE '/session/bbf5c9726f9112e84a34755731ab6c93'
11:59:16.435 [AsyncHttpClient-1-5] DEBUG org.asynchttpclient.netty.handler.HttpHandler - Unexpected I/O exception on channel [id: 0xcd4d6e07, L:/127.0.0.1:50326 - R:localhost/127.0.0.1:50318]
java.net.SocketException: Connection reset
	at java.base/sun.nio.ch.SocketChannelImpl.throwConnectionReset(SocketChannelImpl.java:367)
	at java.base/sun.nio.ch.SocketChannelImpl.read(SocketChannelImpl.java:398)
	at io.netty.buffer.PooledByteBuf.setBytes(PooledByteBuf.java:258)
	at io.netty.buffer.AbstractByteBuf.writeBytes(AbstractByteBuf.java:1132)
	at io.netty.channel.socket.nio.NioSocketChannel.doReadBytes(NioSocketChannel.java:350)
	at io.netty.channel.nio.AbstractNioByteChannel$NioByteUnsafe.read(AbstractNioByteChannel.java:151)
	at io.netty.channel.nio.NioEventLoop.processSelectedKey(NioEventLoop.java:722)
	at io.netty.channel.nio.NioEventLoop.processSelectedKeysOptimized(NioEventLoop.java:658)
	at io.netty.channel.nio.NioEventLoop.processSelectedKeys(NioEventLoop.java:584)
	at io.netty.channel.nio.NioEventLoop.run(NioEventLoop.java:496)
	at io.netty.util.concurrent.SingleThreadEventExecutor$4.run(SingleThreadEventExecutor.java:986)
	at io.netty.util.internal.ThreadExecutorMap$2.run(ThreadExecutorMap.java:74)
	at io.netty.util.concurrent.FastThreadLocalRunnable.run(FastThreadLocalRunnable.java:30)
	at java.base/java.lang.Thread.run(Thread.java:832)
11:59:16.435 [AsyncHttpClient-1-5] DEBUG org.asynchttpclient.netty.channel.ChannelManager - Closing Channel [id: 0xcd4d6e07, L:/127.0.0.1:50326 - R:localhost/127.0.0.1:50318] 
11:59:16.435 [AsyncHttpClient-1-5] DEBUG org.asynchttpclient.netty.handler.HttpHandler - Channel Closed: [id: 0xcd4d6e07, L:/127.0.0.1:50326 ! R:localhost/127.0.0.1:50318] with attribute DISCARD
11:59:16.466 [AsyncHttpClient-1-4] DEBUG org.asynchttpclient.netty.handler.HttpHandler - 

Request DefaultFullHttpRequest(decodeResult: success, version: HTTP/1.1, content: EmptyByteBufBE)
DELETE /session/bbf5c9726f9112e84a34755731ab6c93 HTTP/1.1
User-Agent: selenium/4.1.2 (java windows)
Content-Type: application/json; charset=utf-8
host: localhost:53549
accept: */*

Response DefaultHttpResponse(decodeResult: success, version: HTTP/1.1)
HTTP/1.1 200 OK
Content-Type: application/json; charset=utf-8
cache-control: no-cache
content-length: 14

11:59:16.467 [AsyncHttpClient-1-4] DEBUG org.asynchttpclient.netty.channel.ChannelManager - Adding key: http://localhost:53549 for channel [id: 0x880817d6, L:/127.0.0.1:50317 - R:localhost/127.0.0.1:53549]
11:59:16.628 [AsyncHttpClient-1-4] DEBUG org.asynchttpclient.netty.handler.HttpHandler - Channel Closed: [id: 0x880817d6, L:/127.0.0.1:50317 ! R:localhost/127.0.0.1:53549] with attribute DISCARD
11:59:16.740 [AsyncHttpClient-1-1] DEBUG org.asynchttpclient.netty.channel.DefaultChannelPool - Entry count for : http://localhost:53549 : 1
11:59:16.740 [AsyncHttpClient-1-1] DEBUG org.asynchttpclient.netty.channel.DefaultChannelPool - Entry count for : http://localhost:50318 : 1
11:59:16.740 [AsyncHttpClient-1-1] DEBUG org.asynchttpclient.netty.channel.DefaultChannelPool - Adding Candidate expired Channel [id: 0x880817d6, L:/127.0.0.1:50317 ! R:localhost/127.0.0.1:53549] isIdleTimeoutExpired=false isRemotelyClosed=true isTtlExpired=false
11:59:16.740 [AsyncHttpClient-1-1] DEBUG org.asynchttpclient.netty.channel.DefaultChannelPool - Closing Idle Channel [id: 0x880817d6, L:/127.0.0.1:50317 ! R:localhost/127.0.0.1:53549]
11:59:16.740 [AsyncHttpClient-1-1] DEBUG org.asynchttpclient.netty.channel.DefaultChannelPool - Adding Candidate expired Channel [id: 0xcd4d6e07, L:/127.0.0.1:50326 ! R:localhost/127.0.0.1:50318] isIdleTimeoutExpired=false isRemotelyClosed=true isTtlExpired=false
11:59:16.740 [AsyncHttpClient-1-1] DEBUG org.asynchttpclient.netty.channel.DefaultChannelPool - Closing Idle Channel [id: 0xcd4d6e07, L:/127.0.0.1:50326 ! R:localhost/127.0.0.1:50318]
11:59:16.740 [AsyncHttpClient-1-1] DEBUG org.asynchttpclient.netty.channel.DefaultChannelPool - Closed 2 connections out of 2 in 0 ms
]]></system-out>
    <system-err><![CDATA[Starting ChromeDriver 100.0.4896.60 (6a5d10861ce8de5fce22564658033b43cb7de047-refs/branch-heads/4896@{#875}) on port 53549
Only local connections are allowed.
Please see https://chromedriver.chromium.org/security-considerations for suggestions on keeping ChromeDriver safe.
ChromeDriver was started successfully.
Apr 26, 2022 11:59:02 AM org.openqa.selenium.remote.ProtocolHandshake createSession
INFO: Detected dialect: W3C
Apr 26, 2022 11:59:02 AM org.openqa.selenium.devtools.CdpVersionFinder findNearestMatch
WARNING: Unable to find an exact match for CDP version 100, so returning the closest version found: 97
Apr 26, 2022 11:59:02 AM org.openqa.selenium.devtools.CdpVersionFinder findNearestMatch
INFO: Found CDP implementation for version 100 of 97
]]></system-err>
  </testcase>
</testsuite>