<?xml version="1.0" encoding="UTF-8"?>
<testsuite xmlns:xsi="http://www.w3.org/2001/XMLSchema-instance" xsi:noNamespaceSchemaLocation="https://maven.apache.org/surefire/maven-failsafe-plugin/xsd/failsafe-test-report-3.0.xsd" version="3.0" name="starter.cucumberTestSuite" time="131.459" tests="6" errors="1" skipped="0" failures="0">
  <properties>
    <property name="java.specification.version" value="15"/>
    <property name="webdriver.chrome.driver" value="C:\Users\ASUS\.cache\selenium\chromedriver\win32\100.0.4896.60\chromedriver.exe"/>
    <property name="sun.cpu.isalist" value="amd64"/>
    <property name="sun.jnu.encoding" value="Cp1252"/>
    <property name="java.class.path" value="D:\PERKULIAHAN\Semester 6,Hebatt glad!\Dot-TechnicalTest\target\test-classes;C:\Users\ASUS\.m2\repository\net\serenity-bdd\serenity-core\3.2.1\serenity-core-3.2.1.jar;C:\Users\ASUS\.m2\repository\net\serenity-bdd\serenity-model\3.2.1\serenity-model-3.2.1.jar;C:\Users\ASUS\.m2\repository\org\apache\commons\commons-text\1.9\commons-text-1.9.jar;C:\Users\ASUS\.m2\repository\commons-net\commons-net\3.8.0\commons-net-3.8.0.jar;C:\Users\ASUS\.m2\repository\com\google\guava\guava\31.1-jre\guava-31.1-jre.jar;C:\Users\ASUS\.m2\repository\com\google\guava\failureaccess\1.0.1\failureaccess-1.0.1.jar;C:\Users\ASUS\.m2\repository\com\google\guava\listenablefuture\9999.0-empty-to-avoid-conflict-with-guava\listenablefuture-9999.0-empty-to-avoid-conflict-with-guava.jar;C:\Users\ASUS\.m2\repository\com\google\code\findbugs\jsr305\3.0.2\jsr305-3.0.2.jar;C:\Users\ASUS\.m2\repository\org\checkerframework\checker-qual\3.12.0\checker-qual-3.12.0.jar;C:\Users\ASUS\.m2\repository\com\google\errorprone\error_prone_annotations\2.11.0\error_prone_annotations-2.11.0.jar;C:\Users\ASUS\.m2\repository\com\google\j2objc\j2objc-annotations\1.3\j2objc-annotations-1.3.jar;C:\Users\ASUS\.m2\repository\com\google\inject\guice\5.1.0\guice-5.1.0.jar;C:\Users\ASUS\.m2\repository\javax\inject\javax.inject\1\javax.inject-1.jar;C:\Users\ASUS\.m2\repository\aopalliance\aopalliance\1.0\aopalliance-1.0.jar;C:\Users\ASUS\.m2\repository\org\jsoup\jsoup\1.14.3\jsoup-1.14.3.jar;C:\Users\ASUS\.m2\repository\com\thoughtworks\xstream\xstream\1.4.19\xstream-1.4.19.jar;C:\Users\ASUS\.m2\repository\io\github\x-stream\mxparser\1.2.2\mxparser-1.2.2.jar;C:\Users\ASUS\.m2\repository\xmlpull\xmlpull\1.1.3.1\xmlpull-1.1.3.1.jar;C:\Users\ASUS\.m2\repository\io\cucumber\cucumber-java\7.2.3\cucumber-java-7.2.3.jar;C:\Users\ASUS\.m2\repository\com\typesafe\config\1.4.2\config-1.4.2.jar;C:\Users\ASUS\.m2\repository\org\imgscalr\imgscalr-lib\4.2\imgscalr-lib-4.2.jar;C:\Users\ASUS\.m2\repository\org\awaitility\awaitility\4.2.0\awaitility-4.2.0.jar;C:\Users\ASUS\.m2\repository\org\freemarker\freemarker\2.3.31\freemarker-2.3.31.jar;C:\Users\ASUS\.m2\repository\io\github\classgraph\classgraph\4.8.138\classgraph-4.8.138.jar;C:\Users\ASUS\.m2\repository\net\sourceforge\jexcelapi\jxl\2.6.12\jxl-2.6.12.jar;C:\Users\ASUS\.m2\repository\net\bytebuddy\byte-buddy\1.12.8\byte-buddy-1.12.8.jar;C:\Users\ASUS\.m2\repository\net\bytebuddy\byte-buddy-agent\1.12.8\byte-buddy-agent-1.12.8.jar;C:\Users\ASUS\.m2\repository\org\objenesis\objenesis\3.1\objenesis-3.1.jar;C:\Users\ASUS\.m2\repository\net\serenity-bdd\serenity-reports\3.2.1\serenity-reports-3.2.1.jar;C:\Users\ASUS\.m2\repository\net\serenity-bdd\serenity-stats\3.2.1\serenity-stats-3.2.1.jar;C:\Users\ASUS\.m2\repository\net\serenity-bdd\serenity-reports-configuration\3.2.1\serenity-reports-configuration-3.2.1.jar;C:\Users\ASUS\.m2\repository\com\vladsch\flexmark\flexmark-all\0.34.30\flexmark-all-0.34.30.jar;C:\Users\ASUS\.m2\repository\com\vladsch\flexmark\flexmark\0.34.30\flexmark-0.34.30.jar;C:\Users\ASUS\.m2\repository\com\vladsch\flexmark\flexmark-ext-abbreviation\0.34.30\flexmark-ext-abbreviation-0.34.30.jar;C:\Users\ASUS\.m2\repository\com\vladsch\flexmark\flexmark-ext-admonition\0.34.30\flexmark-ext-admonition-0.34.30.jar;C:\Users\ASUS\.m2\repository\com\vladsch\flexmark\flexmark-ext-anchorlink\0.34.30\flexmark-ext-anchorlink-0.34.30.jar;C:\Users\ASUS\.m2\repository\com\vladsch\flexmark\flexmark-ext-aside\0.34.30\flexmark-ext-aside-0.34.30.jar;C:\Users\ASUS\.m2\repository\com\vladsch\flexmark\flexmark-ext-attributes\0.34.30\flexmark-ext-attributes-0.34.30.jar;C:\Users\ASUS\.m2\repository\com\vladsch\flexmark\flexmark-ext-autolink\0.34.30\flexmark-ext-autolink-0.34.30.jar;C:\Users\ASUS\.m2\repository\org\nibor\autolink\autolink\0.6.0\autolink-0.6.0.jar;C:\Users\ASUS\.m2\repository\com\vladsch\flexmark\flexmark-ext-definition\0.34.30\flexmark-ext-definition-0.34.30.jar;C:\Users\ASUS\.m2\repository\com\vladsch\flexmark\flexmark-ext-emoji\0.34.30\flexmark-ext-emoji-0.34.30.jar;C:\Users\ASUS\.m2\repository\com\vladsch\flexmark\flexmark-ext-enumerated-reference\0.34.30\flexmark-ext-enumerated-reference-0.34.30.jar;C:\Users\ASUS\.m2\repository\com\vladsch\flexmark\flexmark-ext-escaped-character\0.34.30\flexmark-ext-escaped-character-0.34.30.jar;C:\Users\ASUS\.m2\repository\com\vladsch\flexmark\flexmark-ext-footnotes\0.34.30\flexmark-ext-footnotes-0.34.30.jar;C:\Users\ASUS\.m2\repository\com\vladsch\flexmark\flexmark-ext-gfm-issues\0.34.30\flexmark-ext-gfm-issues-0.34.30.jar;C:\Users\ASUS\.m2\repository\com\vladsch\flexmark\flexmark-ext-gfm-strikethrough\0.34.30\flexmark-ext-gfm-strikethrough-0.34.30.jar;C:\Users\ASUS\.m2\repository\com\vladsch\flexmark\flexmark-ext-gfm-tables\0.34.30\flexmark-ext-gfm-tables-0.34.30.jar;C:\Users\ASUS\.m2\repository\com\vladsch\flexmark\flexmark-ext-gfm-tasklist\0.34.30\flexmark-ext-gfm-tasklist-0.34.30.jar;C:\Users\ASUS\.m2\repository\com\vladsch\flexmark\flexmark-ext-gfm-users\0.34.30\flexmark-ext-gfm-users-0.34.30.jar;C:\Users\ASUS\.m2\repository\com\vladsch\flexmark\flexmark-ext-gitlab\0.34.30\flexmark-ext-gitlab-0.34.30.jar;C:\Users\ASUS\.m2\repository\com\vladsch\flexmark\flexmark-ext-jekyll-front-matter\0.34.30\flexmark-ext-jekyll-front-matter-0.34.30.jar;C:\Users\ASUS\.m2\repository\com\vladsch\flexmark\flexmark-ext-jekyll-tag\0.34.30\flexmark-ext-jekyll-tag-0.34.30.jar;C:\Users\ASUS\.m2\repository\com\vladsch\flexmark\flexmark-ext-media-tags\0.34.30\flexmark-ext-media-tags-0.34.30.jar;C:\Users\ASUS\.m2\repository\com\vladsch\flexmark\flexmark-test-util\0.34.30\flexmark-test-util-0.34.30.jar;C:\Users\ASUS\.m2\repository\com\vladsch\flexmark\flexmark-ext-ins\0.34.30\flexmark-ext-ins-0.34.30.jar;C:\Users\ASUS\.m2\repository\com\vladsch\flexmark\flexmark-ext-xwiki-macros\0.34.30\flexmark-ext-xwiki-macros-0.34.30.jar;C:\Users\ASUS\.m2\repository\com\vladsch\flexmark\flexmark-ext-superscript\0.34.30\flexmark-ext-superscript-0.34.30.jar;C:\Users\ASUS\.m2\repository\com\vladsch\flexmark\flexmark-ext-tables\0.34.30\flexmark-ext-tables-0.34.30.jar;C:\Users\ASUS\.m2\repository\com\vladsch\flexmark\flexmark-ext-toc\0.34.30\flexmark-ext-toc-0.34.30.jar;C:\Users\ASUS\.m2\repository\com\vladsch\flexmark\flexmark-ext-typographic\0.34.30\flexmark-ext-typographic-0.34.30.jar;C:\Users\ASUS\.m2\repository\com\vladsch\flexmark\flexmark-ext-wikilink\0.34.30\flexmark-ext-wikilink-0.34.30.jar;C:\Users\ASUS\.m2\repository\com\vladsch\flexmark\flexmark-ext-yaml-front-matter\0.34.30\flexmark-ext-yaml-front-matter-0.34.30.jar;C:\Users\ASUS\.m2\repository\com\vladsch\flexmark\flexmark-ext-youtube-embedded\0.34.30\flexmark-ext-youtube-embedded-0.34.30.jar;C:\Users\ASUS\.m2\repository\com\vladsch\flexmark\flexmark-formatter\0.34.30\flexmark-formatter-0.34.30.jar;C:\Users\ASUS\.m2\repository\com\vladsch\flexmark\flexmark-html-parser\0.34.30\flexmark-html-parser-0.34.30.jar;C:\Users\ASUS\.m2\repository\com\vladsch\flexmark\flexmark-jira-converter\0.34.30\flexmark-jira-converter-0.34.30.jar;C:\Users\ASUS\.m2\repository\com\vladsch\flexmark\flexmark-pdf-converter\0.34.30\flexmark-pdf-converter-0.34.30.jar;C:\Users\ASUS\.m2\repository\com\openhtmltopdf\openhtmltopdf-core\0.0.1-RC13\openhtmltopdf-core-0.0.1-RC13.jar;C:\Users\ASUS\.m2\repository\com\openhtmltopdf\openhtmltopdf-pdfbox\0.0.1-RC13\openhtmltopdf-pdfbox-0.0.1-RC13.jar;C:\Users\ASUS\.m2\repository\org\apache\pdfbox\pdfbox\2.0.8\pdfbox-2.0.8.jar;C:\Users\ASUS\.m2\repository\org\apache\pdfbox\fontbox\2.0.8\fontbox-2.0.8.jar;C:\Users\ASUS\.m2\repository\commons-logging\commons-logging\1.2\commons-logging-1.2.jar;C:\Users\ASUS\.m2\repository\org\apache\pdfbox\xmpbox\2.0.8\xmpbox-2.0.8.jar;C:\Users\ASUS\.m2\repository\de\rototor\pdfbox\graphics2d\0.12\graphics2d-0.12.jar;C:\Users\ASUS\.m2\repository\com\openhtmltopdf\openhtmltopdf-rtl-support\0.0.1-RC13\openhtmltopdf-rtl-support-0.0.1-RC13.jar;C:\Users\ASUS\.m2\repository\com\ibm\icu\icu4j\59.1\icu4j-59.1.jar;C:\Users\ASUS\.m2\repository\com\openhtmltopdf\openhtmltopdf-jsoup-dom-converter\0.0.1-RC13\openhtmltopdf-jsoup-dom-converter-0.0.1-RC13.jar;C:\Users\ASUS\.m2\repository\com\vladsch\flexmark\flexmark-profile-pegdown\0.34.30\flexmark-profile-pegdown-0.34.30.jar;C:\Users\ASUS\.m2\repository\com\vladsch\flexmark\flexmark-util\0.34.30\flexmark-util-0.34.30.jar;C:\Users\ASUS\.m2\repository\com\vladsch\flexmark\flexmark-youtrack-converter\0.34.30\flexmark-youtrack-converter-0.34.30.jar;C:\Users\ASUS\.m2\repository\es\nitaur\markdown\txtmark\0.16\txtmark-0.16.jar;C:\Users\ASUS\.m2\repository\net\serenity-bdd\serenity-report-resources\3.2.1\serenity-report-resources-3.2.1.jar;C:\Users\ASUS\.m2\repository\com\google\code\gson\gson\2.9.0\gson-2.9.0.jar;C:\Users\ASUS\.m2\repository\com\fasterxml\jackson\core\jackson-core\2.13.2\jackson-core-2.13.2.jar;C:\Users\ASUS\.m2\repository\com\fasterxml\jackson\core\jackson-databind\2.13.2\jackson-databind-2.13.2.jar;C:\Users\ASUS\.m2\repository\com\fasterxml\jackson\core\jackson-annotations\2.13.2\jackson-annotations-2.13.2.jar;C:\Users\ASUS\.m2\repository\commons-codec\commons-codec\1.15\commons-codec-1.15.jar;C:\Users\ASUS\.m2\repository\commons-io\commons-io\2.11.0\commons-io-2.11.0.jar;C:\Users\ASUS\.m2\repository\org\seleniumhq\selenium\selenium-java\4.1.2\selenium-java-4.1.2.jar;C:\Users\ASUS\.m2\repository\org\seleniumhq\selenium\selenium-devtools-v85\4.1.2\selenium-devtools-v85-4.1.2.jar;C:\Users\ASUS\.m2\repository\org\seleniumhq\selenium\selenium-devtools-v95\4.1.2\selenium-devtools-v95-4.1.2.jar;C:\Users\ASUS\.m2\repository\org\seleniumhq\selenium\selenium-devtools-v96\4.1.2\selenium-devtools-v96-4.1.2.jar;C:\Users\ASUS\.m2\repository\org\seleniumhq\selenium\selenium-devtools-v97\4.1.2\selenium-devtools-v97-4.1.2.jar;C:\Users\ASUS\.m2\repository\org\seleniumhq\selenium\selenium-firefox-xpi-driver\4.1.2\selenium-firefox-xpi-driver-4.1.2.jar;C:\Users\ASUS\.m2\repository\org\seleniumhq\selenium\selenium-opera-driver\4.1.2\selenium-opera-driver-4.1.2.jar;C:\Users\ASUS\.m2\repository\org\seleniumhq\selenium\selenium-remote-driver\4.1.2\selenium-remote-driver-4.1.2.jar;C:\Users\ASUS\.m2\repository\com\beust\jcommander\1.82\jcommander-1.82.jar;C:\Users\ASUS\.m2\repository\io\netty\netty-buffer\4.1.73.Final\netty-buffer-4.1.73.Final.jar;C:\Users\ASUS\.m2\repository\io\netty\netty-codec-http\4.1.73.Final\netty-codec-http-4.1.73.Final.jar;C:\Users\ASUS\.m2\repository\io\netty\netty-codec\4.1.73.Final\netty-codec-4.1.73.Final.jar;C:\Users\ASUS\.m2\repository\io\netty\netty-handler\4.1.73.Final\netty-handler-4.1.73.Final.jar;C:\Users\ASUS\.m2\repository\io\netty\netty-tcnative-classes\2.0.46.Final\netty-tcnative-classes-2.0.46.Final.jar;C:\Users\ASUS\.m2\repository\io\netty\netty-common\4.1.73.Final\netty-common-4.1.73.Final.jar;C:\Users\ASUS\.m2\repository\io\netty\netty-transport-classes-epoll\4.1.73.Final\netty-transport-classes-epoll-4.1.73.Final.jar;C:\Users\ASUS\.m2\repository\io\netty\netty-transport-classes-kqueue\4.1.73.Final\netty-transport-classes-kqueue-4.1.73.Final.jar;C:\Users\ASUS\.m2\repository\io\netty\netty-transport-native-epoll\4.1.73.Final\netty-transport-native-epoll-4.1.73.Final.jar;C:\Users\ASUS\.m2\repository\io\netty\netty-transport-native-kqueue\4.1.73.Final\netty-transport-native-kqueue-4.1.73.Final.jar;C:\Users\ASUS\.m2\repository\io\netty\netty-transport-native-unix-common\4.1.73.Final\netty-transport-native-unix-common-4.1.73.Final.jar;C:\Users\ASUS\.m2\repository\io\netty\netty-transport\4.1.73.Final\netty-transport-4.1.73.Final.jar;C:\Users\ASUS\.m2\repository\io\netty\netty-resolver\4.1.73.Final\netty-resolver-4.1.73.Final.jar;C:\Users\ASUS\.m2\repository\io\opentelemetry\opentelemetry-api\1.10.1\opentelemetry-api-1.10.1.jar;C:\Users\ASUS\.m2\repository\io\opentelemetry\opentelemetry-context\1.10.1\opentelemetry-context-1.10.1.jar;C:\Users\ASUS\.m2\repository\io\opentelemetry\opentelemetry-exporter-logging\1.10.1\opentelemetry-exporter-logging-1.10.1.jar;C:\Users\ASUS\.m2\repository\io\opentelemetry\opentelemetry-sdk-metrics\1.10.1-alpha\opentelemetry-sdk-metrics-1.10.1-alpha.jar;C:\Users\ASUS\.m2\repository\io\opentelemetry\opentelemetry-sdk-logs\1.10.1-alpha\opentelemetry-sdk-logs-1.10.1-alpha.jar;C:\Users\ASUS\.m2\repository\io\opentelemetry\opentelemetry-sdk-common\1.10.1\opentelemetry-sdk-common-1.10.1.jar;C:\Users\ASUS\.m2\repository\io\opentelemetry\opentelemetry-sdk-extension-autoconfigure-spi\1.10.1\opentelemetry-sdk-extension-autoconfigure-spi-1.10.1.jar;C:\Users\ASUS\.m2\repository\io\opentelemetry\opentelemetry-sdk-extension-autoconfigure\1.10.1-alpha\opentelemetry-sdk-extension-autoconfigure-1.10.1-alpha.jar;C:\Users\ASUS\.m2\repository\io\opentelemetry\opentelemetry-sdk-trace\1.10.1\opentelemetry-sdk-trace-1.10.1.jar;C:\Users\ASUS\.m2\repository\io\opentelemetry\opentelemetry-sdk\1.10.1\opentelemetry-sdk-1.10.1.jar;C:\Users\ASUS\.m2\repository\io\opentelemetry\opentelemetry-semconv\1.10.1-alpha\opentelemetry-semconv-1.10.1-alpha.jar;C:\Users\ASUS\.m2\repository\io\ous\jtoml\2.0.0\jtoml-2.0.0.jar;C:\Users\ASUS\.m2\repository\org\apache\commons\commons-exec\1.3\commons-exec-1.3.jar;C:\Users\ASUS\.m2\repository\org\asynchttpclient\async-http-client\2.12.3\async-http-client-2.12.3.jar;C:\Users\ASUS\.m2\repository\org\asynchttpclient\async-http-client-netty-utils\2.12.3\async-http-client-netty-utils-2.12.3.jar;C:\Users\ASUS\.m2\repository\io\netty\netty-codec-socks\4.1.60.Final\netty-codec-socks-4.1.60.Final.jar;C:\Users\ASUS\.m2\repository\io\netty\netty-handler-proxy\4.1.60.Final\netty-handler-proxy-4.1.60.Final.jar;C:\Users\ASUS\.m2\repository\io\netty\netty-transport-native-epoll\4.1.60.Final\netty-transport-native-epoll-4.1.60.Final-linux-x86_64.jar;C:\Users\ASUS\.m2\repository\io\netty\netty-transport-native-kqueue\4.1.60.Final\netty-transport-native-kqueue-4.1.60.Final-osx-x86_64.jar;C:\Users\ASUS\.m2\repository\org\reactivestreams\reactive-streams\1.0.3\reactive-streams-1.0.3.jar;C:\Users\ASUS\.m2\repository\com\typesafe\netty\netty-reactive-streams\2.0.4\netty-reactive-streams-2.0.4.jar;C:\Users\ASUS\.m2\repository\org\seleniumhq\selenium\selenium-http\4.1.2\selenium-http-4.1.2.jar;C:\Users\ASUS\.m2\repository\net\jodah\failsafe\2.4.4\failsafe-2.4.4.jar;C:\Users\ASUS\.m2\repository\org\seleniumhq\selenium\selenium-safari-driver\4.1.2\selenium-safari-driver-4.1.2.jar;C:\Users\ASUS\.m2\repository\org\seleniumhq\selenium\selenium-api\4.1.2\selenium-api-4.1.2.jar;C:\Users\ASUS\.m2\repository\org\seleniumhq\selenium\selenium-support\4.1.2\selenium-support-4.1.2.jar;C:\Users\ASUS\.m2\repository\com\google\auto\service\auto-service-annotations\1.0.1\auto-service-annotations-1.0.1.jar;C:\Users\ASUS\.m2\repository\com\google\auto\service\auto-service\1.0.1\auto-service-1.0.1.jar;C:\Users\ASUS\.m2\repository\com\google\auto\auto-common\1.2\auto-common-1.2.jar;C:\Users\ASUS\.m2\repository\org\seleniumhq\selenium\selenium-json\4.1.2\selenium-json-4.1.2.jar;C:\Users\ASUS\.m2\repository\org\seleniumhq\selenium\selenium-chrome-driver\4.1.2\selenium-chrome-driver-4.1.2.jar;C:\Users\ASUS\.m2\repository\org\seleniumhq\selenium\selenium-chromium-driver\4.1.2\selenium-chromium-driver-4.1.2.jar;C:\Users\ASUS\.m2\repository\org\seleniumhq\selenium\selenium-firefox-driver\4.1.2\selenium-firefox-driver-4.1.2.jar;C:\Users\ASUS\.m2\repository\org\seleniumhq\selenium\selenium-edge-driver\4.1.2\selenium-edge-driver-4.1.2.jar;C:\Users\ASUS\.m2\repository\org\seleniumhq\selenium\selenium-ie-driver\4.1.2\selenium-ie-driver-4.1.2.jar;C:\Users\ASUS\.m2\repository\org\projectlombok\lombok\1.18.20\lombok-1.18.20.jar;C:\Users\ASUS\.m2\repository\io\appium\java-client\8.0.0\java-client-8.0.0.jar;C:\Users\ASUS\.m2\repository\commons-validator\commons-validator\1.7\commons-validator-1.7.jar;C:\Users\ASUS\.m2\repository\commons-digester\commons-digester\2.1\commons-digester-2.1.jar;C:\Users\ASUS\.m2\repository\org\aspectj\aspectjweaver\1.9.8\aspectjweaver-1.9.8.jar;C:\Users\ASUS\.m2\repository\org\codehaus\groovy\groovy\3.0.10\groovy-3.0.10.jar;C:\Users\ASUS\.m2\repository\net\sf\opencsv\opencsv\2.0\opencsv-2.0.jar;C:\Users\ASUS\.m2\repository\commons-beanutils\commons-beanutils\1.9.4\commons-beanutils-1.9.4.jar;C:\Users\ASUS\.m2\repository\org\apache\commons\commons-lang3\3.12.0\commons-lang3-3.12.0.jar;C:\Users\ASUS\.m2\repository\commons-collections\commons-collections\3.2.2\commons-collections-3.2.2.jar;C:\Users\ASUS\.m2\repository\org\fluentlenium\fluentlenium-core\0.10.2\fluentlenium-core-0.10.2.jar;C:\Users\ASUS\.m2\repository\io\github\bonigarcia\webdrivermanager\5.1.0\webdrivermanager-5.1.0.jar;C:\Users\ASUS\.m2\repository\com\github\docker-java\docker-java\3.2.13\docker-java-3.2.13.jar;C:\Users\ASUS\.m2\repository\com\github\docker-java\docker-java-core\3.2.13\docker-java-core-3.2.13.jar;C:\Users\ASUS\.m2\repository\com\github\docker-java\docker-java-api\3.2.13\docker-java-api-3.2.13.jar;C:\Users\ASUS\.m2\repository\org\apache\commons\commons-compress\1.21\commons-compress-1.21.jar;C:\Users\ASUS\.m2\repository\org\bouncycastle\bcpkix-jdk15on\1.64\bcpkix-jdk15on-1.64.jar;C:\Users\ASUS\.m2\repository\org\bouncycastle\bcprov-jdk15on\1.64\bcprov-jdk15on-1.64.jar;C:\Users\ASUS\.m2\repository\org\slf4j\jcl-over-slf4j\1.7.30\jcl-over-slf4j-1.7.30.jar;C:\Users\ASUS\.m2\repository\com\github\docker-java\docker-java-transport-httpclient5\3.2.13\docker-java-transport-httpclient5-3.2.13.jar;C:\Users\ASUS\.m2\repository\com\github\docker-java\docker-java-transport\3.2.13\docker-java-transport-3.2.13.jar;C:\Users\ASUS\.m2\repository\org\apache\httpcomponents\client5\httpclient5\5.0.3\httpclient5-5.0.3.jar;C:\Users\ASUS\.m2\repository\org\apache\httpcomponents\core5\httpcore5\5.0.2\httpcore5-5.0.2.jar;C:\Users\ASUS\.m2\repository\net\java\dev\jna\jna\5.8.0\jna-5.8.0.jar;C:\Users\ASUS\.m2\repository\org\brotli\dec\0.1.2\dec-0.1.2.jar;C:\Users\ASUS\.m2\repository\com\jhlabs\filters\2.0.235\filters-2.0.235.jar;C:\Users\ASUS\.m2\repository\com\paulhammant\ngwebdriver\1.1.6\ngwebdriver-1.1.6.jar;C:\Users\ASUS\.m2\repository\joda-time\joda-time\2.8.2\joda-time-2.8.2.jar;C:\Users\ASUS\.m2\repository\org\hamcrest\hamcrest\2.2\hamcrest-2.2.jar;C:\Users\ASUS\.m2\repository\com\google\jimfs\jimfs\1.2\jimfs-1.2.jar;C:\Users\ASUS\.m2\repository\org\mockito\mockito-core\3.3.3\mockito-core-3.3.3.jar;C:\Users\ASUS\.m2\repository\javax\xml\bind\jaxb-api\2.3.1\jaxb-api-2.3.1.jar;C:\Users\ASUS\.m2\repository\javax\activation\javax.activation-api\1.2.0\javax.activation-api-1.2.0.jar;C:\Users\ASUS\.m2\repository\com\sun\xml\bind\jaxb-core\2.3.0.1\jaxb-core-2.3.0.1.jar;C:\Users\ASUS\.m2\repository\com\sun\xml\bind\jaxb-impl\2.3.3\jaxb-impl-2.3.3.jar;C:\Users\ASUS\.m2\repository\jakarta\xml\bind\jakarta.xml.bind-api\2.3.3\jakarta.xml.bind-api-2.3.3.jar;C:\Users\ASUS\.m2\repository\com\sun\activation\jakarta.activation\1.2.2\jakarta.activation-1.2.2.jar;C:\Users\ASUS\.m2\repository\javax\activation\activation\1.1.1\activation-1.1.1.jar;C:\Users\ASUS\.m2\repository\net\serenity-bdd\serenity-cucumber\3.2.1\serenity-cucumber-3.2.1.jar;C:\Users\ASUS\.m2\repository\io\cucumber\cucumber-core\7.2.3\cucumber-core-7.2.3.jar;C:\Users\ASUS\.m2\repository\io\cucumber\cucumber-gherkin\7.2.3\cucumber-gherkin-7.2.3.jar;C:\Users\ASUS\.m2\repository\io\cucumber\cucumber-gherkin-messages\7.2.3\cucumber-gherkin-messages-7.2.3.jar;C:\Users\ASUS\.m2\repository\io\cucumber\messages\17.1.1\messages-17.1.1.jar;C:\Users\ASUS\.m2\repository\io\cucumber\tag-expressions\4.1.0\tag-expressions-4.1.0.jar;C:\Users\ASUS\.m2\repository\io\cucumber\cucumber-expressions\15.0.1\cucumber-expressions-15.0.1.jar;C:\Users\ASUS\.m2\repository\io\cucumber\datatable\7.2.3\datatable-7.2.3.jar;C:\Users\ASUS\.m2\repository\io\cucumber\cucumber-plugin\7.2.3\cucumber-plugin-7.2.3.jar;C:\Users\ASUS\.m2\repository\io\cucumber\docstring\7.2.3\docstring-7.2.3.jar;C:\Users\ASUS\.m2\repository\io\cucumber\html-formatter\17.0.0\html-formatter-17.0.0.jar;C:\Users\ASUS\.m2\repository\io\cucumber\ci-environment\8.1.0\ci-environment-8.1.0.jar;C:\Users\ASUS\.m2\repository\io\cucumber\cucumber-junit\7.2.3\cucumber-junit-7.2.3.jar;C:\Users\ASUS\.m2\repository\org\apache\commons\commons-csv\1.5\commons-csv-1.5.jar;C:\Users\ASUS\.m2\repository\net\serenity-bdd\serenity-screenplay\3.2.1\serenity-screenplay-3.2.1.jar;C:\Users\ASUS\.m2\repository\net\serenity-bdd\serenity-screenplay-webdriver\3.2.1\serenity-screenplay-webdriver-3.2.1.jar;C:\Users\ASUS\.m2\repository\net\serenity-bdd\serenity-ensure\3.2.1\serenity-ensure-3.2.1.jar;C:\Users\ASUS\.m2\repository\net\serenity-bdd\serenity-junit\3.2.1\serenity-junit-3.2.1.jar;C:\Users\ASUS\.m2\repository\org\jetbrains\kotlin\kotlin-stdlib\1.6.0\kotlin-stdlib-1.6.0.jar;C:\Users\ASUS\.m2\repository\org\jetbrains\annotations\13.0\annotations-13.0.jar;C:\Users\ASUS\.m2\repository\org\jetbrains\kotlin\kotlin-stdlib-common\1.6.0\kotlin-stdlib-common-1.6.0.jar;C:\Users\ASUS\.m2\repository\org\junit\platform\junit-platform-launcher\1.8.1\junit-platform-launcher-1.8.1.jar;C:\Users\ASUS\.m2\repository\org\junit\platform\junit-platform-engine\1.8.1\junit-platform-engine-1.8.1.jar;C:\Users\ASUS\.m2\repository\org\opentest4j\opentest4j\1.2.0\opentest4j-1.2.0.jar;C:\Users\ASUS\.m2\repository\org\junit\platform\junit-platform-commons\1.8.1\junit-platform-commons-1.8.1.jar;C:\Users\ASUS\.m2\repository\org\apiguardian\apiguardian-api\1.1.2\apiguardian-api-1.1.2.jar;C:\Users\ASUS\.m2\repository\org\junit\jupiter\junit-jupiter-engine\5.8.2\junit-jupiter-engine-5.8.2.jar;C:\Users\ASUS\.m2\repository\org\junit\jupiter\junit-jupiter-api\5.8.2\junit-jupiter-api-5.8.2.jar;C:\Users\ASUS\.m2\repository\org\junit\vintage\junit-vintage-engine\5.8.2\junit-vintage-engine-5.8.2.jar;C:\Users\ASUS\.m2\repository\junit\junit\4.13.2\junit-4.13.2.jar;C:\Users\ASUS\.m2\repository\org\hamcrest\hamcrest-core\1.3\hamcrest-core-1.3.jar;C:\Users\ASUS\.m2\repository\ch\qos\logback\logback-classic\1.2.10\logback-classic-1.2.10.jar;C:\Users\ASUS\.m2\repository\ch\qos\logback\logback-core\1.2.10\logback-core-1.2.10.jar;C:\Users\ASUS\.m2\repository\org\slf4j\slf4j-api\1.7.32\slf4j-api-1.7.32.jar;C:\Users\ASUS\.m2\repository\org\assertj\assertj-core\3.6.2\assertj-core-3.6.2.jar;"/>
    <property name="java.vm.vendor" value="Oracle Corporation"/>
    <property name="sun.arch.data.model" value="64"/>
    <property name="user.variant" value=""/>
    <property name="java.vendor.url" value="https://java.oracle.com/"/>
    <property name="user.timezone" value="Asia/Jakarta"/>
    <property name="log4j2.formatMsgNoLookups" value="true"/>
    <property name="os.name" value="Windows 10"/>
    <property name="java.vm.specification.version" value="15"/>
    <property name="sun.java.launcher" value="SUN_STANDARD"/>
    <property name="user.country" value="ID"/>
    <property name="sun.boot.library.path" value="C:\Program Files\Java\jdk-15.0.2\bin"/>
    <property name="sun.java.command" value="org.apache.maven.surefire.booter.ForkedBooter C:\Users\ASUS\AppData\Local\Temp\surefire11031186444290004454 2022-04-26T10-16-48_791-jvmRun1 surefire12799176013829960587tmp surefire_012190918642879127632tmp"/>
    <property name="jdk.debug" value="release"/>
    <property name="surefire.test.class.path" value="D:\PERKULIAHAN\Semester 6,Hebatt glad!\Dot-TechnicalTest\target\test-classes;C:\Users\ASUS\.m2\repository\net\serenity-bdd\serenity-core\3.2.1\serenity-core-3.2.1.jar;C:\Users\ASUS\.m2\repository\net\serenity-bdd\serenity-model\3.2.1\serenity-model-3.2.1.jar;C:\Users\ASUS\.m2\repository\org\apache\commons\commons-text\1.9\commons-text-1.9.jar;C:\Users\ASUS\.m2\repository\commons-net\commons-net\3.8.0\commons-net-3.8.0.jar;C:\Users\ASUS\.m2\repository\com\google\guava\guava\31.1-jre\guava-31.1-jre.jar;C:\Users\ASUS\.m2\repository\com\google\guava\failureaccess\1.0.1\failureaccess-1.0.1.jar;C:\Users\ASUS\.m2\repository\com\google\guava\listenablefuture\9999.0-empty-to-avoid-conflict-with-guava\listenablefuture-9999.0-empty-to-avoid-conflict-with-guava.jar;C:\Users\ASUS\.m2\repository\com\google\code\findbugs\jsr305\3.0.2\jsr305-3.0.2.jar;C:\Users\ASUS\.m2\repository\org\checkerframework\checker-qual\3.12.0\checker-qual-3.12.0.jar;C:\Users\ASUS\.m2\repository\com\google\errorprone\error_prone_annotations\2.11.0\error_prone_annotations-2.11.0.jar;C:\Users\ASUS\.m2\repository\com\google\j2objc\j2objc-annotations\1.3\j2objc-annotations-1.3.jar;C:\Users\ASUS\.m2\repository\com\google\inject\guice\5.1.0\guice-5.1.0.jar;C:\Users\ASUS\.m2\repository\javax\inject\javax.inject\1\javax.inject-1.jar;C:\Users\ASUS\.m2\repository\aopalliance\aopalliance\1.0\aopalliance-1.0.jar;C:\Users\ASUS\.m2\repository\org\jsoup\jsoup\1.14.3\jsoup-1.14.3.jar;C:\Users\ASUS\.m2\repository\com\thoughtworks\xstream\xstream\1.4.19\xstream-1.4.19.jar;C:\Users\ASUS\.m2\repository\io\github\x-stream\mxparser\1.2.2\mxparser-1.2.2.jar;C:\Users\ASUS\.m2\repository\xmlpull\xmlpull\1.1.3.1\xmlpull-1.1.3.1.jar;C:\Users\ASUS\.m2\repository\io\cucumber\cucumber-java\7.2.3\cucumber-java-7.2.3.jar;C:\Users\ASUS\.m2\repository\com\typesafe\config\1.4.2\config-1.4.2.jar;C:\Users\ASUS\.m2\repository\org\imgscalr\imgscalr-lib\4.2\imgscalr-lib-4.2.jar;C:\Users\ASUS\.m2\repository\org\awaitility\awaitility\4.2.0\awaitility-4.2.0.jar;C:\Users\ASUS\.m2\repository\org\freemarker\freemarker\2.3.31\freemarker-2.3.31.jar;C:\Users\ASUS\.m2\repository\io\github\classgraph\classgraph\4.8.138\classgraph-4.8.138.jar;C:\Users\ASUS\.m2\repository\net\sourceforge\jexcelapi\jxl\2.6.12\jxl-2.6.12.jar;C:\Users\ASUS\.m2\repository\net\bytebuddy\byte-buddy\1.12.8\byte-buddy-1.12.8.jar;C:\Users\ASUS\.m2\repository\net\bytebuddy\byte-buddy-agent\1.12.8\byte-buddy-agent-1.12.8.jar;C:\Users\ASUS\.m2\repository\org\objenesis\objenesis\3.1\objenesis-3.1.jar;C:\Users\ASUS\.m2\repository\net\serenity-bdd\serenity-reports\3.2.1\serenity-reports-3.2.1.jar;C:\Users\ASUS\.m2\repository\net\serenity-bdd\serenity-stats\3.2.1\serenity-stats-3.2.1.jar;C:\Users\ASUS\.m2\repository\net\serenity-bdd\serenity-reports-configuration\3.2.1\serenity-reports-configuration-3.2.1.jar;C:\Users\ASUS\.m2\repository\com\vladsch\flexmark\flexmark-all\0.34.30\flexmark-all-0.34.30.jar;C:\Users\ASUS\.m2\repository\com\vladsch\flexmark\flexmark\0.34.30\flexmark-0.34.30.jar;C:\Users\ASUS\.m2\repository\com\vladsch\flexmark\flexmark-ext-abbreviation\0.34.30\flexmark-ext-abbreviation-0.34.30.jar;C:\Users\ASUS\.m2\repository\com\vladsch\flexmark\flexmark-ext-admonition\0.34.30\flexmark-ext-admonition-0.34.30.jar;C:\Users\ASUS\.m2\repository\com\vladsch\flexmark\flexmark-ext-anchorlink\0.34.30\flexmark-ext-anchorlink-0.34.30.jar;C:\Users\ASUS\.m2\repository\com\vladsch\flexmark\flexmark-ext-aside\0.34.30\flexmark-ext-aside-0.34.30.jar;C:\Users\ASUS\.m2\repository\com\vladsch\flexmark\flexmark-ext-attributes\0.34.30\flexmark-ext-attributes-0.34.30.jar;C:\Users\ASUS\.m2\repository\com\vladsch\flexmark\flexmark-ext-autolink\0.34.30\flexmark-ext-autolink-0.34.30.jar;C:\Users\ASUS\.m2\repository\org\nibor\autolink\autolink\0.6.0\autolink-0.6.0.jar;C:\Users\ASUS\.m2\repository\com\vladsch\flexmark\flexmark-ext-definition\0.34.30\flexmark-ext-definition-0.34.30.jar;C:\Users\ASUS\.m2\repository\com\vladsch\flexmark\flexmark-ext-emoji\0.34.30\flexmark-ext-emoji-0.34.30.jar;C:\Users\ASUS\.m2\repository\com\vladsch\flexmark\flexmark-ext-enumerated-reference\0.34.30\flexmark-ext-enumerated-reference-0.34.30.jar;C:\Users\ASUS\.m2\repository\com\vladsch\flexmark\flexmark-ext-escaped-character\0.34.30\flexmark-ext-escaped-character-0.34.30.jar;C:\Users\ASUS\.m2\repository\com\vladsch\flexmark\flexmark-ext-footnotes\0.34.30\flexmark-ext-footnotes-0.34.30.jar;C:\Users\ASUS\.m2\repository\com\vladsch\flexmark\flexmark-ext-gfm-issues\0.34.30\flexmark-ext-gfm-issues-0.34.30.jar;C:\Users\ASUS\.m2\repository\com\vladsch\flexmark\flexmark-ext-gfm-strikethrough\0.34.30\flexmark-ext-gfm-strikethrough-0.34.30.jar;C:\Users\ASUS\.m2\repository\com\vladsch\flexmark\flexmark-ext-gfm-tables\0.34.30\flexmark-ext-gfm-tables-0.34.30.jar;C:\Users\ASUS\.m2\repository\com\vladsch\flexmark\flexmark-ext-gfm-tasklist\0.34.30\flexmark-ext-gfm-tasklist-0.34.30.jar;C:\Users\ASUS\.m2\repository\com\vladsch\flexmark\flexmark-ext-gfm-users\0.34.30\flexmark-ext-gfm-users-0.34.30.jar;C:\Users\ASUS\.m2\repository\com\vladsch\flexmark\flexmark-ext-gitlab\0.34.30\flexmark-ext-gitlab-0.34.30.jar;C:\Users\ASUS\.m2\repository\com\vladsch\flexmark\flexmark-ext-jekyll-front-matter\0.34.30\flexmark-ext-jekyll-front-matter-0.34.30.jar;C:\Users\ASUS\.m2\repository\com\vladsch\flexmark\flexmark-ext-jekyll-tag\0.34.30\flexmark-ext-jekyll-tag-0.34.30.jar;C:\Users\ASUS\.m2\repository\com\vladsch\flexmark\flexmark-ext-media-tags\0.34.30\flexmark-ext-media-tags-0.34.30.jar;C:\Users\ASUS\.m2\repository\com\vladsch\flexmark\flexmark-test-util\0.34.30\flexmark-test-util-0.34.30.jar;C:\Users\ASUS\.m2\repository\com\vladsch\flexmark\flexmark-ext-ins\0.34.30\flexmark-ext-ins-0.34.30.jar;C:\Users\ASUS\.m2\repository\com\vladsch\flexmark\flexmark-ext-xwiki-macros\0.34.30\flexmark-ext-xwiki-macros-0.34.30.jar;C:\Users\ASUS\.m2\repository\com\vladsch\flexmark\flexmark-ext-superscript\0.34.30\flexmark-ext-superscript-0.34.30.jar;C:\Users\ASUS\.m2\repository\com\vladsch\flexmark\flexmark-ext-tables\0.34.30\flexmark-ext-tables-0.34.30.jar;C:\Users\ASUS\.m2\repository\com\vladsch\flexmark\flexmark-ext-toc\0.34.30\flexmark-ext-toc-0.34.30.jar;C:\Users\ASUS\.m2\repository\com\vladsch\flexmark\flexmark-ext-typographic\0.34.30\flexmark-ext-typographic-0.34.30.jar;C:\Users\ASUS\.m2\repository\com\vladsch\flexmark\flexmark-ext-wikilink\0.34.30\flexmark-ext-wikilink-0.34.30.jar;C:\Users\ASUS\.m2\repository\com\vladsch\flexmark\flexmark-ext-yaml-front-matter\0.34.30\flexmark-ext-yaml-front-matter-0.34.30.jar;C:\Users\ASUS\.m2\repository\com\vladsch\flexmark\flexmark-ext-youtube-embedded\0.34.30\flexmark-ext-youtube-embedded-0.34.30.jar;C:\Users\ASUS\.m2\repository\com\vladsch\flexmark\flexmark-formatter\0.34.30\flexmark-formatter-0.34.30.jar;C:\Users\ASUS\.m2\repository\com\vladsch\flexmark\flexmark-html-parser\0.34.30\flexmark-html-parser-0.34.30.jar;C:\Users\ASUS\.m2\repository\com\vladsch\flexmark\flexmark-jira-converter\0.34.30\flexmark-jira-converter-0.34.30.jar;C:\Users\ASUS\.m2\repository\com\vladsch\flexmark\flexmark-pdf-converter\0.34.30\flexmark-pdf-converter-0.34.30.jar;C:\Users\ASUS\.m2\repository\com\openhtmltopdf\openhtmltopdf-core\0.0.1-RC13\openhtmltopdf-core-0.0.1-RC13.jar;C:\Users\ASUS\.m2\repository\com\openhtmltopdf\openhtmltopdf-pdfbox\0.0.1-RC13\openhtmltopdf-pdfbox-0.0.1-RC13.jar;C:\Users\ASUS\.m2\repository\org\apache\pdfbox\pdfbox\2.0.8\pdfbox-2.0.8.jar;C:\Users\ASUS\.m2\repository\org\apache\pdfbox\fontbox\2.0.8\fontbox-2.0.8.jar;C:\Users\ASUS\.m2\repository\commons-logging\commons-logging\1.2\commons-logging-1.2.jar;C:\Users\ASUS\.m2\repository\org\apache\pdfbox\xmpbox\2.0.8\xmpbox-2.0.8.jar;C:\Users\ASUS\.m2\repository\de\rototor\pdfbox\graphics2d\0.12\graphics2d-0.12.jar;C:\Users\ASUS\.m2\repository\com\openhtmltopdf\openhtmltopdf-rtl-support\0.0.1-RC13\openhtmltopdf-rtl-support-0.0.1-RC13.jar;C:\Users\ASUS\.m2\repository\com\ibm\icu\icu4j\59.1\icu4j-59.1.jar;C:\Users\ASUS\.m2\repository\com\openhtmltopdf\openhtmltopdf-jsoup-dom-converter\0.0.1-RC13\openhtmltopdf-jsoup-dom-converter-0.0.1-RC13.jar;C:\Users\ASUS\.m2\repository\com\vladsch\flexmark\flexmark-profile-pegdown\0.34.30\flexmark-profile-pegdown-0.34.30.jar;C:\Users\ASUS\.m2\repository\com\vladsch\flexmark\flexmark-util\0.34.30\flexmark-util-0.34.30.jar;C:\Users\ASUS\.m2\repository\com\vladsch\flexmark\flexmark-youtrack-converter\0.34.30\flexmark-youtrack-converter-0.34.30.jar;C:\Users\ASUS\.m2\repository\es\nitaur\markdown\txtmark\0.16\txtmark-0.16.jar;C:\Users\ASUS\.m2\repository\net\serenity-bdd\serenity-report-resources\3.2.1\serenity-report-resources-3.2.1.jar;C:\Users\ASUS\.m2\repository\com\google\code\gson\gson\2.9.0\gson-2.9.0.jar;C:\Users\ASUS\.m2\repository\com\fasterxml\jackson\core\jackson-core\2.13.2\jackson-core-2.13.2.jar;C:\Users\ASUS\.m2\repository\com\fasterxml\jackson\core\jackson-databind\2.13.2\jackson-databind-2.13.2.jar;C:\Users\ASUS\.m2\repository\com\fasterxml\jackson\core\jackson-annotations\2.13.2\jackson-annotations-2.13.2.jar;C:\Users\ASUS\.m2\repository\commons-codec\commons-codec\1.15\commons-codec-1.15.jar;C:\Users\ASUS\.m2\repository\commons-io\commons-io\2.11.0\commons-io-2.11.0.jar;C:\Users\ASUS\.m2\repository\org\seleniumhq\selenium\selenium-java\4.1.2\selenium-java-4.1.2.jar;C:\Users\ASUS\.m2\repository\org\seleniumhq\selenium\selenium-devtools-v85\4.1.2\selenium-devtools-v85-4.1.2.jar;C:\Users\ASUS\.m2\repository\org\seleniumhq\selenium\selenium-devtools-v95\4.1.2\selenium-devtools-v95-4.1.2.jar;C:\Users\ASUS\.m2\repository\org\seleniumhq\selenium\selenium-devtools-v96\4.1.2\selenium-devtools-v96-4.1.2.jar;C:\Users\ASUS\.m2\repository\org\seleniumhq\selenium\selenium-devtools-v97\4.1.2\selenium-devtools-v97-4.1.2.jar;C:\Users\ASUS\.m2\repository\org\seleniumhq\selenium\selenium-firefox-xpi-driver\4.1.2\selenium-firefox-xpi-driver-4.1.2.jar;C:\Users\ASUS\.m2\repository\org\seleniumhq\selenium\selenium-opera-driver\4.1.2\selenium-opera-driver-4.1.2.jar;C:\Users\ASUS\.m2\repository\org\seleniumhq\selenium\selenium-remote-driver\4.1.2\selenium-remote-driver-4.1.2.jar;C:\Users\ASUS\.m2\repository\com\beust\jcommander\1.82\jcommander-1.82.jar;C:\Users\ASUS\.m2\repository\io\netty\netty-buffer\4.1.73.Final\netty-buffer-4.1.73.Final.jar;C:\Users\ASUS\.m2\repository\io\netty\netty-codec-http\4.1.73.Final\netty-codec-http-4.1.73.Final.jar;C:\Users\ASUS\.m2\repository\io\netty\netty-codec\4.1.73.Final\netty-codec-4.1.73.Final.jar;C:\Users\ASUS\.m2\repository\io\netty\netty-handler\4.1.73.Final\netty-handler-4.1.73.Final.jar;C:\Users\ASUS\.m2\repository\io\netty\netty-tcnative-classes\2.0.46.Final\netty-tcnative-classes-2.0.46.Final.jar;C:\Users\ASUS\.m2\repository\io\netty\netty-common\4.1.73.Final\netty-common-4.1.73.Final.jar;C:\Users\ASUS\.m2\repository\io\netty\netty-transport-classes-epoll\4.1.73.Final\netty-transport-classes-epoll-4.1.73.Final.jar;C:\Users\ASUS\.m2\repository\io\netty\netty-transport-classes-kqueue\4.1.73.Final\netty-transport-classes-kqueue-4.1.73.Final.jar;C:\Users\ASUS\.m2\repository\io\netty\netty-transport-native-epoll\4.1.73.Final\netty-transport-native-epoll-4.1.73.Final.jar;C:\Users\ASUS\.m2\repository\io\netty\netty-transport-native-kqueue\4.1.73.Final\netty-transport-native-kqueue-4.1.73.Final.jar;C:\Users\ASUS\.m2\repository\io\netty\netty-transport-native-unix-common\4.1.73.Final\netty-transport-native-unix-common-4.1.73.Final.jar;C:\Users\ASUS\.m2\repository\io\netty\netty-transport\4.1.73.Final\netty-transport-4.1.73.Final.jar;C:\Users\ASUS\.m2\repository\io\netty\netty-resolver\4.1.73.Final\netty-resolver-4.1.73.Final.jar;C:\Users\ASUS\.m2\repository\io\opentelemetry\opentelemetry-api\1.10.1\opentelemetry-api-1.10.1.jar;C:\Users\ASUS\.m2\repository\io\opentelemetry\opentelemetry-context\1.10.1\opentelemetry-context-1.10.1.jar;C:\Users\ASUS\.m2\repository\io\opentelemetry\opentelemetry-exporter-logging\1.10.1\opentelemetry-exporter-logging-1.10.1.jar;C:\Users\ASUS\.m2\repository\io\opentelemetry\opentelemetry-sdk-metrics\1.10.1-alpha\opentelemetry-sdk-metrics-1.10.1-alpha.jar;C:\Users\ASUS\.m2\repository\io\opentelemetry\opentelemetry-sdk-logs\1.10.1-alpha\opentelemetry-sdk-logs-1.10.1-alpha.jar;C:\Users\ASUS\.m2\repository\io\opentelemetry\opentelemetry-sdk-common\1.10.1\opentelemetry-sdk-common-1.10.1.jar;C:\Users\ASUS\.m2\repository\io\opentelemetry\opentelemetry-sdk-extension-autoconfigure-spi\1.10.1\opentelemetry-sdk-extension-autoconfigure-spi-1.10.1.jar;C:\Users\ASUS\.m2\repository\io\opentelemetry\opentelemetry-sdk-extension-autoconfigure\1.10.1-alpha\opentelemetry-sdk-extension-autoconfigure-1.10.1-alpha.jar;C:\Users\ASUS\.m2\repository\io\opentelemetry\opentelemetry-sdk-trace\1.10.1\opentelemetry-sdk-trace-1.10.1.jar;C:\Users\ASUS\.m2\repository\io\opentelemetry\opentelemetry-sdk\1.10.1\opentelemetry-sdk-1.10.1.jar;C:\Users\ASUS\.m2\repository\io\opentelemetry\opentelemetry-semconv\1.10.1-alpha\opentelemetry-semconv-1.10.1-alpha.jar;C:\Users\ASUS\.m2\repository\io\ous\jtoml\2.0.0\jtoml-2.0.0.jar;C:\Users\ASUS\.m2\repository\org\apache\commons\commons-exec\1.3\commons-exec-1.3.jar;C:\Users\ASUS\.m2\repository\org\asynchttpclient\async-http-client\2.12.3\async-http-client-2.12.3.jar;C:\Users\ASUS\.m2\repository\org\asynchttpclient\async-http-client-netty-utils\2.12.3\async-http-client-netty-utils-2.12.3.jar;C:\Users\ASUS\.m2\repository\io\netty\netty-codec-socks\4.1.60.Final\netty-codec-socks-4.1.60.Final.jar;C:\Users\ASUS\.m2\repository\io\netty\netty-handler-proxy\4.1.60.Final\netty-handler-proxy-4.1.60.Final.jar;C:\Users\ASUS\.m2\repository\io\netty\netty-transport-native-epoll\4.1.60.Final\netty-transport-native-epoll-4.1.60.Final-linux-x86_64.jar;C:\Users\ASUS\.m2\repository\io\netty\netty-transport-native-kqueue\4.1.60.Final\netty-transport-native-kqueue-4.1.60.Final-osx-x86_64.jar;C:\Users\ASUS\.m2\repository\org\reactivestreams\reactive-streams\1.0.3\reactive-streams-1.0.3.jar;C:\Users\ASUS\.m2\repository\com\typesafe\netty\netty-reactive-streams\2.0.4\netty-reactive-streams-2.0.4.jar;C:\Users\ASUS\.m2\repository\org\seleniumhq\selenium\selenium-http\4.1.2\selenium-http-4.1.2.jar;C:\Users\ASUS\.m2\repository\net\jodah\failsafe\2.4.4\failsafe-2.4.4.jar;C:\Users\ASUS\.m2\repository\org\seleniumhq\selenium\selenium-safari-driver\4.1.2\selenium-safari-driver-4.1.2.jar;C:\Users\ASUS\.m2\repository\org\seleniumhq\selenium\selenium-api\4.1.2\selenium-api-4.1.2.jar;C:\Users\ASUS\.m2\repository\org\seleniumhq\selenium\selenium-support\4.1.2\selenium-support-4.1.2.jar;C:\Users\ASUS\.m2\repository\com\google\auto\service\auto-service-annotations\1.0.1\auto-service-annotations-1.0.1.jar;C:\Users\ASUS\.m2\repository\com\google\auto\service\auto-service\1.0.1\auto-service-1.0.1.jar;C:\Users\ASUS\.m2\repository\com\google\auto\auto-common\1.2\auto-common-1.2.jar;C:\Users\ASUS\.m2\repository\org\seleniumhq\selenium\selenium-json\4.1.2\selenium-json-4.1.2.jar;C:\Users\ASUS\.m2\repository\org\seleniumhq\selenium\selenium-chrome-driver\4.1.2\selenium-chrome-driver-4.1.2.jar;C:\Users\ASUS\.m2\repository\org\seleniumhq\selenium\selenium-chromium-driver\4.1.2\selenium-chromium-driver-4.1.2.jar;C:\Users\ASUS\.m2\repository\org\seleniumhq\selenium\selenium-firefox-driver\4.1.2\selenium-firefox-driver-4.1.2.jar;C:\Users\ASUS\.m2\repository\org\seleniumhq\selenium\selenium-edge-driver\4.1.2\selenium-edge-driver-4.1.2.jar;C:\Users\ASUS\.m2\repository\org\seleniumhq\selenium\selenium-ie-driver\4.1.2\selenium-ie-driver-4.1.2.jar;C:\Users\ASUS\.m2\repository\org\projectlombok\lombok\1.18.20\lombok-1.18.20.jar;C:\Users\ASUS\.m2\repository\io\appium\java-client\8.0.0\java-client-8.0.0.jar;C:\Users\ASUS\.m2\repository\commons-validator\commons-validator\1.7\commons-validator-1.7.jar;C:\Users\ASUS\.m2\repository\commons-digester\commons-digester\2.1\commons-digester-2.1.jar;C:\Users\ASUS\.m2\repository\org\aspectj\aspectjweaver\1.9.8\aspectjweaver-1.9.8.jar;C:\Users\ASUS\.m2\repository\org\codehaus\groovy\groovy\3.0.10\groovy-3.0.10.jar;C:\Users\ASUS\.m2\repository\net\sf\opencsv\opencsv\2.0\opencsv-2.0.jar;C:\Users\ASUS\.m2\repository\commons-beanutils\commons-beanutils\1.9.4\commons-beanutils-1.9.4.jar;C:\Users\ASUS\.m2\repository\org\apache\commons\commons-lang3\3.12.0\commons-lang3-3.12.0.jar;C:\Users\ASUS\.m2\repository\commons-collections\commons-collections\3.2.2\commons-collections-3.2.2.jar;C:\Users\ASUS\.m2\repository\org\fluentlenium\fluentlenium-core\0.10.2\fluentlenium-core-0.10.2.jar;C:\Users\ASUS\.m2\repository\io\github\bonigarcia\webdrivermanager\5.1.0\webdrivermanager-5.1.0.jar;C:\Users\ASUS\.m2\repository\com\github\docker-java\docker-java\3.2.13\docker-java-3.2.13.jar;C:\Users\ASUS\.m2\repository\com\github\docker-java\docker-java-core\3.2.13\docker-java-core-3.2.13.jar;C:\Users\ASUS\.m2\repository\com\github\docker-java\docker-java-api\3.2.13\docker-java-api-3.2.13.jar;C:\Users\ASUS\.m2\repository\org\apache\commons\commons-compress\1.21\commons-compress-1.21.jar;C:\Users\ASUS\.m2\repository\org\bouncycastle\bcpkix-jdk15on\1.64\bcpkix-jdk15on-1.64.jar;C:\Users\ASUS\.m2\repository\org\bouncycastle\bcprov-jdk15on\1.64\bcprov-jdk15on-1.64.jar;C:\Users\ASUS\.m2\repository\org\slf4j\jcl-over-slf4j\1.7.30\jcl-over-slf4j-1.7.30.jar;C:\Users\ASUS\.m2\repository\com\github\docker-java\docker-java-transport-httpclient5\3.2.13\docker-java-transport-httpclient5-3.2.13.jar;C:\Users\ASUS\.m2\repository\com\github\docker-java\docker-java-transport\3.2.13\docker-java-transport-3.2.13.jar;C:\Users\ASUS\.m2\repository\org\apache\httpcomponents\client5\httpclient5\5.0.3\httpclient5-5.0.3.jar;C:\Users\ASUS\.m2\repository\org\apache\httpcomponents\core5\httpcore5\5.0.2\httpcore5-5.0.2.jar;C:\Users\ASUS\.m2\repository\net\java\dev\jna\jna\5.8.0\jna-5.8.0.jar;C:\Users\ASUS\.m2\repository\org\brotli\dec\0.1.2\dec-0.1.2.jar;C:\Users\ASUS\.m2\repository\com\jhlabs\filters\2.0.235\filters-2.0.235.jar;C:\Users\ASUS\.m2\repository\com\paulhammant\ngwebdriver\1.1.6\ngwebdriver-1.1.6.jar;C:\Users\ASUS\.m2\repository\joda-time\joda-time\2.8.2\joda-time-2.8.2.jar;C:\Users\ASUS\.m2\repository\org\hamcrest\hamcrest\2.2\hamcrest-2.2.jar;C:\Users\ASUS\.m2\repository\com\google\jimfs\jimfs\1.2\jimfs-1.2.jar;C:\Users\ASUS\.m2\repository\org\mockito\mockito-core\3.3.3\mockito-core-3.3.3.jar;C:\Users\ASUS\.m2\repository\javax\xml\bind\jaxb-api\2.3.1\jaxb-api-2.3.1.jar;C:\Users\ASUS\.m2\repository\javax\activation\javax.activation-api\1.2.0\javax.activation-api-1.2.0.jar;C:\Users\ASUS\.m2\repository\com\sun\xml\bind\jaxb-core\2.3.0.1\jaxb-core-2.3.0.1.jar;C:\Users\ASUS\.m2\repository\com\sun\xml\bind\jaxb-impl\2.3.3\jaxb-impl-2.3.3.jar;C:\Users\ASUS\.m2\repository\jakarta\xml\bind\jakarta.xml.bind-api\2.3.3\jakarta.xml.bind-api-2.3.3.jar;C:\Users\ASUS\.m2\repository\com\sun\activation\jakarta.activation\1.2.2\jakarta.activation-1.2.2.jar;C:\Users\ASUS\.m2\repository\javax\activation\activation\1.1.1\activation-1.1.1.jar;C:\Users\ASUS\.m2\repository\net\serenity-bdd\serenity-cucumber\3.2.1\serenity-cucumber-3.2.1.jar;C:\Users\ASUS\.m2\repository\io\cucumber\cucumber-core\7.2.3\cucumber-core-7.2.3.jar;C:\Users\ASUS\.m2\repository\io\cucumber\cucumber-gherkin\7.2.3\cucumber-gherkin-7.2.3.jar;C:\Users\ASUS\.m2\repository\io\cucumber\cucumber-gherkin-messages\7.2.3\cucumber-gherkin-messages-7.2.3.jar;C:\Users\ASUS\.m2\repository\io\cucumber\messages\17.1.1\messages-17.1.1.jar;C:\Users\ASUS\.m2\repository\io\cucumber\tag-expressions\4.1.0\tag-expressions-4.1.0.jar;C:\Users\ASUS\.m2\repository\io\cucumber\cucumber-expressions\15.0.1\cucumber-expressions-15.0.1.jar;C:\Users\ASUS\.m2\repository\io\cucumber\datatable\7.2.3\datatable-7.2.3.jar;C:\Users\ASUS\.m2\repository\io\cucumber\cucumber-plugin\7.2.3\cucumber-plugin-7.2.3.jar;C:\Users\ASUS\.m2\repository\io\cucumber\docstring\7.2.3\docstring-7.2.3.jar;C:\Users\ASUS\.m2\repository\io\cucumber\html-formatter\17.0.0\html-formatter-17.0.0.jar;C:\Users\ASUS\.m2\repository\io\cucumber\ci-environment\8.1.0\ci-environment-8.1.0.jar;C:\Users\ASUS\.m2\repository\io\cucumber\cucumber-junit\7.2.3\cucumber-junit-7.2.3.jar;C:\Users\ASUS\.m2\repository\org\apache\commons\commons-csv\1.5\commons-csv-1.5.jar;C:\Users\ASUS\.m2\repository\net\serenity-bdd\serenity-screenplay\3.2.1\serenity-screenplay-3.2.1.jar;C:\Users\ASUS\.m2\repository\net\serenity-bdd\serenity-screenplay-webdriver\3.2.1\serenity-screenplay-webdriver-3.2.1.jar;C:\Users\ASUS\.m2\repository\net\serenity-bdd\serenity-ensure\3.2.1\serenity-ensure-3.2.1.jar;C:\Users\ASUS\.m2\repository\net\serenity-bdd\serenity-junit\3.2.1\serenity-junit-3.2.1.jar;C:\Users\ASUS\.m2\repository\org\jetbrains\kotlin\kotlin-stdlib\1.6.0\kotlin-stdlib-1.6.0.jar;C:\Users\ASUS\.m2\repository\org\jetbrains\annotations\13.0\annotations-13.0.jar;C:\Users\ASUS\.m2\repository\org\jetbrains\kotlin\kotlin-stdlib-common\1.6.0\kotlin-stdlib-common-1.6.0.jar;C:\Users\ASUS\.m2\repository\org\junit\platform\junit-platform-launcher\1.8.1\junit-platform-launcher-1.8.1.jar;C:\Users\ASUS\.m2\repository\org\junit\platform\junit-platform-engine\1.8.1\junit-platform-engine-1.8.1.jar;C:\Users\ASUS\.m2\repository\org\opentest4j\opentest4j\1.2.0\opentest4j-1.2.0.jar;C:\Users\ASUS\.m2\repository\org\junit\platform\junit-platform-commons\1.8.1\junit-platform-commons-1.8.1.jar;C:\Users\ASUS\.m2\repository\org\apiguardian\apiguardian-api\1.1.2\apiguardian-api-1.1.2.jar;C:\Users\ASUS\.m2\repository\org\junit\jupiter\junit-jupiter-engine\5.8.2\junit-jupiter-engine-5.8.2.jar;C:\Users\ASUS\.m2\repository\org\junit\jupiter\junit-jupiter-api\5.8.2\junit-jupiter-api-5.8.2.jar;C:\Users\ASUS\.m2\repository\org\junit\vintage\junit-vintage-engine\5.8.2\junit-vintage-engine-5.8.2.jar;C:\Users\ASUS\.m2\repository\junit\junit\4.13.2\junit-4.13.2.jar;C:\Users\ASUS\.m2\repository\org\hamcrest\hamcrest-core\1.3\hamcrest-core-1.3.jar;C:\Users\ASUS\.m2\repository\ch\qos\logback\logback-classic\1.2.10\logback-classic-1.2.10.jar;C:\Users\ASUS\.m2\repository\ch\qos\logback\logback-core\1.2.10\logback-core-1.2.10.jar;C:\Users\ASUS\.m2\repository\org\slf4j\slf4j-api\1.7.32\slf4j-api-1.7.32.jar;C:\Users\ASUS\.m2\repository\org\assertj\assertj-core\3.6.2\assertj-core-3.6.2.jar;"/>
    <property name="sun.cpu.endian" value="little"/>
    <property name="user.home" value="C:\Users\ASUS"/>
    <property name="user.language" value="en"/>
    <property name="java.specification.vendor" value="Oracle Corporation"/>
    <property name="jdk.module.path" value="D:\PERKULIAHAN\Semester 6,Hebatt glad!\Dot-TechnicalTest\target\Dot-TechnicalTest-1.0-SNAPSHOT.jar"/>
    <property name="java.version.date" value="2021-01-19"/>
    <property name="java.home" value="C:\Program Files\Java\jdk-15.0.2"/>
    <property name="file.separator" value="\"/>
    <property name="basedir" value="D:\PERKULIAHAN\Semester 6,Hebatt glad!\Dot-TechnicalTest"/>
    <property name="java.vm.compressedOopsMode" value="Zero based"/>
    <property name="line.separator" value="&#10;"/>
    <property name="java.vm.specification.vendor" value="Oracle Corporation"/>
    <property name="java.specification.name" value="Java Platform API Specification"/>
    <property name="surefire.real.class.path" value="C:\Users\ASUS\.m2\repository\org\apache\maven\surefire\surefire-booter\3.0.0-M5\surefire-booter-3.0.0-M5.jar;C:\Users\ASUS\.m2\repository\org\apache\maven\surefire\surefire-api\3.0.0-M5\surefire-api-3.0.0-M5.jar;C:\Users\ASUS\.m2\repository\org\apache\maven\surefire\surefire-logger-api\3.0.0-M5\surefire-logger-api-3.0.0-M5.jar;C:\Users\ASUS\.m2\repository\org\apache\maven\surefire\surefire-shared-utils\3.0.0-M4\surefire-shared-utils-3.0.0-M4.jar;C:\Users\ASUS\.m2\repository\org\apache\maven\surefire\surefire-extensions-spi\3.0.0-M5\surefire-extensions-spi-3.0.0-M5.jar;D:\PERKULIAHAN\Semester 6,Hebatt glad!\Dot-TechnicalTest\target\test-classes;C:\Users\ASUS\.m2\repository\net\serenity-bdd\serenity-core\3.2.1\serenity-core-3.2.1.jar;C:\Users\ASUS\.m2\repository\net\serenity-bdd\serenity-model\3.2.1\serenity-model-3.2.1.jar;C:\Users\ASUS\.m2\repository\org\apache\commons\commons-text\1.9\commons-text-1.9.jar;C:\Users\ASUS\.m2\repository\commons-net\commons-net\3.8.0\commons-net-3.8.0.jar;C:\Users\ASUS\.m2\repository\com\google\guava\guava\31.1-jre\guava-31.1-jre.jar;C:\Users\ASUS\.m2\repository\com\google\guava\failureaccess\1.0.1\failureaccess-1.0.1.jar;C:\Users\ASUS\.m2\repository\com\google\guava\listenablefuture\9999.0-empty-to-avoid-conflict-with-guava\listenablefuture-9999.0-empty-to-avoid-conflict-with-guava.jar;C:\Users\ASUS\.m2\repository\com\google\code\findbugs\jsr305\3.0.2\jsr305-3.0.2.jar;C:\Users\ASUS\.m2\repository\org\checkerframework\checker-qual\3.12.0\checker-qual-3.12.0.jar;C:\Users\ASUS\.m2\repository\com\google\errorprone\error_prone_annotations\2.11.0\error_prone_annotations-2.11.0.jar;C:\Users\ASUS\.m2\repository\com\google\j2objc\j2objc-annotations\1.3\j2objc-annotations-1.3.jar;C:\Users\ASUS\.m2\repository\com\google\inject\guice\5.1.0\guice-5.1.0.jar;C:\Users\ASUS\.m2\repository\javax\inject\javax.inject\1\javax.inject-1.jar;C:\Users\ASUS\.m2\repository\aopalliance\aopalliance\1.0\aopalliance-1.0.jar;C:\Users\ASUS\.m2\repository\org\jsoup\jsoup\1.14.3\jsoup-1.14.3.jar;C:\Users\ASUS\.m2\repository\com\thoughtworks\xstream\xstream\1.4.19\xstream-1.4.19.jar;C:\Users\ASUS\.m2\repository\io\github\x-stream\mxparser\1.2.2\mxparser-1.2.2.jar;C:\Users\ASUS\.m2\repository\xmlpull\xmlpull\1.1.3.1\xmlpull-1.1.3.1.jar;C:\Users\ASUS\.m2\repository\io\cucumber\cucumber-java\7.2.3\cucumber-java-7.2.3.jar;C:\Users\ASUS\.m2\repository\com\typesafe\config\1.4.2\config-1.4.2.jar;C:\Users\ASUS\.m2\repository\org\imgscalr\imgscalr-lib\4.2\imgscalr-lib-4.2.jar;C:\Users\ASUS\.m2\repository\org\awaitility\awaitility\4.2.0\awaitility-4.2.0.jar;C:\Users\ASUS\.m2\repository\org\freemarker\freemarker\2.3.31\freemarker-2.3.31.jar;C:\Users\ASUS\.m2\repository\io\github\classgraph\classgraph\4.8.138\classgraph-4.8.138.jar;C:\Users\ASUS\.m2\repository\net\sourceforge\jexcelapi\jxl\2.6.12\jxl-2.6.12.jar;C:\Users\ASUS\.m2\repository\net\bytebuddy\byte-buddy\1.12.8\byte-buddy-1.12.8.jar;C:\Users\ASUS\.m2\repository\net\bytebuddy\byte-buddy-agent\1.12.8\byte-buddy-agent-1.12.8.jar;C:\Users\ASUS\.m2\repository\org\objenesis\objenesis\3.1\objenesis-3.1.jar;C:\Users\ASUS\.m2\repository\net\serenity-bdd\serenity-reports\3.2.1\serenity-reports-3.2.1.jar;C:\Users\ASUS\.m2\repository\net\serenity-bdd\serenity-stats\3.2.1\serenity-stats-3.2.1.jar;C:\Users\ASUS\.m2\repository\net\serenity-bdd\serenity-reports-configuration\3.2.1\serenity-reports-configuration-3.2.1.jar;C:\Users\ASUS\.m2\repository\com\vladsch\flexmark\flexmark-all\0.34.30\flexmark-all-0.34.30.jar;C:\Users\ASUS\.m2\repository\com\vladsch\flexmark\flexmark\0.34.30\flexmark-0.34.30.jar;C:\Users\ASUS\.m2\repository\com\vladsch\flexmark\flexmark-ext-abbreviation\0.34.30\flexmark-ext-abbreviation-0.34.30.jar;C:\Users\ASUS\.m2\repository\com\vladsch\flexmark\flexmark-ext-admonition\0.34.30\flexmark-ext-admonition-0.34.30.jar;C:\Users\ASUS\.m2\repository\com\vladsch\flexmark\flexmark-ext-anchorlink\0.34.30\flexmark-ext-anchorlink-0.34.30.jar;C:\Users\ASUS\.m2\repository\com\vladsch\flexmark\flexmark-ext-aside\0.34.30\flexmark-ext-aside-0.34.30.jar;C:\Users\ASUS\.m2\repository\com\vladsch\flexmark\flexmark-ext-attributes\0.34.30\flexmark-ext-attributes-0.34.30.jar;C:\Users\ASUS\.m2\repository\com\vladsch\flexmark\flexmark-ext-autolink\0.34.30\flexmark-ext-autolink-0.34.30.jar;C:\Users\ASUS\.m2\repository\org\nibor\autolink\autolink\0.6.0\autolink-0.6.0.jar;C:\Users\ASUS\.m2\repository\com\vladsch\flexmark\flexmark-ext-definition\0.34.30\flexmark-ext-definition-0.34.30.jar;C:\Users\ASUS\.m2\repository\com\vladsch\flexmark\flexmark-ext-emoji\0.34.30\flexmark-ext-emoji-0.34.30.jar;C:\Users\ASUS\.m2\repository\com\vladsch\flexmark\flexmark-ext-enumerated-reference\0.34.30\flexmark-ext-enumerated-reference-0.34.30.jar;C:\Users\ASUS\.m2\repository\com\vladsch\flexmark\flexmark-ext-escaped-character\0.34.30\flexmark-ext-escaped-character-0.34.30.jar;C:\Users\ASUS\.m2\repository\com\vladsch\flexmark\flexmark-ext-footnotes\0.34.30\flexmark-ext-footnotes-0.34.30.jar;C:\Users\ASUS\.m2\repository\com\vladsch\flexmark\flexmark-ext-gfm-issues\0.34.30\flexmark-ext-gfm-issues-0.34.30.jar;C:\Users\ASUS\.m2\repository\com\vladsch\flexmark\flexmark-ext-gfm-strikethrough\0.34.30\flexmark-ext-gfm-strikethrough-0.34.30.jar;C:\Users\ASUS\.m2\repository\com\vladsch\flexmark\flexmark-ext-gfm-tables\0.34.30\flexmark-ext-gfm-tables-0.34.30.jar;C:\Users\ASUS\.m2\repository\com\vladsch\flexmark\flexmark-ext-gfm-tasklist\0.34.30\flexmark-ext-gfm-tasklist-0.34.30.jar;C:\Users\ASUS\.m2\repository\com\vladsch\flexmark\flexmark-ext-gfm-users\0.34.30\flexmark-ext-gfm-users-0.34.30.jar;C:\Users\ASUS\.m2\repository\com\vladsch\flexmark\flexmark-ext-gitlab\0.34.30\flexmark-ext-gitlab-0.34.30.jar;C:\Users\ASUS\.m2\repository\com\vladsch\flexmark\flexmark-ext-jekyll-front-matter\0.34.30\flexmark-ext-jekyll-front-matter-0.34.30.jar;C:\Users\ASUS\.m2\repository\com\vladsch\flexmark\flexmark-ext-jekyll-tag\0.34.30\flexmark-ext-jekyll-tag-0.34.30.jar;C:\Users\ASUS\.m2\repository\com\vladsch\flexmark\flexmark-ext-media-tags\0.34.30\flexmark-ext-media-tags-0.34.30.jar;C:\Users\ASUS\.m2\repository\com\vladsch\flexmark\flexmark-test-util\0.34.30\flexmark-test-util-0.34.30.jar;C:\Users\ASUS\.m2\repository\com\vladsch\flexmark\flexmark-ext-ins\0.34.30\flexmark-ext-ins-0.34.30.jar;C:\Users\ASUS\.m2\repository\com\vladsch\flexmark\flexmark-ext-xwiki-macros\0.34.30\flexmark-ext-xwiki-macros-0.34.30.jar;C:\Users\ASUS\.m2\repository\com\vladsch\flexmark\flexmark-ext-superscript\0.34.30\flexmark-ext-superscript-0.34.30.jar;C:\Users\ASUS\.m2\repository\com\vladsch\flexmark\flexmark-ext-tables\0.34.30\flexmark-ext-tables-0.34.30.jar;C:\Users\ASUS\.m2\repository\com\vladsch\flexmark\flexmark-ext-toc\0.34.30\flexmark-ext-toc-0.34.30.jar;C:\Users\ASUS\.m2\repository\com\vladsch\flexmark\flexmark-ext-typographic\0.34.30\flexmark-ext-typographic-0.34.30.jar;C:\Users\ASUS\.m2\repository\com\vladsch\flexmark\flexmark-ext-wikilink\0.34.30\flexmark-ext-wikilink-0.34.30.jar;C:\Users\ASUS\.m2\repository\com\vladsch\flexmark\flexmark-ext-yaml-front-matter\0.34.30\flexmark-ext-yaml-front-matter-0.34.30.jar;C:\Users\ASUS\.m2\repository\com\vladsch\flexmark\flexmark-ext-youtube-embedded\0.34.30\flexmark-ext-youtube-embedded-0.34.30.jar;C:\Users\ASUS\.m2\repository\com\vladsch\flexmark\flexmark-formatter\0.34.30\flexmark-formatter-0.34.30.jar;C:\Users\ASUS\.m2\repository\com\vladsch\flexmark\flexmark-html-parser\0.34.30\flexmark-html-parser-0.34.30.jar;C:\Users\ASUS\.m2\repository\com\vladsch\flexmark\flexmark-jira-converter\0.34.30\flexmark-jira-converter-0.34.30.jar;C:\Users\ASUS\.m2\repository\com\vladsch\flexmark\flexmark-pdf-converter\0.34.30\flexmark-pdf-converter-0.34.30.jar;C:\Users\ASUS\.m2\repository\com\openhtmltopdf\openhtmltopdf-core\0.0.1-RC13\openhtmltopdf-core-0.0.1-RC13.jar;C:\Users\ASUS\.m2\repository\com\openhtmltopdf\openhtmltopdf-pdfbox\0.0.1-RC13\openhtmltopdf-pdfbox-0.0.1-RC13.jar;C:\Users\ASUS\.m2\repository\org\apache\pdfbox\pdfbox\2.0.8\pdfbox-2.0.8.jar;C:\Users\ASUS\.m2\repository\org\apache\pdfbox\fontbox\2.0.8\fontbox-2.0.8.jar;C:\Users\ASUS\.m2\repository\commons-logging\commons-logging\1.2\commons-logging-1.2.jar;C:\Users\ASUS\.m2\repository\org\apache\pdfbox\xmpbox\2.0.8\xmpbox-2.0.8.jar;C:\Users\ASUS\.m2\repository\de\rototor\pdfbox\graphics2d\0.12\graphics2d-0.12.jar;C:\Users\ASUS\.m2\repository\com\openhtmltopdf\openhtmltopdf-rtl-support\0.0.1-RC13\openhtmltopdf-rtl-support-0.0.1-RC13.jar;C:\Users\ASUS\.m2\repository\com\ibm\icu\icu4j\59.1\icu4j-59.1.jar;C:\Users\ASUS\.m2\repository\com\openhtmltopdf\openhtmltopdf-jsoup-dom-converter\0.0.1-RC13\openhtmltopdf-jsoup-dom-converter-0.0.1-RC13.jar;C:\Users\ASUS\.m2\repository\com\vladsch\flexmark\flexmark-profile-pegdown\0.34.30\flexmark-profile-pegdown-0.34.30.jar;C:\Users\ASUS\.m2\repository\com\vladsch\flexmark\flexmark-util\0.34.30\flexmark-util-0.34.30.jar;C:\Users\ASUS\.m2\repository\com\vladsch\flexmark\flexmark-youtrack-converter\0.34.30\flexmark-youtrack-converter-0.34.30.jar;C:\Users\ASUS\.m2\repository\es\nitaur\markdown\txtmark\0.16\txtmark-0.16.jar;C:\Users\ASUS\.m2\repository\net\serenity-bdd\serenity-report-resources\3.2.1\serenity-report-resources-3.2.1.jar;C:\Users\ASUS\.m2\repository\com\google\code\gson\gson\2.9.0\gson-2.9.0.jar;C:\Users\ASUS\.m2\repository\com\fasterxml\jackson\core\jackson-core\2.13.2\jackson-core-2.13.2.jar;C:\Users\ASUS\.m2\repository\com\fasterxml\jackson\core\jackson-databind\2.13.2\jackson-databind-2.13.2.jar;C:\Users\ASUS\.m2\repository\com\fasterxml\jackson\core\jackson-annotations\2.13.2\jackson-annotations-2.13.2.jar;C:\Users\ASUS\.m2\repository\commons-codec\commons-codec\1.15\commons-codec-1.15.jar;C:\Users\ASUS\.m2\repository\commons-io\commons-io\2.11.0\commons-io-2.11.0.jar;C:\Users\ASUS\.m2\repository\org\seleniumhq\selenium\selenium-java\4.1.2\selenium-java-4.1.2.jar;C:\Users\ASUS\.m2\repository\org\seleniumhq\selenium\selenium-devtools-v85\4.1.2\selenium-devtools-v85-4.1.2.jar;C:\Users\ASUS\.m2\repository\org\seleniumhq\selenium\selenium-devtools-v95\4.1.2\selenium-devtools-v95-4.1.2.jar;C:\Users\ASUS\.m2\repository\org\seleniumhq\selenium\selenium-devtools-v96\4.1.2\selenium-devtools-v96-4.1.2.jar;C:\Users\ASUS\.m2\repository\org\seleniumhq\selenium\selenium-devtools-v97\4.1.2\selenium-devtools-v97-4.1.2.jar;C:\Users\ASUS\.m2\repository\org\seleniumhq\selenium\selenium-firefox-xpi-driver\4.1.2\selenium-firefox-xpi-driver-4.1.2.jar;C:\Users\ASUS\.m2\repository\org\seleniumhq\selenium\selenium-opera-driver\4.1.2\selenium-opera-driver-4.1.2.jar;C:\Users\ASUS\.m2\repository\org\seleniumhq\selenium\selenium-remote-driver\4.1.2\selenium-remote-driver-4.1.2.jar;C:\Users\ASUS\.m2\repository\com\beust\jcommander\1.82\jcommander-1.82.jar;C:\Users\ASUS\.m2\repository\io\netty\netty-buffer\4.1.73.Final\netty-buffer-4.1.73.Final.jar;C:\Users\ASUS\.m2\repository\io\netty\netty-codec-http\4.1.73.Final\netty-codec-http-4.1.73.Final.jar;C:\Users\ASUS\.m2\repository\io\netty\netty-codec\4.1.73.Final\netty-codec-4.1.73.Final.jar;C:\Users\ASUS\.m2\repository\io\netty\netty-handler\4.1.73.Final\netty-handler-4.1.73.Final.jar;C:\Users\ASUS\.m2\repository\io\netty\netty-tcnative-classes\2.0.46.Final\netty-tcnative-classes-2.0.46.Final.jar;C:\Users\ASUS\.m2\repository\io\netty\netty-common\4.1.73.Final\netty-common-4.1.73.Final.jar;C:\Users\ASUS\.m2\repository\io\netty\netty-transport-classes-epoll\4.1.73.Final\netty-transport-classes-epoll-4.1.73.Final.jar;C:\Users\ASUS\.m2\repository\io\netty\netty-transport-classes-kqueue\4.1.73.Final\netty-transport-classes-kqueue-4.1.73.Final.jar;C:\Users\ASUS\.m2\repository\io\netty\netty-transport-native-epoll\4.1.73.Final\netty-transport-native-epoll-4.1.73.Final.jar;C:\Users\ASUS\.m2\repository\io\netty\netty-transport-native-kqueue\4.1.73.Final\netty-transport-native-kqueue-4.1.73.Final.jar;C:\Users\ASUS\.m2\repository\io\netty\netty-transport-native-unix-common\4.1.73.Final\netty-transport-native-unix-common-4.1.73.Final.jar;C:\Users\ASUS\.m2\repository\io\netty\netty-transport\4.1.73.Final\netty-transport-4.1.73.Final.jar;C:\Users\ASUS\.m2\repository\io\netty\netty-resolver\4.1.73.Final\netty-resolver-4.1.73.Final.jar;C:\Users\ASUS\.m2\repository\io\opentelemetry\opentelemetry-api\1.10.1\opentelemetry-api-1.10.1.jar;C:\Users\ASUS\.m2\repository\io\opentelemetry\opentelemetry-context\1.10.1\opentelemetry-context-1.10.1.jar;C:\Users\ASUS\.m2\repository\io\opentelemetry\opentelemetry-exporter-logging\1.10.1\opentelemetry-exporter-logging-1.10.1.jar;C:\Users\ASUS\.m2\repository\io\opentelemetry\opentelemetry-sdk-metrics\1.10.1-alpha\opentelemetry-sdk-metrics-1.10.1-alpha.jar;C:\Users\ASUS\.m2\repository\io\opentelemetry\opentelemetry-sdk-logs\1.10.1-alpha\opentelemetry-sdk-logs-1.10.1-alpha.jar;C:\Users\ASUS\.m2\repository\io\opentelemetry\opentelemetry-sdk-common\1.10.1\opentelemetry-sdk-common-1.10.1.jar;C:\Users\ASUS\.m2\repository\io\opentelemetry\opentelemetry-sdk-extension-autoconfigure-spi\1.10.1\opentelemetry-sdk-extension-autoconfigure-spi-1.10.1.jar;C:\Users\ASUS\.m2\repository\io\opentelemetry\opentelemetry-sdk-extension-autoconfigure\1.10.1-alpha\opentelemetry-sdk-extension-autoconfigure-1.10.1-alpha.jar;C:\Users\ASUS\.m2\repository\io\opentelemetry\opentelemetry-sdk-trace\1.10.1\opentelemetry-sdk-trace-1.10.1.jar;C:\Users\ASUS\.m2\repository\io\opentelemetry\opentelemetry-sdk\1.10.1\opentelemetry-sdk-1.10.1.jar;C:\Users\ASUS\.m2\repository\io\opentelemetry\opentelemetry-semconv\1.10.1-alpha\opentelemetry-semconv-1.10.1-alpha.jar;C:\Users\ASUS\.m2\repository\io\ous\jtoml\2.0.0\jtoml-2.0.0.jar;C:\Users\ASUS\.m2\repository\org\apache\commons\commons-exec\1.3\commons-exec-1.3.jar;C:\Users\ASUS\.m2\repository\org\asynchttpclient\async-http-client\2.12.3\async-http-client-2.12.3.jar;C:\Users\ASUS\.m2\repository\org\asynchttpclient\async-http-client-netty-utils\2.12.3\async-http-client-netty-utils-2.12.3.jar;C:\Users\ASUS\.m2\repository\io\netty\netty-codec-socks\4.1.60.Final\netty-codec-socks-4.1.60.Final.jar;C:\Users\ASUS\.m2\repository\io\netty\netty-handler-proxy\4.1.60.Final\netty-handler-proxy-4.1.60.Final.jar;C:\Users\ASUS\.m2\repository\io\netty\netty-transport-native-epoll\4.1.60.Final\netty-transport-native-epoll-4.1.60.Final-linux-x86_64.jar;C:\Users\ASUS\.m2\repository\io\netty\netty-transport-native-kqueue\4.1.60.Final\netty-transport-native-kqueue-4.1.60.Final-osx-x86_64.jar;C:\Users\ASUS\.m2\repository\org\reactivestreams\reactive-streams\1.0.3\reactive-streams-1.0.3.jar;C:\Users\ASUS\.m2\repository\com\typesafe\netty\netty-reactive-streams\2.0.4\netty-reactive-streams-2.0.4.jar;C:\Users\ASUS\.m2\repository\org\seleniumhq\selenium\selenium-http\4.1.2\selenium-http-4.1.2.jar;C:\Users\ASUS\.m2\repository\net\jodah\failsafe\2.4.4\failsafe-2.4.4.jar;C:\Users\ASUS\.m2\repository\org\seleniumhq\selenium\selenium-safari-driver\4.1.2\selenium-safari-driver-4.1.2.jar;C:\Users\ASUS\.m2\repository\org\seleniumhq\selenium\selenium-api\4.1.2\selenium-api-4.1.2.jar;C:\Users\ASUS\.m2\repository\org\seleniumhq\selenium\selenium-support\4.1.2\selenium-support-4.1.2.jar;C:\Users\ASUS\.m2\repository\com\google\auto\service\auto-service-annotations\1.0.1\auto-service-annotations-1.0.1.jar;C:\Users\ASUS\.m2\repository\com\google\auto\service\auto-service\1.0.1\auto-service-1.0.1.jar;C:\Users\ASUS\.m2\repository\com\google\auto\auto-common\1.2\auto-common-1.2.jar;C:\Users\ASUS\.m2\repository\org\seleniumhq\selenium\selenium-json\4.1.2\selenium-json-4.1.2.jar;C:\Users\ASUS\.m2\repository\org\seleniumhq\selenium\selenium-chrome-driver\4.1.2\selenium-chrome-driver-4.1.2.jar;C:\Users\ASUS\.m2\repository\org\seleniumhq\selenium\selenium-chromium-driver\4.1.2\selenium-chromium-driver-4.1.2.jar;C:\Users\ASUS\.m2\repository\org\seleniumhq\selenium\selenium-firefox-driver\4.1.2\selenium-firefox-driver-4.1.2.jar;C:\Users\ASUS\.m2\repository\org\seleniumhq\selenium\selenium-edge-driver\4.1.2\selenium-edge-driver-4.1.2.jar;C:\Users\ASUS\.m2\repository\org\seleniumhq\selenium\selenium-ie-driver\4.1.2\selenium-ie-driver-4.1.2.jar;C:\Users\ASUS\.m2\repository\org\projectlombok\lombok\1.18.20\lombok-1.18.20.jar;C:\Users\ASUS\.m2\repository\io\appium\java-client\8.0.0\java-client-8.0.0.jar;C:\Users\ASUS\.m2\repository\commons-validator\commons-validator\1.7\commons-validator-1.7.jar;C:\Users\ASUS\.m2\repository\commons-digester\commons-digester\2.1\commons-digester-2.1.jar;C:\Users\ASUS\.m2\repository\org\aspectj\aspectjweaver\1.9.8\aspectjweaver-1.9.8.jar;C:\Users\ASUS\.m2\repository\org\codehaus\groovy\groovy\3.0.10\groovy-3.0.10.jar;C:\Users\ASUS\.m2\repository\net\sf\opencsv\opencsv\2.0\opencsv-2.0.jar;C:\Users\ASUS\.m2\repository\commons-beanutils\commons-beanutils\1.9.4\commons-beanutils-1.9.4.jar;C:\Users\ASUS\.m2\repository\org\apache\commons\commons-lang3\3.12.0\commons-lang3-3.12.0.jar;C:\Users\ASUS\.m2\repository\commons-collections\commons-collections\3.2.2\commons-collections-3.2.2.jar;C:\Users\ASUS\.m2\repository\org\fluentlenium\fluentlenium-core\0.10.2\fluentlenium-core-0.10.2.jar;C:\Users\ASUS\.m2\repository\io\github\bonigarcia\webdrivermanager\5.1.0\webdrivermanager-5.1.0.jar;C:\Users\ASUS\.m2\repository\com\github\docker-java\docker-java\3.2.13\docker-java-3.2.13.jar;C:\Users\ASUS\.m2\repository\com\github\docker-java\docker-java-core\3.2.13\docker-java-core-3.2.13.jar;C:\Users\ASUS\.m2\repository\com\github\docker-java\docker-java-api\3.2.13\docker-java-api-3.2.13.jar;C:\Users\ASUS\.m2\repository\org\apache\commons\commons-compress\1.21\commons-compress-1.21.jar;C:\Users\ASUS\.m2\repository\org\bouncycastle\bcpkix-jdk15on\1.64\bcpkix-jdk15on-1.64.jar;C:\Users\ASUS\.m2\repository\org\bouncycastle\bcprov-jdk15on\1.64\bcprov-jdk15on-1.64.jar;C:\Users\ASUS\.m2\repository\org\slf4j\jcl-over-slf4j\1.7.30\jcl-over-slf4j-1.7.30.jar;C:\Users\ASUS\.m2\repository\com\github\docker-java\docker-java-transport-httpclient5\3.2.13\docker-java-transport-httpclient5-3.2.13.jar;C:\Users\ASUS\.m2\repository\com\github\docker-java\docker-java-transport\3.2.13\docker-java-transport-3.2.13.jar;C:\Users\ASUS\.m2\repository\org\apache\httpcomponents\client5\httpclient5\5.0.3\httpclient5-5.0.3.jar;C:\Users\ASUS\.m2\repository\org\apache\httpcomponents\core5\httpcore5\5.0.2\httpcore5-5.0.2.jar;C:\Users\ASUS\.m2\repository\net\java\dev\jna\jna\5.8.0\jna-5.8.0.jar;C:\Users\ASUS\.m2\repository\org\brotli\dec\0.1.2\dec-0.1.2.jar;C:\Users\ASUS\.m2\repository\com\jhlabs\filters\2.0.235\filters-2.0.235.jar;C:\Users\ASUS\.m2\repository\com\paulhammant\ngwebdriver\1.1.6\ngwebdriver-1.1.6.jar;C:\Users\ASUS\.m2\repository\joda-time\joda-time\2.8.2\joda-time-2.8.2.jar;C:\Users\ASUS\.m2\repository\org\hamcrest\hamcrest\2.2\hamcrest-2.2.jar;C:\Users\ASUS\.m2\repository\com\google\jimfs\jimfs\1.2\jimfs-1.2.jar;C:\Users\ASUS\.m2\repository\org\mockito\mockito-core\3.3.3\mockito-core-3.3.3.jar;C:\Users\ASUS\.m2\repository\javax\xml\bind\jaxb-api\2.3.1\jaxb-api-2.3.1.jar;C:\Users\ASUS\.m2\repository\javax\activation\javax.activation-api\1.2.0\javax.activation-api-1.2.0.jar;C:\Users\ASUS\.m2\repository\com\sun\xml\bind\jaxb-core\2.3.0.1\jaxb-core-2.3.0.1.jar;C:\Users\ASUS\.m2\repository\com\sun\xml\bind\jaxb-impl\2.3.3\jaxb-impl-2.3.3.jar;C:\Users\ASUS\.m2\repository\jakarta\xml\bind\jakarta.xml.bind-api\2.3.3\jakarta.xml.bind-api-2.3.3.jar;C:\Users\ASUS\.m2\repository\com\sun\activation\jakarta.activation\1.2.2\jakarta.activation-1.2.2.jar;C:\Users\ASUS\.m2\repository\javax\activation\activation\1.1.1\activation-1.1.1.jar;C:\Users\ASUS\.m2\repository\net\serenity-bdd\serenity-cucumber\3.2.1\serenity-cucumber-3.2.1.jar;C:\Users\ASUS\.m2\repository\io\cucumber\cucumber-core\7.2.3\cucumber-core-7.2.3.jar;C:\Users\ASUS\.m2\repository\io\cucumber\cucumber-gherkin\7.2.3\cucumber-gherkin-7.2.3.jar;C:\Users\ASUS\.m2\repository\io\cucumber\cucumber-gherkin-messages\7.2.3\cucumber-gherkin-messages-7.2.3.jar;C:\Users\ASUS\.m2\repository\io\cucumber\messages\17.1.1\messages-17.1.1.jar;C:\Users\ASUS\.m2\repository\io\cucumber\tag-expressions\4.1.0\tag-expressions-4.1.0.jar;C:\Users\ASUS\.m2\repository\io\cucumber\cucumber-expressions\15.0.1\cucumber-expressions-15.0.1.jar;C:\Users\ASUS\.m2\repository\io\cucumber\datatable\7.2.3\datatable-7.2.3.jar;C:\Users\ASUS\.m2\repository\io\cucumber\cucumber-plugin\7.2.3\cucumber-plugin-7.2.3.jar;C:\Users\ASUS\.m2\repository\io\cucumber\docstring\7.2.3\docstring-7.2.3.jar;C:\Users\ASUS\.m2\repository\io\cucumber\html-formatter\17.0.0\html-formatter-17.0.0.jar;C:\Users\ASUS\.m2\repository\io\cucumber\ci-environment\8.1.0\ci-environment-8.1.0.jar;C:\Users\ASUS\.m2\repository\io\cucumber\cucumber-junit\7.2.3\cucumber-junit-7.2.3.jar;C:\Users\ASUS\.m2\repository\org\apache\commons\commons-csv\1.5\commons-csv-1.5.jar;C:\Users\ASUS\.m2\repository\net\serenity-bdd\serenity-screenplay\3.2.1\serenity-screenplay-3.2.1.jar;C:\Users\ASUS\.m2\repository\net\serenity-bdd\serenity-screenplay-webdriver\3.2.1\serenity-screenplay-webdriver-3.2.1.jar;C:\Users\ASUS\.m2\repository\net\serenity-bdd\serenity-ensure\3.2.1\serenity-ensure-3.2.1.jar;C:\Users\ASUS\.m2\repository\net\serenity-bdd\serenity-junit\3.2.1\serenity-junit-3.2.1.jar;C:\Users\ASUS\.m2\repository\org\jetbrains\kotlin\kotlin-stdlib\1.6.0\kotlin-stdlib-1.6.0.jar;C:\Users\ASUS\.m2\repository\org\jetbrains\annotations\13.0\annotations-13.0.jar;C:\Users\ASUS\.m2\repository\org\jetbrains\kotlin\kotlin-stdlib-common\1.6.0\kotlin-stdlib-common-1.6.0.jar;C:\Users\ASUS\.m2\repository\org\junit\platform\junit-platform-launcher\1.8.1\junit-platform-launcher-1.8.1.jar;C:\Users\ASUS\.m2\repository\org\junit\platform\junit-platform-engine\1.8.1\junit-platform-engine-1.8.1.jar;C:\Users\ASUS\.m2\repository\org\opentest4j\opentest4j\1.2.0\opentest4j-1.2.0.jar;C:\Users\ASUS\.m2\repository\org\junit\platform\junit-platform-commons\1.8.1\junit-platform-commons-1.8.1.jar;C:\Users\ASUS\.m2\repository\org\apiguardian\apiguardian-api\1.1.2\apiguardian-api-1.1.2.jar;C:\Users\ASUS\.m2\repository\org\junit\jupiter\junit-jupiter-engine\5.8.2\junit-jupiter-engine-5.8.2.jar;C:\Users\ASUS\.m2\repository\org\junit\jupiter\junit-jupiter-api\5.8.2\junit-jupiter-api-5.8.2.jar;C:\Users\ASUS\.m2\repository\org\junit\vintage\junit-vintage-engine\5.8.2\junit-vintage-engine-5.8.2.jar;C:\Users\ASUS\.m2\repository\junit\junit\4.13.2\junit-4.13.2.jar;C:\Users\ASUS\.m2\repository\org\hamcrest\hamcrest-core\1.3\hamcrest-core-1.3.jar;C:\Users\ASUS\.m2\repository\ch\qos\logback\logback-classic\1.2.10\logback-classic-1.2.10.jar;C:\Users\ASUS\.m2\repository\ch\qos\logback\logback-core\1.2.10\logback-core-1.2.10.jar;C:\Users\ASUS\.m2\repository\org\slf4j\slf4j-api\1.7.32\slf4j-api-1.7.32.jar;C:\Users\ASUS\.m2\repository\org\assertj\assertj-core\3.6.2\assertj-core-3.6.2.jar;C:\Users\ASUS\.m2\repository\org\apache\maven\surefire\surefire-junit-platform\3.0.0-M5\surefire-junit-platform-3.0.0-M5.jar;C:\Users\ASUS\.m2\repository\org\apache\maven\surefire\common-java5\3.0.0-M5\common-java5-3.0.0-M5.jar"/>
    <property name="user.script" value=""/>
    <property name="java.protocol.handler.pkgs" value="com.google.common"/>
    <property name="sun.management.compiler" value="HotSpot 64-Bit Tiered Compilers"/>
    <property name="java.runtime.version" value="15.0.2+7-27"/>
    <property name="user.name" value="ASUS"/>
    <property name="path.separator" value=";"/>
    <property name="os.version" value="10.0"/>
    <property name="java.runtime.name" value="Java(TM) SE Runtime Environment"/>
    <property name="file.encoding" value="Cp1252"/>
    <property name="webdriver.base.url" value=""/>
    <property name="java.vm.name" value="Java HotSpot(TM) 64-Bit Server VM"/>
    <property name="localRepository" value="C:\Users\ASUS\.m2\repository"/>
    <property name="java.vendor.url.bug" value="https://bugreport.java.com/bugreport/"/>
    <property name="java.io.tmpdir" value="C:\Users\ASUS\AppData\Local\Temp\"/>
    <property name="java.version" value="15.0.2"/>
    <property name="user.dir" value="D:\PERKULIAHAN\Semester 6,Hebatt glad!\Dot-TechnicalTest"/>
    <property name="os.arch" value="amd64"/>
    <property name="java.vm.specification.name" value="Java Virtual Machine Specification"/>
    <property name="sun.os.patch.level" value=""/>
    <property name="java.library.path" value="C:\Program Files\Java\jdk-15.0.2\bin;C:\WINDOWS\Sun\Java\bin;C:\WINDOWS\system32;C:\WINDOWS;C:\Program Files\Java\jdk-15.0.2\bin;C:\Program Files\Common Files\Oracle\Java\javapath;C:\WINDOWS;C:\WINDOWS\system32;C:\WINDOWS\System32\Wbem;C:\WINDOWS\System32\WindowsPowerShell\v1.0\;C:\WINDOWS\System32\OpenSSH\;C:\Program Files\Intel\WiFi\bin\;C:\Program Files\Common Files\Intel\WirelessCommon\;C:\MinGw\bin;C:\Program Files\Microsoft SQL Server\Client SDK\ODBC\170\Tools\Binn\;C:\Program Files (x86)\Microsoft SQL Server\150\Tools\Binn\;C:\Program Files\Microsoft SQL Server\150\Tools\Binn\;C:\Program Files\Microsoft SQL Server\150\DTS\Binn\;C:\Program Files (x86)\dotnet\;C:\MinGW\bin;C:\Program Files\apache-maven-3.8.1\bin;C:\Program Files\chromedriver_win32;C:\Program Files\dotnet\;C:\Program Files\Git\cmd;C:\Users\ASUS\AppData\Local\Microsoft\WindowsApps;C:\Users\ASUS\AppData\Local\Programs\Microsoft VS Code\bin;C:\Users\ASUS\.dotnet\tools;C:\Program Files\erl-24.1\bin;C:\Program Files\RabbitMQ Server;C:\Program Files (x86)\Sophos\Sophos SSL VPN Client\bin;C:\Program Files\JetBrains\IntelliJ IDEA 2021.3.2\bin;;."/>
    <property name="java.vm.info" value="mixed mode"/>
    <property name="java.vendor" value="Oracle Corporation"/>
    <property name="java.vm.version" value="15.0.2+7-27"/>
    <property name="sun.io.unicode.encoding" value="UnicodeLittle"/>
    <property name="java.class.version" value="59.0"/>
  </properties>
  <testcase name="Login scenario #1" classname="Login" time="29.909">
    <error type="org.openqa.selenium.NoSuchElementException"><![CDATA[org.openqa.selenium.NoSuchElementException: 
no such element: Unable to locate element: {"method":"xpath","selector":"//*[@id="customer_login"]/div[1]/div/h3"}
  (Session info: chrome=100.0.4896.127)
For documentation on this error, please visit: https://selenium.dev/exceptions/#no_such_element
Build info: version: '4.1.2', revision: '9a5a329c5a'
System info: host: 'DESKTOP-01SKV80', ip: '192.168.100.7', os.name: 'Windows 10', os.arch: 'amd64', os.version: '10.0', java.version: '15.0.2'
Driver info: org.openqa.selenium.chrome.ChromeDriver
Command: [b0515aa39615df30d7050dde7d350fca, findElement {using=xpath, value=//*[@id="customer_login"]/div[1]/div/h3}]
Capabilities {acceptInsecureCerts: false, browserName: chrome, browserVersion: 100.0.4896.127, chrome: {chromedriverVersion: 100.0.4896.60 (6a5d10861ce8..., userDataDir: C:\Users\ASUS\AppData\Local...}, goog:chromeOptions: {debuggerAddress: localhost:60477}, javascriptEnabled: true, networkConnectionEnabled: false, pageLoadStrategy: normal, platform: WINDOWS, platformName: WINDOWS, proxy: Proxy(), se:cdp: ws://localhost:60477/devtoo..., se:cdpVersion: 100.0.4896.127, setWindowRect: true, strictFileInteractability: false, timeouts: {implicit: 0, pageLoad: 300000, script: 30000}, unhandledPromptBehavior: dismiss and notify, webauthn:extension:credBlob: true, webauthn:extension:largeBlob: true, webauthn:virtualAuthenticators: true}
Session ID: b0515aa39615df30d7050dde7d350fca
]]></error>
    <system-out><![CDATA[10:16:55.167 [main] INFO io.cucumber.core.plugin.SerenityReporter - Running feature from file:///D:/PERKULIAHAN/Semester%206,Hebatt%20glad!/Dot-TechnicalTest/src/test/resources/features/login.feature
10:16:55.449 [main] INFO  - 

-------------------------------------------------------------------------------------
     _______. _______ .______       _______ .__   __.  __  .___________.____    ____ 
    /       ||   ____||   _  \     |   ____||  \ |  | |  | |           |\   \  /   / 
   |   (----`|  |__   |  |_)  |    |  |__   |   \|  | |  | `---|  |----` \   \/   /  
    \   \    |   __|  |      /     |   __|  |  . `  | |  |     |  |       \_    _/   
.----)   |   |  |____ |  |\  \----.|  |____ |  |\   | |  |     |  |         |  |     
|_______/    |_______|| _| `._____||_______||__| \__| |__|     |__|         |__|    
                                                                                     
 News and tutorials at http://www.serenity-bdd.info                                  
 Documentation at https://wakaleo.gitbooks.io/the-serenity-book/content/             
 Join the Serenity Community on Gitter: https://gitter.im/serenity-bdd/serenity-core 
 Serenity BDD Support and Training at http://serenity-bdd.info/#/trainingandsupport  
-------------------------------------------------------------------------------------

10:16:55.449 [main] DEBUG net.thucydides.core.steps.StepEventBus - Test suite started for story net.thucydides.core.model.Story@f388ff28
10:16:55.465 [main] INFO  - Test Suite Started: Login
10:16:55.480 [main] INFO io.cucumber.core.plugin.SerenityReporter - Running feature from file:///D:/PERKULIAHAN/Semester%206,Hebatt%20glad!/Dot-TechnicalTest/src/test/resources/features/login.feature
10:16:55.496 [main] DEBUG net.thucydides.core.steps.StepEventBus - Test suite started for story net.thucydides.core.model.Story@f388ff28
10:16:55.496 [main] INFO  - Test Suite Started: Login

@DDT
Scenario Outline: Login scenario                   &amp#27;[90m# src/test/resources/features/login.feature:26&amp#27;[0m
10:16:55.636 [main] INFO io.cucumber.core.plugin.SerenityReporter - Running feature from file:///D:/PERKULIAHAN/Semester%206,Hebatt%20glad!/Dot-TechnicalTest/src/test/resources/features/login.feature
10:16:55.792 [main] INFO  - 
  _____   ___   ___   _____     ___   _____     _     ___   _____   ___   ___  
 |_   _| | __| / __| |_   _|   / __| |_   _|   /_\   | _ \ |_   _| | __| |   \ 
   | |   | _|  \__ \   | |     \__ \   | |    / _ \  |   /   | |   | _|  | |) |
   |_|   |___| |___/   |_|     |___/   |_|   /_/ \_\ |_|_\   |_|   |___| |___/ 

Login scenario(login;login-scenario)
--------------------------------------------------------------------------------
10:16:56.775 [main] DEBUG net.thucydides.core.steps.StepInterceptor - STARTING STEP: LoginStepDefinitions.iAmOnLoginPage - openUrl
10:16:56.806 [main] INFO net.serenitybdd.core.webdriver.driverproviders.ChromeDriverProvider - Using automatically driver download
10:16:57.573 [main] DEBUG io.github.bonigarcia.wdm.cache.ResolutionCache - Resolution chrome=100 in cache (valid until 11:02:02 26/04/2022 WIB)
10:16:57.589 [main] DEBUG io.github.bonigarcia.wdm.cache.ResolutionCache - Resolution chrome100=100.0.4896.60 in cache (valid until 19:36:13 26/04/2022 WIB)
10:16:57.589 [main] INFO io.github.bonigarcia.wdm.WebDriverManager - Using chromedriver 100.0.4896.60 (resolved driver for Chrome 100)
10:16:57.620 [main] DEBUG io.github.bonigarcia.wdm.WebDriverManager - Driver chromedriver 100.0.4896.60 found in cache
10:16:57.620 [main] INFO io.github.bonigarcia.wdm.WebDriverManager - Exporting webdriver.chrome.driver as C:\Users\ASUS\.cache\selenium\chromedriver\win32\100.0.4896.60\chromedriver.exe
10:16:58.322 [main] DEBUG net.thucydides.core.reflection.ClassFinder - Could not load class .starter.cucumberTestSuite
10:16:58.322 [main] DEBUG net.thucydides.core.reflection.ClassFinder - Could not load class .starter.pages.HomePage
10:16:58.322 [main] DEBUG net.thucydides.core.reflection.ClassFinder - Could not load class .starter.pages.LoginPage
10:16:58.322 [main] DEBUG net.thucydides.core.reflection.ClassFinder - Could not load class .starter.stepdefinitions.LoginStepDefinitions
10:16:58.322 [main] DEBUG net.thucydides.core.reflection.ClassFinder - Could not load class META-INF.versions.9.com.sun.istack.logging.StackHelper
10:16:58.322 [main] DEBUG net.thucydides.core.reflection.ClassFinder - Could not load class META-INF.versions.9.com.sun.xml.bind.v2.runtime.reflect.opt.AccessorInjector
10:16:58.322 [main] DEBUG net.thucydides.core.reflection.ClassFinder - Could not load class META-INF.versions.9.com.sun.xml.bind.v2.runtime.reflect.opt.Injector
10:16:58.322 [main] DEBUG net.thucydides.core.reflection.ClassFinder - Could not load class META-INF.versions.9.com.sun.xml.bind.v2.runtime.reflect.opt.OptimizedAccessorFactory
10:16:58.322 [main] DEBUG net.thucydides.core.reflection.ClassFinder - Could not load class META-INF.versions.9.com.sun.xml.bind.v2.runtime.reflect.opt.OptimizedTransducedAccessorFactory
10:16:58.322 [main] DEBUG net.thucydides.core.reflection.ClassFinder - Could not load class META-INF.versions.9.io.opentelemetry.sdk.internal.CurrentJavaVersionSpecific
10:16:58.322 [main] DEBUG net.thucydides.core.reflection.ClassFinder - Could not load class META-INF.versions.9.io.opentelemetry.sdk.internal.Java9VersionSpecific
10:16:58.322 [main] DEBUG net.thucydides.core.reflection.ClassFinder - Could not load class META-INF.versions.9.javax.xml.bind.ModuleUtil
10:16:58.322 [main] DEBUG net.thucydides.core.reflection.ClassFinder - Could not load class META-INF.versions.9.module-info
10:16:58.322 [main] DEBUG net.thucydides.core.reflection.ClassFinder - Could not load class META-INF.versions.9.org.junit.platform.commons.util.ModuleUtils
10:16:58.635 [main] DEBUG net.thucydides.core.reflection.ClassFinder - Could not load class com.google.gson.internal.
10:16:58.822 [main] DEBUG net.thucydides.core.reflection.ClassFinder - Could not load class com.sun.xml.bind.v2.runtime.output.FastInfosetStreamWriterOutput
10:16:59.401 [main] DEBUG net.thucydides.core.reflection.ClassFinder - Could not load class module-info
10:17:02.947 [main] DEBUG io.netty.util.internal.logging.InternalLoggerFactory - Using SLF4J as the default logging framework
10:17:02.947 [main] DEBUG io.netty.util.ResourceLeakDetector - -Dio.netty.leakDetection.level: simple
10:17:02.947 [main] DEBUG io.netty.util.ResourceLeakDetector - -Dio.netty.leakDetection.targetRecords: 4
10:17:02.947 [main] DEBUG io.netty.util.ResourceLeakDetectorFactory - Loaded default ResourceLeakDetector: io.netty.util.ResourceLeakDetector@65b63277
10:17:02.963 [main] DEBUG io.netty.util.internal.PlatformDependent0 - -Dio.netty.noUnsafe: false
10:17:02.963 [main] DEBUG io.netty.util.internal.PlatformDependent0 - Java version: 15
10:17:02.978 [main] DEBUG io.netty.util.internal.PlatformDependent0 - sun.misc.Unsafe.theUnsafe: available
10:17:02.978 [main] DEBUG io.netty.util.internal.PlatformDependent0 - sun.misc.Unsafe.copyMemory: available
10:17:02.978 [main] DEBUG io.netty.util.internal.PlatformDependent0 - java.nio.Buffer.address: available
10:17:02.978 [main] DEBUG io.netty.util.internal.PlatformDependent0 - direct buffer constructor: unavailable: Reflective setAccessible(true) disabled
10:17:02.978 [main] DEBUG io.netty.util.internal.PlatformDependent0 - java.nio.Bits.unaligned: available, true
10:17:02.978 [main] DEBUG io.netty.util.internal.PlatformDependent0 - jdk.internal.misc.Unsafe.allocateUninitializedArray(int): unavailable: class io.netty.util.internal.PlatformDependent0$6 cannot access class jdk.internal.misc.Unsafe (in module java.base) because module java.base does not export jdk.internal.misc to unnamed module @6c4f9535
10:17:02.978 [main] DEBUG io.netty.util.internal.PlatformDependent0 - java.nio.DirectByteBuffer.<init>(long, int): unavailable
10:17:02.978 [main] DEBUG io.netty.util.internal.PlatformDependent - sun.misc.Unsafe: available
10:17:02.978 [main] DEBUG io.netty.util.internal.PlatformDependent - maxDirectMemory: 2671771648 bytes (maybe)
10:17:02.978 [main] DEBUG io.netty.util.internal.PlatformDependent - -Dio.netty.tmpdir: C:\Users\ASUS\AppData\Local\Temp (java.io.tmpdir)
10:17:02.978 [main] DEBUG io.netty.util.internal.PlatformDependent - -Dio.netty.bitMode: 64 (sun.arch.data.model)
10:17:02.978 [main] DEBUG io.netty.util.internal.PlatformDependent - Platform: Windows
10:17:02.978 [main] DEBUG io.netty.util.internal.PlatformDependent - -Dio.netty.maxDirectMemory: -1 bytes
10:17:02.978 [main] DEBUG io.netty.util.internal.PlatformDependent - -Dio.netty.uninitializedArrayAllocationThreshold: -1
10:17:02.978 [main] DEBUG io.netty.util.internal.CleanerJava9 - java.nio.ByteBuffer.cleaner(): available
10:17:02.978 [main] DEBUG io.netty.util.internal.PlatformDependent - -Dio.netty.noPreferDirect: false
10:17:02.994 [main] DEBUG io.netty.util.internal.PlatformDependent - org.jctools-core.MpscChunkedArrayQueue: available
10:17:03.009 [main] DEBUG io.netty.util.internal.InternalThreadLocalMap - -Dio.netty.threadLocalMap.stringBuilder.initialSize: 1024
10:17:03.009 [main] DEBUG io.netty.util.internal.InternalThreadLocalMap - -Dio.netty.threadLocalMap.stringBuilder.maxSize: 4096
10:17:03.041 [main] DEBUG io.netty.handler.ssl.JdkSslContext - Default protocols (JDK): [TLSv1.3, TLSv1.2, TLSv1.1, TLSv1] 
10:17:03.041 [main] DEBUG io.netty.handler.ssl.JdkSslContext - Default cipher suites (JDK): [TLS_ECDHE_ECDSA_WITH_AES_256_GCM_SHA384, TLS_ECDHE_ECDSA_WITH_AES_128_GCM_SHA256, TLS_ECDHE_RSA_WITH_AES_128_GCM_SHA256, TLS_ECDHE_RSA_WITH_AES_256_GCM_SHA384, TLS_ECDHE_RSA_WITH_AES_128_CBC_SHA, TLS_ECDHE_RSA_WITH_AES_256_CBC_SHA, TLS_RSA_WITH_AES_128_GCM_SHA256, TLS_RSA_WITH_AES_128_CBC_SHA, TLS_RSA_WITH_AES_256_CBC_SHA, TLS_AES_128_GCM_SHA256, TLS_AES_256_GCM_SHA384]
10:17:03.072 [main] DEBUG io.netty.channel.MultithreadEventLoopGroup - -Dio.netty.eventLoopThreads: 16
10:17:03.088 [main] DEBUG io.netty.channel.nio.NioEventLoop - -Dio.netty.noKeySetOptimization: false
10:17:03.088 [main] DEBUG io.netty.channel.nio.NioEventLoop - -Dio.netty.selectorAutoRebuildThreshold: 512
10:17:03.137 [main] DEBUG io.netty.buffer.PooledByteBufAllocator - -Dio.netty.allocator.numHeapArenas: 16
10:17:03.137 [main] DEBUG io.netty.buffer.PooledByteBufAllocator - -Dio.netty.allocator.numDirectArenas: 16
10:17:03.137 [main] DEBUG io.netty.buffer.PooledByteBufAllocator - -Dio.netty.allocator.pageSize: 8192
10:17:03.137 [main] DEBUG io.netty.buffer.PooledByteBufAllocator - -Dio.netty.allocator.maxOrder: 11
10:17:03.137 [main] DEBUG io.netty.buffer.PooledByteBufAllocator - -Dio.netty.allocator.chunkSize: 16777216
10:17:03.137 [main] DEBUG io.netty.buffer.PooledByteBufAllocator - -Dio.netty.allocator.smallCacheSize: 256
10:17:03.137 [main] DEBUG io.netty.buffer.PooledByteBufAllocator - -Dio.netty.allocator.normalCacheSize: 64
10:17:03.137 [main] DEBUG io.netty.buffer.PooledByteBufAllocator - -Dio.netty.allocator.maxCachedBufferCapacity: 32768
10:17:03.137 [main] DEBUG io.netty.buffer.PooledByteBufAllocator - -Dio.netty.allocator.cacheTrimInterval: 8192
10:17:03.137 [main] DEBUG io.netty.buffer.PooledByteBufAllocator - -Dio.netty.allocator.cacheTrimIntervalMillis: 0
10:17:03.137 [main] DEBUG io.netty.buffer.PooledByteBufAllocator - -Dio.netty.allocator.useCacheForAllThreads: true
10:17:03.137 [main] DEBUG io.netty.buffer.PooledByteBufAllocator - -Dio.netty.allocator.maxCachedByteBuffersPerChunk: 1023
10:17:03.152 [main] DEBUG io.netty.buffer.ByteBufUtil - -Dio.netty.allocator.type: pooled
10:17:03.152 [main] DEBUG io.netty.buffer.ByteBufUtil - -Dio.netty.threadLocalDirectBufferSize: 0
10:17:03.152 [main] DEBUG io.netty.buffer.ByteBufUtil - -Dio.netty.maxThreadLocalCharBufferSize: 16384
10:17:03.404 [main] DEBUG net.serenitybdd.core.webdriver.driverproviders.ProvideNewDriver - Instantiating driver
10:17:03.404 [main] DEBUG net.serenitybdd.core.webdriver.driverproviders.ProvideNewDriver - Driver capabilities: Capabilities {acceptInsecureCerts: false, base.url: https://www.psegameshop.com/, browserName: chrome, chrome.driver: src/test/resources/webdrive..., driver: chrome, goog:chromeOptions: {args: [], extensions: []}}
10:17:04.155 [Forwarding newSession on session null to remote] DEBUG io.netty.channel.DefaultChannelId - -Dio.netty.processId: 8284 (auto-detected)
10:17:04.155 [Forwarding newSession on session null to remote] DEBUG io.netty.util.NetUtil - -Djava.net.preferIPv4Stack: false
10:17:04.155 [Forwarding newSession on session null to remote] DEBUG io.netty.util.NetUtil - -Djava.net.preferIPv6Addresses: false
10:17:04.155 [Forwarding newSession on session null to remote] DEBUG io.netty.util.NetUtilInitializations - Loopback interface: lo (Software Loopback Interface 1, 127.0.0.1)
10:17:04.171 [Forwarding newSession on session null to remote] DEBUG io.netty.util.NetUtil - Failed to get SOMAXCONN from sysctl and file \proc\sys\net\core\somaxconn. Default: 200
10:17:04.187 [Forwarding newSession on session null to remote] DEBUG io.netty.channel.DefaultChannelId - -Dio.netty.machineId: 04:ea:56:ff:fe:54:1b:1e (auto-detected)
10:17:04.220 [AsyncHttpClient-1-2] DEBUG io.netty.buffer.AbstractByteBuf - -Dio.netty.buffer.checkAccessible: true
10:17:04.220 [AsyncHttpClient-1-2] DEBUG io.netty.buffer.AbstractByteBuf - -Dio.netty.buffer.checkBounds: true
10:17:04.220 [AsyncHttpClient-1-2] DEBUG io.netty.util.ResourceLeakDetectorFactory - Loaded default ResourceLeakDetector: io.netty.util.ResourceLeakDetector@146f2a75
10:17:04.236 [AsyncHttpClient-1-2] DEBUG org.asynchttpclient.netty.channel.NettyConnectListener - Using new Channel '[id: 0x1f673f30, L:/127.0.0.1:60475 - R:localhost/127.0.0.1:58317]' for 'POST' to '/session'
10:17:04.251 [AsyncHttpClient-1-2] DEBUG io.netty.util.Recycler - -Dio.netty.recycler.maxCapacityPerThread: 4096
10:17:04.251 [AsyncHttpClient-1-2] DEBUG io.netty.util.Recycler - -Dio.netty.recycler.ratio: 8
10:17:04.251 [AsyncHttpClient-1-2] DEBUG io.netty.util.Recycler - -Dio.netty.recycler.chunkSize: 32
10:17:04.251 [AsyncHttpClient-1-2] DEBUG io.netty.util.Recycler - -Dio.netty.recycler.blocking: false
10:17:04.928 [AsyncHttpClient-1-2] DEBUG io.netty.handler.codec.compression.Brotli - brotli4j not in the classpath; Brotli support will be unavailable.
10:17:04.928 [AsyncHttpClient-1-2] DEBUG org.asynchttpclient.netty.handler.HttpHandler - 

Request DefaultHttpRequest(decodeResult: success, version: HTTP/1.1)
POST /session HTTP/1.1
User-Agent: selenium/4.1.2 (java windows)
Content-Length: 614
Content-Type: application/json; charset=utf-8
host: localhost:58317
accept: */*

Response DefaultHttpResponse(decodeResult: success, version: HTTP/1.1)
HTTP/1.1 200 OK
Content-Type: application/json; charset=utf-8
cache-control: no-cache
content-length: 789

10:17:04.940 [AsyncHttpClient-1-2] DEBUG org.asynchttpclient.netty.channel.ChannelManager - Adding key: http://localhost:58317 for channel [id: 0x1f673f30, L:/127.0.0.1:60475 - R:localhost/127.0.0.1:58317]
10:17:05.104 [AsyncHttpClient-1-3] DEBUG org.asynchttpclient.netty.channel.NettyConnectListener - Using new Channel '[id: 0x40953964, L:/127.0.0.1:60484 - R:localhost/127.0.0.1:60477]' for 'GET' to '/json/version'
10:17:05.104 [AsyncHttpClient-1-3] DEBUG org.asynchttpclient.netty.handler.HttpHandler - 

Request DefaultFullHttpRequest(decodeResult: success, version: HTTP/1.1, content: EmptyByteBufBE)
GET /json/version HTTP/1.1
User-Agent: selenium/4.1.2 (java windows)
host: localhost:60477
accept: */*

Response DefaultHttpResponse(decodeResult: success, version: HTTP/1.1)
HTTP/1.1 200 OK
Content-Type: application/json; charset=UTF-8
content-length: 429

10:17:05.104 [AsyncHttpClient-1-3] DEBUG org.asynchttpclient.netty.channel.ChannelManager - Adding key: http://localhost:60477 for channel [id: 0x40953964, L:/127.0.0.1:60484 - R:localhost/127.0.0.1:60477]
10:17:05.120 [main] DEBUG io.netty.util.internal.ThreadLocalRandom - -Dio.netty.initialSeedUniquifier: 0xf08a79cf574798d9
10:17:05.120 [AsyncHttpClient-1-4] DEBUG org.asynchttpclient.netty.channel.NettyConnectListener - Using new Channel '[id: 0x900204c0, L:/127.0.0.1:60485 - R:localhost/127.0.0.1:60477]' for 'GET' to '/devtools/browser/c66958fd-13fa-4b30-b605-a43f4bd0070d'
10:17:05.136 [AsyncHttpClient-1-4] DEBUG org.asynchttpclient.netty.handler.WebSocketHandler - 

Request DefaultFullHttpRequest(decodeResult: success, version: HTTP/1.1, content: EmptyByteBufBE)
GET /devtools/browser/c66958fd-13fa-4b30-b605-a43f4bd0070d HTTP/1.1
upgrade: websocket
connection: upgrade
sec-websocket-key: 7F5optkxExkVnipbo4Lx1Q==
sec-websocket-version: 13
origin: http://localhost:60477
host: localhost:60477
accept: */*
user-agent: AHC/2.1

Response DefaultHttpResponse(decodeResult: success, version: HTTP/1.1)
HTTP/1.1 101 WebSocket Protocol Handshake
Upgrade: WebSocket
Connection: Upgrade
Sec-WebSocket-Accept: RfFGd3Q7eNf9Bc3rABHl6vEQHmg=

10:17:05.167 [Forwarding maximizeCurrentWindow on session b0515aa39615df30d7050dde7d350fca to remote] DEBUG org.asynchttpclient.netty.request.NettyRequestSender - Using pooled Channel '[id: 0x1f673f30, L:/127.0.0.1:60475 - R:localhost/127.0.0.1:58317]' for 'POST' to 'http://localhost:58317/session/b0515aa39615df30d7050dde7d350fca/window/maximize'
10:17:05.167 [Forwarding maximizeCurrentWindow on session b0515aa39615df30d7050dde7d350fca to remote] DEBUG org.asynchttpclient.netty.request.NettyRequestSender - Using open Channel [id: 0x1f673f30, L:/127.0.0.1:60475 - R:localhost/127.0.0.1:58317] for POST '/session/b0515aa39615df30d7050dde7d350fca/window/maximize'
10:17:05.214 [AsyncHttpClient-1-1] DEBUG org.asynchttpclient.netty.channel.DefaultChannelPool - Entry count for : http://localhost:60477 : 1
10:17:05.289 [AsyncHttpClient-1-2] DEBUG org.asynchttpclient.netty.handler.HttpHandler - 

Request DefaultHttpRequest(decodeResult: success, version: HTTP/1.1)
POST /session/b0515aa39615df30d7050dde7d350fca/window/maximize HTTP/1.1
User-Agent: selenium/4.1.2 (java windows)
Content-Length: 3
Content-Type: application/json; charset=utf-8
host: localhost:58317
accept: */*

Response DefaultHttpResponse(decodeResult: success, version: HTTP/1.1)
HTTP/1.1 200 OK
Content-Type: application/json; charset=utf-8
cache-control: no-cache
content-length: 51

10:17:05.289 [AsyncHttpClient-1-2] DEBUG org.asynchttpclient.netty.channel.ChannelManager - Adding key: http://localhost:58317 for channel [id: 0x1f673f30, L:/127.0.0.1:60475 - R:localhost/127.0.0.1:58317]
10:17:05.968 [main] DEBUG net.thucydides.core.reflection.ClassFinder - Could not load class .starter.cucumberTestSuite
10:17:05.968 [main] DEBUG net.thucydides.core.reflection.ClassFinder - Could not load class .starter.pages.HomePage
10:17:05.968 [main] DEBUG net.thucydides.core.reflection.ClassFinder - Could not load class .starter.pages.LoginPage
10:17:05.968 [main] DEBUG net.thucydides.core.reflection.ClassFinder - Could not load class .starter.stepdefinitions.LoginStepDefinitions
10:17:05.968 [main] DEBUG net.thucydides.core.reflection.ClassFinder - Could not load class META-INF.versions.9.com.sun.istack.logging.StackHelper
10:17:05.968 [main] DEBUG net.thucydides.core.reflection.ClassFinder - Could not load class META-INF.versions.9.com.sun.xml.bind.v2.runtime.reflect.opt.AccessorInjector
10:17:05.968 [main] DEBUG net.thucydides.core.reflection.ClassFinder - Could not load class META-INF.versions.9.com.sun.xml.bind.v2.runtime.reflect.opt.Injector
10:17:05.968 [main] DEBUG net.thucydides.core.reflection.ClassFinder - Could not load class META-INF.versions.9.com.sun.xml.bind.v2.runtime.reflect.opt.OptimizedAccessorFactory
10:17:05.968 [main] DEBUG net.thucydides.core.reflection.ClassFinder - Could not load class META-INF.versions.9.com.sun.xml.bind.v2.runtime.reflect.opt.OptimizedTransducedAccessorFactory
10:17:05.968 [main] DEBUG net.thucydides.core.reflection.ClassFinder - Could not load class META-INF.versions.9.io.opentelemetry.sdk.internal.CurrentJavaVersionSpecific
10:17:05.968 [main] DEBUG net.thucydides.core.reflection.ClassFinder - Could not load class META-INF.versions.9.io.opentelemetry.sdk.internal.Java9VersionSpecific
10:17:05.968 [main] DEBUG net.thucydides.core.reflection.ClassFinder - Could not load class META-INF.versions.9.javax.xml.bind.ModuleUtil
10:17:05.968 [main] DEBUG net.thucydides.core.reflection.ClassFinder - Could not load class META-INF.versions.9.module-info
10:17:05.968 [main] DEBUG net.thucydides.core.reflection.ClassFinder - Could not load class META-INF.versions.9.org.junit.platform.commons.util.ModuleUtils
10:17:05.968 [main] DEBUG net.thucydides.core.reflection.ClassFinder - Could not load class com.google.gson.internal.
10:17:05.968 [main] DEBUG net.thucydides.core.reflection.ClassFinder - Could not load class com.sun.xml.bind.v2.runtime.output.FastInfosetStreamWriterOutput
10:17:05.984 [main] DEBUG net.thucydides.core.reflection.ClassFinder - Could not load class module-info
10:17:06.003 [Forwarding get on session b0515aa39615df30d7050dde7d350fca to remote] DEBUG org.asynchttpclient.netty.request.NettyRequestSender - Using pooled Channel '[id: 0x1f673f30, L:/127.0.0.1:60475 - R:localhost/127.0.0.1:58317]' for 'POST' to 'http://localhost:58317/session/b0515aa39615df30d7050dde7d350fca/url'
10:17:06.003 [Forwarding get on session b0515aa39615df30d7050dde7d350fca to remote] DEBUG org.asynchttpclient.netty.request.NettyRequestSender - Using open Channel [id: 0x1f673f30, L:/127.0.0.1:60475 - R:localhost/127.0.0.1:58317] for POST '/session/b0515aa39615df30d7050dde7d350fca/url'
10:17:06.310 [AsyncHttpClient-1-1] DEBUG org.asynchttpclient.netty.channel.DefaultChannelPool - Entry count for : http://localhost:60477 : 1
10:17:07.406 [AsyncHttpClient-1-1] DEBUG org.asynchttpclient.netty.channel.DefaultChannelPool - Entry count for : http://localhost:60477 : 1
10:17:08.507 [AsyncHttpClient-1-1] DEBUG org.asynchttpclient.netty.channel.DefaultChannelPool - Entry count for : http://localhost:60477 : 1
10:17:09.614 [AsyncHttpClient-1-1] DEBUG org.asynchttpclient.netty.channel.DefaultChannelPool - Entry count for : http://localhost:60477 : 1
10:17:10.711 [AsyncHttpClient-1-1] DEBUG org.asynchttpclient.netty.channel.DefaultChannelPool - Entry count for : http://localhost:60477 : 1
10:17:11.807 [AsyncHttpClient-1-1] DEBUG org.asynchttpclient.netty.channel.DefaultChannelPool - Entry count for : http://localhost:60477 : 1
10:17:11.904 [AsyncHttpClient-1-2] DEBUG org.asynchttpclient.netty.handler.HttpHandler - 

Request DefaultHttpRequest(decodeResult: success, version: HTTP/1.1)
POST /session/b0515aa39615df30d7050dde7d350fca/url HTTP/1.1
User-Agent: selenium/4.1.2 (java windows)
Content-Length: 58
Content-Type: application/json; charset=utf-8
host: localhost:58317
accept: */*

Response DefaultHttpResponse(decodeResult: success, version: HTTP/1.1)
HTTP/1.1 200 OK
Content-Type: application/json; charset=utf-8
cache-control: no-cache
content-length: 14

10:17:11.904 [AsyncHttpClient-1-2] DEBUG org.asynchttpclient.netty.channel.ChannelManager - Adding key: http://localhost:58317 for channel [id: 0x1f673f30, L:/127.0.0.1:60475 - R:localhost/127.0.0.1:58317]
10:17:11.908 [Forwarding setTimeout on session b0515aa39615df30d7050dde7d350fca to remote] DEBUG org.asynchttpclient.netty.request.NettyRequestSender - Using pooled Channel '[id: 0x1f673f30, L:/127.0.0.1:60475 - R:localhost/127.0.0.1:58317]' for 'POST' to 'http://localhost:58317/session/b0515aa39615df30d7050dde7d350fca/timeouts'
10:17:11.908 [Forwarding setTimeout on session b0515aa39615df30d7050dde7d350fca to remote] DEBUG org.asynchttpclient.netty.request.NettyRequestSender - Using open Channel [id: 0x1f673f30, L:/127.0.0.1:60475 - R:localhost/127.0.0.1:58317] for POST '/session/b0515aa39615df30d7050dde7d350fca/timeouts'
10:17:11.910 [AsyncHttpClient-1-2] DEBUG org.asynchttpclient.netty.handler.HttpHandler - 

Request DefaultHttpRequest(decodeResult: success, version: HTTP/1.1)
POST /session/b0515aa39615df30d7050dde7d350fca/timeouts HTTP/1.1
User-Agent: selenium/4.1.2 (java windows)
Content-Length: 22
Content-Type: application/json; charset=utf-8
host: localhost:58317
accept: */*

Response DefaultHttpResponse(decodeResult: success, version: HTTP/1.1)
HTTP/1.1 200 OK
Content-Type: application/json; charset=utf-8
cache-control: no-cache
content-length: 14

10:17:11.911 [AsyncHttpClient-1-2] DEBUG org.asynchttpclient.netty.channel.ChannelManager - Adding key: http://localhost:58317 for channel [id: 0x1f673f30, L:/127.0.0.1:60475 - R:localhost/127.0.0.1:58317]
10:17:11.918 [Forwarding getCurrentUrl on session b0515aa39615df30d7050dde7d350fca to remote] DEBUG org.asynchttpclient.netty.request.NettyRequestSender - Using pooled Channel '[id: 0x1f673f30, L:/127.0.0.1:60475 - R:localhost/127.0.0.1:58317]' for 'GET' to 'http://localhost:58317/session/b0515aa39615df30d7050dde7d350fca/url'
10:17:11.918 [Forwarding getCurrentUrl on session b0515aa39615df30d7050dde7d350fca to remote] DEBUG org.asynchttpclient.netty.request.NettyRequestSender - Using open Channel [id: 0x1f673f30, L:/127.0.0.1:60475 - R:localhost/127.0.0.1:58317] for GET '/session/b0515aa39615df30d7050dde7d350fca/url'
10:17:11.922 [AsyncHttpClient-1-2] DEBUG org.asynchttpclient.netty.handler.HttpHandler - 

Request DefaultFullHttpRequest(decodeResult: success, version: HTTP/1.1, content: EmptyByteBufBE)
GET /session/b0515aa39615df30d7050dde7d350fca/url HTTP/1.1
User-Agent: selenium/4.1.2 (java windows)
Cache-Control: no-cache
Content-Type: application/json; charset=utf-8
host: localhost:58317
accept: */*

Response DefaultHttpResponse(decodeResult: success, version: HTTP/1.1)
HTTP/1.1 200 OK
Content-Type: application/json; charset=utf-8
cache-control: no-cache
content-length: 40

10:17:11.923 [AsyncHttpClient-1-2] DEBUG org.asynchttpclient.netty.channel.ChannelManager - Adding key: http://localhost:58317 for channel [id: 0x1f673f30, L:/127.0.0.1:60475 - R:localhost/127.0.0.1:58317]
10:17:11.944 [main] DEBUG net.serenitybdd.core.photography.Darkroom - Opening darkroom
10:17:11.945 [Darkroom Processing Line] DEBUG net.serenitybdd.core.photography.DarkroomProcessingLine - Darkroom processing line starting up
10:17:11.946 [Forwarding screenshot on session b0515aa39615df30d7050dde7d350fca to remote] DEBUG org.asynchttpclient.netty.request.NettyRequestSender - Using pooled Channel '[id: 0x1f673f30, L:/127.0.0.1:60475 - R:localhost/127.0.0.1:58317]' for 'GET' to 'http://localhost:58317/session/b0515aa39615df30d7050dde7d350fca/screenshot'
10:17:11.946 [Forwarding screenshot on session b0515aa39615df30d7050dde7d350fca to remote] DEBUG org.asynchttpclient.netty.request.NettyRequestSender - Using open Channel [id: 0x1f673f30, L:/127.0.0.1:60475 - R:localhost/127.0.0.1:58317] for GET '/session/b0515aa39615df30d7050dde7d350fca/screenshot'
10:17:12.408 [AsyncHttpClient-1-2] DEBUG org.asynchttpclient.netty.handler.HttpHandler - 

Request DefaultFullHttpRequest(decodeResult: success, version: HTTP/1.1, content: EmptyByteBufBE)
GET /session/b0515aa39615df30d7050dde7d350fca/screenshot HTTP/1.1
User-Agent: selenium/4.1.2 (java windows)
Cache-Control: no-cache
Content-Type: application/json; charset=utf-8
host: localhost:58317
accept: */*

Response DefaultHttpResponse(decodeResult: success, version: HTTP/1.1)
HTTP/1.1 200 OK
Content-Type: application/json; charset=utf-8
cache-control: no-cache
content-length: 1333828

10:17:12.424 [AsyncHttpClient-1-2] DEBUG org.asynchttpclient.netty.channel.ChannelManager - Adding key: http://localhost:58317 for channel [id: 0x1f673f30, L:/127.0.0.1:60475 - R:localhost/127.0.0.1:58317]
10:17:12.599 [main] DEBUG net.serenitybdd.core.photography.Darkroom - Send negative for processing for target\site\serenity\c892c8ca808d9d9b94891a40056d5a2eac63be830dad9e7c379588e85d813b39.png
10:17:12.600 [Darkroom Processing Line] DEBUG net.serenitybdd.core.photography.DarkroomProcessingLine - Processing screenshot image in /var/screenshots/screenshot-2520383607420331816
10:17:12.600 [Darkroom Processing Line] DEBUG net.serenitybdd.core.photography.DarkroomProcessingLine - Saving screenshot to target\site\serenity\c892c8ca808d9d9b94891a40056d5a2eac63be830dad9e7c379588e85d813b39.png
10:17:12.614 [main] DEBUG net.thucydides.core.steps.StepInterceptor - STEP DONE: openUrl
10:17:12.625 [main] DEBUG net.thucydides.core.steps.StepInterceptor - STARTING STEP: LoginStepDefinitions.iAmOnLoginPage - validateAccountIsApp
10:17:12.631 [Forwarding findElement on session b0515aa39615df30d7050dde7d350fca to remote] DEBUG org.asynchttpclient.netty.request.NettyRequestSender - Using pooled Channel '[id: 0x1f673f30, L:/127.0.0.1:60475 - R:localhost/127.0.0.1:58317]' for 'POST' to 'http://localhost:58317/session/b0515aa39615df30d7050dde7d350fca/element'
10:17:12.631 [Forwarding findElement on session b0515aa39615df30d7050dde7d350fca to remote] DEBUG org.asynchttpclient.netty.request.NettyRequestSender - Using open Channel [id: 0x1f673f30, L:/127.0.0.1:60475 - R:localhost/127.0.0.1:58317] for POST '/session/b0515aa39615df30d7050dde7d350fca/element'
10:17:12.634 [AsyncHttpClient-1-2] DEBUG org.asynchttpclient.netty.handler.HttpHandler - 

Request DefaultHttpRequest(decodeResult: success, version: HTTP/1.1)
POST /session/b0515aa39615df30d7050dde7d350fca/element HTTP/1.1
User-Agent: selenium/4.1.2 (java windows)
Content-Length: 46
Content-Type: application/json; charset=utf-8
host: localhost:58317
accept: */*

Response DefaultHttpResponse(decodeResult: success, version: HTTP/1.1)
HTTP/1.1 400 Bad Request
Content-Type: application/json; charset=utf-8
cache-control: no-cache
content-length: 958

10:17:12.634 [AsyncHttpClient-1-2] DEBUG org.asynchttpclient.netty.channel.ChannelManager - Adding key: http://localhost:58317 for channel [id: 0x1f673f30, L:/127.0.0.1:60475 - R:localhost/127.0.0.1:58317]
10:17:12.650 [Forwarding findElement on session b0515aa39615df30d7050dde7d350fca to remote] DEBUG org.asynchttpclient.netty.request.NettyRequestSender - Using pooled Channel '[id: 0x1f673f30, L:/127.0.0.1:60475 - R:localhost/127.0.0.1:58317]' for 'POST' to 'http://localhost:58317/session/b0515aa39615df30d7050dde7d350fca/element'
10:17:12.650 [Forwarding findElement on session b0515aa39615df30d7050dde7d350fca to remote] DEBUG org.asynchttpclient.netty.request.NettyRequestSender - Using open Channel [id: 0x1f673f30, L:/127.0.0.1:60475 - R:localhost/127.0.0.1:58317] for POST '/session/b0515aa39615df30d7050dde7d350fca/element'
10:17:12.669 [AsyncHttpClient-1-2] DEBUG org.asynchttpclient.netty.handler.HttpHandler - 

Request DefaultHttpRequest(decodeResult: success, version: HTTP/1.1)
POST /session/b0515aa39615df30d7050dde7d350fca/element HTTP/1.1
User-Agent: selenium/4.1.2 (java windows)
Content-Length: 56
Content-Type: application/json; charset=utf-8
host: localhost:58317
accept: */*

Response DefaultHttpResponse(decodeResult: success, version: HTTP/1.1)
HTTP/1.1 200 OK
Content-Type: application/json; charset=utf-8
cache-control: no-cache
content-length: 88

10:17:12.669 [AsyncHttpClient-1-2] DEBUG org.asynchttpclient.netty.channel.ChannelManager - Adding key: http://localhost:58317 for channel [id: 0x1f673f30, L:/127.0.0.1:60475 - R:localhost/127.0.0.1:58317]
10:17:12.683 [Forwarding isElementDisplayed on session b0515aa39615df30d7050dde7d350fca to remote] DEBUG org.asynchttpclient.netty.request.NettyRequestSender - Using pooled Channel '[id: 0x1f673f30, L:/127.0.0.1:60475 - R:localhost/127.0.0.1:58317]' for 'POST' to 'http://localhost:58317/session/b0515aa39615df30d7050dde7d350fca/execute/sync'
10:17:12.684 [Forwarding isElementDisplayed on session b0515aa39615df30d7050dde7d350fca to remote] DEBUG org.asynchttpclient.netty.request.NettyRequestSender - Using open Channel [id: 0x1f673f30, L:/127.0.0.1:60475 - R:localhost/127.0.0.1:58317] for POST '/session/b0515aa39615df30d7050dde7d350fca/execute/sync'
10:17:12.702 [AsyncHttpClient-1-2] DEBUG org.asynchttpclient.netty.handler.HttpHandler - 

Request DefaultHttpRequest(decodeResult: success, version: HTTP/1.1)
POST /session/b0515aa39615df30d7050dde7d350fca/execute/sync HTTP/1.1
User-Agent: selenium/4.1.2 (java windows)
Content-Length: 48780
Content-Type: application/json; charset=utf-8
host: localhost:58317
accept: */*

Response DefaultHttpResponse(decodeResult: success, version: HTTP/1.1)
HTTP/1.1 200 OK
Content-Type: application/json; charset=utf-8
cache-control: no-cache
content-length: 14

10:17:12.703 [AsyncHttpClient-1-2] DEBUG org.asynchttpclient.netty.channel.ChannelManager - Adding key: http://localhost:58317 for channel [id: 0x1f673f30, L:/127.0.0.1:60475 - R:localhost/127.0.0.1:58317]
10:17:12.711 [Forwarding screenshot on session b0515aa39615df30d7050dde7d350fca to remote] DEBUG org.asynchttpclient.netty.request.NettyRequestSender - Using pooled Channel '[id: 0x1f673f30, L:/127.0.0.1:60475 - R:localhost/127.0.0.1:58317]' for 'GET' to 'http://localhost:58317/session/b0515aa39615df30d7050dde7d350fca/screenshot'
10:17:12.712 [Forwarding screenshot on session b0515aa39615df30d7050dde7d350fca to remote] DEBUG org.asynchttpclient.netty.request.NettyRequestSender - Using open Channel [id: 0x1f673f30, L:/127.0.0.1:60475 - R:localhost/127.0.0.1:58317] for GET '/session/b0515aa39615df30d7050dde7d350fca/screenshot'
10:17:12.917 [AsyncHttpClient-1-1] DEBUG org.asynchttpclient.netty.channel.DefaultChannelPool - Entry count for : http://localhost:60477 : 1
10:17:13.245 [AsyncHttpClient-1-2] DEBUG org.asynchttpclient.netty.handler.HttpHandler - 

Request DefaultFullHttpRequest(decodeResult: success, version: HTTP/1.1, content: EmptyByteBufBE)
GET /session/b0515aa39615df30d7050dde7d350fca/screenshot HTTP/1.1
User-Agent: selenium/4.1.2 (java windows)
Cache-Control: no-cache
Content-Type: application/json; charset=utf-8
host: localhost:58317
accept: */*

Response DefaultHttpResponse(decodeResult: success, version: HTTP/1.1)
HTTP/1.1 200 OK
Content-Type: application/json; charset=utf-8
cache-control: no-cache
content-length: 1332556

10:17:13.256 [AsyncHttpClient-1-2] DEBUG org.asynchttpclient.netty.channel.ChannelManager - Adding key: http://localhost:58317 for channel [id: 0x1f673f30, L:/127.0.0.1:60475 - R:localhost/127.0.0.1:58317]
10:17:13.294 [main] DEBUG net.serenitybdd.core.photography.Darkroom - Send negative for processing for target\site\serenity\dadfa5a16debad035d2a5c0e6052934c8f215580ba3b053e4f9d2f908ad21187.png
10:17:13.298 [main] DEBUG net.thucydides.core.steps.StepInterceptor - STEP DONE: validateAccountIsApp
10:17:13.298 [Darkroom Processing Line] DEBUG net.serenitybdd.core.photography.DarkroomProcessingLine - Processing screenshot image in /var/screenshots/screenshot-13822913792570506759
10:17:13.298 [Darkroom Processing Line] DEBUG net.serenitybdd.core.photography.DarkroomProcessingLine - Saving screenshot to target\site\serenity\dadfa5a16debad035d2a5c0e6052934c8f215580ba3b053e4f9d2f908ad21187.png
10:17:13.307 [main] DEBUG net.thucydides.core.steps.StepInterceptor - STARTING STEP: LoginStepDefinitions.iAmOnLoginPage - clickIconAccount
10:17:13.321 [Forwarding findElement on session b0515aa39615df30d7050dde7d350fca to remote] DEBUG org.asynchttpclient.netty.request.NettyRequestSender - Using pooled Channel '[id: 0x1f673f30, L:/127.0.0.1:60475 - R:localhost/127.0.0.1:58317]' for 'POST' to 'http://localhost:58317/session/b0515aa39615df30d7050dde7d350fca/element'
10:17:13.321 [Forwarding findElement on session b0515aa39615df30d7050dde7d350fca to remote] DEBUG org.asynchttpclient.netty.request.NettyRequestSender - Using open Channel [id: 0x1f673f30, L:/127.0.0.1:60475 - R:localhost/127.0.0.1:58317] for POST '/session/b0515aa39615df30d7050dde7d350fca/element'
10:17:13.330 [AsyncHttpClient-1-2] DEBUG org.asynchttpclient.netty.handler.HttpHandler - 

Request DefaultHttpRequest(decodeResult: success, version: HTTP/1.1)
POST /session/b0515aa39615df30d7050dde7d350fca/element HTTP/1.1
User-Agent: selenium/4.1.2 (java windows)
Content-Length: 56
Content-Type: application/json; charset=utf-8
host: localhost:58317
accept: */*

Response DefaultHttpResponse(decodeResult: success, version: HTTP/1.1)
HTTP/1.1 200 OK
Content-Type: application/json; charset=utf-8
cache-control: no-cache
content-length: 88

10:17:13.330 [AsyncHttpClient-1-2] DEBUG org.asynchttpclient.netty.channel.ChannelManager - Adding key: http://localhost:58317 for channel [id: 0x1f673f30, L:/127.0.0.1:60475 - R:localhost/127.0.0.1:58317]
10:17:13.333 [Forwarding getElementTagName on session b0515aa39615df30d7050dde7d350fca to remote] DEBUG org.asynchttpclient.netty.request.NettyRequestSender - Using pooled Channel '[id: 0x1f673f30, L:/127.0.0.1:60475 - R:localhost/127.0.0.1:58317]' for 'GET' to 'http://localhost:58317/session/b0515aa39615df30d7050dde7d350fca/element/5cfc29e3-d404-487b-8b18-d394ed88f466/name'
10:17:13.334 [Forwarding getElementTagName on session b0515aa39615df30d7050dde7d350fca to remote] DEBUG org.asynchttpclient.netty.request.NettyRequestSender - Using open Channel [id: 0x1f673f30, L:/127.0.0.1:60475 - R:localhost/127.0.0.1:58317] for GET '/session/b0515aa39615df30d7050dde7d350fca/element/5cfc29e3-d404-487b-8b18-d394ed88f466/name'
10:17:13.339 [AsyncHttpClient-1-2] DEBUG org.asynchttpclient.netty.handler.HttpHandler - 

Request DefaultFullHttpRequest(decodeResult: success, version: HTTP/1.1, content: EmptyByteBufBE)
GET /session/b0515aa39615df30d7050dde7d350fca/element/5cfc29e3-d404-487b-8b18-d394ed88f466/name HTTP/1.1
User-Agent: selenium/4.1.2 (java windows)
Cache-Control: no-cache
Content-Type: application/json; charset=utf-8
host: localhost:58317
accept: */*

Response DefaultHttpResponse(decodeResult: success, version: HTTP/1.1)
HTTP/1.1 200 OK
Content-Type: application/json; charset=utf-8
cache-control: no-cache
content-length: 13

10:17:13.339 [AsyncHttpClient-1-2] DEBUG org.asynchttpclient.netty.channel.ChannelManager - Adding key: http://localhost:58317 for channel [id: 0x1f673f30, L:/127.0.0.1:60475 - R:localhost/127.0.0.1:58317]
10:17:13.344 [Forwarding getElementTagName on session b0515aa39615df30d7050dde7d350fca to remote] DEBUG org.asynchttpclient.netty.request.NettyRequestSender - Using pooled Channel '[id: 0x1f673f30, L:/127.0.0.1:60475 - R:localhost/127.0.0.1:58317]' for 'GET' to 'http://localhost:58317/session/b0515aa39615df30d7050dde7d350fca/element/5cfc29e3-d404-487b-8b18-d394ed88f466/name'
10:17:13.345 [Forwarding getElementTagName on session b0515aa39615df30d7050dde7d350fca to remote] DEBUG org.asynchttpclient.netty.request.NettyRequestSender - Using open Channel [id: 0x1f673f30, L:/127.0.0.1:60475 - R:localhost/127.0.0.1:58317] for GET '/session/b0515aa39615df30d7050dde7d350fca/element/5cfc29e3-d404-487b-8b18-d394ed88f466/name'
10:17:13.349 [AsyncHttpClient-1-2] DEBUG org.asynchttpclient.netty.handler.HttpHandler - 

Request DefaultFullHttpRequest(decodeResult: success, version: HTTP/1.1, content: EmptyByteBufBE)
GET /session/b0515aa39615df30d7050dde7d350fca/element/5cfc29e3-d404-487b-8b18-d394ed88f466/name HTTP/1.1
User-Agent: selenium/4.1.2 (java windows)
Cache-Control: no-cache
Content-Type: application/json; charset=utf-8
host: localhost:58317
accept: */*

Response DefaultHttpResponse(decodeResult: success, version: HTTP/1.1)
HTTP/1.1 200 OK
Content-Type: application/json; charset=utf-8
cache-control: no-cache
content-length: 13

10:17:13.350 [AsyncHttpClient-1-2] DEBUG org.asynchttpclient.netty.channel.ChannelManager - Adding key: http://localhost:58317 for channel [id: 0x1f673f30, L:/127.0.0.1:60475 - R:localhost/127.0.0.1:58317]
10:17:13.354 [Forwarding findElement on session b0515aa39615df30d7050dde7d350fca to remote] DEBUG org.asynchttpclient.netty.request.NettyRequestSender - Using pooled Channel '[id: 0x1f673f30, L:/127.0.0.1:60475 - R:localhost/127.0.0.1:58317]' for 'POST' to 'http://localhost:58317/session/b0515aa39615df30d7050dde7d350fca/element'
10:17:13.354 [Forwarding findElement on session b0515aa39615df30d7050dde7d350fca to remote] DEBUG org.asynchttpclient.netty.request.NettyRequestSender - Using open Channel [id: 0x1f673f30, L:/127.0.0.1:60475 - R:localhost/127.0.0.1:58317] for POST '/session/b0515aa39615df30d7050dde7d350fca/element'
10:17:13.362 [AsyncHttpClient-1-2] DEBUG org.asynchttpclient.netty.handler.HttpHandler - 

Request DefaultHttpRequest(decodeResult: success, version: HTTP/1.1)
POST /session/b0515aa39615df30d7050dde7d350fca/element HTTP/1.1
User-Agent: selenium/4.1.2 (java windows)
Content-Length: 56
Content-Type: application/json; charset=utf-8
host: localhost:58317
accept: */*

Response DefaultHttpResponse(decodeResult: success, version: HTTP/1.1)
HTTP/1.1 200 OK
Content-Type: application/json; charset=utf-8
cache-control: no-cache
content-length: 88

10:17:13.362 [AsyncHttpClient-1-2] DEBUG org.asynchttpclient.netty.channel.ChannelManager - Adding key: http://localhost:58317 for channel [id: 0x1f673f30, L:/127.0.0.1:60475 - R:localhost/127.0.0.1:58317]
10:17:13.365 [Forwarding clickElement on session b0515aa39615df30d7050dde7d350fca to remote] DEBUG org.asynchttpclient.netty.request.NettyRequestSender - Using pooled Channel '[id: 0x1f673f30, L:/127.0.0.1:60475 - R:localhost/127.0.0.1:58317]' for 'POST' to 'http://localhost:58317/session/b0515aa39615df30d7050dde7d350fca/element/5cfc29e3-d404-487b-8b18-d394ed88f466/click'
10:17:13.366 [Forwarding clickElement on session b0515aa39615df30d7050dde7d350fca to remote] DEBUG org.asynchttpclient.netty.request.NettyRequestSender - Using open Channel [id: 0x1f673f30, L:/127.0.0.1:60475 - R:localhost/127.0.0.1:58317] for POST '/session/b0515aa39615df30d7050dde7d350fca/element/5cfc29e3-d404-487b-8b18-d394ed88f466/click'
10:17:13.615 [AsyncHttpClient-1-2] DEBUG org.asynchttpclient.netty.handler.HttpHandler - 

Request DefaultHttpRequest(decodeResult: success, version: HTTP/1.1)
POST /session/b0515aa39615df30d7050dde7d350fca/element/5cfc29e3-d404-487b-8b18-d394ed88f466/click HTTP/1.1
User-Agent: selenium/4.1.2 (java windows)
Content-Length: 50
Content-Type: application/json; charset=utf-8
host: localhost:58317
accept: */*

Response DefaultHttpResponse(decodeResult: success, version: HTTP/1.1)
HTTP/1.1 200 OK
Content-Type: application/json; charset=utf-8
cache-control: no-cache
content-length: 14

10:17:13.615 [AsyncHttpClient-1-2] DEBUG org.asynchttpclient.netty.channel.ChannelManager - Adding key: http://localhost:58317 for channel [id: 0x1f673f30, L:/127.0.0.1:60475 - R:localhost/127.0.0.1:58317]
10:17:13.628 [Forwarding screenshot on session b0515aa39615df30d7050dde7d350fca to remote] DEBUG org.asynchttpclient.netty.request.NettyRequestSender - Using pooled Channel '[id: 0x1f673f30, L:/127.0.0.1:60475 - R:localhost/127.0.0.1:58317]' for 'GET' to 'http://localhost:58317/session/b0515aa39615df30d7050dde7d350fca/screenshot'
10:17:13.628 [Forwarding screenshot on session b0515aa39615df30d7050dde7d350fca to remote] DEBUG org.asynchttpclient.netty.request.NettyRequestSender - Using open Channel [id: 0x1f673f30, L:/127.0.0.1:60475 - R:localhost/127.0.0.1:58317] for GET '/session/b0515aa39615df30d7050dde7d350fca/screenshot'
10:17:14.005 [AsyncHttpClient-1-1] DEBUG org.asynchttpclient.netty.channel.DefaultChannelPool - Entry count for : http://localhost:60477 : 1
10:17:14.267 [AsyncHttpClient-1-2] DEBUG org.asynchttpclient.netty.handler.HttpHandler - 

Request DefaultFullHttpRequest(decodeResult: success, version: HTTP/1.1, content: EmptyByteBufBE)
GET /session/b0515aa39615df30d7050dde7d350fca/screenshot HTTP/1.1
User-Agent: selenium/4.1.2 (java windows)
Cache-Control: no-cache
Content-Type: application/json; charset=utf-8
host: localhost:58317
accept: */*

Response DefaultHttpResponse(decodeResult: success, version: HTTP/1.1)
HTTP/1.1 200 OK
Content-Type: application/json; charset=utf-8
cache-control: no-cache
content-length: 880936

10:17:14.274 [AsyncHttpClient-1-2] DEBUG org.asynchttpclient.netty.channel.ChannelManager - Adding key: http://localhost:58317 for channel [id: 0x1f673f30, L:/127.0.0.1:60475 - R:localhost/127.0.0.1:58317]
10:17:14.340 [main] DEBUG net.serenitybdd.core.photography.Darkroom - Send negative for processing for target\site\serenity\9216d6c952c2ee5dbc169d53029b61b8c31ba0d22f9407b9ecfc4107ff8168f8.png
10:17:14.341 [main] DEBUG net.thucydides.core.steps.StepInterceptor - STEP DONE: clickIconAccount
10:17:14.341 [Darkroom Processing Line] DEBUG net.serenitybdd.core.photography.DarkroomProcessingLine - Processing screenshot image in /var/screenshots/screenshot-11589713775525660112
10:17:14.341 [Darkroom Processing Line] DEBUG net.serenitybdd.core.photography.DarkroomProcessingLine - Saving screenshot to target\site\serenity\9216d6c952c2ee5dbc169d53029b61b8c31ba0d22f9407b9ecfc4107ff8168f8.png
10:17:14.352 [main] DEBUG net.thucydides.core.steps.StepInterceptor - STARTING STEP: LoginStepDefinitions.iAmOnLoginPage - validateLoginFormIsApp
10:17:14.355 [Forwarding findElement on session b0515aa39615df30d7050dde7d350fca to remote] DEBUG org.asynchttpclient.netty.request.NettyRequestSender - Using pooled Channel '[id: 0x1f673f30, L:/127.0.0.1:60475 - R:localhost/127.0.0.1:58317]' for 'POST' to 'http://localhost:58317/session/b0515aa39615df30d7050dde7d350fca/element'
10:17:14.355 [Forwarding findElement on session b0515aa39615df30d7050dde7d350fca to remote] DEBUG org.asynchttpclient.netty.request.NettyRequestSender - Using open Channel [id: 0x1f673f30, L:/127.0.0.1:60475 - R:localhost/127.0.0.1:58317] for POST '/session/b0515aa39615df30d7050dde7d350fca/element'
10:17:14.372 [AsyncHttpClient-1-2] DEBUG org.asynchttpclient.netty.handler.HttpHandler - 

Request DefaultHttpRequest(decodeResult: success, version: HTTP/1.1)
POST /session/b0515aa39615df30d7050dde7d350fca/element HTTP/1.1
User-Agent: selenium/4.1.2 (java windows)
Content-Length: 103
Content-Type: application/json; charset=utf-8
host: localhost:58317
accept: */*

Response DefaultHttpResponse(decodeResult: success, version: HTTP/1.1)
HTTP/1.1 200 OK
Content-Type: application/json; charset=utf-8
cache-control: no-cache
content-length: 88

10:17:14.372 [AsyncHttpClient-1-2] DEBUG org.asynchttpclient.netty.channel.ChannelManager - Adding key: http://localhost:58317 for channel [id: 0x1f673f30, L:/127.0.0.1:60475 - R:localhost/127.0.0.1:58317]
10:17:14.381 [Forwarding isElementDisplayed on session b0515aa39615df30d7050dde7d350fca to remote] DEBUG org.asynchttpclient.netty.request.NettyRequestSender - Using pooled Channel '[id: 0x1f673f30, L:/127.0.0.1:60475 - R:localhost/127.0.0.1:58317]' for 'POST' to 'http://localhost:58317/session/b0515aa39615df30d7050dde7d350fca/execute/sync'
10:17:14.381 [Forwarding isElementDisplayed on session b0515aa39615df30d7050dde7d350fca to remote] DEBUG org.asynchttpclient.netty.request.NettyRequestSender - Using open Channel [id: 0x1f673f30, L:/127.0.0.1:60475 - R:localhost/127.0.0.1:58317] for POST '/session/b0515aa39615df30d7050dde7d350fca/execute/sync'
10:17:14.400 [AsyncHttpClient-1-2] DEBUG org.asynchttpclient.netty.handler.HttpHandler - 

Request DefaultHttpRequest(decodeResult: success, version: HTTP/1.1)
POST /session/b0515aa39615df30d7050dde7d350fca/execute/sync HTTP/1.1
User-Agent: selenium/4.1.2 (java windows)
Content-Length: 48780
Content-Type: application/json; charset=utf-8
host: localhost:58317
accept: */*

Response DefaultHttpResponse(decodeResult: success, version: HTTP/1.1)
HTTP/1.1 200 OK
Content-Type: application/json; charset=utf-8
cache-control: no-cache
content-length: 14

10:17:14.400 [AsyncHttpClient-1-2] DEBUG org.asynchttpclient.netty.channel.ChannelManager - Adding key: http://localhost:58317 for channel [id: 0x1f673f30, L:/127.0.0.1:60475 - R:localhost/127.0.0.1:58317]
10:17:14.406 [Forwarding screenshot on session b0515aa39615df30d7050dde7d350fca to remote] DEBUG org.asynchttpclient.netty.request.NettyRequestSender - Using pooled Channel '[id: 0x1f673f30, L:/127.0.0.1:60475 - R:localhost/127.0.0.1:58317]' for 'GET' to 'http://localhost:58317/session/b0515aa39615df30d7050dde7d350fca/screenshot'
10:17:14.407 [Forwarding screenshot on session b0515aa39615df30d7050dde7d350fca to remote] DEBUG org.asynchttpclient.netty.request.NettyRequestSender - Using open Channel [id: 0x1f673f30, L:/127.0.0.1:60475 - R:localhost/127.0.0.1:58317] for GET '/session/b0515aa39615df30d7050dde7d350fca/screenshot'
10:17:14.727 [AsyncHttpClient-1-2] DEBUG org.asynchttpclient.netty.handler.HttpHandler - 

Request DefaultFullHttpRequest(decodeResult: success, version: HTTP/1.1, content: EmptyByteBufBE)
GET /session/b0515aa39615df30d7050dde7d350fca/screenshot HTTP/1.1
User-Agent: selenium/4.1.2 (java windows)
Cache-Control: no-cache
Content-Type: application/json; charset=utf-8
host: localhost:58317
accept: */*

Response DefaultHttpResponse(decodeResult: success, version: HTTP/1.1)
HTTP/1.1 200 OK
Content-Type: application/json; charset=utf-8
cache-control: no-cache
content-length: 511908

10:17:14.732 [AsyncHttpClient-1-2] DEBUG org.asynchttpclient.netty.channel.ChannelManager - Adding key: http://localhost:58317 for channel [id: 0x1f673f30, L:/127.0.0.1:60475 - R:localhost/127.0.0.1:58317]
10:17:14.750 [main] DEBUG net.serenitybdd.core.photography.Darkroom - Send negative for processing for target\site\serenity\aba4c1d7d1d8973621ee9431231b2e62e1f98aac0993cbb2720a7b53389ff7c5.png
10:17:14.751 [main] DEBUG net.thucydides.core.steps.StepInterceptor - STEP DONE: validateLoginFormIsApp
10:17:14.751 [Darkroom Processing Line] DEBUG net.serenitybdd.core.photography.DarkroomProcessingLine - Processing screenshot image in /var/screenshots/screenshot-3297648573040984845
10:17:14.751 [Darkroom Processing Line] DEBUG net.serenitybdd.core.photography.DarkroomProcessingLine - Saving screenshot to target\site\serenity\aba4c1d7d1d8973621ee9431231b2e62e1f98aac0993cbb2720a7b53389ff7c5.png
  &amp#27;[32mGiven &amp#27;[0m&amp#27;[32mi am on login page&amp#27;[0m                         &amp#27;[90m# starter.stepdefinitions.LoginStepDefinitions.iAmOnLoginPage()&amp#27;[0m
10:17:14.781 [main] DEBUG net.thucydides.core.steps.StepInterceptor - STARTING STEP: LoginStepDefinitions.iInputUsername - inputUsername
10:17:14.785 [Forwarding findElement on session b0515aa39615df30d7050dde7d350fca to remote] DEBUG org.asynchttpclient.netty.request.NettyRequestSender - Using pooled Channel '[id: 0x1f673f30, L:/127.0.0.1:60475 - R:localhost/127.0.0.1:58317]' for 'POST' to 'http://localhost:58317/session/b0515aa39615df30d7050dde7d350fca/element'
10:17:14.785 [Forwarding findElement on session b0515aa39615df30d7050dde7d350fca to remote] DEBUG org.asynchttpclient.netty.request.NettyRequestSender - Using open Channel [id: 0x1f673f30, L:/127.0.0.1:60475 - R:localhost/127.0.0.1:58317] for POST '/session/b0515aa39615df30d7050dde7d350fca/element'
10:17:14.799 [AsyncHttpClient-1-2] DEBUG org.asynchttpclient.netty.handler.HttpHandler - 

Request DefaultHttpRequest(decodeResult: success, version: HTTP/1.1)
POST /session/b0515aa39615df30d7050dde7d350fca/element HTTP/1.1
User-Agent: selenium/4.1.2 (java windows)
Content-Length: 53
Content-Type: application/json; charset=utf-8
host: localhost:58317
accept: */*

Response DefaultHttpResponse(decodeResult: success, version: HTTP/1.1)
HTTP/1.1 200 OK
Content-Type: application/json; charset=utf-8
cache-control: no-cache
content-length: 88

10:17:14.799 [AsyncHttpClient-1-2] DEBUG org.asynchttpclient.netty.channel.ChannelManager - Adding key: http://localhost:58317 for channel [id: 0x1f673f30, L:/127.0.0.1:60475 - R:localhost/127.0.0.1:58317]
10:17:14.802 [Forwarding clearElement on session b0515aa39615df30d7050dde7d350fca to remote] DEBUG org.asynchttpclient.netty.request.NettyRequestSender - Using pooled Channel '[id: 0x1f673f30, L:/127.0.0.1:60475 - R:localhost/127.0.0.1:58317]' for 'POST' to 'http://localhost:58317/session/b0515aa39615df30d7050dde7d350fca/element/cd8fd997-0dab-4694-a3d1-3e958e3d2627/clear'
10:17:14.802 [Forwarding clearElement on session b0515aa39615df30d7050dde7d350fca to remote] DEBUG org.asynchttpclient.netty.request.NettyRequestSender - Using open Channel [id: 0x1f673f30, L:/127.0.0.1:60475 - R:localhost/127.0.0.1:58317] for POST '/session/b0515aa39615df30d7050dde7d350fca/element/cd8fd997-0dab-4694-a3d1-3e958e3d2627/clear'
10:17:14.837 [AsyncHttpClient-1-2] DEBUG org.asynchttpclient.netty.handler.HttpHandler - 

Request DefaultHttpRequest(decodeResult: success, version: HTTP/1.1)
POST /session/b0515aa39615df30d7050dde7d350fca/element/cd8fd997-0dab-4694-a3d1-3e958e3d2627/clear HTTP/1.1
User-Agent: selenium/4.1.2 (java windows)
Content-Length: 50
Content-Type: application/json; charset=utf-8
host: localhost:58317
accept: */*

Response DefaultHttpResponse(decodeResult: success, version: HTTP/1.1)
HTTP/1.1 200 OK
Content-Type: application/json; charset=utf-8
cache-control: no-cache
content-length: 14

10:17:14.837 [AsyncHttpClient-1-2] DEBUG org.asynchttpclient.netty.channel.ChannelManager - Adding key: http://localhost:58317 for channel [id: 0x1f673f30, L:/127.0.0.1:60475 - R:localhost/127.0.0.1:58317]
10:17:14.840 [Forwarding sendKeysToElement on session b0515aa39615df30d7050dde7d350fca to remote] DEBUG org.asynchttpclient.netty.request.NettyRequestSender - Using pooled Channel '[id: 0x1f673f30, L:/127.0.0.1:60475 - R:localhost/127.0.0.1:58317]' for 'POST' to 'http://localhost:58317/session/b0515aa39615df30d7050dde7d350fca/element/cd8fd997-0dab-4694-a3d1-3e958e3d2627/value'
10:17:14.840 [Forwarding sendKeysToElement on session b0515aa39615df30d7050dde7d350fca to remote] DEBUG org.asynchttpclient.netty.request.NettyRequestSender - Using open Channel [id: 0x1f673f30, L:/127.0.0.1:60475 - R:localhost/127.0.0.1:58317] for POST '/session/b0515aa39615df30d7050dde7d350fca/element/cd8fd997-0dab-4694-a3d1-3e958e3d2627/value'
10:17:14.997 [AsyncHttpClient-1-2] DEBUG org.asynchttpclient.netty.handler.HttpHandler - 

Request DefaultHttpRequest(decodeResult: success, version: HTTP/1.1)
POST /session/b0515aa39615df30d7050dde7d350fca/element/cd8fd997-0dab-4694-a3d1-3e958e3d2627/value HTTP/1.1
User-Agent: selenium/4.1.2 (java windows)
Content-Length: 321
Content-Type: application/json; charset=utf-8
host: localhost:58317
accept: */*

Response DefaultHttpResponse(decodeResult: success, version: HTTP/1.1)
HTTP/1.1 200 OK
Content-Type: application/json; charset=utf-8
cache-control: no-cache
content-length: 14

10:17:14.997 [AsyncHttpClient-1-2] DEBUG org.asynchttpclient.netty.channel.ChannelManager - Adding key: http://localhost:58317 for channel [id: 0x1f673f30, L:/127.0.0.1:60475 - R:localhost/127.0.0.1:58317]
10:17:15.004 [Forwarding screenshot on session b0515aa39615df30d7050dde7d350fca to remote] DEBUG org.asynchttpclient.netty.request.NettyRequestSender - Using pooled Channel '[id: 0x1f673f30, L:/127.0.0.1:60475 - R:localhost/127.0.0.1:58317]' for 'GET' to 'http://localhost:58317/session/b0515aa39615df30d7050dde7d350fca/screenshot'
10:17:15.005 [Forwarding screenshot on session b0515aa39615df30d7050dde7d350fca to remote] DEBUG org.asynchttpclient.netty.request.NettyRequestSender - Using open Channel [id: 0x1f673f30, L:/127.0.0.1:60475 - R:localhost/127.0.0.1:58317] for GET '/session/b0515aa39615df30d7050dde7d350fca/screenshot'
10:17:15.105 [AsyncHttpClient-1-1] DEBUG org.asynchttpclient.netty.channel.DefaultChannelPool - Entry count for : http://localhost:60477 : 1
10:17:15.226 [AsyncHttpClient-1-2] DEBUG org.asynchttpclient.netty.handler.HttpHandler - 

Request DefaultFullHttpRequest(decodeResult: success, version: HTTP/1.1, content: EmptyByteBufBE)
GET /session/b0515aa39615df30d7050dde7d350fca/screenshot HTTP/1.1
User-Agent: selenium/4.1.2 (java windows)
Cache-Control: no-cache
Content-Type: application/json; charset=utf-8
host: localhost:58317
accept: */*

Response DefaultHttpResponse(decodeResult: success, version: HTTP/1.1)
HTTP/1.1 200 OK
Content-Type: application/json; charset=utf-8
cache-control: no-cache
content-length: 442244

10:17:15.228 [AsyncHttpClient-1-2] DEBUG org.asynchttpclient.netty.channel.ChannelManager - Adding key: http://localhost:58317 for channel [id: 0x1f673f30, L:/127.0.0.1:60475 - R:localhost/127.0.0.1:58317]
10:17:15.238 [main] DEBUG net.serenitybdd.core.photography.Darkroom - Send negative for processing for target\site\serenity\a8fc70a2a22c450831c6d522fc87aad5a3a4b08e57ff93d8eab23126e6fbbadb.png
10:17:15.238 [main] DEBUG net.thucydides.core.steps.StepInterceptor - STEP DONE: inputUsername
  &amp#27;[32mWhen &amp#27;[0m&amp#27;[32mi input &amp#27;[0m&amp#27;[32m&amp#27;[1m"dummyforta2022@gmail.com"&amp#27;[0m&amp#27;[32m username&amp#27;[0m &amp#27;[90m# starter.stepdefinitions.LoginStepDefinitions.iInputUsername(java.lang.String)&amp#27;[0m
10:17:15.238 [Darkroom Processing Line] DEBUG net.serenitybdd.core.photography.DarkroomProcessingLine - Processing screenshot image in /var/screenshots/screenshot-16536185879857836596
10:17:15.238 [Darkroom Processing Line] DEBUG net.serenitybdd.core.photography.DarkroomProcessingLine - Saving screenshot to target\site\serenity\a8fc70a2a22c450831c6d522fc87aad5a3a4b08e57ff93d8eab23126e6fbbadb.png
10:17:15.253 [main] DEBUG net.thucydides.core.steps.StepInterceptor - STARTING STEP: LoginStepDefinitions.iInputPassword - inputPassword
10:17:15.258 [Forwarding findElement on session b0515aa39615df30d7050dde7d350fca to remote] DEBUG org.asynchttpclient.netty.request.NettyRequestSender - Using pooled Channel '[id: 0x1f673f30, L:/127.0.0.1:60475 - R:localhost/127.0.0.1:58317]' for 'POST' to 'http://localhost:58317/session/b0515aa39615df30d7050dde7d350fca/element'
10:17:15.258 [Forwarding findElement on session b0515aa39615df30d7050dde7d350fca to remote] DEBUG org.asynchttpclient.netty.request.NettyRequestSender - Using open Channel [id: 0x1f673f30, L:/127.0.0.1:60475 - R:localhost/127.0.0.1:58317] for POST '/session/b0515aa39615df30d7050dde7d350fca/element'
10:17:15.268 [AsyncHttpClient-1-2] DEBUG org.asynchttpclient.netty.handler.HttpHandler - 

Request DefaultHttpRequest(decodeResult: success, version: HTTP/1.1)
POST /session/b0515aa39615df30d7050dde7d350fca/element HTTP/1.1
User-Agent: selenium/4.1.2 (java windows)
Content-Length: 53
Content-Type: application/json; charset=utf-8
host: localhost:58317
accept: */*

Response DefaultHttpResponse(decodeResult: success, version: HTTP/1.1)
HTTP/1.1 200 OK
Content-Type: application/json; charset=utf-8
cache-control: no-cache
content-length: 88

10:17:15.268 [AsyncHttpClient-1-2] DEBUG org.asynchttpclient.netty.channel.ChannelManager - Adding key: http://localhost:58317 for channel [id: 0x1f673f30, L:/127.0.0.1:60475 - R:localhost/127.0.0.1:58317]
10:17:15.271 [Forwarding clearElement on session b0515aa39615df30d7050dde7d350fca to remote] DEBUG org.asynchttpclient.netty.request.NettyRequestSender - Using pooled Channel '[id: 0x1f673f30, L:/127.0.0.1:60475 - R:localhost/127.0.0.1:58317]' for 'POST' to 'http://localhost:58317/session/b0515aa39615df30d7050dde7d350fca/element/161cf598-e123-4341-9823-70f7f057bbf1/clear'
10:17:15.271 [Forwarding clearElement on session b0515aa39615df30d7050dde7d350fca to remote] DEBUG org.asynchttpclient.netty.request.NettyRequestSender - Using open Channel [id: 0x1f673f30, L:/127.0.0.1:60475 - R:localhost/127.0.0.1:58317] for POST '/session/b0515aa39615df30d7050dde7d350fca/element/161cf598-e123-4341-9823-70f7f057bbf1/clear'
10:17:15.311 [AsyncHttpClient-1-2] DEBUG org.asynchttpclient.netty.handler.HttpHandler - 

Request DefaultHttpRequest(decodeResult: success, version: HTTP/1.1)
POST /session/b0515aa39615df30d7050dde7d350fca/element/161cf598-e123-4341-9823-70f7f057bbf1/clear HTTP/1.1
User-Agent: selenium/4.1.2 (java windows)
Content-Length: 50
Content-Type: application/json; charset=utf-8
host: localhost:58317
accept: */*

Response DefaultHttpResponse(decodeResult: success, version: HTTP/1.1)
HTTP/1.1 200 OK
Content-Type: application/json; charset=utf-8
cache-control: no-cache
content-length: 14

10:17:15.311 [AsyncHttpClient-1-2] DEBUG org.asynchttpclient.netty.channel.ChannelManager - Adding key: http://localhost:58317 for channel [id: 0x1f673f30, L:/127.0.0.1:60475 - R:localhost/127.0.0.1:58317]
10:17:15.316 [Forwarding sendKeysToElement on session b0515aa39615df30d7050dde7d350fca to remote] DEBUG org.asynchttpclient.netty.request.NettyRequestSender - Using pooled Channel '[id: 0x1f673f30, L:/127.0.0.1:60475 - R:localhost/127.0.0.1:58317]' for 'POST' to 'http://localhost:58317/session/b0515aa39615df30d7050dde7d350fca/element/161cf598-e123-4341-9823-70f7f057bbf1/value'
10:17:15.316 [Forwarding sendKeysToElement on session b0515aa39615df30d7050dde7d350fca to remote] DEBUG org.asynchttpclient.netty.request.NettyRequestSender - Using open Channel [id: 0x1f673f30, L:/127.0.0.1:60475 - R:localhost/127.0.0.1:58317] for POST '/session/b0515aa39615df30d7050dde7d350fca/element/161cf598-e123-4341-9823-70f7f057bbf1/value'
10:17:15.385 [AsyncHttpClient-1-2] DEBUG org.asynchttpclient.netty.handler.HttpHandler - 

Request DefaultHttpRequest(decodeResult: success, version: HTTP/1.1)
POST /session/b0515aa39615df30d7050dde7d350fca/element/161cf598-e123-4341-9823-70f7f057bbf1/value HTTP/1.1
User-Agent: selenium/4.1.2 (java windows)
Content-Length: 211
Content-Type: application/json; charset=utf-8
host: localhost:58317
accept: */*

Response DefaultHttpResponse(decodeResult: success, version: HTTP/1.1)
HTTP/1.1 200 OK
Content-Type: application/json; charset=utf-8
cache-control: no-cache
content-length: 14

10:17:15.386 [AsyncHttpClient-1-2] DEBUG org.asynchttpclient.netty.channel.ChannelManager - Adding key: http://localhost:58317 for channel [id: 0x1f673f30, L:/127.0.0.1:60475 - R:localhost/127.0.0.1:58317]
10:17:15.394 [Forwarding screenshot on session b0515aa39615df30d7050dde7d350fca to remote] DEBUG org.asynchttpclient.netty.request.NettyRequestSender - Using pooled Channel '[id: 0x1f673f30, L:/127.0.0.1:60475 - R:localhost/127.0.0.1:58317]' for 'GET' to 'http://localhost:58317/session/b0515aa39615df30d7050dde7d350fca/screenshot'
10:17:15.395 [Forwarding screenshot on session b0515aa39615df30d7050dde7d350fca to remote] DEBUG org.asynchttpclient.netty.request.NettyRequestSender - Using open Channel [id: 0x1f673f30, L:/127.0.0.1:60475 - R:localhost/127.0.0.1:58317] for GET '/session/b0515aa39615df30d7050dde7d350fca/screenshot'
10:17:15.624 [AsyncHttpClient-1-2] DEBUG org.asynchttpclient.netty.handler.HttpHandler - 

Request DefaultFullHttpRequest(decodeResult: success, version: HTTP/1.1, content: EmptyByteBufBE)
GET /session/b0515aa39615df30d7050dde7d350fca/screenshot HTTP/1.1
User-Agent: selenium/4.1.2 (java windows)
Cache-Control: no-cache
Content-Type: application/json; charset=utf-8
host: localhost:58317
accept: */*

Response DefaultHttpResponse(decodeResult: success, version: HTTP/1.1)
HTTP/1.1 200 OK
Content-Type: application/json; charset=utf-8
cache-control: no-cache
content-length: 442876

10:17:15.627 [AsyncHttpClient-1-2] DEBUG org.asynchttpclient.netty.channel.ChannelManager - Adding key: http://localhost:58317 for channel [id: 0x1f673f30, L:/127.0.0.1:60475 - R:localhost/127.0.0.1:58317]
10:17:15.637 [main] DEBUG net.serenitybdd.core.photography.Darkroom - Send negative for processing for target\site\serenity\dd692e61bfc751f32533922925f3f27f80388ab915f610a4bac259032f4fbd9b.png
10:17:15.637 [main] DEBUG net.thucydides.core.steps.StepInterceptor - STEP DONE: inputPassword
  &amp#27;[32mAnd &amp#27;[0m&amp#27;[32mi input &amp#27;[0m&amp#27;[32m&amp#27;[1m"realgladz1511"&amp#27;[0m&amp#27;[32m password&amp#27;[0m             &amp#27;[90m# starter.stepdefinitions.LoginStepDefinitions.iInputPassword(java.lang.String)&amp#27;[0m
10:17:15.637 [Darkroom Processing Line] DEBUG net.serenitybdd.core.photography.DarkroomProcessingLine - Processing screenshot image in /var/screenshots/screenshot-14164480058996245308
10:17:15.637 [Darkroom Processing Line] DEBUG net.serenitybdd.core.photography.DarkroomProcessingLine - Saving screenshot to target\site\serenity\dd692e61bfc751f32533922925f3f27f80388ab915f610a4bac259032f4fbd9b.png
10:17:15.652 [main] DEBUG net.thucydides.core.steps.StepInterceptor - STARTING STEP: LoginStepDefinitions.clickLoginButton - clickLoginButton
10:17:15.657 [Forwarding findElement on session b0515aa39615df30d7050dde7d350fca to remote] DEBUG org.asynchttpclient.netty.request.NettyRequestSender - Using pooled Channel '[id: 0x1f673f30, L:/127.0.0.1:60475 - R:localhost/127.0.0.1:58317]' for 'POST' to 'http://localhost:58317/session/b0515aa39615df30d7050dde7d350fca/element'
10:17:15.657 [Forwarding findElement on session b0515aa39615df30d7050dde7d350fca to remote] DEBUG org.asynchttpclient.netty.request.NettyRequestSender - Using open Channel [id: 0x1f673f30, L:/127.0.0.1:60475 - R:localhost/127.0.0.1:58317] for POST '/session/b0515aa39615df30d7050dde7d350fca/element'
10:17:15.669 [AsyncHttpClient-1-2] DEBUG org.asynchttpclient.netty.handler.HttpHandler - 

Request DefaultHttpRequest(decodeResult: success, version: HTTP/1.1)
POST /session/b0515aa39615df30d7050dde7d350fca/element HTTP/1.1
User-Agent: selenium/4.1.2 (java windows)
Content-Length: 59
Content-Type: application/json; charset=utf-8
host: localhost:58317
accept: */*

Response DefaultHttpResponse(decodeResult: success, version: HTTP/1.1)
HTTP/1.1 200 OK
Content-Type: application/json; charset=utf-8
cache-control: no-cache
content-length: 88

10:17:15.669 [AsyncHttpClient-1-2] DEBUG org.asynchttpclient.netty.channel.ChannelManager - Adding key: http://localhost:58317 for channel [id: 0x1f673f30, L:/127.0.0.1:60475 - R:localhost/127.0.0.1:58317]
10:17:15.672 [Forwarding getElementTagName on session b0515aa39615df30d7050dde7d350fca to remote] DEBUG org.asynchttpclient.netty.request.NettyRequestSender - Using pooled Channel '[id: 0x1f673f30, L:/127.0.0.1:60475 - R:localhost/127.0.0.1:58317]' for 'GET' to 'http://localhost:58317/session/b0515aa39615df30d7050dde7d350fca/element/6a513e13-149e-4c9e-894f-4f452bc05f97/name'
10:17:15.672 [Forwarding getElementTagName on session b0515aa39615df30d7050dde7d350fca to remote] DEBUG org.asynchttpclient.netty.request.NettyRequestSender - Using open Channel [id: 0x1f673f30, L:/127.0.0.1:60475 - R:localhost/127.0.0.1:58317] for GET '/session/b0515aa39615df30d7050dde7d350fca/element/6a513e13-149e-4c9e-894f-4f452bc05f97/name'
10:17:15.677 [AsyncHttpClient-1-2] DEBUG org.asynchttpclient.netty.handler.HttpHandler - 

Request DefaultFullHttpRequest(decodeResult: success, version: HTTP/1.1, content: EmptyByteBufBE)
GET /session/b0515aa39615df30d7050dde7d350fca/element/6a513e13-149e-4c9e-894f-4f452bc05f97/name HTTP/1.1
User-Agent: selenium/4.1.2 (java windows)
Cache-Control: no-cache
Content-Type: application/json; charset=utf-8
host: localhost:58317
accept: */*

Response DefaultHttpResponse(decodeResult: success, version: HTTP/1.1)
HTTP/1.1 200 OK
Content-Type: application/json; charset=utf-8
cache-control: no-cache
content-length: 18

10:17:15.677 [AsyncHttpClient-1-2] DEBUG org.asynchttpclient.netty.channel.ChannelManager - Adding key: http://localhost:58317 for channel [id: 0x1f673f30, L:/127.0.0.1:60475 - R:localhost/127.0.0.1:58317]
10:17:15.679 [Forwarding getElementTagName on session b0515aa39615df30d7050dde7d350fca to remote] DEBUG org.asynchttpclient.netty.request.NettyRequestSender - Using pooled Channel '[id: 0x1f673f30, L:/127.0.0.1:60475 - R:localhost/127.0.0.1:58317]' for 'GET' to 'http://localhost:58317/session/b0515aa39615df30d7050dde7d350fca/element/6a513e13-149e-4c9e-894f-4f452bc05f97/name'
10:17:15.679 [Forwarding getElementTagName on session b0515aa39615df30d7050dde7d350fca to remote] DEBUG org.asynchttpclient.netty.request.NettyRequestSender - Using open Channel [id: 0x1f673f30, L:/127.0.0.1:60475 - R:localhost/127.0.0.1:58317] for GET '/session/b0515aa39615df30d7050dde7d350fca/element/6a513e13-149e-4c9e-894f-4f452bc05f97/name'
10:17:15.684 [AsyncHttpClient-1-2] DEBUG org.asynchttpclient.netty.handler.HttpHandler - 

Request DefaultFullHttpRequest(decodeResult: success, version: HTTP/1.1, content: EmptyByteBufBE)
GET /session/b0515aa39615df30d7050dde7d350fca/element/6a513e13-149e-4c9e-894f-4f452bc05f97/name HTTP/1.1
User-Agent: selenium/4.1.2 (java windows)
Cache-Control: no-cache
Content-Type: application/json; charset=utf-8
host: localhost:58317
accept: */*

Response DefaultHttpResponse(decodeResult: success, version: HTTP/1.1)
HTTP/1.1 200 OK
Content-Type: application/json; charset=utf-8
cache-control: no-cache
content-length: 18

10:17:15.684 [AsyncHttpClient-1-2] DEBUG org.asynchttpclient.netty.channel.ChannelManager - Adding key: http://localhost:58317 for channel [id: 0x1f673f30, L:/127.0.0.1:60475 - R:localhost/127.0.0.1:58317]
10:17:15.689 [Forwarding isElementEnabled on session b0515aa39615df30d7050dde7d350fca to remote] DEBUG org.asynchttpclient.netty.request.NettyRequestSender - Using pooled Channel '[id: 0x1f673f30, L:/127.0.0.1:60475 - R:localhost/127.0.0.1:58317]' for 'GET' to 'http://localhost:58317/session/b0515aa39615df30d7050dde7d350fca/element/6a513e13-149e-4c9e-894f-4f452bc05f97/enabled'
10:17:15.689 [Forwarding isElementEnabled on session b0515aa39615df30d7050dde7d350fca to remote] DEBUG org.asynchttpclient.netty.request.NettyRequestSender - Using open Channel [id: 0x1f673f30, L:/127.0.0.1:60475 - R:localhost/127.0.0.1:58317] for GET '/session/b0515aa39615df30d7050dde7d350fca/element/6a513e13-149e-4c9e-894f-4f452bc05f97/enabled'
10:17:15.699 [AsyncHttpClient-1-2] DEBUG org.asynchttpclient.netty.handler.HttpHandler - 

Request DefaultFullHttpRequest(decodeResult: success, version: HTTP/1.1, content: EmptyByteBufBE)
GET /session/b0515aa39615df30d7050dde7d350fca/element/6a513e13-149e-4c9e-894f-4f452bc05f97/enabled HTTP/1.1
User-Agent: selenium/4.1.2 (java windows)
Cache-Control: no-cache
Content-Type: application/json; charset=utf-8
host: localhost:58317
accept: */*

Response DefaultHttpResponse(decodeResult: success, version: HTTP/1.1)
HTTP/1.1 200 OK
Content-Type: application/json; charset=utf-8
cache-control: no-cache
content-length: 14

10:17:15.699 [AsyncHttpClient-1-2] DEBUG org.asynchttpclient.netty.channel.ChannelManager - Adding key: http://localhost:58317 for channel [id: 0x1f673f30, L:/127.0.0.1:60475 - R:localhost/127.0.0.1:58317]
10:17:15.702 [Forwarding isElementEnabled on session b0515aa39615df30d7050dde7d350fca to remote] DEBUG org.asynchttpclient.netty.request.NettyRequestSender - Using pooled Channel '[id: 0x1f673f30, L:/127.0.0.1:60475 - R:localhost/127.0.0.1:58317]' for 'GET' to 'http://localhost:58317/session/b0515aa39615df30d7050dde7d350fca/element/6a513e13-149e-4c9e-894f-4f452bc05f97/enabled'
10:17:15.702 [Forwarding isElementEnabled on session b0515aa39615df30d7050dde7d350fca to remote] DEBUG org.asynchttpclient.netty.request.NettyRequestSender - Using open Channel [id: 0x1f673f30, L:/127.0.0.1:60475 - R:localhost/127.0.0.1:58317] for GET '/session/b0515aa39615df30d7050dde7d350fca/element/6a513e13-149e-4c9e-894f-4f452bc05f97/enabled'
10:17:15.707 [AsyncHttpClient-1-2] DEBUG org.asynchttpclient.netty.handler.HttpHandler - 

Request DefaultFullHttpRequest(decodeResult: success, version: HTTP/1.1, content: EmptyByteBufBE)
GET /session/b0515aa39615df30d7050dde7d350fca/element/6a513e13-149e-4c9e-894f-4f452bc05f97/enabled HTTP/1.1
User-Agent: selenium/4.1.2 (java windows)
Cache-Control: no-cache
Content-Type: application/json; charset=utf-8
host: localhost:58317
accept: */*

Response DefaultHttpResponse(decodeResult: success, version: HTTP/1.1)
HTTP/1.1 200 OK
Content-Type: application/json; charset=utf-8
cache-control: no-cache
content-length: 14

10:17:15.707 [AsyncHttpClient-1-2] DEBUG org.asynchttpclient.netty.channel.ChannelManager - Adding key: http://localhost:58317 for channel [id: 0x1f673f30, L:/127.0.0.1:60475 - R:localhost/127.0.0.1:58317]
10:17:15.712 [Forwarding findElement on session b0515aa39615df30d7050dde7d350fca to remote] DEBUG org.asynchttpclient.netty.request.NettyRequestSender - Using pooled Channel '[id: 0x1f673f30, L:/127.0.0.1:60475 - R:localhost/127.0.0.1:58317]' for 'POST' to 'http://localhost:58317/session/b0515aa39615df30d7050dde7d350fca/element'
10:17:15.712 [Forwarding findElement on session b0515aa39615df30d7050dde7d350fca to remote] DEBUG org.asynchttpclient.netty.request.NettyRequestSender - Using open Channel [id: 0x1f673f30, L:/127.0.0.1:60475 - R:localhost/127.0.0.1:58317] for POST '/session/b0515aa39615df30d7050dde7d350fca/element'
10:17:15.719 [AsyncHttpClient-1-2] DEBUG org.asynchttpclient.netty.handler.HttpHandler - 

Request DefaultHttpRequest(decodeResult: success, version: HTTP/1.1)
POST /session/b0515aa39615df30d7050dde7d350fca/element HTTP/1.1
User-Agent: selenium/4.1.2 (java windows)
Content-Length: 59
Content-Type: application/json; charset=utf-8
host: localhost:58317
accept: */*

Response DefaultHttpResponse(decodeResult: success, version: HTTP/1.1)
HTTP/1.1 200 OK
Content-Type: application/json; charset=utf-8
cache-control: no-cache
content-length: 88

10:17:15.719 [AsyncHttpClient-1-2] DEBUG org.asynchttpclient.netty.channel.ChannelManager - Adding key: http://localhost:58317 for channel [id: 0x1f673f30, L:/127.0.0.1:60475 - R:localhost/127.0.0.1:58317]
10:17:15.724 [Forwarding clickElement on session b0515aa39615df30d7050dde7d350fca to remote] DEBUG org.asynchttpclient.netty.request.NettyRequestSender - Using pooled Channel '[id: 0x1f673f30, L:/127.0.0.1:60475 - R:localhost/127.0.0.1:58317]' for 'POST' to 'http://localhost:58317/session/b0515aa39615df30d7050dde7d350fca/element/6a513e13-149e-4c9e-894f-4f452bc05f97/click'
10:17:15.724 [Forwarding clickElement on session b0515aa39615df30d7050dde7d350fca to remote] DEBUG org.asynchttpclient.netty.request.NettyRequestSender - Using open Channel [id: 0x1f673f30, L:/127.0.0.1:60475 - R:localhost/127.0.0.1:58317] for POST '/session/b0515aa39615df30d7050dde7d350fca/element/6a513e13-149e-4c9e-894f-4f452bc05f97/click'
10:17:16.207 [AsyncHttpClient-1-1] DEBUG org.asynchttpclient.netty.channel.DefaultChannelPool - Entry count for : http://localhost:60477 : 1
10:17:17.306 [AsyncHttpClient-1-1] DEBUG org.asynchttpclient.netty.channel.DefaultChannelPool - Entry count for : http://localhost:60477 : 1
10:17:18.410 [AsyncHttpClient-1-1] DEBUG org.asynchttpclient.netty.channel.DefaultChannelPool - Entry count for : http://localhost:60477 : 1
10:17:19.506 [AsyncHttpClient-1-1] DEBUG org.asynchttpclient.netty.channel.DefaultChannelPool - Entry count for : http://localhost:60477 : 1
10:17:20.606 [AsyncHttpClient-1-1] DEBUG org.asynchttpclient.netty.channel.DefaultChannelPool - Entry count for : http://localhost:60477 : 1
10:17:20.608 [AsyncHttpClient-1-2] DEBUG org.asynchttpclient.netty.handler.HttpHandler - 

Request DefaultHttpRequest(decodeResult: success, version: HTTP/1.1)
POST /session/b0515aa39615df30d7050dde7d350fca/element/6a513e13-149e-4c9e-894f-4f452bc05f97/click HTTP/1.1
User-Agent: selenium/4.1.2 (java windows)
Content-Length: 50
Content-Type: application/json; charset=utf-8
host: localhost:58317
accept: */*

Response DefaultHttpResponse(decodeResult: success, version: HTTP/1.1)
HTTP/1.1 200 OK
Content-Type: application/json; charset=utf-8
cache-control: no-cache
content-length: 14

10:17:20.608 [AsyncHttpClient-1-2] DEBUG org.asynchttpclient.netty.channel.ChannelManager - Adding key: http://localhost:58317 for channel [id: 0x1f673f30, L:/127.0.0.1:60475 - R:localhost/127.0.0.1:58317]
10:17:20.626 [Forwarding screenshot on session b0515aa39615df30d7050dde7d350fca to remote] DEBUG org.asynchttpclient.netty.request.NettyRequestSender - Using pooled Channel '[id: 0x1f673f30, L:/127.0.0.1:60475 - R:localhost/127.0.0.1:58317]' for 'GET' to 'http://localhost:58317/session/b0515aa39615df30d7050dde7d350fca/screenshot'
10:17:20.627 [Forwarding screenshot on session b0515aa39615df30d7050dde7d350fca to remote] DEBUG org.asynchttpclient.netty.request.NettyRequestSender - Using open Channel [id: 0x1f673f30, L:/127.0.0.1:60475 - R:localhost/127.0.0.1:58317] for GET '/session/b0515aa39615df30d7050dde7d350fca/screenshot'
10:17:21.159 [AsyncHttpClient-1-2] DEBUG org.asynchttpclient.netty.handler.HttpHandler - 

Request DefaultFullHttpRequest(decodeResult: success, version: HTTP/1.1, content: EmptyByteBufBE)
GET /session/b0515aa39615df30d7050dde7d350fca/screenshot HTTP/1.1
User-Agent: selenium/4.1.2 (java windows)
Cache-Control: no-cache
Content-Type: application/json; charset=utf-8
host: localhost:58317
accept: */*

Response DefaultHttpResponse(decodeResult: success, version: HTTP/1.1)
HTTP/1.1 200 OK
Content-Type: application/json; charset=utf-8
cache-control: no-cache
content-length: 1333828

10:17:21.159 [AsyncHttpClient-1-2] DEBUG org.asynchttpclient.netty.channel.ChannelManager - Adding key: http://localhost:58317 for channel [id: 0x1f673f30, L:/127.0.0.1:60475 - R:localhost/127.0.0.1:58317]
10:17:21.200 [main] DEBUG net.serenitybdd.core.photography.Darkroom - Send negative for processing for target\site\serenity\bd96a028fc5d4917b2607b4c6e89405172ffd55eea37c359ad0e345a22c24b31.png
10:17:21.201 [main] DEBUG net.thucydides.core.steps.StepInterceptor - STEP DONE: clickLoginButton
10:17:21.201 [Darkroom Processing Line] DEBUG net.serenitybdd.core.photography.DarkroomProcessingLine - Processing screenshot image in /var/screenshots/screenshot-14316935458717616260
10:17:21.201 [Darkroom Processing Line] DEBUG net.serenitybdd.core.photography.DarkroomProcessingLine - Saving screenshot to target\site\serenity\bd96a028fc5d4917b2607b4c6e89405172ffd55eea37c359ad0e345a22c24b31.png
  &amp#27;[32mAnd &amp#27;[0m&amp#27;[32mclick login button&amp#27;[0m                           &amp#27;[90m# starter.stepdefinitions.LoginStepDefinitions.clickLoginButton()&amp#27;[0m
10:17:21.229 [main] DEBUG net.thucydides.core.steps.StepInterceptor - STARTING STEP: LoginStepDefinitions.iGetThe - validateLoginFormIsApp
10:17:21.233 [Forwarding findElement on session b0515aa39615df30d7050dde7d350fca to remote] DEBUG org.asynchttpclient.netty.request.NettyRequestSender - Using pooled Channel '[id: 0x1f673f30, L:/127.0.0.1:60475 - R:localhost/127.0.0.1:58317]' for 'POST' to 'http://localhost:58317/session/b0515aa39615df30d7050dde7d350fca/element'
10:17:21.233 [Forwarding findElement on session b0515aa39615df30d7050dde7d350fca to remote] DEBUG org.asynchttpclient.netty.request.NettyRequestSender - Using open Channel [id: 0x1f673f30, L:/127.0.0.1:60475 - R:localhost/127.0.0.1:58317] for POST '/session/b0515aa39615df30d7050dde7d350fca/element'
10:17:21.705 [AsyncHttpClient-1-1] DEBUG org.asynchttpclient.netty.channel.DefaultChannelPool - Entry count for : http://localhost:60477 : 1
10:17:22.808 [AsyncHttpClient-1-1] DEBUG org.asynchttpclient.netty.channel.DefaultChannelPool - Entry count for : http://localhost:60477 : 1
10:17:23.351 [AsyncHttpClient-1-2] DEBUG org.asynchttpclient.netty.handler.HttpHandler - 

Request DefaultHttpRequest(decodeResult: success, version: HTTP/1.1)
POST /session/b0515aa39615df30d7050dde7d350fca/element HTTP/1.1
User-Agent: selenium/4.1.2 (java windows)
Content-Length: 103
Content-Type: application/json; charset=utf-8
host: localhost:58317
accept: */*

Response DefaultHttpResponse(decodeResult: success, version: HTTP/1.1)
HTTP/1.1 404 Not Found
Content-Type: application/json; charset=utf-8
cache-control: no-cache
content-length: 1048

10:17:23.351 [AsyncHttpClient-1-2] DEBUG org.asynchttpclient.netty.channel.ChannelManager - Adding key: http://localhost:58317 for channel [id: 0x1f673f30, L:/127.0.0.1:60475 - R:localhost/127.0.0.1:58317]
10:17:23.367 [Forwarding screenshot on session b0515aa39615df30d7050dde7d350fca to remote] DEBUG org.asynchttpclient.netty.request.NettyRequestSender - Using pooled Channel '[id: 0x1f673f30, L:/127.0.0.1:60475 - R:localhost/127.0.0.1:58317]' for 'GET' to 'http://localhost:58317/session/b0515aa39615df30d7050dde7d350fca/screenshot'
10:17:23.367 [Forwarding screenshot on session b0515aa39615df30d7050dde7d350fca to remote] DEBUG org.asynchttpclient.netty.request.NettyRequestSender - Using open Channel [id: 0x1f673f30, L:/127.0.0.1:60475 - R:localhost/127.0.0.1:58317] for GET '/session/b0515aa39615df30d7050dde7d350fca/screenshot'
10:17:23.824 [AsyncHttpClient-1-2] DEBUG org.asynchttpclient.netty.handler.HttpHandler - 

Request DefaultFullHttpRequest(decodeResult: success, version: HTTP/1.1, content: EmptyByteBufBE)
GET /session/b0515aa39615df30d7050dde7d350fca/screenshot HTTP/1.1
User-Agent: selenium/4.1.2 (java windows)
Cache-Control: no-cache
Content-Type: application/json; charset=utf-8
host: localhost:58317
accept: */*

Response DefaultHttpResponse(decodeResult: success, version: HTTP/1.1)
HTTP/1.1 200 OK
Content-Type: application/json; charset=utf-8
cache-control: no-cache
content-length: 1333056

10:17:23.840 [AsyncHttpClient-1-2] DEBUG org.asynchttpclient.netty.channel.ChannelManager - Adding key: http://localhost:58317 for channel [id: 0x1f673f30, L:/127.0.0.1:60475 - R:localhost/127.0.0.1:58317]
10:17:23.871 [main] DEBUG net.serenitybdd.core.photography.Darkroom - Send negative for processing for target\site\serenity\c15d5b52dab3047ae549c160a51fbdbe64f49e10e55c85ad1117aa7a8761a047.png
10:17:23.871 [Darkroom Processing Line] DEBUG net.serenitybdd.core.photography.DarkroomProcessingLine - Processing screenshot image in /var/screenshots/screenshot-8513435751647494223
10:17:23.871 [Darkroom Processing Line] DEBUG net.serenitybdd.core.photography.DarkroomProcessingLine - Saving screenshot to target\site\serenity\c15d5b52dab3047ae549c160a51fbdbe64f49e10e55c85ad1117aa7a8761a047.png
10:17:23.871 [Forwarding getPageSource on session b0515aa39615df30d7050dde7d350fca to remote] DEBUG org.asynchttpclient.netty.request.NettyRequestSender - Using pooled Channel '[id: 0x1f673f30, L:/127.0.0.1:60475 - R:localhost/127.0.0.1:58317]' for 'POST' to 'http://localhost:58317/session/b0515aa39615df30d7050dde7d350fca/execute/sync'
10:17:23.871 [Forwarding getPageSource on session b0515aa39615df30d7050dde7d350fca to remote] DEBUG org.asynchttpclient.netty.request.NettyRequestSender - Using open Channel [id: 0x1f673f30, L:/127.0.0.1:60475 - R:localhost/127.0.0.1:58317] for POST '/session/b0515aa39615df30d7050dde7d350fca/execute/sync'
10:17:23.904 [AsyncHttpClient-1-1] DEBUG org.asynchttpclient.netty.channel.DefaultChannelPool - Entry count for : http://localhost:60477 : 1
10:17:23.935 [AsyncHttpClient-1-2] DEBUG org.asynchttpclient.netty.handler.HttpHandler - 

Request DefaultHttpRequest(decodeResult: success, version: HTTP/1.1)
POST /session/b0515aa39615df30d7050dde7d350fca/execute/sync HTTP/1.1
User-Agent: selenium/4.1.2 (java windows)
Content-Length: 176
Content-Type: application/json; charset=utf-8
host: localhost:58317
accept: */*

Response DefaultHttpResponse(decodeResult: success, version: HTTP/1.1)
HTTP/1.1 200 OK
Content-Type: application/json; charset=utf-8
cache-control: no-cache
content-length: 346563

10:17:23.935 [AsyncHttpClient-1-2] DEBUG org.asynchttpclient.netty.channel.ChannelManager - Adding key: http://localhost:58317 for channel [id: 0x1f673f30, L:/127.0.0.1:60475 - R:localhost/127.0.0.1:58317]
10:17:24.230 [Forwarding getCurrentUrl on session b0515aa39615df30d7050dde7d350fca to remote] DEBUG org.asynchttpclient.netty.request.NettyRequestSender - Using pooled Channel '[id: 0x1f673f30, L:/127.0.0.1:60475 - R:localhost/127.0.0.1:58317]' for 'GET' to 'http://localhost:58317/session/b0515aa39615df30d7050dde7d350fca/url'
10:17:24.230 [Forwarding getCurrentUrl on session b0515aa39615df30d7050dde7d350fca to remote] DEBUG org.asynchttpclient.netty.request.NettyRequestSender - Using open Channel [id: 0x1f673f30, L:/127.0.0.1:60475 - R:localhost/127.0.0.1:58317] for GET '/session/b0515aa39615df30d7050dde7d350fca/url'
10:17:24.235 [AsyncHttpClient-1-2] DEBUG org.asynchttpclient.netty.handler.HttpHandler - 

Request DefaultFullHttpRequest(decodeResult: success, version: HTTP/1.1, content: EmptyByteBufBE)
GET /session/b0515aa39615df30d7050dde7d350fca/url HTTP/1.1
User-Agent: selenium/4.1.2 (java windows)
Cache-Control: no-cache
Content-Type: application/json; charset=utf-8
host: localhost:58317
accept: */*

Response DefaultHttpResponse(decodeResult: success, version: HTTP/1.1)
HTTP/1.1 200 OK
Content-Type: application/json; charset=utf-8
cache-control: no-cache
content-length: 40

10:17:24.235 [AsyncHttpClient-1-2] DEBUG org.asynchttpclient.netty.channel.ChannelManager - Adding key: http://localhost:58317 for channel [id: 0x1f673f30, L:/127.0.0.1:60475 - R:localhost/127.0.0.1:58317]
  &amp#27;[31mThen &amp#27;[0m&amp#27;[31mi get the &amp#27;[0m&amp#27;[31m&amp#27;[1m"home page"&amp#27;[0m                       &amp#27;[90m# starter.stepdefinitions.LoginStepDefinitions.iGetThe(java.lang.String)&amp#27;[0m
      &amp#27;[31morg.openqa.selenium.NoSuchElementException: no such element: Unable to locate element: {"method":"xpath","selector":"//*[@id="customer_login"]/div[1]/div/h3"}
  (Session info: chrome=100.0.4896.127)
For documentation on this error, please visit: https://selenium.dev/exceptions/#no_such_element
Build info: version: '4.1.2', revision: '9a5a329c5a'
System info: host: 'DESKTOP-01SKV80', ip: '192.168.100.7', os.name: 'Windows 10', os.arch: 'amd64', os.version: '10.0', java.version: '15.0.2'
Driver info: org.openqa.selenium.chrome.ChromeDriver
Command: [b0515aa39615df30d7050dde7d350fca, findElement {using=xpath, value=//*[@id="customer_login"]/div[1]/div/h3}]
Capabilities {acceptInsecureCerts: false, browserName: chrome, browserVersion: 100.0.4896.127, chrome: {chromedriverVersion: 100.0.4896.60 (6a5d10861ce8..., userDataDir: C:\Users\ASUS\AppData\Local...}, goog:chromeOptions: {debuggerAddress: localhost:60477}, javascriptEnabled: true, networkConnectionEnabled: false, pageLoadStrategy: normal, platform: WINDOWS, platformName: WINDOWS, proxy: Proxy(), se:cdp: ws://localhost:60477/devtoo..., se:cdpVersion: 100.0.4896.127, setWindowRect: true, strictFileInteractability: false, timeouts: {implicit: 0, pageLoad: 300000, script: 30000}, unhandledPromptBehavior: dismiss and notify, webauthn:extension:credBlob: true, webauthn:extension:largeBlob: true, webauthn:virtualAuthenticators: true}
Session ID: b0515aa39615df30d7050dde7d350fca
	at java.base/jdk.internal.reflect.NativeConstructorAccessorImpl.newInstance0(Native Method)
	at java.base/jdk.internal.reflect.NativeConstructorAccessorImpl.newInstance(NativeConstructorAccessorImpl.java:64)
	at java.base/jdk.internal.reflect.DelegatingConstructorAccessorImpl.newInstance(DelegatingConstructorAccessorImpl.java:45)
	at java.base/java.lang.reflect.Constructor.newInstanceWithCaller(Constructor.java:500)
	at java.base/java.lang.reflect.Constructor.newInstance(Constructor.java:481)
	at org.openqa.selenium.remote.codec.w3c.W3CHttpResponseCodec.createException(W3CHttpResponseCodec.java:200)
	at org.openqa.selenium.remote.codec.w3c.W3CHttpResponseCodec.decode(W3CHttpResponseCodec.java:133)
	at org.openqa.selenium.remote.codec.w3c.W3CHttpResponseCodec.decode(W3CHttpResponseCodec.java:53)
	at org.openqa.selenium.remote.HttpCommandExecutor.execute(HttpCommandExecutor.java:184)
	at org.openqa.selenium.remote.service.DriverCommandExecutor.invokeExecute(DriverCommandExecutor.java:167)
	at org.openqa.selenium.remote.service.DriverCommandExecutor.execute(DriverCommandExecutor.java:142)
	at org.openqa.selenium.remote.RemoteWebDriver.execute(RemoteWebDriver.java:558)
	at org.openqa.selenium.remote.ElementLocation$ElementFinder$2.findElement(ElementLocation.java:162)
	at org.openqa.selenium.remote.ElementLocation.findElement(ElementLocation.java:60)
	at org.openqa.selenium.remote.RemoteWebDriver.findElement(RemoteWebDriver.java:382)
	at org.openqa.selenium.remote.RemoteWebDriver.findElement(RemoteWebDriver.java:374)
	at net.thucydides.core.webdriver.WebDriverFacade.findElement(WebDriverFacade.java:224)
	at net.serenitybdd.core.pages.WebElementResolverByLocator.resolveForDriver(WebElementResolverByLocator.java:25)
	at net.serenitybdd.core.pages.WebElementFacadeImpl.getResolvedElement(WebElementFacadeImpl.java:191)
	at net.serenitybdd.core.pages.WebElementFacadeImpl.getElement(WebElementFacadeImpl.java:186)
	at net.serenitybdd.core.pages.WebElementFacadeImpl.isDisplayed(WebElementFacadeImpl.java:1289)
	at Dot.TechnicalTest@1.0-SNAPSHOT/starter.pages.LoginPage.validateLoginFormIsApp(LoginPage.java:54)
	at Dot.TechnicalTest@1.0-SNAPSHOT/starter.pages.LoginPage$ByteBuddy$x22Ojmwa.validateLoginFormIsApp$accessor$uJihAC0P(Unknown Source)
	at java.base/jdk.internal.reflect.NativeMethodAccessorImpl.invoke0(Native Method)
	at java.base/jdk.internal.reflect.NativeMethodAccessorImpl.invoke(NativeMethodAccessorImpl.java:64)
	at java.base/jdk.internal.reflect.DelegatingMethodAccessorImpl.invoke(DelegatingMethodAccessorImpl.java:43)
	at java.base/java.lang.reflect.Method.invoke(Method.java:564)
	at net.thucydides.core.steps.StepInterceptor.invokeMethod(StepInterceptor.java:503)
	at net.thucydides.core.steps.StepInterceptor.executeTestStepMethod(StepInterceptor.java:483)
	at net.thucydides.core.steps.StepInterceptor.runTestStep(StepInterceptor.java:457)
	at net.thucydides.core.steps.StepInterceptor.runOrSkipMethod(StepInterceptor.java:209)
	at net.thucydides.core.steps.StepInterceptor.testStepResult(StepInterceptor.java:196)
	at net.thucydides.core.steps.StepInterceptor.intercept(StepInterceptor.java:84)
	at net.thucydides.core.steps.ProxyConfiguration$InterceptorDispatcher.intercept(ProxyConfiguration.java:51)
	at Dot.TechnicalTest@1.0-SNAPSHOT/starter.pages.LoginPage$ByteBuddy$x22Ojmwa.validateLoginFormIsApp(Unknown Source)
	at Dot.TechnicalTest@1.0-SNAPSHOT/starter.stepdefinitions.LoginStepDefinitions.iGetThe(LoginStepDefinitions.java:54)
	at âœ½.i get the "home page"(file:///D:/PERKULIAHAN/Semester%206,Hebatt%20glad!/Dot-TechnicalTest/src/test/resources/features/login.feature:23)
&amp#27;[0m
10:17:24.382 [Driver Command Executor] DEBUG org.asynchttpclient.netty.request.NettyRequestSender - Using pooled Channel '[id: 0x1f673f30, L:/127.0.0.1:60475 - R:localhost/127.0.0.1:58317]' for 'DELETE' to 'http://localhost:58317/session/b0515aa39615df30d7050dde7d350fca'
10:17:24.382 [Driver Command Executor] DEBUG org.asynchttpclient.netty.request.NettyRequestSender - Using open Channel [id: 0x1f673f30, L:/127.0.0.1:60475 - R:localhost/127.0.0.1:58317] for DELETE '/session/b0515aa39615df30d7050dde7d350fca'
10:17:24.382 [AsyncHttpClient-1-4] DEBUG org.asynchttpclient.netty.handler.WebSocketHandler - Channel Closed: [id: 0x900204c0, L:/127.0.0.1:60485 ! R:localhost/127.0.0.1:60477] with attribute NettyResponseFuture{currentRetry=5,
	isDone=1,
	isCancelled=0,
	asyncHandler=org.asynchttpclient.ws.WebSocketUpgradeHandler@1d7bb02b,
	nettyRequest=org.asynchttpclient.netty.request.NettyRequest@473261bf,
	future=java.util.concurrent.CompletableFuture@2a94ada8[Completed normally],
	uri=ws://localhost:60477/devtools/browser/c66958fd-13fa-4b30-b605-a43f4bd0070d,
	keepAlive=true,
	redirectCount=0,
	timeoutsHolder=null,
	inAuth=0,
	touch=1650943025136}
10:17:24.382 [AsyncHttpClient-1-4] DEBUG org.asynchttpclient.netty.channel.ChannelManager - Closing Channel [id: 0x900204c0, L:/127.0.0.1:60485 ! R:localhost/127.0.0.1:60477] 
10:17:24.698 [AsyncHttpClient-1-3] DEBUG org.asynchttpclient.netty.handler.HttpHandler - Unexpected I/O exception on channel [id: 0x40953964, L:/127.0.0.1:60484 - R:localhost/127.0.0.1:60477]
java.net.SocketException: Connection reset
	at java.base/sun.nio.ch.SocketChannelImpl.throwConnectionReset(SocketChannelImpl.java:367)
	at java.base/sun.nio.ch.SocketChannelImpl.read(SocketChannelImpl.java:398)
	at io.netty.buffer.PooledByteBuf.setBytes(PooledByteBuf.java:258)
	at io.netty.buffer.AbstractByteBuf.writeBytes(AbstractByteBuf.java:1132)
	at io.netty.channel.socket.nio.NioSocketChannel.doReadBytes(NioSocketChannel.java:350)
	at io.netty.channel.nio.AbstractNioByteChannel$NioByteUnsafe.read(AbstractNioByteChannel.java:151)
	at io.netty.channel.nio.NioEventLoop.processSelectedKey(NioEventLoop.java:722)
	at io.netty.channel.nio.NioEventLoop.processSelectedKeysOptimized(NioEventLoop.java:658)
	at io.netty.channel.nio.NioEventLoop.processSelectedKeys(NioEventLoop.java:584)
	at io.netty.channel.nio.NioEventLoop.run(NioEventLoop.java:496)
	at io.netty.util.concurrent.SingleThreadEventExecutor$4.run(SingleThreadEventExecutor.java:986)
	at io.netty.util.internal.ThreadExecutorMap$2.run(ThreadExecutorMap.java:74)
	at io.netty.util.concurrent.FastThreadLocalRunnable.run(FastThreadLocalRunnable.java:30)
	at java.base/java.lang.Thread.run(Thread.java:832)
10:17:24.698 [AsyncHttpClient-1-3] DEBUG org.asynchttpclient.netty.channel.ChannelManager - Closing Channel [id: 0x40953964, L:/127.0.0.1:60484 - R:localhost/127.0.0.1:60477] 
10:17:24.698 [AsyncHttpClient-1-3] DEBUG org.asynchttpclient.netty.handler.HttpHandler - Channel Closed: [id: 0x40953964, L:/127.0.0.1:60484 ! R:localhost/127.0.0.1:60477] with attribute DISCARD
10:17:24.714 [AsyncHttpClient-1-2] DEBUG org.asynchttpclient.netty.handler.HttpHandler - 

Request DefaultFullHttpRequest(decodeResult: success, version: HTTP/1.1, content: EmptyByteBufBE)
DELETE /session/b0515aa39615df30d7050dde7d350fca HTTP/1.1
User-Agent: selenium/4.1.2 (java windows)
Content-Type: application/json; charset=utf-8
host: localhost:58317
accept: */*

Response DefaultHttpResponse(decodeResult: success, version: HTTP/1.1)
HTTP/1.1 200 OK
Content-Type: application/json; charset=utf-8
cache-control: no-cache
content-length: 14

10:17:24.714 [AsyncHttpClient-1-2] DEBUG org.asynchttpclient.netty.channel.ChannelManager - Adding key: http://localhost:58317 for channel [id: 0x1f673f30, L:/127.0.0.1:60475 - R:localhost/127.0.0.1:58317]
10:17:24.886 [AsyncHttpClient-1-2] DEBUG org.asynchttpclient.netty.handler.HttpHandler - Channel Closed: [id: 0x1f673f30, L:/127.0.0.1:60475 ! R:localhost/127.0.0.1:58317] with attribute DISCARD
10:17:25.006 [AsyncHttpClient-1-1] DEBUG org.asynchttpclient.netty.channel.DefaultChannelPool - Entry count for : http://localhost:58317 : 1
10:17:25.006 [AsyncHttpClient-1-1] DEBUG org.asynchttpclient.netty.channel.DefaultChannelPool - Entry count for : http://localhost:60477 : 1
10:17:25.006 [AsyncHttpClient-1-1] DEBUG org.asynchttpclient.netty.channel.DefaultChannelPool - Adding Candidate expired Channel [id: 0x1f673f30, L:/127.0.0.1:60475 ! R:localhost/127.0.0.1:58317] isIdleTimeoutExpired=false isRemotelyClosed=true isTtlExpired=false
10:17:25.006 [AsyncHttpClient-1-1] DEBUG org.asynchttpclient.netty.channel.DefaultChannelPool - Closing Idle Channel [id: 0x1f673f30, L:/127.0.0.1:60475 ! R:localhost/127.0.0.1:58317]
10:17:25.006 [AsyncHttpClient-1-1] DEBUG org.asynchttpclient.netty.channel.DefaultChannelPool - Adding Candidate expired Channel [id: 0x40953964, L:/127.0.0.1:60484 ! R:localhost/127.0.0.1:60477] isIdleTimeoutExpired=false isRemotelyClosed=true isTtlExpired=false
10:17:25.006 [AsyncHttpClient-1-1] DEBUG org.asynchttpclient.netty.channel.DefaultChannelPool - Closing Idle Channel [id: 0x40953964, L:/127.0.0.1:60484 ! R:localhost/127.0.0.1:60477]
10:17:25.006 [AsyncHttpClient-1-1] DEBUG org.asynchttpclient.netty.channel.DefaultChannelPool - Closed 2 connections out of 2 in 0 ms
10:17:25.405 [main] ERROR  - 
  _____   ___   ___   _____     ___   ___   ___    ___    ___ 
 |_   _| | __| / __| |_   _|   | __| | _ \ | _ \  / _ \  | _ \
   | |   | _|  \__ \   | |     | _|  |   / |   / | (_) | |   /
   |_|   |___| |___/   |_|     |___| |_|_\ |_|_\  \___/  |_|_\

Login scenario
---------------------------------------------------------------
10:17:25.405 [main] DEBUG  - RELATED ISSUES: 
10:17:25.405 [main] ERROR  -     Test failed at step: Validate login form is app
10:17:25.405 [main] ERROR  -     no such element: Unable to locate element: {"method":"xpath","selector":"//*[@id="customer_login"]/div[1]/div/h3"}
]]></system-out>
    <system-err><![CDATA[Starting ChromeDriver 100.0.4896.60 (6a5d10861ce8de5fce22564658033b43cb7de047-refs/branch-heads/4896@{#875}) on port 58317
Only local connections are allowed.
Please see https://chromedriver.chromium.org/security-considerations for suggestions on keeping ChromeDriver safe.
ChromeDriver was started successfully.
Apr 26, 2022 10:17:04 AM org.openqa.selenium.remote.ProtocolHandshake createSession
INFO: Detected dialect: W3C
Apr 26, 2022 10:17:05 AM org.openqa.selenium.devtools.CdpVersionFinder findNearestMatch
WARNING: Unable to find an exact match for CDP version 100, so returning the closest version found: 97
Apr 26, 2022 10:17:05 AM org.openqa.selenium.devtools.CdpVersionFinder findNearestMatch
INFO: Found CDP implementation for version 100 of 97
]]></system-err>
  </testcase>
  <testcase name="Login scenario #2" classname="Login" time="17.031">
    <system-out><![CDATA[
@DDT
Scenario Outline: Login scenario                   &amp#27;[90m# src/test/resources/features/login.feature:27&amp#27;[0m
10:17:25.420 [main] INFO io.cucumber.core.plugin.SerenityReporter - Running feature from file:///D:/PERKULIAHAN/Semester%206,Hebatt%20glad!/Dot-TechnicalTest/src/test/resources/features/login.feature
10:17:25.468 [main] DEBUG net.thucydides.core.steps.StepInterceptor - STARTING STEP: LoginStepDefinitions.iAmOnLoginPage - openUrl
10:17:25.468 [main] INFO net.serenitybdd.core.webdriver.driverproviders.ChromeDriverProvider - Using automatically driver download
10:17:25.593 [main] DEBUG io.github.bonigarcia.wdm.cache.ResolutionCache - Resolution chrome=100 in cache (valid until 11:02:02 26/04/2022 WIB)
10:17:25.593 [main] DEBUG io.github.bonigarcia.wdm.cache.ResolutionCache - Resolution chrome100=100.0.4896.60 in cache (valid until 19:36:13 26/04/2022 WIB)
10:17:25.593 [main] INFO io.github.bonigarcia.wdm.WebDriverManager - Using chromedriver 100.0.4896.60 (resolved driver for Chrome 100)
10:17:25.624 [main] DEBUG io.github.bonigarcia.wdm.WebDriverManager - Driver chromedriver 100.0.4896.60 found in cache
10:17:25.624 [main] INFO io.github.bonigarcia.wdm.WebDriverManager - Exporting webdriver.chrome.driver as C:\Users\ASUS\.cache\selenium\chromedriver\win32\100.0.4896.60\chromedriver.exe
10:17:25.736 [main] DEBUG net.serenitybdd.core.webdriver.driverproviders.ProvideNewDriver - Instantiating driver
10:17:25.736 [main] DEBUG net.serenitybdd.core.webdriver.driverproviders.ProvideNewDriver - Driver capabilities: Capabilities {acceptInsecureCerts: false, base.url: https://www.psegameshop.com/, browserName: chrome, chrome.driver: src/test/resources/webdrive..., driver: chrome, goog:chromeOptions: {args: [], extensions: []}}
10:17:26.268 [AsyncHttpClient-1-5] DEBUG org.asynchttpclient.netty.channel.NettyConnectListener - Using new Channel '[id: 0xa60790e5, L:/127.0.0.1:60536 - R:localhost/127.0.0.1:62928]' for 'POST' to '/session'
10:17:27.072 [AsyncHttpClient-1-5] DEBUG org.asynchttpclient.netty.handler.HttpHandler - 

Request DefaultHttpRequest(decodeResult: success, version: HTTP/1.1)
POST /session HTTP/1.1
User-Agent: selenium/4.1.2 (java windows)
Content-Length: 614
Content-Type: application/json; charset=utf-8
host: localhost:62928
accept: */*

Response DefaultHttpResponse(decodeResult: success, version: HTTP/1.1)
HTTP/1.1 200 OK
Content-Type: application/json; charset=utf-8
cache-control: no-cache
content-length: 789

10:17:27.072 [AsyncHttpClient-1-5] DEBUG org.asynchttpclient.netty.channel.ChannelManager - Adding key: http://localhost:62928 for channel [id: 0xa60790e5, L:/127.0.0.1:60536 - R:localhost/127.0.0.1:62928]
10:17:27.072 [AsyncHttpClient-1-6] DEBUG org.asynchttpclient.netty.channel.NettyConnectListener - Using new Channel '[id: 0x5a42a124, L:/127.0.0.1:60544 - R:localhost/127.0.0.1:60537]' for 'GET' to '/json/version'
10:17:27.093 [AsyncHttpClient-1-6] DEBUG org.asynchttpclient.netty.handler.HttpHandler - 

Request DefaultFullHttpRequest(decodeResult: success, version: HTTP/1.1, content: EmptyByteBufBE)
GET /json/version HTTP/1.1
User-Agent: selenium/4.1.2 (java windows)
host: localhost:60537
accept: */*

Response DefaultHttpResponse(decodeResult: success, version: HTTP/1.1)
HTTP/1.1 200 OK
Content-Type: application/json; charset=UTF-8
content-length: 429

10:17:27.094 [AsyncHttpClient-1-6] DEBUG org.asynchttpclient.netty.channel.ChannelManager - Adding key: http://localhost:60537 for channel [id: 0x5a42a124, L:/127.0.0.1:60544 - R:localhost/127.0.0.1:60537]
10:17:27.097 [AsyncHttpClient-1-7] DEBUG org.asynchttpclient.netty.channel.NettyConnectListener - Using new Channel '[id: 0x8cb02b31, L:/127.0.0.1:60545 - R:localhost/127.0.0.1:60537]' for 'GET' to '/devtools/browser/32bd7d6a-1764-4b2b-b783-50ae934e182c'
10:17:27.109 [AsyncHttpClient-1-7] DEBUG org.asynchttpclient.netty.handler.WebSocketHandler - 

Request DefaultFullHttpRequest(decodeResult: success, version: HTTP/1.1, content: EmptyByteBufBE)
GET /devtools/browser/32bd7d6a-1764-4b2b-b783-50ae934e182c HTTP/1.1
upgrade: websocket
connection: upgrade
sec-websocket-key: k7rVK+YhFB/8M2KRy2HMnw==
sec-websocket-version: 13
origin: http://localhost:60537
host: localhost:60537
accept: */*
user-agent: AHC/2.1

Response DefaultHttpResponse(decodeResult: success, version: HTTP/1.1)
HTTP/1.1 101 WebSocket Protocol Handshake
Upgrade: WebSocket
Connection: Upgrade
Sec-WebSocket-Accept: rDE3BTXFPLXQJY6chcY9I5hhM+0=

10:17:27.114 [Forwarding maximizeCurrentWindow on session a4202ba12ac86631ac52c60e9d968d2f to remote] DEBUG org.asynchttpclient.netty.request.NettyRequestSender - Using pooled Channel '[id: 0xa60790e5, L:/127.0.0.1:60536 - R:localhost/127.0.0.1:62928]' for 'POST' to 'http://localhost:62928/session/a4202ba12ac86631ac52c60e9d968d2f/window/maximize'
10:17:27.115 [Forwarding maximizeCurrentWindow on session a4202ba12ac86631ac52c60e9d968d2f to remote] DEBUG org.asynchttpclient.netty.request.NettyRequestSender - Using open Channel [id: 0xa60790e5, L:/127.0.0.1:60536 - R:localhost/127.0.0.1:62928] for POST '/session/a4202ba12ac86631ac52c60e9d968d2f/window/maximize'
10:17:27.207 [AsyncHttpClient-1-1] DEBUG org.asynchttpclient.netty.channel.DefaultChannelPool - Entry count for : http://localhost:60537 : 1
10:17:27.238 [AsyncHttpClient-1-5] DEBUG org.asynchttpclient.netty.handler.HttpHandler - 

Request DefaultHttpRequest(decodeResult: success, version: HTTP/1.1)
POST /session/a4202ba12ac86631ac52c60e9d968d2f/window/maximize HTTP/1.1
User-Agent: selenium/4.1.2 (java windows)
Content-Length: 3
Content-Type: application/json; charset=utf-8
host: localhost:62928
accept: */*

Response DefaultHttpResponse(decodeResult: success, version: HTTP/1.1)
HTTP/1.1 200 OK
Content-Type: application/json; charset=utf-8
cache-control: no-cache
content-length: 51

10:17:27.238 [AsyncHttpClient-1-5] DEBUG org.asynchttpclient.netty.channel.ChannelManager - Adding key: http://localhost:62928 for channel [id: 0xa60790e5, L:/127.0.0.1:60536 - R:localhost/127.0.0.1:62928]
10:17:27.238 [Forwarding get on session a4202ba12ac86631ac52c60e9d968d2f to remote] DEBUG org.asynchttpclient.netty.request.NettyRequestSender - Using pooled Channel '[id: 0xa60790e5, L:/127.0.0.1:60536 - R:localhost/127.0.0.1:62928]' for 'POST' to 'http://localhost:62928/session/a4202ba12ac86631ac52c60e9d968d2f/url'
10:17:27.238 [Forwarding get on session a4202ba12ac86631ac52c60e9d968d2f to remote] DEBUG org.asynchttpclient.netty.request.NettyRequestSender - Using open Channel [id: 0xa60790e5, L:/127.0.0.1:60536 - R:localhost/127.0.0.1:62928] for POST '/session/a4202ba12ac86631ac52c60e9d968d2f/url'
10:17:28.307 [AsyncHttpClient-1-1] DEBUG org.asynchttpclient.netty.channel.DefaultChannelPool - Entry count for : http://localhost:60537 : 1
10:17:29.406 [AsyncHttpClient-1-1] DEBUG org.asynchttpclient.netty.channel.DefaultChannelPool - Entry count for : http://localhost:60537 : 1
10:17:30.505 [AsyncHttpClient-1-1] DEBUG org.asynchttpclient.netty.channel.DefaultChannelPool - Entry count for : http://localhost:60537 : 1
10:17:31.604 [AsyncHttpClient-1-1] DEBUG org.asynchttpclient.netty.channel.DefaultChannelPool - Entry count for : http://localhost:60537 : 1
10:17:32.324 [AsyncHttpClient-1-5] DEBUG org.asynchttpclient.netty.handler.HttpHandler - 

Request DefaultHttpRequest(decodeResult: success, version: HTTP/1.1)
POST /session/a4202ba12ac86631ac52c60e9d968d2f/url HTTP/1.1
User-Agent: selenium/4.1.2 (java windows)
Content-Length: 58
Content-Type: application/json; charset=utf-8
host: localhost:62928
accept: */*

Response DefaultHttpResponse(decodeResult: success, version: HTTP/1.1)
HTTP/1.1 200 OK
Content-Type: application/json; charset=utf-8
cache-control: no-cache
content-length: 14

10:17:32.325 [AsyncHttpClient-1-5] DEBUG org.asynchttpclient.netty.channel.ChannelManager - Adding key: http://localhost:62928 for channel [id: 0xa60790e5, L:/127.0.0.1:60536 - R:localhost/127.0.0.1:62928]
10:17:32.327 [Forwarding setTimeout on session a4202ba12ac86631ac52c60e9d968d2f to remote] DEBUG org.asynchttpclient.netty.request.NettyRequestSender - Using pooled Channel '[id: 0xa60790e5, L:/127.0.0.1:60536 - R:localhost/127.0.0.1:62928]' for 'POST' to 'http://localhost:62928/session/a4202ba12ac86631ac52c60e9d968d2f/timeouts'
10:17:32.327 [Forwarding setTimeout on session a4202ba12ac86631ac52c60e9d968d2f to remote] DEBUG org.asynchttpclient.netty.request.NettyRequestSender - Using open Channel [id: 0xa60790e5, L:/127.0.0.1:60536 - R:localhost/127.0.0.1:62928] for POST '/session/a4202ba12ac86631ac52c60e9d968d2f/timeouts'
10:17:32.328 [AsyncHttpClient-1-5] DEBUG org.asynchttpclient.netty.handler.HttpHandler - 

Request DefaultHttpRequest(decodeResult: success, version: HTTP/1.1)
POST /session/a4202ba12ac86631ac52c60e9d968d2f/timeouts HTTP/1.1
User-Agent: selenium/4.1.2 (java windows)
Content-Length: 22
Content-Type: application/json; charset=utf-8
host: localhost:62928
accept: */*

Response DefaultHttpResponse(decodeResult: success, version: HTTP/1.1)
HTTP/1.1 200 OK
Content-Type: application/json; charset=utf-8
cache-control: no-cache
content-length: 14

10:17:32.329 [AsyncHttpClient-1-5] DEBUG org.asynchttpclient.netty.channel.ChannelManager - Adding key: http://localhost:62928 for channel [id: 0xa60790e5, L:/127.0.0.1:60536 - R:localhost/127.0.0.1:62928]
10:17:32.333 [Forwarding getCurrentUrl on session a4202ba12ac86631ac52c60e9d968d2f to remote] DEBUG org.asynchttpclient.netty.request.NettyRequestSender - Using pooled Channel '[id: 0xa60790e5, L:/127.0.0.1:60536 - R:localhost/127.0.0.1:62928]' for 'GET' to 'http://localhost:62928/session/a4202ba12ac86631ac52c60e9d968d2f/url'
10:17:32.333 [Forwarding getCurrentUrl on session a4202ba12ac86631ac52c60e9d968d2f to remote] DEBUG org.asynchttpclient.netty.request.NettyRequestSender - Using open Channel [id: 0xa60790e5, L:/127.0.0.1:60536 - R:localhost/127.0.0.1:62928] for GET '/session/a4202ba12ac86631ac52c60e9d968d2f/url'
10:17:32.342 [AsyncHttpClient-1-5] DEBUG org.asynchttpclient.netty.handler.HttpHandler - 

Request DefaultFullHttpRequest(decodeResult: success, version: HTTP/1.1, content: EmptyByteBufBE)
GET /session/a4202ba12ac86631ac52c60e9d968d2f/url HTTP/1.1
User-Agent: selenium/4.1.2 (java windows)
Cache-Control: no-cache
Content-Type: application/json; charset=utf-8
host: localhost:62928
accept: */*

Response DefaultHttpResponse(decodeResult: success, version: HTTP/1.1)
HTTP/1.1 200 OK
Content-Type: application/json; charset=utf-8
cache-control: no-cache
content-length: 40

10:17:32.342 [AsyncHttpClient-1-5] DEBUG org.asynchttpclient.netty.channel.ChannelManager - Adding key: http://localhost:62928 for channel [id: 0xa60790e5, L:/127.0.0.1:60536 - R:localhost/127.0.0.1:62928]
10:17:32.349 [Forwarding screenshot on session a4202ba12ac86631ac52c60e9d968d2f to remote] DEBUG org.asynchttpclient.netty.request.NettyRequestSender - Using pooled Channel '[id: 0xa60790e5, L:/127.0.0.1:60536 - R:localhost/127.0.0.1:62928]' for 'GET' to 'http://localhost:62928/session/a4202ba12ac86631ac52c60e9d968d2f/screenshot'
10:17:32.349 [Forwarding screenshot on session a4202ba12ac86631ac52c60e9d968d2f to remote] DEBUG org.asynchttpclient.netty.request.NettyRequestSender - Using open Channel [id: 0xa60790e5, L:/127.0.0.1:60536 - R:localhost/127.0.0.1:62928] for GET '/session/a4202ba12ac86631ac52c60e9d968d2f/screenshot'
10:17:32.707 [AsyncHttpClient-1-1] DEBUG org.asynchttpclient.netty.channel.DefaultChannelPool - Entry count for : http://localhost:60537 : 1
10:17:32.886 [AsyncHttpClient-1-5] DEBUG org.asynchttpclient.netty.handler.HttpHandler - 

Request DefaultFullHttpRequest(decodeResult: success, version: HTTP/1.1, content: EmptyByteBufBE)
GET /session/a4202ba12ac86631ac52c60e9d968d2f/screenshot HTTP/1.1
User-Agent: selenium/4.1.2 (java windows)
Cache-Control: no-cache
Content-Type: application/json; charset=utf-8
host: localhost:62928
accept: */*

Response DefaultHttpResponse(decodeResult: success, version: HTTP/1.1)
HTTP/1.1 200 OK
Content-Type: application/json; charset=utf-8
cache-control: no-cache
content-length: 1333828

10:17:32.922 [AsyncHttpClient-1-5] DEBUG org.asynchttpclient.netty.channel.ChannelManager - Adding key: http://localhost:62928 for channel [id: 0xa60790e5, L:/127.0.0.1:60536 - R:localhost/127.0.0.1:62928]
10:17:32.953 [main] DEBUG net.serenitybdd.core.photography.Darkroom - Send negative for processing for target\site\serenity\c892c8ca808d9d9b94891a40056d5a2eac63be830dad9e7c379588e85d813b39.png
10:17:32.953 [main] DEBUG net.thucydides.core.steps.StepInterceptor - STEP DONE: openUrl
10:17:32.953 [main] DEBUG net.thucydides.core.steps.StepInterceptor - STARTING STEP: LoginStepDefinitions.iAmOnLoginPage - validateAccountIsApp
10:17:32.968 [Forwarding findElement on session a4202ba12ac86631ac52c60e9d968d2f to remote] DEBUG org.asynchttpclient.netty.request.NettyRequestSender - Using pooled Channel '[id: 0xa60790e5, L:/127.0.0.1:60536 - R:localhost/127.0.0.1:62928]' for 'POST' to 'http://localhost:62928/session/a4202ba12ac86631ac52c60e9d968d2f/element'
10:17:32.968 [Forwarding findElement on session a4202ba12ac86631ac52c60e9d968d2f to remote] DEBUG org.asynchttpclient.netty.request.NettyRequestSender - Using open Channel [id: 0xa60790e5, L:/127.0.0.1:60536 - R:localhost/127.0.0.1:62928] for POST '/session/a4202ba12ac86631ac52c60e9d968d2f/element'
10:17:32.968 [AsyncHttpClient-1-5] DEBUG org.asynchttpclient.netty.handler.HttpHandler - 

Request DefaultHttpRequest(decodeResult: success, version: HTTP/1.1)
POST /session/a4202ba12ac86631ac52c60e9d968d2f/element HTTP/1.1
User-Agent: selenium/4.1.2 (java windows)
Content-Length: 46
Content-Type: application/json; charset=utf-8
host: localhost:62928
accept: */*

Response DefaultHttpResponse(decodeResult: success, version: HTTP/1.1)
HTTP/1.1 400 Bad Request
Content-Type: application/json; charset=utf-8
cache-control: no-cache
content-length: 958

10:17:32.968 [AsyncHttpClient-1-5] DEBUG org.asynchttpclient.netty.channel.ChannelManager - Adding key: http://localhost:62928 for channel [id: 0xa60790e5, L:/127.0.0.1:60536 - R:localhost/127.0.0.1:62928]
10:17:32.968 [Forwarding findElement on session a4202ba12ac86631ac52c60e9d968d2f to remote] DEBUG org.asynchttpclient.netty.request.NettyRequestSender - Using pooled Channel '[id: 0xa60790e5, L:/127.0.0.1:60536 - R:localhost/127.0.0.1:62928]' for 'POST' to 'http://localhost:62928/session/a4202ba12ac86631ac52c60e9d968d2f/element'
10:17:32.968 [Forwarding findElement on session a4202ba12ac86631ac52c60e9d968d2f to remote] DEBUG org.asynchttpclient.netty.request.NettyRequestSender - Using open Channel [id: 0xa60790e5, L:/127.0.0.1:60536 - R:localhost/127.0.0.1:62928] for POST '/session/a4202ba12ac86631ac52c60e9d968d2f/element'
10:17:32.984 [AsyncHttpClient-1-5] DEBUG org.asynchttpclient.netty.handler.HttpHandler - 

Request DefaultHttpRequest(decodeResult: success, version: HTTP/1.1)
POST /session/a4202ba12ac86631ac52c60e9d968d2f/element HTTP/1.1
User-Agent: selenium/4.1.2 (java windows)
Content-Length: 56
Content-Type: application/json; charset=utf-8
host: localhost:62928
accept: */*

Response DefaultHttpResponse(decodeResult: success, version: HTTP/1.1)
HTTP/1.1 200 OK
Content-Type: application/json; charset=utf-8
cache-control: no-cache
content-length: 88

10:17:32.984 [AsyncHttpClient-1-5] DEBUG org.asynchttpclient.netty.channel.ChannelManager - Adding key: http://localhost:62928 for channel [id: 0xa60790e5, L:/127.0.0.1:60536 - R:localhost/127.0.0.1:62928]
10:17:32.984 [Forwarding isElementDisplayed on session a4202ba12ac86631ac52c60e9d968d2f to remote] DEBUG org.asynchttpclient.netty.request.NettyRequestSender - Using pooled Channel '[id: 0xa60790e5, L:/127.0.0.1:60536 - R:localhost/127.0.0.1:62928]' for 'POST' to 'http://localhost:62928/session/a4202ba12ac86631ac52c60e9d968d2f/execute/sync'
10:17:32.984 [Forwarding isElementDisplayed on session a4202ba12ac86631ac52c60e9d968d2f to remote] DEBUG org.asynchttpclient.netty.request.NettyRequestSender - Using open Channel [id: 0xa60790e5, L:/127.0.0.1:60536 - R:localhost/127.0.0.1:62928] for POST '/session/a4202ba12ac86631ac52c60e9d968d2f/execute/sync'
10:17:33.006 [AsyncHttpClient-1-5] DEBUG org.asynchttpclient.netty.handler.HttpHandler - 

Request DefaultHttpRequest(decodeResult: success, version: HTTP/1.1)
POST /session/a4202ba12ac86631ac52c60e9d968d2f/execute/sync HTTP/1.1
User-Agent: selenium/4.1.2 (java windows)
Content-Length: 48780
Content-Type: application/json; charset=utf-8
host: localhost:62928
accept: */*

Response DefaultHttpResponse(decodeResult: success, version: HTTP/1.1)
HTTP/1.1 200 OK
Content-Type: application/json; charset=utf-8
cache-control: no-cache
content-length: 14

10:17:33.006 [AsyncHttpClient-1-5] DEBUG org.asynchttpclient.netty.channel.ChannelManager - Adding key: http://localhost:62928 for channel [id: 0xa60790e5, L:/127.0.0.1:60536 - R:localhost/127.0.0.1:62928]
10:17:33.006 [Forwarding screenshot on session a4202ba12ac86631ac52c60e9d968d2f to remote] DEBUG org.asynchttpclient.netty.request.NettyRequestSender - Using pooled Channel '[id: 0xa60790e5, L:/127.0.0.1:60536 - R:localhost/127.0.0.1:62928]' for 'GET' to 'http://localhost:62928/session/a4202ba12ac86631ac52c60e9d968d2f/screenshot'
10:17:33.006 [Forwarding screenshot on session a4202ba12ac86631ac52c60e9d968d2f to remote] DEBUG org.asynchttpclient.netty.request.NettyRequestSender - Using open Channel [id: 0xa60790e5, L:/127.0.0.1:60536 - R:localhost/127.0.0.1:62928] for GET '/session/a4202ba12ac86631ac52c60e9d968d2f/screenshot'
10:17:33.531 [AsyncHttpClient-1-5] DEBUG org.asynchttpclient.netty.handler.HttpHandler - 

Request DefaultFullHttpRequest(decodeResult: success, version: HTTP/1.1, content: EmptyByteBufBE)
GET /session/a4202ba12ac86631ac52c60e9d968d2f/screenshot HTTP/1.1
User-Agent: selenium/4.1.2 (java windows)
Cache-Control: no-cache
Content-Type: application/json; charset=utf-8
host: localhost:62928
accept: */*

Response DefaultHttpResponse(decodeResult: success, version: HTTP/1.1)
HTTP/1.1 200 OK
Content-Type: application/json; charset=utf-8
cache-control: no-cache
content-length: 1333828

10:17:33.535 [AsyncHttpClient-1-5] DEBUG org.asynchttpclient.netty.channel.ChannelManager - Adding key: http://localhost:62928 for channel [id: 0xa60790e5, L:/127.0.0.1:60536 - R:localhost/127.0.0.1:62928]
10:17:33.568 [main] DEBUG net.serenitybdd.core.photography.Darkroom - Send negative for processing for target\site\serenity\c892c8ca808d9d9b94891a40056d5a2eac63be830dad9e7c379588e85d813b39.png
10:17:33.568 [main] DEBUG net.thucydides.core.steps.StepInterceptor - STEP DONE: validateAccountIsApp
10:17:33.579 [main] DEBUG net.thucydides.core.steps.StepInterceptor - STARTING STEP: LoginStepDefinitions.iAmOnLoginPage - clickIconAccount
10:17:33.584 [Forwarding findElement on session a4202ba12ac86631ac52c60e9d968d2f to remote] DEBUG org.asynchttpclient.netty.request.NettyRequestSender - Using pooled Channel '[id: 0xa60790e5, L:/127.0.0.1:60536 - R:localhost/127.0.0.1:62928]' for 'POST' to 'http://localhost:62928/session/a4202ba12ac86631ac52c60e9d968d2f/element'
10:17:33.584 [Forwarding findElement on session a4202ba12ac86631ac52c60e9d968d2f to remote] DEBUG org.asynchttpclient.netty.request.NettyRequestSender - Using open Channel [id: 0xa60790e5, L:/127.0.0.1:60536 - R:localhost/127.0.0.1:62928] for POST '/session/a4202ba12ac86631ac52c60e9d968d2f/element'
10:17:33.598 [AsyncHttpClient-1-5] DEBUG org.asynchttpclient.netty.handler.HttpHandler - 

Request DefaultHttpRequest(decodeResult: success, version: HTTP/1.1)
POST /session/a4202ba12ac86631ac52c60e9d968d2f/element HTTP/1.1
User-Agent: selenium/4.1.2 (java windows)
Content-Length: 56
Content-Type: application/json; charset=utf-8
host: localhost:62928
accept: */*

Response DefaultHttpResponse(decodeResult: success, version: HTTP/1.1)
HTTP/1.1 200 OK
Content-Type: application/json; charset=utf-8
cache-control: no-cache
content-length: 88

10:17:33.598 [AsyncHttpClient-1-5] DEBUG org.asynchttpclient.netty.channel.ChannelManager - Adding key: http://localhost:62928 for channel [id: 0xa60790e5, L:/127.0.0.1:60536 - R:localhost/127.0.0.1:62928]
10:17:33.599 [Forwarding getElementTagName on session a4202ba12ac86631ac52c60e9d968d2f to remote] DEBUG org.asynchttpclient.netty.request.NettyRequestSender - Using pooled Channel '[id: 0xa60790e5, L:/127.0.0.1:60536 - R:localhost/127.0.0.1:62928]' for 'GET' to 'http://localhost:62928/session/a4202ba12ac86631ac52c60e9d968d2f/element/9f75c56a-91bc-4ef6-a4ba-7765093d54d9/name'
10:17:33.599 [Forwarding getElementTagName on session a4202ba12ac86631ac52c60e9d968d2f to remote] DEBUG org.asynchttpclient.netty.request.NettyRequestSender - Using open Channel [id: 0xa60790e5, L:/127.0.0.1:60536 - R:localhost/127.0.0.1:62928] for GET '/session/a4202ba12ac86631ac52c60e9d968d2f/element/9f75c56a-91bc-4ef6-a4ba-7765093d54d9/name'
10:17:33.603 [AsyncHttpClient-1-5] DEBUG org.asynchttpclient.netty.handler.HttpHandler - 

Request DefaultFullHttpRequest(decodeResult: success, version: HTTP/1.1, content: EmptyByteBufBE)
GET /session/a4202ba12ac86631ac52c60e9d968d2f/element/9f75c56a-91bc-4ef6-a4ba-7765093d54d9/name HTTP/1.1
User-Agent: selenium/4.1.2 (java windows)
Cache-Control: no-cache
Content-Type: application/json; charset=utf-8
host: localhost:62928
accept: */*

Response DefaultHttpResponse(decodeResult: success, version: HTTP/1.1)
HTTP/1.1 200 OK
Content-Type: application/json; charset=utf-8
cache-control: no-cache
content-length: 13

10:17:33.605 [AsyncHttpClient-1-5] DEBUG org.asynchttpclient.netty.channel.ChannelManager - Adding key: http://localhost:62928 for channel [id: 0xa60790e5, L:/127.0.0.1:60536 - R:localhost/127.0.0.1:62928]
10:17:33.606 [Forwarding getElementTagName on session a4202ba12ac86631ac52c60e9d968d2f to remote] DEBUG org.asynchttpclient.netty.request.NettyRequestSender - Using pooled Channel '[id: 0xa60790e5, L:/127.0.0.1:60536 - R:localhost/127.0.0.1:62928]' for 'GET' to 'http://localhost:62928/session/a4202ba12ac86631ac52c60e9d968d2f/element/9f75c56a-91bc-4ef6-a4ba-7765093d54d9/name'
10:17:33.606 [Forwarding getElementTagName on session a4202ba12ac86631ac52c60e9d968d2f to remote] DEBUG org.asynchttpclient.netty.request.NettyRequestSender - Using open Channel [id: 0xa60790e5, L:/127.0.0.1:60536 - R:localhost/127.0.0.1:62928] for GET '/session/a4202ba12ac86631ac52c60e9d968d2f/element/9f75c56a-91bc-4ef6-a4ba-7765093d54d9/name'
10:17:33.611 [AsyncHttpClient-1-5] DEBUG org.asynchttpclient.netty.handler.HttpHandler - 

Request DefaultFullHttpRequest(decodeResult: success, version: HTTP/1.1, content: EmptyByteBufBE)
GET /session/a4202ba12ac86631ac52c60e9d968d2f/element/9f75c56a-91bc-4ef6-a4ba-7765093d54d9/name HTTP/1.1
User-Agent: selenium/4.1.2 (java windows)
Cache-Control: no-cache
Content-Type: application/json; charset=utf-8
host: localhost:62928
accept: */*

Response DefaultHttpResponse(decodeResult: success, version: HTTP/1.1)
HTTP/1.1 200 OK
Content-Type: application/json; charset=utf-8
cache-control: no-cache
content-length: 13

10:17:33.611 [AsyncHttpClient-1-5] DEBUG org.asynchttpclient.netty.channel.ChannelManager - Adding key: http://localhost:62928 for channel [id: 0xa60790e5, L:/127.0.0.1:60536 - R:localhost/127.0.0.1:62928]
10:17:33.615 [Forwarding findElement on session a4202ba12ac86631ac52c60e9d968d2f to remote] DEBUG org.asynchttpclient.netty.request.NettyRequestSender - Using pooled Channel '[id: 0xa60790e5, L:/127.0.0.1:60536 - R:localhost/127.0.0.1:62928]' for 'POST' to 'http://localhost:62928/session/a4202ba12ac86631ac52c60e9d968d2f/element'
10:17:33.615 [Forwarding findElement on session a4202ba12ac86631ac52c60e9d968d2f to remote] DEBUG org.asynchttpclient.netty.request.NettyRequestSender - Using open Channel [id: 0xa60790e5, L:/127.0.0.1:60536 - R:localhost/127.0.0.1:62928] for POST '/session/a4202ba12ac86631ac52c60e9d968d2f/element'
10:17:33.623 [AsyncHttpClient-1-5] DEBUG org.asynchttpclient.netty.handler.HttpHandler - 

Request DefaultHttpRequest(decodeResult: success, version: HTTP/1.1)
POST /session/a4202ba12ac86631ac52c60e9d968d2f/element HTTP/1.1
User-Agent: selenium/4.1.2 (java windows)
Content-Length: 56
Content-Type: application/json; charset=utf-8
host: localhost:62928
accept: */*

Response DefaultHttpResponse(decodeResult: success, version: HTTP/1.1)
HTTP/1.1 200 OK
Content-Type: application/json; charset=utf-8
cache-control: no-cache
content-length: 88

10:17:33.623 [AsyncHttpClient-1-5] DEBUG org.asynchttpclient.netty.channel.ChannelManager - Adding key: http://localhost:62928 for channel [id: 0xa60790e5, L:/127.0.0.1:60536 - R:localhost/127.0.0.1:62928]
10:17:33.625 [Forwarding clickElement on session a4202ba12ac86631ac52c60e9d968d2f to remote] DEBUG org.asynchttpclient.netty.request.NettyRequestSender - Using pooled Channel '[id: 0xa60790e5, L:/127.0.0.1:60536 - R:localhost/127.0.0.1:62928]' for 'POST' to 'http://localhost:62928/session/a4202ba12ac86631ac52c60e9d968d2f/element/9f75c56a-91bc-4ef6-a4ba-7765093d54d9/click'
10:17:33.625 [Forwarding clickElement on session a4202ba12ac86631ac52c60e9d968d2f to remote] DEBUG org.asynchttpclient.netty.request.NettyRequestSender - Using open Channel [id: 0xa60790e5, L:/127.0.0.1:60536 - R:localhost/127.0.0.1:62928] for POST '/session/a4202ba12ac86631ac52c60e9d968d2f/element/9f75c56a-91bc-4ef6-a4ba-7765093d54d9/click'
10:17:33.784 [AsyncHttpClient-1-5] DEBUG org.asynchttpclient.netty.handler.HttpHandler - 

Request DefaultHttpRequest(decodeResult: success, version: HTTP/1.1)
POST /session/a4202ba12ac86631ac52c60e9d968d2f/element/9f75c56a-91bc-4ef6-a4ba-7765093d54d9/click HTTP/1.1
User-Agent: selenium/4.1.2 (java windows)
Content-Length: 50
Content-Type: application/json; charset=utf-8
host: localhost:62928
accept: */*

Response DefaultHttpResponse(decodeResult: success, version: HTTP/1.1)
HTTP/1.1 200 OK
Content-Type: application/json; charset=utf-8
cache-control: no-cache
content-length: 14

10:17:33.784 [AsyncHttpClient-1-5] DEBUG org.asynchttpclient.netty.channel.ChannelManager - Adding key: http://localhost:62928 for channel [id: 0xa60790e5, L:/127.0.0.1:60536 - R:localhost/127.0.0.1:62928]
10:17:33.791 [Forwarding screenshot on session a4202ba12ac86631ac52c60e9d968d2f to remote] DEBUG org.asynchttpclient.netty.request.NettyRequestSender - Using pooled Channel '[id: 0xa60790e5, L:/127.0.0.1:60536 - R:localhost/127.0.0.1:62928]' for 'GET' to 'http://localhost:62928/session/a4202ba12ac86631ac52c60e9d968d2f/screenshot'
10:17:33.792 [Forwarding screenshot on session a4202ba12ac86631ac52c60e9d968d2f to remote] DEBUG org.asynchttpclient.netty.request.NettyRequestSender - Using open Channel [id: 0xa60790e5, L:/127.0.0.1:60536 - R:localhost/127.0.0.1:62928] for GET '/session/a4202ba12ac86631ac52c60e9d968d2f/screenshot'
10:17:33.806 [AsyncHttpClient-1-1] DEBUG org.asynchttpclient.netty.channel.DefaultChannelPool - Entry count for : http://localhost:60537 : 1
10:17:34.467 [AsyncHttpClient-1-5] DEBUG org.asynchttpclient.netty.handler.HttpHandler - 

Request DefaultFullHttpRequest(decodeResult: success, version: HTTP/1.1, content: EmptyByteBufBE)
GET /session/a4202ba12ac86631ac52c60e9d968d2f/screenshot HTTP/1.1
User-Agent: selenium/4.1.2 (java windows)
Cache-Control: no-cache
Content-Type: application/json; charset=utf-8
host: localhost:62928
accept: */*

Response DefaultHttpResponse(decodeResult: success, version: HTTP/1.1)
HTTP/1.1 200 OK
Content-Type: application/json; charset=utf-8
cache-control: no-cache
content-length: 1009760

10:17:34.470 [AsyncHttpClient-1-5] DEBUG org.asynchttpclient.netty.channel.ChannelManager - Adding key: http://localhost:62928 for channel [id: 0xa60790e5, L:/127.0.0.1:60536 - R:localhost/127.0.0.1:62928]
10:17:34.494 [main] DEBUG net.serenitybdd.core.photography.Darkroom - Send negative for processing for target\site\serenity\086c0ab6c2eddc552127700431e513d6db1787a60c72f0971d352b5015b44c02.png
10:17:34.495 [main] DEBUG net.thucydides.core.steps.StepInterceptor - STEP DONE: clickIconAccount
10:17:34.495 [Darkroom Processing Line] DEBUG net.serenitybdd.core.photography.DarkroomProcessingLine - Processing screenshot image in /var/screenshots/screenshot-277130176052214074
10:17:34.495 [Darkroom Processing Line] DEBUG net.serenitybdd.core.photography.DarkroomProcessingLine - Saving screenshot to target\site\serenity\086c0ab6c2eddc552127700431e513d6db1787a60c72f0971d352b5015b44c02.png
10:17:34.504 [main] DEBUG net.thucydides.core.steps.StepInterceptor - STARTING STEP: LoginStepDefinitions.iAmOnLoginPage - validateLoginFormIsApp
10:17:34.507 [Forwarding findElement on session a4202ba12ac86631ac52c60e9d968d2f to remote] DEBUG org.asynchttpclient.netty.request.NettyRequestSender - Using pooled Channel '[id: 0xa60790e5, L:/127.0.0.1:60536 - R:localhost/127.0.0.1:62928]' for 'POST' to 'http://localhost:62928/session/a4202ba12ac86631ac52c60e9d968d2f/element'
10:17:34.507 [Forwarding findElement on session a4202ba12ac86631ac52c60e9d968d2f to remote] DEBUG org.asynchttpclient.netty.request.NettyRequestSender - Using open Channel [id: 0xa60790e5, L:/127.0.0.1:60536 - R:localhost/127.0.0.1:62928] for POST '/session/a4202ba12ac86631ac52c60e9d968d2f/element'
10:17:34.533 [AsyncHttpClient-1-5] DEBUG org.asynchttpclient.netty.handler.HttpHandler - 

Request DefaultHttpRequest(decodeResult: success, version: HTTP/1.1)
POST /session/a4202ba12ac86631ac52c60e9d968d2f/element HTTP/1.1
User-Agent: selenium/4.1.2 (java windows)
Content-Length: 103
Content-Type: application/json; charset=utf-8
host: localhost:62928
accept: */*

Response DefaultHttpResponse(decodeResult: success, version: HTTP/1.1)
HTTP/1.1 200 OK
Content-Type: application/json; charset=utf-8
cache-control: no-cache
content-length: 88

10:17:34.534 [AsyncHttpClient-1-5] DEBUG org.asynchttpclient.netty.channel.ChannelManager - Adding key: http://localhost:62928 for channel [id: 0xa60790e5, L:/127.0.0.1:60536 - R:localhost/127.0.0.1:62928]
10:17:34.542 [Forwarding isElementDisplayed on session a4202ba12ac86631ac52c60e9d968d2f to remote] DEBUG org.asynchttpclient.netty.request.NettyRequestSender - Using pooled Channel '[id: 0xa60790e5, L:/127.0.0.1:60536 - R:localhost/127.0.0.1:62928]' for 'POST' to 'http://localhost:62928/session/a4202ba12ac86631ac52c60e9d968d2f/execute/sync'
10:17:34.542 [Forwarding isElementDisplayed on session a4202ba12ac86631ac52c60e9d968d2f to remote] DEBUG org.asynchttpclient.netty.request.NettyRequestSender - Using open Channel [id: 0xa60790e5, L:/127.0.0.1:60536 - R:localhost/127.0.0.1:62928] for POST '/session/a4202ba12ac86631ac52c60e9d968d2f/execute/sync'
10:17:34.572 [AsyncHttpClient-1-5] DEBUG org.asynchttpclient.netty.handler.HttpHandler - 

Request DefaultHttpRequest(decodeResult: success, version: HTTP/1.1)
POST /session/a4202ba12ac86631ac52c60e9d968d2f/execute/sync HTTP/1.1
User-Agent: selenium/4.1.2 (java windows)
Content-Length: 48780
Content-Type: application/json; charset=utf-8
host: localhost:62928
accept: */*

Response DefaultHttpResponse(decodeResult: success, version: HTTP/1.1)
HTTP/1.1 200 OK
Content-Type: application/json; charset=utf-8
cache-control: no-cache
content-length: 14

10:17:34.572 [AsyncHttpClient-1-5] DEBUG org.asynchttpclient.netty.channel.ChannelManager - Adding key: http://localhost:62928 for channel [id: 0xa60790e5, L:/127.0.0.1:60536 - R:localhost/127.0.0.1:62928]
10:17:34.582 [Forwarding screenshot on session a4202ba12ac86631ac52c60e9d968d2f to remote] DEBUG org.asynchttpclient.netty.request.NettyRequestSender - Using pooled Channel '[id: 0xa60790e5, L:/127.0.0.1:60536 - R:localhost/127.0.0.1:62928]' for 'GET' to 'http://localhost:62928/session/a4202ba12ac86631ac52c60e9d968d2f/screenshot'
10:17:34.582 [Forwarding screenshot on session a4202ba12ac86631ac52c60e9d968d2f to remote] DEBUG org.asynchttpclient.netty.request.NettyRequestSender - Using open Channel [id: 0xa60790e5, L:/127.0.0.1:60536 - R:localhost/127.0.0.1:62928] for GET '/session/a4202ba12ac86631ac52c60e9d968d2f/screenshot'
10:17:34.904 [AsyncHttpClient-1-1] DEBUG org.asynchttpclient.netty.channel.DefaultChannelPool - Entry count for : http://localhost:60537 : 1
10:17:34.907 [AsyncHttpClient-1-5] DEBUG org.asynchttpclient.netty.handler.HttpHandler - 

Request DefaultFullHttpRequest(decodeResult: success, version: HTTP/1.1, content: EmptyByteBufBE)
GET /session/a4202ba12ac86631ac52c60e9d968d2f/screenshot HTTP/1.1
User-Agent: selenium/4.1.2 (java windows)
Cache-Control: no-cache
Content-Type: application/json; charset=utf-8
host: localhost:62928
accept: */*

Response DefaultHttpResponse(decodeResult: success, version: HTTP/1.1)
HTTP/1.1 200 OK
Content-Type: application/json; charset=utf-8
cache-control: no-cache
content-length: 509052

10:17:34.909 [AsyncHttpClient-1-5] DEBUG org.asynchttpclient.netty.channel.ChannelManager - Adding key: http://localhost:62928 for channel [id: 0xa60790e5, L:/127.0.0.1:60536 - R:localhost/127.0.0.1:62928]
10:17:34.922 [main] DEBUG net.serenitybdd.core.photography.Darkroom - Send negative for processing for target\site\serenity\e337893c8da482c0dbeced1d64edb967b8abc58d44158a334c34a21907da4f51.png
10:17:34.922 [main] DEBUG net.thucydides.core.steps.StepInterceptor - STEP DONE: validateLoginFormIsApp
10:17:34.922 [Darkroom Processing Line] DEBUG net.serenitybdd.core.photography.DarkroomProcessingLine - Processing screenshot image in /var/screenshots/screenshot-13006488446435178018
10:17:34.922 [Darkroom Processing Line] DEBUG net.serenitybdd.core.photography.DarkroomProcessingLine - Saving screenshot to target\site\serenity\e337893c8da482c0dbeced1d64edb967b8abc58d44158a334c34a21907da4f51.png
  &amp#27;[32mGiven &amp#27;[0m&amp#27;[32mi am on login page&amp#27;[0m                         &amp#27;[90m# starter.stepdefinitions.LoginStepDefinitions.iAmOnLoginPage()&amp#27;[0m
10:17:34.942 [main] DEBUG net.thucydides.core.steps.StepInterceptor - STARTING STEP: LoginStepDefinitions.iInputUsername - inputUsername
10:17:34.947 [Forwarding findElement on session a4202ba12ac86631ac52c60e9d968d2f to remote] DEBUG org.asynchttpclient.netty.request.NettyRequestSender - Using pooled Channel '[id: 0xa60790e5, L:/127.0.0.1:60536 - R:localhost/127.0.0.1:62928]' for 'POST' to 'http://localhost:62928/session/a4202ba12ac86631ac52c60e9d968d2f/element'
10:17:34.947 [Forwarding findElement on session a4202ba12ac86631ac52c60e9d968d2f to remote] DEBUG org.asynchttpclient.netty.request.NettyRequestSender - Using open Channel [id: 0xa60790e5, L:/127.0.0.1:60536 - R:localhost/127.0.0.1:62928] for POST '/session/a4202ba12ac86631ac52c60e9d968d2f/element'
10:17:34.959 [AsyncHttpClient-1-5] DEBUG org.asynchttpclient.netty.handler.HttpHandler - 

Request DefaultHttpRequest(decodeResult: success, version: HTTP/1.1)
POST /session/a4202ba12ac86631ac52c60e9d968d2f/element HTTP/1.1
User-Agent: selenium/4.1.2 (java windows)
Content-Length: 53
Content-Type: application/json; charset=utf-8
host: localhost:62928
accept: */*

Response DefaultHttpResponse(decodeResult: success, version: HTTP/1.1)
HTTP/1.1 200 OK
Content-Type: application/json; charset=utf-8
cache-control: no-cache
content-length: 88

10:17:34.959 [AsyncHttpClient-1-5] DEBUG org.asynchttpclient.netty.channel.ChannelManager - Adding key: http://localhost:62928 for channel [id: 0xa60790e5, L:/127.0.0.1:60536 - R:localhost/127.0.0.1:62928]
10:17:34.961 [Forwarding clearElement on session a4202ba12ac86631ac52c60e9d968d2f to remote] DEBUG org.asynchttpclient.netty.request.NettyRequestSender - Using pooled Channel '[id: 0xa60790e5, L:/127.0.0.1:60536 - R:localhost/127.0.0.1:62928]' for 'POST' to 'http://localhost:62928/session/a4202ba12ac86631ac52c60e9d968d2f/element/e6751e53-5377-4237-b0b6-2c130ce63ed2/clear'
10:17:34.961 [Forwarding clearElement on session a4202ba12ac86631ac52c60e9d968d2f to remote] DEBUG org.asynchttpclient.netty.request.NettyRequestSender - Using open Channel [id: 0xa60790e5, L:/127.0.0.1:60536 - R:localhost/127.0.0.1:62928] for POST '/session/a4202ba12ac86631ac52c60e9d968d2f/element/e6751e53-5377-4237-b0b6-2c130ce63ed2/clear'
10:17:34.998 [AsyncHttpClient-1-5] DEBUG org.asynchttpclient.netty.handler.HttpHandler - 

Request DefaultHttpRequest(decodeResult: success, version: HTTP/1.1)
POST /session/a4202ba12ac86631ac52c60e9d968d2f/element/e6751e53-5377-4237-b0b6-2c130ce63ed2/clear HTTP/1.1
User-Agent: selenium/4.1.2 (java windows)
Content-Length: 50
Content-Type: application/json; charset=utf-8
host: localhost:62928
accept: */*

Response DefaultHttpResponse(decodeResult: success, version: HTTP/1.1)
HTTP/1.1 200 OK
Content-Type: application/json; charset=utf-8
cache-control: no-cache
content-length: 14

10:17:34.998 [AsyncHttpClient-1-5] DEBUG org.asynchttpclient.netty.channel.ChannelManager - Adding key: http://localhost:62928 for channel [id: 0xa60790e5, L:/127.0.0.1:60536 - R:localhost/127.0.0.1:62928]
10:17:35.000 [Forwarding sendKeysToElement on session a4202ba12ac86631ac52c60e9d968d2f to remote] DEBUG org.asynchttpclient.netty.request.NettyRequestSender - Using pooled Channel '[id: 0xa60790e5, L:/127.0.0.1:60536 - R:localhost/127.0.0.1:62928]' for 'POST' to 'http://localhost:62928/session/a4202ba12ac86631ac52c60e9d968d2f/element/e6751e53-5377-4237-b0b6-2c130ce63ed2/value'
10:17:35.000 [Forwarding sendKeysToElement on session a4202ba12ac86631ac52c60e9d968d2f to remote] DEBUG org.asynchttpclient.netty.request.NettyRequestSender - Using open Channel [id: 0xa60790e5, L:/127.0.0.1:60536 - R:localhost/127.0.0.1:62928] for POST '/session/a4202ba12ac86631ac52c60e9d968d2f/element/e6751e53-5377-4237-b0b6-2c130ce63ed2/value'
10:17:35.207 [AsyncHttpClient-1-5] DEBUG org.asynchttpclient.netty.handler.HttpHandler - 

Request DefaultHttpRequest(decodeResult: success, version: HTTP/1.1)
POST /session/a4202ba12ac86631ac52c60e9d968d2f/element/e6751e53-5377-4237-b0b6-2c130ce63ed2/value HTTP/1.1
User-Agent: selenium/4.1.2 (java windows)
Content-Length: 321
Content-Type: application/json; charset=utf-8
host: localhost:62928
accept: */*

Response DefaultHttpResponse(decodeResult: success, version: HTTP/1.1)
HTTP/1.1 200 OK
Content-Type: application/json; charset=utf-8
cache-control: no-cache
content-length: 14

10:17:35.209 [AsyncHttpClient-1-5] DEBUG org.asynchttpclient.netty.channel.ChannelManager - Adding key: http://localhost:62928 for channel [id: 0xa60790e5, L:/127.0.0.1:60536 - R:localhost/127.0.0.1:62928]
10:17:35.218 [Forwarding screenshot on session a4202ba12ac86631ac52c60e9d968d2f to remote] DEBUG org.asynchttpclient.netty.request.NettyRequestSender - Using pooled Channel '[id: 0xa60790e5, L:/127.0.0.1:60536 - R:localhost/127.0.0.1:62928]' for 'GET' to 'http://localhost:62928/session/a4202ba12ac86631ac52c60e9d968d2f/screenshot'
10:17:35.218 [Forwarding screenshot on session a4202ba12ac86631ac52c60e9d968d2f to remote] DEBUG org.asynchttpclient.netty.request.NettyRequestSender - Using open Channel [id: 0xa60790e5, L:/127.0.0.1:60536 - R:localhost/127.0.0.1:62928] for GET '/session/a4202ba12ac86631ac52c60e9d968d2f/screenshot'
10:17:35.531 [AsyncHttpClient-1-5] DEBUG org.asynchttpclient.netty.handler.HttpHandler - 

Request DefaultFullHttpRequest(decodeResult: success, version: HTTP/1.1, content: EmptyByteBufBE)
GET /session/a4202ba12ac86631ac52c60e9d968d2f/screenshot HTTP/1.1
User-Agent: selenium/4.1.2 (java windows)
Cache-Control: no-cache
Content-Type: application/json; charset=utf-8
host: localhost:62928
accept: */*

Response DefaultHttpResponse(decodeResult: success, version: HTTP/1.1)
HTTP/1.1 200 OK
Content-Type: application/json; charset=utf-8
cache-control: no-cache
content-length: 520144

10:17:35.532 [AsyncHttpClient-1-5] DEBUG org.asynchttpclient.netty.channel.ChannelManager - Adding key: http://localhost:62928 for channel [id: 0xa60790e5, L:/127.0.0.1:60536 - R:localhost/127.0.0.1:62928]
10:17:35.546 [main] DEBUG net.serenitybdd.core.photography.Darkroom - Send negative for processing for target\site\serenity\3b4424f18543531c7feca6bbb3272b2c68f78aaca91a24a9cd13e9491b90d591.png
10:17:35.547 [Darkroom Processing Line] DEBUG net.serenitybdd.core.photography.DarkroomProcessingLine - Processing screenshot image in /var/screenshots/screenshot-11344689625253444589
10:17:35.547 [main] DEBUG net.thucydides.core.steps.StepInterceptor - STEP DONE: inputUsername
10:17:35.547 [Darkroom Processing Line] DEBUG net.serenitybdd.core.photography.DarkroomProcessingLine - Saving screenshot to target\site\serenity\3b4424f18543531c7feca6bbb3272b2c68f78aaca91a24a9cd13e9491b90d591.png
  &amp#27;[32mWhen &amp#27;[0m&amp#27;[32mi input &amp#27;[0m&amp#27;[32m&amp#27;[1m"dummyforta2022@gmail.com"&amp#27;[0m&amp#27;[32m username&amp#27;[0m &amp#27;[90m# starter.stepdefinitions.LoginStepDefinitions.iInputUsername(java.lang.String)&amp#27;[0m
10:17:35.562 [main] DEBUG net.thucydides.core.steps.StepInterceptor - STARTING STEP: LoginStepDefinitions.iInputPassword - inputPassword
10:17:35.565 [Forwarding findElement on session a4202ba12ac86631ac52c60e9d968d2f to remote] DEBUG org.asynchttpclient.netty.request.NettyRequestSender - Using pooled Channel '[id: 0xa60790e5, L:/127.0.0.1:60536 - R:localhost/127.0.0.1:62928]' for 'POST' to 'http://localhost:62928/session/a4202ba12ac86631ac52c60e9d968d2f/element'
10:17:35.565 [Forwarding findElement on session a4202ba12ac86631ac52c60e9d968d2f to remote] DEBUG org.asynchttpclient.netty.request.NettyRequestSender - Using open Channel [id: 0xa60790e5, L:/127.0.0.1:60536 - R:localhost/127.0.0.1:62928] for POST '/session/a4202ba12ac86631ac52c60e9d968d2f/element'
10:17:35.579 [AsyncHttpClient-1-5] DEBUG org.asynchttpclient.netty.handler.HttpHandler - 

Request DefaultHttpRequest(decodeResult: success, version: HTTP/1.1)
POST /session/a4202ba12ac86631ac52c60e9d968d2f/element HTTP/1.1
User-Agent: selenium/4.1.2 (java windows)
Content-Length: 53
Content-Type: application/json; charset=utf-8
host: localhost:62928
accept: */*

Response DefaultHttpResponse(decodeResult: success, version: HTTP/1.1)
HTTP/1.1 200 OK
Content-Type: application/json; charset=utf-8
cache-control: no-cache
content-length: 88

10:17:35.579 [AsyncHttpClient-1-5] DEBUG org.asynchttpclient.netty.channel.ChannelManager - Adding key: http://localhost:62928 for channel [id: 0xa60790e5, L:/127.0.0.1:60536 - R:localhost/127.0.0.1:62928]
10:17:35.582 [Forwarding clearElement on session a4202ba12ac86631ac52c60e9d968d2f to remote] DEBUG org.asynchttpclient.netty.request.NettyRequestSender - Using pooled Channel '[id: 0xa60790e5, L:/127.0.0.1:60536 - R:localhost/127.0.0.1:62928]' for 'POST' to 'http://localhost:62928/session/a4202ba12ac86631ac52c60e9d968d2f/element/bf87f668-6964-474f-90ac-67c6fc234468/clear'
10:17:35.582 [Forwarding clearElement on session a4202ba12ac86631ac52c60e9d968d2f to remote] DEBUG org.asynchttpclient.netty.request.NettyRequestSender - Using open Channel [id: 0xa60790e5, L:/127.0.0.1:60536 - R:localhost/127.0.0.1:62928] for POST '/session/a4202ba12ac86631ac52c60e9d968d2f/element/bf87f668-6964-474f-90ac-67c6fc234468/clear'
10:17:35.620 [AsyncHttpClient-1-5] DEBUG org.asynchttpclient.netty.handler.HttpHandler - 

Request DefaultHttpRequest(decodeResult: success, version: HTTP/1.1)
POST /session/a4202ba12ac86631ac52c60e9d968d2f/element/bf87f668-6964-474f-90ac-67c6fc234468/clear HTTP/1.1
User-Agent: selenium/4.1.2 (java windows)
Content-Length: 50
Content-Type: application/json; charset=utf-8
host: localhost:62928
accept: */*

Response DefaultHttpResponse(decodeResult: success, version: HTTP/1.1)
HTTP/1.1 200 OK
Content-Type: application/json; charset=utf-8
cache-control: no-cache
content-length: 14

10:17:35.620 [AsyncHttpClient-1-5] DEBUG org.asynchttpclient.netty.channel.ChannelManager - Adding key: http://localhost:62928 for channel [id: 0xa60790e5, L:/127.0.0.1:60536 - R:localhost/127.0.0.1:62928]
10:17:35.623 [Forwarding sendKeysToElement on session a4202ba12ac86631ac52c60e9d968d2f to remote] DEBUG org.asynchttpclient.netty.request.NettyRequestSender - Using pooled Channel '[id: 0xa60790e5, L:/127.0.0.1:60536 - R:localhost/127.0.0.1:62928]' for 'POST' to 'http://localhost:62928/session/a4202ba12ac86631ac52c60e9d968d2f/element/bf87f668-6964-474f-90ac-67c6fc234468/value'
10:17:35.623 [Forwarding sendKeysToElement on session a4202ba12ac86631ac52c60e9d968d2f to remote] DEBUG org.asynchttpclient.netty.request.NettyRequestSender - Using open Channel [id: 0xa60790e5, L:/127.0.0.1:60536 - R:localhost/127.0.0.1:62928] for POST '/session/a4202ba12ac86631ac52c60e9d968d2f/element/bf87f668-6964-474f-90ac-67c6fc234468/value'
10:17:35.664 [AsyncHttpClient-1-5] DEBUG org.asynchttpclient.netty.handler.HttpHandler - 

Request DefaultHttpRequest(decodeResult: success, version: HTTP/1.1)
POST /session/a4202ba12ac86631ac52c60e9d968d2f/element/bf87f668-6964-474f-90ac-67c6fc234468/value HTTP/1.1
User-Agent: selenium/4.1.2 (java windows)
Content-Length: 82
Content-Type: application/json; charset=utf-8
host: localhost:62928
accept: */*

Response DefaultHttpResponse(decodeResult: success, version: HTTP/1.1)
HTTP/1.1 200 OK
Content-Type: application/json; charset=utf-8
cache-control: no-cache
content-length: 14

10:17:35.664 [AsyncHttpClient-1-5] DEBUG org.asynchttpclient.netty.channel.ChannelManager - Adding key: http://localhost:62928 for channel [id: 0xa60790e5, L:/127.0.0.1:60536 - R:localhost/127.0.0.1:62928]
10:17:35.670 [Forwarding screenshot on session a4202ba12ac86631ac52c60e9d968d2f to remote] DEBUG org.asynchttpclient.netty.request.NettyRequestSender - Using pooled Channel '[id: 0xa60790e5, L:/127.0.0.1:60536 - R:localhost/127.0.0.1:62928]' for 'GET' to 'http://localhost:62928/session/a4202ba12ac86631ac52c60e9d968d2f/screenshot'
10:17:35.671 [Forwarding screenshot on session a4202ba12ac86631ac52c60e9d968d2f to remote] DEBUG org.asynchttpclient.netty.request.NettyRequestSender - Using open Channel [id: 0xa60790e5, L:/127.0.0.1:60536 - R:localhost/127.0.0.1:62928] for GET '/session/a4202ba12ac86631ac52c60e9d968d2f/screenshot'
10:17:35.965 [AsyncHttpClient-1-5] DEBUG org.asynchttpclient.netty.handler.HttpHandler - 

Request DefaultFullHttpRequest(decodeResult: success, version: HTTP/1.1, content: EmptyByteBufBE)
GET /session/a4202ba12ac86631ac52c60e9d968d2f/screenshot HTTP/1.1
User-Agent: selenium/4.1.2 (java windows)
Cache-Control: no-cache
Content-Type: application/json; charset=utf-8
host: localhost:62928
accept: */*

Response DefaultHttpResponse(decodeResult: success, version: HTTP/1.1)
HTTP/1.1 200 OK
Content-Type: application/json; charset=utf-8
cache-control: no-cache
content-length: 520172

10:17:35.967 [AsyncHttpClient-1-5] DEBUG org.asynchttpclient.netty.channel.ChannelManager - Adding key: http://localhost:62928 for channel [id: 0xa60790e5, L:/127.0.0.1:60536 - R:localhost/127.0.0.1:62928]
10:17:35.977 [main] DEBUG net.serenitybdd.core.photography.Darkroom - Send negative for processing for target\site\serenity\620acdeae153904e01d8ac78298db31adaba9977b0de71aba96498544a395445.png
10:17:35.977 [main] DEBUG net.thucydides.core.steps.StepInterceptor - STEP DONE: inputPassword
  &amp#27;[32mAnd &amp#27;[0m&amp#27;[32mi input &amp#27;[0m&amp#27;[32m&amp#27;[1m""&amp#27;[0m&amp#27;[32m password&amp#27;[0m                          &amp#27;[90m# starter.stepdefinitions.LoginStepDefinitions.iInputPassword(java.lang.String)&amp#27;[0m
10:17:35.977 [Darkroom Processing Line] DEBUG net.serenitybdd.core.photography.DarkroomProcessingLine - Processing screenshot image in /var/screenshots/screenshot-13317437895493544276
10:17:35.977 [Darkroom Processing Line] DEBUG net.serenitybdd.core.photography.DarkroomProcessingLine - Saving screenshot to target\site\serenity\620acdeae153904e01d8ac78298db31adaba9977b0de71aba96498544a395445.png
10:17:35.990 [main] DEBUG net.thucydides.core.steps.StepInterceptor - STARTING STEP: LoginStepDefinitions.clickLoginButton - clickLoginButton
10:17:35.992 [Forwarding findElement on session a4202ba12ac86631ac52c60e9d968d2f to remote] DEBUG org.asynchttpclient.netty.request.NettyRequestSender - Using pooled Channel '[id: 0xa60790e5, L:/127.0.0.1:60536 - R:localhost/127.0.0.1:62928]' for 'POST' to 'http://localhost:62928/session/a4202ba12ac86631ac52c60e9d968d2f/element'
10:17:35.992 [Forwarding findElement on session a4202ba12ac86631ac52c60e9d968d2f to remote] DEBUG org.asynchttpclient.netty.request.NettyRequestSender - Using open Channel [id: 0xa60790e5, L:/127.0.0.1:60536 - R:localhost/127.0.0.1:62928] for POST '/session/a4202ba12ac86631ac52c60e9d968d2f/element'
10:17:36.004 [AsyncHttpClient-1-5] DEBUG org.asynchttpclient.netty.handler.HttpHandler - 

Request DefaultHttpRequest(decodeResult: success, version: HTTP/1.1)
POST /session/a4202ba12ac86631ac52c60e9d968d2f/element HTTP/1.1
User-Agent: selenium/4.1.2 (java windows)
Content-Length: 59
Content-Type: application/json; charset=utf-8
host: localhost:62928
accept: */*

Response DefaultHttpResponse(decodeResult: success, version: HTTP/1.1)
HTTP/1.1 200 OK
Content-Type: application/json; charset=utf-8
cache-control: no-cache
content-length: 88

10:17:36.007 [AsyncHttpClient-1-1] DEBUG org.asynchttpclient.netty.channel.DefaultChannelPool - Entry count for : http://localhost:60537 : 1
10:17:36.007 [AsyncHttpClient-1-5] DEBUG org.asynchttpclient.netty.channel.ChannelManager - Adding key: http://localhost:62928 for channel [id: 0xa60790e5, L:/127.0.0.1:60536 - R:localhost/127.0.0.1:62928]
10:17:36.007 [Forwarding getElementTagName on session a4202ba12ac86631ac52c60e9d968d2f to remote] DEBUG org.asynchttpclient.netty.request.NettyRequestSender - Using pooled Channel '[id: 0xa60790e5, L:/127.0.0.1:60536 - R:localhost/127.0.0.1:62928]' for 'GET' to 'http://localhost:62928/session/a4202ba12ac86631ac52c60e9d968d2f/element/b8b05350-4092-432e-b663-c472e6958b84/name'
10:17:36.007 [Forwarding getElementTagName on session a4202ba12ac86631ac52c60e9d968d2f to remote] DEBUG org.asynchttpclient.netty.request.NettyRequestSender - Using open Channel [id: 0xa60790e5, L:/127.0.0.1:60536 - R:localhost/127.0.0.1:62928] for GET '/session/a4202ba12ac86631ac52c60e9d968d2f/element/b8b05350-4092-432e-b663-c472e6958b84/name'
10:17:36.012 [AsyncHttpClient-1-5] DEBUG org.asynchttpclient.netty.handler.HttpHandler - 

Request DefaultFullHttpRequest(decodeResult: success, version: HTTP/1.1, content: EmptyByteBufBE)
GET /session/a4202ba12ac86631ac52c60e9d968d2f/element/b8b05350-4092-432e-b663-c472e6958b84/name HTTP/1.1
User-Agent: selenium/4.1.2 (java windows)
Cache-Control: no-cache
Content-Type: application/json; charset=utf-8
host: localhost:62928
accept: */*

Response DefaultHttpResponse(decodeResult: success, version: HTTP/1.1)
HTTP/1.1 200 OK
Content-Type: application/json; charset=utf-8
cache-control: no-cache
content-length: 18

10:17:36.014 [AsyncHttpClient-1-5] DEBUG org.asynchttpclient.netty.channel.ChannelManager - Adding key: http://localhost:62928 for channel [id: 0xa60790e5, L:/127.0.0.1:60536 - R:localhost/127.0.0.1:62928]
10:17:36.014 [Forwarding getElementTagName on session a4202ba12ac86631ac52c60e9d968d2f to remote] DEBUG org.asynchttpclient.netty.request.NettyRequestSender - Using pooled Channel '[id: 0xa60790e5, L:/127.0.0.1:60536 - R:localhost/127.0.0.1:62928]' for 'GET' to 'http://localhost:62928/session/a4202ba12ac86631ac52c60e9d968d2f/element/b8b05350-4092-432e-b663-c472e6958b84/name'
10:17:36.014 [Forwarding getElementTagName on session a4202ba12ac86631ac52c60e9d968d2f to remote] DEBUG org.asynchttpclient.netty.request.NettyRequestSender - Using open Channel [id: 0xa60790e5, L:/127.0.0.1:60536 - R:localhost/127.0.0.1:62928] for GET '/session/a4202ba12ac86631ac52c60e9d968d2f/element/b8b05350-4092-432e-b663-c472e6958b84/name'
10:17:36.022 [AsyncHttpClient-1-5] DEBUG org.asynchttpclient.netty.handler.HttpHandler - 

Request DefaultFullHttpRequest(decodeResult: success, version: HTTP/1.1, content: EmptyByteBufBE)
GET /session/a4202ba12ac86631ac52c60e9d968d2f/element/b8b05350-4092-432e-b663-c472e6958b84/name HTTP/1.1
User-Agent: selenium/4.1.2 (java windows)
Cache-Control: no-cache
Content-Type: application/json; charset=utf-8
host: localhost:62928
accept: */*

Response DefaultHttpResponse(decodeResult: success, version: HTTP/1.1)
HTTP/1.1 200 OK
Content-Type: application/json; charset=utf-8
cache-control: no-cache
content-length: 18

10:17:36.022 [AsyncHttpClient-1-5] DEBUG org.asynchttpclient.netty.channel.ChannelManager - Adding key: http://localhost:62928 for channel [id: 0xa60790e5, L:/127.0.0.1:60536 - R:localhost/127.0.0.1:62928]
10:17:36.024 [Forwarding isElementEnabled on session a4202ba12ac86631ac52c60e9d968d2f to remote] DEBUG org.asynchttpclient.netty.request.NettyRequestSender - Using pooled Channel '[id: 0xa60790e5, L:/127.0.0.1:60536 - R:localhost/127.0.0.1:62928]' for 'GET' to 'http://localhost:62928/session/a4202ba12ac86631ac52c60e9d968d2f/element/b8b05350-4092-432e-b663-c472e6958b84/enabled'
10:17:36.024 [Forwarding isElementEnabled on session a4202ba12ac86631ac52c60e9d968d2f to remote] DEBUG org.asynchttpclient.netty.request.NettyRequestSender - Using open Channel [id: 0xa60790e5, L:/127.0.0.1:60536 - R:localhost/127.0.0.1:62928] for GET '/session/a4202ba12ac86631ac52c60e9d968d2f/element/b8b05350-4092-432e-b663-c472e6958b84/enabled'
10:17:36.034 [AsyncHttpClient-1-5] DEBUG org.asynchttpclient.netty.handler.HttpHandler - 

Request DefaultFullHttpRequest(decodeResult: success, version: HTTP/1.1, content: EmptyByteBufBE)
GET /session/a4202ba12ac86631ac52c60e9d968d2f/element/b8b05350-4092-432e-b663-c472e6958b84/enabled HTTP/1.1
User-Agent: selenium/4.1.2 (java windows)
Cache-Control: no-cache
Content-Type: application/json; charset=utf-8
host: localhost:62928
accept: */*

Response DefaultHttpResponse(decodeResult: success, version: HTTP/1.1)
HTTP/1.1 200 OK
Content-Type: application/json; charset=utf-8
cache-control: no-cache
content-length: 14

10:17:36.034 [AsyncHttpClient-1-5] DEBUG org.asynchttpclient.netty.channel.ChannelManager - Adding key: http://localhost:62928 for channel [id: 0xa60790e5, L:/127.0.0.1:60536 - R:localhost/127.0.0.1:62928]
10:17:36.037 [Forwarding isElementEnabled on session a4202ba12ac86631ac52c60e9d968d2f to remote] DEBUG org.asynchttpclient.netty.request.NettyRequestSender - Using pooled Channel '[id: 0xa60790e5, L:/127.0.0.1:60536 - R:localhost/127.0.0.1:62928]' for 'GET' to 'http://localhost:62928/session/a4202ba12ac86631ac52c60e9d968d2f/element/b8b05350-4092-432e-b663-c472e6958b84/enabled'
10:17:36.037 [Forwarding isElementEnabled on session a4202ba12ac86631ac52c60e9d968d2f to remote] DEBUG org.asynchttpclient.netty.request.NettyRequestSender - Using open Channel [id: 0xa60790e5, L:/127.0.0.1:60536 - R:localhost/127.0.0.1:62928] for GET '/session/a4202ba12ac86631ac52c60e9d968d2f/element/b8b05350-4092-432e-b663-c472e6958b84/enabled'
10:17:36.042 [AsyncHttpClient-1-5] DEBUG org.asynchttpclient.netty.handler.HttpHandler - 

Request DefaultFullHttpRequest(decodeResult: success, version: HTTP/1.1, content: EmptyByteBufBE)
GET /session/a4202ba12ac86631ac52c60e9d968d2f/element/b8b05350-4092-432e-b663-c472e6958b84/enabled HTTP/1.1
User-Agent: selenium/4.1.2 (java windows)
Cache-Control: no-cache
Content-Type: application/json; charset=utf-8
host: localhost:62928
accept: */*

Response DefaultHttpResponse(decodeResult: success, version: HTTP/1.1)
HTTP/1.1 200 OK
Content-Type: application/json; charset=utf-8
cache-control: no-cache
content-length: 14

10:17:36.044 [AsyncHttpClient-1-5] DEBUG org.asynchttpclient.netty.channel.ChannelManager - Adding key: http://localhost:62928 for channel [id: 0xa60790e5, L:/127.0.0.1:60536 - R:localhost/127.0.0.1:62928]
10:17:36.047 [Forwarding findElement on session a4202ba12ac86631ac52c60e9d968d2f to remote] DEBUG org.asynchttpclient.netty.request.NettyRequestSender - Using pooled Channel '[id: 0xa60790e5, L:/127.0.0.1:60536 - R:localhost/127.0.0.1:62928]' for 'POST' to 'http://localhost:62928/session/a4202ba12ac86631ac52c60e9d968d2f/element'
10:17:36.047 [Forwarding findElement on session a4202ba12ac86631ac52c60e9d968d2f to remote] DEBUG org.asynchttpclient.netty.request.NettyRequestSender - Using open Channel [id: 0xa60790e5, L:/127.0.0.1:60536 - R:localhost/127.0.0.1:62928] for POST '/session/a4202ba12ac86631ac52c60e9d968d2f/element'
10:17:36.052 [AsyncHttpClient-1-5] DEBUG org.asynchttpclient.netty.handler.HttpHandler - 

Request DefaultHttpRequest(decodeResult: success, version: HTTP/1.1)
POST /session/a4202ba12ac86631ac52c60e9d968d2f/element HTTP/1.1
User-Agent: selenium/4.1.2 (java windows)
Content-Length: 59
Content-Type: application/json; charset=utf-8
host: localhost:62928
accept: */*

Response DefaultHttpResponse(decodeResult: success, version: HTTP/1.1)
HTTP/1.1 200 OK
Content-Type: application/json; charset=utf-8
cache-control: no-cache
content-length: 88

10:17:36.052 [AsyncHttpClient-1-5] DEBUG org.asynchttpclient.netty.channel.ChannelManager - Adding key: http://localhost:62928 for channel [id: 0xa60790e5, L:/127.0.0.1:60536 - R:localhost/127.0.0.1:62928]
10:17:36.054 [Forwarding clickElement on session a4202ba12ac86631ac52c60e9d968d2f to remote] DEBUG org.asynchttpclient.netty.request.NettyRequestSender - Using pooled Channel '[id: 0xa60790e5, L:/127.0.0.1:60536 - R:localhost/127.0.0.1:62928]' for 'POST' to 'http://localhost:62928/session/a4202ba12ac86631ac52c60e9d968d2f/element/b8b05350-4092-432e-b663-c472e6958b84/click'
10:17:36.054 [Forwarding clickElement on session a4202ba12ac86631ac52c60e9d968d2f to remote] DEBUG org.asynchttpclient.netty.request.NettyRequestSender - Using open Channel [id: 0xa60790e5, L:/127.0.0.1:60536 - R:localhost/127.0.0.1:62928] for POST '/session/a4202ba12ac86631ac52c60e9d968d2f/element/b8b05350-4092-432e-b663-c472e6958b84/click'
10:17:37.105 [AsyncHttpClient-1-1] DEBUG org.asynchttpclient.netty.channel.DefaultChannelPool - Entry count for : http://localhost:60537 : 1
10:17:38.206 [AsyncHttpClient-1-1] DEBUG org.asynchttpclient.netty.channel.DefaultChannelPool - Entry count for : http://localhost:60537 : 1
10:17:39.307 [AsyncHttpClient-1-1] DEBUG org.asynchttpclient.netty.channel.DefaultChannelPool - Entry count for : http://localhost:60537 : 1
10:17:40.352 [AsyncHttpClient-1-5] DEBUG org.asynchttpclient.netty.handler.HttpHandler - 

Request DefaultHttpRequest(decodeResult: success, version: HTTP/1.1)
POST /session/a4202ba12ac86631ac52c60e9d968d2f/element/b8b05350-4092-432e-b663-c472e6958b84/click HTTP/1.1
User-Agent: selenium/4.1.2 (java windows)
Content-Length: 50
Content-Type: application/json; charset=utf-8
host: localhost:62928
accept: */*

Response DefaultHttpResponse(decodeResult: success, version: HTTP/1.1)
HTTP/1.1 200 OK
Content-Type: application/json; charset=utf-8
cache-control: no-cache
content-length: 14

10:17:40.353 [AsyncHttpClient-1-5] DEBUG org.asynchttpclient.netty.channel.ChannelManager - Adding key: http://localhost:62928 for channel [id: 0xa60790e5, L:/127.0.0.1:60536 - R:localhost/127.0.0.1:62928]
10:17:40.361 [Forwarding screenshot on session a4202ba12ac86631ac52c60e9d968d2f to remote] DEBUG org.asynchttpclient.netty.request.NettyRequestSender - Using pooled Channel '[id: 0xa60790e5, L:/127.0.0.1:60536 - R:localhost/127.0.0.1:62928]' for 'GET' to 'http://localhost:62928/session/a4202ba12ac86631ac52c60e9d968d2f/screenshot'
10:17:40.362 [Forwarding screenshot on session a4202ba12ac86631ac52c60e9d968d2f to remote] DEBUG org.asynchttpclient.netty.request.NettyRequestSender - Using open Channel [id: 0xa60790e5, L:/127.0.0.1:60536 - R:localhost/127.0.0.1:62928] for GET '/session/a4202ba12ac86631ac52c60e9d968d2f/screenshot'
10:17:40.405 [AsyncHttpClient-1-1] DEBUG org.asynchttpclient.netty.channel.DefaultChannelPool - Entry count for : http://localhost:60537 : 1
10:17:40.923 [AsyncHttpClient-1-5] DEBUG org.asynchttpclient.netty.handler.HttpHandler - 

Request DefaultFullHttpRequest(decodeResult: success, version: HTTP/1.1, content: EmptyByteBufBE)
GET /session/a4202ba12ac86631ac52c60e9d968d2f/screenshot HTTP/1.1
User-Agent: selenium/4.1.2 (java windows)
Cache-Control: no-cache
Content-Type: application/json; charset=utf-8
host: localhost:62928
accept: */*

Response DefaultHttpResponse(decodeResult: success, version: HTTP/1.1)
HTTP/1.1 200 OK
Content-Type: application/json; charset=utf-8
cache-control: no-cache
content-length: 1330296

10:17:40.927 [AsyncHttpClient-1-5] DEBUG org.asynchttpclient.netty.channel.ChannelManager - Adding key: http://localhost:62928 for channel [id: 0xa60790e5, L:/127.0.0.1:60536 - R:localhost/127.0.0.1:62928]
10:17:40.957 [main] DEBUG net.serenitybdd.core.photography.Darkroom - Send negative for processing for target\site\serenity\c65a8326086cf8a922bb6c5443e00ede2b1e1dc72aef6d412113d6cdd746efe4.png
10:17:40.958 [Darkroom Processing Line] DEBUG net.serenitybdd.core.photography.DarkroomProcessingLine - Processing screenshot image in /var/screenshots/screenshot-6048373818723415216
10:17:40.963 [Darkroom Processing Line] DEBUG net.serenitybdd.core.photography.DarkroomProcessingLine - Saving screenshot to target\site\serenity\c65a8326086cf8a922bb6c5443e00ede2b1e1dc72aef6d412113d6cdd746efe4.png
10:17:40.958 [main] DEBUG net.thucydides.core.steps.StepInterceptor - STEP DONE: clickLoginButton
  &amp#27;[32mAnd &amp#27;[0m&amp#27;[32mclick login button&amp#27;[0m                           &amp#27;[90m# starter.stepdefinitions.LoginStepDefinitions.clickLoginButton()&amp#27;[0m
10:17:40.988 [main] DEBUG net.thucydides.core.steps.StepInterceptor - STARTING STEP: LoginStepDefinitions.iGetThe - validateLoginFormIsApp
10:17:40.990 [Forwarding findElement on session a4202ba12ac86631ac52c60e9d968d2f to remote] DEBUG org.asynchttpclient.netty.request.NettyRequestSender - Using pooled Channel '[id: 0xa60790e5, L:/127.0.0.1:60536 - R:localhost/127.0.0.1:62928]' for 'POST' to 'http://localhost:62928/session/a4202ba12ac86631ac52c60e9d968d2f/element'
10:17:40.990 [Forwarding findElement on session a4202ba12ac86631ac52c60e9d968d2f to remote] DEBUG org.asynchttpclient.netty.request.NettyRequestSender - Using open Channel [id: 0xa60790e5, L:/127.0.0.1:60536 - R:localhost/127.0.0.1:62928] for POST '/session/a4202ba12ac86631ac52c60e9d968d2f/element'
10:17:41.072 [AsyncHttpClient-1-5] DEBUG org.asynchttpclient.netty.handler.HttpHandler - 

Request DefaultHttpRequest(decodeResult: success, version: HTTP/1.1)
POST /session/a4202ba12ac86631ac52c60e9d968d2f/element HTTP/1.1
User-Agent: selenium/4.1.2 (java windows)
Content-Length: 103
Content-Type: application/json; charset=utf-8
host: localhost:62928
accept: */*

Response DefaultHttpResponse(decodeResult: success, version: HTTP/1.1)
HTTP/1.1 200 OK
Content-Type: application/json; charset=utf-8
cache-control: no-cache
content-length: 88

10:17:41.073 [AsyncHttpClient-1-5] DEBUG org.asynchttpclient.netty.channel.ChannelManager - Adding key: http://localhost:62928 for channel [id: 0xa60790e5, L:/127.0.0.1:60536 - R:localhost/127.0.0.1:62928]
10:17:41.077 [Forwarding isElementDisplayed on session a4202ba12ac86631ac52c60e9d968d2f to remote] DEBUG org.asynchttpclient.netty.request.NettyRequestSender - Using pooled Channel '[id: 0xa60790e5, L:/127.0.0.1:60536 - R:localhost/127.0.0.1:62928]' for 'POST' to 'http://localhost:62928/session/a4202ba12ac86631ac52c60e9d968d2f/execute/sync'
10:17:41.077 [Forwarding isElementDisplayed on session a4202ba12ac86631ac52c60e9d968d2f to remote] DEBUG org.asynchttpclient.netty.request.NettyRequestSender - Using open Channel [id: 0xa60790e5, L:/127.0.0.1:60536 - R:localhost/127.0.0.1:62928] for POST '/session/a4202ba12ac86631ac52c60e9d968d2f/execute/sync'
10:17:41.113 [AsyncHttpClient-1-5] DEBUG org.asynchttpclient.netty.handler.HttpHandler - 

Request DefaultHttpRequest(decodeResult: success, version: HTTP/1.1)
POST /session/a4202ba12ac86631ac52c60e9d968d2f/execute/sync HTTP/1.1
User-Agent: selenium/4.1.2 (java windows)
Content-Length: 48780
Content-Type: application/json; charset=utf-8
host: localhost:62928
accept: */*

Response DefaultHttpResponse(decodeResult: success, version: HTTP/1.1)
HTTP/1.1 200 OK
Content-Type: application/json; charset=utf-8
cache-control: no-cache
content-length: 15

10:17:41.113 [AsyncHttpClient-1-5] DEBUG org.asynchttpclient.netty.channel.ChannelManager - Adding key: http://localhost:62928 for channel [id: 0xa60790e5, L:/127.0.0.1:60536 - R:localhost/127.0.0.1:62928]
10:17:41.120 [Forwarding screenshot on session a4202ba12ac86631ac52c60e9d968d2f to remote] DEBUG org.asynchttpclient.netty.request.NettyRequestSender - Using pooled Channel '[id: 0xa60790e5, L:/127.0.0.1:60536 - R:localhost/127.0.0.1:62928]' for 'GET' to 'http://localhost:62928/session/a4202ba12ac86631ac52c60e9d968d2f/screenshot'
10:17:41.120 [Forwarding screenshot on session a4202ba12ac86631ac52c60e9d968d2f to remote] DEBUG org.asynchttpclient.netty.request.NettyRequestSender - Using open Channel [id: 0xa60790e5, L:/127.0.0.1:60536 - R:localhost/127.0.0.1:62928] for GET '/session/a4202ba12ac86631ac52c60e9d968d2f/screenshot'
10:17:41.513 [AsyncHttpClient-1-1] DEBUG org.asynchttpclient.netty.channel.DefaultChannelPool - Entry count for : http://localhost:60537 : 1
10:17:41.617 [AsyncHttpClient-1-5] DEBUG org.asynchttpclient.netty.handler.HttpHandler - 

Request DefaultFullHttpRequest(decodeResult: success, version: HTTP/1.1, content: EmptyByteBufBE)
GET /session/a4202ba12ac86631ac52c60e9d968d2f/screenshot HTTP/1.1
User-Agent: selenium/4.1.2 (java windows)
Cache-Control: no-cache
Content-Type: application/json; charset=utf-8
host: localhost:62928
accept: */*

Response DefaultHttpResponse(decodeResult: success, version: HTTP/1.1)
HTTP/1.1 200 OK
Content-Type: application/json; charset=utf-8
cache-control: no-cache
content-length: 1308248

10:17:41.621 [AsyncHttpClient-1-5] DEBUG org.asynchttpclient.netty.channel.ChannelManager - Adding key: http://localhost:62928 for channel [id: 0xa60790e5, L:/127.0.0.1:60536 - R:localhost/127.0.0.1:62928]
10:17:41.653 [main] DEBUG net.serenitybdd.core.photography.Darkroom - Send negative for processing for target\site\serenity\85c8418bba5edd5b85a5aae6d45413c15dd332a32ec1a9e9a9d4d5d2e376db09.png
10:17:41.653 [main] DEBUG net.thucydides.core.steps.StepInterceptor - STEP DONE: validateLoginFormIsApp
10:17:41.654 [Darkroom Processing Line] DEBUG net.serenitybdd.core.photography.DarkroomProcessingLine - Processing screenshot image in /var/screenshots/screenshot-14845019197150344574
10:17:41.654 [Darkroom Processing Line] DEBUG net.serenitybdd.core.photography.DarkroomProcessingLine - Saving screenshot to target\site\serenity\85c8418bba5edd5b85a5aae6d45413c15dd332a32ec1a9e9a9d4d5d2e376db09.png
10:17:41.662 [main] DEBUG net.thucydides.core.steps.StepInterceptor - STARTING STEP: LoginStepDefinitions.iGetThe - errorMessageAlert
10:17:41.670 [main] DEBUG net.thucydides.core.steps.StepInterceptor - STEP DONE: errorMessageAlert
  &amp#27;[32mThen &amp#27;[0m&amp#27;[32mi get the &amp#27;[0m&amp#27;[32m&amp#27;[1m"Login Page"&amp#27;[0m                      &amp#27;[90m# starter.stepdefinitions.LoginStepDefinitions.iGetThe(java.lang.String)&amp#27;[0m
10:17:41.684 [AsyncHttpClient-1-7] DEBUG org.asynchttpclient.netty.handler.WebSocketHandler - Channel Closed: [id: 0x8cb02b31, L:/127.0.0.1:60545 ! R:localhost/127.0.0.1:60537] with attribute NettyResponseFuture{currentRetry=5,
	isDone=1,
	isCancelled=0,
	asyncHandler=org.asynchttpclient.ws.WebSocketUpgradeHandler@52b32e90,
	nettyRequest=org.asynchttpclient.netty.request.NettyRequest@af8939e,
	future=java.util.concurrent.CompletableFuture@2aa8ad6c[Completed normally],
	uri=ws://localhost:60537/devtools/browser/32bd7d6a-1764-4b2b-b783-50ae934e182c,
	keepAlive=true,
	redirectCount=0,
	timeoutsHolder=null,
	inAuth=0,
	touch=1650943047110}
10:17:41.684 [AsyncHttpClient-1-7] DEBUG org.asynchttpclient.netty.channel.ChannelManager - Closing Channel [id: 0x8cb02b31, L:/127.0.0.1:60545 ! R:localhost/127.0.0.1:60537] 
10:17:41.684 [Driver Command Executor] DEBUG org.asynchttpclient.netty.request.NettyRequestSender - Using pooled Channel '[id: 0xa60790e5, L:/127.0.0.1:60536 - R:localhost/127.0.0.1:62928]' for 'DELETE' to 'http://localhost:62928/session/a4202ba12ac86631ac52c60e9d968d2f'
10:17:41.685 [Driver Command Executor] DEBUG org.asynchttpclient.netty.request.NettyRequestSender - Using open Channel [id: 0xa60790e5, L:/127.0.0.1:60536 - R:localhost/127.0.0.1:62928] for DELETE '/session/a4202ba12ac86631ac52c60e9d968d2f'
10:17:41.713 [AsyncHttpClient-1-6] DEBUG org.asynchttpclient.netty.handler.HttpHandler - Unexpected I/O exception on channel [id: 0x5a42a124, L:/127.0.0.1:60544 - R:localhost/127.0.0.1:60537]
java.net.SocketException: Connection reset
	at java.base/sun.nio.ch.SocketChannelImpl.throwConnectionReset(SocketChannelImpl.java:367)
	at java.base/sun.nio.ch.SocketChannelImpl.read(SocketChannelImpl.java:398)
	at io.netty.buffer.PooledByteBuf.setBytes(PooledByteBuf.java:258)
	at io.netty.buffer.AbstractByteBuf.writeBytes(AbstractByteBuf.java:1132)
	at io.netty.channel.socket.nio.NioSocketChannel.doReadBytes(NioSocketChannel.java:350)
	at io.netty.channel.nio.AbstractNioByteChannel$NioByteUnsafe.read(AbstractNioByteChannel.java:151)
	at io.netty.channel.nio.NioEventLoop.processSelectedKey(NioEventLoop.java:722)
	at io.netty.channel.nio.NioEventLoop.processSelectedKeysOptimized(NioEventLoop.java:658)
	at io.netty.channel.nio.NioEventLoop.processSelectedKeys(NioEventLoop.java:584)
	at io.netty.channel.nio.NioEventLoop.run(NioEventLoop.java:496)
	at io.netty.util.concurrent.SingleThreadEventExecutor$4.run(SingleThreadEventExecutor.java:986)
	at io.netty.util.internal.ThreadExecutorMap$2.run(ThreadExecutorMap.java:74)
	at io.netty.util.concurrent.FastThreadLocalRunnable.run(FastThreadLocalRunnable.java:30)
	at java.base/java.lang.Thread.run(Thread.java:832)
10:17:41.713 [AsyncHttpClient-1-6] DEBUG org.asynchttpclient.netty.channel.ChannelManager - Closing Channel [id: 0x5a42a124, L:/127.0.0.1:60544 - R:localhost/127.0.0.1:60537] 
10:17:41.714 [AsyncHttpClient-1-6] DEBUG org.asynchttpclient.netty.handler.HttpHandler - Channel Closed: [id: 0x5a42a124, L:/127.0.0.1:60544 ! R:localhost/127.0.0.1:60537] with attribute DISCARD
10:17:41.745 [AsyncHttpClient-1-5] DEBUG org.asynchttpclient.netty.handler.HttpHandler - 

Request DefaultFullHttpRequest(decodeResult: success, version: HTTP/1.1, content: EmptyByteBufBE)
DELETE /session/a4202ba12ac86631ac52c60e9d968d2f HTTP/1.1
User-Agent: selenium/4.1.2 (java windows)
Content-Type: application/json; charset=utf-8
host: localhost:62928
accept: */*

Response DefaultHttpResponse(decodeResult: success, version: HTTP/1.1)
HTTP/1.1 200 OK
Content-Type: application/json; charset=utf-8
cache-control: no-cache
content-length: 14

10:17:41.745 [AsyncHttpClient-1-5] DEBUG org.asynchttpclient.netty.channel.ChannelManager - Adding key: http://localhost:62928 for channel [id: 0xa60790e5, L:/127.0.0.1:60536 - R:localhost/127.0.0.1:62928]
10:17:41.913 [AsyncHttpClient-1-5] DEBUG org.asynchttpclient.netty.handler.HttpHandler - Channel Closed: [id: 0xa60790e5, L:/127.0.0.1:60536 ! R:localhost/127.0.0.1:62928] with attribute DISCARD
10:17:42.436 [main] ERROR  - 
  _____   ___   ___   _____     ___   ___   ___    ___    ___ 
 |_   _| | __| / __| |_   _|   | __| | _ \ | _ \  / _ \  | _ \
   | |   | _|  \__ \   | |     | _|  |   / |   / | (_) | |   /
   |_|   |___| |___/   |_|     |___| |_|_\ |_|_\  \___/  |_|_\

Login scenario
---------------------------------------------------------------
10:17:42.436 [main] DEBUG  - RELATED ISSUES: 
10:17:42.436 [main] ERROR  -     Test failed at step: Validate login form is app
10:17:42.436 [main] ERROR  -     no such element: Unable to locate element: {"method":"xpath","selector":"//*[@id="customer_login"]/div[1]/div/h3"}
]]></system-out>
    <system-err><![CDATA[Starting ChromeDriver 100.0.4896.60 (6a5d10861ce8de5fce22564658033b43cb7de047-refs/branch-heads/4896@{#875}) on port 62928
Only local connections are allowed.
Please see https://chromedriver.chromium.org/security-considerations for suggestions on keeping ChromeDriver safe.
ChromeDriver was started successfully.
Apr 26, 2022 10:17:27 AM org.openqa.selenium.remote.ProtocolHandshake createSession
INFO: Detected dialect: W3C
Apr 26, 2022 10:17:27 AM org.openqa.selenium.devtools.CdpVersionFinder findNearestMatch
WARNING: Unable to find an exact match for CDP version 100, so returning the closest version found: 97
Apr 26, 2022 10:17:27 AM org.openqa.selenium.devtools.CdpVersionFinder findNearestMatch
INFO: Found CDP implementation for version 100 of 97
]]></system-err>
  </testcase>
  <testcase name="Login scenario #3" classname="Login" time="17.45">
    <system-out><![CDATA[
@DDT
Scenario Outline: Login scenario       &amp#27;[90m# src/test/resources/features/login.feature:28&amp#27;[0m
10:17:42.436 [main] INFO io.cucumber.core.plugin.SerenityReporter - Running feature from file:///D:/PERKULIAHAN/Semester%206,Hebatt%20glad!/Dot-TechnicalTest/src/test/resources/features/login.feature
10:17:42.467 [main] DEBUG net.thucydides.core.steps.StepInterceptor - STARTING STEP: LoginStepDefinitions.iAmOnLoginPage - openUrl
10:17:42.467 [main] INFO net.serenitybdd.core.webdriver.driverproviders.ChromeDriverProvider - Using automatically driver download
10:17:42.593 [main] DEBUG io.github.bonigarcia.wdm.cache.ResolutionCache - Resolution chrome=100 in cache (valid until 11:02:02 26/04/2022 WIB)
10:17:42.593 [main] DEBUG io.github.bonigarcia.wdm.cache.ResolutionCache - Resolution chrome100=100.0.4896.60 in cache (valid until 19:36:13 26/04/2022 WIB)
10:17:42.609 [AsyncHttpClient-1-1] DEBUG org.asynchttpclient.netty.channel.DefaultChannelPool - Entry count for : http://localhost:62928 : 1
10:17:42.609 [AsyncHttpClient-1-1] DEBUG org.asynchttpclient.netty.channel.DefaultChannelPool - Entry count for : http://localhost:60537 : 1
10:17:42.609 [AsyncHttpClient-1-1] DEBUG org.asynchttpclient.netty.channel.DefaultChannelPool - Adding Candidate expired Channel [id: 0xa60790e5, L:/127.0.0.1:60536 ! R:localhost/127.0.0.1:62928] isIdleTimeoutExpired=false isRemotelyClosed=true isTtlExpired=false
10:17:42.609 [AsyncHttpClient-1-1] DEBUG org.asynchttpclient.netty.channel.DefaultChannelPool - Closing Idle Channel [id: 0xa60790e5, L:/127.0.0.1:60536 ! R:localhost/127.0.0.1:62928]
10:17:42.609 [AsyncHttpClient-1-1] DEBUG org.asynchttpclient.netty.channel.DefaultChannelPool - Adding Candidate expired Channel [id: 0x5a42a124, L:/127.0.0.1:60544 ! R:localhost/127.0.0.1:60537] isIdleTimeoutExpired=false isRemotelyClosed=true isTtlExpired=false
10:17:42.609 [AsyncHttpClient-1-1] DEBUG org.asynchttpclient.netty.channel.DefaultChannelPool - Closing Idle Channel [id: 0x5a42a124, L:/127.0.0.1:60544 ! R:localhost/127.0.0.1:60537]
10:17:42.609 [AsyncHttpClient-1-1] DEBUG org.asynchttpclient.netty.channel.DefaultChannelPool - Closed 2 connections out of 2 in 0 ms
10:17:42.609 [main] INFO io.github.bonigarcia.wdm.WebDriverManager - Using chromedriver 100.0.4896.60 (resolved driver for Chrome 100)
10:17:42.624 [main] DEBUG io.github.bonigarcia.wdm.WebDriverManager - Driver chromedriver 100.0.4896.60 found in cache
10:17:42.624 [main] INFO io.github.bonigarcia.wdm.WebDriverManager - Exporting webdriver.chrome.driver as C:\Users\ASUS\.cache\selenium\chromedriver\win32\100.0.4896.60\chromedriver.exe
10:17:42.767 [main] DEBUG net.serenitybdd.core.webdriver.driverproviders.ProvideNewDriver - Instantiating driver
10:17:42.768 [main] DEBUG net.serenitybdd.core.webdriver.driverproviders.ProvideNewDriver - Driver capabilities: Capabilities {acceptInsecureCerts: false, base.url: https://www.psegameshop.com/, browserName: chrome, chrome.driver: src/test/resources/webdrive..., driver: chrome, goog:chromeOptions: {args: [], extensions: []}}
10:17:43.307 [AsyncHttpClient-1-8] DEBUG org.asynchttpclient.netty.channel.NettyConnectListener - Using new Channel '[id: 0xfd96be99, L:/127.0.0.1:60608 - R:localhost/127.0.0.1:49454]' for 'POST' to '/session'
10:17:44.371 [AsyncHttpClient-1-8] DEBUG org.asynchttpclient.netty.handler.HttpHandler - 

Request DefaultHttpRequest(decodeResult: success, version: HTTP/1.1)
POST /session HTTP/1.1
User-Agent: selenium/4.1.2 (java windows)
Content-Length: 614
Content-Type: application/json; charset=utf-8
host: localhost:49454
accept: */*

Response DefaultHttpResponse(decodeResult: success, version: HTTP/1.1)
HTTP/1.1 200 OK
Content-Type: application/json; charset=utf-8
cache-control: no-cache
content-length: 790

10:17:44.371 [AsyncHttpClient-1-8] DEBUG org.asynchttpclient.netty.channel.ChannelManager - Adding key: http://localhost:49454 for channel [id: 0xfd96be99, L:/127.0.0.1:60608 - R:localhost/127.0.0.1:49454]
10:17:44.382 [AsyncHttpClient-1-9] DEBUG org.asynchttpclient.netty.channel.NettyConnectListener - Using new Channel '[id: 0x1eda09cb, L:/127.0.0.1:60617 - R:localhost/127.0.0.1:60610]' for 'GET' to '/json/version'
10:17:44.388 [AsyncHttpClient-1-9] DEBUG org.asynchttpclient.netty.handler.HttpHandler - 

Request DefaultFullHttpRequest(decodeResult: success, version: HTTP/1.1, content: EmptyByteBufBE)
GET /json/version HTTP/1.1
User-Agent: selenium/4.1.2 (java windows)
host: localhost:60610
accept: */*

Response DefaultHttpResponse(decodeResult: success, version: HTTP/1.1)
HTTP/1.1 200 OK
Content-Type: application/json; charset=UTF-8
content-length: 429

10:17:44.388 [AsyncHttpClient-1-9] DEBUG org.asynchttpclient.netty.channel.ChannelManager - Adding key: http://localhost:60610 for channel [id: 0x1eda09cb, L:/127.0.0.1:60617 - R:localhost/127.0.0.1:60610]
10:17:44.391 [AsyncHttpClient-1-10] DEBUG org.asynchttpclient.netty.channel.NettyConnectListener - Using new Channel '[id: 0x80eaa471, L:/127.0.0.1:60618 - R:localhost/127.0.0.1:60610]' for 'GET' to '/devtools/browser/64a96765-094e-4981-960a-c5d1ea6f21f5'
10:17:44.392 [AsyncHttpClient-1-10] DEBUG org.asynchttpclient.netty.handler.WebSocketHandler - 

Request DefaultFullHttpRequest(decodeResult: success, version: HTTP/1.1, content: EmptyByteBufBE)
GET /devtools/browser/64a96765-094e-4981-960a-c5d1ea6f21f5 HTTP/1.1
upgrade: websocket
connection: upgrade
sec-websocket-key: yvkmyfsIQiI4olxpiwq4GQ==
sec-websocket-version: 13
origin: http://localhost:60610
host: localhost:60610
accept: */*
user-agent: AHC/2.1

Response DefaultHttpResponse(decodeResult: success, version: HTTP/1.1)
HTTP/1.1 101 WebSocket Protocol Handshake
Upgrade: WebSocket
Connection: Upgrade
Sec-WebSocket-Accept: 6G1Inq8q37kuYtvQDACUotIlMUo=

10:17:44.392 [Forwarding maximizeCurrentWindow on session c2da78a8743b70f21d39a580449faa6e to remote] DEBUG org.asynchttpclient.netty.request.NettyRequestSender - Using pooled Channel '[id: 0xfd96be99, L:/127.0.0.1:60608 - R:localhost/127.0.0.1:49454]' for 'POST' to 'http://localhost:49454/session/c2da78a8743b70f21d39a580449faa6e/window/maximize'
10:17:44.392 [Forwarding maximizeCurrentWindow on session c2da78a8743b70f21d39a580449faa6e to remote] DEBUG org.asynchttpclient.netty.request.NettyRequestSender - Using open Channel [id: 0xfd96be99, L:/127.0.0.1:60608 - R:localhost/127.0.0.1:49454] for POST '/session/c2da78a8743b70f21d39a580449faa6e/window/maximize'
10:17:44.522 [AsyncHttpClient-1-8] DEBUG org.asynchttpclient.netty.handler.HttpHandler - 

Request DefaultHttpRequest(decodeResult: success, version: HTTP/1.1)
POST /session/c2da78a8743b70f21d39a580449faa6e/window/maximize HTTP/1.1
User-Agent: selenium/4.1.2 (java windows)
Content-Length: 3
Content-Type: application/json; charset=utf-8
host: localhost:49454
accept: */*

Response DefaultHttpResponse(decodeResult: success, version: HTTP/1.1)
HTTP/1.1 200 OK
Content-Type: application/json; charset=utf-8
cache-control: no-cache
content-length: 51

10:17:44.522 [AsyncHttpClient-1-8] DEBUG org.asynchttpclient.netty.channel.ChannelManager - Adding key: http://localhost:49454 for channel [id: 0xfd96be99, L:/127.0.0.1:60608 - R:localhost/127.0.0.1:49454]
10:17:44.522 [Forwarding get on session c2da78a8743b70f21d39a580449faa6e to remote] DEBUG org.asynchttpclient.netty.request.NettyRequestSender - Using pooled Channel '[id: 0xfd96be99, L:/127.0.0.1:60608 - R:localhost/127.0.0.1:49454]' for 'POST' to 'http://localhost:49454/session/c2da78a8743b70f21d39a580449faa6e/url'
10:17:44.522 [Forwarding get on session c2da78a8743b70f21d39a580449faa6e to remote] DEBUG org.asynchttpclient.netty.request.NettyRequestSender - Using open Channel [id: 0xfd96be99, L:/127.0.0.1:60608 - R:localhost/127.0.0.1:49454] for POST '/session/c2da78a8743b70f21d39a580449faa6e/url'
10:17:44.809 [AsyncHttpClient-1-1] DEBUG org.asynchttpclient.netty.channel.DefaultChannelPool - Entry count for : http://localhost:60610 : 1
10:17:45.911 [AsyncHttpClient-1-1] DEBUG org.asynchttpclient.netty.channel.DefaultChannelPool - Entry count for : http://localhost:60610 : 1
10:17:47.013 [AsyncHttpClient-1-1] DEBUG org.asynchttpclient.netty.channel.DefaultChannelPool - Entry count for : http://localhost:60610 : 1
10:17:48.107 [AsyncHttpClient-1-1] DEBUG org.asynchttpclient.netty.channel.DefaultChannelPool - Entry count for : http://localhost:60610 : 1
10:17:49.211 [AsyncHttpClient-1-1] DEBUG org.asynchttpclient.netty.channel.DefaultChannelPool - Entry count for : http://localhost:60610 : 1
10:17:49.681 [AsyncHttpClient-1-8] DEBUG org.asynchttpclient.netty.handler.HttpHandler - 

Request DefaultHttpRequest(decodeResult: success, version: HTTP/1.1)
POST /session/c2da78a8743b70f21d39a580449faa6e/url HTTP/1.1
User-Agent: selenium/4.1.2 (java windows)
Content-Length: 58
Content-Type: application/json; charset=utf-8
host: localhost:49454
accept: */*

Response DefaultHttpResponse(decodeResult: success, version: HTTP/1.1)
HTTP/1.1 200 OK
Content-Type: application/json; charset=utf-8
cache-control: no-cache
content-length: 14

10:17:49.681 [AsyncHttpClient-1-8] DEBUG org.asynchttpclient.netty.channel.ChannelManager - Adding key: http://localhost:49454 for channel [id: 0xfd96be99, L:/127.0.0.1:60608 - R:localhost/127.0.0.1:49454]
10:17:49.683 [Forwarding setTimeout on session c2da78a8743b70f21d39a580449faa6e to remote] DEBUG org.asynchttpclient.netty.request.NettyRequestSender - Using pooled Channel '[id: 0xfd96be99, L:/127.0.0.1:60608 - R:localhost/127.0.0.1:49454]' for 'POST' to 'http://localhost:49454/session/c2da78a8743b70f21d39a580449faa6e/timeouts'
10:17:49.683 [Forwarding setTimeout on session c2da78a8743b70f21d39a580449faa6e to remote] DEBUG org.asynchttpclient.netty.request.NettyRequestSender - Using open Channel [id: 0xfd96be99, L:/127.0.0.1:60608 - R:localhost/127.0.0.1:49454] for POST '/session/c2da78a8743b70f21d39a580449faa6e/timeouts'
10:17:49.684 [AsyncHttpClient-1-8] DEBUG org.asynchttpclient.netty.handler.HttpHandler - 

Request DefaultHttpRequest(decodeResult: success, version: HTTP/1.1)
POST /session/c2da78a8743b70f21d39a580449faa6e/timeouts HTTP/1.1
User-Agent: selenium/4.1.2 (java windows)
Content-Length: 22
Content-Type: application/json; charset=utf-8
host: localhost:49454
accept: */*

Response DefaultHttpResponse(decodeResult: success, version: HTTP/1.1)
HTTP/1.1 200 OK
Content-Type: application/json; charset=utf-8
cache-control: no-cache
content-length: 14

10:17:49.684 [AsyncHttpClient-1-8] DEBUG org.asynchttpclient.netty.channel.ChannelManager - Adding key: http://localhost:49454 for channel [id: 0xfd96be99, L:/127.0.0.1:60608 - R:localhost/127.0.0.1:49454]
10:17:49.688 [Forwarding getCurrentUrl on session c2da78a8743b70f21d39a580449faa6e to remote] DEBUG org.asynchttpclient.netty.request.NettyRequestSender - Using pooled Channel '[id: 0xfd96be99, L:/127.0.0.1:60608 - R:localhost/127.0.0.1:49454]' for 'GET' to 'http://localhost:49454/session/c2da78a8743b70f21d39a580449faa6e/url'
10:17:49.688 [Forwarding getCurrentUrl on session c2da78a8743b70f21d39a580449faa6e to remote] DEBUG org.asynchttpclient.netty.request.NettyRequestSender - Using open Channel [id: 0xfd96be99, L:/127.0.0.1:60608 - R:localhost/127.0.0.1:49454] for GET '/session/c2da78a8743b70f21d39a580449faa6e/url'
10:17:49.693 [AsyncHttpClient-1-8] DEBUG org.asynchttpclient.netty.handler.HttpHandler - 

Request DefaultFullHttpRequest(decodeResult: success, version: HTTP/1.1, content: EmptyByteBufBE)
GET /session/c2da78a8743b70f21d39a580449faa6e/url HTTP/1.1
User-Agent: selenium/4.1.2 (java windows)
Cache-Control: no-cache
Content-Type: application/json; charset=utf-8
host: localhost:49454
accept: */*

Response DefaultHttpResponse(decodeResult: success, version: HTTP/1.1)
HTTP/1.1 200 OK
Content-Type: application/json; charset=utf-8
cache-control: no-cache
content-length: 40

10:17:49.693 [AsyncHttpClient-1-8] DEBUG org.asynchttpclient.netty.channel.ChannelManager - Adding key: http://localhost:49454 for channel [id: 0xfd96be99, L:/127.0.0.1:60608 - R:localhost/127.0.0.1:49454]
10:17:49.700 [Forwarding screenshot on session c2da78a8743b70f21d39a580449faa6e to remote] DEBUG org.asynchttpclient.netty.request.NettyRequestSender - Using pooled Channel '[id: 0xfd96be99, L:/127.0.0.1:60608 - R:localhost/127.0.0.1:49454]' for 'GET' to 'http://localhost:49454/session/c2da78a8743b70f21d39a580449faa6e/screenshot'
10:17:49.700 [Forwarding screenshot on session c2da78a8743b70f21d39a580449faa6e to remote] DEBUG org.asynchttpclient.netty.request.NettyRequestSender - Using open Channel [id: 0xfd96be99, L:/127.0.0.1:60608 - R:localhost/127.0.0.1:49454] for GET '/session/c2da78a8743b70f21d39a580449faa6e/screenshot'
10:17:50.201 [AsyncHttpClient-1-8] DEBUG org.asynchttpclient.netty.handler.HttpHandler - 

Request DefaultFullHttpRequest(decodeResult: success, version: HTTP/1.1, content: EmptyByteBufBE)
GET /session/c2da78a8743b70f21d39a580449faa6e/screenshot HTTP/1.1
User-Agent: selenium/4.1.2 (java windows)
Cache-Control: no-cache
Content-Type: application/json; charset=utf-8
host: localhost:49454
accept: */*

Response DefaultHttpResponse(decodeResult: success, version: HTTP/1.1)
HTTP/1.1 200 OK
Content-Type: application/json; charset=utf-8
cache-control: no-cache
content-length: 1333828

10:17:50.241 [AsyncHttpClient-1-8] DEBUG org.asynchttpclient.netty.channel.ChannelManager - Adding key: http://localhost:49454 for channel [id: 0xfd96be99, L:/127.0.0.1:60608 - R:localhost/127.0.0.1:49454]
10:17:50.276 [main] DEBUG net.serenitybdd.core.photography.Darkroom - Send negative for processing for target\site\serenity\c892c8ca808d9d9b94891a40056d5a2eac63be830dad9e7c379588e85d813b39.png
10:17:50.277 [main] DEBUG net.thucydides.core.steps.StepInterceptor - STEP DONE: openUrl
10:17:50.282 [main] DEBUG net.thucydides.core.steps.StepInterceptor - STARTING STEP: LoginStepDefinitions.iAmOnLoginPage - validateAccountIsApp
10:17:50.282 [Forwarding findElement on session c2da78a8743b70f21d39a580449faa6e to remote] DEBUG org.asynchttpclient.netty.request.NettyRequestSender - Using pooled Channel '[id: 0xfd96be99, L:/127.0.0.1:60608 - R:localhost/127.0.0.1:49454]' for 'POST' to 'http://localhost:49454/session/c2da78a8743b70f21d39a580449faa6e/element'
10:17:50.282 [Forwarding findElement on session c2da78a8743b70f21d39a580449faa6e to remote] DEBUG org.asynchttpclient.netty.request.NettyRequestSender - Using open Channel [id: 0xfd96be99, L:/127.0.0.1:60608 - R:localhost/127.0.0.1:49454] for POST '/session/c2da78a8743b70f21d39a580449faa6e/element'
10:17:50.313 [AsyncHttpClient-1-1] DEBUG org.asynchttpclient.netty.channel.DefaultChannelPool - Entry count for : http://localhost:60610 : 1
10:17:50.351 [AsyncHttpClient-1-8] DEBUG org.asynchttpclient.netty.handler.HttpHandler - 

Request DefaultHttpRequest(decodeResult: success, version: HTTP/1.1)
POST /session/c2da78a8743b70f21d39a580449faa6e/element HTTP/1.1
User-Agent: selenium/4.1.2 (java windows)
Content-Length: 46
Content-Type: application/json; charset=utf-8
host: localhost:49454
accept: */*

Response DefaultHttpResponse(decodeResult: success, version: HTTP/1.1)
HTTP/1.1 400 Bad Request
Content-Type: application/json; charset=utf-8
cache-control: no-cache
content-length: 958

10:17:50.351 [AsyncHttpClient-1-8] DEBUG org.asynchttpclient.netty.channel.ChannelManager - Adding key: http://localhost:49454 for channel [id: 0xfd96be99, L:/127.0.0.1:60608 - R:localhost/127.0.0.1:49454]
10:17:50.354 [Forwarding findElement on session c2da78a8743b70f21d39a580449faa6e to remote] DEBUG org.asynchttpclient.netty.request.NettyRequestSender - Using pooled Channel '[id: 0xfd96be99, L:/127.0.0.1:60608 - R:localhost/127.0.0.1:49454]' for 'POST' to 'http://localhost:49454/session/c2da78a8743b70f21d39a580449faa6e/element'
10:17:50.354 [Forwarding findElement on session c2da78a8743b70f21d39a580449faa6e to remote] DEBUG org.asynchttpclient.netty.request.NettyRequestSender - Using open Channel [id: 0xfd96be99, L:/127.0.0.1:60608 - R:localhost/127.0.0.1:49454] for POST '/session/c2da78a8743b70f21d39a580449faa6e/element'
10:17:50.369 [AsyncHttpClient-1-8] DEBUG org.asynchttpclient.netty.handler.HttpHandler - 

Request DefaultHttpRequest(decodeResult: success, version: HTTP/1.1)
POST /session/c2da78a8743b70f21d39a580449faa6e/element HTTP/1.1
User-Agent: selenium/4.1.2 (java windows)
Content-Length: 56
Content-Type: application/json; charset=utf-8
host: localhost:49454
accept: */*

Response DefaultHttpResponse(decodeResult: success, version: HTTP/1.1)
HTTP/1.1 200 OK
Content-Type: application/json; charset=utf-8
cache-control: no-cache
content-length: 88

10:17:50.370 [AsyncHttpClient-1-8] DEBUG org.asynchttpclient.netty.channel.ChannelManager - Adding key: http://localhost:49454 for channel [id: 0xfd96be99, L:/127.0.0.1:60608 - R:localhost/127.0.0.1:49454]
10:17:50.374 [Forwarding isElementDisplayed on session c2da78a8743b70f21d39a580449faa6e to remote] DEBUG org.asynchttpclient.netty.request.NettyRequestSender - Using pooled Channel '[id: 0xfd96be99, L:/127.0.0.1:60608 - R:localhost/127.0.0.1:49454]' for 'POST' to 'http://localhost:49454/session/c2da78a8743b70f21d39a580449faa6e/execute/sync'
10:17:50.375 [Forwarding isElementDisplayed on session c2da78a8743b70f21d39a580449faa6e to remote] DEBUG org.asynchttpclient.netty.request.NettyRequestSender - Using open Channel [id: 0xfd96be99, L:/127.0.0.1:60608 - R:localhost/127.0.0.1:49454] for POST '/session/c2da78a8743b70f21d39a580449faa6e/execute/sync'
10:17:50.396 [AsyncHttpClient-1-8] DEBUG org.asynchttpclient.netty.handler.HttpHandler - 

Request DefaultHttpRequest(decodeResult: success, version: HTTP/1.1)
POST /session/c2da78a8743b70f21d39a580449faa6e/execute/sync HTTP/1.1
User-Agent: selenium/4.1.2 (java windows)
Content-Length: 48780
Content-Type: application/json; charset=utf-8
host: localhost:49454
accept: */*

Response DefaultHttpResponse(decodeResult: success, version: HTTP/1.1)
HTTP/1.1 200 OK
Content-Type: application/json; charset=utf-8
cache-control: no-cache
content-length: 14

10:17:50.396 [AsyncHttpClient-1-8] DEBUG org.asynchttpclient.netty.channel.ChannelManager - Adding key: http://localhost:49454 for channel [id: 0xfd96be99, L:/127.0.0.1:60608 - R:localhost/127.0.0.1:49454]
10:17:50.402 [Forwarding screenshot on session c2da78a8743b70f21d39a580449faa6e to remote] DEBUG org.asynchttpclient.netty.request.NettyRequestSender - Using pooled Channel '[id: 0xfd96be99, L:/127.0.0.1:60608 - R:localhost/127.0.0.1:49454]' for 'GET' to 'http://localhost:49454/session/c2da78a8743b70f21d39a580449faa6e/screenshot'
10:17:50.402 [Forwarding screenshot on session c2da78a8743b70f21d39a580449faa6e to remote] DEBUG org.asynchttpclient.netty.request.NettyRequestSender - Using open Channel [id: 0xfd96be99, L:/127.0.0.1:60608 - R:localhost/127.0.0.1:49454] for GET '/session/c2da78a8743b70f21d39a580449faa6e/screenshot'
10:17:51.014 [AsyncHttpClient-1-8] DEBUG org.asynchttpclient.netty.handler.HttpHandler - 

Request DefaultFullHttpRequest(decodeResult: success, version: HTTP/1.1, content: EmptyByteBufBE)
GET /session/c2da78a8743b70f21d39a580449faa6e/screenshot HTTP/1.1
User-Agent: selenium/4.1.2 (java windows)
Cache-Control: no-cache
Content-Type: application/json; charset=utf-8
host: localhost:49454
accept: */*

Response DefaultHttpResponse(decodeResult: success, version: HTTP/1.1)
HTTP/1.1 200 OK
Content-Type: application/json; charset=utf-8
cache-control: no-cache
content-length: 1332592

10:17:51.014 [AsyncHttpClient-1-8] DEBUG org.asynchttpclient.netty.channel.ChannelManager - Adding key: http://localhost:49454 for channel [id: 0xfd96be99, L:/127.0.0.1:60608 - R:localhost/127.0.0.1:49454]
10:17:51.045 [main] DEBUG net.serenitybdd.core.photography.Darkroom - Send negative for processing for target\site\serenity\a14a79f886bde0fb40fd3dc68fa88a7acd805a90366bfa33c0ab164a2a4f1a36.png
10:17:51.045 [main] DEBUG net.thucydides.core.steps.StepInterceptor - STEP DONE: validateAccountIsApp
10:17:51.045 [Darkroom Processing Line] DEBUG net.serenitybdd.core.photography.DarkroomProcessingLine - Processing screenshot image in /var/screenshots/screenshot-10757953645037388120
10:17:51.045 [Darkroom Processing Line] DEBUG net.serenitybdd.core.photography.DarkroomProcessingLine - Saving screenshot to target\site\serenity\a14a79f886bde0fb40fd3dc68fa88a7acd805a90366bfa33c0ab164a2a4f1a36.png
10:17:51.061 [main] DEBUG net.thucydides.core.steps.StepInterceptor - STARTING STEP: LoginStepDefinitions.iAmOnLoginPage - clickIconAccount
10:17:51.061 [Forwarding findElement on session c2da78a8743b70f21d39a580449faa6e to remote] DEBUG org.asynchttpclient.netty.request.NettyRequestSender - Using pooled Channel '[id: 0xfd96be99, L:/127.0.0.1:60608 - R:localhost/127.0.0.1:49454]' for 'POST' to 'http://localhost:49454/session/c2da78a8743b70f21d39a580449faa6e/element'
10:17:51.061 [Forwarding findElement on session c2da78a8743b70f21d39a580449faa6e to remote] DEBUG org.asynchttpclient.netty.request.NettyRequestSender - Using open Channel [id: 0xfd96be99, L:/127.0.0.1:60608 - R:localhost/127.0.0.1:49454] for POST '/session/c2da78a8743b70f21d39a580449faa6e/element'
10:17:51.076 [AsyncHttpClient-1-8] DEBUG org.asynchttpclient.netty.handler.HttpHandler - 

Request DefaultHttpRequest(decodeResult: success, version: HTTP/1.1)
POST /session/c2da78a8743b70f21d39a580449faa6e/element HTTP/1.1
User-Agent: selenium/4.1.2 (java windows)
Content-Length: 56
Content-Type: application/json; charset=utf-8
host: localhost:49454
accept: */*

Response DefaultHttpResponse(decodeResult: success, version: HTTP/1.1)
HTTP/1.1 200 OK
Content-Type: application/json; charset=utf-8
cache-control: no-cache
content-length: 88

10:17:51.076 [AsyncHttpClient-1-8] DEBUG org.asynchttpclient.netty.channel.ChannelManager - Adding key: http://localhost:49454 for channel [id: 0xfd96be99, L:/127.0.0.1:60608 - R:localhost/127.0.0.1:49454]
10:17:51.076 [Forwarding getElementTagName on session c2da78a8743b70f21d39a580449faa6e to remote] DEBUG org.asynchttpclient.netty.request.NettyRequestSender - Using pooled Channel '[id: 0xfd96be99, L:/127.0.0.1:60608 - R:localhost/127.0.0.1:49454]' for 'GET' to 'http://localhost:49454/session/c2da78a8743b70f21d39a580449faa6e/element/c52cd88c-3184-497d-9a12-bd6b2137f1c1/name'
10:17:51.076 [Forwarding getElementTagName on session c2da78a8743b70f21d39a580449faa6e to remote] DEBUG org.asynchttpclient.netty.request.NettyRequestSender - Using open Channel [id: 0xfd96be99, L:/127.0.0.1:60608 - R:localhost/127.0.0.1:49454] for GET '/session/c2da78a8743b70f21d39a580449faa6e/element/c52cd88c-3184-497d-9a12-bd6b2137f1c1/name'
10:17:51.081 [AsyncHttpClient-1-8] DEBUG org.asynchttpclient.netty.handler.HttpHandler - 

Request DefaultFullHttpRequest(decodeResult: success, version: HTTP/1.1, content: EmptyByteBufBE)
GET /session/c2da78a8743b70f21d39a580449faa6e/element/c52cd88c-3184-497d-9a12-bd6b2137f1c1/name HTTP/1.1
User-Agent: selenium/4.1.2 (java windows)
Cache-Control: no-cache
Content-Type: application/json; charset=utf-8
host: localhost:49454
accept: */*

Response DefaultHttpResponse(decodeResult: success, version: HTTP/1.1)
HTTP/1.1 200 OK
Content-Type: application/json; charset=utf-8
cache-control: no-cache
content-length: 13

10:17:51.081 [AsyncHttpClient-1-8] DEBUG org.asynchttpclient.netty.channel.ChannelManager - Adding key: http://localhost:49454 for channel [id: 0xfd96be99, L:/127.0.0.1:60608 - R:localhost/127.0.0.1:49454]
10:17:51.081 [Forwarding getElementTagName on session c2da78a8743b70f21d39a580449faa6e to remote] DEBUG org.asynchttpclient.netty.request.NettyRequestSender - Using pooled Channel '[id: 0xfd96be99, L:/127.0.0.1:60608 - R:localhost/127.0.0.1:49454]' for 'GET' to 'http://localhost:49454/session/c2da78a8743b70f21d39a580449faa6e/element/c52cd88c-3184-497d-9a12-bd6b2137f1c1/name'
10:17:51.081 [Forwarding getElementTagName on session c2da78a8743b70f21d39a580449faa6e to remote] DEBUG org.asynchttpclient.netty.request.NettyRequestSender - Using open Channel [id: 0xfd96be99, L:/127.0.0.1:60608 - R:localhost/127.0.0.1:49454] for GET '/session/c2da78a8743b70f21d39a580449faa6e/element/c52cd88c-3184-497d-9a12-bd6b2137f1c1/name'
10:17:51.081 [AsyncHttpClient-1-8] DEBUG org.asynchttpclient.netty.handler.HttpHandler - 

Request DefaultFullHttpRequest(decodeResult: success, version: HTTP/1.1, content: EmptyByteBufBE)
GET /session/c2da78a8743b70f21d39a580449faa6e/element/c52cd88c-3184-497d-9a12-bd6b2137f1c1/name HTTP/1.1
User-Agent: selenium/4.1.2 (java windows)
Cache-Control: no-cache
Content-Type: application/json; charset=utf-8
host: localhost:49454
accept: */*

Response DefaultHttpResponse(decodeResult: success, version: HTTP/1.1)
HTTP/1.1 200 OK
Content-Type: application/json; charset=utf-8
cache-control: no-cache
content-length: 13

10:17:51.081 [AsyncHttpClient-1-8] DEBUG org.asynchttpclient.netty.channel.ChannelManager - Adding key: http://localhost:49454 for channel [id: 0xfd96be99, L:/127.0.0.1:60608 - R:localhost/127.0.0.1:49454]
10:17:51.081 [Forwarding findElement on session c2da78a8743b70f21d39a580449faa6e to remote] DEBUG org.asynchttpclient.netty.request.NettyRequestSender - Using pooled Channel '[id: 0xfd96be99, L:/127.0.0.1:60608 - R:localhost/127.0.0.1:49454]' for 'POST' to 'http://localhost:49454/session/c2da78a8743b70f21d39a580449faa6e/element'
10:17:51.081 [Forwarding findElement on session c2da78a8743b70f21d39a580449faa6e to remote] DEBUG org.asynchttpclient.netty.request.NettyRequestSender - Using open Channel [id: 0xfd96be99, L:/127.0.0.1:60608 - R:localhost/127.0.0.1:49454] for POST '/session/c2da78a8743b70f21d39a580449faa6e/element'
10:17:51.096 [AsyncHttpClient-1-8] DEBUG org.asynchttpclient.netty.handler.HttpHandler - 

Request DefaultHttpRequest(decodeResult: success, version: HTTP/1.1)
POST /session/c2da78a8743b70f21d39a580449faa6e/element HTTP/1.1
User-Agent: selenium/4.1.2 (java windows)
Content-Length: 56
Content-Type: application/json; charset=utf-8
host: localhost:49454
accept: */*

Response DefaultHttpResponse(decodeResult: success, version: HTTP/1.1)
HTTP/1.1 200 OK
Content-Type: application/json; charset=utf-8
cache-control: no-cache
content-length: 88

10:17:51.096 [AsyncHttpClient-1-8] DEBUG org.asynchttpclient.netty.channel.ChannelManager - Adding key: http://localhost:49454 for channel [id: 0xfd96be99, L:/127.0.0.1:60608 - R:localhost/127.0.0.1:49454]
10:17:51.096 [Forwarding clickElement on session c2da78a8743b70f21d39a580449faa6e to remote] DEBUG org.asynchttpclient.netty.request.NettyRequestSender - Using pooled Channel '[id: 0xfd96be99, L:/127.0.0.1:60608 - R:localhost/127.0.0.1:49454]' for 'POST' to 'http://localhost:49454/session/c2da78a8743b70f21d39a580449faa6e/element/c52cd88c-3184-497d-9a12-bd6b2137f1c1/click'
10:17:51.096 [Forwarding clickElement on session c2da78a8743b70f21d39a580449faa6e to remote] DEBUG org.asynchttpclient.netty.request.NettyRequestSender - Using open Channel [id: 0xfd96be99, L:/127.0.0.1:60608 - R:localhost/127.0.0.1:49454] for POST '/session/c2da78a8743b70f21d39a580449faa6e/element/c52cd88c-3184-497d-9a12-bd6b2137f1c1/click'
10:17:51.276 [AsyncHttpClient-1-8] DEBUG org.asynchttpclient.netty.handler.HttpHandler - 

Request DefaultHttpRequest(decodeResult: success, version: HTTP/1.1)
POST /session/c2da78a8743b70f21d39a580449faa6e/element/c52cd88c-3184-497d-9a12-bd6b2137f1c1/click HTTP/1.1
User-Agent: selenium/4.1.2 (java windows)
Content-Length: 50
Content-Type: application/json; charset=utf-8
host: localhost:49454
accept: */*

Response DefaultHttpResponse(decodeResult: success, version: HTTP/1.1)
HTTP/1.1 200 OK
Content-Type: application/json; charset=utf-8
cache-control: no-cache
content-length: 14

10:17:51.277 [AsyncHttpClient-1-8] DEBUG org.asynchttpclient.netty.channel.ChannelManager - Adding key: http://localhost:49454 for channel [id: 0xfd96be99, L:/127.0.0.1:60608 - R:localhost/127.0.0.1:49454]
10:17:51.285 [Forwarding screenshot on session c2da78a8743b70f21d39a580449faa6e to remote] DEBUG org.asynchttpclient.netty.request.NettyRequestSender - Using pooled Channel '[id: 0xfd96be99, L:/127.0.0.1:60608 - R:localhost/127.0.0.1:49454]' for 'GET' to 'http://localhost:49454/session/c2da78a8743b70f21d39a580449faa6e/screenshot'
10:17:51.286 [Forwarding screenshot on session c2da78a8743b70f21d39a580449faa6e to remote] DEBUG org.asynchttpclient.netty.request.NettyRequestSender - Using open Channel [id: 0xfd96be99, L:/127.0.0.1:60608 - R:localhost/127.0.0.1:49454] for GET '/session/c2da78a8743b70f21d39a580449faa6e/screenshot'
10:17:51.405 [AsyncHttpClient-1-1] DEBUG org.asynchttpclient.netty.channel.DefaultChannelPool - Entry count for : http://localhost:60610 : 1
10:17:51.950 [AsyncHttpClient-1-8] DEBUG org.asynchttpclient.netty.handler.HttpHandler - 

Request DefaultFullHttpRequest(decodeResult: success, version: HTTP/1.1, content: EmptyByteBufBE)
GET /session/c2da78a8743b70f21d39a580449faa6e/screenshot HTTP/1.1
User-Agent: selenium/4.1.2 (java windows)
Cache-Control: no-cache
Content-Type: application/json; charset=utf-8
host: localhost:49454
accept: */*

Response DefaultHttpResponse(decodeResult: success, version: HTTP/1.1)
HTTP/1.1 200 OK
Content-Type: application/json; charset=utf-8
cache-control: no-cache
content-length: 1009696

10:17:51.954 [AsyncHttpClient-1-8] DEBUG org.asynchttpclient.netty.channel.ChannelManager - Adding key: http://localhost:49454 for channel [id: 0xfd96be99, L:/127.0.0.1:60608 - R:localhost/127.0.0.1:49454]
10:17:51.984 [main] DEBUG net.serenitybdd.core.photography.Darkroom - Send negative for processing for target\site\serenity\6bd31a0879ac03d9887bc94d0c6b774a7d1bb31e0d1a89519969b9bc44cf97f6.png
10:17:51.984 [main] DEBUG net.thucydides.core.steps.StepInterceptor - STEP DONE: clickIconAccount
10:17:51.985 [Darkroom Processing Line] DEBUG net.serenitybdd.core.photography.DarkroomProcessingLine - Processing screenshot image in /var/screenshots/screenshot-4165950648909531280
10:17:51.985 [Darkroom Processing Line] DEBUG net.serenitybdd.core.photography.DarkroomProcessingLine - Saving screenshot to target\site\serenity\6bd31a0879ac03d9887bc94d0c6b774a7d1bb31e0d1a89519969b9bc44cf97f6.png
10:17:51.998 [main] DEBUG net.thucydides.core.steps.StepInterceptor - STARTING STEP: LoginStepDefinitions.iAmOnLoginPage - validateLoginFormIsApp
10:17:52.001 [Forwarding findElement on session c2da78a8743b70f21d39a580449faa6e to remote] DEBUG org.asynchttpclient.netty.request.NettyRequestSender - Using pooled Channel '[id: 0xfd96be99, L:/127.0.0.1:60608 - R:localhost/127.0.0.1:49454]' for 'POST' to 'http://localhost:49454/session/c2da78a8743b70f21d39a580449faa6e/element'
10:17:52.001 [Forwarding findElement on session c2da78a8743b70f21d39a580449faa6e to remote] DEBUG org.asynchttpclient.netty.request.NettyRequestSender - Using open Channel [id: 0xfd96be99, L:/127.0.0.1:60608 - R:localhost/127.0.0.1:49454] for POST '/session/c2da78a8743b70f21d39a580449faa6e/element'
10:17:52.022 [AsyncHttpClient-1-8] DEBUG org.asynchttpclient.netty.handler.HttpHandler - 

Request DefaultHttpRequest(decodeResult: success, version: HTTP/1.1)
POST /session/c2da78a8743b70f21d39a580449faa6e/element HTTP/1.1
User-Agent: selenium/4.1.2 (java windows)
Content-Length: 103
Content-Type: application/json; charset=utf-8
host: localhost:49454
accept: */*

Response DefaultHttpResponse(decodeResult: success, version: HTTP/1.1)
HTTP/1.1 200 OK
Content-Type: application/json; charset=utf-8
cache-control: no-cache
content-length: 88

10:17:52.023 [AsyncHttpClient-1-8] DEBUG org.asynchttpclient.netty.channel.ChannelManager - Adding key: http://localhost:49454 for channel [id: 0xfd96be99, L:/127.0.0.1:60608 - R:localhost/127.0.0.1:49454]
10:17:52.026 [Forwarding isElementDisplayed on session c2da78a8743b70f21d39a580449faa6e to remote] DEBUG org.asynchttpclient.netty.request.NettyRequestSender - Using pooled Channel '[id: 0xfd96be99, L:/127.0.0.1:60608 - R:localhost/127.0.0.1:49454]' for 'POST' to 'http://localhost:49454/session/c2da78a8743b70f21d39a580449faa6e/execute/sync'
10:17:52.027 [Forwarding isElementDisplayed on session c2da78a8743b70f21d39a580449faa6e to remote] DEBUG org.asynchttpclient.netty.request.NettyRequestSender - Using open Channel [id: 0xfd96be99, L:/127.0.0.1:60608 - R:localhost/127.0.0.1:49454] for POST '/session/c2da78a8743b70f21d39a580449faa6e/execute/sync'
10:17:52.041 [AsyncHttpClient-1-8] DEBUG org.asynchttpclient.netty.handler.HttpHandler - 

Request DefaultHttpRequest(decodeResult: success, version: HTTP/1.1)
POST /session/c2da78a8743b70f21d39a580449faa6e/execute/sync HTTP/1.1
User-Agent: selenium/4.1.2 (java windows)
Content-Length: 48780
Content-Type: application/json; charset=utf-8
host: localhost:49454
accept: */*

Response DefaultHttpResponse(decodeResult: success, version: HTTP/1.1)
HTTP/1.1 200 OK
Content-Type: application/json; charset=utf-8
cache-control: no-cache
content-length: 14

10:17:52.041 [AsyncHttpClient-1-8] DEBUG org.asynchttpclient.netty.channel.ChannelManager - Adding key: http://localhost:49454 for channel [id: 0xfd96be99, L:/127.0.0.1:60608 - R:localhost/127.0.0.1:49454]
10:17:52.047 [Forwarding screenshot on session c2da78a8743b70f21d39a580449faa6e to remote] DEBUG org.asynchttpclient.netty.request.NettyRequestSender - Using pooled Channel '[id: 0xfd96be99, L:/127.0.0.1:60608 - R:localhost/127.0.0.1:49454]' for 'GET' to 'http://localhost:49454/session/c2da78a8743b70f21d39a580449faa6e/screenshot'
10:17:52.047 [Forwarding screenshot on session c2da78a8743b70f21d39a580449faa6e to remote] DEBUG org.asynchttpclient.netty.request.NettyRequestSender - Using open Channel [id: 0xfd96be99, L:/127.0.0.1:60608 - R:localhost/127.0.0.1:49454] for GET '/session/c2da78a8743b70f21d39a580449faa6e/screenshot'
10:17:52.388 [AsyncHttpClient-1-8] DEBUG org.asynchttpclient.netty.handler.HttpHandler - 

Request DefaultFullHttpRequest(decodeResult: success, version: HTTP/1.1, content: EmptyByteBufBE)
GET /session/c2da78a8743b70f21d39a580449faa6e/screenshot HTTP/1.1
User-Agent: selenium/4.1.2 (java windows)
Cache-Control: no-cache
Content-Type: application/json; charset=utf-8
host: localhost:49454
accept: */*

Response DefaultHttpResponse(decodeResult: success, version: HTTP/1.1)
HTTP/1.1 200 OK
Content-Type: application/json; charset=utf-8
cache-control: no-cache
content-length: 509052

10:17:52.390 [AsyncHttpClient-1-8] DEBUG org.asynchttpclient.netty.channel.ChannelManager - Adding key: http://localhost:49454 for channel [id: 0xfd96be99, L:/127.0.0.1:60608 - R:localhost/127.0.0.1:49454]
10:17:52.408 [main] DEBUG net.serenitybdd.core.photography.Darkroom - Send negative for processing for target\site\serenity\e337893c8da482c0dbeced1d64edb967b8abc58d44158a334c34a21907da4f51.png
10:17:52.409 [main] DEBUG net.thucydides.core.steps.StepInterceptor - STEP DONE: validateLoginFormIsApp
  &amp#27;[32mGiven &amp#27;[0m&amp#27;[32mi am on login page&amp#27;[0m             &amp#27;[90m# starter.stepdefinitions.LoginStepDefinitions.iAmOnLoginPage()&amp#27;[0m
10:17:52.429 [main] DEBUG net.thucydides.core.steps.StepInterceptor - STARTING STEP: LoginStepDefinitions.iInputUsername - inputUsername
10:17:52.431 [Forwarding findElement on session c2da78a8743b70f21d39a580449faa6e to remote] DEBUG org.asynchttpclient.netty.request.NettyRequestSender - Using pooled Channel '[id: 0xfd96be99, L:/127.0.0.1:60608 - R:localhost/127.0.0.1:49454]' for 'POST' to 'http://localhost:49454/session/c2da78a8743b70f21d39a580449faa6e/element'
10:17:52.431 [Forwarding findElement on session c2da78a8743b70f21d39a580449faa6e to remote] DEBUG org.asynchttpclient.netty.request.NettyRequestSender - Using open Channel [id: 0xfd96be99, L:/127.0.0.1:60608 - R:localhost/127.0.0.1:49454] for POST '/session/c2da78a8743b70f21d39a580449faa6e/element'
10:17:52.447 [AsyncHttpClient-1-8] DEBUG org.asynchttpclient.netty.handler.HttpHandler - 

Request DefaultHttpRequest(decodeResult: success, version: HTTP/1.1)
POST /session/c2da78a8743b70f21d39a580449faa6e/element HTTP/1.1
User-Agent: selenium/4.1.2 (java windows)
Content-Length: 53
Content-Type: application/json; charset=utf-8
host: localhost:49454
accept: */*

Response DefaultHttpResponse(decodeResult: success, version: HTTP/1.1)
HTTP/1.1 200 OK
Content-Type: application/json; charset=utf-8
cache-control: no-cache
content-length: 88

10:17:52.448 [AsyncHttpClient-1-8] DEBUG org.asynchttpclient.netty.channel.ChannelManager - Adding key: http://localhost:49454 for channel [id: 0xfd96be99, L:/127.0.0.1:60608 - R:localhost/127.0.0.1:49454]
10:17:52.450 [Forwarding clearElement on session c2da78a8743b70f21d39a580449faa6e to remote] DEBUG org.asynchttpclient.netty.request.NettyRequestSender - Using pooled Channel '[id: 0xfd96be99, L:/127.0.0.1:60608 - R:localhost/127.0.0.1:49454]' for 'POST' to 'http://localhost:49454/session/c2da78a8743b70f21d39a580449faa6e/element/5b8656f9-2273-406d-9899-0aaa8afbb60f/clear'
10:17:52.450 [Forwarding clearElement on session c2da78a8743b70f21d39a580449faa6e to remote] DEBUG org.asynchttpclient.netty.request.NettyRequestSender - Using open Channel [id: 0xfd96be99, L:/127.0.0.1:60608 - R:localhost/127.0.0.1:49454] for POST '/session/c2da78a8743b70f21d39a580449faa6e/element/5b8656f9-2273-406d-9899-0aaa8afbb60f/clear'
10:17:52.488 [AsyncHttpClient-1-8] DEBUG org.asynchttpclient.netty.handler.HttpHandler - 

Request DefaultHttpRequest(decodeResult: success, version: HTTP/1.1)
POST /session/c2da78a8743b70f21d39a580449faa6e/element/5b8656f9-2273-406d-9899-0aaa8afbb60f/clear HTTP/1.1
User-Agent: selenium/4.1.2 (java windows)
Content-Length: 50
Content-Type: application/json; charset=utf-8
host: localhost:49454
accept: */*

Response DefaultHttpResponse(decodeResult: success, version: HTTP/1.1)
HTTP/1.1 200 OK
Content-Type: application/json; charset=utf-8
cache-control: no-cache
content-length: 14

10:17:52.488 [AsyncHttpClient-1-8] DEBUG org.asynchttpclient.netty.channel.ChannelManager - Adding key: http://localhost:49454 for channel [id: 0xfd96be99, L:/127.0.0.1:60608 - R:localhost/127.0.0.1:49454]
10:17:52.490 [Forwarding sendKeysToElement on session c2da78a8743b70f21d39a580449faa6e to remote] DEBUG org.asynchttpclient.netty.request.NettyRequestSender - Using pooled Channel '[id: 0xfd96be99, L:/127.0.0.1:60608 - R:localhost/127.0.0.1:49454]' for 'POST' to 'http://localhost:49454/session/c2da78a8743b70f21d39a580449faa6e/element/5b8656f9-2273-406d-9899-0aaa8afbb60f/value'
10:17:52.490 [Forwarding sendKeysToElement on session c2da78a8743b70f21d39a580449faa6e to remote] DEBUG org.asynchttpclient.netty.request.NettyRequestSender - Using open Channel [id: 0xfd96be99, L:/127.0.0.1:60608 - R:localhost/127.0.0.1:49454] for POST '/session/c2da78a8743b70f21d39a580449faa6e/element/5b8656f9-2273-406d-9899-0aaa8afbb60f/value'
10:17:52.506 [AsyncHttpClient-1-1] DEBUG org.asynchttpclient.netty.channel.DefaultChannelPool - Entry count for : http://localhost:60610 : 1
10:17:52.536 [AsyncHttpClient-1-8] DEBUG org.asynchttpclient.netty.handler.HttpHandler - 

Request DefaultHttpRequest(decodeResult: success, version: HTTP/1.1)
POST /session/c2da78a8743b70f21d39a580449faa6e/element/5b8656f9-2273-406d-9899-0aaa8afbb60f/value HTTP/1.1
User-Agent: selenium/4.1.2 (java windows)
Content-Length: 82
Content-Type: application/json; charset=utf-8
host: localhost:49454
accept: */*

Response DefaultHttpResponse(decodeResult: success, version: HTTP/1.1)
HTTP/1.1 200 OK
Content-Type: application/json; charset=utf-8
cache-control: no-cache
content-length: 14

10:17:52.537 [AsyncHttpClient-1-8] DEBUG org.asynchttpclient.netty.channel.ChannelManager - Adding key: http://localhost:49454 for channel [id: 0xfd96be99, L:/127.0.0.1:60608 - R:localhost/127.0.0.1:49454]
10:17:52.543 [Forwarding screenshot on session c2da78a8743b70f21d39a580449faa6e to remote] DEBUG org.asynchttpclient.netty.request.NettyRequestSender - Using pooled Channel '[id: 0xfd96be99, L:/127.0.0.1:60608 - R:localhost/127.0.0.1:49454]' for 'GET' to 'http://localhost:49454/session/c2da78a8743b70f21d39a580449faa6e/screenshot'
10:17:52.544 [Forwarding screenshot on session c2da78a8743b70f21d39a580449faa6e to remote] DEBUG org.asynchttpclient.netty.request.NettyRequestSender - Using open Channel [id: 0xfd96be99, L:/127.0.0.1:60608 - R:localhost/127.0.0.1:49454] for GET '/session/c2da78a8743b70f21d39a580449faa6e/screenshot'
10:17:52.918 [AsyncHttpClient-1-8] DEBUG org.asynchttpclient.netty.handler.HttpHandler - 

Request DefaultFullHttpRequest(decodeResult: success, version: HTTP/1.1, content: EmptyByteBufBE)
GET /session/c2da78a8743b70f21d39a580449faa6e/screenshot HTTP/1.1
User-Agent: selenium/4.1.2 (java windows)
Cache-Control: no-cache
Content-Type: application/json; charset=utf-8
host: localhost:49454
accept: */*

Response DefaultHttpResponse(decodeResult: success, version: HTTP/1.1)
HTTP/1.1 200 OK
Content-Type: application/json; charset=utf-8
cache-control: no-cache
content-length: 510024

10:17:52.919 [AsyncHttpClient-1-8] DEBUG org.asynchttpclient.netty.channel.ChannelManager - Adding key: http://localhost:49454 for channel [id: 0xfd96be99, L:/127.0.0.1:60608 - R:localhost/127.0.0.1:49454]
10:17:52.930 [main] DEBUG net.serenitybdd.core.photography.Darkroom - Send negative for processing for target\site\serenity\1ab0cad3f9c8af3b074ef013b61802ff4860b61d49b0ebb7d7dd1c0c918f1ef4.png
10:17:52.930 [main] DEBUG net.thucydides.core.steps.StepInterceptor - STEP DONE: inputUsername
10:17:52.930 [Darkroom Processing Line] DEBUG net.serenitybdd.core.photography.DarkroomProcessingLine - Processing screenshot image in /var/screenshots/screenshot-9210832509694392002
  &amp#27;[32mWhen &amp#27;[0m&amp#27;[32mi input &amp#27;[0m&amp#27;[32m&amp#27;[1m""&amp#27;[0m&amp#27;[32m username&amp#27;[0m             &amp#27;[90m# starter.stepdefinitions.LoginStepDefinitions.iInputUsername(java.lang.String)&amp#27;[0m
10:17:52.930 [Darkroom Processing Line] DEBUG net.serenitybdd.core.photography.DarkroomProcessingLine - Saving screenshot to target\site\serenity\1ab0cad3f9c8af3b074ef013b61802ff4860b61d49b0ebb7d7dd1c0c918f1ef4.png
10:17:52.947 [main] DEBUG net.thucydides.core.steps.StepInterceptor - STARTING STEP: LoginStepDefinitions.iInputPassword - inputPassword
10:17:52.949 [Forwarding findElement on session c2da78a8743b70f21d39a580449faa6e to remote] DEBUG org.asynchttpclient.netty.request.NettyRequestSender - Using pooled Channel '[id: 0xfd96be99, L:/127.0.0.1:60608 - R:localhost/127.0.0.1:49454]' for 'POST' to 'http://localhost:49454/session/c2da78a8743b70f21d39a580449faa6e/element'
10:17:52.949 [Forwarding findElement on session c2da78a8743b70f21d39a580449faa6e to remote] DEBUG org.asynchttpclient.netty.request.NettyRequestSender - Using open Channel [id: 0xfd96be99, L:/127.0.0.1:60608 - R:localhost/127.0.0.1:49454] for POST '/session/c2da78a8743b70f21d39a580449faa6e/element'
10:17:52.962 [AsyncHttpClient-1-8] DEBUG org.asynchttpclient.netty.handler.HttpHandler - 

Request DefaultHttpRequest(decodeResult: success, version: HTTP/1.1)
POST /session/c2da78a8743b70f21d39a580449faa6e/element HTTP/1.1
User-Agent: selenium/4.1.2 (java windows)
Content-Length: 53
Content-Type: application/json; charset=utf-8
host: localhost:49454
accept: */*

Response DefaultHttpResponse(decodeResult: success, version: HTTP/1.1)
HTTP/1.1 200 OK
Content-Type: application/json; charset=utf-8
cache-control: no-cache
content-length: 88

10:17:52.962 [AsyncHttpClient-1-8] DEBUG org.asynchttpclient.netty.channel.ChannelManager - Adding key: http://localhost:49454 for channel [id: 0xfd96be99, L:/127.0.0.1:60608 - R:localhost/127.0.0.1:49454]
10:17:52.962 [Forwarding clearElement on session c2da78a8743b70f21d39a580449faa6e to remote] DEBUG org.asynchttpclient.netty.request.NettyRequestSender - Using pooled Channel '[id: 0xfd96be99, L:/127.0.0.1:60608 - R:localhost/127.0.0.1:49454]' for 'POST' to 'http://localhost:49454/session/c2da78a8743b70f21d39a580449faa6e/element/a0876968-6341-4e1a-8459-f4b9c47b525e/clear'
10:17:52.962 [Forwarding clearElement on session c2da78a8743b70f21d39a580449faa6e to remote] DEBUG org.asynchttpclient.netty.request.NettyRequestSender - Using open Channel [id: 0xfd96be99, L:/127.0.0.1:60608 - R:localhost/127.0.0.1:49454] for POST '/session/c2da78a8743b70f21d39a580449faa6e/element/a0876968-6341-4e1a-8459-f4b9c47b525e/clear'
10:17:53.002 [AsyncHttpClient-1-8] DEBUG org.asynchttpclient.netty.handler.HttpHandler - 

Request DefaultHttpRequest(decodeResult: success, version: HTTP/1.1)
POST /session/c2da78a8743b70f21d39a580449faa6e/element/a0876968-6341-4e1a-8459-f4b9c47b525e/clear HTTP/1.1
User-Agent: selenium/4.1.2 (java windows)
Content-Length: 50
Content-Type: application/json; charset=utf-8
host: localhost:49454
accept: */*

Response DefaultHttpResponse(decodeResult: success, version: HTTP/1.1)
HTTP/1.1 200 OK
Content-Type: application/json; charset=utf-8
cache-control: no-cache
content-length: 14

10:17:53.002 [AsyncHttpClient-1-8] DEBUG org.asynchttpclient.netty.channel.ChannelManager - Adding key: http://localhost:49454 for channel [id: 0xfd96be99, L:/127.0.0.1:60608 - R:localhost/127.0.0.1:49454]
10:17:53.004 [Forwarding sendKeysToElement on session c2da78a8743b70f21d39a580449faa6e to remote] DEBUG org.asynchttpclient.netty.request.NettyRequestSender - Using pooled Channel '[id: 0xfd96be99, L:/127.0.0.1:60608 - R:localhost/127.0.0.1:49454]' for 'POST' to 'http://localhost:49454/session/c2da78a8743b70f21d39a580449faa6e/element/a0876968-6341-4e1a-8459-f4b9c47b525e/value'
10:17:53.004 [Forwarding sendKeysToElement on session c2da78a8743b70f21d39a580449faa6e to remote] DEBUG org.asynchttpclient.netty.request.NettyRequestSender - Using open Channel [id: 0xfd96be99, L:/127.0.0.1:60608 - R:localhost/127.0.0.1:49454] for POST '/session/c2da78a8743b70f21d39a580449faa6e/element/a0876968-6341-4e1a-8459-f4b9c47b525e/value'
10:17:53.070 [AsyncHttpClient-1-8] DEBUG org.asynchttpclient.netty.handler.HttpHandler - 

Request DefaultHttpRequest(decodeResult: success, version: HTTP/1.1)
POST /session/c2da78a8743b70f21d39a580449faa6e/element/a0876968-6341-4e1a-8459-f4b9c47b525e/value HTTP/1.1
User-Agent: selenium/4.1.2 (java windows)
Content-Length: 211
Content-Type: application/json; charset=utf-8
host: localhost:49454
accept: */*

Response DefaultHttpResponse(decodeResult: success, version: HTTP/1.1)
HTTP/1.1 200 OK
Content-Type: application/json; charset=utf-8
cache-control: no-cache
content-length: 14

10:17:53.070 [AsyncHttpClient-1-8] DEBUG org.asynchttpclient.netty.channel.ChannelManager - Adding key: http://localhost:49454 for channel [id: 0xfd96be99, L:/127.0.0.1:60608 - R:localhost/127.0.0.1:49454]
10:17:53.075 [Forwarding screenshot on session c2da78a8743b70f21d39a580449faa6e to remote] DEBUG org.asynchttpclient.netty.request.NettyRequestSender - Using pooled Channel '[id: 0xfd96be99, L:/127.0.0.1:60608 - R:localhost/127.0.0.1:49454]' for 'GET' to 'http://localhost:49454/session/c2da78a8743b70f21d39a580449faa6e/screenshot'
10:17:53.076 [Forwarding screenshot on session c2da78a8743b70f21d39a580449faa6e to remote] DEBUG org.asynchttpclient.netty.request.NettyRequestSender - Using open Channel [id: 0xfd96be99, L:/127.0.0.1:60608 - R:localhost/127.0.0.1:49454] for GET '/session/c2da78a8743b70f21d39a580449faa6e/screenshot'
10:17:53.298 [AsyncHttpClient-1-8] DEBUG org.asynchttpclient.netty.handler.HttpHandler - 

Request DefaultFullHttpRequest(decodeResult: success, version: HTTP/1.1, content: EmptyByteBufBE)
GET /session/c2da78a8743b70f21d39a580449faa6e/screenshot HTTP/1.1
User-Agent: selenium/4.1.2 (java windows)
Cache-Control: no-cache
Content-Type: application/json; charset=utf-8
host: localhost:49454
accept: */*

Response DefaultHttpResponse(decodeResult: success, version: HTTP/1.1)
HTTP/1.1 200 OK
Content-Type: application/json; charset=utf-8
cache-control: no-cache
content-length: 434272

10:17:53.300 [AsyncHttpClient-1-8] DEBUG org.asynchttpclient.netty.channel.ChannelManager - Adding key: http://localhost:49454 for channel [id: 0xfd96be99, L:/127.0.0.1:60608 - R:localhost/127.0.0.1:49454]
10:17:53.308 [main] DEBUG net.serenitybdd.core.photography.Darkroom - Send negative for processing for target\site\serenity\f9b26dbf2ec2efddcacadec909994df9b8db4b4495f3af006ca7b5fd47297276.png
10:17:53.309 [main] DEBUG net.thucydides.core.steps.StepInterceptor - STEP DONE: inputPassword
  &amp#27;[32mAnd &amp#27;[0m&amp#27;[32mi input &amp#27;[0m&amp#27;[32m&amp#27;[1m"realgladz1511"&amp#27;[0m&amp#27;[32m password&amp#27;[0m &amp#27;[90m# starter.stepdefinitions.LoginStepDefinitions.iInputPassword(java.lang.String)&amp#27;[0m
10:17:53.309 [Darkroom Processing Line] DEBUG net.serenitybdd.core.photography.DarkroomProcessingLine - Processing screenshot image in /var/screenshots/screenshot-323338357633477140
10:17:53.309 [Darkroom Processing Line] DEBUG net.serenitybdd.core.photography.DarkroomProcessingLine - Saving screenshot to target\site\serenity\f9b26dbf2ec2efddcacadec909994df9b8db4b4495f3af006ca7b5fd47297276.png
10:17:53.321 [main] DEBUG net.thucydides.core.steps.StepInterceptor - STARTING STEP: LoginStepDefinitions.clickLoginButton - clickLoginButton
10:17:53.324 [Forwarding findElement on session c2da78a8743b70f21d39a580449faa6e to remote] DEBUG org.asynchttpclient.netty.request.NettyRequestSender - Using pooled Channel '[id: 0xfd96be99, L:/127.0.0.1:60608 - R:localhost/127.0.0.1:49454]' for 'POST' to 'http://localhost:49454/session/c2da78a8743b70f21d39a580449faa6e/element'
10:17:53.324 [Forwarding findElement on session c2da78a8743b70f21d39a580449faa6e to remote] DEBUG org.asynchttpclient.netty.request.NettyRequestSender - Using open Channel [id: 0xfd96be99, L:/127.0.0.1:60608 - R:localhost/127.0.0.1:49454] for POST '/session/c2da78a8743b70f21d39a580449faa6e/element'
10:17:53.334 [AsyncHttpClient-1-8] DEBUG org.asynchttpclient.netty.handler.HttpHandler - 

Request DefaultHttpRequest(decodeResult: success, version: HTTP/1.1)
POST /session/c2da78a8743b70f21d39a580449faa6e/element HTTP/1.1
User-Agent: selenium/4.1.2 (java windows)
Content-Length: 59
Content-Type: application/json; charset=utf-8
host: localhost:49454
accept: */*

Response DefaultHttpResponse(decodeResult: success, version: HTTP/1.1)
HTTP/1.1 200 OK
Content-Type: application/json; charset=utf-8
cache-control: no-cache
content-length: 88

10:17:53.336 [AsyncHttpClient-1-8] DEBUG org.asynchttpclient.netty.channel.ChannelManager - Adding key: http://localhost:49454 for channel [id: 0xfd96be99, L:/127.0.0.1:60608 - R:localhost/127.0.0.1:49454]
10:17:53.336 [Forwarding getElementTagName on session c2da78a8743b70f21d39a580449faa6e to remote] DEBUG org.asynchttpclient.netty.request.NettyRequestSender - Using pooled Channel '[id: 0xfd96be99, L:/127.0.0.1:60608 - R:localhost/127.0.0.1:49454]' for 'GET' to 'http://localhost:49454/session/c2da78a8743b70f21d39a580449faa6e/element/0c66e180-470f-43dc-9a9a-02afdde64a82/name'
10:17:53.336 [Forwarding getElementTagName on session c2da78a8743b70f21d39a580449faa6e to remote] DEBUG org.asynchttpclient.netty.request.NettyRequestSender - Using open Channel [id: 0xfd96be99, L:/127.0.0.1:60608 - R:localhost/127.0.0.1:49454] for GET '/session/c2da78a8743b70f21d39a580449faa6e/element/0c66e180-470f-43dc-9a9a-02afdde64a82/name'
10:17:53.341 [AsyncHttpClient-1-8] DEBUG org.asynchttpclient.netty.handler.HttpHandler - 

Request DefaultFullHttpRequest(decodeResult: success, version: HTTP/1.1, content: EmptyByteBufBE)
GET /session/c2da78a8743b70f21d39a580449faa6e/element/0c66e180-470f-43dc-9a9a-02afdde64a82/name HTTP/1.1
User-Agent: selenium/4.1.2 (java windows)
Cache-Control: no-cache
Content-Type: application/json; charset=utf-8
host: localhost:49454
accept: */*

Response DefaultHttpResponse(decodeResult: success, version: HTTP/1.1)
HTTP/1.1 200 OK
Content-Type: application/json; charset=utf-8
cache-control: no-cache
content-length: 18

10:17:53.341 [AsyncHttpClient-1-8] DEBUG org.asynchttpclient.netty.channel.ChannelManager - Adding key: http://localhost:49454 for channel [id: 0xfd96be99, L:/127.0.0.1:60608 - R:localhost/127.0.0.1:49454]
10:17:53.343 [Forwarding getElementTagName on session c2da78a8743b70f21d39a580449faa6e to remote] DEBUG org.asynchttpclient.netty.request.NettyRequestSender - Using pooled Channel '[id: 0xfd96be99, L:/127.0.0.1:60608 - R:localhost/127.0.0.1:49454]' for 'GET' to 'http://localhost:49454/session/c2da78a8743b70f21d39a580449faa6e/element/0c66e180-470f-43dc-9a9a-02afdde64a82/name'
10:17:53.343 [Forwarding getElementTagName on session c2da78a8743b70f21d39a580449faa6e to remote] DEBUG org.asynchttpclient.netty.request.NettyRequestSender - Using open Channel [id: 0xfd96be99, L:/127.0.0.1:60608 - R:localhost/127.0.0.1:49454] for GET '/session/c2da78a8743b70f21d39a580449faa6e/element/0c66e180-470f-43dc-9a9a-02afdde64a82/name'
10:17:53.346 [AsyncHttpClient-1-8] DEBUG org.asynchttpclient.netty.handler.HttpHandler - 

Request DefaultFullHttpRequest(decodeResult: success, version: HTTP/1.1, content: EmptyByteBufBE)
GET /session/c2da78a8743b70f21d39a580449faa6e/element/0c66e180-470f-43dc-9a9a-02afdde64a82/name HTTP/1.1
User-Agent: selenium/4.1.2 (java windows)
Cache-Control: no-cache
Content-Type: application/json; charset=utf-8
host: localhost:49454
accept: */*

Response DefaultHttpResponse(decodeResult: success, version: HTTP/1.1)
HTTP/1.1 200 OK
Content-Type: application/json; charset=utf-8
cache-control: no-cache
content-length: 18

10:17:53.346 [AsyncHttpClient-1-8] DEBUG org.asynchttpclient.netty.channel.ChannelManager - Adding key: http://localhost:49454 for channel [id: 0xfd96be99, L:/127.0.0.1:60608 - R:localhost/127.0.0.1:49454]
10:17:53.348 [Forwarding isElementEnabled on session c2da78a8743b70f21d39a580449faa6e to remote] DEBUG org.asynchttpclient.netty.request.NettyRequestSender - Using pooled Channel '[id: 0xfd96be99, L:/127.0.0.1:60608 - R:localhost/127.0.0.1:49454]' for 'GET' to 'http://localhost:49454/session/c2da78a8743b70f21d39a580449faa6e/element/0c66e180-470f-43dc-9a9a-02afdde64a82/enabled'
10:17:53.348 [Forwarding isElementEnabled on session c2da78a8743b70f21d39a580449faa6e to remote] DEBUG org.asynchttpclient.netty.request.NettyRequestSender - Using open Channel [id: 0xfd96be99, L:/127.0.0.1:60608 - R:localhost/127.0.0.1:49454] for GET '/session/c2da78a8743b70f21d39a580449faa6e/element/0c66e180-470f-43dc-9a9a-02afdde64a82/enabled'
10:17:53.356 [AsyncHttpClient-1-8] DEBUG org.asynchttpclient.netty.handler.HttpHandler - 

Request DefaultFullHttpRequest(decodeResult: success, version: HTTP/1.1, content: EmptyByteBufBE)
GET /session/c2da78a8743b70f21d39a580449faa6e/element/0c66e180-470f-43dc-9a9a-02afdde64a82/enabled HTTP/1.1
User-Agent: selenium/4.1.2 (java windows)
Cache-Control: no-cache
Content-Type: application/json; charset=utf-8
host: localhost:49454
accept: */*

Response DefaultHttpResponse(decodeResult: success, version: HTTP/1.1)
HTTP/1.1 200 OK
Content-Type: application/json; charset=utf-8
cache-control: no-cache
content-length: 14

10:17:53.358 [AsyncHttpClient-1-8] DEBUG org.asynchttpclient.netty.channel.ChannelManager - Adding key: http://localhost:49454 for channel [id: 0xfd96be99, L:/127.0.0.1:60608 - R:localhost/127.0.0.1:49454]
10:17:53.358 [Forwarding isElementEnabled on session c2da78a8743b70f21d39a580449faa6e to remote] DEBUG org.asynchttpclient.netty.request.NettyRequestSender - Using pooled Channel '[id: 0xfd96be99, L:/127.0.0.1:60608 - R:localhost/127.0.0.1:49454]' for 'GET' to 'http://localhost:49454/session/c2da78a8743b70f21d39a580449faa6e/element/0c66e180-470f-43dc-9a9a-02afdde64a82/enabled'
10:17:53.358 [Forwarding isElementEnabled on session c2da78a8743b70f21d39a580449faa6e to remote] DEBUG org.asynchttpclient.netty.request.NettyRequestSender - Using open Channel [id: 0xfd96be99, L:/127.0.0.1:60608 - R:localhost/127.0.0.1:49454] for GET '/session/c2da78a8743b70f21d39a580449faa6e/element/0c66e180-470f-43dc-9a9a-02afdde64a82/enabled'
10:17:53.366 [AsyncHttpClient-1-8] DEBUG org.asynchttpclient.netty.handler.HttpHandler - 

Request DefaultFullHttpRequest(decodeResult: success, version: HTTP/1.1, content: EmptyByteBufBE)
GET /session/c2da78a8743b70f21d39a580449faa6e/element/0c66e180-470f-43dc-9a9a-02afdde64a82/enabled HTTP/1.1
User-Agent: selenium/4.1.2 (java windows)
Cache-Control: no-cache
Content-Type: application/json; charset=utf-8
host: localhost:49454
accept: */*

Response DefaultHttpResponse(decodeResult: success, version: HTTP/1.1)
HTTP/1.1 200 OK
Content-Type: application/json; charset=utf-8
cache-control: no-cache
content-length: 14

10:17:53.366 [AsyncHttpClient-1-8] DEBUG org.asynchttpclient.netty.channel.ChannelManager - Adding key: http://localhost:49454 for channel [id: 0xfd96be99, L:/127.0.0.1:60608 - R:localhost/127.0.0.1:49454]
10:17:53.366 [Forwarding findElement on session c2da78a8743b70f21d39a580449faa6e to remote] DEBUG org.asynchttpclient.netty.request.NettyRequestSender - Using pooled Channel '[id: 0xfd96be99, L:/127.0.0.1:60608 - R:localhost/127.0.0.1:49454]' for 'POST' to 'http://localhost:49454/session/c2da78a8743b70f21d39a580449faa6e/element'
10:17:53.366 [Forwarding findElement on session c2da78a8743b70f21d39a580449faa6e to remote] DEBUG org.asynchttpclient.netty.request.NettyRequestSender - Using open Channel [id: 0xfd96be99, L:/127.0.0.1:60608 - R:localhost/127.0.0.1:49454] for POST '/session/c2da78a8743b70f21d39a580449faa6e/element'
10:17:53.373 [AsyncHttpClient-1-8] DEBUG org.asynchttpclient.netty.handler.HttpHandler - 

Request DefaultHttpRequest(decodeResult: success, version: HTTP/1.1)
POST /session/c2da78a8743b70f21d39a580449faa6e/element HTTP/1.1
User-Agent: selenium/4.1.2 (java windows)
Content-Length: 59
Content-Type: application/json; charset=utf-8
host: localhost:49454
accept: */*

Response DefaultHttpResponse(decodeResult: success, version: HTTP/1.1)
HTTP/1.1 200 OK
Content-Type: application/json; charset=utf-8
cache-control: no-cache
content-length: 88

10:17:53.373 [AsyncHttpClient-1-8] DEBUG org.asynchttpclient.netty.channel.ChannelManager - Adding key: http://localhost:49454 for channel [id: 0xfd96be99, L:/127.0.0.1:60608 - R:localhost/127.0.0.1:49454]
10:17:53.376 [Forwarding clickElement on session c2da78a8743b70f21d39a580449faa6e to remote] DEBUG org.asynchttpclient.netty.request.NettyRequestSender - Using pooled Channel '[id: 0xfd96be99, L:/127.0.0.1:60608 - R:localhost/127.0.0.1:49454]' for 'POST' to 'http://localhost:49454/session/c2da78a8743b70f21d39a580449faa6e/element/0c66e180-470f-43dc-9a9a-02afdde64a82/click'
10:17:53.376 [Forwarding clickElement on session c2da78a8743b70f21d39a580449faa6e to remote] DEBUG org.asynchttpclient.netty.request.NettyRequestSender - Using open Channel [id: 0xfd96be99, L:/127.0.0.1:60608 - R:localhost/127.0.0.1:49454] for POST '/session/c2da78a8743b70f21d39a580449faa6e/element/0c66e180-470f-43dc-9a9a-02afdde64a82/click'
10:17:53.605 [AsyncHttpClient-1-1] DEBUG org.asynchttpclient.netty.channel.DefaultChannelPool - Entry count for : http://localhost:60610 : 1
10:17:54.705 [AsyncHttpClient-1-1] DEBUG org.asynchttpclient.netty.channel.DefaultChannelPool - Entry count for : http://localhost:60610 : 1
10:17:55.813 [AsyncHttpClient-1-1] DEBUG org.asynchttpclient.netty.channel.DefaultChannelPool - Entry count for : http://localhost:60610 : 1
10:17:56.905 [AsyncHttpClient-1-1] DEBUG org.asynchttpclient.netty.channel.DefaultChannelPool - Entry count for : http://localhost:60610 : 1
10:17:57.848 [AsyncHttpClient-1-8] DEBUG org.asynchttpclient.netty.handler.HttpHandler - 

Request DefaultHttpRequest(decodeResult: success, version: HTTP/1.1)
POST /session/c2da78a8743b70f21d39a580449faa6e/element/0c66e180-470f-43dc-9a9a-02afdde64a82/click HTTP/1.1
User-Agent: selenium/4.1.2 (java windows)
Content-Length: 50
Content-Type: application/json; charset=utf-8
host: localhost:49454
accept: */*

Response DefaultHttpResponse(decodeResult: success, version: HTTP/1.1)
HTTP/1.1 200 OK
Content-Type: application/json; charset=utf-8
cache-control: no-cache
content-length: 14

10:17:57.848 [AsyncHttpClient-1-8] DEBUG org.asynchttpclient.netty.channel.ChannelManager - Adding key: http://localhost:49454 for channel [id: 0xfd96be99, L:/127.0.0.1:60608 - R:localhost/127.0.0.1:49454]
10:17:57.857 [Forwarding screenshot on session c2da78a8743b70f21d39a580449faa6e to remote] DEBUG org.asynchttpclient.netty.request.NettyRequestSender - Using pooled Channel '[id: 0xfd96be99, L:/127.0.0.1:60608 - R:localhost/127.0.0.1:49454]' for 'GET' to 'http://localhost:49454/session/c2da78a8743b70f21d39a580449faa6e/screenshot'
10:17:57.857 [Forwarding screenshot on session c2da78a8743b70f21d39a580449faa6e to remote] DEBUG org.asynchttpclient.netty.request.NettyRequestSender - Using open Channel [id: 0xfd96be99, L:/127.0.0.1:60608 - R:localhost/127.0.0.1:49454] for GET '/session/c2da78a8743b70f21d39a580449faa6e/screenshot'
10:17:58.004 [AsyncHttpClient-1-1] DEBUG org.asynchttpclient.netty.channel.DefaultChannelPool - Entry count for : http://localhost:60610 : 1
10:17:58.391 [AsyncHttpClient-1-8] DEBUG org.asynchttpclient.netty.handler.HttpHandler - 

Request DefaultFullHttpRequest(decodeResult: success, version: HTTP/1.1, content: EmptyByteBufBE)
GET /session/c2da78a8743b70f21d39a580449faa6e/screenshot HTTP/1.1
User-Agent: selenium/4.1.2 (java windows)
Cache-Control: no-cache
Content-Type: application/json; charset=utf-8
host: localhost:49454
accept: */*

Response DefaultHttpResponse(decodeResult: success, version: HTTP/1.1)
HTTP/1.1 200 OK
Content-Type: application/json; charset=utf-8
cache-control: no-cache
content-length: 1328228

10:17:58.391 [AsyncHttpClient-1-8] DEBUG org.asynchttpclient.netty.channel.ChannelManager - Adding key: http://localhost:49454 for channel [id: 0xfd96be99, L:/127.0.0.1:60608 - R:localhost/127.0.0.1:49454]
10:17:58.422 [main] DEBUG net.serenitybdd.core.photography.Darkroom - Send negative for processing for target\site\serenity\0f24396f9609fff8fcf201238020f5163b6a35c0d26c75ca19b78e9db7dfcd7d.png
10:17:58.422 [main] DEBUG net.thucydides.core.steps.StepInterceptor - STEP DONE: clickLoginButton
10:17:58.422 [Darkroom Processing Line] DEBUG net.serenitybdd.core.photography.DarkroomProcessingLine - Processing screenshot image in /var/screenshots/screenshot-5025969501773588052
  &amp#27;[32mAnd &amp#27;[0m&amp#27;[32mclick login button&amp#27;[0m               &amp#27;[90m# starter.stepdefinitions.LoginStepDefinitions.clickLoginButton()&amp#27;[0m
10:17:58.422 [Darkroom Processing Line] DEBUG net.serenitybdd.core.photography.DarkroomProcessingLine - Saving screenshot to target\site\serenity\0f24396f9609fff8fcf201238020f5163b6a35c0d26c75ca19b78e9db7dfcd7d.png
10:17:58.438 [main] DEBUG net.thucydides.core.steps.StepInterceptor - STARTING STEP: LoginStepDefinitions.iGetThe - validateLoginFormIsApp
10:17:58.438 [Forwarding findElement on session c2da78a8743b70f21d39a580449faa6e to remote] DEBUG org.asynchttpclient.netty.request.NettyRequestSender - Using pooled Channel '[id: 0xfd96be99, L:/127.0.0.1:60608 - R:localhost/127.0.0.1:49454]' for 'POST' to 'http://localhost:49454/session/c2da78a8743b70f21d39a580449faa6e/element'
10:17:58.438 [Forwarding findElement on session c2da78a8743b70f21d39a580449faa6e to remote] DEBUG org.asynchttpclient.netty.request.NettyRequestSender - Using open Channel [id: 0xfd96be99, L:/127.0.0.1:60608 - R:localhost/127.0.0.1:49454] for POST '/session/c2da78a8743b70f21d39a580449faa6e/element'
10:17:58.450 [AsyncHttpClient-1-8] DEBUG org.asynchttpclient.netty.handler.HttpHandler - 

Request DefaultHttpRequest(decodeResult: success, version: HTTP/1.1)
POST /session/c2da78a8743b70f21d39a580449faa6e/element HTTP/1.1
User-Agent: selenium/4.1.2 (java windows)
Content-Length: 103
Content-Type: application/json; charset=utf-8
host: localhost:49454
accept: */*

Response DefaultHttpResponse(decodeResult: success, version: HTTP/1.1)
HTTP/1.1 200 OK
Content-Type: application/json; charset=utf-8
cache-control: no-cache
content-length: 88

10:17:58.450 [AsyncHttpClient-1-8] DEBUG org.asynchttpclient.netty.channel.ChannelManager - Adding key: http://localhost:49454 for channel [id: 0xfd96be99, L:/127.0.0.1:60608 - R:localhost/127.0.0.1:49454]
10:17:58.450 [Forwarding isElementDisplayed on session c2da78a8743b70f21d39a580449faa6e to remote] DEBUG org.asynchttpclient.netty.request.NettyRequestSender - Using pooled Channel '[id: 0xfd96be99, L:/127.0.0.1:60608 - R:localhost/127.0.0.1:49454]' for 'POST' to 'http://localhost:49454/session/c2da78a8743b70f21d39a580449faa6e/execute/sync'
10:17:58.450 [Forwarding isElementDisplayed on session c2da78a8743b70f21d39a580449faa6e to remote] DEBUG org.asynchttpclient.netty.request.NettyRequestSender - Using open Channel [id: 0xfd96be99, L:/127.0.0.1:60608 - R:localhost/127.0.0.1:49454] for POST '/session/c2da78a8743b70f21d39a580449faa6e/execute/sync'
10:17:58.548 [AsyncHttpClient-1-8] DEBUG org.asynchttpclient.netty.handler.HttpHandler - 

Request DefaultHttpRequest(decodeResult: success, version: HTTP/1.1)
POST /session/c2da78a8743b70f21d39a580449faa6e/execute/sync HTTP/1.1
User-Agent: selenium/4.1.2 (java windows)
Content-Length: 48780
Content-Type: application/json; charset=utf-8
host: localhost:49454
accept: */*

Response DefaultHttpResponse(decodeResult: success, version: HTTP/1.1)
HTTP/1.1 200 OK
Content-Type: application/json; charset=utf-8
cache-control: no-cache
content-length: 15

10:17:58.548 [AsyncHttpClient-1-8] DEBUG org.asynchttpclient.netty.channel.ChannelManager - Adding key: http://localhost:49454 for channel [id: 0xfd96be99, L:/127.0.0.1:60608 - R:localhost/127.0.0.1:49454]
10:17:58.553 [Forwarding screenshot on session c2da78a8743b70f21d39a580449faa6e to remote] DEBUG org.asynchttpclient.netty.request.NettyRequestSender - Using pooled Channel '[id: 0xfd96be99, L:/127.0.0.1:60608 - R:localhost/127.0.0.1:49454]' for 'GET' to 'http://localhost:49454/session/c2da78a8743b70f21d39a580449faa6e/screenshot'
10:17:58.553 [Forwarding screenshot on session c2da78a8743b70f21d39a580449faa6e to remote] DEBUG org.asynchttpclient.netty.request.NettyRequestSender - Using open Channel [id: 0xfd96be99, L:/127.0.0.1:60608 - R:localhost/127.0.0.1:49454] for GET '/session/c2da78a8743b70f21d39a580449faa6e/screenshot'
10:17:59.098 [AsyncHttpClient-1-8] DEBUG org.asynchttpclient.netty.handler.HttpHandler - 

Request DefaultFullHttpRequest(decodeResult: success, version: HTTP/1.1, content: EmptyByteBufBE)
GET /session/c2da78a8743b70f21d39a580449faa6e/screenshot HTTP/1.1
User-Agent: selenium/4.1.2 (java windows)
Cache-Control: no-cache
Content-Type: application/json; charset=utf-8
host: localhost:49454
accept: */*

Response DefaultHttpResponse(decodeResult: success, version: HTTP/1.1)
HTTP/1.1 200 OK
Content-Type: application/json; charset=utf-8
cache-control: no-cache
content-length: 1305604

10:17:59.098 [AsyncHttpClient-1-8] DEBUG org.asynchttpclient.netty.channel.ChannelManager - Adding key: http://localhost:49454 for channel [id: 0xfd96be99, L:/127.0.0.1:60608 - R:localhost/127.0.0.1:49454]
10:17:59.113 [AsyncHttpClient-1-1] DEBUG org.asynchttpclient.netty.channel.DefaultChannelPool - Entry count for : http://localhost:49454 : 1
10:17:59.113 [AsyncHttpClient-1-1] DEBUG org.asynchttpclient.netty.channel.DefaultChannelPool - Entry count for : http://localhost:60610 : 1
10:17:59.136 [main] DEBUG net.serenitybdd.core.photography.Darkroom - Send negative for processing for target\site\serenity\64dd0b0210d8c625d7b82c04c4633482351ac7962dbe0d50f6aedfecf1413026.png
10:17:59.136 [main] DEBUG net.thucydides.core.steps.StepInterceptor - STEP DONE: validateLoginFormIsApp
10:17:59.136 [Darkroom Processing Line] DEBUG net.serenitybdd.core.photography.DarkroomProcessingLine - Processing screenshot image in /var/screenshots/screenshot-10199472082494072150
10:17:59.136 [Darkroom Processing Line] DEBUG net.serenitybdd.core.photography.DarkroomProcessingLine - Saving screenshot to target\site\serenity\64dd0b0210d8c625d7b82c04c4633482351ac7962dbe0d50f6aedfecf1413026.png
10:17:59.142 [main] DEBUG net.thucydides.core.steps.StepInterceptor - STARTING STEP: LoginStepDefinitions.iGetThe - errorMessageAlert
10:17:59.142 [main] DEBUG net.thucydides.core.steps.StepInterceptor - STEP DONE: errorMessageAlert
  &amp#27;[32mThen &amp#27;[0m&amp#27;[32mi get the &amp#27;[0m&amp#27;[32m&amp#27;[1m"Login Page"&amp#27;[0m          &amp#27;[90m# starter.stepdefinitions.LoginStepDefinitions.iGetThe(java.lang.String)&amp#27;[0m
10:17:59.151 [AsyncHttpClient-1-10] DEBUG org.asynchttpclient.netty.handler.WebSocketHandler - Channel Closed: [id: 0x80eaa471, L:/127.0.0.1:60618 ! R:localhost/127.0.0.1:60610] with attribute NettyResponseFuture{currentRetry=5,
	isDone=1,
	isCancelled=0,
	asyncHandler=org.asynchttpclient.ws.WebSocketUpgradeHandler@3ba5098,
	nettyRequest=org.asynchttpclient.netty.request.NettyRequest@46b8de8b,
	future=java.util.concurrent.CompletableFuture@5ebd30cf[Completed normally],
	uri=ws://localhost:60610/devtools/browser/64a96765-094e-4981-960a-c5d1ea6f21f5,
	keepAlive=true,
	redirectCount=0,
	timeoutsHolder=null,
	inAuth=0,
	touch=1650943064392}
10:17:59.151 [AsyncHttpClient-1-10] DEBUG org.asynchttpclient.netty.channel.ChannelManager - Closing Channel [id: 0x80eaa471, L:/127.0.0.1:60618 ! R:localhost/127.0.0.1:60610] 
10:17:59.151 [Driver Command Executor] DEBUG org.asynchttpclient.netty.request.NettyRequestSender - Using pooled Channel '[id: 0xfd96be99, L:/127.0.0.1:60608 - R:localhost/127.0.0.1:49454]' for 'DELETE' to 'http://localhost:49454/session/c2da78a8743b70f21d39a580449faa6e'
10:17:59.151 [Driver Command Executor] DEBUG org.asynchttpclient.netty.request.NettyRequestSender - Using open Channel [id: 0xfd96be99, L:/127.0.0.1:60608 - R:localhost/127.0.0.1:49454] for DELETE '/session/c2da78a8743b70f21d39a580449faa6e'
10:17:59.182 [AsyncHttpClient-1-9] DEBUG org.asynchttpclient.netty.handler.HttpHandler - Unexpected I/O exception on channel [id: 0x1eda09cb, L:/127.0.0.1:60617 - R:localhost/127.0.0.1:60610]
java.net.SocketException: Connection reset
	at java.base/sun.nio.ch.SocketChannelImpl.throwConnectionReset(SocketChannelImpl.java:367)
	at java.base/sun.nio.ch.SocketChannelImpl.read(SocketChannelImpl.java:398)
	at io.netty.buffer.PooledByteBuf.setBytes(PooledByteBuf.java:258)
	at io.netty.buffer.AbstractByteBuf.writeBytes(AbstractByteBuf.java:1132)
	at io.netty.channel.socket.nio.NioSocketChannel.doReadBytes(NioSocketChannel.java:350)
	at io.netty.channel.nio.AbstractNioByteChannel$NioByteUnsafe.read(AbstractNioByteChannel.java:151)
	at io.netty.channel.nio.NioEventLoop.processSelectedKey(NioEventLoop.java:722)
	at io.netty.channel.nio.NioEventLoop.processSelectedKeysOptimized(NioEventLoop.java:658)
	at io.netty.channel.nio.NioEventLoop.processSelectedKeys(NioEventLoop.java:584)
	at io.netty.channel.nio.NioEventLoop.run(NioEventLoop.java:496)
	at io.netty.util.concurrent.SingleThreadEventExecutor$4.run(SingleThreadEventExecutor.java:986)
	at io.netty.util.internal.ThreadExecutorMap$2.run(ThreadExecutorMap.java:74)
	at io.netty.util.concurrent.FastThreadLocalRunnable.run(FastThreadLocalRunnable.java:30)
	at java.base/java.lang.Thread.run(Thread.java:832)
10:17:59.182 [AsyncHttpClient-1-9] DEBUG org.asynchttpclient.netty.channel.ChannelManager - Closing Channel [id: 0x1eda09cb, L:/127.0.0.1:60617 - R:localhost/127.0.0.1:60610] 
10:17:59.182 [AsyncHttpClient-1-9] DEBUG org.asynchttpclient.netty.handler.HttpHandler - Channel Closed: [id: 0x1eda09cb, L:/127.0.0.1:60617 ! R:localhost/127.0.0.1:60610] with attribute DISCARD
10:17:59.214 [AsyncHttpClient-1-8] DEBUG org.asynchttpclient.netty.handler.HttpHandler - 

Request DefaultFullHttpRequest(decodeResult: success, version: HTTP/1.1, content: EmptyByteBufBE)
DELETE /session/c2da78a8743b70f21d39a580449faa6e HTTP/1.1
User-Agent: selenium/4.1.2 (java windows)
Content-Type: application/json; charset=utf-8
host: localhost:49454
accept: */*

Response DefaultHttpResponse(decodeResult: success, version: HTTP/1.1)
HTTP/1.1 200 OK
Content-Type: application/json; charset=utf-8
cache-control: no-cache
content-length: 14

10:17:59.214 [AsyncHttpClient-1-8] DEBUG org.asynchttpclient.netty.channel.ChannelManager - Adding key: http://localhost:49454 for channel [id: 0xfd96be99, L:/127.0.0.1:60608 - R:localhost/127.0.0.1:49454]
10:17:59.361 [AsyncHttpClient-1-8] DEBUG org.asynchttpclient.netty.handler.HttpHandler - Channel Closed: [id: 0xfd96be99, L:/127.0.0.1:60608 ! R:localhost/127.0.0.1:49454] with attribute DISCARD
]]></system-out>
    <system-err><![CDATA[Starting ChromeDriver 100.0.4896.60 (6a5d10861ce8de5fce22564658033b43cb7de047-refs/branch-heads/4896@{#875}) on port 49454
Only local connections are allowed.
Please see https://chromedriver.chromium.org/security-considerations for suggestions on keeping ChromeDriver safe.
ChromeDriver was started successfully.
Apr 26, 2022 10:17:44 AM org.openqa.selenium.remote.ProtocolHandshake createSession
INFO: Detected dialect: W3C
Apr 26, 2022 10:17:44 AM org.openqa.selenium.devtools.CdpVersionFinder findNearestMatch
WARNING: Unable to find an exact match for CDP version 100, so returning the closest version found: 97
Apr 26, 2022 10:17:44 AM org.openqa.selenium.devtools.CdpVersionFinder findNearestMatch
INFO: Found CDP implementation for version 100 of 97
]]></system-err>
  </testcase>
  <testcase name="Login scenario #4" classname="Login" time="15.882">
    <system-out><![CDATA[
@DDT
Scenario Outline: Login scenario &amp#27;[90m# src/test/resources/features/login.feature:29&amp#27;[0m
10:17:59.886 [main] INFO io.cucumber.core.plugin.SerenityReporter - Running feature from file:///D:/PERKULIAHAN/Semester%206,Hebatt%20glad!/Dot-TechnicalTest/src/test/resources/features/login.feature
10:17:59.920 [main] DEBUG net.thucydides.core.steps.StepInterceptor - STARTING STEP: LoginStepDefinitions.iAmOnLoginPage - openUrl
10:17:59.920 [main] INFO net.serenitybdd.core.webdriver.driverproviders.ChromeDriverProvider - Using automatically driver download
10:18:00.030 [main] DEBUG io.github.bonigarcia.wdm.cache.ResolutionCache - Resolution chrome=100 in cache (valid until 11:02:02 26/04/2022 WIB)
10:18:00.030 [main] DEBUG io.github.bonigarcia.wdm.cache.ResolutionCache - Resolution chrome100=100.0.4896.60 in cache (valid until 19:36:13 26/04/2022 WIB)
10:18:00.030 [main] INFO io.github.bonigarcia.wdm.WebDriverManager - Using chromedriver 100.0.4896.60 (resolved driver for Chrome 100)
10:18:00.045 [main] DEBUG io.github.bonigarcia.wdm.WebDriverManager - Driver chromedriver 100.0.4896.60 found in cache
10:18:00.045 [main] INFO io.github.bonigarcia.wdm.WebDriverManager - Exporting webdriver.chrome.driver as C:\Users\ASUS\.cache\selenium\chromedriver\win32\100.0.4896.60\chromedriver.exe
10:18:00.170 [main] DEBUG net.serenitybdd.core.webdriver.driverproviders.ProvideNewDriver - Instantiating driver
10:18:00.170 [main] DEBUG net.serenitybdd.core.webdriver.driverproviders.ProvideNewDriver - Driver capabilities: Capabilities {acceptInsecureCerts: false, base.url: https://www.psegameshop.com/, browserName: chrome, chrome.driver: src/test/resources/webdrive..., driver: chrome, goog:chromeOptions: {args: [], extensions: []}}
10:18:00.206 [AsyncHttpClient-1-1] DEBUG org.asynchttpclient.netty.channel.DefaultChannelPool - Entry count for : http://localhost:49454 : 1
10:18:00.206 [AsyncHttpClient-1-1] DEBUG org.asynchttpclient.netty.channel.DefaultChannelPool - Entry count for : http://localhost:60610 : 1
10:18:00.206 [AsyncHttpClient-1-1] DEBUG org.asynchttpclient.netty.channel.DefaultChannelPool - Adding Candidate expired Channel [id: 0xfd96be99, L:/127.0.0.1:60608 ! R:localhost/127.0.0.1:49454] isIdleTimeoutExpired=false isRemotelyClosed=true isTtlExpired=false
10:18:00.206 [AsyncHttpClient-1-1] DEBUG org.asynchttpclient.netty.channel.DefaultChannelPool - Closing Idle Channel [id: 0xfd96be99, L:/127.0.0.1:60608 ! R:localhost/127.0.0.1:49454]
10:18:00.206 [AsyncHttpClient-1-1] DEBUG org.asynchttpclient.netty.channel.DefaultChannelPool - Adding Candidate expired Channel [id: 0x1eda09cb, L:/127.0.0.1:60617 ! R:localhost/127.0.0.1:60610] isIdleTimeoutExpired=false isRemotelyClosed=true isTtlExpired=false
10:18:00.206 [AsyncHttpClient-1-1] DEBUG org.asynchttpclient.netty.channel.DefaultChannelPool - Closing Idle Channel [id: 0x1eda09cb, L:/127.0.0.1:60617 ! R:localhost/127.0.0.1:60610]
10:18:00.206 [AsyncHttpClient-1-1] DEBUG org.asynchttpclient.netty.channel.DefaultChannelPool - Closed 2 connections out of 2 in 0 ms
10:18:00.705 [AsyncHttpClient-1-11] DEBUG org.asynchttpclient.netty.channel.NettyConnectListener - Using new Channel '[id: 0x13f33abb, L:/127.0.0.1:60668 - R:localhost/127.0.0.1:65157]' for 'POST' to '/session'
10:18:01.575 [AsyncHttpClient-1-11] DEBUG org.asynchttpclient.netty.handler.HttpHandler - 

Request DefaultHttpRequest(decodeResult: success, version: HTTP/1.1)
POST /session HTTP/1.1
User-Agent: selenium/4.1.2 (java windows)
Content-Length: 614
Content-Type: application/json; charset=utf-8
host: localhost:65157
accept: */*

Response DefaultHttpResponse(decodeResult: success, version: HTTP/1.1)
HTTP/1.1 200 OK
Content-Type: application/json; charset=utf-8
cache-control: no-cache
content-length: 790

10:18:01.575 [AsyncHttpClient-1-11] DEBUG org.asynchttpclient.netty.channel.ChannelManager - Adding key: http://localhost:65157 for channel [id: 0x13f33abb, L:/127.0.0.1:60668 - R:localhost/127.0.0.1:65157]
10:18:01.590 [AsyncHttpClient-1-12] DEBUG org.asynchttpclient.netty.channel.NettyConnectListener - Using new Channel '[id: 0x2b4a0b7c, L:/127.0.0.1:60676 - R:localhost/127.0.0.1:60669]' for 'GET' to '/json/version'
10:18:01.590 [AsyncHttpClient-1-12] DEBUG org.asynchttpclient.netty.handler.HttpHandler - 

Request DefaultFullHttpRequest(decodeResult: success, version: HTTP/1.1, content: EmptyByteBufBE)
GET /json/version HTTP/1.1
User-Agent: selenium/4.1.2 (java windows)
host: localhost:60669
accept: */*

Response DefaultHttpResponse(decodeResult: success, version: HTTP/1.1)
HTTP/1.1 200 OK
Content-Type: application/json; charset=UTF-8
content-length: 429

10:18:01.590 [AsyncHttpClient-1-12] DEBUG org.asynchttpclient.netty.channel.ChannelManager - Adding key: http://localhost:60669 for channel [id: 0x2b4a0b7c, L:/127.0.0.1:60676 - R:localhost/127.0.0.1:60669]
10:18:01.590 [AsyncHttpClient-1-13] DEBUG org.asynchttpclient.netty.channel.NettyConnectListener - Using new Channel '[id: 0x2e726c92, L:/127.0.0.1:60677 - R:localhost/127.0.0.1:60669]' for 'GET' to '/devtools/browser/3e131a83-9e72-4ac9-8d15-c8622eb03068'
10:18:01.606 [AsyncHttpClient-1-13] DEBUG org.asynchttpclient.netty.handler.WebSocketHandler - 

Request DefaultFullHttpRequest(decodeResult: success, version: HTTP/1.1, content: EmptyByteBufBE)
GET /devtools/browser/3e131a83-9e72-4ac9-8d15-c8622eb03068 HTTP/1.1
upgrade: websocket
connection: upgrade
sec-websocket-key: csPmlA++20jnWNmHUzYamA==
sec-websocket-version: 13
origin: http://localhost:60669
host: localhost:60669
accept: */*
user-agent: AHC/2.1

Response DefaultHttpResponse(decodeResult: success, version: HTTP/1.1)
HTTP/1.1 101 WebSocket Protocol Handshake
Upgrade: WebSocket
Connection: Upgrade
Sec-WebSocket-Accept: SKWiLh//eqHQGdrTIaT7icqoeFA=

10:18:01.606 [Forwarding maximizeCurrentWindow on session 6ad600ec85822670a2a7f3032c1a0a86 to remote] DEBUG org.asynchttpclient.netty.request.NettyRequestSender - Using pooled Channel '[id: 0x13f33abb, L:/127.0.0.1:60668 - R:localhost/127.0.0.1:65157]' for 'POST' to 'http://localhost:65157/session/6ad600ec85822670a2a7f3032c1a0a86/window/maximize'
10:18:01.606 [Forwarding maximizeCurrentWindow on session 6ad600ec85822670a2a7f3032c1a0a86 to remote] DEBUG org.asynchttpclient.netty.request.NettyRequestSender - Using open Channel [id: 0x13f33abb, L:/127.0.0.1:60668 - R:localhost/127.0.0.1:65157] for POST '/session/6ad600ec85822670a2a7f3032c1a0a86/window/maximize'
10:18:01.742 [AsyncHttpClient-1-11] DEBUG org.asynchttpclient.netty.handler.HttpHandler - 

Request DefaultHttpRequest(decodeResult: success, version: HTTP/1.1)
POST /session/6ad600ec85822670a2a7f3032c1a0a86/window/maximize HTTP/1.1
User-Agent: selenium/4.1.2 (java windows)
Content-Length: 3
Content-Type: application/json; charset=utf-8
host: localhost:65157
accept: */*

Response DefaultHttpResponse(decodeResult: success, version: HTTP/1.1)
HTTP/1.1 200 OK
Content-Type: application/json; charset=utf-8
cache-control: no-cache
content-length: 51

10:18:01.742 [AsyncHttpClient-1-11] DEBUG org.asynchttpclient.netty.channel.ChannelManager - Adding key: http://localhost:65157 for channel [id: 0x13f33abb, L:/127.0.0.1:60668 - R:localhost/127.0.0.1:65157]
10:18:01.742 [Forwarding get on session 6ad600ec85822670a2a7f3032c1a0a86 to remote] DEBUG org.asynchttpclient.netty.request.NettyRequestSender - Using pooled Channel '[id: 0x13f33abb, L:/127.0.0.1:60668 - R:localhost/127.0.0.1:65157]' for 'POST' to 'http://localhost:65157/session/6ad600ec85822670a2a7f3032c1a0a86/url'
10:18:01.742 [Forwarding get on session 6ad600ec85822670a2a7f3032c1a0a86 to remote] DEBUG org.asynchttpclient.netty.request.NettyRequestSender - Using open Channel [id: 0x13f33abb, L:/127.0.0.1:60668 - R:localhost/127.0.0.1:65157] for POST '/session/6ad600ec85822670a2a7f3032c1a0a86/url'
10:18:02.406 [AsyncHttpClient-1-1] DEBUG org.asynchttpclient.netty.channel.DefaultChannelPool - Entry count for : http://localhost:60669 : 1
10:18:03.511 [AsyncHttpClient-1-1] DEBUG org.asynchttpclient.netty.channel.DefaultChannelPool - Entry count for : http://localhost:60669 : 1
10:18:04.604 [AsyncHttpClient-1-1] DEBUG org.asynchttpclient.netty.channel.DefaultChannelPool - Entry count for : http://localhost:60669 : 1
10:18:05.707 [AsyncHttpClient-1-1] DEBUG org.asynchttpclient.netty.channel.DefaultChannelPool - Entry count for : http://localhost:60669 : 1
10:18:06.801 [AsyncHttpClient-1-11] DEBUG org.asynchttpclient.netty.handler.HttpHandler - 

Request DefaultHttpRequest(decodeResult: success, version: HTTP/1.1)
POST /session/6ad600ec85822670a2a7f3032c1a0a86/url HTTP/1.1
User-Agent: selenium/4.1.2 (java windows)
Content-Length: 58
Content-Type: application/json; charset=utf-8
host: localhost:65157
accept: */*

Response DefaultHttpResponse(decodeResult: success, version: HTTP/1.1)
HTTP/1.1 200 OK
Content-Type: application/json; charset=utf-8
cache-control: no-cache
content-length: 14

10:18:06.802 [AsyncHttpClient-1-11] DEBUG org.asynchttpclient.netty.channel.ChannelManager - Adding key: http://localhost:65157 for channel [id: 0x13f33abb, L:/127.0.0.1:60668 - R:localhost/127.0.0.1:65157]
10:18:06.803 [Forwarding setTimeout on session 6ad600ec85822670a2a7f3032c1a0a86 to remote] DEBUG org.asynchttpclient.netty.request.NettyRequestSender - Using pooled Channel '[id: 0x13f33abb, L:/127.0.0.1:60668 - R:localhost/127.0.0.1:65157]' for 'POST' to 'http://localhost:65157/session/6ad600ec85822670a2a7f3032c1a0a86/timeouts'
10:18:06.803 [Forwarding setTimeout on session 6ad600ec85822670a2a7f3032c1a0a86 to remote] DEBUG org.asynchttpclient.netty.request.NettyRequestSender - Using open Channel [id: 0x13f33abb, L:/127.0.0.1:60668 - R:localhost/127.0.0.1:65157] for POST '/session/6ad600ec85822670a2a7f3032c1a0a86/timeouts'
10:18:06.804 [AsyncHttpClient-1-11] DEBUG org.asynchttpclient.netty.handler.HttpHandler - 

Request DefaultHttpRequest(decodeResult: success, version: HTTP/1.1)
POST /session/6ad600ec85822670a2a7f3032c1a0a86/timeouts HTTP/1.1
User-Agent: selenium/4.1.2 (java windows)
Content-Length: 22
Content-Type: application/json; charset=utf-8
host: localhost:65157
accept: */*

Response DefaultHttpResponse(decodeResult: success, version: HTTP/1.1)
HTTP/1.1 200 OK
Content-Type: application/json; charset=utf-8
cache-control: no-cache
content-length: 14

10:18:06.804 [AsyncHttpClient-1-11] DEBUG org.asynchttpclient.netty.channel.ChannelManager - Adding key: http://localhost:65157 for channel [id: 0x13f33abb, L:/127.0.0.1:60668 - R:localhost/127.0.0.1:65157]
10:18:06.807 [Forwarding getCurrentUrl on session 6ad600ec85822670a2a7f3032c1a0a86 to remote] DEBUG org.asynchttpclient.netty.request.NettyRequestSender - Using pooled Channel '[id: 0x13f33abb, L:/127.0.0.1:60668 - R:localhost/127.0.0.1:65157]' for 'GET' to 'http://localhost:65157/session/6ad600ec85822670a2a7f3032c1a0a86/url'
10:18:06.807 [Forwarding getCurrentUrl on session 6ad600ec85822670a2a7f3032c1a0a86 to remote] DEBUG org.asynchttpclient.netty.request.NettyRequestSender - Using open Channel [id: 0x13f33abb, L:/127.0.0.1:60668 - R:localhost/127.0.0.1:65157] for GET '/session/6ad600ec85822670a2a7f3032c1a0a86/url'
10:18:06.811 [AsyncHttpClient-1-1] DEBUG org.asynchttpclient.netty.channel.DefaultChannelPool - Entry count for : http://localhost:60669 : 1
10:18:06.812 [AsyncHttpClient-1-11] DEBUG org.asynchttpclient.netty.handler.HttpHandler - 

Request DefaultFullHttpRequest(decodeResult: success, version: HTTP/1.1, content: EmptyByteBufBE)
GET /session/6ad600ec85822670a2a7f3032c1a0a86/url HTTP/1.1
User-Agent: selenium/4.1.2 (java windows)
Cache-Control: no-cache
Content-Type: application/json; charset=utf-8
host: localhost:65157
accept: */*

Response DefaultHttpResponse(decodeResult: success, version: HTTP/1.1)
HTTP/1.1 200 OK
Content-Type: application/json; charset=utf-8
cache-control: no-cache
content-length: 40

10:18:06.812 [AsyncHttpClient-1-11] DEBUG org.asynchttpclient.netty.channel.ChannelManager - Adding key: http://localhost:65157 for channel [id: 0x13f33abb, L:/127.0.0.1:60668 - R:localhost/127.0.0.1:65157]
10:18:06.818 [Forwarding screenshot on session 6ad600ec85822670a2a7f3032c1a0a86 to remote] DEBUG org.asynchttpclient.netty.request.NettyRequestSender - Using pooled Channel '[id: 0x13f33abb, L:/127.0.0.1:60668 - R:localhost/127.0.0.1:65157]' for 'GET' to 'http://localhost:65157/session/6ad600ec85822670a2a7f3032c1a0a86/screenshot'
10:18:06.818 [Forwarding screenshot on session 6ad600ec85822670a2a7f3032c1a0a86 to remote] DEBUG org.asynchttpclient.netty.request.NettyRequestSender - Using open Channel [id: 0x13f33abb, L:/127.0.0.1:60668 - R:localhost/127.0.0.1:65157] for GET '/session/6ad600ec85822670a2a7f3032c1a0a86/screenshot'
10:18:07.334 [AsyncHttpClient-1-11] DEBUG org.asynchttpclient.netty.handler.HttpHandler - 

Request DefaultFullHttpRequest(decodeResult: success, version: HTTP/1.1, content: EmptyByteBufBE)
GET /session/6ad600ec85822670a2a7f3032c1a0a86/screenshot HTTP/1.1
User-Agent: selenium/4.1.2 (java windows)
Cache-Control: no-cache
Content-Type: application/json; charset=utf-8
host: localhost:65157
accept: */*

Response DefaultHttpResponse(decodeResult: success, version: HTTP/1.1)
HTTP/1.1 200 OK
Content-Type: application/json; charset=utf-8
cache-control: no-cache
content-length: 1333828

10:18:07.338 [AsyncHttpClient-1-11] DEBUG org.asynchttpclient.netty.channel.ChannelManager - Adding key: http://localhost:65157 for channel [id: 0x13f33abb, L:/127.0.0.1:60668 - R:localhost/127.0.0.1:65157]
10:18:07.364 [main] DEBUG net.serenitybdd.core.photography.Darkroom - Send negative for processing for target\site\serenity\c892c8ca808d9d9b94891a40056d5a2eac63be830dad9e7c379588e85d813b39.png
10:18:07.365 [main] DEBUG net.thucydides.core.steps.StepInterceptor - STEP DONE: openUrl
10:18:07.374 [main] DEBUG net.thucydides.core.steps.StepInterceptor - STARTING STEP: LoginStepDefinitions.iAmOnLoginPage - validateAccountIsApp
10:18:07.376 [Forwarding findElement on session 6ad600ec85822670a2a7f3032c1a0a86 to remote] DEBUG org.asynchttpclient.netty.request.NettyRequestSender - Using pooled Channel '[id: 0x13f33abb, L:/127.0.0.1:60668 - R:localhost/127.0.0.1:65157]' for 'POST' to 'http://localhost:65157/session/6ad600ec85822670a2a7f3032c1a0a86/element'
10:18:07.377 [Forwarding findElement on session 6ad600ec85822670a2a7f3032c1a0a86 to remote] DEBUG org.asynchttpclient.netty.request.NettyRequestSender - Using open Channel [id: 0x13f33abb, L:/127.0.0.1:60668 - R:localhost/127.0.0.1:65157] for POST '/session/6ad600ec85822670a2a7f3032c1a0a86/element'
10:18:07.379 [AsyncHttpClient-1-11] DEBUG org.asynchttpclient.netty.handler.HttpHandler - 

Request DefaultHttpRequest(decodeResult: success, version: HTTP/1.1)
POST /session/6ad600ec85822670a2a7f3032c1a0a86/element HTTP/1.1
User-Agent: selenium/4.1.2 (java windows)
Content-Length: 46
Content-Type: application/json; charset=utf-8
host: localhost:65157
accept: */*

Response DefaultHttpResponse(decodeResult: success, version: HTTP/1.1)
HTTP/1.1 400 Bad Request
Content-Type: application/json; charset=utf-8
cache-control: no-cache
content-length: 958

10:18:07.379 [AsyncHttpClient-1-11] DEBUG org.asynchttpclient.netty.channel.ChannelManager - Adding key: http://localhost:65157 for channel [id: 0x13f33abb, L:/127.0.0.1:60668 - R:localhost/127.0.0.1:65157]
10:18:07.379 [Forwarding findElement on session 6ad600ec85822670a2a7f3032c1a0a86 to remote] DEBUG org.asynchttpclient.netty.request.NettyRequestSender - Using pooled Channel '[id: 0x13f33abb, L:/127.0.0.1:60668 - R:localhost/127.0.0.1:65157]' for 'POST' to 'http://localhost:65157/session/6ad600ec85822670a2a7f3032c1a0a86/element'
10:18:07.379 [Forwarding findElement on session 6ad600ec85822670a2a7f3032c1a0a86 to remote] DEBUG org.asynchttpclient.netty.request.NettyRequestSender - Using open Channel [id: 0x13f33abb, L:/127.0.0.1:60668 - R:localhost/127.0.0.1:65157] for POST '/session/6ad600ec85822670a2a7f3032c1a0a86/element'
10:18:07.379 [AsyncHttpClient-1-11] DEBUG org.asynchttpclient.netty.handler.HttpHandler - 

Request DefaultHttpRequest(decodeResult: success, version: HTTP/1.1)
POST /session/6ad600ec85822670a2a7f3032c1a0a86/element HTTP/1.1
User-Agent: selenium/4.1.2 (java windows)
Content-Length: 56
Content-Type: application/json; charset=utf-8
host: localhost:65157
accept: */*

Response DefaultHttpResponse(decodeResult: success, version: HTTP/1.1)
HTTP/1.1 200 OK
Content-Type: application/json; charset=utf-8
cache-control: no-cache
content-length: 88

10:18:07.379 [AsyncHttpClient-1-11] DEBUG org.asynchttpclient.netty.channel.ChannelManager - Adding key: http://localhost:65157 for channel [id: 0x13f33abb, L:/127.0.0.1:60668 - R:localhost/127.0.0.1:65157]
10:18:07.395 [Forwarding isElementDisplayed on session 6ad600ec85822670a2a7f3032c1a0a86 to remote] DEBUG org.asynchttpclient.netty.request.NettyRequestSender - Using pooled Channel '[id: 0x13f33abb, L:/127.0.0.1:60668 - R:localhost/127.0.0.1:65157]' for 'POST' to 'http://localhost:65157/session/6ad600ec85822670a2a7f3032c1a0a86/execute/sync'
10:18:07.395 [Forwarding isElementDisplayed on session 6ad600ec85822670a2a7f3032c1a0a86 to remote] DEBUG org.asynchttpclient.netty.request.NettyRequestSender - Using open Channel [id: 0x13f33abb, L:/127.0.0.1:60668 - R:localhost/127.0.0.1:65157] for POST '/session/6ad600ec85822670a2a7f3032c1a0a86/execute/sync'
10:18:07.412 [AsyncHttpClient-1-11] DEBUG org.asynchttpclient.netty.handler.HttpHandler - 

Request DefaultHttpRequest(decodeResult: success, version: HTTP/1.1)
POST /session/6ad600ec85822670a2a7f3032c1a0a86/execute/sync HTTP/1.1
User-Agent: selenium/4.1.2 (java windows)
Content-Length: 48780
Content-Type: application/json; charset=utf-8
host: localhost:65157
accept: */*

Response DefaultHttpResponse(decodeResult: success, version: HTTP/1.1)
HTTP/1.1 200 OK
Content-Type: application/json; charset=utf-8
cache-control: no-cache
content-length: 14

10:18:07.412 [AsyncHttpClient-1-11] DEBUG org.asynchttpclient.netty.channel.ChannelManager - Adding key: http://localhost:65157 for channel [id: 0x13f33abb, L:/127.0.0.1:60668 - R:localhost/127.0.0.1:65157]
10:18:07.417 [Forwarding screenshot on session 6ad600ec85822670a2a7f3032c1a0a86 to remote] DEBUG org.asynchttpclient.netty.request.NettyRequestSender - Using pooled Channel '[id: 0x13f33abb, L:/127.0.0.1:60668 - R:localhost/127.0.0.1:65157]' for 'GET' to 'http://localhost:65157/session/6ad600ec85822670a2a7f3032c1a0a86/screenshot'
10:18:07.418 [Forwarding screenshot on session 6ad600ec85822670a2a7f3032c1a0a86 to remote] DEBUG org.asynchttpclient.netty.request.NettyRequestSender - Using open Channel [id: 0x13f33abb, L:/127.0.0.1:60668 - R:localhost/127.0.0.1:65157] for GET '/session/6ad600ec85822670a2a7f3032c1a0a86/screenshot'
10:18:07.894 [AsyncHttpClient-1-11] DEBUG org.asynchttpclient.netty.handler.HttpHandler - 

Request DefaultFullHttpRequest(decodeResult: success, version: HTTP/1.1, content: EmptyByteBufBE)
GET /session/6ad600ec85822670a2a7f3032c1a0a86/screenshot HTTP/1.1
User-Agent: selenium/4.1.2 (java windows)
Cache-Control: no-cache
Content-Type: application/json; charset=utf-8
host: localhost:65157
accept: */*

Response DefaultHttpResponse(decodeResult: success, version: HTTP/1.1)
HTTP/1.1 200 OK
Content-Type: application/json; charset=utf-8
cache-control: no-cache
content-length: 1333828

10:18:07.900 [AsyncHttpClient-1-11] DEBUG org.asynchttpclient.netty.channel.ChannelManager - Adding key: http://localhost:65157 for channel [id: 0x13f33abb, L:/127.0.0.1:60668 - R:localhost/127.0.0.1:65157]
10:18:07.910 [AsyncHttpClient-1-1] DEBUG org.asynchttpclient.netty.channel.DefaultChannelPool - Entry count for : http://localhost:60669 : 1
10:18:07.911 [AsyncHttpClient-1-1] DEBUG org.asynchttpclient.netty.channel.DefaultChannelPool - Entry count for : http://localhost:65157 : 1
10:18:07.940 [main] DEBUG net.serenitybdd.core.photography.Darkroom - Send negative for processing for target\site\serenity\c892c8ca808d9d9b94891a40056d5a2eac63be830dad9e7c379588e85d813b39.png
10:18:07.941 [main] DEBUG net.thucydides.core.steps.StepInterceptor - STEP DONE: validateAccountIsApp
10:18:07.948 [main] DEBUG net.thucydides.core.steps.StepInterceptor - STARTING STEP: LoginStepDefinitions.iAmOnLoginPage - clickIconAccount
10:18:07.956 [Forwarding findElement on session 6ad600ec85822670a2a7f3032c1a0a86 to remote] DEBUG org.asynchttpclient.netty.request.NettyRequestSender - Using pooled Channel '[id: 0x13f33abb, L:/127.0.0.1:60668 - R:localhost/127.0.0.1:65157]' for 'POST' to 'http://localhost:65157/session/6ad600ec85822670a2a7f3032c1a0a86/element'
10:18:07.956 [Forwarding findElement on session 6ad600ec85822670a2a7f3032c1a0a86 to remote] DEBUG org.asynchttpclient.netty.request.NettyRequestSender - Using open Channel [id: 0x13f33abb, L:/127.0.0.1:60668 - R:localhost/127.0.0.1:65157] for POST '/session/6ad600ec85822670a2a7f3032c1a0a86/element'
10:18:07.986 [AsyncHttpClient-1-11] DEBUG org.asynchttpclient.netty.handler.HttpHandler - 

Request DefaultHttpRequest(decodeResult: success, version: HTTP/1.1)
POST /session/6ad600ec85822670a2a7f3032c1a0a86/element HTTP/1.1
User-Agent: selenium/4.1.2 (java windows)
Content-Length: 56
Content-Type: application/json; charset=utf-8
host: localhost:65157
accept: */*

Response DefaultHttpResponse(decodeResult: success, version: HTTP/1.1)
HTTP/1.1 200 OK
Content-Type: application/json; charset=utf-8
cache-control: no-cache
content-length: 88

10:18:07.986 [AsyncHttpClient-1-11] DEBUG org.asynchttpclient.netty.channel.ChannelManager - Adding key: http://localhost:65157 for channel [id: 0x13f33abb, L:/127.0.0.1:60668 - R:localhost/127.0.0.1:65157]
10:18:07.988 [Forwarding getElementTagName on session 6ad600ec85822670a2a7f3032c1a0a86 to remote] DEBUG org.asynchttpclient.netty.request.NettyRequestSender - Using pooled Channel '[id: 0x13f33abb, L:/127.0.0.1:60668 - R:localhost/127.0.0.1:65157]' for 'GET' to 'http://localhost:65157/session/6ad600ec85822670a2a7f3032c1a0a86/element/7373f582-695e-430c-929a-7035b607df0c/name'
10:18:07.988 [Forwarding getElementTagName on session 6ad600ec85822670a2a7f3032c1a0a86 to remote] DEBUG org.asynchttpclient.netty.request.NettyRequestSender - Using open Channel [id: 0x13f33abb, L:/127.0.0.1:60668 - R:localhost/127.0.0.1:65157] for GET '/session/6ad600ec85822670a2a7f3032c1a0a86/element/7373f582-695e-430c-929a-7035b607df0c/name'
10:18:07.996 [AsyncHttpClient-1-11] DEBUG org.asynchttpclient.netty.handler.HttpHandler - 

Request DefaultFullHttpRequest(decodeResult: success, version: HTTP/1.1, content: EmptyByteBufBE)
GET /session/6ad600ec85822670a2a7f3032c1a0a86/element/7373f582-695e-430c-929a-7035b607df0c/name HTTP/1.1
User-Agent: selenium/4.1.2 (java windows)
Cache-Control: no-cache
Content-Type: application/json; charset=utf-8
host: localhost:65157
accept: */*

Response DefaultHttpResponse(decodeResult: success, version: HTTP/1.1)
HTTP/1.1 200 OK
Content-Type: application/json; charset=utf-8
cache-control: no-cache
content-length: 13

10:18:07.996 [AsyncHttpClient-1-11] DEBUG org.asynchttpclient.netty.channel.ChannelManager - Adding key: http://localhost:65157 for channel [id: 0x13f33abb, L:/127.0.0.1:60668 - R:localhost/127.0.0.1:65157]
10:18:07.998 [Forwarding getElementTagName on session 6ad600ec85822670a2a7f3032c1a0a86 to remote] DEBUG org.asynchttpclient.netty.request.NettyRequestSender - Using pooled Channel '[id: 0x13f33abb, L:/127.0.0.1:60668 - R:localhost/127.0.0.1:65157]' for 'GET' to 'http://localhost:65157/session/6ad600ec85822670a2a7f3032c1a0a86/element/7373f582-695e-430c-929a-7035b607df0c/name'
10:18:07.998 [Forwarding getElementTagName on session 6ad600ec85822670a2a7f3032c1a0a86 to remote] DEBUG org.asynchttpclient.netty.request.NettyRequestSender - Using open Channel [id: 0x13f33abb, L:/127.0.0.1:60668 - R:localhost/127.0.0.1:65157] for GET '/session/6ad600ec85822670a2a7f3032c1a0a86/element/7373f582-695e-430c-929a-7035b607df0c/name'
10:18:08.001 [AsyncHttpClient-1-11] DEBUG org.asynchttpclient.netty.handler.HttpHandler - 

Request DefaultFullHttpRequest(decodeResult: success, version: HTTP/1.1, content: EmptyByteBufBE)
GET /session/6ad600ec85822670a2a7f3032c1a0a86/element/7373f582-695e-430c-929a-7035b607df0c/name HTTP/1.1
User-Agent: selenium/4.1.2 (java windows)
Cache-Control: no-cache
Content-Type: application/json; charset=utf-8
host: localhost:65157
accept: */*

Response DefaultHttpResponse(decodeResult: success, version: HTTP/1.1)
HTTP/1.1 200 OK
Content-Type: application/json; charset=utf-8
cache-control: no-cache
content-length: 13

10:18:08.001 [AsyncHttpClient-1-11] DEBUG org.asynchttpclient.netty.channel.ChannelManager - Adding key: http://localhost:65157 for channel [id: 0x13f33abb, L:/127.0.0.1:60668 - R:localhost/127.0.0.1:65157]
10:18:08.003 [Forwarding findElement on session 6ad600ec85822670a2a7f3032c1a0a86 to remote] DEBUG org.asynchttpclient.netty.request.NettyRequestSender - Using pooled Channel '[id: 0x13f33abb, L:/127.0.0.1:60668 - R:localhost/127.0.0.1:65157]' for 'POST' to 'http://localhost:65157/session/6ad600ec85822670a2a7f3032c1a0a86/element'
10:18:08.003 [Forwarding findElement on session 6ad600ec85822670a2a7f3032c1a0a86 to remote] DEBUG org.asynchttpclient.netty.request.NettyRequestSender - Using open Channel [id: 0x13f33abb, L:/127.0.0.1:60668 - R:localhost/127.0.0.1:65157] for POST '/session/6ad600ec85822670a2a7f3032c1a0a86/element'
10:18:08.010 [AsyncHttpClient-1-11] DEBUG org.asynchttpclient.netty.handler.HttpHandler - 

Request DefaultHttpRequest(decodeResult: success, version: HTTP/1.1)
POST /session/6ad600ec85822670a2a7f3032c1a0a86/element HTTP/1.1
User-Agent: selenium/4.1.2 (java windows)
Content-Length: 56
Content-Type: application/json; charset=utf-8
host: localhost:65157
accept: */*

Response DefaultHttpResponse(decodeResult: success, version: HTTP/1.1)
HTTP/1.1 200 OK
Content-Type: application/json; charset=utf-8
cache-control: no-cache
content-length: 88

10:18:08.010 [AsyncHttpClient-1-11] DEBUG org.asynchttpclient.netty.channel.ChannelManager - Adding key: http://localhost:65157 for channel [id: 0x13f33abb, L:/127.0.0.1:60668 - R:localhost/127.0.0.1:65157]
10:18:08.012 [Forwarding clickElement on session 6ad600ec85822670a2a7f3032c1a0a86 to remote] DEBUG org.asynchttpclient.netty.request.NettyRequestSender - Using pooled Channel '[id: 0x13f33abb, L:/127.0.0.1:60668 - R:localhost/127.0.0.1:65157]' for 'POST' to 'http://localhost:65157/session/6ad600ec85822670a2a7f3032c1a0a86/element/7373f582-695e-430c-929a-7035b607df0c/click'
10:18:08.012 [Forwarding clickElement on session 6ad600ec85822670a2a7f3032c1a0a86 to remote] DEBUG org.asynchttpclient.netty.request.NettyRequestSender - Using open Channel [id: 0x13f33abb, L:/127.0.0.1:60668 - R:localhost/127.0.0.1:65157] for POST '/session/6ad600ec85822670a2a7f3032c1a0a86/element/7373f582-695e-430c-929a-7035b607df0c/click'
10:18:08.208 [AsyncHttpClient-1-11] DEBUG org.asynchttpclient.netty.handler.HttpHandler - 

Request DefaultHttpRequest(decodeResult: success, version: HTTP/1.1)
POST /session/6ad600ec85822670a2a7f3032c1a0a86/element/7373f582-695e-430c-929a-7035b607df0c/click HTTP/1.1
User-Agent: selenium/4.1.2 (java windows)
Content-Length: 50
Content-Type: application/json; charset=utf-8
host: localhost:65157
accept: */*

Response DefaultHttpResponse(decodeResult: success, version: HTTP/1.1)
HTTP/1.1 200 OK
Content-Type: application/json; charset=utf-8
cache-control: no-cache
content-length: 14

10:18:08.208 [AsyncHttpClient-1-11] DEBUG org.asynchttpclient.netty.channel.ChannelManager - Adding key: http://localhost:65157 for channel [id: 0x13f33abb, L:/127.0.0.1:60668 - R:localhost/127.0.0.1:65157]
10:18:08.217 [Forwarding screenshot on session 6ad600ec85822670a2a7f3032c1a0a86 to remote] DEBUG org.asynchttpclient.netty.request.NettyRequestSender - Using pooled Channel '[id: 0x13f33abb, L:/127.0.0.1:60668 - R:localhost/127.0.0.1:65157]' for 'GET' to 'http://localhost:65157/session/6ad600ec85822670a2a7f3032c1a0a86/screenshot'
10:18:08.217 [Forwarding screenshot on session 6ad600ec85822670a2a7f3032c1a0a86 to remote] DEBUG org.asynchttpclient.netty.request.NettyRequestSender - Using open Channel [id: 0x13f33abb, L:/127.0.0.1:60668 - R:localhost/127.0.0.1:65157] for GET '/session/6ad600ec85822670a2a7f3032c1a0a86/screenshot'
10:18:08.894 [AsyncHttpClient-1-11] DEBUG org.asynchttpclient.netty.handler.HttpHandler - 

Request DefaultFullHttpRequest(decodeResult: success, version: HTTP/1.1, content: EmptyByteBufBE)
GET /session/6ad600ec85822670a2a7f3032c1a0a86/screenshot HTTP/1.1
User-Agent: selenium/4.1.2 (java windows)
Cache-Control: no-cache
Content-Type: application/json; charset=utf-8
host: localhost:65157
accept: */*

Response DefaultHttpResponse(decodeResult: success, version: HTTP/1.1)
HTTP/1.1 200 OK
Content-Type: application/json; charset=utf-8
cache-control: no-cache
content-length: 1010668

10:18:08.898 [AsyncHttpClient-1-11] DEBUG org.asynchttpclient.netty.channel.ChannelManager - Adding key: http://localhost:65157 for channel [id: 0x13f33abb, L:/127.0.0.1:60668 - R:localhost/127.0.0.1:65157]
10:18:08.924 [main] DEBUG net.serenitybdd.core.photography.Darkroom - Send negative for processing for target\site\serenity\5daaab4d9fd035961c3e6c81f025d9084e88de5bb96b634a98c5cf3f87512424.png
10:18:08.925 [main] DEBUG net.thucydides.core.steps.StepInterceptor - STEP DONE: clickIconAccount
10:18:08.925 [Darkroom Processing Line] DEBUG net.serenitybdd.core.photography.DarkroomProcessingLine - Processing screenshot image in /var/screenshots/screenshot-14335530988866200230
10:18:08.925 [Darkroom Processing Line] DEBUG net.serenitybdd.core.photography.DarkroomProcessingLine - Saving screenshot to target\site\serenity\5daaab4d9fd035961c3e6c81f025d9084e88de5bb96b634a98c5cf3f87512424.png
10:18:08.932 [main] DEBUG net.thucydides.core.steps.StepInterceptor - STARTING STEP: LoginStepDefinitions.iAmOnLoginPage - validateLoginFormIsApp
10:18:08.934 [Forwarding findElement on session 6ad600ec85822670a2a7f3032c1a0a86 to remote] DEBUG org.asynchttpclient.netty.request.NettyRequestSender - Using pooled Channel '[id: 0x13f33abb, L:/127.0.0.1:60668 - R:localhost/127.0.0.1:65157]' for 'POST' to 'http://localhost:65157/session/6ad600ec85822670a2a7f3032c1a0a86/element'
10:18:08.934 [Forwarding findElement on session 6ad600ec85822670a2a7f3032c1a0a86 to remote] DEBUG org.asynchttpclient.netty.request.NettyRequestSender - Using open Channel [id: 0x13f33abb, L:/127.0.0.1:60668 - R:localhost/127.0.0.1:65157] for POST '/session/6ad600ec85822670a2a7f3032c1a0a86/element'
10:18:08.951 [AsyncHttpClient-1-11] DEBUG org.asynchttpclient.netty.handler.HttpHandler - 

Request DefaultHttpRequest(decodeResult: success, version: HTTP/1.1)
POST /session/6ad600ec85822670a2a7f3032c1a0a86/element HTTP/1.1
User-Agent: selenium/4.1.2 (java windows)
Content-Length: 103
Content-Type: application/json; charset=utf-8
host: localhost:65157
accept: */*

Response DefaultHttpResponse(decodeResult: success, version: HTTP/1.1)
HTTP/1.1 200 OK
Content-Type: application/json; charset=utf-8
cache-control: no-cache
content-length: 88

10:18:08.951 [AsyncHttpClient-1-11] DEBUG org.asynchttpclient.netty.channel.ChannelManager - Adding key: http://localhost:65157 for channel [id: 0x13f33abb, L:/127.0.0.1:60668 - R:localhost/127.0.0.1:65157]
10:18:08.955 [Forwarding isElementDisplayed on session 6ad600ec85822670a2a7f3032c1a0a86 to remote] DEBUG org.asynchttpclient.netty.request.NettyRequestSender - Using pooled Channel '[id: 0x13f33abb, L:/127.0.0.1:60668 - R:localhost/127.0.0.1:65157]' for 'POST' to 'http://localhost:65157/session/6ad600ec85822670a2a7f3032c1a0a86/execute/sync'
10:18:08.955 [Forwarding isElementDisplayed on session 6ad600ec85822670a2a7f3032c1a0a86 to remote] DEBUG org.asynchttpclient.netty.request.NettyRequestSender - Using open Channel [id: 0x13f33abb, L:/127.0.0.1:60668 - R:localhost/127.0.0.1:65157] for POST '/session/6ad600ec85822670a2a7f3032c1a0a86/execute/sync'
10:18:08.972 [AsyncHttpClient-1-11] DEBUG org.asynchttpclient.netty.handler.HttpHandler - 

Request DefaultHttpRequest(decodeResult: success, version: HTTP/1.1)
POST /session/6ad600ec85822670a2a7f3032c1a0a86/execute/sync HTTP/1.1
User-Agent: selenium/4.1.2 (java windows)
Content-Length: 48780
Content-Type: application/json; charset=utf-8
host: localhost:65157
accept: */*

Response DefaultHttpResponse(decodeResult: success, version: HTTP/1.1)
HTTP/1.1 200 OK
Content-Type: application/json; charset=utf-8
cache-control: no-cache
content-length: 14

10:18:08.972 [AsyncHttpClient-1-11] DEBUG org.asynchttpclient.netty.channel.ChannelManager - Adding key: http://localhost:65157 for channel [id: 0x13f33abb, L:/127.0.0.1:60668 - R:localhost/127.0.0.1:65157]
10:18:08.977 [Forwarding screenshot on session 6ad600ec85822670a2a7f3032c1a0a86 to remote] DEBUG org.asynchttpclient.netty.request.NettyRequestSender - Using pooled Channel '[id: 0x13f33abb, L:/127.0.0.1:60668 - R:localhost/127.0.0.1:65157]' for 'GET' to 'http://localhost:65157/session/6ad600ec85822670a2a7f3032c1a0a86/screenshot'
10:18:08.977 [Forwarding screenshot on session 6ad600ec85822670a2a7f3032c1a0a86 to remote] DEBUG org.asynchttpclient.netty.request.NettyRequestSender - Using open Channel [id: 0x13f33abb, L:/127.0.0.1:60668 - R:localhost/127.0.0.1:65157] for GET '/session/6ad600ec85822670a2a7f3032c1a0a86/screenshot'
10:18:09.005 [AsyncHttpClient-1-1] DEBUG org.asynchttpclient.netty.channel.DefaultChannelPool - Entry count for : http://localhost:60669 : 1
10:18:09.296 [AsyncHttpClient-1-11] DEBUG org.asynchttpclient.netty.handler.HttpHandler - 

Request DefaultFullHttpRequest(decodeResult: success, version: HTTP/1.1, content: EmptyByteBufBE)
GET /session/6ad600ec85822670a2a7f3032c1a0a86/screenshot HTTP/1.1
User-Agent: selenium/4.1.2 (java windows)
Cache-Control: no-cache
Content-Type: application/json; charset=utf-8
host: localhost:65157
accept: */*

Response DefaultHttpResponse(decodeResult: success, version: HTTP/1.1)
HTTP/1.1 200 OK
Content-Type: application/json; charset=utf-8
cache-control: no-cache
content-length: 509052

10:18:09.298 [AsyncHttpClient-1-11] DEBUG org.asynchttpclient.netty.channel.ChannelManager - Adding key: http://localhost:65157 for channel [id: 0x13f33abb, L:/127.0.0.1:60668 - R:localhost/127.0.0.1:65157]
10:18:09.308 [main] DEBUG net.serenitybdd.core.photography.Darkroom - Send negative for processing for target\site\serenity\e337893c8da482c0dbeced1d64edb967b8abc58d44158a334c34a21907da4f51.png
10:18:09.308 [main] DEBUG net.thucydides.core.steps.StepInterceptor - STEP DONE: validateLoginFormIsApp
  &amp#27;[32mGiven &amp#27;[0m&amp#27;[32mi am on login page&amp#27;[0m       &amp#27;[90m# starter.stepdefinitions.LoginStepDefinitions.iAmOnLoginPage()&amp#27;[0m
10:18:09.323 [main] DEBUG net.thucydides.core.steps.StepInterceptor - STARTING STEP: LoginStepDefinitions.iInputUsername - inputUsername
10:18:09.326 [Forwarding findElement on session 6ad600ec85822670a2a7f3032c1a0a86 to remote] DEBUG org.asynchttpclient.netty.request.NettyRequestSender - Using pooled Channel '[id: 0x13f33abb, L:/127.0.0.1:60668 - R:localhost/127.0.0.1:65157]' for 'POST' to 'http://localhost:65157/session/6ad600ec85822670a2a7f3032c1a0a86/element'
10:18:09.326 [Forwarding findElement on session 6ad600ec85822670a2a7f3032c1a0a86 to remote] DEBUG org.asynchttpclient.netty.request.NettyRequestSender - Using open Channel [id: 0x13f33abb, L:/127.0.0.1:60668 - R:localhost/127.0.0.1:65157] for POST '/session/6ad600ec85822670a2a7f3032c1a0a86/element'
10:18:09.336 [AsyncHttpClient-1-11] DEBUG org.asynchttpclient.netty.handler.HttpHandler - 

Request DefaultHttpRequest(decodeResult: success, version: HTTP/1.1)
POST /session/6ad600ec85822670a2a7f3032c1a0a86/element HTTP/1.1
User-Agent: selenium/4.1.2 (java windows)
Content-Length: 53
Content-Type: application/json; charset=utf-8
host: localhost:65157
accept: */*

Response DefaultHttpResponse(decodeResult: success, version: HTTP/1.1)
HTTP/1.1 200 OK
Content-Type: application/json; charset=utf-8
cache-control: no-cache
content-length: 88

10:18:09.338 [AsyncHttpClient-1-11] DEBUG org.asynchttpclient.netty.channel.ChannelManager - Adding key: http://localhost:65157 for channel [id: 0x13f33abb, L:/127.0.0.1:60668 - R:localhost/127.0.0.1:65157]
10:18:09.339 [Forwarding clearElement on session 6ad600ec85822670a2a7f3032c1a0a86 to remote] DEBUG org.asynchttpclient.netty.request.NettyRequestSender - Using pooled Channel '[id: 0x13f33abb, L:/127.0.0.1:60668 - R:localhost/127.0.0.1:65157]' for 'POST' to 'http://localhost:65157/session/6ad600ec85822670a2a7f3032c1a0a86/element/0a48a26b-5c7c-4f96-9eb1-6bf5310fe55a/clear'
10:18:09.339 [Forwarding clearElement on session 6ad600ec85822670a2a7f3032c1a0a86 to remote] DEBUG org.asynchttpclient.netty.request.NettyRequestSender - Using open Channel [id: 0x13f33abb, L:/127.0.0.1:60668 - R:localhost/127.0.0.1:65157] for POST '/session/6ad600ec85822670a2a7f3032c1a0a86/element/0a48a26b-5c7c-4f96-9eb1-6bf5310fe55a/clear'
10:18:09.369 [AsyncHttpClient-1-11] DEBUG org.asynchttpclient.netty.handler.HttpHandler - 

Request DefaultHttpRequest(decodeResult: success, version: HTTP/1.1)
POST /session/6ad600ec85822670a2a7f3032c1a0a86/element/0a48a26b-5c7c-4f96-9eb1-6bf5310fe55a/clear HTTP/1.1
User-Agent: selenium/4.1.2 (java windows)
Content-Length: 50
Content-Type: application/json; charset=utf-8
host: localhost:65157
accept: */*

Response DefaultHttpResponse(decodeResult: success, version: HTTP/1.1)
HTTP/1.1 200 OK
Content-Type: application/json; charset=utf-8
cache-control: no-cache
content-length: 14

10:18:09.369 [AsyncHttpClient-1-11] DEBUG org.asynchttpclient.netty.channel.ChannelManager - Adding key: http://localhost:65157 for channel [id: 0x13f33abb, L:/127.0.0.1:60668 - R:localhost/127.0.0.1:65157]
10:18:09.372 [Forwarding sendKeysToElement on session 6ad600ec85822670a2a7f3032c1a0a86 to remote] DEBUG org.asynchttpclient.netty.request.NettyRequestSender - Using pooled Channel '[id: 0x13f33abb, L:/127.0.0.1:60668 - R:localhost/127.0.0.1:65157]' for 'POST' to 'http://localhost:65157/session/6ad600ec85822670a2a7f3032c1a0a86/element/0a48a26b-5c7c-4f96-9eb1-6bf5310fe55a/value'
10:18:09.372 [Forwarding sendKeysToElement on session 6ad600ec85822670a2a7f3032c1a0a86 to remote] DEBUG org.asynchttpclient.netty.request.NettyRequestSender - Using open Channel [id: 0x13f33abb, L:/127.0.0.1:60668 - R:localhost/127.0.0.1:65157] for POST '/session/6ad600ec85822670a2a7f3032c1a0a86/element/0a48a26b-5c7c-4f96-9eb1-6bf5310fe55a/value'
10:18:09.415 [AsyncHttpClient-1-11] DEBUG org.asynchttpclient.netty.handler.HttpHandler - 

Request DefaultHttpRequest(decodeResult: success, version: HTTP/1.1)
POST /session/6ad600ec85822670a2a7f3032c1a0a86/element/0a48a26b-5c7c-4f96-9eb1-6bf5310fe55a/value HTTP/1.1
User-Agent: selenium/4.1.2 (java windows)
Content-Length: 82
Content-Type: application/json; charset=utf-8
host: localhost:65157
accept: */*

Response DefaultHttpResponse(decodeResult: success, version: HTTP/1.1)
HTTP/1.1 200 OK
Content-Type: application/json; charset=utf-8
cache-control: no-cache
content-length: 14

10:18:09.416 [AsyncHttpClient-1-11] DEBUG org.asynchttpclient.netty.channel.ChannelManager - Adding key: http://localhost:65157 for channel [id: 0x13f33abb, L:/127.0.0.1:60668 - R:localhost/127.0.0.1:65157]
10:18:09.424 [Forwarding screenshot on session 6ad600ec85822670a2a7f3032c1a0a86 to remote] DEBUG org.asynchttpclient.netty.request.NettyRequestSender - Using pooled Channel '[id: 0x13f33abb, L:/127.0.0.1:60668 - R:localhost/127.0.0.1:65157]' for 'GET' to 'http://localhost:65157/session/6ad600ec85822670a2a7f3032c1a0a86/screenshot'
10:18:09.424 [Forwarding screenshot on session 6ad600ec85822670a2a7f3032c1a0a86 to remote] DEBUG org.asynchttpclient.netty.request.NettyRequestSender - Using open Channel [id: 0x13f33abb, L:/127.0.0.1:60668 - R:localhost/127.0.0.1:65157] for GET '/session/6ad600ec85822670a2a7f3032c1a0a86/screenshot'
10:18:09.678 [AsyncHttpClient-1-11] DEBUG org.asynchttpclient.netty.handler.HttpHandler - 

Request DefaultFullHttpRequest(decodeResult: success, version: HTTP/1.1, content: EmptyByteBufBE)
GET /session/6ad600ec85822670a2a7f3032c1a0a86/screenshot HTTP/1.1
User-Agent: selenium/4.1.2 (java windows)
Cache-Control: no-cache
Content-Type: application/json; charset=utf-8
host: localhost:65157
accept: */*

Response DefaultHttpResponse(decodeResult: success, version: HTTP/1.1)
HTTP/1.1 200 OK
Content-Type: application/json; charset=utf-8
cache-control: no-cache
content-length: 509908

10:18:09.678 [AsyncHttpClient-1-11] DEBUG org.asynchttpclient.netty.channel.ChannelManager - Adding key: http://localhost:65157 for channel [id: 0x13f33abb, L:/127.0.0.1:60668 - R:localhost/127.0.0.1:65157]
10:18:09.688 [main] DEBUG net.serenitybdd.core.photography.Darkroom - Send negative for processing for target\site\serenity\540a8cdf816d6a0bd8691c460bd49bdb8b91a3a3a1f29ee3cbb9ace9360dfae5.png
10:18:09.688 [main] DEBUG net.thucydides.core.steps.StepInterceptor - STEP DONE: inputUsername
  &amp#27;[32mWhen &amp#27;[0m&amp#27;[32mi input &amp#27;[0m&amp#27;[32m&amp#27;[1m""&amp#27;[0m&amp#27;[32m username&amp#27;[0m       &amp#27;[90m# starter.stepdefinitions.LoginStepDefinitions.iInputUsername(java.lang.String)&amp#27;[0m
10:18:09.688 [Darkroom Processing Line] DEBUG net.serenitybdd.core.photography.DarkroomProcessingLine - Processing screenshot image in /var/screenshots/screenshot-3422066086902464748
10:18:09.688 [Darkroom Processing Line] DEBUG net.serenitybdd.core.photography.DarkroomProcessingLine - Saving screenshot to target\site\serenity\540a8cdf816d6a0bd8691c460bd49bdb8b91a3a3a1f29ee3cbb9ace9360dfae5.png
10:18:09.702 [main] DEBUG net.thucydides.core.steps.StepInterceptor - STARTING STEP: LoginStepDefinitions.iInputPassword - inputPassword
10:18:09.704 [Forwarding findElement on session 6ad600ec85822670a2a7f3032c1a0a86 to remote] DEBUG org.asynchttpclient.netty.request.NettyRequestSender - Using pooled Channel '[id: 0x13f33abb, L:/127.0.0.1:60668 - R:localhost/127.0.0.1:65157]' for 'POST' to 'http://localhost:65157/session/6ad600ec85822670a2a7f3032c1a0a86/element'
10:18:09.704 [Forwarding findElement on session 6ad600ec85822670a2a7f3032c1a0a86 to remote] DEBUG org.asynchttpclient.netty.request.NettyRequestSender - Using open Channel [id: 0x13f33abb, L:/127.0.0.1:60668 - R:localhost/127.0.0.1:65157] for POST '/session/6ad600ec85822670a2a7f3032c1a0a86/element'
10:18:09.714 [AsyncHttpClient-1-11] DEBUG org.asynchttpclient.netty.handler.HttpHandler - 

Request DefaultHttpRequest(decodeResult: success, version: HTTP/1.1)
POST /session/6ad600ec85822670a2a7f3032c1a0a86/element HTTP/1.1
User-Agent: selenium/4.1.2 (java windows)
Content-Length: 53
Content-Type: application/json; charset=utf-8
host: localhost:65157
accept: */*

Response DefaultHttpResponse(decodeResult: success, version: HTTP/1.1)
HTTP/1.1 200 OK
Content-Type: application/json; charset=utf-8
cache-control: no-cache
content-length: 88

10:18:09.714 [AsyncHttpClient-1-11] DEBUG org.asynchttpclient.netty.channel.ChannelManager - Adding key: http://localhost:65157 for channel [id: 0x13f33abb, L:/127.0.0.1:60668 - R:localhost/127.0.0.1:65157]
10:18:09.717 [Forwarding clearElement on session 6ad600ec85822670a2a7f3032c1a0a86 to remote] DEBUG org.asynchttpclient.netty.request.NettyRequestSender - Using pooled Channel '[id: 0x13f33abb, L:/127.0.0.1:60668 - R:localhost/127.0.0.1:65157]' for 'POST' to 'http://localhost:65157/session/6ad600ec85822670a2a7f3032c1a0a86/element/7dbe6c12-e843-4fe9-b3f5-ef1dd86407bb/clear'
10:18:09.717 [Forwarding clearElement on session 6ad600ec85822670a2a7f3032c1a0a86 to remote] DEBUG org.asynchttpclient.netty.request.NettyRequestSender - Using open Channel [id: 0x13f33abb, L:/127.0.0.1:60668 - R:localhost/127.0.0.1:65157] for POST '/session/6ad600ec85822670a2a7f3032c1a0a86/element/7dbe6c12-e843-4fe9-b3f5-ef1dd86407bb/clear'
10:18:09.752 [AsyncHttpClient-1-11] DEBUG org.asynchttpclient.netty.handler.HttpHandler - 

Request DefaultHttpRequest(decodeResult: success, version: HTTP/1.1)
POST /session/6ad600ec85822670a2a7f3032c1a0a86/element/7dbe6c12-e843-4fe9-b3f5-ef1dd86407bb/clear HTTP/1.1
User-Agent: selenium/4.1.2 (java windows)
Content-Length: 50
Content-Type: application/json; charset=utf-8
host: localhost:65157
accept: */*

Response DefaultHttpResponse(decodeResult: success, version: HTTP/1.1)
HTTP/1.1 200 OK
Content-Type: application/json; charset=utf-8
cache-control: no-cache
content-length: 14

10:18:09.752 [AsyncHttpClient-1-11] DEBUG org.asynchttpclient.netty.channel.ChannelManager - Adding key: http://localhost:65157 for channel [id: 0x13f33abb, L:/127.0.0.1:60668 - R:localhost/127.0.0.1:65157]
10:18:09.754 [Forwarding sendKeysToElement on session 6ad600ec85822670a2a7f3032c1a0a86 to remote] DEBUG org.asynchttpclient.netty.request.NettyRequestSender - Using pooled Channel '[id: 0x13f33abb, L:/127.0.0.1:60668 - R:localhost/127.0.0.1:65157]' for 'POST' to 'http://localhost:65157/session/6ad600ec85822670a2a7f3032c1a0a86/element/7dbe6c12-e843-4fe9-b3f5-ef1dd86407bb/value'
10:18:09.754 [Forwarding sendKeysToElement on session 6ad600ec85822670a2a7f3032c1a0a86 to remote] DEBUG org.asynchttpclient.netty.request.NettyRequestSender - Using open Channel [id: 0x13f33abb, L:/127.0.0.1:60668 - R:localhost/127.0.0.1:65157] for POST '/session/6ad600ec85822670a2a7f3032c1a0a86/element/7dbe6c12-e843-4fe9-b3f5-ef1dd86407bb/value'
10:18:09.798 [AsyncHttpClient-1-11] DEBUG org.asynchttpclient.netty.handler.HttpHandler - 

Request DefaultHttpRequest(decodeResult: success, version: HTTP/1.1)
POST /session/6ad600ec85822670a2a7f3032c1a0a86/element/7dbe6c12-e843-4fe9-b3f5-ef1dd86407bb/value HTTP/1.1
User-Agent: selenium/4.1.2 (java windows)
Content-Length: 82
Content-Type: application/json; charset=utf-8
host: localhost:65157
accept: */*

Response DefaultHttpResponse(decodeResult: success, version: HTTP/1.1)
HTTP/1.1 200 OK
Content-Type: application/json; charset=utf-8
cache-control: no-cache
content-length: 14

10:18:09.798 [AsyncHttpClient-1-11] DEBUG org.asynchttpclient.netty.channel.ChannelManager - Adding key: http://localhost:65157 for channel [id: 0x13f33abb, L:/127.0.0.1:60668 - R:localhost/127.0.0.1:65157]
10:18:09.806 [Forwarding screenshot on session 6ad600ec85822670a2a7f3032c1a0a86 to remote] DEBUG org.asynchttpclient.netty.request.NettyRequestSender - Using pooled Channel '[id: 0x13f33abb, L:/127.0.0.1:60668 - R:localhost/127.0.0.1:65157]' for 'GET' to 'http://localhost:65157/session/6ad600ec85822670a2a7f3032c1a0a86/screenshot'
10:18:09.806 [Forwarding screenshot on session 6ad600ec85822670a2a7f3032c1a0a86 to remote] DEBUG org.asynchttpclient.netty.request.NettyRequestSender - Using open Channel [id: 0x13f33abb, L:/127.0.0.1:60668 - R:localhost/127.0.0.1:65157] for GET '/session/6ad600ec85822670a2a7f3032c1a0a86/screenshot'
10:18:10.072 [AsyncHttpClient-1-11] DEBUG org.asynchttpclient.netty.handler.HttpHandler - 

Request DefaultFullHttpRequest(decodeResult: success, version: HTTP/1.1, content: EmptyByteBufBE)
GET /session/6ad600ec85822670a2a7f3032c1a0a86/screenshot HTTP/1.1
User-Agent: selenium/4.1.2 (java windows)
Cache-Control: no-cache
Content-Type: application/json; charset=utf-8
host: localhost:65157
accept: */*

Response DefaultHttpResponse(decodeResult: success, version: HTTP/1.1)
HTTP/1.1 200 OK
Content-Type: application/json; charset=utf-8
cache-control: no-cache
content-length: 509876

10:18:10.074 [AsyncHttpClient-1-11] DEBUG org.asynchttpclient.netty.channel.ChannelManager - Adding key: http://localhost:65157 for channel [id: 0x13f33abb, L:/127.0.0.1:60668 - R:localhost/127.0.0.1:65157]
10:18:10.083 [main] DEBUG net.serenitybdd.core.photography.Darkroom - Send negative for processing for target\site\serenity\5e7e808215bc5009a8291a2eacb021c971826240643119631acbff25ced854ba.png
10:18:10.083 [main] DEBUG net.thucydides.core.steps.StepInterceptor - STEP DONE: inputPassword
  &amp#27;[32mAnd &amp#27;[0m&amp#27;[32mi input &amp#27;[0m&amp#27;[32m&amp#27;[1m""&amp#27;[0m&amp#27;[32m password&amp#27;[0m        &amp#27;[90m# starter.stepdefinitions.LoginStepDefinitions.iInputPassword(java.lang.String)&amp#27;[0m
10:18:10.083 [Darkroom Processing Line] DEBUG net.serenitybdd.core.photography.DarkroomProcessingLine - Processing screenshot image in /var/screenshots/screenshot-8384668002416020040
10:18:10.083 [Darkroom Processing Line] DEBUG net.serenitybdd.core.photography.DarkroomProcessingLine - Saving screenshot to target\site\serenity\5e7e808215bc5009a8291a2eacb021c971826240643119631acbff25ced854ba.png
10:18:10.095 [main] DEBUG net.thucydides.core.steps.StepInterceptor - STARTING STEP: LoginStepDefinitions.clickLoginButton - clickLoginButton
10:18:10.098 [Forwarding findElement on session 6ad600ec85822670a2a7f3032c1a0a86 to remote] DEBUG org.asynchttpclient.netty.request.NettyRequestSender - Using pooled Channel '[id: 0x13f33abb, L:/127.0.0.1:60668 - R:localhost/127.0.0.1:65157]' for 'POST' to 'http://localhost:65157/session/6ad600ec85822670a2a7f3032c1a0a86/element'
10:18:10.098 [Forwarding findElement on session 6ad600ec85822670a2a7f3032c1a0a86 to remote] DEBUG org.asynchttpclient.netty.request.NettyRequestSender - Using open Channel [id: 0x13f33abb, L:/127.0.0.1:60668 - R:localhost/127.0.0.1:65157] for POST '/session/6ad600ec85822670a2a7f3032c1a0a86/element'
10:18:10.106 [AsyncHttpClient-1-1] DEBUG org.asynchttpclient.netty.channel.DefaultChannelPool - Entry count for : http://localhost:60669 : 1
10:18:10.108 [AsyncHttpClient-1-11] DEBUG org.asynchttpclient.netty.handler.HttpHandler - 

Request DefaultHttpRequest(decodeResult: success, version: HTTP/1.1)
POST /session/6ad600ec85822670a2a7f3032c1a0a86/element HTTP/1.1
User-Agent: selenium/4.1.2 (java windows)
Content-Length: 59
Content-Type: application/json; charset=utf-8
host: localhost:65157
accept: */*

Response DefaultHttpResponse(decodeResult: success, version: HTTP/1.1)
HTTP/1.1 200 OK
Content-Type: application/json; charset=utf-8
cache-control: no-cache
content-length: 88

10:18:10.108 [AsyncHttpClient-1-11] DEBUG org.asynchttpclient.netty.channel.ChannelManager - Adding key: http://localhost:65157 for channel [id: 0x13f33abb, L:/127.0.0.1:60668 - R:localhost/127.0.0.1:65157]
10:18:10.110 [Forwarding getElementTagName on session 6ad600ec85822670a2a7f3032c1a0a86 to remote] DEBUG org.asynchttpclient.netty.request.NettyRequestSender - Using pooled Channel '[id: 0x13f33abb, L:/127.0.0.1:60668 - R:localhost/127.0.0.1:65157]' for 'GET' to 'http://localhost:65157/session/6ad600ec85822670a2a7f3032c1a0a86/element/43ff0fbb-099d-465a-a132-e7718dc27993/name'
10:18:10.110 [Forwarding getElementTagName on session 6ad600ec85822670a2a7f3032c1a0a86 to remote] DEBUG org.asynchttpclient.netty.request.NettyRequestSender - Using open Channel [id: 0x13f33abb, L:/127.0.0.1:60668 - R:localhost/127.0.0.1:65157] for GET '/session/6ad600ec85822670a2a7f3032c1a0a86/element/43ff0fbb-099d-465a-a132-e7718dc27993/name'
10:18:10.114 [AsyncHttpClient-1-11] DEBUG org.asynchttpclient.netty.handler.HttpHandler - 

Request DefaultFullHttpRequest(decodeResult: success, version: HTTP/1.1, content: EmptyByteBufBE)
GET /session/6ad600ec85822670a2a7f3032c1a0a86/element/43ff0fbb-099d-465a-a132-e7718dc27993/name HTTP/1.1
User-Agent: selenium/4.1.2 (java windows)
Cache-Control: no-cache
Content-Type: application/json; charset=utf-8
host: localhost:65157
accept: */*

Response DefaultHttpResponse(decodeResult: success, version: HTTP/1.1)
HTTP/1.1 200 OK
Content-Type: application/json; charset=utf-8
cache-control: no-cache
content-length: 18

10:18:10.115 [AsyncHttpClient-1-11] DEBUG org.asynchttpclient.netty.channel.ChannelManager - Adding key: http://localhost:65157 for channel [id: 0x13f33abb, L:/127.0.0.1:60668 - R:localhost/127.0.0.1:65157]
10:18:10.116 [Forwarding getElementTagName on session 6ad600ec85822670a2a7f3032c1a0a86 to remote] DEBUG org.asynchttpclient.netty.request.NettyRequestSender - Using pooled Channel '[id: 0x13f33abb, L:/127.0.0.1:60668 - R:localhost/127.0.0.1:65157]' for 'GET' to 'http://localhost:65157/session/6ad600ec85822670a2a7f3032c1a0a86/element/43ff0fbb-099d-465a-a132-e7718dc27993/name'
10:18:10.116 [Forwarding getElementTagName on session 6ad600ec85822670a2a7f3032c1a0a86 to remote] DEBUG org.asynchttpclient.netty.request.NettyRequestSender - Using open Channel [id: 0x13f33abb, L:/127.0.0.1:60668 - R:localhost/127.0.0.1:65157] for GET '/session/6ad600ec85822670a2a7f3032c1a0a86/element/43ff0fbb-099d-465a-a132-e7718dc27993/name'
10:18:10.119 [AsyncHttpClient-1-11] DEBUG org.asynchttpclient.netty.handler.HttpHandler - 

Request DefaultFullHttpRequest(decodeResult: success, version: HTTP/1.1, content: EmptyByteBufBE)
GET /session/6ad600ec85822670a2a7f3032c1a0a86/element/43ff0fbb-099d-465a-a132-e7718dc27993/name HTTP/1.1
User-Agent: selenium/4.1.2 (java windows)
Cache-Control: no-cache
Content-Type: application/json; charset=utf-8
host: localhost:65157
accept: */*

Response DefaultHttpResponse(decodeResult: success, version: HTTP/1.1)
HTTP/1.1 200 OK
Content-Type: application/json; charset=utf-8
cache-control: no-cache
content-length: 18

10:18:10.120 [AsyncHttpClient-1-11] DEBUG org.asynchttpclient.netty.channel.ChannelManager - Adding key: http://localhost:65157 for channel [id: 0x13f33abb, L:/127.0.0.1:60668 - R:localhost/127.0.0.1:65157]
10:18:10.122 [Forwarding isElementEnabled on session 6ad600ec85822670a2a7f3032c1a0a86 to remote] DEBUG org.asynchttpclient.netty.request.NettyRequestSender - Using pooled Channel '[id: 0x13f33abb, L:/127.0.0.1:60668 - R:localhost/127.0.0.1:65157]' for 'GET' to 'http://localhost:65157/session/6ad600ec85822670a2a7f3032c1a0a86/element/43ff0fbb-099d-465a-a132-e7718dc27993/enabled'
10:18:10.122 [Forwarding isElementEnabled on session 6ad600ec85822670a2a7f3032c1a0a86 to remote] DEBUG org.asynchttpclient.netty.request.NettyRequestSender - Using open Channel [id: 0x13f33abb, L:/127.0.0.1:60668 - R:localhost/127.0.0.1:65157] for GET '/session/6ad600ec85822670a2a7f3032c1a0a86/element/43ff0fbb-099d-465a-a132-e7718dc27993/enabled'
10:18:10.131 [AsyncHttpClient-1-11] DEBUG org.asynchttpclient.netty.handler.HttpHandler - 

Request DefaultFullHttpRequest(decodeResult: success, version: HTTP/1.1, content: EmptyByteBufBE)
GET /session/6ad600ec85822670a2a7f3032c1a0a86/element/43ff0fbb-099d-465a-a132-e7718dc27993/enabled HTTP/1.1
User-Agent: selenium/4.1.2 (java windows)
Cache-Control: no-cache
Content-Type: application/json; charset=utf-8
host: localhost:65157
accept: */*

Response DefaultHttpResponse(decodeResult: success, version: HTTP/1.1)
HTTP/1.1 200 OK
Content-Type: application/json; charset=utf-8
cache-control: no-cache
content-length: 14

10:18:10.131 [AsyncHttpClient-1-11] DEBUG org.asynchttpclient.netty.channel.ChannelManager - Adding key: http://localhost:65157 for channel [id: 0x13f33abb, L:/127.0.0.1:60668 - R:localhost/127.0.0.1:65157]
10:18:10.132 [Forwarding isElementEnabled on session 6ad600ec85822670a2a7f3032c1a0a86 to remote] DEBUG org.asynchttpclient.netty.request.NettyRequestSender - Using pooled Channel '[id: 0x13f33abb, L:/127.0.0.1:60668 - R:localhost/127.0.0.1:65157]' for 'GET' to 'http://localhost:65157/session/6ad600ec85822670a2a7f3032c1a0a86/element/43ff0fbb-099d-465a-a132-e7718dc27993/enabled'
10:18:10.132 [Forwarding isElementEnabled on session 6ad600ec85822670a2a7f3032c1a0a86 to remote] DEBUG org.asynchttpclient.netty.request.NettyRequestSender - Using open Channel [id: 0x13f33abb, L:/127.0.0.1:60668 - R:localhost/127.0.0.1:65157] for GET '/session/6ad600ec85822670a2a7f3032c1a0a86/element/43ff0fbb-099d-465a-a132-e7718dc27993/enabled'
10:18:10.138 [AsyncHttpClient-1-11] DEBUG org.asynchttpclient.netty.handler.HttpHandler - 

Request DefaultFullHttpRequest(decodeResult: success, version: HTTP/1.1, content: EmptyByteBufBE)
GET /session/6ad600ec85822670a2a7f3032c1a0a86/element/43ff0fbb-099d-465a-a132-e7718dc27993/enabled HTTP/1.1
User-Agent: selenium/4.1.2 (java windows)
Cache-Control: no-cache
Content-Type: application/json; charset=utf-8
host: localhost:65157
accept: */*

Response DefaultHttpResponse(decodeResult: success, version: HTTP/1.1)
HTTP/1.1 200 OK
Content-Type: application/json; charset=utf-8
cache-control: no-cache
content-length: 14

10:18:10.138 [AsyncHttpClient-1-11] DEBUG org.asynchttpclient.netty.channel.ChannelManager - Adding key: http://localhost:65157 for channel [id: 0x13f33abb, L:/127.0.0.1:60668 - R:localhost/127.0.0.1:65157]
10:18:10.140 [Forwarding findElement on session 6ad600ec85822670a2a7f3032c1a0a86 to remote] DEBUG org.asynchttpclient.netty.request.NettyRequestSender - Using pooled Channel '[id: 0x13f33abb, L:/127.0.0.1:60668 - R:localhost/127.0.0.1:65157]' for 'POST' to 'http://localhost:65157/session/6ad600ec85822670a2a7f3032c1a0a86/element'
10:18:10.140 [Forwarding findElement on session 6ad600ec85822670a2a7f3032c1a0a86 to remote] DEBUG org.asynchttpclient.netty.request.NettyRequestSender - Using open Channel [id: 0x13f33abb, L:/127.0.0.1:60668 - R:localhost/127.0.0.1:65157] for POST '/session/6ad600ec85822670a2a7f3032c1a0a86/element'
10:18:10.146 [AsyncHttpClient-1-11] DEBUG org.asynchttpclient.netty.handler.HttpHandler - 

Request DefaultHttpRequest(decodeResult: success, version: HTTP/1.1)
POST /session/6ad600ec85822670a2a7f3032c1a0a86/element HTTP/1.1
User-Agent: selenium/4.1.2 (java windows)
Content-Length: 59
Content-Type: application/json; charset=utf-8
host: localhost:65157
accept: */*

Response DefaultHttpResponse(decodeResult: success, version: HTTP/1.1)
HTTP/1.1 200 OK
Content-Type: application/json; charset=utf-8
cache-control: no-cache
content-length: 88

10:18:10.147 [AsyncHttpClient-1-11] DEBUG org.asynchttpclient.netty.channel.ChannelManager - Adding key: http://localhost:65157 for channel [id: 0x13f33abb, L:/127.0.0.1:60668 - R:localhost/127.0.0.1:65157]
10:18:10.148 [Forwarding clickElement on session 6ad600ec85822670a2a7f3032c1a0a86 to remote] DEBUG org.asynchttpclient.netty.request.NettyRequestSender - Using pooled Channel '[id: 0x13f33abb, L:/127.0.0.1:60668 - R:localhost/127.0.0.1:65157]' for 'POST' to 'http://localhost:65157/session/6ad600ec85822670a2a7f3032c1a0a86/element/43ff0fbb-099d-465a-a132-e7718dc27993/click'
10:18:10.148 [Forwarding clickElement on session 6ad600ec85822670a2a7f3032c1a0a86 to remote] DEBUG org.asynchttpclient.netty.request.NettyRequestSender - Using open Channel [id: 0x13f33abb, L:/127.0.0.1:60668 - R:localhost/127.0.0.1:65157] for POST '/session/6ad600ec85822670a2a7f3032c1a0a86/element/43ff0fbb-099d-465a-a132-e7718dc27993/click'
10:18:11.204 [AsyncHttpClient-1-1] DEBUG org.asynchttpclient.netty.channel.DefaultChannelPool - Entry count for : http://localhost:60669 : 1
10:18:12.306 [AsyncHttpClient-1-1] DEBUG org.asynchttpclient.netty.channel.DefaultChannelPool - Entry count for : http://localhost:60669 : 1
10:18:13.413 [AsyncHttpClient-1-1] DEBUG org.asynchttpclient.netty.channel.DefaultChannelPool - Entry count for : http://localhost:60669 : 1
10:18:13.788 [AsyncHttpClient-1-11] DEBUG org.asynchttpclient.netty.handler.HttpHandler - 

Request DefaultHttpRequest(decodeResult: success, version: HTTP/1.1)
POST /session/6ad600ec85822670a2a7f3032c1a0a86/element/43ff0fbb-099d-465a-a132-e7718dc27993/click HTTP/1.1
User-Agent: selenium/4.1.2 (java windows)
Content-Length: 50
Content-Type: application/json; charset=utf-8
host: localhost:65157
accept: */*

Response DefaultHttpResponse(decodeResult: success, version: HTTP/1.1)
HTTP/1.1 200 OK
Content-Type: application/json; charset=utf-8
cache-control: no-cache
content-length: 14

10:18:13.788 [AsyncHttpClient-1-11] DEBUG org.asynchttpclient.netty.channel.ChannelManager - Adding key: http://localhost:65157 for channel [id: 0x13f33abb, L:/127.0.0.1:60668 - R:localhost/127.0.0.1:65157]
10:18:13.796 [Forwarding screenshot on session 6ad600ec85822670a2a7f3032c1a0a86 to remote] DEBUG org.asynchttpclient.netty.request.NettyRequestSender - Using pooled Channel '[id: 0x13f33abb, L:/127.0.0.1:60668 - R:localhost/127.0.0.1:65157]' for 'GET' to 'http://localhost:65157/session/6ad600ec85822670a2a7f3032c1a0a86/screenshot'
10:18:13.797 [Forwarding screenshot on session 6ad600ec85822670a2a7f3032c1a0a86 to remote] DEBUG org.asynchttpclient.netty.request.NettyRequestSender - Using open Channel [id: 0x13f33abb, L:/127.0.0.1:60668 - R:localhost/127.0.0.1:65157] for GET '/session/6ad600ec85822670a2a7f3032c1a0a86/screenshot'
10:18:14.303 [AsyncHttpClient-1-11] DEBUG org.asynchttpclient.netty.handler.HttpHandler - 

Request DefaultFullHttpRequest(decodeResult: success, version: HTTP/1.1, content: EmptyByteBufBE)
GET /session/6ad600ec85822670a2a7f3032c1a0a86/screenshot HTTP/1.1
User-Agent: selenium/4.1.2 (java windows)
Cache-Control: no-cache
Content-Type: application/json; charset=utf-8
host: localhost:65157
accept: */*

Response DefaultHttpResponse(decodeResult: success, version: HTTP/1.1)
HTTP/1.1 200 OK
Content-Type: application/json; charset=utf-8
cache-control: no-cache
content-length: 1328228

10:18:14.305 [AsyncHttpClient-1-11] DEBUG org.asynchttpclient.netty.channel.ChannelManager - Adding key: http://localhost:65157 for channel [id: 0x13f33abb, L:/127.0.0.1:60668 - R:localhost/127.0.0.1:65157]
10:18:14.343 [main] DEBUG net.serenitybdd.core.photography.Darkroom - Send negative for processing for target\site\serenity\0f24396f9609fff8fcf201238020f5163b6a35c0d26c75ca19b78e9db7dfcd7d.png
10:18:14.344 [main] DEBUG net.thucydides.core.steps.StepInterceptor - STEP DONE: clickLoginButton
  &amp#27;[32mAnd &amp#27;[0m&amp#27;[32mclick login button&amp#27;[0m         &amp#27;[90m# starter.stepdefinitions.LoginStepDefinitions.clickLoginButton()&amp#27;[0m
10:18:14.369 [main] DEBUG net.thucydides.core.steps.StepInterceptor - STARTING STEP: LoginStepDefinitions.iGetThe - validateLoginFormIsApp
10:18:14.371 [Forwarding findElement on session 6ad600ec85822670a2a7f3032c1a0a86 to remote] DEBUG org.asynchttpclient.netty.request.NettyRequestSender - Using pooled Channel '[id: 0x13f33abb, L:/127.0.0.1:60668 - R:localhost/127.0.0.1:65157]' for 'POST' to 'http://localhost:65157/session/6ad600ec85822670a2a7f3032c1a0a86/element'
10:18:14.371 [Forwarding findElement on session 6ad600ec85822670a2a7f3032c1a0a86 to remote] DEBUG org.asynchttpclient.netty.request.NettyRequestSender - Using open Channel [id: 0x13f33abb, L:/127.0.0.1:60668 - R:localhost/127.0.0.1:65157] for POST '/session/6ad600ec85822670a2a7f3032c1a0a86/element'
10:18:14.445 [AsyncHttpClient-1-11] DEBUG org.asynchttpclient.netty.handler.HttpHandler - 

Request DefaultHttpRequest(decodeResult: success, version: HTTP/1.1)
POST /session/6ad600ec85822670a2a7f3032c1a0a86/element HTTP/1.1
User-Agent: selenium/4.1.2 (java windows)
Content-Length: 103
Content-Type: application/json; charset=utf-8
host: localhost:65157
accept: */*

Response DefaultHttpResponse(decodeResult: success, version: HTTP/1.1)
HTTP/1.1 200 OK
Content-Type: application/json; charset=utf-8
cache-control: no-cache
content-length: 88

10:18:14.445 [AsyncHttpClient-1-11] DEBUG org.asynchttpclient.netty.channel.ChannelManager - Adding key: http://localhost:65157 for channel [id: 0x13f33abb, L:/127.0.0.1:60668 - R:localhost/127.0.0.1:65157]
10:18:14.449 [Forwarding isElementDisplayed on session 6ad600ec85822670a2a7f3032c1a0a86 to remote] DEBUG org.asynchttpclient.netty.request.NettyRequestSender - Using pooled Channel '[id: 0x13f33abb, L:/127.0.0.1:60668 - R:localhost/127.0.0.1:65157]' for 'POST' to 'http://localhost:65157/session/6ad600ec85822670a2a7f3032c1a0a86/execute/sync'
10:18:14.449 [Forwarding isElementDisplayed on session 6ad600ec85822670a2a7f3032c1a0a86 to remote] DEBUG org.asynchttpclient.netty.request.NettyRequestSender - Using open Channel [id: 0x13f33abb, L:/127.0.0.1:60668 - R:localhost/127.0.0.1:65157] for POST '/session/6ad600ec85822670a2a7f3032c1a0a86/execute/sync'
10:18:14.461 [AsyncHttpClient-1-11] DEBUG org.asynchttpclient.netty.handler.HttpHandler - 

Request DefaultHttpRequest(decodeResult: success, version: HTTP/1.1)
POST /session/6ad600ec85822670a2a7f3032c1a0a86/execute/sync HTTP/1.1
User-Agent: selenium/4.1.2 (java windows)
Content-Length: 48780
Content-Type: application/json; charset=utf-8
host: localhost:65157
accept: */*

Response DefaultHttpResponse(decodeResult: success, version: HTTP/1.1)
HTTP/1.1 200 OK
Content-Type: application/json; charset=utf-8
cache-control: no-cache
content-length: 15

10:18:14.462 [AsyncHttpClient-1-11] DEBUG org.asynchttpclient.netty.channel.ChannelManager - Adding key: http://localhost:65157 for channel [id: 0x13f33abb, L:/127.0.0.1:60668 - R:localhost/127.0.0.1:65157]
10:18:14.466 [Forwarding screenshot on session 6ad600ec85822670a2a7f3032c1a0a86 to remote] DEBUG org.asynchttpclient.netty.request.NettyRequestSender - Using pooled Channel '[id: 0x13f33abb, L:/127.0.0.1:60668 - R:localhost/127.0.0.1:65157]' for 'GET' to 'http://localhost:65157/session/6ad600ec85822670a2a7f3032c1a0a86/screenshot'
10:18:14.466 [Forwarding screenshot on session 6ad600ec85822670a2a7f3032c1a0a86 to remote] DEBUG org.asynchttpclient.netty.request.NettyRequestSender - Using open Channel [id: 0x13f33abb, L:/127.0.0.1:60668 - R:localhost/127.0.0.1:65157] for GET '/session/6ad600ec85822670a2a7f3032c1a0a86/screenshot'
10:18:14.506 [AsyncHttpClient-1-1] DEBUG org.asynchttpclient.netty.channel.DefaultChannelPool - Entry count for : http://localhost:60669 : 1
10:18:14.946 [AsyncHttpClient-1-11] DEBUG org.asynchttpclient.netty.handler.HttpHandler - 

Request DefaultFullHttpRequest(decodeResult: success, version: HTTP/1.1, content: EmptyByteBufBE)
GET /session/6ad600ec85822670a2a7f3032c1a0a86/screenshot HTTP/1.1
User-Agent: selenium/4.1.2 (java windows)
Cache-Control: no-cache
Content-Type: application/json; charset=utf-8
host: localhost:65157
accept: */*

Response DefaultHttpResponse(decodeResult: success, version: HTTP/1.1)
HTTP/1.1 200 OK
Content-Type: application/json; charset=utf-8
cache-control: no-cache
content-length: 1306432

10:18:14.946 [AsyncHttpClient-1-11] DEBUG org.asynchttpclient.netty.channel.ChannelManager - Adding key: http://localhost:65157 for channel [id: 0x13f33abb, L:/127.0.0.1:60668 - R:localhost/127.0.0.1:65157]
10:18:14.962 [main] DEBUG net.serenitybdd.core.photography.Darkroom - Send negative for processing for target\site\serenity\d10eb327dabab2e3dd4d84976c7778c61c6dcd38c3d7da9622bdf7a21e3d4450.png
10:18:14.962 [main] DEBUG net.thucydides.core.steps.StepInterceptor - STEP DONE: validateLoginFormIsApp
10:18:14.962 [Darkroom Processing Line] DEBUG net.serenitybdd.core.photography.DarkroomProcessingLine - Processing screenshot image in /var/screenshots/screenshot-12859663187775526240
10:18:14.962 [Darkroom Processing Line] DEBUG net.serenitybdd.core.photography.DarkroomProcessingLine - Saving screenshot to target\site\serenity\d10eb327dabab2e3dd4d84976c7778c61c6dcd38c3d7da9622bdf7a21e3d4450.png
10:18:14.984 [main] DEBUG net.thucydides.core.steps.StepInterceptor - STARTING STEP: LoginStepDefinitions.iGetThe - errorMessageAlert
10:18:14.984 [main] DEBUG net.thucydides.core.steps.StepInterceptor - STEP DONE: errorMessageAlert
  &amp#27;[32mThen &amp#27;[0m&amp#27;[32mi get the &amp#27;[0m&amp#27;[32m&amp#27;[1m"Login Page"&amp#27;[0m    &amp#27;[90m# starter.stepdefinitions.LoginStepDefinitions.iGetThe(java.lang.String)&amp#27;[0m
10:18:15.000 [AsyncHttpClient-1-13] DEBUG org.asynchttpclient.netty.handler.WebSocketHandler - Channel Closed: [id: 0x2e726c92, L:/127.0.0.1:60677 ! R:localhost/127.0.0.1:60669] with attribute NettyResponseFuture{currentRetry=5,
	isDone=1,
	isCancelled=0,
	asyncHandler=org.asynchttpclient.ws.WebSocketUpgradeHandler@4d485fba,
	nettyRequest=org.asynchttpclient.netty.request.NettyRequest@84ad877,
	future=java.util.concurrent.CompletableFuture@4e1aabd0[Completed normally],
	uri=ws://localhost:60669/devtools/browser/3e131a83-9e72-4ac9-8d15-c8622eb03068,
	keepAlive=true,
	redirectCount=0,
	timeoutsHolder=null,
	inAuth=0,
	touch=1650943081606}
10:18:15.000 [AsyncHttpClient-1-13] DEBUG org.asynchttpclient.netty.channel.ChannelManager - Closing Channel [id: 0x2e726c92, L:/127.0.0.1:60677 ! R:localhost/127.0.0.1:60669] 
10:18:15.000 [Driver Command Executor] DEBUG org.asynchttpclient.netty.request.NettyRequestSender - Using pooled Channel '[id: 0x13f33abb, L:/127.0.0.1:60668 - R:localhost/127.0.0.1:65157]' for 'DELETE' to 'http://localhost:65157/session/6ad600ec85822670a2a7f3032c1a0a86'
10:18:15.000 [Driver Command Executor] DEBUG org.asynchttpclient.netty.request.NettyRequestSender - Using open Channel [id: 0x13f33abb, L:/127.0.0.1:60668 - R:localhost/127.0.0.1:65157] for DELETE '/session/6ad600ec85822670a2a7f3032c1a0a86'
10:18:15.033 [AsyncHttpClient-1-12] DEBUG org.asynchttpclient.netty.handler.HttpHandler - Unexpected I/O exception on channel [id: 0x2b4a0b7c, L:/127.0.0.1:60676 - R:localhost/127.0.0.1:60669]
java.net.SocketException: Connection reset
	at java.base/sun.nio.ch.SocketChannelImpl.throwConnectionReset(SocketChannelImpl.java:367)
	at java.base/sun.nio.ch.SocketChannelImpl.read(SocketChannelImpl.java:398)
	at io.netty.buffer.PooledByteBuf.setBytes(PooledByteBuf.java:258)
	at io.netty.buffer.AbstractByteBuf.writeBytes(AbstractByteBuf.java:1132)
	at io.netty.channel.socket.nio.NioSocketChannel.doReadBytes(NioSocketChannel.java:350)
	at io.netty.channel.nio.AbstractNioByteChannel$NioByteUnsafe.read(AbstractNioByteChannel.java:151)
	at io.netty.channel.nio.NioEventLoop.processSelectedKey(NioEventLoop.java:722)
	at io.netty.channel.nio.NioEventLoop.processSelectedKeysOptimized(NioEventLoop.java:658)
	at io.netty.channel.nio.NioEventLoop.processSelectedKeys(NioEventLoop.java:584)
	at io.netty.channel.nio.NioEventLoop.run(NioEventLoop.java:496)
	at io.netty.util.concurrent.SingleThreadEventExecutor$4.run(SingleThreadEventExecutor.java:986)
	at io.netty.util.internal.ThreadExecutorMap$2.run(ThreadExecutorMap.java:74)
	at io.netty.util.concurrent.FastThreadLocalRunnable.run(FastThreadLocalRunnable.java:30)
	at java.base/java.lang.Thread.run(Thread.java:832)
10:18:15.033 [AsyncHttpClient-1-12] DEBUG org.asynchttpclient.netty.channel.ChannelManager - Closing Channel [id: 0x2b4a0b7c, L:/127.0.0.1:60676 - R:localhost/127.0.0.1:60669] 
10:18:15.033 [AsyncHttpClient-1-12] DEBUG org.asynchttpclient.netty.handler.HttpHandler - Channel Closed: [id: 0x2b4a0b7c, L:/127.0.0.1:60676 ! R:localhost/127.0.0.1:60669] with attribute DISCARD
10:18:15.064 [AsyncHttpClient-1-11] DEBUG org.asynchttpclient.netty.handler.HttpHandler - 

Request DefaultFullHttpRequest(decodeResult: success, version: HTTP/1.1, content: EmptyByteBufBE)
DELETE /session/6ad600ec85822670a2a7f3032c1a0a86 HTTP/1.1
User-Agent: selenium/4.1.2 (java windows)
Content-Type: application/json; charset=utf-8
host: localhost:65157
accept: */*

Response DefaultHttpResponse(decodeResult: success, version: HTTP/1.1)
HTTP/1.1 200 OK
Content-Type: application/json; charset=utf-8
cache-control: no-cache
content-length: 14

10:18:15.064 [AsyncHttpClient-1-11] DEBUG org.asynchttpclient.netty.channel.ChannelManager - Adding key: http://localhost:65157 for channel [id: 0x13f33abb, L:/127.0.0.1:60668 - R:localhost/127.0.0.1:65157]
10:18:15.253 [AsyncHttpClient-1-11] DEBUG org.asynchttpclient.netty.handler.HttpHandler - Channel Closed: [id: 0x13f33abb, L:/127.0.0.1:60668 ! R:localhost/127.0.0.1:65157] with attribute DISCARD
10:18:15.606 [AsyncHttpClient-1-1] DEBUG org.asynchttpclient.netty.channel.DefaultChannelPool - Entry count for : http://localhost:60669 : 1
10:18:15.606 [AsyncHttpClient-1-1] DEBUG org.asynchttpclient.netty.channel.DefaultChannelPool - Entry count for : http://localhost:65157 : 1
10:18:15.606 [AsyncHttpClient-1-1] DEBUG org.asynchttpclient.netty.channel.DefaultChannelPool - Adding Candidate expired Channel [id: 0x2b4a0b7c, L:/127.0.0.1:60676 ! R:localhost/127.0.0.1:60669] isIdleTimeoutExpired=false isRemotelyClosed=true isTtlExpired=false
10:18:15.606 [AsyncHttpClient-1-1] DEBUG org.asynchttpclient.netty.channel.DefaultChannelPool - Closing Idle Channel [id: 0x2b4a0b7c, L:/127.0.0.1:60676 ! R:localhost/127.0.0.1:60669]
10:18:15.606 [AsyncHttpClient-1-1] DEBUG org.asynchttpclient.netty.channel.DefaultChannelPool - Adding Candidate expired Channel [id: 0x13f33abb, L:/127.0.0.1:60668 ! R:localhost/127.0.0.1:65157] isIdleTimeoutExpired=false isRemotelyClosed=true isTtlExpired=false
10:18:15.606 [AsyncHttpClient-1-1] DEBUG org.asynchttpclient.netty.channel.DefaultChannelPool - Closing Idle Channel [id: 0x13f33abb, L:/127.0.0.1:60668 ! R:localhost/127.0.0.1:65157]
10:18:15.606 [AsyncHttpClient-1-1] DEBUG org.asynchttpclient.netty.channel.DefaultChannelPool - Closed 2 connections out of 2 in 0 ms
]]></system-out>
    <system-err><![CDATA[Starting ChromeDriver 100.0.4896.60 (6a5d10861ce8de5fce22564658033b43cb7de047-refs/branch-heads/4896@{#875}) on port 65157
Only local connections are allowed.
Please see https://chromedriver.chromium.org/security-considerations for suggestions on keeping ChromeDriver safe.
ChromeDriver was started successfully.
Apr 26, 2022 10:18:01 AM org.openqa.selenium.remote.ProtocolHandshake createSession
INFO: Detected dialect: W3C
Apr 26, 2022 10:18:01 AM org.openqa.selenium.devtools.CdpVersionFinder findNearestMatch
WARNING: Unable to find an exact match for CDP version 100, so returning the closest version found: 97
Apr 26, 2022 10:18:01 AM org.openqa.selenium.devtools.CdpVersionFinder findNearestMatch
INFO: Found CDP implementation for version 100 of 97
]]></system-err>
  </testcase>
  <testcase name="Login scenario #5" classname="Login" time="16.969">
    <system-out><![CDATA[
@DDT
Scenario Outline: Login scenario                   &amp#27;[90m# src/test/resources/features/login.feature:30&amp#27;[0m
10:18:15.778 [main] INFO io.cucumber.core.plugin.SerenityReporter - Running feature from file:///D:/PERKULIAHAN/Semester%206,Hebatt%20glad!/Dot-TechnicalTest/src/test/resources/features/login.feature
10:18:15.792 [main] DEBUG net.thucydides.core.steps.StepInterceptor - STARTING STEP: LoginStepDefinitions.iAmOnLoginPage - openUrl
10:18:15.792 [main] INFO net.serenitybdd.core.webdriver.driverproviders.ChromeDriverProvider - Using automatically driver download
10:18:15.905 [main] DEBUG io.github.bonigarcia.wdm.cache.ResolutionCache - Resolution chrome=100 in cache (valid until 11:02:02 26/04/2022 WIB)
10:18:15.921 [main] DEBUG io.github.bonigarcia.wdm.cache.ResolutionCache - Resolution chrome100=100.0.4896.60 in cache (valid until 19:36:13 26/04/2022 WIB)
10:18:15.921 [main] INFO io.github.bonigarcia.wdm.WebDriverManager - Using chromedriver 100.0.4896.60 (resolved driver for Chrome 100)
10:18:15.937 [main] DEBUG io.github.bonigarcia.wdm.WebDriverManager - Driver chromedriver 100.0.4896.60 found in cache
10:18:15.937 [main] INFO io.github.bonigarcia.wdm.WebDriverManager - Exporting webdriver.chrome.driver as C:\Users\ASUS\.cache\selenium\chromedriver\win32\100.0.4896.60\chromedriver.exe
10:18:16.052 [main] DEBUG net.serenitybdd.core.webdriver.driverproviders.ProvideNewDriver - Instantiating driver
10:18:16.052 [main] DEBUG net.serenitybdd.core.webdriver.driverproviders.ProvideNewDriver - Driver capabilities: Capabilities {acceptInsecureCerts: false, base.url: https://www.psegameshop.com/, browserName: chrome, chrome.driver: src/test/resources/webdrive..., driver: chrome, goog:chromeOptions: {args: [], extensions: []}}
10:18:16.583 [AsyncHttpClient-1-14] DEBUG org.asynchttpclient.netty.channel.NettyConnectListener - Using new Channel '[id: 0x149fcd25, L:/127.0.0.1:60728 - R:localhost/127.0.0.1:55502]' for 'POST' to '/session'
10:18:17.500 [AsyncHttpClient-1-14] DEBUG org.asynchttpclient.netty.handler.HttpHandler - 

Request DefaultHttpRequest(decodeResult: success, version: HTTP/1.1)
POST /session HTTP/1.1
User-Agent: selenium/4.1.2 (java windows)
Content-Length: 614
Content-Type: application/json; charset=utf-8
host: localhost:55502
accept: */*

Response DefaultHttpResponse(decodeResult: success, version: HTTP/1.1)
HTTP/1.1 200 OK
Content-Type: application/json; charset=utf-8
cache-control: no-cache
content-length: 790

10:18:17.501 [AsyncHttpClient-1-14] DEBUG org.asynchttpclient.netty.channel.ChannelManager - Adding key: http://localhost:55502 for channel [id: 0x149fcd25, L:/127.0.0.1:60728 - R:localhost/127.0.0.1:55502]
10:18:17.508 [AsyncHttpClient-1-15] DEBUG org.asynchttpclient.netty.channel.NettyConnectListener - Using new Channel '[id: 0x4aeae586, L:/127.0.0.1:60737 - R:localhost/127.0.0.1:60729]' for 'GET' to '/json/version'
10:18:17.514 [AsyncHttpClient-1-15] DEBUG org.asynchttpclient.netty.handler.HttpHandler - 

Request DefaultFullHttpRequest(decodeResult: success, version: HTTP/1.1, content: EmptyByteBufBE)
GET /json/version HTTP/1.1
User-Agent: selenium/4.1.2 (java windows)
host: localhost:60729
accept: */*

Response DefaultHttpResponse(decodeResult: success, version: HTTP/1.1)
HTTP/1.1 200 OK
Content-Type: application/json; charset=UTF-8
content-length: 429

10:18:17.515 [AsyncHttpClient-1-15] DEBUG org.asynchttpclient.netty.channel.ChannelManager - Adding key: http://localhost:60729 for channel [id: 0x4aeae586, L:/127.0.0.1:60737 - R:localhost/127.0.0.1:60729]
10:18:17.517 [AsyncHttpClient-1-16] DEBUG org.asynchttpclient.netty.channel.NettyConnectListener - Using new Channel '[id: 0x2e3053ae, L:/127.0.0.1:60738 - R:localhost/127.0.0.1:60729]' for 'GET' to '/devtools/browser/2bdc0aa4-ef4b-461b-8856-2d1645001b9d'
10:18:17.525 [AsyncHttpClient-1-16] DEBUG org.asynchttpclient.netty.handler.WebSocketHandler - 

Request DefaultFullHttpRequest(decodeResult: success, version: HTTP/1.1, content: EmptyByteBufBE)
GET /devtools/browser/2bdc0aa4-ef4b-461b-8856-2d1645001b9d HTTP/1.1
upgrade: websocket
connection: upgrade
sec-websocket-key: n8ja1VXNeR+s6g+XnDiLXA==
sec-websocket-version: 13
origin: http://localhost:60729
host: localhost:60729
accept: */*
user-agent: AHC/2.1

Response DefaultHttpResponse(decodeResult: success, version: HTTP/1.1)
HTTP/1.1 101 WebSocket Protocol Handshake
Upgrade: WebSocket
Connection: Upgrade
Sec-WebSocket-Accept: WQAfhjNEdkYXEh7nNTyswGmLoi8=

10:18:17.530 [Forwarding maximizeCurrentWindow on session 42e7ebf8d70e76bf7643472d782a6545 to remote] DEBUG org.asynchttpclient.netty.request.NettyRequestSender - Using pooled Channel '[id: 0x149fcd25, L:/127.0.0.1:60728 - R:localhost/127.0.0.1:55502]' for 'POST' to 'http://localhost:55502/session/42e7ebf8d70e76bf7643472d782a6545/window/maximize'
10:18:17.530 [Forwarding maximizeCurrentWindow on session 42e7ebf8d70e76bf7643472d782a6545 to remote] DEBUG org.asynchttpclient.netty.request.NettyRequestSender - Using open Channel [id: 0x149fcd25, L:/127.0.0.1:60728 - R:localhost/127.0.0.1:55502] for POST '/session/42e7ebf8d70e76bf7643472d782a6545/window/maximize'
10:18:17.656 [AsyncHttpClient-1-14] DEBUG org.asynchttpclient.netty.handler.HttpHandler - 

Request DefaultHttpRequest(decodeResult: success, version: HTTP/1.1)
POST /session/42e7ebf8d70e76bf7643472d782a6545/window/maximize HTTP/1.1
User-Agent: selenium/4.1.2 (java windows)
Content-Length: 3
Content-Type: application/json; charset=utf-8
host: localhost:55502
accept: */*

Response DefaultHttpResponse(decodeResult: success, version: HTTP/1.1)
HTTP/1.1 200 OK
Content-Type: application/json; charset=utf-8
cache-control: no-cache
content-length: 51

10:18:17.656 [AsyncHttpClient-1-14] DEBUG org.asynchttpclient.netty.channel.ChannelManager - Adding key: http://localhost:55502 for channel [id: 0x149fcd25, L:/127.0.0.1:60728 - R:localhost/127.0.0.1:55502]
10:18:17.656 [Forwarding get on session 42e7ebf8d70e76bf7643472d782a6545 to remote] DEBUG org.asynchttpclient.netty.request.NettyRequestSender - Using pooled Channel '[id: 0x149fcd25, L:/127.0.0.1:60728 - R:localhost/127.0.0.1:55502]' for 'POST' to 'http://localhost:55502/session/42e7ebf8d70e76bf7643472d782a6545/url'
10:18:17.656 [Forwarding get on session 42e7ebf8d70e76bf7643472d782a6545 to remote] DEBUG org.asynchttpclient.netty.request.NettyRequestSender - Using open Channel [id: 0x149fcd25, L:/127.0.0.1:60728 - R:localhost/127.0.0.1:55502] for POST '/session/42e7ebf8d70e76bf7643472d782a6545/url'
10:18:17.811 [AsyncHttpClient-1-1] DEBUG org.asynchttpclient.netty.channel.DefaultChannelPool - Entry count for : http://localhost:60729 : 1
10:18:18.911 [AsyncHttpClient-1-1] DEBUG org.asynchttpclient.netty.channel.DefaultChannelPool - Entry count for : http://localhost:60729 : 1
10:18:20.010 [AsyncHttpClient-1-1] DEBUG org.asynchttpclient.netty.channel.DefaultChannelPool - Entry count for : http://localhost:60729 : 1
10:18:21.110 [AsyncHttpClient-1-1] DEBUG org.asynchttpclient.netty.channel.DefaultChannelPool - Entry count for : http://localhost:60729 : 1
10:18:22.204 [AsyncHttpClient-1-1] DEBUG org.asynchttpclient.netty.channel.DefaultChannelPool - Entry count for : http://localhost:60729 : 1
10:18:22.799 [AsyncHttpClient-1-14] DEBUG org.asynchttpclient.netty.handler.HttpHandler - 

Request DefaultHttpRequest(decodeResult: success, version: HTTP/1.1)
POST /session/42e7ebf8d70e76bf7643472d782a6545/url HTTP/1.1
User-Agent: selenium/4.1.2 (java windows)
Content-Length: 58
Content-Type: application/json; charset=utf-8
host: localhost:55502
accept: */*

Response DefaultHttpResponse(decodeResult: success, version: HTTP/1.1)
HTTP/1.1 200 OK
Content-Type: application/json; charset=utf-8
cache-control: no-cache
content-length: 14

10:18:22.799 [AsyncHttpClient-1-14] DEBUG org.asynchttpclient.netty.channel.ChannelManager - Adding key: http://localhost:55502 for channel [id: 0x149fcd25, L:/127.0.0.1:60728 - R:localhost/127.0.0.1:55502]
10:18:22.802 [Forwarding setTimeout on session 42e7ebf8d70e76bf7643472d782a6545 to remote] DEBUG org.asynchttpclient.netty.request.NettyRequestSender - Using pooled Channel '[id: 0x149fcd25, L:/127.0.0.1:60728 - R:localhost/127.0.0.1:55502]' for 'POST' to 'http://localhost:55502/session/42e7ebf8d70e76bf7643472d782a6545/timeouts'
10:18:22.802 [Forwarding setTimeout on session 42e7ebf8d70e76bf7643472d782a6545 to remote] DEBUG org.asynchttpclient.netty.request.NettyRequestSender - Using open Channel [id: 0x149fcd25, L:/127.0.0.1:60728 - R:localhost/127.0.0.1:55502] for POST '/session/42e7ebf8d70e76bf7643472d782a6545/timeouts'
10:18:22.803 [AsyncHttpClient-1-14] DEBUG org.asynchttpclient.netty.handler.HttpHandler - 

Request DefaultHttpRequest(decodeResult: success, version: HTTP/1.1)
POST /session/42e7ebf8d70e76bf7643472d782a6545/timeouts HTTP/1.1
User-Agent: selenium/4.1.2 (java windows)
Content-Length: 22
Content-Type: application/json; charset=utf-8
host: localhost:55502
accept: */*

Response DefaultHttpResponse(decodeResult: success, version: HTTP/1.1)
HTTP/1.1 200 OK
Content-Type: application/json; charset=utf-8
cache-control: no-cache
content-length: 14

10:18:22.804 [AsyncHttpClient-1-14] DEBUG org.asynchttpclient.netty.channel.ChannelManager - Adding key: http://localhost:55502 for channel [id: 0x149fcd25, L:/127.0.0.1:60728 - R:localhost/127.0.0.1:55502]
10:18:22.808 [Forwarding getCurrentUrl on session 42e7ebf8d70e76bf7643472d782a6545 to remote] DEBUG org.asynchttpclient.netty.request.NettyRequestSender - Using pooled Channel '[id: 0x149fcd25, L:/127.0.0.1:60728 - R:localhost/127.0.0.1:55502]' for 'GET' to 'http://localhost:55502/session/42e7ebf8d70e76bf7643472d782a6545/url'
10:18:22.808 [Forwarding getCurrentUrl on session 42e7ebf8d70e76bf7643472d782a6545 to remote] DEBUG org.asynchttpclient.netty.request.NettyRequestSender - Using open Channel [id: 0x149fcd25, L:/127.0.0.1:60728 - R:localhost/127.0.0.1:55502] for GET '/session/42e7ebf8d70e76bf7643472d782a6545/url'
10:18:22.813 [AsyncHttpClient-1-14] DEBUG org.asynchttpclient.netty.handler.HttpHandler - 

Request DefaultFullHttpRequest(decodeResult: success, version: HTTP/1.1, content: EmptyByteBufBE)
GET /session/42e7ebf8d70e76bf7643472d782a6545/url HTTP/1.1
User-Agent: selenium/4.1.2 (java windows)
Cache-Control: no-cache
Content-Type: application/json; charset=utf-8
host: localhost:55502
accept: */*

Response DefaultHttpResponse(decodeResult: success, version: HTTP/1.1)
HTTP/1.1 200 OK
Content-Type: application/json; charset=utf-8
cache-control: no-cache
content-length: 40

10:18:22.813 [AsyncHttpClient-1-14] DEBUG org.asynchttpclient.netty.channel.ChannelManager - Adding key: http://localhost:55502 for channel [id: 0x149fcd25, L:/127.0.0.1:60728 - R:localhost/127.0.0.1:55502]
10:18:22.820 [Forwarding screenshot on session 42e7ebf8d70e76bf7643472d782a6545 to remote] DEBUG org.asynchttpclient.netty.request.NettyRequestSender - Using pooled Channel '[id: 0x149fcd25, L:/127.0.0.1:60728 - R:localhost/127.0.0.1:55502]' for 'GET' to 'http://localhost:55502/session/42e7ebf8d70e76bf7643472d782a6545/screenshot'
10:18:22.820 [Forwarding screenshot on session 42e7ebf8d70e76bf7643472d782a6545 to remote] DEBUG org.asynchttpclient.netty.request.NettyRequestSender - Using open Channel [id: 0x149fcd25, L:/127.0.0.1:60728 - R:localhost/127.0.0.1:55502] for GET '/session/42e7ebf8d70e76bf7643472d782a6545/screenshot'
10:18:23.306 [AsyncHttpClient-1-1] DEBUG org.asynchttpclient.netty.channel.DefaultChannelPool - Entry count for : http://localhost:60729 : 1
10:18:23.337 [AsyncHttpClient-1-14] DEBUG org.asynchttpclient.netty.handler.HttpHandler - 

Request DefaultFullHttpRequest(decodeResult: success, version: HTTP/1.1, content: EmptyByteBufBE)
GET /session/42e7ebf8d70e76bf7643472d782a6545/screenshot HTTP/1.1
User-Agent: selenium/4.1.2 (java windows)
Cache-Control: no-cache
Content-Type: application/json; charset=utf-8
host: localhost:55502
accept: */*

Response DefaultHttpResponse(decodeResult: success, version: HTTP/1.1)
HTTP/1.1 200 OK
Content-Type: application/json; charset=utf-8
cache-control: no-cache
content-length: 1333112

10:18:23.360 [AsyncHttpClient-1-14] DEBUG org.asynchttpclient.netty.channel.ChannelManager - Adding key: http://localhost:55502 for channel [id: 0x149fcd25, L:/127.0.0.1:60728 - R:localhost/127.0.0.1:55502]
10:18:23.383 [main] DEBUG net.serenitybdd.core.photography.Darkroom - Send negative for processing for target\site\serenity\e082a2a4361d7feabfa6d27209c5e3bb1aaf19c3e0967141694ed10516665bc9.png
10:18:23.383 [main] DEBUG net.thucydides.core.steps.StepInterceptor - STEP DONE: openUrl
10:18:23.383 [Darkroom Processing Line] DEBUG net.serenitybdd.core.photography.DarkroomProcessingLine - Processing screenshot image in /var/screenshots/screenshot-9378952198223682018
10:18:23.383 [Darkroom Processing Line] DEBUG net.serenitybdd.core.photography.DarkroomProcessingLine - Saving screenshot to target\site\serenity\e082a2a4361d7feabfa6d27209c5e3bb1aaf19c3e0967141694ed10516665bc9.png
10:18:23.383 [main] DEBUG net.thucydides.core.steps.StepInterceptor - STARTING STEP: LoginStepDefinitions.iAmOnLoginPage - validateAccountIsApp
10:18:23.399 [Forwarding findElement on session 42e7ebf8d70e76bf7643472d782a6545 to remote] DEBUG org.asynchttpclient.netty.request.NettyRequestSender - Using pooled Channel '[id: 0x149fcd25, L:/127.0.0.1:60728 - R:localhost/127.0.0.1:55502]' for 'POST' to 'http://localhost:55502/session/42e7ebf8d70e76bf7643472d782a6545/element'
10:18:23.399 [Forwarding findElement on session 42e7ebf8d70e76bf7643472d782a6545 to remote] DEBUG org.asynchttpclient.netty.request.NettyRequestSender - Using open Channel [id: 0x149fcd25, L:/127.0.0.1:60728 - R:localhost/127.0.0.1:55502] for POST '/session/42e7ebf8d70e76bf7643472d782a6545/element'
10:18:23.402 [AsyncHttpClient-1-14] DEBUG org.asynchttpclient.netty.handler.HttpHandler - 

Request DefaultHttpRequest(decodeResult: success, version: HTTP/1.1)
POST /session/42e7ebf8d70e76bf7643472d782a6545/element HTTP/1.1
User-Agent: selenium/4.1.2 (java windows)
Content-Length: 46
Content-Type: application/json; charset=utf-8
host: localhost:55502
accept: */*

Response DefaultHttpResponse(decodeResult: success, version: HTTP/1.1)
HTTP/1.1 400 Bad Request
Content-Type: application/json; charset=utf-8
cache-control: no-cache
content-length: 958

10:18:23.402 [AsyncHttpClient-1-14] DEBUG org.asynchttpclient.netty.channel.ChannelManager - Adding key: http://localhost:55502 for channel [id: 0x149fcd25, L:/127.0.0.1:60728 - R:localhost/127.0.0.1:55502]
10:18:23.404 [Forwarding findElement on session 42e7ebf8d70e76bf7643472d782a6545 to remote] DEBUG org.asynchttpclient.netty.request.NettyRequestSender - Using pooled Channel '[id: 0x149fcd25, L:/127.0.0.1:60728 - R:localhost/127.0.0.1:55502]' for 'POST' to 'http://localhost:55502/session/42e7ebf8d70e76bf7643472d782a6545/element'
10:18:23.404 [Forwarding findElement on session 42e7ebf8d70e76bf7643472d782a6545 to remote] DEBUG org.asynchttpclient.netty.request.NettyRequestSender - Using open Channel [id: 0x149fcd25, L:/127.0.0.1:60728 - R:localhost/127.0.0.1:55502] for POST '/session/42e7ebf8d70e76bf7643472d782a6545/element'
10:18:23.405 [AsyncHttpClient-1-14] DEBUG org.asynchttpclient.netty.handler.HttpHandler - 

Request DefaultHttpRequest(decodeResult: success, version: HTTP/1.1)
POST /session/42e7ebf8d70e76bf7643472d782a6545/element HTTP/1.1
User-Agent: selenium/4.1.2 (java windows)
Content-Length: 56
Content-Type: application/json; charset=utf-8
host: localhost:55502
accept: */*

Response DefaultHttpResponse(decodeResult: success, version: HTTP/1.1)
HTTP/1.1 200 OK
Content-Type: application/json; charset=utf-8
cache-control: no-cache
content-length: 88

10:18:23.405 [AsyncHttpClient-1-14] DEBUG org.asynchttpclient.netty.channel.ChannelManager - Adding key: http://localhost:55502 for channel [id: 0x149fcd25, L:/127.0.0.1:60728 - R:localhost/127.0.0.1:55502]
10:18:23.405 [Forwarding isElementDisplayed on session 42e7ebf8d70e76bf7643472d782a6545 to remote] DEBUG org.asynchttpclient.netty.request.NettyRequestSender - Using pooled Channel '[id: 0x149fcd25, L:/127.0.0.1:60728 - R:localhost/127.0.0.1:55502]' for 'POST' to 'http://localhost:55502/session/42e7ebf8d70e76bf7643472d782a6545/execute/sync'
10:18:23.405 [Forwarding isElementDisplayed on session 42e7ebf8d70e76bf7643472d782a6545 to remote] DEBUG org.asynchttpclient.netty.request.NettyRequestSender - Using open Channel [id: 0x149fcd25, L:/127.0.0.1:60728 - R:localhost/127.0.0.1:55502] for POST '/session/42e7ebf8d70e76bf7643472d782a6545/execute/sync'
10:18:23.421 [AsyncHttpClient-1-14] DEBUG org.asynchttpclient.netty.handler.HttpHandler - 

Request DefaultHttpRequest(decodeResult: success, version: HTTP/1.1)
POST /session/42e7ebf8d70e76bf7643472d782a6545/execute/sync HTTP/1.1
User-Agent: selenium/4.1.2 (java windows)
Content-Length: 48780
Content-Type: application/json; charset=utf-8
host: localhost:55502
accept: */*

Response DefaultHttpResponse(decodeResult: success, version: HTTP/1.1)
HTTP/1.1 200 OK
Content-Type: application/json; charset=utf-8
cache-control: no-cache
content-length: 14

10:18:23.421 [AsyncHttpClient-1-14] DEBUG org.asynchttpclient.netty.channel.ChannelManager - Adding key: http://localhost:55502 for channel [id: 0x149fcd25, L:/127.0.0.1:60728 - R:localhost/127.0.0.1:55502]
10:18:23.436 [Forwarding screenshot on session 42e7ebf8d70e76bf7643472d782a6545 to remote] DEBUG org.asynchttpclient.netty.request.NettyRequestSender - Using pooled Channel '[id: 0x149fcd25, L:/127.0.0.1:60728 - R:localhost/127.0.0.1:55502]' for 'GET' to 'http://localhost:55502/session/42e7ebf8d70e76bf7643472d782a6545/screenshot'
10:18:23.436 [Forwarding screenshot on session 42e7ebf8d70e76bf7643472d782a6545 to remote] DEBUG org.asynchttpclient.netty.request.NettyRequestSender - Using open Channel [id: 0x149fcd25, L:/127.0.0.1:60728 - R:localhost/127.0.0.1:55502] for GET '/session/42e7ebf8d70e76bf7643472d782a6545/screenshot'
10:18:23.906 [AsyncHttpClient-1-14] DEBUG org.asynchttpclient.netty.handler.HttpHandler - 

Request DefaultFullHttpRequest(decodeResult: success, version: HTTP/1.1, content: EmptyByteBufBE)
GET /session/42e7ebf8d70e76bf7643472d782a6545/screenshot HTTP/1.1
User-Agent: selenium/4.1.2 (java windows)
Cache-Control: no-cache
Content-Type: application/json; charset=utf-8
host: localhost:55502
accept: */*

Response DefaultHttpResponse(decodeResult: success, version: HTTP/1.1)
HTTP/1.1 200 OK
Content-Type: application/json; charset=utf-8
cache-control: no-cache
content-length: 1333112

10:18:23.921 [AsyncHttpClient-1-14] DEBUG org.asynchttpclient.netty.channel.ChannelManager - Adding key: http://localhost:55502 for channel [id: 0x149fcd25, L:/127.0.0.1:60728 - R:localhost/127.0.0.1:55502]
10:18:23.956 [main] DEBUG net.serenitybdd.core.photography.Darkroom - Send negative for processing for target\site\serenity\e082a2a4361d7feabfa6d27209c5e3bb1aaf19c3e0967141694ed10516665bc9.png
10:18:23.956 [main] DEBUG net.thucydides.core.steps.StepInterceptor - STEP DONE: validateAccountIsApp
10:18:23.968 [main] DEBUG net.thucydides.core.steps.StepInterceptor - STARTING STEP: LoginStepDefinitions.iAmOnLoginPage - clickIconAccount
10:18:23.972 [Forwarding findElement on session 42e7ebf8d70e76bf7643472d782a6545 to remote] DEBUG org.asynchttpclient.netty.request.NettyRequestSender - Using pooled Channel '[id: 0x149fcd25, L:/127.0.0.1:60728 - R:localhost/127.0.0.1:55502]' for 'POST' to 'http://localhost:55502/session/42e7ebf8d70e76bf7643472d782a6545/element'
10:18:23.972 [Forwarding findElement on session 42e7ebf8d70e76bf7643472d782a6545 to remote] DEBUG org.asynchttpclient.netty.request.NettyRequestSender - Using open Channel [id: 0x149fcd25, L:/127.0.0.1:60728 - R:localhost/127.0.0.1:55502] for POST '/session/42e7ebf8d70e76bf7643472d782a6545/element'
10:18:24.037 [AsyncHttpClient-1-14] DEBUG org.asynchttpclient.netty.handler.HttpHandler - 

Request DefaultHttpRequest(decodeResult: success, version: HTTP/1.1)
POST /session/42e7ebf8d70e76bf7643472d782a6545/element HTTP/1.1
User-Agent: selenium/4.1.2 (java windows)
Content-Length: 56
Content-Type: application/json; charset=utf-8
host: localhost:55502
accept: */*

Response DefaultHttpResponse(decodeResult: success, version: HTTP/1.1)
HTTP/1.1 200 OK
Content-Type: application/json; charset=utf-8
cache-control: no-cache
content-length: 88

10:18:24.037 [AsyncHttpClient-1-14] DEBUG org.asynchttpclient.netty.channel.ChannelManager - Adding key: http://localhost:55502 for channel [id: 0x149fcd25, L:/127.0.0.1:60728 - R:localhost/127.0.0.1:55502]
10:18:24.039 [Forwarding getElementTagName on session 42e7ebf8d70e76bf7643472d782a6545 to remote] DEBUG org.asynchttpclient.netty.request.NettyRequestSender - Using pooled Channel '[id: 0x149fcd25, L:/127.0.0.1:60728 - R:localhost/127.0.0.1:55502]' for 'GET' to 'http://localhost:55502/session/42e7ebf8d70e76bf7643472d782a6545/element/1d95bea3-f7a4-4b09-adcd-5a7d2fef1929/name'
10:18:24.039 [Forwarding getElementTagName on session 42e7ebf8d70e76bf7643472d782a6545 to remote] DEBUG org.asynchttpclient.netty.request.NettyRequestSender - Using open Channel [id: 0x149fcd25, L:/127.0.0.1:60728 - R:localhost/127.0.0.1:55502] for GET '/session/42e7ebf8d70e76bf7643472d782a6545/element/1d95bea3-f7a4-4b09-adcd-5a7d2fef1929/name'
10:18:24.074 [AsyncHttpClient-1-14] DEBUG org.asynchttpclient.netty.handler.HttpHandler - 

Request DefaultFullHttpRequest(decodeResult: success, version: HTTP/1.1, content: EmptyByteBufBE)
GET /session/42e7ebf8d70e76bf7643472d782a6545/element/1d95bea3-f7a4-4b09-adcd-5a7d2fef1929/name HTTP/1.1
User-Agent: selenium/4.1.2 (java windows)
Cache-Control: no-cache
Content-Type: application/json; charset=utf-8
host: localhost:55502
accept: */*

Response DefaultHttpResponse(decodeResult: success, version: HTTP/1.1)
HTTP/1.1 200 OK
Content-Type: application/json; charset=utf-8
cache-control: no-cache
content-length: 13

10:18:24.075 [AsyncHttpClient-1-14] DEBUG org.asynchttpclient.netty.channel.ChannelManager - Adding key: http://localhost:55502 for channel [id: 0x149fcd25, L:/127.0.0.1:60728 - R:localhost/127.0.0.1:55502]
10:18:24.076 [Forwarding getElementTagName on session 42e7ebf8d70e76bf7643472d782a6545 to remote] DEBUG org.asynchttpclient.netty.request.NettyRequestSender - Using pooled Channel '[id: 0x149fcd25, L:/127.0.0.1:60728 - R:localhost/127.0.0.1:55502]' for 'GET' to 'http://localhost:55502/session/42e7ebf8d70e76bf7643472d782a6545/element/1d95bea3-f7a4-4b09-adcd-5a7d2fef1929/name'
10:18:24.076 [Forwarding getElementTagName on session 42e7ebf8d70e76bf7643472d782a6545 to remote] DEBUG org.asynchttpclient.netty.request.NettyRequestSender - Using open Channel [id: 0x149fcd25, L:/127.0.0.1:60728 - R:localhost/127.0.0.1:55502] for GET '/session/42e7ebf8d70e76bf7643472d782a6545/element/1d95bea3-f7a4-4b09-adcd-5a7d2fef1929/name'
10:18:24.080 [AsyncHttpClient-1-14] DEBUG org.asynchttpclient.netty.handler.HttpHandler - 

Request DefaultFullHttpRequest(decodeResult: success, version: HTTP/1.1, content: EmptyByteBufBE)
GET /session/42e7ebf8d70e76bf7643472d782a6545/element/1d95bea3-f7a4-4b09-adcd-5a7d2fef1929/name HTTP/1.1
User-Agent: selenium/4.1.2 (java windows)
Cache-Control: no-cache
Content-Type: application/json; charset=utf-8
host: localhost:55502
accept: */*

Response DefaultHttpResponse(decodeResult: success, version: HTTP/1.1)
HTTP/1.1 200 OK
Content-Type: application/json; charset=utf-8
cache-control: no-cache
content-length: 13

10:18:24.080 [AsyncHttpClient-1-14] DEBUG org.asynchttpclient.netty.channel.ChannelManager - Adding key: http://localhost:55502 for channel [id: 0x149fcd25, L:/127.0.0.1:60728 - R:localhost/127.0.0.1:55502]
10:18:24.083 [Forwarding findElement on session 42e7ebf8d70e76bf7643472d782a6545 to remote] DEBUG org.asynchttpclient.netty.request.NettyRequestSender - Using pooled Channel '[id: 0x149fcd25, L:/127.0.0.1:60728 - R:localhost/127.0.0.1:55502]' for 'POST' to 'http://localhost:55502/session/42e7ebf8d70e76bf7643472d782a6545/element'
10:18:24.083 [Forwarding findElement on session 42e7ebf8d70e76bf7643472d782a6545 to remote] DEBUG org.asynchttpclient.netty.request.NettyRequestSender - Using open Channel [id: 0x149fcd25, L:/127.0.0.1:60728 - R:localhost/127.0.0.1:55502] for POST '/session/42e7ebf8d70e76bf7643472d782a6545/element'
10:18:24.091 [AsyncHttpClient-1-14] DEBUG org.asynchttpclient.netty.handler.HttpHandler - 

Request DefaultHttpRequest(decodeResult: success, version: HTTP/1.1)
POST /session/42e7ebf8d70e76bf7643472d782a6545/element HTTP/1.1
User-Agent: selenium/4.1.2 (java windows)
Content-Length: 56
Content-Type: application/json; charset=utf-8
host: localhost:55502
accept: */*

Response DefaultHttpResponse(decodeResult: success, version: HTTP/1.1)
HTTP/1.1 200 OK
Content-Type: application/json; charset=utf-8
cache-control: no-cache
content-length: 88

10:18:24.091 [AsyncHttpClient-1-14] DEBUG org.asynchttpclient.netty.channel.ChannelManager - Adding key: http://localhost:55502 for channel [id: 0x149fcd25, L:/127.0.0.1:60728 - R:localhost/127.0.0.1:55502]
10:18:24.093 [Forwarding clickElement on session 42e7ebf8d70e76bf7643472d782a6545 to remote] DEBUG org.asynchttpclient.netty.request.NettyRequestSender - Using pooled Channel '[id: 0x149fcd25, L:/127.0.0.1:60728 - R:localhost/127.0.0.1:55502]' for 'POST' to 'http://localhost:55502/session/42e7ebf8d70e76bf7643472d782a6545/element/1d95bea3-f7a4-4b09-adcd-5a7d2fef1929/click'
10:18:24.093 [Forwarding clickElement on session 42e7ebf8d70e76bf7643472d782a6545 to remote] DEBUG org.asynchttpclient.netty.request.NettyRequestSender - Using open Channel [id: 0x149fcd25, L:/127.0.0.1:60728 - R:localhost/127.0.0.1:55502] for POST '/session/42e7ebf8d70e76bf7643472d782a6545/element/1d95bea3-f7a4-4b09-adcd-5a7d2fef1929/click'
10:18:24.300 [AsyncHttpClient-1-14] DEBUG org.asynchttpclient.netty.handler.HttpHandler - 

Request DefaultHttpRequest(decodeResult: success, version: HTTP/1.1)
POST /session/42e7ebf8d70e76bf7643472d782a6545/element/1d95bea3-f7a4-4b09-adcd-5a7d2fef1929/click HTTP/1.1
User-Agent: selenium/4.1.2 (java windows)
Content-Length: 50
Content-Type: application/json; charset=utf-8
host: localhost:55502
accept: */*

Response DefaultHttpResponse(decodeResult: success, version: HTTP/1.1)
HTTP/1.1 200 OK
Content-Type: application/json; charset=utf-8
cache-control: no-cache
content-length: 14

10:18:24.301 [AsyncHttpClient-1-14] DEBUG org.asynchttpclient.netty.channel.ChannelManager - Adding key: http://localhost:55502 for channel [id: 0x149fcd25, L:/127.0.0.1:60728 - R:localhost/127.0.0.1:55502]
10:18:24.313 [Forwarding screenshot on session 42e7ebf8d70e76bf7643472d782a6545 to remote] DEBUG org.asynchttpclient.netty.request.NettyRequestSender - Using pooled Channel '[id: 0x149fcd25, L:/127.0.0.1:60728 - R:localhost/127.0.0.1:55502]' for 'GET' to 'http://localhost:55502/session/42e7ebf8d70e76bf7643472d782a6545/screenshot'
10:18:24.313 [Forwarding screenshot on session 42e7ebf8d70e76bf7643472d782a6545 to remote] DEBUG org.asynchttpclient.netty.request.NettyRequestSender - Using open Channel [id: 0x149fcd25, L:/127.0.0.1:60728 - R:localhost/127.0.0.1:55502] for GET '/session/42e7ebf8d70e76bf7643472d782a6545/screenshot'
10:18:24.405 [AsyncHttpClient-1-1] DEBUG org.asynchttpclient.netty.channel.DefaultChannelPool - Entry count for : http://localhost:60729 : 1
10:18:25.173 [AsyncHttpClient-1-14] DEBUG org.asynchttpclient.netty.handler.HttpHandler - 

Request DefaultFullHttpRequest(decodeResult: success, version: HTTP/1.1, content: EmptyByteBufBE)
GET /session/42e7ebf8d70e76bf7643472d782a6545/screenshot HTTP/1.1
User-Agent: selenium/4.1.2 (java windows)
Cache-Control: no-cache
Content-Type: application/json; charset=utf-8
host: localhost:55502
accept: */*

Response DefaultHttpResponse(decodeResult: success, version: HTTP/1.1)
HTTP/1.1 200 OK
Content-Type: application/json; charset=utf-8
cache-control: no-cache
content-length: 1406580

10:18:25.176 [AsyncHttpClient-1-14] DEBUG org.asynchttpclient.netty.channel.ChannelManager - Adding key: http://localhost:55502 for channel [id: 0x149fcd25, L:/127.0.0.1:60728 - R:localhost/127.0.0.1:55502]
10:18:25.209 [main] DEBUG net.serenitybdd.core.photography.Darkroom - Send negative for processing for target\site\serenity\239505c4d8831d8767bbf8bf6d913341949895fb06bdeea6c096672f964f532b.png
10:18:25.213 [main] DEBUG net.thucydides.core.steps.StepInterceptor - STEP DONE: clickIconAccount
10:18:25.213 [Darkroom Processing Line] DEBUG net.serenitybdd.core.photography.DarkroomProcessingLine - Processing screenshot image in /var/screenshots/screenshot-10883348378068829853
10:18:25.213 [Darkroom Processing Line] DEBUG net.serenitybdd.core.photography.DarkroomProcessingLine - Saving screenshot to target\site\serenity\239505c4d8831d8767bbf8bf6d913341949895fb06bdeea6c096672f964f532b.png
10:18:25.219 [main] DEBUG net.thucydides.core.steps.StepInterceptor - STARTING STEP: LoginStepDefinitions.iAmOnLoginPage - validateLoginFormIsApp
10:18:25.221 [Forwarding findElement on session 42e7ebf8d70e76bf7643472d782a6545 to remote] DEBUG org.asynchttpclient.netty.request.NettyRequestSender - Using pooled Channel '[id: 0x149fcd25, L:/127.0.0.1:60728 - R:localhost/127.0.0.1:55502]' for 'POST' to 'http://localhost:55502/session/42e7ebf8d70e76bf7643472d782a6545/element'
10:18:25.221 [Forwarding findElement on session 42e7ebf8d70e76bf7643472d782a6545 to remote] DEBUG org.asynchttpclient.netty.request.NettyRequestSender - Using open Channel [id: 0x149fcd25, L:/127.0.0.1:60728 - R:localhost/127.0.0.1:55502] for POST '/session/42e7ebf8d70e76bf7643472d782a6545/element'
10:18:25.240 [AsyncHttpClient-1-14] DEBUG org.asynchttpclient.netty.handler.HttpHandler - 

Request DefaultHttpRequest(decodeResult: success, version: HTTP/1.1)
POST /session/42e7ebf8d70e76bf7643472d782a6545/element HTTP/1.1
User-Agent: selenium/4.1.2 (java windows)
Content-Length: 103
Content-Type: application/json; charset=utf-8
host: localhost:55502
accept: */*

Response DefaultHttpResponse(decodeResult: success, version: HTTP/1.1)
HTTP/1.1 200 OK
Content-Type: application/json; charset=utf-8
cache-control: no-cache
content-length: 88

10:18:25.240 [AsyncHttpClient-1-14] DEBUG org.asynchttpclient.netty.channel.ChannelManager - Adding key: http://localhost:55502 for channel [id: 0x149fcd25, L:/127.0.0.1:60728 - R:localhost/127.0.0.1:55502]
10:18:25.245 [Forwarding isElementDisplayed on session 42e7ebf8d70e76bf7643472d782a6545 to remote] DEBUG org.asynchttpclient.netty.request.NettyRequestSender - Using pooled Channel '[id: 0x149fcd25, L:/127.0.0.1:60728 - R:localhost/127.0.0.1:55502]' for 'POST' to 'http://localhost:55502/session/42e7ebf8d70e76bf7643472d782a6545/execute/sync'
10:18:25.245 [Forwarding isElementDisplayed on session 42e7ebf8d70e76bf7643472d782a6545 to remote] DEBUG org.asynchttpclient.netty.request.NettyRequestSender - Using open Channel [id: 0x149fcd25, L:/127.0.0.1:60728 - R:localhost/127.0.0.1:55502] for POST '/session/42e7ebf8d70e76bf7643472d782a6545/execute/sync'
10:18:25.262 [AsyncHttpClient-1-14] DEBUG org.asynchttpclient.netty.handler.HttpHandler - 

Request DefaultHttpRequest(decodeResult: success, version: HTTP/1.1)
POST /session/42e7ebf8d70e76bf7643472d782a6545/execute/sync HTTP/1.1
User-Agent: selenium/4.1.2 (java windows)
Content-Length: 48780
Content-Type: application/json; charset=utf-8
host: localhost:55502
accept: */*

Response DefaultHttpResponse(decodeResult: success, version: HTTP/1.1)
HTTP/1.1 200 OK
Content-Type: application/json; charset=utf-8
cache-control: no-cache
content-length: 14

10:18:25.262 [AsyncHttpClient-1-14] DEBUG org.asynchttpclient.netty.channel.ChannelManager - Adding key: http://localhost:55502 for channel [id: 0x149fcd25, L:/127.0.0.1:60728 - R:localhost/127.0.0.1:55502]
10:18:25.267 [Forwarding screenshot on session 42e7ebf8d70e76bf7643472d782a6545 to remote] DEBUG org.asynchttpclient.netty.request.NettyRequestSender - Using pooled Channel '[id: 0x149fcd25, L:/127.0.0.1:60728 - R:localhost/127.0.0.1:55502]' for 'GET' to 'http://localhost:55502/session/42e7ebf8d70e76bf7643472d782a6545/screenshot'
10:18:25.267 [Forwarding screenshot on session 42e7ebf8d70e76bf7643472d782a6545 to remote] DEBUG org.asynchttpclient.netty.request.NettyRequestSender - Using open Channel [id: 0x149fcd25, L:/127.0.0.1:60728 - R:localhost/127.0.0.1:55502] for GET '/session/42e7ebf8d70e76bf7643472d782a6545/screenshot'
10:18:25.505 [AsyncHttpClient-1-1] DEBUG org.asynchttpclient.netty.channel.DefaultChannelPool - Entry count for : http://localhost:60729 : 1
10:18:25.584 [AsyncHttpClient-1-14] DEBUG org.asynchttpclient.netty.handler.HttpHandler - 

Request DefaultFullHttpRequest(decodeResult: success, version: HTTP/1.1, content: EmptyByteBufBE)
GET /session/42e7ebf8d70e76bf7643472d782a6545/screenshot HTTP/1.1
User-Agent: selenium/4.1.2 (java windows)
Cache-Control: no-cache
Content-Type: application/json; charset=utf-8
host: localhost:55502
accept: */*

Response DefaultHttpResponse(decodeResult: success, version: HTTP/1.1)
HTTP/1.1 200 OK
Content-Type: application/json; charset=utf-8
cache-control: no-cache
content-length: 506100

10:18:25.586 [AsyncHttpClient-1-14] DEBUG org.asynchttpclient.netty.channel.ChannelManager - Adding key: http://localhost:55502 for channel [id: 0x149fcd25, L:/127.0.0.1:60728 - R:localhost/127.0.0.1:55502]
10:18:25.601 [main] DEBUG net.serenitybdd.core.photography.Darkroom - Send negative for processing for target\site\serenity\0bddc898d30a97d49d7505b0de1a1b1a19257c84cff47a00220a6484f8bbb90d.png
10:18:25.601 [main] DEBUG net.thucydides.core.steps.StepInterceptor - STEP DONE: validateLoginFormIsApp
  &amp#27;[32mGiven &amp#27;[0m&amp#27;[32mi am on login page&amp#27;[0m                         &amp#27;[90m# starter.stepdefinitions.LoginStepDefinitions.iAmOnLoginPage()&amp#27;[0m
10:18:25.601 [Darkroom Processing Line] DEBUG net.serenitybdd.core.photography.DarkroomProcessingLine - Processing screenshot image in /var/screenshots/screenshot-11772654198608033567
10:18:25.601 [Darkroom Processing Line] DEBUG net.serenitybdd.core.photography.DarkroomProcessingLine - Saving screenshot to target\site\serenity\0bddc898d30a97d49d7505b0de1a1b1a19257c84cff47a00220a6484f8bbb90d.png
10:18:25.621 [main] DEBUG net.thucydides.core.steps.StepInterceptor - STARTING STEP: LoginStepDefinitions.iInputUsername - inputUsername
10:18:25.625 [Forwarding findElement on session 42e7ebf8d70e76bf7643472d782a6545 to remote] DEBUG org.asynchttpclient.netty.request.NettyRequestSender - Using pooled Channel '[id: 0x149fcd25, L:/127.0.0.1:60728 - R:localhost/127.0.0.1:55502]' for 'POST' to 'http://localhost:55502/session/42e7ebf8d70e76bf7643472d782a6545/element'
10:18:25.625 [Forwarding findElement on session 42e7ebf8d70e76bf7643472d782a6545 to remote] DEBUG org.asynchttpclient.netty.request.NettyRequestSender - Using open Channel [id: 0x149fcd25, L:/127.0.0.1:60728 - R:localhost/127.0.0.1:55502] for POST '/session/42e7ebf8d70e76bf7643472d782a6545/element'
10:18:25.641 [AsyncHttpClient-1-14] DEBUG org.asynchttpclient.netty.handler.HttpHandler - 

Request DefaultHttpRequest(decodeResult: success, version: HTTP/1.1)
POST /session/42e7ebf8d70e76bf7643472d782a6545/element HTTP/1.1
User-Agent: selenium/4.1.2 (java windows)
Content-Length: 53
Content-Type: application/json; charset=utf-8
host: localhost:55502
accept: */*

Response DefaultHttpResponse(decodeResult: success, version: HTTP/1.1)
HTTP/1.1 200 OK
Content-Type: application/json; charset=utf-8
cache-control: no-cache
content-length: 88

10:18:25.641 [AsyncHttpClient-1-14] DEBUG org.asynchttpclient.netty.channel.ChannelManager - Adding key: http://localhost:55502 for channel [id: 0x149fcd25, L:/127.0.0.1:60728 - R:localhost/127.0.0.1:55502]
10:18:25.643 [Forwarding clearElement on session 42e7ebf8d70e76bf7643472d782a6545 to remote] DEBUG org.asynchttpclient.netty.request.NettyRequestSender - Using pooled Channel '[id: 0x149fcd25, L:/127.0.0.1:60728 - R:localhost/127.0.0.1:55502]' for 'POST' to 'http://localhost:55502/session/42e7ebf8d70e76bf7643472d782a6545/element/af1b8804-e1de-44f6-b43e-ba8853220f65/clear'
10:18:25.643 [Forwarding clearElement on session 42e7ebf8d70e76bf7643472d782a6545 to remote] DEBUG org.asynchttpclient.netty.request.NettyRequestSender - Using open Channel [id: 0x149fcd25, L:/127.0.0.1:60728 - R:localhost/127.0.0.1:55502] for POST '/session/42e7ebf8d70e76bf7643472d782a6545/element/af1b8804-e1de-44f6-b43e-ba8853220f65/clear'
10:18:25.683 [AsyncHttpClient-1-14] DEBUG org.asynchttpclient.netty.handler.HttpHandler - 

Request DefaultHttpRequest(decodeResult: success, version: HTTP/1.1)
POST /session/42e7ebf8d70e76bf7643472d782a6545/element/af1b8804-e1de-44f6-b43e-ba8853220f65/clear HTTP/1.1
User-Agent: selenium/4.1.2 (java windows)
Content-Length: 50
Content-Type: application/json; charset=utf-8
host: localhost:55502
accept: */*

Response DefaultHttpResponse(decodeResult: success, version: HTTP/1.1)
HTTP/1.1 200 OK
Content-Type: application/json; charset=utf-8
cache-control: no-cache
content-length: 14

10:18:25.683 [AsyncHttpClient-1-14] DEBUG org.asynchttpclient.netty.channel.ChannelManager - Adding key: http://localhost:55502 for channel [id: 0x149fcd25, L:/127.0.0.1:60728 - R:localhost/127.0.0.1:55502]
10:18:25.685 [Forwarding sendKeysToElement on session 42e7ebf8d70e76bf7643472d782a6545 to remote] DEBUG org.asynchttpclient.netty.request.NettyRequestSender - Using pooled Channel '[id: 0x149fcd25, L:/127.0.0.1:60728 - R:localhost/127.0.0.1:55502]' for 'POST' to 'http://localhost:55502/session/42e7ebf8d70e76bf7643472d782a6545/element/af1b8804-e1de-44f6-b43e-ba8853220f65/value'
10:18:25.685 [Forwarding sendKeysToElement on session 42e7ebf8d70e76bf7643472d782a6545 to remote] DEBUG org.asynchttpclient.netty.request.NettyRequestSender - Using open Channel [id: 0x149fcd25, L:/127.0.0.1:60728 - R:localhost/127.0.0.1:55502] for POST '/session/42e7ebf8d70e76bf7643472d782a6545/element/af1b8804-e1de-44f6-b43e-ba8853220f65/value'
10:18:25.901 [AsyncHttpClient-1-14] DEBUG org.asynchttpclient.netty.handler.HttpHandler - 

Request DefaultHttpRequest(decodeResult: success, version: HTTP/1.1)
POST /session/42e7ebf8d70e76bf7643472d782a6545/element/af1b8804-e1de-44f6-b43e-ba8853220f65/value HTTP/1.1
User-Agent: selenium/4.1.2 (java windows)
Content-Length: 321
Content-Type: application/json; charset=utf-8
host: localhost:55502
accept: */*

Response DefaultHttpResponse(decodeResult: success, version: HTTP/1.1)
HTTP/1.1 200 OK
Content-Type: application/json; charset=utf-8
cache-control: no-cache
content-length: 14

10:18:25.902 [AsyncHttpClient-1-14] DEBUG org.asynchttpclient.netty.channel.ChannelManager - Adding key: http://localhost:55502 for channel [id: 0x149fcd25, L:/127.0.0.1:60728 - R:localhost/127.0.0.1:55502]
10:18:25.911 [Forwarding screenshot on session 42e7ebf8d70e76bf7643472d782a6545 to remote] DEBUG org.asynchttpclient.netty.request.NettyRequestSender - Using pooled Channel '[id: 0x149fcd25, L:/127.0.0.1:60728 - R:localhost/127.0.0.1:55502]' for 'GET' to 'http://localhost:55502/session/42e7ebf8d70e76bf7643472d782a6545/screenshot'
10:18:25.911 [Forwarding screenshot on session 42e7ebf8d70e76bf7643472d782a6545 to remote] DEBUG org.asynchttpclient.netty.request.NettyRequestSender - Using open Channel [id: 0x149fcd25, L:/127.0.0.1:60728 - R:localhost/127.0.0.1:55502] for GET '/session/42e7ebf8d70e76bf7643472d782a6545/screenshot'
10:18:26.279 [AsyncHttpClient-1-14] DEBUG org.asynchttpclient.netty.handler.HttpHandler - 

Request DefaultFullHttpRequest(decodeResult: success, version: HTTP/1.1, content: EmptyByteBufBE)
GET /session/42e7ebf8d70e76bf7643472d782a6545/screenshot HTTP/1.1
User-Agent: selenium/4.1.2 (java windows)
Cache-Control: no-cache
Content-Type: application/json; charset=utf-8
host: localhost:55502
accept: */*

Response DefaultHttpResponse(decodeResult: success, version: HTTP/1.1)
HTTP/1.1 200 OK
Content-Type: application/json; charset=utf-8
cache-control: no-cache
content-length: 516828

10:18:26.280 [AsyncHttpClient-1-14] DEBUG org.asynchttpclient.netty.channel.ChannelManager - Adding key: http://localhost:55502 for channel [id: 0x149fcd25, L:/127.0.0.1:60728 - R:localhost/127.0.0.1:55502]
10:18:26.293 [main] DEBUG net.serenitybdd.core.photography.Darkroom - Send negative for processing for target\site\serenity\717920784d6414bdc9f27901508973e1046ebc134f98cdbd0009918931dde2a1.png
10:18:26.293 [main] DEBUG net.thucydides.core.steps.StepInterceptor - STEP DONE: inputUsername
  &amp#27;[32mWhen &amp#27;[0m&amp#27;[32mi input &amp#27;[0m&amp#27;[32m&amp#27;[1m"dummyforta2022@gmail.com"&amp#27;[0m&amp#27;[32m username&amp#27;[0m &amp#27;[90m# starter.stepdefinitions.LoginStepDefinitions.iInputUsername(java.lang.String)&amp#27;[0m
10:18:26.294 [Darkroom Processing Line] DEBUG net.serenitybdd.core.photography.DarkroomProcessingLine - Processing screenshot image in /var/screenshots/screenshot-18440736938285762879
10:18:26.294 [Darkroom Processing Line] DEBUG net.serenitybdd.core.photography.DarkroomProcessingLine - Saving screenshot to target\site\serenity\717920784d6414bdc9f27901508973e1046ebc134f98cdbd0009918931dde2a1.png
10:18:26.312 [main] DEBUG net.thucydides.core.steps.StepInterceptor - STARTING STEP: LoginStepDefinitions.iInputPassword - inputPassword
10:18:26.316 [Forwarding findElement on session 42e7ebf8d70e76bf7643472d782a6545 to remote] DEBUG org.asynchttpclient.netty.request.NettyRequestSender - Using pooled Channel '[id: 0x149fcd25, L:/127.0.0.1:60728 - R:localhost/127.0.0.1:55502]' for 'POST' to 'http://localhost:55502/session/42e7ebf8d70e76bf7643472d782a6545/element'
10:18:26.316 [Forwarding findElement on session 42e7ebf8d70e76bf7643472d782a6545 to remote] DEBUG org.asynchttpclient.netty.request.NettyRequestSender - Using open Channel [id: 0x149fcd25, L:/127.0.0.1:60728 - R:localhost/127.0.0.1:55502] for POST '/session/42e7ebf8d70e76bf7643472d782a6545/element'
10:18:26.337 [AsyncHttpClient-1-14] DEBUG org.asynchttpclient.netty.handler.HttpHandler - 

Request DefaultHttpRequest(decodeResult: success, version: HTTP/1.1)
POST /session/42e7ebf8d70e76bf7643472d782a6545/element HTTP/1.1
User-Agent: selenium/4.1.2 (java windows)
Content-Length: 53
Content-Type: application/json; charset=utf-8
host: localhost:55502
accept: */*

Response DefaultHttpResponse(decodeResult: success, version: HTTP/1.1)
HTTP/1.1 200 OK
Content-Type: application/json; charset=utf-8
cache-control: no-cache
content-length: 88

10:18:26.337 [AsyncHttpClient-1-14] DEBUG org.asynchttpclient.netty.channel.ChannelManager - Adding key: http://localhost:55502 for channel [id: 0x149fcd25, L:/127.0.0.1:60728 - R:localhost/127.0.0.1:55502]
10:18:26.338 [Forwarding clearElement on session 42e7ebf8d70e76bf7643472d782a6545 to remote] DEBUG org.asynchttpclient.netty.request.NettyRequestSender - Using pooled Channel '[id: 0x149fcd25, L:/127.0.0.1:60728 - R:localhost/127.0.0.1:55502]' for 'POST' to 'http://localhost:55502/session/42e7ebf8d70e76bf7643472d782a6545/element/ff065e54-95d7-476c-abd5-e6919702c231/clear'
10:18:26.339 [Forwarding clearElement on session 42e7ebf8d70e76bf7643472d782a6545 to remote] DEBUG org.asynchttpclient.netty.request.NettyRequestSender - Using open Channel [id: 0x149fcd25, L:/127.0.0.1:60728 - R:localhost/127.0.0.1:55502] for POST '/session/42e7ebf8d70e76bf7643472d782a6545/element/ff065e54-95d7-476c-abd5-e6919702c231/clear'
10:18:26.377 [AsyncHttpClient-1-14] DEBUG org.asynchttpclient.netty.handler.HttpHandler - 

Request DefaultHttpRequest(decodeResult: success, version: HTTP/1.1)
POST /session/42e7ebf8d70e76bf7643472d782a6545/element/ff065e54-95d7-476c-abd5-e6919702c231/clear HTTP/1.1
User-Agent: selenium/4.1.2 (java windows)
Content-Length: 50
Content-Type: application/json; charset=utf-8
host: localhost:55502
accept: */*

Response DefaultHttpResponse(decodeResult: success, version: HTTP/1.1)
HTTP/1.1 200 OK
Content-Type: application/json; charset=utf-8
cache-control: no-cache
content-length: 14

10:18:26.378 [AsyncHttpClient-1-14] DEBUG org.asynchttpclient.netty.channel.ChannelManager - Adding key: http://localhost:55502 for channel [id: 0x149fcd25, L:/127.0.0.1:60728 - R:localhost/127.0.0.1:55502]
10:18:26.380 [Forwarding sendKeysToElement on session 42e7ebf8d70e76bf7643472d782a6545 to remote] DEBUG org.asynchttpclient.netty.request.NettyRequestSender - Using pooled Channel '[id: 0x149fcd25, L:/127.0.0.1:60728 - R:localhost/127.0.0.1:55502]' for 'POST' to 'http://localhost:55502/session/42e7ebf8d70e76bf7643472d782a6545/element/ff065e54-95d7-476c-abd5-e6919702c231/value'
10:18:26.380 [Forwarding sendKeysToElement on session 42e7ebf8d70e76bf7643472d782a6545 to remote] DEBUG org.asynchttpclient.netty.request.NettyRequestSender - Using open Channel [id: 0x149fcd25, L:/127.0.0.1:60728 - R:localhost/127.0.0.1:55502] for POST '/session/42e7ebf8d70e76bf7643472d782a6545/element/ff065e54-95d7-476c-abd5-e6919702c231/value'
10:18:26.528 [AsyncHttpClient-1-14] DEBUG org.asynchttpclient.netty.handler.HttpHandler - 

Request DefaultHttpRequest(decodeResult: success, version: HTTP/1.1)
POST /session/42e7ebf8d70e76bf7643472d782a6545/element/ff065e54-95d7-476c-abd5-e6919702c231/value HTTP/1.1
User-Agent: selenium/4.1.2 (java windows)
Content-Length: 181
Content-Type: application/json; charset=utf-8
host: localhost:55502
accept: */*

Response DefaultHttpResponse(decodeResult: success, version: HTTP/1.1)
HTTP/1.1 200 OK
Content-Type: application/json; charset=utf-8
cache-control: no-cache
content-length: 14

10:18:26.528 [AsyncHttpClient-1-14] DEBUG org.asynchttpclient.netty.channel.ChannelManager - Adding key: http://localhost:55502 for channel [id: 0x149fcd25, L:/127.0.0.1:60728 - R:localhost/127.0.0.1:55502]
10:18:26.534 [Forwarding screenshot on session 42e7ebf8d70e76bf7643472d782a6545 to remote] DEBUG org.asynchttpclient.netty.request.NettyRequestSender - Using pooled Channel '[id: 0x149fcd25, L:/127.0.0.1:60728 - R:localhost/127.0.0.1:55502]' for 'GET' to 'http://localhost:55502/session/42e7ebf8d70e76bf7643472d782a6545/screenshot'
10:18:26.534 [Forwarding screenshot on session 42e7ebf8d70e76bf7643472d782a6545 to remote] DEBUG org.asynchttpclient.netty.request.NettyRequestSender - Using open Channel [id: 0x149fcd25, L:/127.0.0.1:60728 - R:localhost/127.0.0.1:55502] for GET '/session/42e7ebf8d70e76bf7643472d782a6545/screenshot'
10:18:26.604 [AsyncHttpClient-1-1] DEBUG org.asynchttpclient.netty.channel.DefaultChannelPool - Entry count for : http://localhost:60729 : 1
10:18:26.811 [AsyncHttpClient-1-14] DEBUG org.asynchttpclient.netty.handler.HttpHandler - 

Request DefaultFullHttpRequest(decodeResult: success, version: HTTP/1.1, content: EmptyByteBufBE)
GET /session/42e7ebf8d70e76bf7643472d782a6545/screenshot HTTP/1.1
User-Agent: selenium/4.1.2 (java windows)
Cache-Control: no-cache
Content-Type: application/json; charset=utf-8
host: localhost:55502
accept: */*

Response DefaultHttpResponse(decodeResult: success, version: HTTP/1.1)
HTTP/1.1 200 OK
Content-Type: application/json; charset=utf-8
cache-control: no-cache
content-length: 499640

10:18:26.812 [AsyncHttpClient-1-14] DEBUG org.asynchttpclient.netty.channel.ChannelManager - Adding key: http://localhost:55502 for channel [id: 0x149fcd25, L:/127.0.0.1:60728 - R:localhost/127.0.0.1:55502]
10:18:26.820 [main] DEBUG net.serenitybdd.core.photography.Darkroom - Send negative for processing for target\site\serenity\193f919831e5e8fc113b35c1b925891eacfc3c140caceec7ecf072230e1eacbd.png
10:18:26.820 [main] DEBUG net.thucydides.core.steps.StepInterceptor - STEP DONE: inputPassword
  &amp#27;[32mAnd &amp#27;[0m&amp#27;[32mi input &amp#27;[0m&amp#27;[32m&amp#27;[1m"gladz1511#"&amp#27;[0m&amp#27;[32m password&amp#27;[0m                &amp#27;[90m# starter.stepdefinitions.LoginStepDefinitions.iInputPassword(java.lang.String)&amp#27;[0m
10:18:26.821 [Darkroom Processing Line] DEBUG net.serenitybdd.core.photography.DarkroomProcessingLine - Processing screenshot image in /var/screenshots/screenshot-9634145637777758770
10:18:26.821 [Darkroom Processing Line] DEBUG net.serenitybdd.core.photography.DarkroomProcessingLine - Saving screenshot to target\site\serenity\193f919831e5e8fc113b35c1b925891eacfc3c140caceec7ecf072230e1eacbd.png
10:18:26.833 [main] DEBUG net.thucydides.core.steps.StepInterceptor - STARTING STEP: LoginStepDefinitions.clickLoginButton - clickLoginButton
10:18:26.835 [Forwarding findElement on session 42e7ebf8d70e76bf7643472d782a6545 to remote] DEBUG org.asynchttpclient.netty.request.NettyRequestSender - Using pooled Channel '[id: 0x149fcd25, L:/127.0.0.1:60728 - R:localhost/127.0.0.1:55502]' for 'POST' to 'http://localhost:55502/session/42e7ebf8d70e76bf7643472d782a6545/element'
10:18:26.835 [Forwarding findElement on session 42e7ebf8d70e76bf7643472d782a6545 to remote] DEBUG org.asynchttpclient.netty.request.NettyRequestSender - Using open Channel [id: 0x149fcd25, L:/127.0.0.1:60728 - R:localhost/127.0.0.1:55502] for POST '/session/42e7ebf8d70e76bf7643472d782a6545/element'
10:18:26.845 [AsyncHttpClient-1-14] DEBUG org.asynchttpclient.netty.handler.HttpHandler - 

Request DefaultHttpRequest(decodeResult: success, version: HTTP/1.1)
POST /session/42e7ebf8d70e76bf7643472d782a6545/element HTTP/1.1
User-Agent: selenium/4.1.2 (java windows)
Content-Length: 59
Content-Type: application/json; charset=utf-8
host: localhost:55502
accept: */*

Response DefaultHttpResponse(decodeResult: success, version: HTTP/1.1)
HTTP/1.1 200 OK
Content-Type: application/json; charset=utf-8
cache-control: no-cache
content-length: 88

10:18:26.845 [AsyncHttpClient-1-14] DEBUG org.asynchttpclient.netty.channel.ChannelManager - Adding key: http://localhost:55502 for channel [id: 0x149fcd25, L:/127.0.0.1:60728 - R:localhost/127.0.0.1:55502]
10:18:26.848 [Forwarding getElementTagName on session 42e7ebf8d70e76bf7643472d782a6545 to remote] DEBUG org.asynchttpclient.netty.request.NettyRequestSender - Using pooled Channel '[id: 0x149fcd25, L:/127.0.0.1:60728 - R:localhost/127.0.0.1:55502]' for 'GET' to 'http://localhost:55502/session/42e7ebf8d70e76bf7643472d782a6545/element/69921cf0-ebd0-4d86-8712-5597fa77f72c/name'
10:18:26.848 [Forwarding getElementTagName on session 42e7ebf8d70e76bf7643472d782a6545 to remote] DEBUG org.asynchttpclient.netty.request.NettyRequestSender - Using open Channel [id: 0x149fcd25, L:/127.0.0.1:60728 - R:localhost/127.0.0.1:55502] for GET '/session/42e7ebf8d70e76bf7643472d782a6545/element/69921cf0-ebd0-4d86-8712-5597fa77f72c/name'
10:18:26.853 [AsyncHttpClient-1-14] DEBUG org.asynchttpclient.netty.handler.HttpHandler - 

Request DefaultFullHttpRequest(decodeResult: success, version: HTTP/1.1, content: EmptyByteBufBE)
GET /session/42e7ebf8d70e76bf7643472d782a6545/element/69921cf0-ebd0-4d86-8712-5597fa77f72c/name HTTP/1.1
User-Agent: selenium/4.1.2 (java windows)
Cache-Control: no-cache
Content-Type: application/json; charset=utf-8
host: localhost:55502
accept: */*

Response DefaultHttpResponse(decodeResult: success, version: HTTP/1.1)
HTTP/1.1 200 OK
Content-Type: application/json; charset=utf-8
cache-control: no-cache
content-length: 18

10:18:26.853 [AsyncHttpClient-1-14] DEBUG org.asynchttpclient.netty.channel.ChannelManager - Adding key: http://localhost:55502 for channel [id: 0x149fcd25, L:/127.0.0.1:60728 - R:localhost/127.0.0.1:55502]
10:18:26.853 [Forwarding getElementTagName on session 42e7ebf8d70e76bf7643472d782a6545 to remote] DEBUG org.asynchttpclient.netty.request.NettyRequestSender - Using pooled Channel '[id: 0x149fcd25, L:/127.0.0.1:60728 - R:localhost/127.0.0.1:55502]' for 'GET' to 'http://localhost:55502/session/42e7ebf8d70e76bf7643472d782a6545/element/69921cf0-ebd0-4d86-8712-5597fa77f72c/name'
10:18:26.853 [Forwarding getElementTagName on session 42e7ebf8d70e76bf7643472d782a6545 to remote] DEBUG org.asynchttpclient.netty.request.NettyRequestSender - Using open Channel [id: 0x149fcd25, L:/127.0.0.1:60728 - R:localhost/127.0.0.1:55502] for GET '/session/42e7ebf8d70e76bf7643472d782a6545/element/69921cf0-ebd0-4d86-8712-5597fa77f72c/name'
10:18:26.858 [AsyncHttpClient-1-14] DEBUG org.asynchttpclient.netty.handler.HttpHandler - 

Request DefaultFullHttpRequest(decodeResult: success, version: HTTP/1.1, content: EmptyByteBufBE)
GET /session/42e7ebf8d70e76bf7643472d782a6545/element/69921cf0-ebd0-4d86-8712-5597fa77f72c/name HTTP/1.1
User-Agent: selenium/4.1.2 (java windows)
Cache-Control: no-cache
Content-Type: application/json; charset=utf-8
host: localhost:55502
accept: */*

Response DefaultHttpResponse(decodeResult: success, version: HTTP/1.1)
HTTP/1.1 200 OK
Content-Type: application/json; charset=utf-8
cache-control: no-cache
content-length: 18

10:18:26.858 [AsyncHttpClient-1-14] DEBUG org.asynchttpclient.netty.channel.ChannelManager - Adding key: http://localhost:55502 for channel [id: 0x149fcd25, L:/127.0.0.1:60728 - R:localhost/127.0.0.1:55502]
10:18:26.860 [Forwarding isElementEnabled on session 42e7ebf8d70e76bf7643472d782a6545 to remote] DEBUG org.asynchttpclient.netty.request.NettyRequestSender - Using pooled Channel '[id: 0x149fcd25, L:/127.0.0.1:60728 - R:localhost/127.0.0.1:55502]' for 'GET' to 'http://localhost:55502/session/42e7ebf8d70e76bf7643472d782a6545/element/69921cf0-ebd0-4d86-8712-5597fa77f72c/enabled'
10:18:26.860 [Forwarding isElementEnabled on session 42e7ebf8d70e76bf7643472d782a6545 to remote] DEBUG org.asynchttpclient.netty.request.NettyRequestSender - Using open Channel [id: 0x149fcd25, L:/127.0.0.1:60728 - R:localhost/127.0.0.1:55502] for GET '/session/42e7ebf8d70e76bf7643472d782a6545/element/69921cf0-ebd0-4d86-8712-5597fa77f72c/enabled'
10:18:26.868 [AsyncHttpClient-1-14] DEBUG org.asynchttpclient.netty.handler.HttpHandler - 

Request DefaultFullHttpRequest(decodeResult: success, version: HTTP/1.1, content: EmptyByteBufBE)
GET /session/42e7ebf8d70e76bf7643472d782a6545/element/69921cf0-ebd0-4d86-8712-5597fa77f72c/enabled HTTP/1.1
User-Agent: selenium/4.1.2 (java windows)
Cache-Control: no-cache
Content-Type: application/json; charset=utf-8
host: localhost:55502
accept: */*

Response DefaultHttpResponse(decodeResult: success, version: HTTP/1.1)
HTTP/1.1 200 OK
Content-Type: application/json; charset=utf-8
cache-control: no-cache
content-length: 14

10:18:26.868 [AsyncHttpClient-1-14] DEBUG org.asynchttpclient.netty.channel.ChannelManager - Adding key: http://localhost:55502 for channel [id: 0x149fcd25, L:/127.0.0.1:60728 - R:localhost/127.0.0.1:55502]
10:18:26.870 [Forwarding isElementEnabled on session 42e7ebf8d70e76bf7643472d782a6545 to remote] DEBUG org.asynchttpclient.netty.request.NettyRequestSender - Using pooled Channel '[id: 0x149fcd25, L:/127.0.0.1:60728 - R:localhost/127.0.0.1:55502]' for 'GET' to 'http://localhost:55502/session/42e7ebf8d70e76bf7643472d782a6545/element/69921cf0-ebd0-4d86-8712-5597fa77f72c/enabled'
10:18:26.870 [Forwarding isElementEnabled on session 42e7ebf8d70e76bf7643472d782a6545 to remote] DEBUG org.asynchttpclient.netty.request.NettyRequestSender - Using open Channel [id: 0x149fcd25, L:/127.0.0.1:60728 - R:localhost/127.0.0.1:55502] for GET '/session/42e7ebf8d70e76bf7643472d782a6545/element/69921cf0-ebd0-4d86-8712-5597fa77f72c/enabled'
10:18:26.877 [AsyncHttpClient-1-14] DEBUG org.asynchttpclient.netty.handler.HttpHandler - 

Request DefaultFullHttpRequest(decodeResult: success, version: HTTP/1.1, content: EmptyByteBufBE)
GET /session/42e7ebf8d70e76bf7643472d782a6545/element/69921cf0-ebd0-4d86-8712-5597fa77f72c/enabled HTTP/1.1
User-Agent: selenium/4.1.2 (java windows)
Cache-Control: no-cache
Content-Type: application/json; charset=utf-8
host: localhost:55502
accept: */*

Response DefaultHttpResponse(decodeResult: success, version: HTTP/1.1)
HTTP/1.1 200 OK
Content-Type: application/json; charset=utf-8
cache-control: no-cache
content-length: 14

10:18:26.877 [AsyncHttpClient-1-14] DEBUG org.asynchttpclient.netty.channel.ChannelManager - Adding key: http://localhost:55502 for channel [id: 0x149fcd25, L:/127.0.0.1:60728 - R:localhost/127.0.0.1:55502]
10:18:26.879 [Forwarding findElement on session 42e7ebf8d70e76bf7643472d782a6545 to remote] DEBUG org.asynchttpclient.netty.request.NettyRequestSender - Using pooled Channel '[id: 0x149fcd25, L:/127.0.0.1:60728 - R:localhost/127.0.0.1:55502]' for 'POST' to 'http://localhost:55502/session/42e7ebf8d70e76bf7643472d782a6545/element'
10:18:26.879 [Forwarding findElement on session 42e7ebf8d70e76bf7643472d782a6545 to remote] DEBUG org.asynchttpclient.netty.request.NettyRequestSender - Using open Channel [id: 0x149fcd25, L:/127.0.0.1:60728 - R:localhost/127.0.0.1:55502] for POST '/session/42e7ebf8d70e76bf7643472d782a6545/element'
10:18:26.884 [AsyncHttpClient-1-14] DEBUG org.asynchttpclient.netty.handler.HttpHandler - 

Request DefaultHttpRequest(decodeResult: success, version: HTTP/1.1)
POST /session/42e7ebf8d70e76bf7643472d782a6545/element HTTP/1.1
User-Agent: selenium/4.1.2 (java windows)
Content-Length: 59
Content-Type: application/json; charset=utf-8
host: localhost:55502
accept: */*

Response DefaultHttpResponse(decodeResult: success, version: HTTP/1.1)
HTTP/1.1 200 OK
Content-Type: application/json; charset=utf-8
cache-control: no-cache
content-length: 88

10:18:26.884 [AsyncHttpClient-1-14] DEBUG org.asynchttpclient.netty.channel.ChannelManager - Adding key: http://localhost:55502 for channel [id: 0x149fcd25, L:/127.0.0.1:60728 - R:localhost/127.0.0.1:55502]
10:18:26.887 [Forwarding clickElement on session 42e7ebf8d70e76bf7643472d782a6545 to remote] DEBUG org.asynchttpclient.netty.request.NettyRequestSender - Using pooled Channel '[id: 0x149fcd25, L:/127.0.0.1:60728 - R:localhost/127.0.0.1:55502]' for 'POST' to 'http://localhost:55502/session/42e7ebf8d70e76bf7643472d782a6545/element/69921cf0-ebd0-4d86-8712-5597fa77f72c/click'
10:18:26.887 [Forwarding clickElement on session 42e7ebf8d70e76bf7643472d782a6545 to remote] DEBUG org.asynchttpclient.netty.request.NettyRequestSender - Using open Channel [id: 0x149fcd25, L:/127.0.0.1:60728 - R:localhost/127.0.0.1:55502] for POST '/session/42e7ebf8d70e76bf7643472d782a6545/element/69921cf0-ebd0-4d86-8712-5597fa77f72c/click'
10:18:27.706 [AsyncHttpClient-1-1] DEBUG org.asynchttpclient.netty.channel.DefaultChannelPool - Entry count for : http://localhost:60729 : 1
10:18:28.809 [AsyncHttpClient-1-1] DEBUG org.asynchttpclient.netty.channel.DefaultChannelPool - Entry count for : http://localhost:60729 : 1
10:18:29.906 [AsyncHttpClient-1-1] DEBUG org.asynchttpclient.netty.channel.DefaultChannelPool - Entry count for : http://localhost:60729 : 1
10:18:30.817 [AsyncHttpClient-1-14] DEBUG org.asynchttpclient.netty.handler.HttpHandler - 

Request DefaultHttpRequest(decodeResult: success, version: HTTP/1.1)
POST /session/42e7ebf8d70e76bf7643472d782a6545/element/69921cf0-ebd0-4d86-8712-5597fa77f72c/click HTTP/1.1
User-Agent: selenium/4.1.2 (java windows)
Content-Length: 50
Content-Type: application/json; charset=utf-8
host: localhost:55502
accept: */*

Response DefaultHttpResponse(decodeResult: success, version: HTTP/1.1)
HTTP/1.1 200 OK
Content-Type: application/json; charset=utf-8
cache-control: no-cache
content-length: 14

10:18:30.817 [AsyncHttpClient-1-14] DEBUG org.asynchttpclient.netty.channel.ChannelManager - Adding key: http://localhost:55502 for channel [id: 0x149fcd25, L:/127.0.0.1:60728 - R:localhost/127.0.0.1:55502]
10:18:30.824 [Forwarding screenshot on session 42e7ebf8d70e76bf7643472d782a6545 to remote] DEBUG org.asynchttpclient.netty.request.NettyRequestSender - Using pooled Channel '[id: 0x149fcd25, L:/127.0.0.1:60728 - R:localhost/127.0.0.1:55502]' for 'GET' to 'http://localhost:55502/session/42e7ebf8d70e76bf7643472d782a6545/screenshot'
10:18:30.824 [Forwarding screenshot on session 42e7ebf8d70e76bf7643472d782a6545 to remote] DEBUG org.asynchttpclient.netty.request.NettyRequestSender - Using open Channel [id: 0x149fcd25, L:/127.0.0.1:60728 - R:localhost/127.0.0.1:55502] for GET '/session/42e7ebf8d70e76bf7643472d782a6545/screenshot'
10:18:31.017 [AsyncHttpClient-1-1] DEBUG org.asynchttpclient.netty.channel.DefaultChannelPool - Entry count for : http://localhost:60729 : 1
10:18:31.294 [AsyncHttpClient-1-14] DEBUG org.asynchttpclient.netty.handler.HttpHandler - 

Request DefaultFullHttpRequest(decodeResult: success, version: HTTP/1.1, content: EmptyByteBufBE)
GET /session/42e7ebf8d70e76bf7643472d782a6545/screenshot HTTP/1.1
User-Agent: selenium/4.1.2 (java windows)
Cache-Control: no-cache
Content-Type: application/json; charset=utf-8
host: localhost:55502
accept: */*

Response DefaultHttpResponse(decodeResult: success, version: HTTP/1.1)
HTTP/1.1 200 OK
Content-Type: application/json; charset=utf-8
cache-control: no-cache
content-length: 1344428

10:18:31.295 [AsyncHttpClient-1-14] DEBUG org.asynchttpclient.netty.channel.ChannelManager - Adding key: http://localhost:55502 for channel [id: 0x149fcd25, L:/127.0.0.1:60728 - R:localhost/127.0.0.1:55502]
10:18:31.321 [main] DEBUG net.serenitybdd.core.photography.Darkroom - Send negative for processing for target\site\serenity\7970aaebde82cedd12e69c76237ab8308e09f79d3f8d253969a1e7e4046ed1df.png
10:18:31.321 [main] DEBUG net.thucydides.core.steps.StepInterceptor - STEP DONE: clickLoginButton
  &amp#27;[32mAnd &amp#27;[0m&amp#27;[32mclick login button&amp#27;[0m                           &amp#27;[90m# starter.stepdefinitions.LoginStepDefinitions.clickLoginButton()&amp#27;[0m
10:18:31.322 [Darkroom Processing Line] DEBUG net.serenitybdd.core.photography.DarkroomProcessingLine - Processing screenshot image in /var/screenshots/screenshot-14771639413481806300
10:18:31.322 [Darkroom Processing Line] DEBUG net.serenitybdd.core.photography.DarkroomProcessingLine - Saving screenshot to target\site\serenity\7970aaebde82cedd12e69c76237ab8308e09f79d3f8d253969a1e7e4046ed1df.png
10:18:31.332 [main] DEBUG net.thucydides.core.steps.StepInterceptor - STARTING STEP: LoginStepDefinitions.iGetThe - validateLoginFormIsApp
10:18:31.332 [Forwarding findElement on session 42e7ebf8d70e76bf7643472d782a6545 to remote] DEBUG org.asynchttpclient.netty.request.NettyRequestSender - Using pooled Channel '[id: 0x149fcd25, L:/127.0.0.1:60728 - R:localhost/127.0.0.1:55502]' for 'POST' to 'http://localhost:55502/session/42e7ebf8d70e76bf7643472d782a6545/element'
10:18:31.332 [Forwarding findElement on session 42e7ebf8d70e76bf7643472d782a6545 to remote] DEBUG org.asynchttpclient.netty.request.NettyRequestSender - Using open Channel [id: 0x149fcd25, L:/127.0.0.1:60728 - R:localhost/127.0.0.1:55502] for POST '/session/42e7ebf8d70e76bf7643472d782a6545/element'
10:18:31.430 [AsyncHttpClient-1-14] DEBUG org.asynchttpclient.netty.handler.HttpHandler - 

Request DefaultHttpRequest(decodeResult: success, version: HTTP/1.1)
POST /session/42e7ebf8d70e76bf7643472d782a6545/element HTTP/1.1
User-Agent: selenium/4.1.2 (java windows)
Content-Length: 103
Content-Type: application/json; charset=utf-8
host: localhost:55502
accept: */*

Response DefaultHttpResponse(decodeResult: success, version: HTTP/1.1)
HTTP/1.1 200 OK
Content-Type: application/json; charset=utf-8
cache-control: no-cache
content-length: 88

10:18:31.430 [AsyncHttpClient-1-14] DEBUG org.asynchttpclient.netty.channel.ChannelManager - Adding key: http://localhost:55502 for channel [id: 0x149fcd25, L:/127.0.0.1:60728 - R:localhost/127.0.0.1:55502]
10:18:31.435 [Forwarding isElementDisplayed on session 42e7ebf8d70e76bf7643472d782a6545 to remote] DEBUG org.asynchttpclient.netty.request.NettyRequestSender - Using pooled Channel '[id: 0x149fcd25, L:/127.0.0.1:60728 - R:localhost/127.0.0.1:55502]' for 'POST' to 'http://localhost:55502/session/42e7ebf8d70e76bf7643472d782a6545/execute/sync'
10:18:31.435 [Forwarding isElementDisplayed on session 42e7ebf8d70e76bf7643472d782a6545 to remote] DEBUG org.asynchttpclient.netty.request.NettyRequestSender - Using open Channel [id: 0x149fcd25, L:/127.0.0.1:60728 - R:localhost/127.0.0.1:55502] for POST '/session/42e7ebf8d70e76bf7643472d782a6545/execute/sync'
10:18:31.469 [AsyncHttpClient-1-14] DEBUG org.asynchttpclient.netty.handler.HttpHandler - 

Request DefaultHttpRequest(decodeResult: success, version: HTTP/1.1)
POST /session/42e7ebf8d70e76bf7643472d782a6545/execute/sync HTTP/1.1
User-Agent: selenium/4.1.2 (java windows)
Content-Length: 48780
Content-Type: application/json; charset=utf-8
host: localhost:55502
accept: */*

Response DefaultHttpResponse(decodeResult: success, version: HTTP/1.1)
HTTP/1.1 200 OK
Content-Type: application/json; charset=utf-8
cache-control: no-cache
content-length: 15

10:18:31.469 [AsyncHttpClient-1-14] DEBUG org.asynchttpclient.netty.channel.ChannelManager - Adding key: http://localhost:55502 for channel [id: 0x149fcd25, L:/127.0.0.1:60728 - R:localhost/127.0.0.1:55502]
10:18:31.474 [Forwarding screenshot on session 42e7ebf8d70e76bf7643472d782a6545 to remote] DEBUG org.asynchttpclient.netty.request.NettyRequestSender - Using pooled Channel '[id: 0x149fcd25, L:/127.0.0.1:60728 - R:localhost/127.0.0.1:55502]' for 'GET' to 'http://localhost:55502/session/42e7ebf8d70e76bf7643472d782a6545/screenshot'
10:18:31.474 [Forwarding screenshot on session 42e7ebf8d70e76bf7643472d782a6545 to remote] DEBUG org.asynchttpclient.netty.request.NettyRequestSender - Using open Channel [id: 0x149fcd25, L:/127.0.0.1:60728 - R:localhost/127.0.0.1:55502] for GET '/session/42e7ebf8d70e76bf7643472d782a6545/screenshot'
10:18:31.950 [AsyncHttpClient-1-14] DEBUG org.asynchttpclient.netty.handler.HttpHandler - 

Request DefaultFullHttpRequest(decodeResult: success, version: HTTP/1.1, content: EmptyByteBufBE)
GET /session/42e7ebf8d70e76bf7643472d782a6545/screenshot HTTP/1.1
User-Agent: selenium/4.1.2 (java windows)
Cache-Control: no-cache
Content-Type: application/json; charset=utf-8
host: localhost:55502
accept: */*

Response DefaultHttpResponse(decodeResult: success, version: HTTP/1.1)
HTTP/1.1 200 OK
Content-Type: application/json; charset=utf-8
cache-control: no-cache
content-length: 1324500

10:18:31.950 [AsyncHttpClient-1-14] DEBUG org.asynchttpclient.netty.channel.ChannelManager - Adding key: http://localhost:55502 for channel [id: 0x149fcd25, L:/127.0.0.1:60728 - R:localhost/127.0.0.1:55502]
10:18:31.974 [main] DEBUG net.serenitybdd.core.photography.Darkroom - Send negative for processing for target\site\serenity\a56d60e573bd9b6c0fac14a2b2d60c7e55d5fc5718c801152317c2d7ecf30f24.png
10:18:31.974 [main] DEBUG net.thucydides.core.steps.StepInterceptor - STEP DONE: validateLoginFormIsApp
10:18:31.974 [Darkroom Processing Line] DEBUG net.serenitybdd.core.photography.DarkroomProcessingLine - Processing screenshot image in /var/screenshots/screenshot-14573487125048173221
10:18:31.974 [Darkroom Processing Line] DEBUG net.serenitybdd.core.photography.DarkroomProcessingLine - Saving screenshot to target\site\serenity\a56d60e573bd9b6c0fac14a2b2d60c7e55d5fc5718c801152317c2d7ecf30f24.png
10:18:31.989 [main] DEBUG net.thucydides.core.steps.StepInterceptor - STARTING STEP: LoginStepDefinitions.iGetThe - errorMessageAlert
10:18:31.989 [main] DEBUG net.thucydides.core.steps.StepInterceptor - STEP DONE: errorMessageAlert
  &amp#27;[32mThen &amp#27;[0m&amp#27;[32mi get the &amp#27;[0m&amp#27;[32m&amp#27;[1m"Login Page"&amp#27;[0m                      &amp#27;[90m# starter.stepdefinitions.LoginStepDefinitions.iGetThe(java.lang.String)&amp#27;[0m
10:18:32.005 [AsyncHttpClient-1-16] DEBUG org.asynchttpclient.netty.handler.WebSocketHandler - Channel Closed: [id: 0x2e3053ae, L:/127.0.0.1:60738 ! R:localhost/127.0.0.1:60729] with attribute NettyResponseFuture{currentRetry=5,
	isDone=1,
	isCancelled=0,
	asyncHandler=org.asynchttpclient.ws.WebSocketUpgradeHandler@15c1a596,
	nettyRequest=org.asynchttpclient.netty.request.NettyRequest@50c3294a,
	future=java.util.concurrent.CompletableFuture@1dc934a[Completed normally],
	uri=ws://localhost:60729/devtools/browser/2bdc0aa4-ef4b-461b-8856-2d1645001b9d,
	keepAlive=true,
	redirectCount=0,
	timeoutsHolder=null,
	inAuth=0,
	touch=1650943097526}
10:18:32.005 [AsyncHttpClient-1-16] DEBUG org.asynchttpclient.netty.channel.ChannelManager - Closing Channel [id: 0x2e3053ae, L:/127.0.0.1:60738 ! R:localhost/127.0.0.1:60729] 
10:18:32.005 [Driver Command Executor] DEBUG org.asynchttpclient.netty.request.NettyRequestSender - Using pooled Channel '[id: 0x149fcd25, L:/127.0.0.1:60728 - R:localhost/127.0.0.1:55502]' for 'DELETE' to 'http://localhost:55502/session/42e7ebf8d70e76bf7643472d782a6545'
10:18:32.005 [Driver Command Executor] DEBUG org.asynchttpclient.netty.request.NettyRequestSender - Using open Channel [id: 0x149fcd25, L:/127.0.0.1:60728 - R:localhost/127.0.0.1:55502] for DELETE '/session/42e7ebf8d70e76bf7643472d782a6545'
10:18:32.022 [AsyncHttpClient-1-15] DEBUG org.asynchttpclient.netty.handler.HttpHandler - Unexpected I/O exception on channel [id: 0x4aeae586, L:/127.0.0.1:60737 - R:localhost/127.0.0.1:60729]
java.net.SocketException: Connection reset
	at java.base/sun.nio.ch.SocketChannelImpl.throwConnectionReset(SocketChannelImpl.java:367)
	at java.base/sun.nio.ch.SocketChannelImpl.read(SocketChannelImpl.java:398)
	at io.netty.buffer.PooledByteBuf.setBytes(PooledByteBuf.java:258)
	at io.netty.buffer.AbstractByteBuf.writeBytes(AbstractByteBuf.java:1132)
	at io.netty.channel.socket.nio.NioSocketChannel.doReadBytes(NioSocketChannel.java:350)
	at io.netty.channel.nio.AbstractNioByteChannel$NioByteUnsafe.read(AbstractNioByteChannel.java:151)
	at io.netty.channel.nio.NioEventLoop.processSelectedKey(NioEventLoop.java:722)
	at io.netty.channel.nio.NioEventLoop.processSelectedKeysOptimized(NioEventLoop.java:658)
	at io.netty.channel.nio.NioEventLoop.processSelectedKeys(NioEventLoop.java:584)
	at io.netty.channel.nio.NioEventLoop.run(NioEventLoop.java:496)
	at io.netty.util.concurrent.SingleThreadEventExecutor$4.run(SingleThreadEventExecutor.java:986)
	at io.netty.util.internal.ThreadExecutorMap$2.run(ThreadExecutorMap.java:74)
	at io.netty.util.concurrent.FastThreadLocalRunnable.run(FastThreadLocalRunnable.java:30)
	at java.base/java.lang.Thread.run(Thread.java:832)
10:18:32.022 [AsyncHttpClient-1-15] DEBUG org.asynchttpclient.netty.channel.ChannelManager - Closing Channel [id: 0x4aeae586, L:/127.0.0.1:60737 - R:localhost/127.0.0.1:60729] 
10:18:32.022 [AsyncHttpClient-1-15] DEBUG org.asynchttpclient.netty.handler.HttpHandler - Channel Closed: [id: 0x4aeae586, L:/127.0.0.1:60737 ! R:localhost/127.0.0.1:60729] with attribute DISCARD
10:18:32.050 [AsyncHttpClient-1-14] DEBUG org.asynchttpclient.netty.handler.HttpHandler - 

Request DefaultFullHttpRequest(decodeResult: success, version: HTTP/1.1, content: EmptyByteBufBE)
DELETE /session/42e7ebf8d70e76bf7643472d782a6545 HTTP/1.1
User-Agent: selenium/4.1.2 (java windows)
Content-Type: application/json; charset=utf-8
host: localhost:55502
accept: */*

Response DefaultHttpResponse(decodeResult: success, version: HTTP/1.1)
HTTP/1.1 200 OK
Content-Type: application/json; charset=utf-8
cache-control: no-cache
content-length: 14

10:18:32.050 [AsyncHttpClient-1-14] DEBUG org.asynchttpclient.netty.channel.ChannelManager - Adding key: http://localhost:55502 for channel [id: 0x149fcd25, L:/127.0.0.1:60728 - R:localhost/127.0.0.1:55502]
10:18:32.112 [AsyncHttpClient-1-1] DEBUG org.asynchttpclient.netty.channel.DefaultChannelPool - Entry count for : http://localhost:60729 : 1
10:18:32.112 [AsyncHttpClient-1-1] DEBUG org.asynchttpclient.netty.channel.DefaultChannelPool - Entry count for : http://localhost:55502 : 1
10:18:32.112 [AsyncHttpClient-1-1] DEBUG org.asynchttpclient.netty.channel.DefaultChannelPool - Adding Candidate expired Channel [id: 0x4aeae586, L:/127.0.0.1:60737 ! R:localhost/127.0.0.1:60729] isIdleTimeoutExpired=false isRemotelyClosed=true isTtlExpired=false
10:18:32.112 [AsyncHttpClient-1-1] DEBUG org.asynchttpclient.netty.channel.DefaultChannelPool - Closing Idle Channel [id: 0x4aeae586, L:/127.0.0.1:60737 ! R:localhost/127.0.0.1:60729]
10:18:32.112 [AsyncHttpClient-1-1] DEBUG org.asynchttpclient.netty.channel.DefaultChannelPool - Closed 1 connections out of 2 in 0 ms
10:18:32.213 [AsyncHttpClient-1-14] DEBUG org.asynchttpclient.netty.handler.HttpHandler - Channel Closed: [id: 0x149fcd25, L:/127.0.0.1:60728 ! R:localhost/127.0.0.1:55502] with attribute DISCARD
]]></system-out>
    <system-err><![CDATA[Starting ChromeDriver 100.0.4896.60 (6a5d10861ce8de5fce22564658033b43cb7de047-refs/branch-heads/4896@{#875}) on port 55502
Only local connections are allowed.
Please see https://chromedriver.chromium.org/security-considerations for suggestions on keeping ChromeDriver safe.
ChromeDriver was started successfully.
Apr 26, 2022 10:18:17 AM org.openqa.selenium.remote.ProtocolHandshake createSession
INFO: Detected dialect: W3C
Apr 26, 2022 10:18:17 AM org.openqa.selenium.devtools.CdpVersionFinder findNearestMatch
WARNING: Unable to find an exact match for CDP version 100, so returning the closest version found: 97
Apr 26, 2022 10:18:17 AM org.openqa.selenium.devtools.CdpVersionFinder findNearestMatch
INFO: Found CDP implementation for version 100 of 97
]]></system-err>
  </testcase>
  <testcase name="Login scenario #6" classname="Login" time="19.583">
    <system-out><![CDATA[
@DDT
Scenario Outline: Login scenario                &amp#27;[90m# src/test/resources/features/login.feature:31&amp#27;[0m
10:18:32.737 [main] INFO io.cucumber.core.plugin.SerenityReporter - Running feature from file:///D:/PERKULIAHAN/Semester%206,Hebatt%20glad!/Dot-TechnicalTest/src/test/resources/features/login.feature
10:18:32.769 [main] DEBUG net.thucydides.core.steps.StepInterceptor - STARTING STEP: LoginStepDefinitions.iAmOnLoginPage - openUrl
10:18:32.769 [main] INFO net.serenitybdd.core.webdriver.driverproviders.ChromeDriverProvider - Using automatically driver download
10:18:32.869 [main] DEBUG io.github.bonigarcia.wdm.cache.ResolutionCache - Resolution chrome=100 in cache (valid until 11:02:02 26/04/2022 WIB)
10:18:32.885 [main] DEBUG io.github.bonigarcia.wdm.cache.ResolutionCache - Resolution chrome100=100.0.4896.60 in cache (valid until 19:36:13 26/04/2022 WIB)
10:18:32.885 [main] INFO io.github.bonigarcia.wdm.WebDriverManager - Using chromedriver 100.0.4896.60 (resolved driver for Chrome 100)
10:18:32.885 [main] DEBUG io.github.bonigarcia.wdm.WebDriverManager - Driver chromedriver 100.0.4896.60 found in cache
10:18:32.885 [main] INFO io.github.bonigarcia.wdm.WebDriverManager - Exporting webdriver.chrome.driver as C:\Users\ASUS\.cache\selenium\chromedriver\win32\100.0.4896.60\chromedriver.exe
10:18:33.000 [main] DEBUG net.serenitybdd.core.webdriver.driverproviders.ProvideNewDriver - Instantiating driver
10:18:33.000 [main] DEBUG net.serenitybdd.core.webdriver.driverproviders.ProvideNewDriver - Driver capabilities: Capabilities {acceptInsecureCerts: false, base.url: https://www.psegameshop.com/, browserName: chrome, chrome.driver: src/test/resources/webdrive..., driver: chrome, goog:chromeOptions: {args: [], extensions: []}}
10:18:33.205 [AsyncHttpClient-1-1] DEBUG org.asynchttpclient.netty.channel.DefaultChannelPool - Entry count for : http://localhost:55502 : 1
10:18:33.205 [AsyncHttpClient-1-1] DEBUG org.asynchttpclient.netty.channel.DefaultChannelPool - Adding Candidate expired Channel [id: 0x149fcd25, L:/127.0.0.1:60728 ! R:localhost/127.0.0.1:55502] isIdleTimeoutExpired=false isRemotelyClosed=true isTtlExpired=false
10:18:33.205 [AsyncHttpClient-1-1] DEBUG org.asynchttpclient.netty.channel.DefaultChannelPool - Closing Idle Channel [id: 0x149fcd25, L:/127.0.0.1:60728 ! R:localhost/127.0.0.1:55502]
10:18:33.205 [AsyncHttpClient-1-1] DEBUG org.asynchttpclient.netty.channel.DefaultChannelPool - Closed 1 connections out of 1 in 0 ms
10:18:33.539 [AsyncHttpClient-1-17] DEBUG org.asynchttpclient.netty.channel.NettyConnectListener - Using new Channel '[id: 0xea5129e1, L:/127.0.0.1:60786 - R:localhost/127.0.0.1:51659]' for 'POST' to '/session'
10:18:34.489 [AsyncHttpClient-1-17] DEBUG org.asynchttpclient.netty.handler.HttpHandler - 

Request DefaultHttpRequest(decodeResult: success, version: HTTP/1.1)
POST /session HTTP/1.1
User-Agent: selenium/4.1.2 (java windows)
Content-Length: 614
Content-Type: application/json; charset=utf-8
host: localhost:51659
accept: */*

Response DefaultHttpResponse(decodeResult: success, version: HTTP/1.1)
HTTP/1.1 200 OK
Content-Type: application/json; charset=utf-8
cache-control: no-cache
content-length: 789

10:18:34.489 [AsyncHttpClient-1-17] DEBUG org.asynchttpclient.netty.channel.ChannelManager - Adding key: http://localhost:51659 for channel [id: 0xea5129e1, L:/127.0.0.1:60786 - R:localhost/127.0.0.1:51659]
10:18:34.492 [AsyncHttpClient-1-2] DEBUG org.asynchttpclient.netty.channel.NettyConnectListener - Using new Channel '[id: 0x20db7b7b, L:/127.0.0.1:60794 - R:localhost/127.0.0.1:60787]' for 'GET' to '/json/version'
10:18:34.492 [AsyncHttpClient-1-2] DEBUG org.asynchttpclient.netty.handler.HttpHandler - 

Request DefaultFullHttpRequest(decodeResult: success, version: HTTP/1.1, content: EmptyByteBufBE)
GET /json/version HTTP/1.1
User-Agent: selenium/4.1.2 (java windows)
host: localhost:60787
accept: */*

Response DefaultHttpResponse(decodeResult: success, version: HTTP/1.1)
HTTP/1.1 200 OK
Content-Type: application/json; charset=UTF-8
content-length: 429

10:18:34.492 [AsyncHttpClient-1-2] DEBUG org.asynchttpclient.netty.channel.ChannelManager - Adding key: http://localhost:60787 for channel [id: 0x20db7b7b, L:/127.0.0.1:60794 - R:localhost/127.0.0.1:60787]
10:18:34.492 [AsyncHttpClient-1-3] DEBUG org.asynchttpclient.netty.channel.NettyConnectListener - Using new Channel '[id: 0xe0b81b28, L:/127.0.0.1:60795 - R:localhost/127.0.0.1:60787]' for 'GET' to '/devtools/browser/716a25b4-c437-48eb-92de-ca5709122bab'
10:18:34.492 [AsyncHttpClient-1-3] DEBUG org.asynchttpclient.netty.handler.WebSocketHandler - 

Request DefaultFullHttpRequest(decodeResult: success, version: HTTP/1.1, content: EmptyByteBufBE)
GET /devtools/browser/716a25b4-c437-48eb-92de-ca5709122bab HTTP/1.1
upgrade: websocket
connection: upgrade
sec-websocket-key: Pxaq9p0FyU1dLKn1nqlvlA==
sec-websocket-version: 13
origin: http://localhost:60787
host: localhost:60787
accept: */*
user-agent: AHC/2.1

Response DefaultHttpResponse(decodeResult: success, version: HTTP/1.1)
HTTP/1.1 101 WebSocket Protocol Handshake
Upgrade: WebSocket
Connection: Upgrade
Sec-WebSocket-Accept: R/d4aPQQSaUs9vRURjMtG27yOoE=

10:18:34.492 [Forwarding maximizeCurrentWindow on session 46fd43e49265f5dd8ac644e1c460e241 to remote] DEBUG org.asynchttpclient.netty.request.NettyRequestSender - Using pooled Channel '[id: 0xea5129e1, L:/127.0.0.1:60786 - R:localhost/127.0.0.1:51659]' for 'POST' to 'http://localhost:51659/session/46fd43e49265f5dd8ac644e1c460e241/window/maximize'
10:18:34.492 [Forwarding maximizeCurrentWindow on session 46fd43e49265f5dd8ac644e1c460e241 to remote] DEBUG org.asynchttpclient.netty.request.NettyRequestSender - Using open Channel [id: 0xea5129e1, L:/127.0.0.1:60786 - R:localhost/127.0.0.1:51659] for POST '/session/46fd43e49265f5dd8ac644e1c460e241/window/maximize'
10:18:34.623 [AsyncHttpClient-1-17] DEBUG org.asynchttpclient.netty.handler.HttpHandler - 

Request DefaultHttpRequest(decodeResult: success, version: HTTP/1.1)
POST /session/46fd43e49265f5dd8ac644e1c460e241/window/maximize HTTP/1.1
User-Agent: selenium/4.1.2 (java windows)
Content-Length: 3
Content-Type: application/json; charset=utf-8
host: localhost:51659
accept: */*

Response DefaultHttpResponse(decodeResult: success, version: HTTP/1.1)
HTTP/1.1 200 OK
Content-Type: application/json; charset=utf-8
cache-control: no-cache
content-length: 51

10:18:34.623 [AsyncHttpClient-1-17] DEBUG org.asynchttpclient.netty.channel.ChannelManager - Adding key: http://localhost:51659 for channel [id: 0xea5129e1, L:/127.0.0.1:60786 - R:localhost/127.0.0.1:51659]
10:18:34.623 [Forwarding get on session 46fd43e49265f5dd8ac644e1c460e241 to remote] DEBUG org.asynchttpclient.netty.request.NettyRequestSender - Using pooled Channel '[id: 0xea5129e1, L:/127.0.0.1:60786 - R:localhost/127.0.0.1:51659]' for 'POST' to 'http://localhost:51659/session/46fd43e49265f5dd8ac644e1c460e241/url'
10:18:34.623 [Forwarding get on session 46fd43e49265f5dd8ac644e1c460e241 to remote] DEBUG org.asynchttpclient.netty.request.NettyRequestSender - Using open Channel [id: 0xea5129e1, L:/127.0.0.1:60786 - R:localhost/127.0.0.1:51659] for POST '/session/46fd43e49265f5dd8ac644e1c460e241/url'
10:18:35.406 [AsyncHttpClient-1-1] DEBUG org.asynchttpclient.netty.channel.DefaultChannelPool - Entry count for : http://localhost:60787 : 1
10:18:36.511 [AsyncHttpClient-1-1] DEBUG org.asynchttpclient.netty.channel.DefaultChannelPool - Entry count for : http://localhost:60787 : 1
10:18:37.607 [AsyncHttpClient-1-1] DEBUG org.asynchttpclient.netty.channel.DefaultChannelPool - Entry count for : http://localhost:60787 : 1
10:18:38.712 [AsyncHttpClient-1-1] DEBUG org.asynchttpclient.netty.channel.DefaultChannelPool - Entry count for : http://localhost:60787 : 1
10:18:39.804 [AsyncHttpClient-1-1] DEBUG org.asynchttpclient.netty.channel.DefaultChannelPool - Entry count for : http://localhost:60787 : 1
10:18:39.985 [AsyncHttpClient-1-17] DEBUG org.asynchttpclient.netty.handler.HttpHandler - 

Request DefaultHttpRequest(decodeResult: success, version: HTTP/1.1)
POST /session/46fd43e49265f5dd8ac644e1c460e241/url HTTP/1.1
User-Agent: selenium/4.1.2 (java windows)
Content-Length: 58
Content-Type: application/json; charset=utf-8
host: localhost:51659
accept: */*

Response DefaultHttpResponse(decodeResult: success, version: HTTP/1.1)
HTTP/1.1 200 OK
Content-Type: application/json; charset=utf-8
cache-control: no-cache
content-length: 14

10:18:39.986 [AsyncHttpClient-1-17] DEBUG org.asynchttpclient.netty.channel.ChannelManager - Adding key: http://localhost:51659 for channel [id: 0xea5129e1, L:/127.0.0.1:60786 - R:localhost/127.0.0.1:51659]
10:18:39.987 [Forwarding setTimeout on session 46fd43e49265f5dd8ac644e1c460e241 to remote] DEBUG org.asynchttpclient.netty.request.NettyRequestSender - Using pooled Channel '[id: 0xea5129e1, L:/127.0.0.1:60786 - R:localhost/127.0.0.1:51659]' for 'POST' to 'http://localhost:51659/session/46fd43e49265f5dd8ac644e1c460e241/timeouts'
10:18:39.987 [Forwarding setTimeout on session 46fd43e49265f5dd8ac644e1c460e241 to remote] DEBUG org.asynchttpclient.netty.request.NettyRequestSender - Using open Channel [id: 0xea5129e1, L:/127.0.0.1:60786 - R:localhost/127.0.0.1:51659] for POST '/session/46fd43e49265f5dd8ac644e1c460e241/timeouts'
10:18:39.988 [AsyncHttpClient-1-17] DEBUG org.asynchttpclient.netty.handler.HttpHandler - 

Request DefaultHttpRequest(decodeResult: success, version: HTTP/1.1)
POST /session/46fd43e49265f5dd8ac644e1c460e241/timeouts HTTP/1.1
User-Agent: selenium/4.1.2 (java windows)
Content-Length: 22
Content-Type: application/json; charset=utf-8
host: localhost:51659
accept: */*

Response DefaultHttpResponse(decodeResult: success, version: HTTP/1.1)
HTTP/1.1 200 OK
Content-Type: application/json; charset=utf-8
cache-control: no-cache
content-length: 14

10:18:39.988 [AsyncHttpClient-1-17] DEBUG org.asynchttpclient.netty.channel.ChannelManager - Adding key: http://localhost:51659 for channel [id: 0xea5129e1, L:/127.0.0.1:60786 - R:localhost/127.0.0.1:51659]
10:18:39.992 [Forwarding getCurrentUrl on session 46fd43e49265f5dd8ac644e1c460e241 to remote] DEBUG org.asynchttpclient.netty.request.NettyRequestSender - Using pooled Channel '[id: 0xea5129e1, L:/127.0.0.1:60786 - R:localhost/127.0.0.1:51659]' for 'GET' to 'http://localhost:51659/session/46fd43e49265f5dd8ac644e1c460e241/url'
10:18:39.992 [Forwarding getCurrentUrl on session 46fd43e49265f5dd8ac644e1c460e241 to remote] DEBUG org.asynchttpclient.netty.request.NettyRequestSender - Using open Channel [id: 0xea5129e1, L:/127.0.0.1:60786 - R:localhost/127.0.0.1:51659] for GET '/session/46fd43e49265f5dd8ac644e1c460e241/url'
10:18:39.998 [AsyncHttpClient-1-17] DEBUG org.asynchttpclient.netty.handler.HttpHandler - 

Request DefaultFullHttpRequest(decodeResult: success, version: HTTP/1.1, content: EmptyByteBufBE)
GET /session/46fd43e49265f5dd8ac644e1c460e241/url HTTP/1.1
User-Agent: selenium/4.1.2 (java windows)
Cache-Control: no-cache
Content-Type: application/json; charset=utf-8
host: localhost:51659
accept: */*

Response DefaultHttpResponse(decodeResult: success, version: HTTP/1.1)
HTTP/1.1 200 OK
Content-Type: application/json; charset=utf-8
cache-control: no-cache
content-length: 40

10:18:39.998 [AsyncHttpClient-1-17] DEBUG org.asynchttpclient.netty.channel.ChannelManager - Adding key: http://localhost:51659 for channel [id: 0xea5129e1, L:/127.0.0.1:60786 - R:localhost/127.0.0.1:51659]
10:18:40.004 [Forwarding screenshot on session 46fd43e49265f5dd8ac644e1c460e241 to remote] DEBUG org.asynchttpclient.netty.request.NettyRequestSender - Using pooled Channel '[id: 0xea5129e1, L:/127.0.0.1:60786 - R:localhost/127.0.0.1:51659]' for 'GET' to 'http://localhost:51659/session/46fd43e49265f5dd8ac644e1c460e241/screenshot'
10:18:40.004 [Forwarding screenshot on session 46fd43e49265f5dd8ac644e1c460e241 to remote] DEBUG org.asynchttpclient.netty.request.NettyRequestSender - Using open Channel [id: 0xea5129e1, L:/127.0.0.1:60786 - R:localhost/127.0.0.1:51659] for GET '/session/46fd43e49265f5dd8ac644e1c460e241/screenshot'
10:18:40.457 [AsyncHttpClient-1-17] DEBUG org.asynchttpclient.netty.handler.HttpHandler - 

Request DefaultFullHttpRequest(decodeResult: success, version: HTTP/1.1, content: EmptyByteBufBE)
GET /session/46fd43e49265f5dd8ac644e1c460e241/screenshot HTTP/1.1
User-Agent: selenium/4.1.2 (java windows)
Cache-Control: no-cache
Content-Type: application/json; charset=utf-8
host: localhost:51659
accept: */*

Response DefaultHttpResponse(decodeResult: success, version: HTTP/1.1)
HTTP/1.1 200 OK
Content-Type: application/json; charset=utf-8
cache-control: no-cache
content-length: 1350672

10:18:40.460 [AsyncHttpClient-1-17] DEBUG org.asynchttpclient.netty.channel.ChannelManager - Adding key: http://localhost:51659 for channel [id: 0xea5129e1, L:/127.0.0.1:60786 - R:localhost/127.0.0.1:51659]
10:18:40.490 [main] DEBUG net.serenitybdd.core.photography.Darkroom - Send negative for processing for target\site\serenity\d7ab485946bfa860cfdd8e332f542b56d9249d4ba37bd833c15d1c7c00fb09e0.png
10:18:40.490 [main] DEBUG net.thucydides.core.steps.StepInterceptor - STEP DONE: openUrl
10:18:40.491 [Darkroom Processing Line] DEBUG net.serenitybdd.core.photography.DarkroomProcessingLine - Processing screenshot image in /var/screenshots/screenshot-10899408113662753902
10:18:40.491 [Darkroom Processing Line] DEBUG net.serenitybdd.core.photography.DarkroomProcessingLine - Saving screenshot to target\site\serenity\d7ab485946bfa860cfdd8e332f542b56d9249d4ba37bd833c15d1c7c00fb09e0.png
10:18:40.492 [main] DEBUG net.thucydides.core.steps.StepInterceptor - STARTING STEP: LoginStepDefinitions.iAmOnLoginPage - validateAccountIsApp
10:18:40.492 [Forwarding findElement on session 46fd43e49265f5dd8ac644e1c460e241 to remote] DEBUG org.asynchttpclient.netty.request.NettyRequestSender - Using pooled Channel '[id: 0xea5129e1, L:/127.0.0.1:60786 - R:localhost/127.0.0.1:51659]' for 'POST' to 'http://localhost:51659/session/46fd43e49265f5dd8ac644e1c460e241/element'
10:18:40.492 [Forwarding findElement on session 46fd43e49265f5dd8ac644e1c460e241 to remote] DEBUG org.asynchttpclient.netty.request.NettyRequestSender - Using open Channel [id: 0xea5129e1, L:/127.0.0.1:60786 - R:localhost/127.0.0.1:51659] for POST '/session/46fd43e49265f5dd8ac644e1c460e241/element'
10:18:40.492 [AsyncHttpClient-1-17] DEBUG org.asynchttpclient.netty.handler.HttpHandler - 

Request DefaultHttpRequest(decodeResult: success, version: HTTP/1.1)
POST /session/46fd43e49265f5dd8ac644e1c460e241/element HTTP/1.1
User-Agent: selenium/4.1.2 (java windows)
Content-Length: 46
Content-Type: application/json; charset=utf-8
host: localhost:51659
accept: */*

Response DefaultHttpResponse(decodeResult: success, version: HTTP/1.1)
HTTP/1.1 400 Bad Request
Content-Type: application/json; charset=utf-8
cache-control: no-cache
content-length: 958

10:18:40.492 [AsyncHttpClient-1-17] DEBUG org.asynchttpclient.netty.channel.ChannelManager - Adding key: http://localhost:51659 for channel [id: 0xea5129e1, L:/127.0.0.1:60786 - R:localhost/127.0.0.1:51659]
10:18:40.507 [Forwarding findElement on session 46fd43e49265f5dd8ac644e1c460e241 to remote] DEBUG org.asynchttpclient.netty.request.NettyRequestSender - Using pooled Channel '[id: 0xea5129e1, L:/127.0.0.1:60786 - R:localhost/127.0.0.1:51659]' for 'POST' to 'http://localhost:51659/session/46fd43e49265f5dd8ac644e1c460e241/element'
10:18:40.507 [Forwarding findElement on session 46fd43e49265f5dd8ac644e1c460e241 to remote] DEBUG org.asynchttpclient.netty.request.NettyRequestSender - Using open Channel [id: 0xea5129e1, L:/127.0.0.1:60786 - R:localhost/127.0.0.1:51659] for POST '/session/46fd43e49265f5dd8ac644e1c460e241/element'
10:18:40.520 [AsyncHttpClient-1-17] DEBUG org.asynchttpclient.netty.handler.HttpHandler - 

Request DefaultHttpRequest(decodeResult: success, version: HTTP/1.1)
POST /session/46fd43e49265f5dd8ac644e1c460e241/element HTTP/1.1
User-Agent: selenium/4.1.2 (java windows)
Content-Length: 56
Content-Type: application/json; charset=utf-8
host: localhost:51659
accept: */*

Response DefaultHttpResponse(decodeResult: success, version: HTTP/1.1)
HTTP/1.1 200 OK
Content-Type: application/json; charset=utf-8
cache-control: no-cache
content-length: 88

10:18:40.520 [AsyncHttpClient-1-17] DEBUG org.asynchttpclient.netty.channel.ChannelManager - Adding key: http://localhost:51659 for channel [id: 0xea5129e1, L:/127.0.0.1:60786 - R:localhost/127.0.0.1:51659]
10:18:40.525 [Forwarding isElementDisplayed on session 46fd43e49265f5dd8ac644e1c460e241 to remote] DEBUG org.asynchttpclient.netty.request.NettyRequestSender - Using pooled Channel '[id: 0xea5129e1, L:/127.0.0.1:60786 - R:localhost/127.0.0.1:51659]' for 'POST' to 'http://localhost:51659/session/46fd43e49265f5dd8ac644e1c460e241/execute/sync'
10:18:40.525 [Forwarding isElementDisplayed on session 46fd43e49265f5dd8ac644e1c460e241 to remote] DEBUG org.asynchttpclient.netty.request.NettyRequestSender - Using open Channel [id: 0xea5129e1, L:/127.0.0.1:60786 - R:localhost/127.0.0.1:51659] for POST '/session/46fd43e49265f5dd8ac644e1c460e241/execute/sync'
10:18:40.570 [AsyncHttpClient-1-17] DEBUG org.asynchttpclient.netty.handler.HttpHandler - 

Request DefaultHttpRequest(decodeResult: success, version: HTTP/1.1)
POST /session/46fd43e49265f5dd8ac644e1c460e241/execute/sync HTTP/1.1
User-Agent: selenium/4.1.2 (java windows)
Content-Length: 48780
Content-Type: application/json; charset=utf-8
host: localhost:51659
accept: */*

Response DefaultHttpResponse(decodeResult: success, version: HTTP/1.1)
HTTP/1.1 200 OK
Content-Type: application/json; charset=utf-8
cache-control: no-cache
content-length: 14

10:18:40.570 [AsyncHttpClient-1-17] DEBUG org.asynchttpclient.netty.channel.ChannelManager - Adding key: http://localhost:51659 for channel [id: 0xea5129e1, L:/127.0.0.1:60786 - R:localhost/127.0.0.1:51659]
10:18:40.577 [Forwarding screenshot on session 46fd43e49265f5dd8ac644e1c460e241 to remote] DEBUG org.asynchttpclient.netty.request.NettyRequestSender - Using pooled Channel '[id: 0xea5129e1, L:/127.0.0.1:60786 - R:localhost/127.0.0.1:51659]' for 'GET' to 'http://localhost:51659/session/46fd43e49265f5dd8ac644e1c460e241/screenshot'
10:18:40.577 [Forwarding screenshot on session 46fd43e49265f5dd8ac644e1c460e241 to remote] DEBUG org.asynchttpclient.netty.request.NettyRequestSender - Using open Channel [id: 0xea5129e1, L:/127.0.0.1:60786 - R:localhost/127.0.0.1:51659] for GET '/session/46fd43e49265f5dd8ac644e1c460e241/screenshot'
10:18:40.906 [AsyncHttpClient-1-1] DEBUG org.asynchttpclient.netty.channel.DefaultChannelPool - Entry count for : http://localhost:60787 : 1
10:18:41.095 [AsyncHttpClient-1-17] DEBUG org.asynchttpclient.netty.handler.HttpHandler - 

Request DefaultFullHttpRequest(decodeResult: success, version: HTTP/1.1, content: EmptyByteBufBE)
GET /session/46fd43e49265f5dd8ac644e1c460e241/screenshot HTTP/1.1
User-Agent: selenium/4.1.2 (java windows)
Cache-Control: no-cache
Content-Type: application/json; charset=utf-8
host: localhost:51659
accept: */*

Response DefaultHttpResponse(decodeResult: success, version: HTTP/1.1)
HTTP/1.1 200 OK
Content-Type: application/json; charset=utf-8
cache-control: no-cache
content-length: 1350672

10:18:41.098 [AsyncHttpClient-1-17] DEBUG org.asynchttpclient.netty.channel.ChannelManager - Adding key: http://localhost:51659 for channel [id: 0xea5129e1, L:/127.0.0.1:60786 - R:localhost/127.0.0.1:51659]
10:18:41.135 [main] DEBUG net.serenitybdd.core.photography.Darkroom - Send negative for processing for target\site\serenity\d7ab485946bfa860cfdd8e332f542b56d9249d4ba37bd833c15d1c7c00fb09e0.png
10:18:41.135 [main] DEBUG net.thucydides.core.steps.StepInterceptor - STEP DONE: validateAccountIsApp
10:18:41.144 [main] DEBUG net.thucydides.core.steps.StepInterceptor - STARTING STEP: LoginStepDefinitions.iAmOnLoginPage - clickIconAccount
10:18:41.144 [Forwarding findElement on session 46fd43e49265f5dd8ac644e1c460e241 to remote] DEBUG org.asynchttpclient.netty.request.NettyRequestSender - Using pooled Channel '[id: 0xea5129e1, L:/127.0.0.1:60786 - R:localhost/127.0.0.1:51659]' for 'POST' to 'http://localhost:51659/session/46fd43e49265f5dd8ac644e1c460e241/element'
10:18:41.144 [Forwarding findElement on session 46fd43e49265f5dd8ac644e1c460e241 to remote] DEBUG org.asynchttpclient.netty.request.NettyRequestSender - Using open Channel [id: 0xea5129e1, L:/127.0.0.1:60786 - R:localhost/127.0.0.1:51659] for POST '/session/46fd43e49265f5dd8ac644e1c460e241/element'
10:18:41.175 [AsyncHttpClient-1-17] DEBUG org.asynchttpclient.netty.handler.HttpHandler - 

Request DefaultHttpRequest(decodeResult: success, version: HTTP/1.1)
POST /session/46fd43e49265f5dd8ac644e1c460e241/element HTTP/1.1
User-Agent: selenium/4.1.2 (java windows)
Content-Length: 56
Content-Type: application/json; charset=utf-8
host: localhost:51659
accept: */*

Response DefaultHttpResponse(decodeResult: success, version: HTTP/1.1)
HTTP/1.1 200 OK
Content-Type: application/json; charset=utf-8
cache-control: no-cache
content-length: 88

10:18:41.175 [AsyncHttpClient-1-17] DEBUG org.asynchttpclient.netty.channel.ChannelManager - Adding key: http://localhost:51659 for channel [id: 0xea5129e1, L:/127.0.0.1:60786 - R:localhost/127.0.0.1:51659]
10:18:41.175 [Forwarding getElementTagName on session 46fd43e49265f5dd8ac644e1c460e241 to remote] DEBUG org.asynchttpclient.netty.request.NettyRequestSender - Using pooled Channel '[id: 0xea5129e1, L:/127.0.0.1:60786 - R:localhost/127.0.0.1:51659]' for 'GET' to 'http://localhost:51659/session/46fd43e49265f5dd8ac644e1c460e241/element/71619d76-c28f-417e-b19a-b6c954a8d5f4/name'
10:18:41.175 [Forwarding getElementTagName on session 46fd43e49265f5dd8ac644e1c460e241 to remote] DEBUG org.asynchttpclient.netty.request.NettyRequestSender - Using open Channel [id: 0xea5129e1, L:/127.0.0.1:60786 - R:localhost/127.0.0.1:51659] for GET '/session/46fd43e49265f5dd8ac644e1c460e241/element/71619d76-c28f-417e-b19a-b6c954a8d5f4/name'
10:18:41.175 [AsyncHttpClient-1-17] DEBUG org.asynchttpclient.netty.handler.HttpHandler - 

Request DefaultFullHttpRequest(decodeResult: success, version: HTTP/1.1, content: EmptyByteBufBE)
GET /session/46fd43e49265f5dd8ac644e1c460e241/element/71619d76-c28f-417e-b19a-b6c954a8d5f4/name HTTP/1.1
User-Agent: selenium/4.1.2 (java windows)
Cache-Control: no-cache
Content-Type: application/json; charset=utf-8
host: localhost:51659
accept: */*

Response DefaultHttpResponse(decodeResult: success, version: HTTP/1.1)
HTTP/1.1 200 OK
Content-Type: application/json; charset=utf-8
cache-control: no-cache
content-length: 13

10:18:41.175 [AsyncHttpClient-1-17] DEBUG org.asynchttpclient.netty.channel.ChannelManager - Adding key: http://localhost:51659 for channel [id: 0xea5129e1, L:/127.0.0.1:60786 - R:localhost/127.0.0.1:51659]
10:18:41.175 [Forwarding getElementTagName on session 46fd43e49265f5dd8ac644e1c460e241 to remote] DEBUG org.asynchttpclient.netty.request.NettyRequestSender - Using pooled Channel '[id: 0xea5129e1, L:/127.0.0.1:60786 - R:localhost/127.0.0.1:51659]' for 'GET' to 'http://localhost:51659/session/46fd43e49265f5dd8ac644e1c460e241/element/71619d76-c28f-417e-b19a-b6c954a8d5f4/name'
10:18:41.175 [Forwarding getElementTagName on session 46fd43e49265f5dd8ac644e1c460e241 to remote] DEBUG org.asynchttpclient.netty.request.NettyRequestSender - Using open Channel [id: 0xea5129e1, L:/127.0.0.1:60786 - R:localhost/127.0.0.1:51659] for GET '/session/46fd43e49265f5dd8ac644e1c460e241/element/71619d76-c28f-417e-b19a-b6c954a8d5f4/name'
10:18:41.175 [AsyncHttpClient-1-17] DEBUG org.asynchttpclient.netty.handler.HttpHandler - 

Request DefaultFullHttpRequest(decodeResult: success, version: HTTP/1.1, content: EmptyByteBufBE)
GET /session/46fd43e49265f5dd8ac644e1c460e241/element/71619d76-c28f-417e-b19a-b6c954a8d5f4/name HTTP/1.1
User-Agent: selenium/4.1.2 (java windows)
Cache-Control: no-cache
Content-Type: application/json; charset=utf-8
host: localhost:51659
accept: */*

Response DefaultHttpResponse(decodeResult: success, version: HTTP/1.1)
HTTP/1.1 200 OK
Content-Type: application/json; charset=utf-8
cache-control: no-cache
content-length: 13

10:18:41.175 [AsyncHttpClient-1-17] DEBUG org.asynchttpclient.netty.channel.ChannelManager - Adding key: http://localhost:51659 for channel [id: 0xea5129e1, L:/127.0.0.1:60786 - R:localhost/127.0.0.1:51659]
10:18:41.190 [Forwarding findElement on session 46fd43e49265f5dd8ac644e1c460e241 to remote] DEBUG org.asynchttpclient.netty.request.NettyRequestSender - Using pooled Channel '[id: 0xea5129e1, L:/127.0.0.1:60786 - R:localhost/127.0.0.1:51659]' for 'POST' to 'http://localhost:51659/session/46fd43e49265f5dd8ac644e1c460e241/element'
10:18:41.190 [Forwarding findElement on session 46fd43e49265f5dd8ac644e1c460e241 to remote] DEBUG org.asynchttpclient.netty.request.NettyRequestSender - Using open Channel [id: 0xea5129e1, L:/127.0.0.1:60786 - R:localhost/127.0.0.1:51659] for POST '/session/46fd43e49265f5dd8ac644e1c460e241/element'
10:18:41.190 [AsyncHttpClient-1-17] DEBUG org.asynchttpclient.netty.handler.HttpHandler - 

Request DefaultHttpRequest(decodeResult: success, version: HTTP/1.1)
POST /session/46fd43e49265f5dd8ac644e1c460e241/element HTTP/1.1
User-Agent: selenium/4.1.2 (java windows)
Content-Length: 56
Content-Type: application/json; charset=utf-8
host: localhost:51659
accept: */*

Response DefaultHttpResponse(decodeResult: success, version: HTTP/1.1)
HTTP/1.1 200 OK
Content-Type: application/json; charset=utf-8
cache-control: no-cache
content-length: 88

10:18:41.190 [AsyncHttpClient-1-17] DEBUG org.asynchttpclient.netty.channel.ChannelManager - Adding key: http://localhost:51659 for channel [id: 0xea5129e1, L:/127.0.0.1:60786 - R:localhost/127.0.0.1:51659]
10:18:41.190 [Forwarding clickElement on session 46fd43e49265f5dd8ac644e1c460e241 to remote] DEBUG org.asynchttpclient.netty.request.NettyRequestSender - Using pooled Channel '[id: 0xea5129e1, L:/127.0.0.1:60786 - R:localhost/127.0.0.1:51659]' for 'POST' to 'http://localhost:51659/session/46fd43e49265f5dd8ac644e1c460e241/element/71619d76-c28f-417e-b19a-b6c954a8d5f4/click'
10:18:41.190 [Forwarding clickElement on session 46fd43e49265f5dd8ac644e1c460e241 to remote] DEBUG org.asynchttpclient.netty.request.NettyRequestSender - Using open Channel [id: 0xea5129e1, L:/127.0.0.1:60786 - R:localhost/127.0.0.1:51659] for POST '/session/46fd43e49265f5dd8ac644e1c460e241/element/71619d76-c28f-417e-b19a-b6c954a8d5f4/click'
10:18:41.349 [AsyncHttpClient-1-17] DEBUG org.asynchttpclient.netty.handler.HttpHandler - 

Request DefaultHttpRequest(decodeResult: success, version: HTTP/1.1)
POST /session/46fd43e49265f5dd8ac644e1c460e241/element/71619d76-c28f-417e-b19a-b6c954a8d5f4/click HTTP/1.1
User-Agent: selenium/4.1.2 (java windows)
Content-Length: 50
Content-Type: application/json; charset=utf-8
host: localhost:51659
accept: */*

Response DefaultHttpResponse(decodeResult: success, version: HTTP/1.1)
HTTP/1.1 200 OK
Content-Type: application/json; charset=utf-8
cache-control: no-cache
content-length: 14

10:18:41.349 [AsyncHttpClient-1-17] DEBUG org.asynchttpclient.netty.channel.ChannelManager - Adding key: http://localhost:51659 for channel [id: 0xea5129e1, L:/127.0.0.1:60786 - R:localhost/127.0.0.1:51659]
10:18:41.356 [Forwarding screenshot on session 46fd43e49265f5dd8ac644e1c460e241 to remote] DEBUG org.asynchttpclient.netty.request.NettyRequestSender - Using pooled Channel '[id: 0xea5129e1, L:/127.0.0.1:60786 - R:localhost/127.0.0.1:51659]' for 'GET' to 'http://localhost:51659/session/46fd43e49265f5dd8ac644e1c460e241/screenshot'
10:18:41.356 [Forwarding screenshot on session 46fd43e49265f5dd8ac644e1c460e241 to remote] DEBUG org.asynchttpclient.netty.request.NettyRequestSender - Using open Channel [id: 0xea5129e1, L:/127.0.0.1:60786 - R:localhost/127.0.0.1:51659] for GET '/session/46fd43e49265f5dd8ac644e1c460e241/screenshot'
10:18:41.984 [AsyncHttpClient-1-17] DEBUG org.asynchttpclient.netty.handler.HttpHandler - 

Request DefaultFullHttpRequest(decodeResult: success, version: HTTP/1.1, content: EmptyByteBufBE)
GET /session/46fd43e49265f5dd8ac644e1c460e241/screenshot HTTP/1.1
User-Agent: selenium/4.1.2 (java windows)
Cache-Control: no-cache
Content-Type: application/json; charset=utf-8
host: localhost:51659
accept: */*

Response DefaultHttpResponse(decodeResult: success, version: HTTP/1.1)
HTTP/1.1 200 OK
Content-Type: application/json; charset=utf-8
cache-control: no-cache
content-length: 1006364

10:18:41.986 [AsyncHttpClient-1-17] DEBUG org.asynchttpclient.netty.channel.ChannelManager - Adding key: http://localhost:51659 for channel [id: 0xea5129e1, L:/127.0.0.1:60786 - R:localhost/127.0.0.1:51659]
10:18:42.005 [AsyncHttpClient-1-1] DEBUG org.asynchttpclient.netty.channel.DefaultChannelPool - Entry count for : http://localhost:51659 : 1
10:18:42.005 [AsyncHttpClient-1-1] DEBUG org.asynchttpclient.netty.channel.DefaultChannelPool - Entry count for : http://localhost:60787 : 1
10:18:42.011 [main] DEBUG net.serenitybdd.core.photography.Darkroom - Send negative for processing for target\site\serenity\2ddaf9f7208406719480f0cac501f2e02c3d984bb4a8c2941dd1d0e752d80102.png
10:18:42.012 [main] DEBUG net.thucydides.core.steps.StepInterceptor - STEP DONE: clickIconAccount
10:18:42.012 [Darkroom Processing Line] DEBUG net.serenitybdd.core.photography.DarkroomProcessingLine - Processing screenshot image in /var/screenshots/screenshot-11675840796874455317
10:18:42.012 [Darkroom Processing Line] DEBUG net.serenitybdd.core.photography.DarkroomProcessingLine - Saving screenshot to target\site\serenity\2ddaf9f7208406719480f0cac501f2e02c3d984bb4a8c2941dd1d0e752d80102.png
10:18:42.021 [main] DEBUG net.thucydides.core.steps.StepInterceptor - STARTING STEP: LoginStepDefinitions.iAmOnLoginPage - validateLoginFormIsApp
10:18:42.023 [Forwarding findElement on session 46fd43e49265f5dd8ac644e1c460e241 to remote] DEBUG org.asynchttpclient.netty.request.NettyRequestSender - Using pooled Channel '[id: 0xea5129e1, L:/127.0.0.1:60786 - R:localhost/127.0.0.1:51659]' for 'POST' to 'http://localhost:51659/session/46fd43e49265f5dd8ac644e1c460e241/element'
10:18:42.023 [Forwarding findElement on session 46fd43e49265f5dd8ac644e1c460e241 to remote] DEBUG org.asynchttpclient.netty.request.NettyRequestSender - Using open Channel [id: 0xea5129e1, L:/127.0.0.1:60786 - R:localhost/127.0.0.1:51659] for POST '/session/46fd43e49265f5dd8ac644e1c460e241/element'
10:18:42.045 [AsyncHttpClient-1-17] DEBUG org.asynchttpclient.netty.handler.HttpHandler - 

Request DefaultHttpRequest(decodeResult: success, version: HTTP/1.1)
POST /session/46fd43e49265f5dd8ac644e1c460e241/element HTTP/1.1
User-Agent: selenium/4.1.2 (java windows)
Content-Length: 103
Content-Type: application/json; charset=utf-8
host: localhost:51659
accept: */*

Response DefaultHttpResponse(decodeResult: success, version: HTTP/1.1)
HTTP/1.1 200 OK
Content-Type: application/json; charset=utf-8
cache-control: no-cache
content-length: 88

10:18:42.045 [AsyncHttpClient-1-17] DEBUG org.asynchttpclient.netty.channel.ChannelManager - Adding key: http://localhost:51659 for channel [id: 0xea5129e1, L:/127.0.0.1:60786 - R:localhost/127.0.0.1:51659]
10:18:42.050 [Forwarding isElementDisplayed on session 46fd43e49265f5dd8ac644e1c460e241 to remote] DEBUG org.asynchttpclient.netty.request.NettyRequestSender - Using pooled Channel '[id: 0xea5129e1, L:/127.0.0.1:60786 - R:localhost/127.0.0.1:51659]' for 'POST' to 'http://localhost:51659/session/46fd43e49265f5dd8ac644e1c460e241/execute/sync'
10:18:42.050 [Forwarding isElementDisplayed on session 46fd43e49265f5dd8ac644e1c460e241 to remote] DEBUG org.asynchttpclient.netty.request.NettyRequestSender - Using open Channel [id: 0xea5129e1, L:/127.0.0.1:60786 - R:localhost/127.0.0.1:51659] for POST '/session/46fd43e49265f5dd8ac644e1c460e241/execute/sync'
10:18:42.068 [AsyncHttpClient-1-17] DEBUG org.asynchttpclient.netty.handler.HttpHandler - 

Request DefaultHttpRequest(decodeResult: success, version: HTTP/1.1)
POST /session/46fd43e49265f5dd8ac644e1c460e241/execute/sync HTTP/1.1
User-Agent: selenium/4.1.2 (java windows)
Content-Length: 48780
Content-Type: application/json; charset=utf-8
host: localhost:51659
accept: */*

Response DefaultHttpResponse(decodeResult: success, version: HTTP/1.1)
HTTP/1.1 200 OK
Content-Type: application/json; charset=utf-8
cache-control: no-cache
content-length: 14

10:18:42.068 [AsyncHttpClient-1-17] DEBUG org.asynchttpclient.netty.channel.ChannelManager - Adding key: http://localhost:51659 for channel [id: 0xea5129e1, L:/127.0.0.1:60786 - R:localhost/127.0.0.1:51659]
10:18:42.072 [Forwarding screenshot on session 46fd43e49265f5dd8ac644e1c460e241 to remote] DEBUG org.asynchttpclient.netty.request.NettyRequestSender - Using pooled Channel '[id: 0xea5129e1, L:/127.0.0.1:60786 - R:localhost/127.0.0.1:51659]' for 'GET' to 'http://localhost:51659/session/46fd43e49265f5dd8ac644e1c460e241/screenshot'
10:18:42.073 [Forwarding screenshot on session 46fd43e49265f5dd8ac644e1c460e241 to remote] DEBUG org.asynchttpclient.netty.request.NettyRequestSender - Using open Channel [id: 0xea5129e1, L:/127.0.0.1:60786 - R:localhost/127.0.0.1:51659] for GET '/session/46fd43e49265f5dd8ac644e1c460e241/screenshot'
10:18:42.373 [AsyncHttpClient-1-17] DEBUG org.asynchttpclient.netty.handler.HttpHandler - 

Request DefaultFullHttpRequest(decodeResult: success, version: HTTP/1.1, content: EmptyByteBufBE)
GET /session/46fd43e49265f5dd8ac644e1c460e241/screenshot HTTP/1.1
User-Agent: selenium/4.1.2 (java windows)
Cache-Control: no-cache
Content-Type: application/json; charset=utf-8
host: localhost:51659
accept: */*

Response DefaultHttpResponse(decodeResult: success, version: HTTP/1.1)
HTTP/1.1 200 OK
Content-Type: application/json; charset=utf-8
cache-control: no-cache
content-length: 507016

10:18:42.373 [AsyncHttpClient-1-17] DEBUG org.asynchttpclient.netty.channel.ChannelManager - Adding key: http://localhost:51659 for channel [id: 0xea5129e1, L:/127.0.0.1:60786 - R:localhost/127.0.0.1:51659]
10:18:42.385 [main] DEBUG net.serenitybdd.core.photography.Darkroom - Send negative for processing for target\site\serenity\6c635a42590d0db64baa9235a711e3009ccc31f2418a7247fe073f3f7ce961a0.png
10:18:42.385 [main] DEBUG net.thucydides.core.steps.StepInterceptor - STEP DONE: validateLoginFormIsApp
  &amp#27;[32mGiven &amp#27;[0m&amp#27;[32mi am on login page&amp#27;[0m                      &amp#27;[90m# starter.stepdefinitions.LoginStepDefinitions.iAmOnLoginPage()&amp#27;[0m
10:18:42.385 [Darkroom Processing Line] DEBUG net.serenitybdd.core.photography.DarkroomProcessingLine - Processing screenshot image in /var/screenshots/screenshot-7678512114435862877
10:18:42.385 [Darkroom Processing Line] DEBUG net.serenitybdd.core.photography.DarkroomProcessingLine - Saving screenshot to target\site\serenity\6c635a42590d0db64baa9235a711e3009ccc31f2418a7247fe073f3f7ce961a0.png
10:18:42.398 [main] DEBUG net.thucydides.core.steps.StepInterceptor - STARTING STEP: LoginStepDefinitions.iInputUsername - inputUsername
10:18:42.400 [Forwarding findElement on session 46fd43e49265f5dd8ac644e1c460e241 to remote] DEBUG org.asynchttpclient.netty.request.NettyRequestSender - Using pooled Channel '[id: 0xea5129e1, L:/127.0.0.1:60786 - R:localhost/127.0.0.1:51659]' for 'POST' to 'http://localhost:51659/session/46fd43e49265f5dd8ac644e1c460e241/element'
10:18:42.400 [Forwarding findElement on session 46fd43e49265f5dd8ac644e1c460e241 to remote] DEBUG org.asynchttpclient.netty.request.NettyRequestSender - Using open Channel [id: 0xea5129e1, L:/127.0.0.1:60786 - R:localhost/127.0.0.1:51659] for POST '/session/46fd43e49265f5dd8ac644e1c460e241/element'
10:18:42.411 [AsyncHttpClient-1-17] DEBUG org.asynchttpclient.netty.handler.HttpHandler - 

Request DefaultHttpRequest(decodeResult: success, version: HTTP/1.1)
POST /session/46fd43e49265f5dd8ac644e1c460e241/element HTTP/1.1
User-Agent: selenium/4.1.2 (java windows)
Content-Length: 53
Content-Type: application/json; charset=utf-8
host: localhost:51659
accept: */*

Response DefaultHttpResponse(decodeResult: success, version: HTTP/1.1)
HTTP/1.1 200 OK
Content-Type: application/json; charset=utf-8
cache-control: no-cache
content-length: 88

10:18:42.411 [AsyncHttpClient-1-17] DEBUG org.asynchttpclient.netty.channel.ChannelManager - Adding key: http://localhost:51659 for channel [id: 0xea5129e1, L:/127.0.0.1:60786 - R:localhost/127.0.0.1:51659]
10:18:42.413 [Forwarding clearElement on session 46fd43e49265f5dd8ac644e1c460e241 to remote] DEBUG org.asynchttpclient.netty.request.NettyRequestSender - Using pooled Channel '[id: 0xea5129e1, L:/127.0.0.1:60786 - R:localhost/127.0.0.1:51659]' for 'POST' to 'http://localhost:51659/session/46fd43e49265f5dd8ac644e1c460e241/element/a4b6422b-2088-4dae-8b33-b56a6dc4d483/clear'
10:18:42.413 [Forwarding clearElement on session 46fd43e49265f5dd8ac644e1c460e241 to remote] DEBUG org.asynchttpclient.netty.request.NettyRequestSender - Using open Channel [id: 0xea5129e1, L:/127.0.0.1:60786 - R:localhost/127.0.0.1:51659] for POST '/session/46fd43e49265f5dd8ac644e1c460e241/element/a4b6422b-2088-4dae-8b33-b56a6dc4d483/clear'
10:18:42.445 [AsyncHttpClient-1-17] DEBUG org.asynchttpclient.netty.handler.HttpHandler - 

Request DefaultHttpRequest(decodeResult: success, version: HTTP/1.1)
POST /session/46fd43e49265f5dd8ac644e1c460e241/element/a4b6422b-2088-4dae-8b33-b56a6dc4d483/clear HTTP/1.1
User-Agent: selenium/4.1.2 (java windows)
Content-Length: 50
Content-Type: application/json; charset=utf-8
host: localhost:51659
accept: */*

Response DefaultHttpResponse(decodeResult: success, version: HTTP/1.1)
HTTP/1.1 200 OK
Content-Type: application/json; charset=utf-8
cache-control: no-cache
content-length: 14

10:18:42.445 [AsyncHttpClient-1-17] DEBUG org.asynchttpclient.netty.channel.ChannelManager - Adding key: http://localhost:51659 for channel [id: 0xea5129e1, L:/127.0.0.1:60786 - R:localhost/127.0.0.1:51659]
10:18:42.447 [Forwarding sendKeysToElement on session 46fd43e49265f5dd8ac644e1c460e241 to remote] DEBUG org.asynchttpclient.netty.request.NettyRequestSender - Using pooled Channel '[id: 0xea5129e1, L:/127.0.0.1:60786 - R:localhost/127.0.0.1:51659]' for 'POST' to 'http://localhost:51659/session/46fd43e49265f5dd8ac644e1c460e241/element/a4b6422b-2088-4dae-8b33-b56a6dc4d483/value'
10:18:42.447 [Forwarding sendKeysToElement on session 46fd43e49265f5dd8ac644e1c460e241 to remote] DEBUG org.asynchttpclient.netty.request.NettyRequestSender - Using open Channel [id: 0xea5129e1, L:/127.0.0.1:60786 - R:localhost/127.0.0.1:51659] for POST '/session/46fd43e49265f5dd8ac644e1c460e241/element/a4b6422b-2088-4dae-8b33-b56a6dc4d483/value'
10:18:42.623 [AsyncHttpClient-1-17] DEBUG org.asynchttpclient.netty.handler.HttpHandler - 

Request DefaultHttpRequest(decodeResult: success, version: HTTP/1.1)
POST /session/46fd43e49265f5dd8ac644e1c460e241/element/a4b6422b-2088-4dae-8b33-b56a6dc4d483/value HTTP/1.1
User-Agent: selenium/4.1.2 (java windows)
Content-Length: 291
Content-Type: application/json; charset=utf-8
host: localhost:51659
accept: */*

Response DefaultHttpResponse(decodeResult: success, version: HTTP/1.1)
HTTP/1.1 200 OK
Content-Type: application/json; charset=utf-8
cache-control: no-cache
content-length: 14

10:18:42.623 [AsyncHttpClient-1-17] DEBUG org.asynchttpclient.netty.channel.ChannelManager - Adding key: http://localhost:51659 for channel [id: 0xea5129e1, L:/127.0.0.1:60786 - R:localhost/127.0.0.1:51659]
10:18:42.630 [Forwarding screenshot on session 46fd43e49265f5dd8ac644e1c460e241 to remote] DEBUG org.asynchttpclient.netty.request.NettyRequestSender - Using pooled Channel '[id: 0xea5129e1, L:/127.0.0.1:60786 - R:localhost/127.0.0.1:51659]' for 'GET' to 'http://localhost:51659/session/46fd43e49265f5dd8ac644e1c460e241/screenshot'
10:18:42.630 [Forwarding screenshot on session 46fd43e49265f5dd8ac644e1c460e241 to remote] DEBUG org.asynchttpclient.netty.request.NettyRequestSender - Using open Channel [id: 0xea5129e1, L:/127.0.0.1:60786 - R:localhost/127.0.0.1:51659] for GET '/session/46fd43e49265f5dd8ac644e1c460e241/screenshot'
10:18:43.055 [AsyncHttpClient-1-17] DEBUG org.asynchttpclient.netty.handler.HttpHandler - 

Request DefaultFullHttpRequest(decodeResult: success, version: HTTP/1.1, content: EmptyByteBufBE)
GET /session/46fd43e49265f5dd8ac644e1c460e241/screenshot HTTP/1.1
User-Agent: selenium/4.1.2 (java windows)
Cache-Control: no-cache
Content-Type: application/json; charset=utf-8
host: localhost:51659
accept: */*

Response DefaultHttpResponse(decodeResult: success, version: HTTP/1.1)
HTTP/1.1 200 OK
Content-Type: application/json; charset=utf-8
cache-control: no-cache
content-length: 517108

10:18:43.056 [AsyncHttpClient-1-17] DEBUG org.asynchttpclient.netty.channel.ChannelManager - Adding key: http://localhost:51659 for channel [id: 0xea5129e1, L:/127.0.0.1:60786 - R:localhost/127.0.0.1:51659]
10:18:43.066 [main] DEBUG net.serenitybdd.core.photography.Darkroom - Send negative for processing for target\site\serenity\0b583201d65e48bc542fd35b68e4aa09e15a6c7fb26a8a40a81bff4640b84c9d.png
10:18:43.066 [main] DEBUG net.thucydides.core.steps.StepInterceptor - STEP DONE: inputUsername
  &amp#27;[32mWhen &amp#27;[0m&amp#27;[32mi input &amp#27;[0m&amp#27;[32m&amp#27;[1m"dummyforta2@gmail.com"&amp#27;[0m&amp#27;[32m username&amp#27;[0m &amp#27;[90m# starter.stepdefinitions.LoginStepDefinitions.iInputUsername(java.lang.String)&amp#27;[0m
10:18:43.066 [Darkroom Processing Line] DEBUG net.serenitybdd.core.photography.DarkroomProcessingLine - Processing screenshot image in /var/screenshots/screenshot-14898931544180577450
10:18:43.066 [Darkroom Processing Line] DEBUG net.serenitybdd.core.photography.DarkroomProcessingLine - Saving screenshot to target\site\serenity\0b583201d65e48bc542fd35b68e4aa09e15a6c7fb26a8a40a81bff4640b84c9d.png
10:18:43.080 [main] DEBUG net.thucydides.core.steps.StepInterceptor - STARTING STEP: LoginStepDefinitions.iInputPassword - inputPassword
10:18:43.083 [Forwarding findElement on session 46fd43e49265f5dd8ac644e1c460e241 to remote] DEBUG org.asynchttpclient.netty.request.NettyRequestSender - Using pooled Channel '[id: 0xea5129e1, L:/127.0.0.1:60786 - R:localhost/127.0.0.1:51659]' for 'POST' to 'http://localhost:51659/session/46fd43e49265f5dd8ac644e1c460e241/element'
10:18:43.083 [Forwarding findElement on session 46fd43e49265f5dd8ac644e1c460e241 to remote] DEBUG org.asynchttpclient.netty.request.NettyRequestSender - Using open Channel [id: 0xea5129e1, L:/127.0.0.1:60786 - R:localhost/127.0.0.1:51659] for POST '/session/46fd43e49265f5dd8ac644e1c460e241/element'
10:18:43.095 [AsyncHttpClient-1-17] DEBUG org.asynchttpclient.netty.handler.HttpHandler - 

Request DefaultHttpRequest(decodeResult: success, version: HTTP/1.1)
POST /session/46fd43e49265f5dd8ac644e1c460e241/element HTTP/1.1
User-Agent: selenium/4.1.2 (java windows)
Content-Length: 53
Content-Type: application/json; charset=utf-8
host: localhost:51659
accept: */*

Response DefaultHttpResponse(decodeResult: success, version: HTTP/1.1)
HTTP/1.1 200 OK
Content-Type: application/json; charset=utf-8
cache-control: no-cache
content-length: 88

10:18:43.095 [AsyncHttpClient-1-17] DEBUG org.asynchttpclient.netty.channel.ChannelManager - Adding key: http://localhost:51659 for channel [id: 0xea5129e1, L:/127.0.0.1:60786 - R:localhost/127.0.0.1:51659]
10:18:43.096 [Forwarding clearElement on session 46fd43e49265f5dd8ac644e1c460e241 to remote] DEBUG org.asynchttpclient.netty.request.NettyRequestSender - Using pooled Channel '[id: 0xea5129e1, L:/127.0.0.1:60786 - R:localhost/127.0.0.1:51659]' for 'POST' to 'http://localhost:51659/session/46fd43e49265f5dd8ac644e1c460e241/element/d75e188f-5c9a-4503-90b5-6bbeb321d906/clear'
10:18:43.096 [Forwarding clearElement on session 46fd43e49265f5dd8ac644e1c460e241 to remote] DEBUG org.asynchttpclient.netty.request.NettyRequestSender - Using open Channel [id: 0xea5129e1, L:/127.0.0.1:60786 - R:localhost/127.0.0.1:51659] for POST '/session/46fd43e49265f5dd8ac644e1c460e241/element/d75e188f-5c9a-4503-90b5-6bbeb321d906/clear'
10:18:43.106 [AsyncHttpClient-1-1] DEBUG org.asynchttpclient.netty.channel.DefaultChannelPool - Entry count for : http://localhost:60787 : 1
10:18:43.138 [AsyncHttpClient-1-17] DEBUG org.asynchttpclient.netty.handler.HttpHandler - 

Request DefaultHttpRequest(decodeResult: success, version: HTTP/1.1)
POST /session/46fd43e49265f5dd8ac644e1c460e241/element/d75e188f-5c9a-4503-90b5-6bbeb321d906/clear HTTP/1.1
User-Agent: selenium/4.1.2 (java windows)
Content-Length: 50
Content-Type: application/json; charset=utf-8
host: localhost:51659
accept: */*

Response DefaultHttpResponse(decodeResult: success, version: HTTP/1.1)
HTTP/1.1 200 OK
Content-Type: application/json; charset=utf-8
cache-control: no-cache
content-length: 14

10:18:43.138 [AsyncHttpClient-1-17] DEBUG org.asynchttpclient.netty.channel.ChannelManager - Adding key: http://localhost:51659 for channel [id: 0xea5129e1, L:/127.0.0.1:60786 - R:localhost/127.0.0.1:51659]
10:18:43.140 [Forwarding sendKeysToElement on session 46fd43e49265f5dd8ac644e1c460e241 to remote] DEBUG org.asynchttpclient.netty.request.NettyRequestSender - Using pooled Channel '[id: 0xea5129e1, L:/127.0.0.1:60786 - R:localhost/127.0.0.1:51659]' for 'POST' to 'http://localhost:51659/session/46fd43e49265f5dd8ac644e1c460e241/element/d75e188f-5c9a-4503-90b5-6bbeb321d906/value'
10:18:43.140 [Forwarding sendKeysToElement on session 46fd43e49265f5dd8ac644e1c460e241 to remote] DEBUG org.asynchttpclient.netty.request.NettyRequestSender - Using open Channel [id: 0xea5129e1, L:/127.0.0.1:60786 - R:localhost/127.0.0.1:51659] for POST '/session/46fd43e49265f5dd8ac644e1c460e241/element/d75e188f-5c9a-4503-90b5-6bbeb321d906/value'
10:18:43.207 [AsyncHttpClient-1-17] DEBUG org.asynchttpclient.netty.handler.HttpHandler - 

Request DefaultHttpRequest(decodeResult: success, version: HTTP/1.1)
POST /session/46fd43e49265f5dd8ac644e1c460e241/element/d75e188f-5c9a-4503-90b5-6bbeb321d906/value HTTP/1.1
User-Agent: selenium/4.1.2 (java windows)
Content-Length: 211
Content-Type: application/json; charset=utf-8
host: localhost:51659
accept: */*

Response DefaultHttpResponse(decodeResult: success, version: HTTP/1.1)
HTTP/1.1 200 OK
Content-Type: application/json; charset=utf-8
cache-control: no-cache
content-length: 14

10:18:43.207 [AsyncHttpClient-1-17] DEBUG org.asynchttpclient.netty.channel.ChannelManager - Adding key: http://localhost:51659 for channel [id: 0xea5129e1, L:/127.0.0.1:60786 - R:localhost/127.0.0.1:51659]
10:18:43.214 [Forwarding screenshot on session 46fd43e49265f5dd8ac644e1c460e241 to remote] DEBUG org.asynchttpclient.netty.request.NettyRequestSender - Using pooled Channel '[id: 0xea5129e1, L:/127.0.0.1:60786 - R:localhost/127.0.0.1:51659]' for 'GET' to 'http://localhost:51659/session/46fd43e49265f5dd8ac644e1c460e241/screenshot'
10:18:43.215 [Forwarding screenshot on session 46fd43e49265f5dd8ac644e1c460e241 to remote] DEBUG org.asynchttpclient.netty.request.NettyRequestSender - Using open Channel [id: 0xea5129e1, L:/127.0.0.1:60786 - R:localhost/127.0.0.1:51659] for GET '/session/46fd43e49265f5dd8ac644e1c460e241/screenshot'
10:18:43.475 [AsyncHttpClient-1-17] DEBUG org.asynchttpclient.netty.handler.HttpHandler - 

Request DefaultFullHttpRequest(decodeResult: success, version: HTTP/1.1, content: EmptyByteBufBE)
GET /session/46fd43e49265f5dd8ac644e1c460e241/screenshot HTTP/1.1
User-Agent: selenium/4.1.2 (java windows)
Cache-Control: no-cache
Content-Type: application/json; charset=utf-8
host: localhost:51659
accept: */*

Response DefaultHttpResponse(decodeResult: success, version: HTTP/1.1)
HTTP/1.1 200 OK
Content-Type: application/json; charset=utf-8
cache-control: no-cache
content-length: 445644

10:18:43.475 [AsyncHttpClient-1-17] DEBUG org.asynchttpclient.netty.channel.ChannelManager - Adding key: http://localhost:51659 for channel [id: 0xea5129e1, L:/127.0.0.1:60786 - R:localhost/127.0.0.1:51659]
10:18:43.485 [main] DEBUG net.serenitybdd.core.photography.Darkroom - Send negative for processing for target\site\serenity\31e48b4a02b922ea20580e1962e3048a016465779b42a5b3e2820cec9866410d.png
10:18:43.485 [main] DEBUG net.thucydides.core.steps.StepInterceptor - STEP DONE: inputPassword
10:18:43.485 [Darkroom Processing Line] DEBUG net.serenitybdd.core.photography.DarkroomProcessingLine - Processing screenshot image in /var/screenshots/screenshot-3996267977195251018
  &amp#27;[32mAnd &amp#27;[0m&amp#27;[32mi input &amp#27;[0m&amp#27;[32m&amp#27;[1m"realgladz1511"&amp#27;[0m&amp#27;[32m password&amp#27;[0m          &amp#27;[90m# starter.stepdefinitions.LoginStepDefinitions.iInputPassword(java.lang.String)&amp#27;[0m
10:18:43.485 [Darkroom Processing Line] DEBUG net.serenitybdd.core.photography.DarkroomProcessingLine - Saving screenshot to target\site\serenity\31e48b4a02b922ea20580e1962e3048a016465779b42a5b3e2820cec9866410d.png
10:18:43.499 [main] DEBUG net.thucydides.core.steps.StepInterceptor - STARTING STEP: LoginStepDefinitions.clickLoginButton - clickLoginButton
10:18:43.502 [Forwarding findElement on session 46fd43e49265f5dd8ac644e1c460e241 to remote] DEBUG org.asynchttpclient.netty.request.NettyRequestSender - Using pooled Channel '[id: 0xea5129e1, L:/127.0.0.1:60786 - R:localhost/127.0.0.1:51659]' for 'POST' to 'http://localhost:51659/session/46fd43e49265f5dd8ac644e1c460e241/element'
10:18:43.502 [Forwarding findElement on session 46fd43e49265f5dd8ac644e1c460e241 to remote] DEBUG org.asynchttpclient.netty.request.NettyRequestSender - Using open Channel [id: 0xea5129e1, L:/127.0.0.1:60786 - R:localhost/127.0.0.1:51659] for POST '/session/46fd43e49265f5dd8ac644e1c460e241/element'
10:18:43.510 [AsyncHttpClient-1-17] DEBUG org.asynchttpclient.netty.handler.HttpHandler - 

Request DefaultHttpRequest(decodeResult: success, version: HTTP/1.1)
POST /session/46fd43e49265f5dd8ac644e1c460e241/element HTTP/1.1
User-Agent: selenium/4.1.2 (java windows)
Content-Length: 59
Content-Type: application/json; charset=utf-8
host: localhost:51659
accept: */*

Response DefaultHttpResponse(decodeResult: success, version: HTTP/1.1)
HTTP/1.1 200 OK
Content-Type: application/json; charset=utf-8
cache-control: no-cache
content-length: 88

10:18:43.510 [AsyncHttpClient-1-17] DEBUG org.asynchttpclient.netty.channel.ChannelManager - Adding key: http://localhost:51659 for channel [id: 0xea5129e1, L:/127.0.0.1:60786 - R:localhost/127.0.0.1:51659]
10:18:43.513 [Forwarding getElementTagName on session 46fd43e49265f5dd8ac644e1c460e241 to remote] DEBUG org.asynchttpclient.netty.request.NettyRequestSender - Using pooled Channel '[id: 0xea5129e1, L:/127.0.0.1:60786 - R:localhost/127.0.0.1:51659]' for 'GET' to 'http://localhost:51659/session/46fd43e49265f5dd8ac644e1c460e241/element/438368ba-8b8c-4f55-b0cf-ffc8b79f1cde/name'
10:18:43.513 [Forwarding getElementTagName on session 46fd43e49265f5dd8ac644e1c460e241 to remote] DEBUG org.asynchttpclient.netty.request.NettyRequestSender - Using open Channel [id: 0xea5129e1, L:/127.0.0.1:60786 - R:localhost/127.0.0.1:51659] for GET '/session/46fd43e49265f5dd8ac644e1c460e241/element/438368ba-8b8c-4f55-b0cf-ffc8b79f1cde/name'
10:18:43.516 [AsyncHttpClient-1-17] DEBUG org.asynchttpclient.netty.handler.HttpHandler - 

Request DefaultFullHttpRequest(decodeResult: success, version: HTTP/1.1, content: EmptyByteBufBE)
GET /session/46fd43e49265f5dd8ac644e1c460e241/element/438368ba-8b8c-4f55-b0cf-ffc8b79f1cde/name HTTP/1.1
User-Agent: selenium/4.1.2 (java windows)
Cache-Control: no-cache
Content-Type: application/json; charset=utf-8
host: localhost:51659
accept: */*

Response DefaultHttpResponse(decodeResult: success, version: HTTP/1.1)
HTTP/1.1 200 OK
Content-Type: application/json; charset=utf-8
cache-control: no-cache
content-length: 18

10:18:43.516 [AsyncHttpClient-1-17] DEBUG org.asynchttpclient.netty.channel.ChannelManager - Adding key: http://localhost:51659 for channel [id: 0xea5129e1, L:/127.0.0.1:60786 - R:localhost/127.0.0.1:51659]
10:18:43.519 [Forwarding getElementTagName on session 46fd43e49265f5dd8ac644e1c460e241 to remote] DEBUG org.asynchttpclient.netty.request.NettyRequestSender - Using pooled Channel '[id: 0xea5129e1, L:/127.0.0.1:60786 - R:localhost/127.0.0.1:51659]' for 'GET' to 'http://localhost:51659/session/46fd43e49265f5dd8ac644e1c460e241/element/438368ba-8b8c-4f55-b0cf-ffc8b79f1cde/name'
10:18:43.519 [Forwarding getElementTagName on session 46fd43e49265f5dd8ac644e1c460e241 to remote] DEBUG org.asynchttpclient.netty.request.NettyRequestSender - Using open Channel [id: 0xea5129e1, L:/127.0.0.1:60786 - R:localhost/127.0.0.1:51659] for GET '/session/46fd43e49265f5dd8ac644e1c460e241/element/438368ba-8b8c-4f55-b0cf-ffc8b79f1cde/name'
10:18:43.521 [AsyncHttpClient-1-17] DEBUG org.asynchttpclient.netty.handler.HttpHandler - 

Request DefaultFullHttpRequest(decodeResult: success, version: HTTP/1.1, content: EmptyByteBufBE)
GET /session/46fd43e49265f5dd8ac644e1c460e241/element/438368ba-8b8c-4f55-b0cf-ffc8b79f1cde/name HTTP/1.1
User-Agent: selenium/4.1.2 (java windows)
Cache-Control: no-cache
Content-Type: application/json; charset=utf-8
host: localhost:51659
accept: */*

Response DefaultHttpResponse(decodeResult: success, version: HTTP/1.1)
HTTP/1.1 200 OK
Content-Type: application/json; charset=utf-8
cache-control: no-cache
content-length: 18

10:18:43.521 [AsyncHttpClient-1-17] DEBUG org.asynchttpclient.netty.channel.ChannelManager - Adding key: http://localhost:51659 for channel [id: 0xea5129e1, L:/127.0.0.1:60786 - R:localhost/127.0.0.1:51659]
10:18:43.524 [Forwarding isElementEnabled on session 46fd43e49265f5dd8ac644e1c460e241 to remote] DEBUG org.asynchttpclient.netty.request.NettyRequestSender - Using pooled Channel '[id: 0xea5129e1, L:/127.0.0.1:60786 - R:localhost/127.0.0.1:51659]' for 'GET' to 'http://localhost:51659/session/46fd43e49265f5dd8ac644e1c460e241/element/438368ba-8b8c-4f55-b0cf-ffc8b79f1cde/enabled'
10:18:43.524 [Forwarding isElementEnabled on session 46fd43e49265f5dd8ac644e1c460e241 to remote] DEBUG org.asynchttpclient.netty.request.NettyRequestSender - Using open Channel [id: 0xea5129e1, L:/127.0.0.1:60786 - R:localhost/127.0.0.1:51659] for GET '/session/46fd43e49265f5dd8ac644e1c460e241/element/438368ba-8b8c-4f55-b0cf-ffc8b79f1cde/enabled'
10:18:43.530 [AsyncHttpClient-1-17] DEBUG org.asynchttpclient.netty.handler.HttpHandler - 

Request DefaultFullHttpRequest(decodeResult: success, version: HTTP/1.1, content: EmptyByteBufBE)
GET /session/46fd43e49265f5dd8ac644e1c460e241/element/438368ba-8b8c-4f55-b0cf-ffc8b79f1cde/enabled HTTP/1.1
User-Agent: selenium/4.1.2 (java windows)
Cache-Control: no-cache
Content-Type: application/json; charset=utf-8
host: localhost:51659
accept: */*

Response DefaultHttpResponse(decodeResult: success, version: HTTP/1.1)
HTTP/1.1 200 OK
Content-Type: application/json; charset=utf-8
cache-control: no-cache
content-length: 14

10:18:43.530 [AsyncHttpClient-1-17] DEBUG org.asynchttpclient.netty.channel.ChannelManager - Adding key: http://localhost:51659 for channel [id: 0xea5129e1, L:/127.0.0.1:60786 - R:localhost/127.0.0.1:51659]
10:18:43.532 [Forwarding isElementEnabled on session 46fd43e49265f5dd8ac644e1c460e241 to remote] DEBUG org.asynchttpclient.netty.request.NettyRequestSender - Using pooled Channel '[id: 0xea5129e1, L:/127.0.0.1:60786 - R:localhost/127.0.0.1:51659]' for 'GET' to 'http://localhost:51659/session/46fd43e49265f5dd8ac644e1c460e241/element/438368ba-8b8c-4f55-b0cf-ffc8b79f1cde/enabled'
10:18:43.532 [Forwarding isElementEnabled on session 46fd43e49265f5dd8ac644e1c460e241 to remote] DEBUG org.asynchttpclient.netty.request.NettyRequestSender - Using open Channel [id: 0xea5129e1, L:/127.0.0.1:60786 - R:localhost/127.0.0.1:51659] for GET '/session/46fd43e49265f5dd8ac644e1c460e241/element/438368ba-8b8c-4f55-b0cf-ffc8b79f1cde/enabled'
10:18:43.537 [AsyncHttpClient-1-17] DEBUG org.asynchttpclient.netty.handler.HttpHandler - 

Request DefaultFullHttpRequest(decodeResult: success, version: HTTP/1.1, content: EmptyByteBufBE)
GET /session/46fd43e49265f5dd8ac644e1c460e241/element/438368ba-8b8c-4f55-b0cf-ffc8b79f1cde/enabled HTTP/1.1
User-Agent: selenium/4.1.2 (java windows)
Cache-Control: no-cache
Content-Type: application/json; charset=utf-8
host: localhost:51659
accept: */*

Response DefaultHttpResponse(decodeResult: success, version: HTTP/1.1)
HTTP/1.1 200 OK
Content-Type: application/json; charset=utf-8
cache-control: no-cache
content-length: 14

10:18:43.537 [AsyncHttpClient-1-17] DEBUG org.asynchttpclient.netty.channel.ChannelManager - Adding key: http://localhost:51659 for channel [id: 0xea5129e1, L:/127.0.0.1:60786 - R:localhost/127.0.0.1:51659]
10:18:43.540 [Forwarding findElement on session 46fd43e49265f5dd8ac644e1c460e241 to remote] DEBUG org.asynchttpclient.netty.request.NettyRequestSender - Using pooled Channel '[id: 0xea5129e1, L:/127.0.0.1:60786 - R:localhost/127.0.0.1:51659]' for 'POST' to 'http://localhost:51659/session/46fd43e49265f5dd8ac644e1c460e241/element'
10:18:43.540 [Forwarding findElement on session 46fd43e49265f5dd8ac644e1c460e241 to remote] DEBUG org.asynchttpclient.netty.request.NettyRequestSender - Using open Channel [id: 0xea5129e1, L:/127.0.0.1:60786 - R:localhost/127.0.0.1:51659] for POST '/session/46fd43e49265f5dd8ac644e1c460e241/element'
10:18:43.545 [AsyncHttpClient-1-17] DEBUG org.asynchttpclient.netty.handler.HttpHandler - 

Request DefaultHttpRequest(decodeResult: success, version: HTTP/1.1)
POST /session/46fd43e49265f5dd8ac644e1c460e241/element HTTP/1.1
User-Agent: selenium/4.1.2 (java windows)
Content-Length: 59
Content-Type: application/json; charset=utf-8
host: localhost:51659
accept: */*

Response DefaultHttpResponse(decodeResult: success, version: HTTP/1.1)
HTTP/1.1 200 OK
Content-Type: application/json; charset=utf-8
cache-control: no-cache
content-length: 88

10:18:43.545 [AsyncHttpClient-1-17] DEBUG org.asynchttpclient.netty.channel.ChannelManager - Adding key: http://localhost:51659 for channel [id: 0xea5129e1, L:/127.0.0.1:60786 - R:localhost/127.0.0.1:51659]
10:18:43.547 [Forwarding clickElement on session 46fd43e49265f5dd8ac644e1c460e241 to remote] DEBUG org.asynchttpclient.netty.request.NettyRequestSender - Using pooled Channel '[id: 0xea5129e1, L:/127.0.0.1:60786 - R:localhost/127.0.0.1:51659]' for 'POST' to 'http://localhost:51659/session/46fd43e49265f5dd8ac644e1c460e241/element/438368ba-8b8c-4f55-b0cf-ffc8b79f1cde/click'
10:18:43.547 [Forwarding clickElement on session 46fd43e49265f5dd8ac644e1c460e241 to remote] DEBUG org.asynchttpclient.netty.request.NettyRequestSender - Using open Channel [id: 0xea5129e1, L:/127.0.0.1:60786 - R:localhost/127.0.0.1:51659] for POST '/session/46fd43e49265f5dd8ac644e1c460e241/element/438368ba-8b8c-4f55-b0cf-ffc8b79f1cde/click'
10:18:44.206 [AsyncHttpClient-1-1] DEBUG org.asynchttpclient.netty.channel.DefaultChannelPool - Entry count for : http://localhost:60787 : 1
10:18:45.304 [AsyncHttpClient-1-1] DEBUG org.asynchttpclient.netty.channel.DefaultChannelPool - Entry count for : http://localhost:60787 : 1
10:18:46.405 [AsyncHttpClient-1-1] DEBUG org.asynchttpclient.netty.channel.DefaultChannelPool - Entry count for : http://localhost:60787 : 1
10:18:47.506 [AsyncHttpClient-1-1] DEBUG org.asynchttpclient.netty.channel.DefaultChannelPool - Entry count for : http://localhost:60787 : 1
10:18:48.609 [AsyncHttpClient-1-1] DEBUG org.asynchttpclient.netty.channel.DefaultChannelPool - Entry count for : http://localhost:60787 : 1
10:18:49.704 [AsyncHttpClient-1-1] DEBUG org.asynchttpclient.netty.channel.DefaultChannelPool - Entry count for : http://localhost:60787 : 1
10:18:50.289 [AsyncHttpClient-1-17] DEBUG org.asynchttpclient.netty.handler.HttpHandler - 

Request DefaultHttpRequest(decodeResult: success, version: HTTP/1.1)
POST /session/46fd43e49265f5dd8ac644e1c460e241/element/438368ba-8b8c-4f55-b0cf-ffc8b79f1cde/click HTTP/1.1
User-Agent: selenium/4.1.2 (java windows)
Content-Length: 50
Content-Type: application/json; charset=utf-8
host: localhost:51659
accept: */*

Response DefaultHttpResponse(decodeResult: success, version: HTTP/1.1)
HTTP/1.1 200 OK
Content-Type: application/json; charset=utf-8
cache-control: no-cache
content-length: 14

10:18:50.289 [AsyncHttpClient-1-17] DEBUG org.asynchttpclient.netty.channel.ChannelManager - Adding key: http://localhost:51659 for channel [id: 0xea5129e1, L:/127.0.0.1:60786 - R:localhost/127.0.0.1:51659]
10:18:50.297 [Forwarding screenshot on session 46fd43e49265f5dd8ac644e1c460e241 to remote] DEBUG org.asynchttpclient.netty.request.NettyRequestSender - Using pooled Channel '[id: 0xea5129e1, L:/127.0.0.1:60786 - R:localhost/127.0.0.1:51659]' for 'GET' to 'http://localhost:51659/session/46fd43e49265f5dd8ac644e1c460e241/screenshot'
10:18:50.297 [Forwarding screenshot on session 46fd43e49265f5dd8ac644e1c460e241 to remote] DEBUG org.asynchttpclient.netty.request.NettyRequestSender - Using open Channel [id: 0xea5129e1, L:/127.0.0.1:60786 - R:localhost/127.0.0.1:51659] for GET '/session/46fd43e49265f5dd8ac644e1c460e241/screenshot'
10:18:50.806 [AsyncHttpClient-1-1] DEBUG org.asynchttpclient.netty.channel.DefaultChannelPool - Entry count for : http://localhost:60787 : 1
10:18:50.813 [AsyncHttpClient-1-17] DEBUG org.asynchttpclient.netty.handler.HttpHandler - 

Request DefaultFullHttpRequest(decodeResult: success, version: HTTP/1.1, content: EmptyByteBufBE)
GET /session/46fd43e49265f5dd8ac644e1c460e241/screenshot HTTP/1.1
User-Agent: selenium/4.1.2 (java windows)
Cache-Control: no-cache
Content-Type: application/json; charset=utf-8
host: localhost:51659
accept: */*

Response DefaultHttpResponse(decodeResult: success, version: HTTP/1.1)
HTTP/1.1 200 OK
Content-Type: application/json; charset=utf-8
cache-control: no-cache
content-length: 1351260

10:18:50.815 [AsyncHttpClient-1-17] DEBUG org.asynchttpclient.netty.channel.ChannelManager - Adding key: http://localhost:51659 for channel [id: 0xea5129e1, L:/127.0.0.1:60786 - R:localhost/127.0.0.1:51659]
10:18:50.848 [main] DEBUG net.serenitybdd.core.photography.Darkroom - Send negative for processing for target\site\serenity\2f78a9621a518b93953df5b5f59a5fccd09cef54997f943528ef35ae54eaa99e.png
10:18:50.849 [main] DEBUG net.thucydides.core.steps.StepInterceptor - STEP DONE: clickLoginButton
10:18:50.849 [Darkroom Processing Line] DEBUG net.serenitybdd.core.photography.DarkroomProcessingLine - Processing screenshot image in /var/screenshots/screenshot-15180981523692345620
10:18:50.849 [Darkroom Processing Line] DEBUG net.serenitybdd.core.photography.DarkroomProcessingLine - Saving screenshot to target\site\serenity\2f78a9621a518b93953df5b5f59a5fccd09cef54997f943528ef35ae54eaa99e.png
  &amp#27;[32mAnd &amp#27;[0m&amp#27;[32mclick login button&amp#27;[0m                        &amp#27;[90m# starter.stepdefinitions.LoginStepDefinitions.clickLoginButton()&amp#27;[0m
10:18:50.876 [main] DEBUG net.thucydides.core.steps.StepInterceptor - STARTING STEP: LoginStepDefinitions.iGetThe - validateLoginFormIsApp
10:18:50.878 [Forwarding findElement on session 46fd43e49265f5dd8ac644e1c460e241 to remote] DEBUG org.asynchttpclient.netty.request.NettyRequestSender - Using pooled Channel '[id: 0xea5129e1, L:/127.0.0.1:60786 - R:localhost/127.0.0.1:51659]' for 'POST' to 'http://localhost:51659/session/46fd43e49265f5dd8ac644e1c460e241/element'
10:18:50.878 [Forwarding findElement on session 46fd43e49265f5dd8ac644e1c460e241 to remote] DEBUG org.asynchttpclient.netty.request.NettyRequestSender - Using open Channel [id: 0xea5129e1, L:/127.0.0.1:60786 - R:localhost/127.0.0.1:51659] for POST '/session/46fd43e49265f5dd8ac644e1c460e241/element'
10:18:50.944 [AsyncHttpClient-1-17] DEBUG org.asynchttpclient.netty.handler.HttpHandler - 

Request DefaultHttpRequest(decodeResult: success, version: HTTP/1.1)
POST /session/46fd43e49265f5dd8ac644e1c460e241/element HTTP/1.1
User-Agent: selenium/4.1.2 (java windows)
Content-Length: 103
Content-Type: application/json; charset=utf-8
host: localhost:51659
accept: */*

Response DefaultHttpResponse(decodeResult: success, version: HTTP/1.1)
HTTP/1.1 200 OK
Content-Type: application/json; charset=utf-8
cache-control: no-cache
content-length: 88

10:18:50.945 [AsyncHttpClient-1-17] DEBUG org.asynchttpclient.netty.channel.ChannelManager - Adding key: http://localhost:51659 for channel [id: 0xea5129e1, L:/127.0.0.1:60786 - R:localhost/127.0.0.1:51659]
10:18:50.949 [Forwarding isElementDisplayed on session 46fd43e49265f5dd8ac644e1c460e241 to remote] DEBUG org.asynchttpclient.netty.request.NettyRequestSender - Using pooled Channel '[id: 0xea5129e1, L:/127.0.0.1:60786 - R:localhost/127.0.0.1:51659]' for 'POST' to 'http://localhost:51659/session/46fd43e49265f5dd8ac644e1c460e241/execute/sync'
10:18:50.949 [Forwarding isElementDisplayed on session 46fd43e49265f5dd8ac644e1c460e241 to remote] DEBUG org.asynchttpclient.netty.request.NettyRequestSender - Using open Channel [id: 0xea5129e1, L:/127.0.0.1:60786 - R:localhost/127.0.0.1:51659] for POST '/session/46fd43e49265f5dd8ac644e1c460e241/execute/sync'
10:18:50.970 [AsyncHttpClient-1-17] DEBUG org.asynchttpclient.netty.handler.HttpHandler - 

Request DefaultHttpRequest(decodeResult: success, version: HTTP/1.1)
POST /session/46fd43e49265f5dd8ac644e1c460e241/execute/sync HTTP/1.1
User-Agent: selenium/4.1.2 (java windows)
Content-Length: 48780
Content-Type: application/json; charset=utf-8
host: localhost:51659
accept: */*

Response DefaultHttpResponse(decodeResult: success, version: HTTP/1.1)
HTTP/1.1 200 OK
Content-Type: application/json; charset=utf-8
cache-control: no-cache
content-length: 15

10:18:50.970 [AsyncHttpClient-1-17] DEBUG org.asynchttpclient.netty.channel.ChannelManager - Adding key: http://localhost:51659 for channel [id: 0xea5129e1, L:/127.0.0.1:60786 - R:localhost/127.0.0.1:51659]
10:18:50.975 [Forwarding screenshot on session 46fd43e49265f5dd8ac644e1c460e241 to remote] DEBUG org.asynchttpclient.netty.request.NettyRequestSender - Using pooled Channel '[id: 0xea5129e1, L:/127.0.0.1:60786 - R:localhost/127.0.0.1:51659]' for 'GET' to 'http://localhost:51659/session/46fd43e49265f5dd8ac644e1c460e241/screenshot'
10:18:50.975 [Forwarding screenshot on session 46fd43e49265f5dd8ac644e1c460e241 to remote] DEBUG org.asynchttpclient.netty.request.NettyRequestSender - Using open Channel [id: 0xea5129e1, L:/127.0.0.1:60786 - R:localhost/127.0.0.1:51659] for GET '/session/46fd43e49265f5dd8ac644e1c460e241/screenshot'
10:18:51.491 [AsyncHttpClient-1-17] DEBUG org.asynchttpclient.netty.handler.HttpHandler - 

Request DefaultFullHttpRequest(decodeResult: success, version: HTTP/1.1, content: EmptyByteBufBE)
GET /session/46fd43e49265f5dd8ac644e1c460e241/screenshot HTTP/1.1
User-Agent: selenium/4.1.2 (java windows)
Cache-Control: no-cache
Content-Type: application/json; charset=utf-8
host: localhost:51659
accept: */*

Response DefaultHttpResponse(decodeResult: success, version: HTTP/1.1)
HTTP/1.1 200 OK
Content-Type: application/json; charset=utf-8
cache-control: no-cache
content-length: 1331536

10:18:51.491 [AsyncHttpClient-1-17] DEBUG org.asynchttpclient.netty.channel.ChannelManager - Adding key: http://localhost:51659 for channel [id: 0xea5129e1, L:/127.0.0.1:60786 - R:localhost/127.0.0.1:51659]
10:18:51.507 [main] DEBUG net.serenitybdd.core.photography.Darkroom - Send negative for processing for target\site\serenity\bab3332ed8db4a46354a9cd98bf1c553dfbfeb6cc75b89e7c4c60349fb3a2b9a.png
10:18:51.507 [main] DEBUG net.thucydides.core.steps.StepInterceptor - STEP DONE: validateLoginFormIsApp
10:18:51.507 [Darkroom Processing Line] DEBUG net.serenitybdd.core.photography.DarkroomProcessingLine - Processing screenshot image in /var/screenshots/screenshot-1585604258003063247
10:18:51.507 [Darkroom Processing Line] DEBUG net.serenitybdd.core.photography.DarkroomProcessingLine - Saving screenshot to target\site\serenity\bab3332ed8db4a46354a9cd98bf1c553dfbfeb6cc75b89e7c4c60349fb3a2b9a.png
10:18:51.523 [main] DEBUG net.thucydides.core.steps.StepInterceptor - STARTING STEP: LoginStepDefinitions.iGetThe - errorMessageAlert
10:18:51.523 [main] DEBUG net.thucydides.core.steps.StepInterceptor - STEP DONE: errorMessageAlert
  &amp#27;[32mThen &amp#27;[0m&amp#27;[32mi get the &amp#27;[0m&amp#27;[32m&amp#27;[1m"Login Page"&amp#27;[0m                   &amp#27;[90m# starter.stepdefinitions.LoginStepDefinitions.iGetThe(java.lang.String)&amp#27;[0m
10:18:51.538 [AsyncHttpClient-1-3] DEBUG org.asynchttpclient.netty.handler.WebSocketHandler - Channel Closed: [id: 0xe0b81b28, L:/127.0.0.1:60795 ! R:localhost/127.0.0.1:60787] with attribute NettyResponseFuture{currentRetry=5,
	isDone=1,
	isCancelled=0,
	asyncHandler=org.asynchttpclient.ws.WebSocketUpgradeHandler@1877f026,
	nettyRequest=org.asynchttpclient.netty.request.NettyRequest@48f1722b,
	future=java.util.concurrent.CompletableFuture@2154259e[Completed normally],
	uri=ws://localhost:60787/devtools/browser/716a25b4-c437-48eb-92de-ca5709122bab,
	keepAlive=true,
	redirectCount=0,
	timeoutsHolder=null,
	inAuth=0,
	touch=1650943114492}
10:18:51.538 [AsyncHttpClient-1-3] DEBUG org.asynchttpclient.netty.channel.ChannelManager - Closing Channel [id: 0xe0b81b28, L:/127.0.0.1:60795 ! R:localhost/127.0.0.1:60787] 
10:18:51.538 [Driver Command Executor] DEBUG org.asynchttpclient.netty.request.NettyRequestSender - Using pooled Channel '[id: 0xea5129e1, L:/127.0.0.1:60786 - R:localhost/127.0.0.1:51659]' for 'DELETE' to 'http://localhost:51659/session/46fd43e49265f5dd8ac644e1c460e241'
10:18:51.538 [Driver Command Executor] DEBUG org.asynchttpclient.netty.request.NettyRequestSender - Using open Channel [id: 0xea5129e1, L:/127.0.0.1:60786 - R:localhost/127.0.0.1:51659] for DELETE '/session/46fd43e49265f5dd8ac644e1c460e241'
10:18:51.575 [AsyncHttpClient-1-2] DEBUG org.asynchttpclient.netty.handler.HttpHandler - Unexpected I/O exception on channel [id: 0x20db7b7b, L:/127.0.0.1:60794 - R:localhost/127.0.0.1:60787]
java.net.SocketException: Connection reset
	at java.base/sun.nio.ch.SocketChannelImpl.throwConnectionReset(SocketChannelImpl.java:367)
	at java.base/sun.nio.ch.SocketChannelImpl.read(SocketChannelImpl.java:398)
	at io.netty.buffer.PooledByteBuf.setBytes(PooledByteBuf.java:258)
	at io.netty.buffer.AbstractByteBuf.writeBytes(AbstractByteBuf.java:1132)
	at io.netty.channel.socket.nio.NioSocketChannel.doReadBytes(NioSocketChannel.java:350)
	at io.netty.channel.nio.AbstractNioByteChannel$NioByteUnsafe.read(AbstractNioByteChannel.java:151)
	at io.netty.channel.nio.NioEventLoop.processSelectedKey(NioEventLoop.java:722)
	at io.netty.channel.nio.NioEventLoop.processSelectedKeysOptimized(NioEventLoop.java:658)
	at io.netty.channel.nio.NioEventLoop.processSelectedKeys(NioEventLoop.java:584)
	at io.netty.channel.nio.NioEventLoop.run(NioEventLoop.java:496)
	at io.netty.util.concurrent.SingleThreadEventExecutor$4.run(SingleThreadEventExecutor.java:986)
	at io.netty.util.internal.ThreadExecutorMap$2.run(ThreadExecutorMap.java:74)
	at io.netty.util.concurrent.FastThreadLocalRunnable.run(FastThreadLocalRunnable.java:30)
	at java.base/java.lang.Thread.run(Thread.java:832)
10:18:51.575 [AsyncHttpClient-1-2] DEBUG org.asynchttpclient.netty.channel.ChannelManager - Closing Channel [id: 0x20db7b7b, L:/127.0.0.1:60794 - R:localhost/127.0.0.1:60787] 
10:18:51.575 [AsyncHttpClient-1-2] DEBUG org.asynchttpclient.netty.handler.HttpHandler - Channel Closed: [id: 0x20db7b7b, L:/127.0.0.1:60794 ! R:localhost/127.0.0.1:60787] with attribute DISCARD
10:18:51.594 [AsyncHttpClient-1-17] DEBUG org.asynchttpclient.netty.handler.HttpHandler - 

Request DefaultFullHttpRequest(decodeResult: success, version: HTTP/1.1, content: EmptyByteBufBE)
DELETE /session/46fd43e49265f5dd8ac644e1c460e241 HTTP/1.1
User-Agent: selenium/4.1.2 (java windows)
Content-Type: application/json; charset=utf-8
host: localhost:51659
accept: */*

Response DefaultHttpResponse(decodeResult: success, version: HTTP/1.1)
HTTP/1.1 200 OK
Content-Type: application/json; charset=utf-8
cache-control: no-cache
content-length: 14

10:18:51.594 [AsyncHttpClient-1-17] DEBUG org.asynchttpclient.netty.channel.ChannelManager - Adding key: http://localhost:51659 for channel [id: 0xea5129e1, L:/127.0.0.1:60786 - R:localhost/127.0.0.1:51659]
10:18:51.791 [AsyncHttpClient-1-17] DEBUG org.asynchttpclient.netty.handler.HttpHandler - Channel Closed: [id: 0xea5129e1, L:/127.0.0.1:60786 ! R:localhost/127.0.0.1:51659] with attribute DISCARD
10:18:51.905 [AsyncHttpClient-1-1] DEBUG org.asynchttpclient.netty.channel.DefaultChannelPool - Entry count for : http://localhost:51659 : 1
10:18:51.905 [AsyncHttpClient-1-1] DEBUG org.asynchttpclient.netty.channel.DefaultChannelPool - Entry count for : http://localhost:60787 : 1
10:18:51.905 [AsyncHttpClient-1-1] DEBUG org.asynchttpclient.netty.channel.DefaultChannelPool - Adding Candidate expired Channel [id: 0xea5129e1, L:/127.0.0.1:60786 ! R:localhost/127.0.0.1:51659] isIdleTimeoutExpired=false isRemotelyClosed=true isTtlExpired=false
10:18:51.905 [AsyncHttpClient-1-1] DEBUG org.asynchttpclient.netty.channel.DefaultChannelPool - Closing Idle Channel [id: 0xea5129e1, L:/127.0.0.1:60786 ! R:localhost/127.0.0.1:51659]
10:18:51.905 [AsyncHttpClient-1-1] DEBUG org.asynchttpclient.netty.channel.DefaultChannelPool - Adding Candidate expired Channel [id: 0x20db7b7b, L:/127.0.0.1:60794 ! R:localhost/127.0.0.1:60787] isIdleTimeoutExpired=false isRemotelyClosed=true isTtlExpired=false
10:18:51.905 [AsyncHttpClient-1-1] DEBUG org.asynchttpclient.netty.channel.DefaultChannelPool - Closing Idle Channel [id: 0x20db7b7b, L:/127.0.0.1:60794 ! R:localhost/127.0.0.1:60787]
10:18:51.905 [AsyncHttpClient-1-1] DEBUG org.asynchttpclient.netty.channel.DefaultChannelPool - Closed 2 connections out of 2 in 0 ms
]]></system-out>
    <system-err><![CDATA[Starting ChromeDriver 100.0.4896.60 (6a5d10861ce8de5fce22564658033b43cb7de047-refs/branch-heads/4896@{#875}) on port 51659
Only local connections are allowed.
Please see https://chromedriver.chromium.org/security-considerations for suggestions on keeping ChromeDriver safe.
ChromeDriver was started successfully.
Apr 26, 2022 10:18:34 AM org.openqa.selenium.remote.ProtocolHandshake createSession
INFO: Detected dialect: W3C
Apr 26, 2022 10:18:34 AM org.openqa.selenium.devtools.CdpVersionFinder findNearestMatch
WARNING: Unable to find an exact match for CDP version 100, so returning the closest version found: 97
Apr 26, 2022 10:18:34 AM org.openqa.selenium.devtools.CdpVersionFinder findNearestMatch
INFO: Found CDP implementation for version 100 of 97
]]></system-err>
  </testcase>
</testsuite>